15:08:40,557 INFO  [org.jboss.modules] (main) JBoss Modules version 1.2.2.Final-redhat-1
15:08:40,735 INFO  [org.jboss.msc] (main) JBoss MSC version 1.0.4.GA-redhat-1
15:08:40,790 INFO  [org.jboss.as] (MSC service thread 1-6) JBAS015899: JBoss EAP 6.1.1.GA (AS 7.2.1.Final-redhat-10) starting
15:08:40,802 DEBUG [org.jboss.as.config] (MSC service thread 1-6) Configured system properties:
	[Standalone] = 
	file.encoding = UTF-8
	file.encoding.pkg = sun.io
	file.separator = /
	java.awt.graphicsenv = sun.awt.X11GraphicsEnvironment
	java.awt.headless = true
	java.awt.printerjob = sun.print.PSPrinterJob
	java.class.path = /home/ghu/java/jboss/eap/jboss-eap-6.1.1/jboss-modules.jar
	java.class.version = 50.0
	java.endorsed.dirs = /usr/java/jdk/jdk1.6.0_37/jre/lib/endorsed
	java.ext.dirs = /usr/java/jdk/jdk1.6.0_37/jre/lib/ext:/usr/java/packages/lib/ext
	java.home = /usr/java/jdk/jdk1.6.0_37/jre
	java.io.tmpdir = /tmp
	java.library.path = /usr/java/jdk/jdk1.6.0_37/jre/lib/amd64/server:/usr/java/jdk/jdk1.6.0_37/jre/lib/amd64:/usr/java/jdk/jdk1.6.0_37/jre/../lib/amd64:/usr/java/packages/lib/amd64:/usr/lib64:/lib64:/lib:/usr/lib
	java.net.preferIPv4Stack = true
	java.runtime.name = Java(TM) SE Runtime Environment
	java.runtime.version = 1.6.0_37-b06
	java.specification.name = Java Platform API Specification
	java.specification.vendor = Sun Microsystems Inc.
	java.specification.version = 1.6
	java.util.logging.manager = org.jboss.logmanager.LogManager
	java.vendor = Sun Microsystems Inc.
	java.vendor.url = http://java.sun.com/
	java.vendor.url.bug = http://java.sun.com/cgi-bin/bugreport.cgi
	java.version = 1.6.0_37
	java.vm.info = mixed mode
	java.vm.name = Java HotSpot(TM) 64-Bit Server VM
	java.vm.specification.name = Java Virtual Machine Specification
	java.vm.specification.vendor = Sun Microsystems Inc.
	java.vm.specification.version = 1.0
	java.vm.vendor = Sun Microsystems Inc.
	java.vm.version = 20.12-b01
	javax.management.builder.initial = org.jboss.as.jmx.PluggableMBeanServerBuilder
	javax.xml.datatype.DatatypeFactory = __redirected.__DatatypeFactory
	javax.xml.parsers.DocumentBuilderFactory = __redirected.__DocumentBuilderFactory
	javax.xml.parsers.SAXParserFactory = __redirected.__SAXParserFactory
	javax.xml.stream.XMLEventFactory = __redirected.__XMLEventFactory
	javax.xml.stream.XMLInputFactory = __redirected.__XMLInputFactory
	javax.xml.stream.XMLOutputFactory = __redirected.__XMLOutputFactory
	javax.xml.transform.TransformerFactory = __redirected.__TransformerFactory
	javax.xml.validation.SchemaFactory:http://www.w3.org/2001/XMLSchema = __redirected.__SchemaFactory
	javax.xml.xpath.XPathFactory:http://java.sun.com/jaxp/xpath/dom = __redirected.__XPathFactory
	jboss.home.dir = /home/ghu/java/jboss/eap/jboss-eap-6.1.1
	jboss.host.name = rh-ghu
	jboss.modules.dir = /home/ghu/java/jboss/eap/jboss-eap-6.1.1/modules
	jboss.modules.system.pkgs = org.jboss.byteman
	jboss.node.name = rh-ghu
	jboss.qualified.host.name = rh-ghu
	jboss.server.base.dir = /home/ghu/java/jboss/eap/jboss-eap-6.1.1/standalone
	jboss.server.config.dir = /home/ghu/java/jboss/eap/jboss-eap-6.1.1/standalone/configuration
	jboss.server.data.dir = /home/ghu/java/jboss/eap/jboss-eap-6.1.1/standalone/data
	jboss.server.deploy.dir = /home/ghu/java/jboss/eap/jboss-eap-6.1.1/standalone/data/content
	jboss.server.log.dir = /home/ghu/java/jboss/eap/jboss-eap-6.1.1/standalone/log
	jboss.server.name = rh-ghu
	jboss.server.persist.config = true
	jboss.server.temp.dir = /home/ghu/java/jboss/eap/jboss-eap-6.1.1/standalone/tmp
	line.separator = 

	logging.configuration = file:/home/ghu/java/jboss/eap/jboss-eap-6.1.1/standalone/configuration/logging.properties
	module.path = /home/ghu/java/jboss/eap/jboss-eap-6.1.1/modules
	org.jboss.boot.log.file = /home/ghu/java/jboss/eap/jboss-eap-6.1.1/standalone/log/server.log
	org.jboss.resolver.warning = true
	org.xml.sax.driver = __redirected.__XMLReaderFactory
	os.arch = amd64
	os.name = Linux
	os.version = 3.2.0-55-generic
	path.separator = :
	sun.arch.data.model = 64
	sun.boot.class.path = /usr/java/jdk/jdk1.6.0_37/jre/lib/resources.jar:/usr/java/jdk/jdk1.6.0_37/jre/lib/rt.jar:/usr/java/jdk/jdk1.6.0_37/jre/lib/sunrsasign.jar:/usr/java/jdk/jdk1.6.0_37/jre/lib/jsse.jar:/usr/java/jdk/jdk1.6.0_37/jre/lib/jce.jar:/usr/java/jdk/jdk1.6.0_37/jre/lib/charsets.jar:/usr/java/jdk/jdk1.6.0_37/jre/lib/modules/jdk.boot.jar:/usr/java/jdk/jdk1.6.0_37/jre/classes
	sun.boot.library.path = /usr/java/jdk/jdk1.6.0_37/jre/lib/amd64
	sun.cpu.endian = little
	sun.cpu.isalist = 
	sun.desktop = gnome
	sun.io.unicode.encoding = UnicodeLittle
	sun.java.command = /home/ghu/java/jboss/eap/jboss-eap-6.1.1/jboss-modules.jar -mp /home/ghu/java/jboss/eap/jboss-eap-6.1.1/modules -jaxpmodule javax.xml.jaxp-provider org.jboss.as.standalone -Djboss.home.dir=/home/ghu/java/jboss/eap/jboss-eap-6.1.1 -Djboss.server.base.dir=/home/ghu/java/jboss/eap/jboss-eap-6.1.1/standalone
	sun.java.launcher = SUN_STANDARD
	sun.jnu.encoding = UTF-8
	sun.management.compiler = HotSpot 64-Bit Tiered Compilers
	sun.os.patch.level = unknown
	user.country = US
	user.dir = /home/ghu/java/jboss/eap/jboss-eap-6.1.1/bin
	user.home = /home/ghu
	user.language = en
	user.name = ghu
	user.timezone = America/Chicago
15:08:40,805 DEBUG [org.jboss.as.config] (MSC service thread 1-6) VM Arguments: -D[Standalone] -XX:+UseCompressedOops -Xms1303m -Xmx1303m -XX:MaxPermSize=256m -Djava.net.preferIPv4Stack=true -Djboss.modules.system.pkgs=org.jboss.byteman -Djava.awt.headless=true -Dorg.jboss.boot.log.file=/home/ghu/java/jboss/eap/jboss-eap-6.1.1/standalone/log/server.log -Dlogging.configuration=file:/home/ghu/java/jboss/eap/jboss-eap-6.1.1/standalone/configuration/logging.properties 
15:08:41,650 WARN  [org.jboss.as.server.deployment.scanner] (ServerService Thread Pool -- 21) JBAS015005: Reliable deployment behaviour is not possible when auto-deployment of exploded content is enabled (i.e. deployment without use of ".dodeploy"' marker files). Configuration of auto-deployment of exploded content is not recommended in any situation where reliability is desired. Configuring the deployment scanner's auto-deploy-exploded setting to "false" is recommended.
15:08:41,699 INFO  [org.xnio] (MSC service thread 1-8) XNIO Version 3.0.7.GA-redhat-1
15:08:41,705 INFO  [org.jboss.as.server] (Controller Boot Thread) JBAS015888: Creating http management service using socket-binding (management-http)
15:08:41,710 INFO  [org.xnio.nio] (MSC service thread 1-8) XNIO NIO Implementation Version 3.0.7.GA-redhat-1
15:08:41,722 INFO  [org.jboss.remoting] (MSC service thread 1-8) JBoss Remoting version 3.2.16.GA-redhat-1
15:08:41,812 INFO  [org.jboss.as.security] (ServerService Thread Pool -- 42) JBAS013171: Activating Security Subsystem
15:08:41,819 INFO  [org.jboss.as.clustering.infinispan] (ServerService Thread Pool -- 29) JBAS010280: Activating Infinispan subsystem.
15:08:41,822 INFO  [org.jboss.as.jsf] (ServerService Thread Pool -- 35) JBAS012605: Activated the following JSF Implementations: [main, 1.2]
15:08:41,853 INFO  [org.jboss.as.naming] (ServerService Thread Pool -- 37) JBAS011800: Activating Naming Subsystem
15:08:41,859 INFO  [org.jboss.as.webservices] (ServerService Thread Pool -- 46) JBAS015537: Activating WebServices Extension
15:08:41,872 INFO  [org.jboss.as.connector.logging] (MSC service thread 1-3) JBAS010408: Starting JCA Subsystem (IronJacamar 1.0.19.Final-redhat-2)
15:08:41,883 INFO  [org.jboss.as.security] (MSC service thread 1-4) JBAS013170: Current PicketBox version=4.0.17.SP2-redhat-2
15:08:41,928 INFO  [org.jboss.as.naming] (MSC service thread 1-7) JBAS011802: Starting Naming Service
15:08:41,930 INFO  [org.jboss.as.mail.extension] (MSC service thread 1-8) JBAS015400: Bound mail session [java:jboss/mail/Default]
15:08:42,005 INFO  [org.jboss.as.connector.subsystems.datasources] (ServerService Thread Pool -- 25) JBAS010403: Deploying JDBC-compliant driver class org.h2.Driver (version 1.3)
15:08:42,049 INFO  [org.jboss.as.connector.subsystems.datasources] (ServerService Thread Pool -- 25) JBAS010404: Deploying non-JDBC-compliant driver class com.mysql.jdbc.Driver (version 5.1)
15:08:42,070 ERROR [org.jboss.as.controller.management-operation] (ServerService Thread Pool -- 25) JBAS014613: Operation ("add") failed - address: ([
    ("subsystem" => "datasources"),
    ("jdbc-driver" => "com.oracle")
]) - failure description: "JBAS010441: Failed to load module for driver [com.oracle]"
15:08:42,212 INFO  [org.jboss.ws.common.management] (MSC service thread 1-3) JBWS022052: Starting JBoss Web Services - Stack CXF Server 4.1.4.Final-redhat-7
15:08:42,312 INFO  [org.apache.coyote.http11] (MSC service thread 1-4) JBWEB003001: Coyote HTTP/1.1 initializing on : http-/127.0.0.1:8080
15:08:42,336 INFO  [org.apache.coyote.http11] (MSC service thread 1-4) JBWEB003000: Coyote HTTP/1.1 starting on: http-/127.0.0.1:8080
15:08:42,477 INFO  [org.jboss.as.server.deployment.scanner] (MSC service thread 1-3) JBAS015012: Started FileSystemDeploymentService for directory /home/ghu/java/jboss/eap/jboss-eap-6.1.1/standalone/deployments
15:08:42,482 INFO  [org.jboss.as.remoting] (MSC service thread 1-6) JBAS017100: Listening on 127.0.0.1:9999
15:08:42,482 INFO  [org.jboss.as.remoting] (MSC service thread 1-4) JBAS017100: Listening on 127.0.0.1:4447
15:08:42,482 INFO  [org.jboss.as.server.deployment] (MSC service thread 1-1) JBAS015876: Starting deployment of "hibernateissue-ear-0.0.1-SNAPSHOT.ear" (runtime-name: "hibernateissue-ear-0.0.1-SNAPSHOT.ear")
15:08:42,608 INFO  [org.jboss.as.server.deployment] (MSC service thread 1-1) JBAS015876: Starting deployment of "null" (runtime-name: "hibernateissue-jar-0.0.1-SNAPSHOT.jar")
15:08:42,622 INFO  [org.jboss.as.connector.subsystems.datasources] (MSC service thread 1-2) JBAS010400: Bound data source [java:jboss/datasources/ExampleDS]
15:08:42,623 INFO  [org.jboss.as.connector.subsystems.datasources] (MSC service thread 1-6) JBAS010400: Bound data source [java:/CMKDS]
15:08:42,652 INFO  [org.jboss.as.jpa] (MSC service thread 1-8) JBAS011401: Read persistence.xml for myPU
15:08:42,755 INFO  [org.jboss.as.jpa] (ServerService Thread Pool -- 48) JBAS011402: Starting Persistence Unit Service 'hibernateissue-ear-0.0.1-SNAPSHOT.ear/hibernateissue-jar-0.0.1-SNAPSHOT.jar#myPU'
15:08:42,815 DEBUG [org.hibernate.type.BasicTypeRegistry] (ServerService Thread Pool -- 48) Adding type registration boolean -> org.hibernate.type.BooleanType@504c79a1
15:08:42,815 DEBUG [org.hibernate.type.BasicTypeRegistry] (ServerService Thread Pool -- 48) Adding type registration boolean -> org.hibernate.type.BooleanType@504c79a1
15:08:42,815 DEBUG [org.hibernate.type.BasicTypeRegistry] (ServerService Thread Pool -- 48) Adding type registration java.lang.Boolean -> org.hibernate.type.BooleanType@504c79a1
15:08:42,816 DEBUG [org.hibernate.type.BasicTypeRegistry] (ServerService Thread Pool -- 48) Adding type registration numeric_boolean -> org.hibernate.type.NumericBooleanType@6619172f
15:08:42,817 DEBUG [org.hibernate.type.BasicTypeRegistry] (ServerService Thread Pool -- 48) Adding type registration true_false -> org.hibernate.type.TrueFalseType@205749c6
15:08:42,818 DEBUG [org.hibernate.type.BasicTypeRegistry] (ServerService Thread Pool -- 48) Adding type registration yes_no -> org.hibernate.type.YesNoType@4045acb5
15:08:42,819 DEBUG [org.hibernate.type.BasicTypeRegistry] (ServerService Thread Pool -- 48) Adding type registration byte -> org.hibernate.type.ByteType@782516dc
15:08:42,820 DEBUG [org.hibernate.type.BasicTypeRegistry] (ServerService Thread Pool -- 48) Adding type registration byte -> org.hibernate.type.ByteType@782516dc
15:08:42,820 DEBUG [org.hibernate.type.BasicTypeRegistry] (ServerService Thread Pool -- 48) Adding type registration java.lang.Byte -> org.hibernate.type.ByteType@782516dc
15:08:42,821 DEBUG [org.hibernate.type.BasicTypeRegistry] (ServerService Thread Pool -- 48) Adding type registration character -> org.hibernate.type.CharacterType@216ea3c2
15:08:42,821 DEBUG [org.hibernate.type.BasicTypeRegistry] (ServerService Thread Pool -- 48) Adding type registration char -> org.hibernate.type.CharacterType@216ea3c2
15:08:42,821 DEBUG [org.hibernate.type.BasicTypeRegistry] (ServerService Thread Pool -- 48) Adding type registration java.lang.Character -> org.hibernate.type.CharacterType@216ea3c2
15:08:42,823 DEBUG [org.hibernate.type.BasicTypeRegistry] (ServerService Thread Pool -- 48) Adding type registration short -> org.hibernate.type.ShortType@721d4bd9
15:08:42,824 DEBUG [org.hibernate.type.BasicTypeRegistry] (ServerService Thread Pool -- 48) Adding type registration short -> org.hibernate.type.ShortType@721d4bd9
15:08:42,824 DEBUG [org.hibernate.type.BasicTypeRegistry] (ServerService Thread Pool -- 48) Adding type registration java.lang.Short -> org.hibernate.type.ShortType@721d4bd9
15:08:42,825 DEBUG [org.hibernate.type.BasicTypeRegistry] (ServerService Thread Pool -- 48) Adding type registration integer -> org.hibernate.type.IntegerType@35a2f216
15:08:42,825 DEBUG [org.hibernate.type.BasicTypeRegistry] (ServerService Thread Pool -- 48) Adding type registration int -> org.hibernate.type.IntegerType@35a2f216
15:08:42,826 DEBUG [org.hibernate.type.BasicTypeRegistry] (ServerService Thread Pool -- 48) Adding type registration java.lang.Integer -> org.hibernate.type.IntegerType@35a2f216
15:08:42,827 DEBUG [org.hibernate.type.BasicTypeRegistry] (ServerService Thread Pool -- 48) Adding type registration long -> org.hibernate.type.LongType@395927e2
15:08:42,827 DEBUG [org.hibernate.type.BasicTypeRegistry] (ServerService Thread Pool -- 48) Adding type registration long -> org.hibernate.type.LongType@395927e2
15:08:42,827 DEBUG [org.hibernate.type.BasicTypeRegistry] (ServerService Thread Pool -- 48) Adding type registration java.lang.Long -> org.hibernate.type.LongType@395927e2
15:08:42,829 DEBUG [org.hibernate.type.BasicTypeRegistry] (ServerService Thread Pool -- 48) Adding type registration float -> org.hibernate.type.FloatType@563126f6
15:08:42,829 DEBUG [org.hibernate.type.BasicTypeRegistry] (ServerService Thread Pool -- 48) Adding type registration float -> org.hibernate.type.FloatType@563126f6
15:08:42,829 DEBUG [org.hibernate.type.BasicTypeRegistry] (ServerService Thread Pool -- 48) Adding type registration java.lang.Float -> org.hibernate.type.FloatType@563126f6
15:08:42,831 DEBUG [org.hibernate.type.BasicTypeRegistry] (ServerService Thread Pool -- 48) Adding type registration double -> org.hibernate.type.DoubleType@518cb416
15:08:42,831 DEBUG [org.hibernate.type.BasicTypeRegistry] (ServerService Thread Pool -- 48) Adding type registration double -> org.hibernate.type.DoubleType@518cb416
15:08:42,831 DEBUG [org.hibernate.type.BasicTypeRegistry] (ServerService Thread Pool -- 48) Adding type registration java.lang.Double -> org.hibernate.type.DoubleType@518cb416
15:08:42,833 DEBUG [org.hibernate.type.BasicTypeRegistry] (ServerService Thread Pool -- 48) Adding type registration big_decimal -> org.hibernate.type.BigDecimalType@7b8710ed
15:08:42,833 DEBUG [org.hibernate.type.BasicTypeRegistry] (ServerService Thread Pool -- 48) Adding type registration java.math.BigDecimal -> org.hibernate.type.BigDecimalType@7b8710ed
15:08:42,834 DEBUG [org.hibernate.type.BasicTypeRegistry] (ServerService Thread Pool -- 48) Adding type registration big_integer -> org.hibernate.type.BigIntegerType@afc47ad
15:08:42,834 DEBUG [org.hibernate.type.BasicTypeRegistry] (ServerService Thread Pool -- 48) Adding type registration java.math.BigInteger -> org.hibernate.type.BigIntegerType@afc47ad
15:08:42,835 DEBUG [org.hibernate.type.BasicTypeRegistry] (ServerService Thread Pool -- 48) Adding type registration string -> org.hibernate.type.StringType@5fdce46d
15:08:42,836 DEBUG [org.hibernate.type.BasicTypeRegistry] (ServerService Thread Pool -- 48) Adding type registration java.lang.String -> org.hibernate.type.StringType@5fdce46d
15:08:42,836 DEBUG [org.hibernate.type.BasicTypeRegistry] (ServerService Thread Pool -- 48) Adding type registration nstring -> org.hibernate.type.StringNVarcharType@71b8b648
15:08:42,837 DEBUG [org.hibernate.type.BasicTypeRegistry] (ServerService Thread Pool -- 48) Adding type registration ncharacter -> org.hibernate.type.CharacterNCharType@3fd3659b
15:08:42,839 DEBUG [org.hibernate.type.BasicTypeRegistry] (ServerService Thread Pool -- 48) Adding type registration url -> org.hibernate.type.UrlType@3dc16307
15:08:42,839 DEBUG [org.hibernate.type.BasicTypeRegistry] (ServerService Thread Pool -- 48) Adding type registration java.net.URL -> org.hibernate.type.UrlType@3dc16307
15:08:42,841 DEBUG [org.hibernate.type.BasicTypeRegistry] (ServerService Thread Pool -- 48) Adding type registration date -> org.hibernate.type.DateType@49cbd382
15:08:42,841 DEBUG [org.hibernate.type.BasicTypeRegistry] (ServerService Thread Pool -- 48) Adding type registration java.sql.Date -> org.hibernate.type.DateType@49cbd382
15:08:42,842 DEBUG [org.hibernate.type.BasicTypeRegistry] (ServerService Thread Pool -- 48) Adding type registration time -> org.hibernate.type.TimeType@4e299813
15:08:42,843 DEBUG [org.hibernate.type.BasicTypeRegistry] (ServerService Thread Pool -- 48) Adding type registration java.sql.Time -> org.hibernate.type.TimeType@4e299813
15:08:42,844 DEBUG [org.hibernate.type.BasicTypeRegistry] (ServerService Thread Pool -- 48) Adding type registration timestamp -> org.hibernate.type.TimestampType@6ae80f0d
15:08:42,845 DEBUG [org.hibernate.type.BasicTypeRegistry] (ServerService Thread Pool -- 48) Adding type registration java.sql.Timestamp -> org.hibernate.type.TimestampType@6ae80f0d
15:08:42,845 DEBUG [org.hibernate.type.BasicTypeRegistry] (ServerService Thread Pool -- 48) Adding type registration java.util.Date -> org.hibernate.type.TimestampType@6ae80f0d
15:08:42,847 DEBUG [org.hibernate.type.BasicTypeRegistry] (ServerService Thread Pool -- 48) Adding type registration dbtimestamp -> org.hibernate.type.DbTimestampType@76eb9464
15:08:42,848 DEBUG [org.hibernate.type.BasicTypeRegistry] (ServerService Thread Pool -- 48) Adding type registration calendar -> org.hibernate.type.CalendarType@21a4c98e
15:08:42,848 DEBUG [org.hibernate.type.BasicTypeRegistry] (ServerService Thread Pool -- 48) Adding type registration java.util.Calendar -> org.hibernate.type.CalendarType@21a4c98e
15:08:42,848 DEBUG [org.hibernate.type.BasicTypeRegistry] (ServerService Thread Pool -- 48) Adding type registration java.util.GregorianCalendar -> org.hibernate.type.CalendarType@21a4c98e
15:08:42,849 DEBUG [org.hibernate.type.BasicTypeRegistry] (ServerService Thread Pool -- 48) Adding type registration calendar_date -> org.hibernate.type.CalendarDateType@65123c41
15:08:42,850 DEBUG [org.hibernate.type.BasicTypeRegistry] (ServerService Thread Pool -- 48) Adding type registration locale -> org.hibernate.type.LocaleType@1bf33149
15:08:42,851 DEBUG [org.hibernate.type.BasicTypeRegistry] (ServerService Thread Pool -- 48) Adding type registration java.util.Locale -> org.hibernate.type.LocaleType@1bf33149
15:08:42,852 DEBUG [org.hibernate.type.BasicTypeRegistry] (ServerService Thread Pool -- 48) Adding type registration currency -> org.hibernate.type.CurrencyType@774cdfcf
15:08:42,852 DEBUG [org.hibernate.type.BasicTypeRegistry] (ServerService Thread Pool -- 48) Adding type registration java.util.Currency -> org.hibernate.type.CurrencyType@774cdfcf
15:08:42,853 DEBUG [org.hibernate.type.BasicTypeRegistry] (ServerService Thread Pool -- 48) Adding type registration timezone -> org.hibernate.type.TimeZoneType@ba97149
15:08:42,853 DEBUG [org.hibernate.type.BasicTypeRegistry] (ServerService Thread Pool -- 48) Adding type registration java.util.TimeZone -> org.hibernate.type.TimeZoneType@ba97149
15:08:42,854 DEBUG [org.hibernate.type.BasicTypeRegistry] (ServerService Thread Pool -- 48) Adding type registration class -> org.hibernate.type.ClassType@40c78689
15:08:42,854 DEBUG [org.hibernate.type.BasicTypeRegistry] (ServerService Thread Pool -- 48) Adding type registration java.lang.Class -> org.hibernate.type.ClassType@40c78689
15:08:42,856 DEBUG [org.hibernate.type.BasicTypeRegistry] (ServerService Thread Pool -- 48) Adding type registration uuid-binary -> org.hibernate.type.UUIDBinaryType@442c8ab0
15:08:42,856 DEBUG [org.hibernate.type.BasicTypeRegistry] (ServerService Thread Pool -- 48) Adding type registration java.util.UUID -> org.hibernate.type.UUIDBinaryType@442c8ab0
15:08:42,857 DEBUG [org.hibernate.type.BasicTypeRegistry] (ServerService Thread Pool -- 48) Adding type registration uuid-char -> org.hibernate.type.UUIDCharType@1327b0d2
15:08:42,857 DEBUG [org.hibernate.type.BasicTypeRegistry] (ServerService Thread Pool -- 48) Adding type registration pg-uuid -> org.hibernate.type.PostgresUUIDType@e925e67
15:08:42,859 DEBUG [org.hibernate.type.BasicTypeRegistry] (ServerService Thread Pool -- 48) Adding type registration binary -> org.hibernate.type.BinaryType@3e8f474f
15:08:42,859 DEBUG [org.hibernate.type.BasicTypeRegistry] (ServerService Thread Pool -- 48) Adding type registration byte[] -> org.hibernate.type.BinaryType@3e8f474f
15:08:42,859 DEBUG [org.hibernate.type.BasicTypeRegistry] (ServerService Thread Pool -- 48) Adding type registration [B -> org.hibernate.type.BinaryType@3e8f474f
15:08:42,860 DEBUG [org.hibernate.type.BasicTypeRegistry] (ServerService Thread Pool -- 48) Adding type registration wrapper-binary -> org.hibernate.type.WrapperBinaryType@3ee6b69
15:08:42,860 DEBUG [org.hibernate.type.BasicTypeRegistry] (ServerService Thread Pool -- 48) Adding type registration Byte[] -> org.hibernate.type.WrapperBinaryType@3ee6b69
15:08:42,860 DEBUG [org.hibernate.type.BasicTypeRegistry] (ServerService Thread Pool -- 48) Adding type registration [Ljava.lang.Byte; -> org.hibernate.type.WrapperBinaryType@3ee6b69
15:08:42,861 DEBUG [org.hibernate.type.BasicTypeRegistry] (ServerService Thread Pool -- 48) Adding type registration image -> org.hibernate.type.ImageType@1ffb3754
15:08:42,862 DEBUG [org.hibernate.type.BasicTypeRegistry] (ServerService Thread Pool -- 48) Adding type registration characters -> org.hibernate.type.CharArrayType@62cc70f8
15:08:42,862 DEBUG [org.hibernate.type.BasicTypeRegistry] (ServerService Thread Pool -- 48) Adding type registration char[] -> org.hibernate.type.CharArrayType@62cc70f8
15:08:42,862 DEBUG [org.hibernate.type.BasicTypeRegistry] (ServerService Thread Pool -- 48) Adding type registration [C -> org.hibernate.type.CharArrayType@62cc70f8
15:08:42,863 DEBUG [org.hibernate.type.BasicTypeRegistry] (ServerService Thread Pool -- 48) Adding type registration wrapper-characters -> org.hibernate.type.CharacterArrayType@4ca6c0c9
15:08:42,863 DEBUG [org.hibernate.type.BasicTypeRegistry] (ServerService Thread Pool -- 48) Adding type registration [Ljava.lang.Character; -> org.hibernate.type.CharacterArrayType@4ca6c0c9
15:08:42,863 DEBUG [org.hibernate.type.BasicTypeRegistry] (ServerService Thread Pool -- 48) Adding type registration Character[] -> org.hibernate.type.CharacterArrayType@4ca6c0c9
15:08:42,863 DEBUG [org.hibernate.type.BasicTypeRegistry] (ServerService Thread Pool -- 48) Adding type registration text -> org.hibernate.type.TextType@292a4caf
15:08:42,864 DEBUG [org.hibernate.type.BasicTypeRegistry] (ServerService Thread Pool -- 48) Adding type registration ntext -> org.hibernate.type.NTextType@4d948ad7
15:08:42,866 DEBUG [org.hibernate.type.BasicTypeRegistry] (ServerService Thread Pool -- 48) Adding type registration blob -> org.hibernate.type.BlobType@7d7c214d
15:08:42,867 DEBUG [org.hibernate.type.BasicTypeRegistry] (ServerService Thread Pool -- 48) Adding type registration java.sql.Blob -> org.hibernate.type.BlobType@7d7c214d
15:08:42,867 DEBUG [org.hibernate.type.BasicTypeRegistry] (ServerService Thread Pool -- 48) Adding type registration materialized_blob -> org.hibernate.type.MaterializedBlobType@1eebcf2d
15:08:42,869 DEBUG [org.hibernate.type.BasicTypeRegistry] (ServerService Thread Pool -- 48) Adding type registration clob -> org.hibernate.type.ClobType@4d6ac22d
15:08:42,870 DEBUG [org.hibernate.type.BasicTypeRegistry] (ServerService Thread Pool -- 48) Adding type registration java.sql.Clob -> org.hibernate.type.ClobType@4d6ac22d
15:08:42,872 DEBUG [org.hibernate.type.BasicTypeRegistry] (ServerService Thread Pool -- 48) Adding type registration nclob -> org.hibernate.type.NClobType@768f334b
15:08:42,872 DEBUG [org.hibernate.type.BasicTypeRegistry] (ServerService Thread Pool -- 48) Adding type registration java.sql.NClob -> org.hibernate.type.NClobType@768f334b
15:08:42,872 DEBUG [org.hibernate.type.BasicTypeRegistry] (ServerService Thread Pool -- 48) Adding type registration materialized_clob -> org.hibernate.type.MaterializedClobType@224d834f
15:08:42,872 DEBUG [org.hibernate.type.BasicTypeRegistry] (ServerService Thread Pool -- 48) Adding type registration materialized_nclob -> org.hibernate.type.MaterializedNClobType@f75e354
15:08:42,873 DEBUG [org.hibernate.type.BasicTypeRegistry] (ServerService Thread Pool -- 48) Adding type registration serializable -> org.hibernate.type.SerializableType@58ee9963
15:08:42,875 DEBUG [org.hibernate.type.BasicTypeRegistry] (ServerService Thread Pool -- 48) Adding type registration object -> org.hibernate.type.ObjectType@3f38dd0
15:08:42,875 DEBUG [org.hibernate.type.BasicTypeRegistry] (ServerService Thread Pool -- 48) Adding type registration java.lang.Object -> org.hibernate.type.ObjectType@3f38dd0
15:08:42,876 DEBUG [org.hibernate.type.BasicTypeRegistry] (ServerService Thread Pool -- 48) Adding type registration imm_date -> org.hibernate.type.AdaptedImmutableType@767af728
15:08:42,876 DEBUG [org.hibernate.type.BasicTypeRegistry] (ServerService Thread Pool -- 48) Adding type registration imm_time -> org.hibernate.type.AdaptedImmutableType@2f89fdd
15:08:42,876 DEBUG [org.hibernate.type.BasicTypeRegistry] (ServerService Thread Pool -- 48) Adding type registration imm_timestamp -> org.hibernate.type.AdaptedImmutableType@10c767b1
15:08:42,876 DEBUG [org.hibernate.type.BasicTypeRegistry] (ServerService Thread Pool -- 48) Adding type registration imm_dbtimestamp -> org.hibernate.type.AdaptedImmutableType@13689e12
15:08:42,876 DEBUG [org.hibernate.type.BasicTypeRegistry] (ServerService Thread Pool -- 48) Adding type registration imm_calendar -> org.hibernate.type.AdaptedImmutableType@3961b9b2
15:08:42,876 DEBUG [org.hibernate.type.BasicTypeRegistry] (ServerService Thread Pool -- 48) Adding type registration imm_calendar_date -> org.hibernate.type.AdaptedImmutableType@3ee6728c
15:08:42,876 DEBUG [org.hibernate.type.BasicTypeRegistry] (ServerService Thread Pool -- 48) Adding type registration imm_binary -> org.hibernate.type.AdaptedImmutableType@b6a6597
15:08:42,876 DEBUG [org.hibernate.type.BasicTypeRegistry] (ServerService Thread Pool -- 48) Adding type registration imm_serializable -> org.hibernate.type.AdaptedImmutableType@7633a25b
15:08:42,890 INFO  [org.hibernate.annotations.common.Version] (ServerService Thread Pool -- 48) HCANN000001: Hibernate Commons Annotations {4.0.1.Final-redhat-2}
15:08:42,894 INFO  [org.hibernate.Version] (ServerService Thread Pool -- 48) HHH000412: Hibernate Core {4.2.0.SP1-redhat-1}
15:08:42,896 INFO  [org.hibernate.cfg.Environment] (ServerService Thread Pool -- 48) HHH000206: hibernate.properties not found
15:08:42,898 INFO  [org.hibernate.cfg.Environment] (ServerService Thread Pool -- 48) HHH000021: Bytecode provider name : javassist
15:08:42,907 DEBUG [org.hibernate.id.factory.internal.DefaultIdentifierGeneratorFactory] (ServerService Thread Pool -- 48) Registering IdentifierGenerator strategy [uuid2] -> [org.hibernate.id.UUIDGenerator]
15:08:42,907 DEBUG [org.hibernate.id.factory.internal.DefaultIdentifierGeneratorFactory] (ServerService Thread Pool -- 48) Registering IdentifierGenerator strategy [guid] -> [org.hibernate.id.GUIDGenerator]
15:08:42,908 DEBUG [org.hibernate.id.factory.internal.DefaultIdentifierGeneratorFactory] (ServerService Thread Pool -- 48) Registering IdentifierGenerator strategy [uuid] -> [org.hibernate.id.UUIDHexGenerator]
15:08:42,908 DEBUG [org.hibernate.id.factory.internal.DefaultIdentifierGeneratorFactory] (ServerService Thread Pool -- 48) Registering IdentifierGenerator strategy [uuid.hex] -> [org.hibernate.id.UUIDHexGenerator]
15:08:42,909 DEBUG [org.hibernate.id.factory.internal.DefaultIdentifierGeneratorFactory] (ServerService Thread Pool -- 48) Registering IdentifierGenerator strategy [hilo] -> [org.hibernate.id.TableHiLoGenerator]
15:08:42,909 DEBUG [org.hibernate.id.factory.internal.DefaultIdentifierGeneratorFactory] (ServerService Thread Pool -- 48) Registering IdentifierGenerator strategy [assigned] -> [org.hibernate.id.Assigned]
15:08:42,910 DEBUG [org.hibernate.id.factory.internal.DefaultIdentifierGeneratorFactory] (ServerService Thread Pool -- 48) Registering IdentifierGenerator strategy [identity] -> [org.hibernate.id.IdentityGenerator]
15:08:42,910 DEBUG [org.hibernate.id.factory.internal.DefaultIdentifierGeneratorFactory] (ServerService Thread Pool -- 48) Registering IdentifierGenerator strategy [select] -> [org.hibernate.id.SelectGenerator]
15:08:42,910 DEBUG [org.hibernate.id.factory.internal.DefaultIdentifierGeneratorFactory] (ServerService Thread Pool -- 48) Registering IdentifierGenerator strategy [sequence] -> [org.hibernate.id.SequenceGenerator]
15:08:42,911 DEBUG [org.hibernate.id.factory.internal.DefaultIdentifierGeneratorFactory] (ServerService Thread Pool -- 48) Registering IdentifierGenerator strategy [seqhilo] -> [org.hibernate.id.SequenceHiLoGenerator]
15:08:42,911 DEBUG [org.hibernate.id.factory.internal.DefaultIdentifierGeneratorFactory] (ServerService Thread Pool -- 48) Registering IdentifierGenerator strategy [increment] -> [org.hibernate.id.IncrementGenerator]
15:08:42,912 DEBUG [org.hibernate.id.factory.internal.DefaultIdentifierGeneratorFactory] (ServerService Thread Pool -- 48) Registering IdentifierGenerator strategy [foreign] -> [org.hibernate.id.ForeignGenerator]
15:08:42,912 DEBUG [org.hibernate.id.factory.internal.DefaultIdentifierGeneratorFactory] (ServerService Thread Pool -- 48) Registering IdentifierGenerator strategy [sequence-identity] -> [org.hibernate.id.SequenceIdentityGenerator]
15:08:42,913 DEBUG [org.hibernate.id.factory.internal.DefaultIdentifierGeneratorFactory] (ServerService Thread Pool -- 48) Registering IdentifierGenerator strategy [enhanced-sequence] -> [org.hibernate.id.enhanced.SequenceStyleGenerator]
15:08:42,913 DEBUG [org.hibernate.id.factory.internal.DefaultIdentifierGeneratorFactory] (ServerService Thread Pool -- 48) Registering IdentifierGenerator strategy [enhanced-table] -> [org.hibernate.id.enhanced.TableGenerator]
15:08:42,915 DEBUG [org.hibernate.type.BasicTypeRegistry] (ServerService Thread Pool -- 48) Adding type registration boolean -> org.hibernate.type.BooleanType@504c79a1
15:08:42,915 DEBUG [org.hibernate.type.BasicTypeRegistry] (ServerService Thread Pool -- 48) Adding type registration boolean -> org.hibernate.type.BooleanType@504c79a1
15:08:42,915 DEBUG [org.hibernate.type.BasicTypeRegistry] (ServerService Thread Pool -- 48) Adding type registration java.lang.Boolean -> org.hibernate.type.BooleanType@504c79a1
15:08:42,915 DEBUG [org.hibernate.type.BasicTypeRegistry] (ServerService Thread Pool -- 48) Adding type registration numeric_boolean -> org.hibernate.type.NumericBooleanType@6619172f
15:08:42,915 DEBUG [org.hibernate.type.BasicTypeRegistry] (ServerService Thread Pool -- 48) Adding type registration true_false -> org.hibernate.type.TrueFalseType@205749c6
15:08:42,915 DEBUG [org.hibernate.type.BasicTypeRegistry] (ServerService Thread Pool -- 48) Adding type registration yes_no -> org.hibernate.type.YesNoType@4045acb5
15:08:42,915 DEBUG [org.hibernate.type.BasicTypeRegistry] (ServerService Thread Pool -- 48) Adding type registration byte -> org.hibernate.type.ByteType@782516dc
15:08:42,915 DEBUG [org.hibernate.type.BasicTypeRegistry] (ServerService Thread Pool -- 48) Adding type registration byte -> org.hibernate.type.ByteType@782516dc
15:08:42,916 DEBUG [org.hibernate.type.BasicTypeRegistry] (ServerService Thread Pool -- 48) Adding type registration java.lang.Byte -> org.hibernate.type.ByteType@782516dc
15:08:42,916 DEBUG [org.hibernate.type.BasicTypeRegistry] (ServerService Thread Pool -- 48) Adding type registration character -> org.hibernate.type.CharacterType@216ea3c2
15:08:42,916 DEBUG [org.hibernate.type.BasicTypeRegistry] (ServerService Thread Pool -- 48) Adding type registration char -> org.hibernate.type.CharacterType@216ea3c2
15:08:42,916 DEBUG [org.hibernate.type.BasicTypeRegistry] (ServerService Thread Pool -- 48) Adding type registration java.lang.Character -> org.hibernate.type.CharacterType@216ea3c2
15:08:42,916 DEBUG [org.hibernate.type.BasicTypeRegistry] (ServerService Thread Pool -- 48) Adding type registration short -> org.hibernate.type.ShortType@721d4bd9
15:08:42,916 DEBUG [org.hibernate.type.BasicTypeRegistry] (ServerService Thread Pool -- 48) Adding type registration short -> org.hibernate.type.ShortType@721d4bd9
15:08:42,916 DEBUG [org.hibernate.type.BasicTypeRegistry] (ServerService Thread Pool -- 48) Adding type registration java.lang.Short -> org.hibernate.type.ShortType@721d4bd9
15:08:42,916 DEBUG [org.hibernate.type.BasicTypeRegistry] (ServerService Thread Pool -- 48) Adding type registration integer -> org.hibernate.type.IntegerType@35a2f216
15:08:42,916 DEBUG [org.hibernate.type.BasicTypeRegistry] (ServerService Thread Pool -- 48) Adding type registration int -> org.hibernate.type.IntegerType@35a2f216
15:08:42,917 DEBUG [org.hibernate.type.BasicTypeRegistry] (ServerService Thread Pool -- 48) Adding type registration java.lang.Integer -> org.hibernate.type.IntegerType@35a2f216
15:08:42,917 DEBUG [org.hibernate.type.BasicTypeRegistry] (ServerService Thread Pool -- 48) Adding type registration long -> org.hibernate.type.LongType@395927e2
15:08:42,917 DEBUG [org.hibernate.type.BasicTypeRegistry] (ServerService Thread Pool -- 48) Adding type registration long -> org.hibernate.type.LongType@395927e2
15:08:42,917 DEBUG [org.hibernate.type.BasicTypeRegistry] (ServerService Thread Pool -- 48) Adding type registration java.lang.Long -> org.hibernate.type.LongType@395927e2
15:08:42,917 DEBUG [org.hibernate.type.BasicTypeRegistry] (ServerService Thread Pool -- 48) Adding type registration float -> org.hibernate.type.FloatType@563126f6
15:08:42,917 DEBUG [org.hibernate.type.BasicTypeRegistry] (ServerService Thread Pool -- 48) Adding type registration float -> org.hibernate.type.FloatType@563126f6
15:08:42,917 DEBUG [org.hibernate.type.BasicTypeRegistry] (ServerService Thread Pool -- 48) Adding type registration java.lang.Float -> org.hibernate.type.FloatType@563126f6
15:08:42,917 DEBUG [org.hibernate.type.BasicTypeRegistry] (ServerService Thread Pool -- 48) Adding type registration double -> org.hibernate.type.DoubleType@518cb416
15:08:42,918 DEBUG [org.hibernate.type.BasicTypeRegistry] (ServerService Thread Pool -- 48) Adding type registration double -> org.hibernate.type.DoubleType@518cb416
15:08:42,918 DEBUG [org.hibernate.type.BasicTypeRegistry] (ServerService Thread Pool -- 48) Adding type registration java.lang.Double -> org.hibernate.type.DoubleType@518cb416
15:08:42,918 DEBUG [org.hibernate.type.BasicTypeRegistry] (ServerService Thread Pool -- 48) Adding type registration big_decimal -> org.hibernate.type.BigDecimalType@7b8710ed
15:08:42,918 DEBUG [org.hibernate.type.BasicTypeRegistry] (ServerService Thread Pool -- 48) Adding type registration java.math.BigDecimal -> org.hibernate.type.BigDecimalType@7b8710ed
15:08:42,918 DEBUG [org.hibernate.type.BasicTypeRegistry] (ServerService Thread Pool -- 48) Adding type registration big_integer -> org.hibernate.type.BigIntegerType@afc47ad
15:08:42,918 DEBUG [org.hibernate.type.BasicTypeRegistry] (ServerService Thread Pool -- 48) Adding type registration java.math.BigInteger -> org.hibernate.type.BigIntegerType@afc47ad
15:08:42,919 DEBUG [org.hibernate.type.BasicTypeRegistry] (ServerService Thread Pool -- 48) Adding type registration string -> org.hibernate.type.StringType@5fdce46d
15:08:42,919 DEBUG [org.hibernate.type.BasicTypeRegistry] (ServerService Thread Pool -- 48) Adding type registration java.lang.String -> org.hibernate.type.StringType@5fdce46d
15:08:42,919 DEBUG [org.hibernate.type.BasicTypeRegistry] (ServerService Thread Pool -- 48) Adding type registration nstring -> org.hibernate.type.StringNVarcharType@71b8b648
15:08:42,919 DEBUG [org.hibernate.type.BasicTypeRegistry] (ServerService Thread Pool -- 48) Adding type registration ncharacter -> org.hibernate.type.CharacterNCharType@3fd3659b
15:08:42,919 DEBUG [org.hibernate.type.BasicTypeRegistry] (ServerService Thread Pool -- 48) Adding type registration url -> org.hibernate.type.UrlType@3dc16307
15:08:42,920 DEBUG [org.hibernate.type.BasicTypeRegistry] (ServerService Thread Pool -- 48) Adding type registration java.net.URL -> org.hibernate.type.UrlType@3dc16307
15:08:42,920 DEBUG [org.hibernate.type.BasicTypeRegistry] (ServerService Thread Pool -- 48) Adding type registration date -> org.hibernate.type.DateType@49cbd382
15:08:42,920 DEBUG [org.hibernate.type.BasicTypeRegistry] (ServerService Thread Pool -- 48) Adding type registration java.sql.Date -> org.hibernate.type.DateType@49cbd382
15:08:42,920 DEBUG [org.hibernate.type.BasicTypeRegistry] (ServerService Thread Pool -- 48) Adding type registration time -> org.hibernate.type.TimeType@4e299813
15:08:42,920 DEBUG [org.hibernate.type.BasicTypeRegistry] (ServerService Thread Pool -- 48) Adding type registration java.sql.Time -> org.hibernate.type.TimeType@4e299813
15:08:42,920 DEBUG [org.hibernate.type.BasicTypeRegistry] (ServerService Thread Pool -- 48) Adding type registration timestamp -> org.hibernate.type.TimestampType@6ae80f0d
15:08:42,920 DEBUG [org.hibernate.type.BasicTypeRegistry] (ServerService Thread Pool -- 48) Adding type registration java.sql.Timestamp -> org.hibernate.type.TimestampType@6ae80f0d
15:08:42,920 DEBUG [org.hibernate.type.BasicTypeRegistry] (ServerService Thread Pool -- 48) Adding type registration java.util.Date -> org.hibernate.type.TimestampType@6ae80f0d
15:08:42,921 DEBUG [org.hibernate.type.BasicTypeRegistry] (ServerService Thread Pool -- 48) Adding type registration dbtimestamp -> org.hibernate.type.DbTimestampType@76eb9464
15:08:42,921 DEBUG [org.hibernate.type.BasicTypeRegistry] (ServerService Thread Pool -- 48) Adding type registration calendar -> org.hibernate.type.CalendarType@21a4c98e
15:08:42,921 DEBUG [org.hibernate.type.BasicTypeRegistry] (ServerService Thread Pool -- 48) Adding type registration java.util.Calendar -> org.hibernate.type.CalendarType@21a4c98e
15:08:42,921 DEBUG [org.hibernate.type.BasicTypeRegistry] (ServerService Thread Pool -- 48) Adding type registration java.util.GregorianCalendar -> org.hibernate.type.CalendarType@21a4c98e
15:08:42,921 DEBUG [org.hibernate.type.BasicTypeRegistry] (ServerService Thread Pool -- 48) Adding type registration calendar_date -> org.hibernate.type.CalendarDateType@65123c41
15:08:42,921 DEBUG [org.hibernate.type.BasicTypeRegistry] (ServerService Thread Pool -- 48) Adding type registration locale -> org.hibernate.type.LocaleType@1bf33149
15:08:42,921 DEBUG [org.hibernate.type.BasicTypeRegistry] (ServerService Thread Pool -- 48) Adding type registration java.util.Locale -> org.hibernate.type.LocaleType@1bf33149
15:08:42,921 DEBUG [org.hibernate.type.BasicTypeRegistry] (ServerService Thread Pool -- 48) Adding type registration currency -> org.hibernate.type.CurrencyType@774cdfcf
15:08:42,921 DEBUG [org.hibernate.type.BasicTypeRegistry] (ServerService Thread Pool -- 48) Adding type registration java.util.Currency -> org.hibernate.type.CurrencyType@774cdfcf
15:08:42,922 DEBUG [org.hibernate.type.BasicTypeRegistry] (ServerService Thread Pool -- 48) Adding type registration timezone -> org.hibernate.type.TimeZoneType@ba97149
15:08:42,922 DEBUG [org.hibernate.type.BasicTypeRegistry] (ServerService Thread Pool -- 48) Adding type registration java.util.TimeZone -> org.hibernate.type.TimeZoneType@ba97149
15:08:42,922 DEBUG [org.hibernate.type.BasicTypeRegistry] (ServerService Thread Pool -- 48) Adding type registration class -> org.hibernate.type.ClassType@40c78689
15:08:42,922 DEBUG [org.hibernate.type.BasicTypeRegistry] (ServerService Thread Pool -- 48) Adding type registration java.lang.Class -> org.hibernate.type.ClassType@40c78689
15:08:42,922 DEBUG [org.hibernate.type.BasicTypeRegistry] (ServerService Thread Pool -- 48) Adding type registration uuid-binary -> org.hibernate.type.UUIDBinaryType@442c8ab0
15:08:42,922 DEBUG [org.hibernate.type.BasicTypeRegistry] (ServerService Thread Pool -- 48) Adding type registration java.util.UUID -> org.hibernate.type.UUIDBinaryType@442c8ab0
15:08:42,922 DEBUG [org.hibernate.type.BasicTypeRegistry] (ServerService Thread Pool -- 48) Adding type registration uuid-char -> org.hibernate.type.UUIDCharType@1327b0d2
15:08:42,922 DEBUG [org.hibernate.type.BasicTypeRegistry] (ServerService Thread Pool -- 48) Adding type registration pg-uuid -> org.hibernate.type.PostgresUUIDType@e925e67
15:08:42,923 DEBUG [org.hibernate.type.BasicTypeRegistry] (ServerService Thread Pool -- 48) Adding type registration binary -> org.hibernate.type.BinaryType@3e8f474f
15:08:42,923 DEBUG [org.hibernate.type.BasicTypeRegistry] (ServerService Thread Pool -- 48) Adding type registration byte[] -> org.hibernate.type.BinaryType@3e8f474f
15:08:42,923 DEBUG [org.hibernate.type.BasicTypeRegistry] (ServerService Thread Pool -- 48) Adding type registration [B -> org.hibernate.type.BinaryType@3e8f474f
15:08:42,923 DEBUG [org.hibernate.type.BasicTypeRegistry] (ServerService Thread Pool -- 48) Adding type registration wrapper-binary -> org.hibernate.type.WrapperBinaryType@3ee6b69
15:08:42,923 DEBUG [org.hibernate.type.BasicTypeRegistry] (ServerService Thread Pool -- 48) Adding type registration Byte[] -> org.hibernate.type.WrapperBinaryType@3ee6b69
15:08:42,923 DEBUG [org.hibernate.type.BasicTypeRegistry] (ServerService Thread Pool -- 48) Adding type registration [Ljava.lang.Byte; -> org.hibernate.type.WrapperBinaryType@3ee6b69
15:08:42,923 DEBUG [org.hibernate.type.BasicTypeRegistry] (ServerService Thread Pool -- 48) Adding type registration image -> org.hibernate.type.ImageType@1ffb3754
15:08:42,923 DEBUG [org.hibernate.type.BasicTypeRegistry] (ServerService Thread Pool -- 48) Adding type registration characters -> org.hibernate.type.CharArrayType@62cc70f8
15:08:42,923 DEBUG [org.hibernate.type.BasicTypeRegistry] (ServerService Thread Pool -- 48) Adding type registration char[] -> org.hibernate.type.CharArrayType@62cc70f8
15:08:42,924 DEBUG [org.hibernate.type.BasicTypeRegistry] (ServerService Thread Pool -- 48) Adding type registration [C -> org.hibernate.type.CharArrayType@62cc70f8
15:08:42,924 DEBUG [org.hibernate.type.BasicTypeRegistry] (ServerService Thread Pool -- 48) Adding type registration wrapper-characters -> org.hibernate.type.CharacterArrayType@4ca6c0c9
15:08:42,924 DEBUG [org.hibernate.type.BasicTypeRegistry] (ServerService Thread Pool -- 48) Adding type registration [Ljava.lang.Character; -> org.hibernate.type.CharacterArrayType@4ca6c0c9
15:08:42,924 DEBUG [org.hibernate.type.BasicTypeRegistry] (ServerService Thread Pool -- 48) Adding type registration Character[] -> org.hibernate.type.CharacterArrayType@4ca6c0c9
15:08:42,924 DEBUG [org.hibernate.type.BasicTypeRegistry] (ServerService Thread Pool -- 48) Adding type registration text -> org.hibernate.type.TextType@292a4caf
15:08:42,924 DEBUG [org.hibernate.type.BasicTypeRegistry] (ServerService Thread Pool -- 48) Adding type registration ntext -> org.hibernate.type.NTextType@4d948ad7
15:08:42,924 DEBUG [org.hibernate.type.BasicTypeRegistry] (ServerService Thread Pool -- 48) Adding type registration blob -> org.hibernate.type.BlobType@7d7c214d
15:08:42,925 DEBUG [org.hibernate.type.BasicTypeRegistry] (ServerService Thread Pool -- 48) Adding type registration java.sql.Blob -> org.hibernate.type.BlobType@7d7c214d
15:08:42,925 DEBUG [org.hibernate.type.BasicTypeRegistry] (ServerService Thread Pool -- 48) Adding type registration materialized_blob -> org.hibernate.type.MaterializedBlobType@1eebcf2d
15:08:42,925 DEBUG [org.hibernate.type.BasicTypeRegistry] (ServerService Thread Pool -- 48) Adding type registration clob -> org.hibernate.type.ClobType@4d6ac22d
15:08:42,925 DEBUG [org.hibernate.type.BasicTypeRegistry] (ServerService Thread Pool -- 48) Adding type registration java.sql.Clob -> org.hibernate.type.ClobType@4d6ac22d
15:08:42,925 DEBUG [org.hibernate.type.BasicTypeRegistry] (ServerService Thread Pool -- 48) Adding type registration nclob -> org.hibernate.type.NClobType@768f334b
15:08:42,925 DEBUG [org.hibernate.type.BasicTypeRegistry] (ServerService Thread Pool -- 48) Adding type registration java.sql.NClob -> org.hibernate.type.NClobType@768f334b
15:08:42,925 DEBUG [org.hibernate.type.BasicTypeRegistry] (ServerService Thread Pool -- 48) Adding type registration materialized_clob -> org.hibernate.type.MaterializedClobType@224d834f
15:08:42,925 DEBUG [org.hibernate.type.BasicTypeRegistry] (ServerService Thread Pool -- 48) Adding type registration materialized_nclob -> org.hibernate.type.MaterializedNClobType@f75e354
15:08:42,925 DEBUG [org.hibernate.type.BasicTypeRegistry] (ServerService Thread Pool -- 48) Adding type registration serializable -> org.hibernate.type.SerializableType@58ee9963
15:08:42,926 DEBUG [org.hibernate.type.BasicTypeRegistry] (ServerService Thread Pool -- 48) Adding type registration object -> org.hibernate.type.ObjectType@3f38dd0
15:08:42,926 DEBUG [org.hibernate.type.BasicTypeRegistry] (ServerService Thread Pool -- 48) Adding type registration java.lang.Object -> org.hibernate.type.ObjectType@3f38dd0
15:08:42,926 DEBUG [org.hibernate.type.BasicTypeRegistry] (ServerService Thread Pool -- 48) Adding type registration imm_date -> org.hibernate.type.AdaptedImmutableType@56e3cbb9
15:08:42,926 DEBUG [org.hibernate.type.BasicTypeRegistry] (ServerService Thread Pool -- 48) Adding type registration imm_time -> org.hibernate.type.AdaptedImmutableType@5540b40
15:08:42,926 DEBUG [org.hibernate.type.BasicTypeRegistry] (ServerService Thread Pool -- 48) Adding type registration imm_timestamp -> org.hibernate.type.AdaptedImmutableType@50ae997b
15:08:42,926 DEBUG [org.hibernate.type.BasicTypeRegistry] (ServerService Thread Pool -- 48) Adding type registration imm_dbtimestamp -> org.hibernate.type.AdaptedImmutableType@76de839e
15:08:42,926 DEBUG [org.hibernate.type.BasicTypeRegistry] (ServerService Thread Pool -- 48) Adding type registration imm_calendar -> org.hibernate.type.AdaptedImmutableType@a93370a
15:08:42,926 DEBUG [org.hibernate.type.BasicTypeRegistry] (ServerService Thread Pool -- 48) Adding type registration imm_calendar_date -> org.hibernate.type.AdaptedImmutableType@470276f2
15:08:42,927 DEBUG [org.hibernate.type.BasicTypeRegistry] (ServerService Thread Pool -- 48) Adding type registration imm_binary -> org.hibernate.type.AdaptedImmutableType@72cf2e49
15:08:42,927 DEBUG [org.hibernate.type.BasicTypeRegistry] (ServerService Thread Pool -- 48) Adding type registration imm_serializable -> org.hibernate.type.AdaptedImmutableType@7fe7f581
15:08:42,927 DEBUG [org.hibernate.id.factory.internal.DefaultIdentifierGeneratorFactory] (ServerService Thread Pool -- 48) Registering IdentifierGenerator strategy [uuid2] -> [org.hibernate.id.UUIDGenerator]
15:08:42,927 DEBUG [org.hibernate.id.factory.internal.DefaultIdentifierGeneratorFactory] (ServerService Thread Pool -- 48) Registering IdentifierGenerator strategy [guid] -> [org.hibernate.id.GUIDGenerator]
15:08:42,927 DEBUG [org.hibernate.id.factory.internal.DefaultIdentifierGeneratorFactory] (ServerService Thread Pool -- 48) Registering IdentifierGenerator strategy [uuid] -> [org.hibernate.id.UUIDHexGenerator]
15:08:42,927 DEBUG [org.hibernate.id.factory.internal.DefaultIdentifierGeneratorFactory] (ServerService Thread Pool -- 48) Registering IdentifierGenerator strategy [uuid.hex] -> [org.hibernate.id.UUIDHexGenerator]
15:08:42,927 DEBUG [org.hibernate.id.factory.internal.DefaultIdentifierGeneratorFactory] (ServerService Thread Pool -- 48) Registering IdentifierGenerator strategy [hilo] -> [org.hibernate.id.TableHiLoGenerator]
15:08:42,927 DEBUG [org.hibernate.id.factory.internal.DefaultIdentifierGeneratorFactory] (ServerService Thread Pool -- 48) Registering IdentifierGenerator strategy [assigned] -> [org.hibernate.id.Assigned]
15:08:42,928 DEBUG [org.hibernate.id.factory.internal.DefaultIdentifierGeneratorFactory] (ServerService Thread Pool -- 48) Registering IdentifierGenerator strategy [identity] -> [org.hibernate.id.IdentityGenerator]
15:08:42,928 DEBUG [org.hibernate.id.factory.internal.DefaultIdentifierGeneratorFactory] (ServerService Thread Pool -- 48) Registering IdentifierGenerator strategy [select] -> [org.hibernate.id.SelectGenerator]
15:08:42,928 DEBUG [org.hibernate.id.factory.internal.DefaultIdentifierGeneratorFactory] (ServerService Thread Pool -- 48) Registering IdentifierGenerator strategy [sequence] -> [org.hibernate.id.SequenceGenerator]
15:08:42,928 DEBUG [org.hibernate.id.factory.internal.DefaultIdentifierGeneratorFactory] (ServerService Thread Pool -- 48) Registering IdentifierGenerator strategy [seqhilo] -> [org.hibernate.id.SequenceHiLoGenerator]
15:08:42,928 DEBUG [org.hibernate.id.factory.internal.DefaultIdentifierGeneratorFactory] (ServerService Thread Pool -- 48) Registering IdentifierGenerator strategy [increment] -> [org.hibernate.id.IncrementGenerator]
15:08:42,928 DEBUG [org.hibernate.id.factory.internal.DefaultIdentifierGeneratorFactory] (ServerService Thread Pool -- 48) Registering IdentifierGenerator strategy [foreign] -> [org.hibernate.id.ForeignGenerator]
15:08:42,928 DEBUG [org.hibernate.id.factory.internal.DefaultIdentifierGeneratorFactory] (ServerService Thread Pool -- 48) Registering IdentifierGenerator strategy [sequence-identity] -> [org.hibernate.id.SequenceIdentityGenerator]
15:08:42,928 DEBUG [org.hibernate.id.factory.internal.DefaultIdentifierGeneratorFactory] (ServerService Thread Pool -- 48) Registering IdentifierGenerator strategy [enhanced-sequence] -> [org.hibernate.id.enhanced.SequenceStyleGenerator]
15:08:42,929 DEBUG [org.hibernate.id.factory.internal.DefaultIdentifierGeneratorFactory] (ServerService Thread Pool -- 48) Registering IdentifierGenerator strategy [enhanced-table] -> [org.hibernate.id.enhanced.TableGenerator]
15:08:42,930 DEBUG [org.hibernate.ejb.Ejb3Configuration] (ServerService Thread Pool -- 48) Processing PersistenceUnitInfo [
	name: myPU
	persistence provider classname: org.hibernate.ejb.HibernatePersistence
	classloader: ModuleClassLoader for Module "deployment.hibernateissue-ear-0.0.1-SNAPSHOT.ear.hibernateissue-jar-0.0.1-SNAPSHOT.jar:main" from Service Module Loader
	Temporary classloader: org.jboss.as.jpa.classloader.TempClassLoader@646f5891
	excludeUnlistedClasses: false
	JTA datasource: org.jboss.jca.adapters.jdbc.WrapperDataSource@4a1fcb1a
	Non JTA datasource: null
	Transaction type: JTA
	PU root URL: vfs:/home/ghu/java/jboss/eap/jboss-eap-6.1.1/standalone/deployments/hibernateissue-ear-0.0.1-SNAPSHOT.ear/hibernateissue-jar-0.0.1-SNAPSHOT.jar/
	Shared Cache Mode: UNSPECIFIED
	Validation Mode: AUTO
	Jar files URLs []
	Managed classes names []
	Mapping files names []
	Properties [
		hibernate.validator.autoregister_listeners: false
		hibernate.transaction.manager_lookup_class: org.hibernate.transaction.JBossTransactionManagerLookup
		hibernate.cache.use_second_level_cache: true
		hibernate.cache.default_cache_concurrency_strategy: transactional
		hibernate.format_sql: false
		hibernate.id.new_generator_mappings: false
		hibernate.cache.region.factory_class: org.jboss.as.jpa.hibernate4.infinispan.InfinispanRegionFactory
		hibernate.cache.region_prefix: hibernateissue-ear-0.0.1-SNAPSHOT.ear/hibernateissue-jar-0.0.1-SNAPSHOT.jar#myPU
		hibernate.validator.apply_to_ddl: false
		hibernate.show_sql: false
		hibernate.cache.infinispan.cachemanager: java:jboss/infinispan/container/hibernate
		hibernate.transaction.factory_class: org.hibernate.engine.transaction.internal.jta.JtaTransactionFactory]
15:08:42,933 DEBUG [org.hibernate.ejb.Ejb3Configuration] (ServerService Thread Pool -- 48) Detect class: true; detect hbm: true
15:08:42,933 DEBUG [org.hibernate.ejb.Ejb3Configuration] (ServerService Thread Pool -- 48) Detect class: true; detect hbm: true
15:08:42,944 WARN  [org.hibernate.ejb.Ejb3Configuration] (ServerService Thread Pool -- 48) HHH000193: Overriding hibernate.transaction.factory_class is dangerous, this might break the EJB3 specification implementation
15:08:43,025 TRACE [org.hibernate.cfg.EJB3DTDEntityResolver] (ServerService Thread Pool -- 48) Resolving XML entity -//Hibernate/Hibernate Mapping DTD 3.0//EN : http://www.hibernate.org/dtd/hibernate-mapping-3.0.dtd
15:08:43,026 DEBUG [org.hibernate.internal.util.xml.DTDEntityResolver] (ServerService Thread Pool -- 48) Trying to resolve system-id [http://www.hibernate.org/dtd/hibernate-mapping-3.0.dtd]
15:08:43,026 DEBUG [org.hibernate.internal.util.xml.DTDEntityResolver] (ServerService Thread Pool -- 48) Recognized hibernate namespace; attempting to resolve on classpath under org/hibernate/
15:08:43,026 DEBUG [org.hibernate.internal.util.xml.DTDEntityResolver] (ServerService Thread Pool -- 48) Located [http://www.hibernate.org/dtd/hibernate-mapping-3.0.dtd] in classpath
15:08:43,085 DEBUG [org.hibernate.integrator.internal.IntegratorServiceImpl] (ServerService Thread Pool -- 48) Adding Integrator [org.hibernate.cfg.beanvalidation.BeanValidationIntegrator].
15:08:43,085 DEBUG [org.hibernate.integrator.internal.IntegratorServiceImpl] (ServerService Thread Pool -- 48) Adding Integrator [org.hibernate.ejb.event.JpaIntegrator].
15:08:43,089 DEBUG [org.hibernate.integrator.internal.IntegratorServiceImpl] (ServerService Thread Pool -- 48) Adding Integrator [org.hibernate.envers.event.EnversIntegrator].
15:08:43,107 DEBUG [org.hibernate.ejb.util.NamingHelper] (ServerService Thread Pool -- 48) No JNDI name configured for binding Ejb3Configuration
15:08:43,113 DEBUG [org.hibernate.cfg.Configuration] (ServerService Thread Pool -- 48) Preparing to build session factory with filters : {}
15:08:43,113 TRACE [org.hibernate.cfg.Configuration] (ServerService Thread Pool -- 48) Starting secondPassCompile() processing
15:08:43,130 DEBUG [org.hibernate.cfg.Configuration] (ServerService Thread Pool -- 48) Processing hbm.xml files
15:08:43,140 DEBUG [org.hibernate.cfg.HbmBinder] (ServerService Thread Pool -- 48) Mapping class: org.hibernate.issue.EntityClass1 -> table1
15:08:43,143 DEBUG [org.hibernate.cfg.HbmBinder] (ServerService Thread Pool -- 48) Mapped property: key -> column1
15:08:43,144 DEBUG [org.hibernate.cfg.HbmBinder] (ServerService Thread Pool -- 48) Mapped property: hibernateVersion -> column2
15:08:43,148 DEBUG [org.hibernate.cfg.HbmBinder] (ServerService Thread Pool -- 48) Mapped property: field1 -> column3
15:08:43,149 DEBUG [org.hibernate.cfg.HbmBinder] (ServerService Thread Pool -- 48) Mapped property: field2 -> column4
15:08:43,149 DEBUG [org.hibernate.cfg.HbmBinder] (ServerService Thread Pool -- 48) Mapped property: refkey -> column3, column4
15:08:43,149 DEBUG [org.hibernate.cfg.Configuration] (ServerService Thread Pool -- 48) Process annotated classes
15:08:43,149 DEBUG [org.hibernate.cfg.Configuration] (ServerService Thread Pool -- 48) Processing fk mappings (*ToOne and JoinedSubclass)
15:08:43,150 DEBUG [org.hibernate.cfg.Configuration] (ServerService Thread Pool -- 48) Processing extends queue
15:08:43,150 DEBUG [org.hibernate.cfg.Configuration] (ServerService Thread Pool -- 48) Processing extends queue
15:08:43,150 DEBUG [org.hibernate.cfg.Configuration] (ServerService Thread Pool -- 48) Processing collection mappings
15:08:43,150 DEBUG [org.hibernate.cfg.Configuration] (ServerService Thread Pool -- 48) Processing native query and ResultSetMapping mappings
15:08:43,150 DEBUG [org.hibernate.cfg.Configuration] (ServerService Thread Pool -- 48) Processing association property references
15:08:43,150 DEBUG [org.hibernate.cfg.Configuration] (ServerService Thread Pool -- 48) Creating tables' unique integer identifiers
15:08:43,150 DEBUG [org.hibernate.cfg.Configuration] (ServerService Thread Pool -- 48) Processing foreign key constraints
15:08:43,163 TRACE [org.hibernate.service.internal.AbstractServiceRegistryImpl] (ServerService Thread Pool -- 48) Initializing service [role=org.hibernate.engine.jdbc.spi.JdbcServices]
15:08:43,167 TRACE [org.hibernate.service.internal.AbstractServiceRegistryImpl] (ServerService Thread Pool -- 48) Initializing service [role=org.hibernate.service.jdbc.connections.spi.ConnectionProvider]
15:08:43,167 INFO  [org.hibernate.service.jdbc.connections.internal.ConnectionProviderInitiator] (ServerService Thread Pool -- 48) HHH000130: Instantiating explicit connection provider: org.hibernate.ejb.connection.InjectedDataSourceConnectionProvider
15:08:43,170 TRACE [org.hibernate.service.internal.AbstractServiceRegistryImpl] (ServerService Thread Pool -- 48) Initializing service [role=org.hibernate.service.jndi.spi.JndiService]
15:08:43,173 TRACE [org.hibernate.service.internal.AbstractServiceRegistryImpl] (ServerService Thread Pool -- 48) Initializing service [role=org.hibernate.service.jdbc.dialect.spi.DialectFactory]
15:08:43,174 TRACE [org.hibernate.service.internal.AbstractServiceRegistryImpl] (ServerService Thread Pool -- 48) Initializing service [role=org.hibernate.service.jdbc.dialect.spi.DialectResolver]
15:08:43,315 DEBUG [org.hibernate.engine.jdbc.internal.JdbcServicesImpl] (ServerService Thread Pool -- 48) Database ->
       name : H2
    version : 1.3.168-redhat-2 (2012-07-13)
      major : 1
      minor : 3
15:08:43,315 DEBUG [org.hibernate.engine.jdbc.internal.JdbcServicesImpl] (ServerService Thread Pool -- 48) Driver ->
       name : H2 JDBC Driver
    version : 1.3.168-redhat-2 (2012-07-13)
      major : 1
      minor : 3
15:08:43,315 DEBUG [org.hibernate.engine.jdbc.internal.JdbcServicesImpl] (ServerService Thread Pool -- 48) JDBC version : 4.0
15:08:43,327 INFO  [org.hibernate.dialect.Dialect] (ServerService Thread Pool -- 48) HHH000400: Using dialect: org.hibernate.dialect.H2Dialect
15:08:43,331 WARN  [org.hibernate.dialect.H2Dialect] (ServerService Thread Pool -- 48) HHH000431: Unable to determine H2 database version, certain features may not work
15:08:43,343 TRACE [org.hibernate.service.internal.AbstractServiceRegistryImpl] (ServerService Thread Pool -- 48) Initializing service [role=org.hibernate.service.jta.platform.spi.JtaPlatform]
15:08:43,343 TRACE [org.hibernate.service.internal.AbstractServiceRegistryImpl] (ServerService Thread Pool -- 48) Initializing service [role=org.hibernate.service.config.spi.ConfigurationService]
15:08:43,346 DEBUG [org.hibernate.cfg.SettingsFactory] (ServerService Thread Pool -- 48) Automatic flush during beforeCompletion(): disabled
15:08:43,346 DEBUG [org.hibernate.cfg.SettingsFactory] (ServerService Thread Pool -- 48) Automatic session close at end of transaction: disabled
15:08:43,346 DEBUG [org.hibernate.cfg.SettingsFactory] (ServerService Thread Pool -- 48) JDBC batch size: 15
15:08:43,346 DEBUG [org.hibernate.cfg.SettingsFactory] (ServerService Thread Pool -- 48) JDBC batch updates for versioned data: disabled
15:08:43,347 DEBUG [org.hibernate.cfg.SettingsFactory] (ServerService Thread Pool -- 48) Scrollable result sets: enabled
15:08:43,347 DEBUG [org.hibernate.cfg.SettingsFactory] (ServerService Thread Pool -- 48) Wrap result sets: disabled
15:08:43,347 DEBUG [org.hibernate.cfg.SettingsFactory] (ServerService Thread Pool -- 48) JDBC3 getGeneratedKeys(): enabled
15:08:43,347 DEBUG [org.hibernate.cfg.SettingsFactory] (ServerService Thread Pool -- 48) multi-tenancy strategy : NONE
15:08:43,347 DEBUG [org.hibernate.cfg.SettingsFactory] (ServerService Thread Pool -- 48) Connection release mode: auto
15:08:43,347 TRACE [org.hibernate.service.internal.AbstractServiceRegistryImpl] (ServerService Thread Pool -- 48) Initializing service [role=org.hibernate.engine.transaction.spi.TransactionFactory]
15:08:43,347 INFO  [org.hibernate.engine.transaction.internal.TransactionFactoryInitiator] (ServerService Thread Pool -- 48) HHH000268: Transaction strategy: org.hibernate.engine.transaction.internal.jta.JtaTransactionFactory
15:08:43,350 TRACE [org.hibernate.loader.BatchFetchStyle] (ServerService Thread Pool -- 48) Interpreting BatchFetchStyle from setting : null
15:08:43,350 DEBUG [org.hibernate.cfg.SettingsFactory] (ServerService Thread Pool -- 48) Using BatchFetchStyle : LEGACY
15:08:43,350 DEBUG [org.hibernate.cfg.SettingsFactory] (ServerService Thread Pool -- 48) Default batch fetch size: 1
15:08:43,350 DEBUG [org.hibernate.cfg.SettingsFactory] (ServerService Thread Pool -- 48) Generate SQL with comments: disabled
15:08:43,350 DEBUG [org.hibernate.cfg.SettingsFactory] (ServerService Thread Pool -- 48) Order SQL updates by primary key: disabled
15:08:43,350 DEBUG [org.hibernate.cfg.SettingsFactory] (ServerService Thread Pool -- 48) Order SQL inserts for batching: disabled
15:08:43,351 DEBUG [org.hibernate.cfg.SettingsFactory] (ServerService Thread Pool -- 48) Default null ordering: none
15:08:43,351 DEBUG [org.hibernate.cfg.SettingsFactory] (ServerService Thread Pool -- 48) Query translator: org.hibernate.hql.internal.ast.ASTQueryTranslatorFactory
15:08:43,352 INFO  [org.hibernate.hql.internal.ast.ASTQueryTranslatorFactory] (ServerService Thread Pool -- 48) HHH000397: Using ASTQueryTranslatorFactory
15:08:43,352 DEBUG [org.hibernate.cfg.SettingsFactory] (ServerService Thread Pool -- 48) Query language substitutions: {}
15:08:43,353 DEBUG [org.hibernate.cfg.SettingsFactory] (ServerService Thread Pool -- 48) JPA-QL strict compliance: enabled
15:08:43,353 DEBUG [org.hibernate.cfg.SettingsFactory] (ServerService Thread Pool -- 48) Second-level cache: enabled
15:08:43,353 DEBUG [org.hibernate.cfg.SettingsFactory] (ServerService Thread Pool -- 48) Query cache: disabled
15:08:43,353 DEBUG [org.hibernate.cfg.SettingsFactory] (ServerService Thread Pool -- 48) Cache region factory : org.jboss.as.jpa.hibernate4.infinispan.InfinispanRegionFactory
15:08:43,358 DEBUG [org.hibernate.cfg.SettingsFactory] (ServerService Thread Pool -- 48) Optimize cache for minimal puts: enabled
15:08:43,358 DEBUG [org.hibernate.cfg.SettingsFactory] (ServerService Thread Pool -- 48) Cache region prefix: hibernateissue-ear-0.0.1-SNAPSHOT.ear/hibernateissue-jar-0.0.1-SNAPSHOT.jar#myPU
15:08:43,358 DEBUG [org.hibernate.cfg.SettingsFactory] (ServerService Thread Pool -- 48) Structured second-level cache entries: disabled
15:08:43,358 DEBUG [org.hibernate.cfg.SettingsFactory] (ServerService Thread Pool -- 48) Second-level cache direct-reference entries: disabled
15:08:43,358 DEBUG [org.hibernate.cfg.SettingsFactory] (ServerService Thread Pool -- 48) Statistics: disabled
15:08:43,358 DEBUG [org.hibernate.cfg.SettingsFactory] (ServerService Thread Pool -- 48) Deleted entity synthetic identifier rollback: disabled
15:08:43,359 DEBUG [org.hibernate.cfg.SettingsFactory] (ServerService Thread Pool -- 48) Default entity-mode: pojo
15:08:43,359 DEBUG [org.hibernate.cfg.SettingsFactory] (ServerService Thread Pool -- 48) Named query checking : enabled
15:08:43,359 DEBUG [org.hibernate.cfg.SettingsFactory] (ServerService Thread Pool -- 48) Check Nullability in Core (should be disabled when Bean Validation is on): enabled
15:08:43,360 DEBUG [org.hibernate.cfg.SettingsFactory] (ServerService Thread Pool -- 48) Allow initialization of lazy state outside session : : disabled
15:08:43,360 DEBUG [org.hibernate.cfg.SettingsFactory] (ServerService Thread Pool -- 48) JTA Track by Thread: enabled
15:08:43,367 DEBUG [org.hibernate.internal.SessionFactoryImpl] (ServerService Thread Pool -- 48) Building session factory
15:08:43,368 TRACE [org.hibernate.service.internal.AbstractServiceRegistryImpl] (ServerService Thread Pool -- 48) Initializing service [role=org.hibernate.service.spi.SessionFactoryServiceRegistryFactory]
15:08:43,371 TRACE [org.hibernate.service.internal.AbstractServiceRegistryImpl] (ServerService Thread Pool -- 48) Initializing service [role=org.hibernate.engine.spi.CacheImplementor]
15:08:43,372 DEBUG [org.hibernate.cache.infinispan.InfinispanRegionFactory] (ServerService Thread Pool -- 48) Starting Infinispan region factory
15:08:43,472 DEBUG [org.hibernate.cache.infinispan.InfinispanRegionFactory] (ServerService Thread Pool -- 48) Configuration override via property hibernate.cache.infinispan.statistics: null
15:08:43,503 DEBUG [org.hibernate.cache.infinispan.InfinispanRegionFactory] (ServerService Thread Pool -- 48) Configuration override via property hibernate.cache.infinispan.use_synchronization: null
15:08:43,506 DEBUG [org.hibernate.cache.infinispan.InfinispanRegionFactory] (ServerService Thread Pool -- 48) Configuration override via property hibernate.cache.infinispan.statistics: null
15:08:43,507 DEBUG [org.hibernate.cache.infinispan.InfinispanRegionFactory] (ServerService Thread Pool -- 48) Configuration override via property hibernate.cache.infinispan.use_synchronization: null
15:08:43,508 DEBUG [org.hibernate.cache.infinispan.InfinispanRegionFactory] (ServerService Thread Pool -- 48) Configuration override via property hibernate.cache.infinispan.statistics: null
15:08:43,509 DEBUG [org.hibernate.cache.infinispan.InfinispanRegionFactory] (ServerService Thread Pool -- 48) Configuration override via property hibernate.cache.infinispan.statistics: null
15:08:43,513 TRACE [org.hibernate.type.TypeFactory] (ServerService Thread Pool -- 48) Scoping types to session factory org.hibernate.internal.SessionFactoryImpl@5d7f9a29
15:08:43,514 DEBUG [org.hibernate.internal.SessionFactoryImpl] (ServerService Thread Pool -- 48) Session factory constructed with filter configurations : {}
15:08:43,514 DEBUG [org.hibernate.internal.SessionFactoryImpl] (ServerService Thread Pool -- 48) Instantiating session factory with properties: {jboss.qualified.host.name=rh-ghu, java.vendor=Sun Microsystems Inc., hibernate.ejb.resource_scanner=org.jboss.as.jpa.hibernate4.HibernateAnnotationScanner, logging.configuration=file:/home/ghu/java/jboss/eap/jboss-eap-6.1.1/standalone/configuration/logging.properties, jboss.modules.system.pkgs=org.jboss.byteman, sun.java.launcher=SUN_STANDARD, sun.management.compiler=HotSpot 64-Bit Tiered Compilers, javax.xml.stream.XMLInputFactory=__redirected.__XMLInputFactory, hibernate.ejb.discard_pc_on_close=false, hibernate.transaction.flush_before_completion=false, os.name=Linux, sun.boot.class.path=/usr/java/jdk/jdk1.6.0_37/jre/lib/resources.jar:/usr/java/jdk/jdk1.6.0_37/jre/lib/rt.jar:/usr/java/jdk/jdk1.6.0_37/jre/lib/sunrsasign.jar:/usr/java/jdk/jdk1.6.0_37/jre/lib/jsse.jar:/usr/java/jdk/jdk1.6.0_37/jre/lib/jce.jar:/usr/java/jdk/jdk1.6.0_37/jre/lib/charsets.jar:/usr/java/jdk/jdk1.6.0_37/jre/lib/modules/jdk.boot.jar:/usr/java/jdk/jdk1.6.0_37/jre/classes, jboss.server.persist.config=true, sun.desktop=gnome, java.vm.specification.vendor=Sun Microsystems Inc., java.runtime.version=1.6.0_37-b06, hibernate.connection.autocommit=true, javax.xml.stream.XMLEventFactory=__redirected.__XMLEventFactory, user.name=ghu, hibernate.session_factory_name_is_jndi=false, javax.xml.stream.XMLOutputFactory=__redirected.__XMLOutputFactory, jboss.node.name=rh-ghu, hibernate.session_factory_name=hibernateissue-ear-0.0.1-SNAPSHOT.ear/hibernateissue-jar-0.0.1-SNAPSHOT.jar#myPU, javax.persistence.validation.mode=AUTO, hibernate.connection.release_mode=auto, hibernate.validator.apply_to_ddl=false, [Standalone]=, javax.xml.parsers.SAXParserFactory=__redirected.__SAXParserFactory, jboss.home.dir=/home/ghu/java/jboss/eap/jboss-eap-6.1.1, user.language=en, sun.boot.library.path=/usr/java/jdk/jdk1.6.0_37/jre/lib/amd64, hibernate.ejb.entitymanager_factory_name=hibernateissue-ear-0.0.1-SNAPSHOT.ear/hibernateissue-jar-0.0.1-SNAPSHOT.jar#myPU, hibernate.cache.default_cache_concurrency_strategy=transactional, javax.persistence.validation.factory=org.jboss.as.jpa.validator.SerializableValidatorFactory@6266458b, java.version=1.6.0_37, java.util.logging.manager=org.jboss.logmanager.LogManager, user.timezone=America/Chicago, java.net.preferIPv4Stack=true, sun.arch.data.model=64, hibernate.cache.infinispan.cachemanager=java:jboss/infinispan/container/hibernate, java.endorsed.dirs=/usr/java/jdk/jdk1.6.0_37/jre/lib/endorsed, sun.cpu.isalist=, sun.jnu.encoding=UTF-8, jboss.server.config.dir=/home/ghu/java/jboss/eap/jboss-eap-6.1.1/standalone/configuration, file.encoding.pkg=sun.io, file.separator=/, java.specification.name=Java Platform API Specification, hibernate.format_sql=false, java.class.version=50.0, user.country=US, javax.xml.xpath.XPathFactory:http://java.sun.com/jaxp/xpath/dom=__redirected.__XPathFactory, java.home=/usr/java/jdk/jdk1.6.0_37/jre, javax.xml.parsers.DocumentBuilderFactory=__redirected.__DocumentBuilderFactory, java.vm.info=mixed mode, os.version=3.2.0-55-generic, hibernate.transaction.factory_class=org.hibernate.engine.transaction.internal.jta.JtaTransactionFactory, hibernate.connection.datasource=org.jboss.jca.adapters.jdbc.WrapperDataSource@4a1fcb1a, org.jboss.boot.log.file=/home/ghu/java/jboss/eap/jboss-eap-6.1.1/standalone/log/server.log, hibernate.query.jpaql_strict_compliance=true, path.separator=:, java.vm.version=20.12-b01, hibernate.cache.region.factory_class=org.jboss.as.jpa.hibernate4.infinispan.InfinispanRegionFactory, java.protocol.handler.pkgs=org.jboss.net.protocol|org.jboss.vfs.protocol, hibernate.id.new_generator_mappings=false, java.awt.printerjob=sun.print.PSPrinterJob, jboss.modules.dir=/home/ghu/java/jboss/eap/jboss-eap-6.1.1/modules, sun.io.unicode.encoding=UnicodeLittle, jboss.server.deploy.dir=/home/ghu/java/jboss/eap/jboss-eap-6.1.1/standalone/data/content, module.path=/home/ghu/java/jboss/eap/jboss-eap-6.1.1/modules, java.naming.factory.url.pkgs=org.jboss.as.naming.interfaces:org.jboss.ejb.client.naming, hibernate.cache.region_prefix=hibernateissue-ear-0.0.1-SNAPSHOT.ear/hibernateissue-jar-0.0.1-SNAPSHOT.jar#myPU, jboss.server.temp.dir=/home/ghu/java/jboss/eap/jboss-eap-6.1.1/standalone/tmp, hibernate.validator.autoregister_listeners=false, user.home=/home/ghu, java.specification.vendor=Sun Microsystems Inc., org.xml.sax.driver=__redirected.__XMLReaderFactory, hibernate.classLoader.application=ModuleClassLoader for Module "deployment.hibernateissue-ear-0.0.1-SNAPSHOT.ear.hibernateissue-jar-0.0.1-SNAPSHOT.jar:main" from Service Module Loader, java.vendor.url=http://java.sun.com/, org.jboss.resolver.warning=true, java.library.path=/usr/java/jdk/jdk1.6.0_37/jre/lib/amd64/server:/usr/java/jdk/jdk1.6.0_37/jre/lib/amd64:/usr/java/jdk/jdk1.6.0_37/jre/../lib/amd64:/usr/java/packages/lib/amd64:/usr/lib64:/lib64:/lib:/usr/lib, java.vm.vendor=Sun Microsystems Inc., java.runtime.name=Java(TM) SE Runtime Environment, java.class.path=/home/ghu/java/jboss/eap/jboss-eap-6.1.1/jboss-modules.jar, sun.java.command=/home/ghu/java/jboss/eap/jboss-eap-6.1.1/jboss-modules.jar -mp /home/ghu/java/jboss/eap/jboss-eap-6.1.1/modules -jaxpmodule javax.xml.jaxp-provider org.jboss.as.standalone -Djboss.home.dir=/home/ghu/java/jboss/eap/jboss-eap-6.1.1 -Djboss.server.base.dir=/home/ghu/java/jboss/eap/jboss-eap-6.1.1/standalone, org.jboss.security.context.ThreadLocal=true, hibernate.bytecode.use_reflection_optimizer=false, jboss.server.log.dir=/home/ghu/java/jboss/eap/jboss-eap-6.1.1/standalone/log, java.vm.specification.name=Java Virtual Machine Specification, catalina.home=/home/ghu/java/jboss/eap/jboss-eap-6.1.1/standalone/tmp, java.vm.specification.version=1.0, sun.os.patch.level=unknown, javax.xml.validation.SchemaFactory:http://www.w3.org/2001/XMLSchema=__redirected.__SchemaFactory, sun.cpu.endian=little, java.awt.headless=true, hibernate.connection.provider_class=org.hibernate.ejb.connection.InjectedDataSourceConnectionProvider, java.io.tmpdir=/tmp, java.vendor.url.bug=http://java.sun.com/cgi-bin/bugreport.cgi, javax.persistence.sharedCache.mode=UNSPECIFIED, jboss.server.data.dir=/home/ghu/java/jboss/eap/jboss-eap-6.1.1/standalone/data, java.awt.graphicsenv=sun.awt.X11GraphicsEnvironment, os.arch=amd64, java.ext.dirs=/usr/java/jdk/jdk1.6.0_37/jre/lib/ext:/usr/java/packages/lib/ext, user.dir=/home/ghu/java/jboss/eap/jboss-eap-6.1.1/bin, line.separator=
, java.vm.name=Java HotSpot(TM) 64-Bit Server VM, jboss.server.base.dir=/home/ghu/java/jboss/eap/jboss-eap-6.1.1/standalone, hibernate.transaction.jta.platform=org.jboss.as.jpa.hibernate4.JBossAppServerJtaPlatform@285fdb25, hibernate.cache.use_second_level_cache=true, javax.xml.datatype.DatatypeFactory=__redirected.__DatatypeFactory, javax.management.builder.initial=org.jboss.as.jmx.PluggableMBeanServerBuilder, file.encoding=UTF-8, hibernate.use_identifier_rollback=false, hibernate.transaction.manager_lookup_class=org.hibernate.transaction.JBossTransactionManagerLookup, java.specification.version=1.6, jboss.host.name=rh-ghu, javax.xml.transform.TransformerFactory=__redirected.__TransformerFactory, jboss.server.name=rh-ghu, hibernate.show_sql=false}
15:08:43,521 DEBUG [org.hibernate.cfg.beanvalidation.TypeSafeActivator] (ServerService Thread Pool -- 48) Skipping application of relational constraints from legacy Hibernate Validator
15:08:43,524 TRACE [org.hibernate.service.internal.AbstractServiceRegistryImpl] (ServerService Thread Pool -- 48) Initializing service [role=org.hibernate.event.service.spi.EventListenerRegistry]
15:08:43,599 TRACE [org.hibernate.cfg.Configuration] (ServerService Thread Pool -- 48) Starting secondPassCompile() processing
15:08:43,599 DEBUG [org.hibernate.cfg.Configuration] (ServerService Thread Pool -- 48) Processing hbm.xml files
15:08:43,599 DEBUG [org.hibernate.cfg.Configuration] (ServerService Thread Pool -- 48) Process annotated classes
15:08:43,599 DEBUG [org.hibernate.cfg.Configuration] (ServerService Thread Pool -- 48) Processing fk mappings (*ToOne and JoinedSubclass)
15:08:43,599 DEBUG [org.hibernate.cfg.Configuration] (ServerService Thread Pool -- 48) Processing extends queue
15:08:43,600 DEBUG [org.hibernate.cfg.Configuration] (ServerService Thread Pool -- 48) Processing extends queue
15:08:43,600 DEBUG [org.hibernate.cfg.Configuration] (ServerService Thread Pool -- 48) Processing collection mappings
15:08:43,600 DEBUG [org.hibernate.cfg.Configuration] (ServerService Thread Pool -- 48) Processing native query and ResultSetMapping mappings
15:08:43,600 DEBUG [org.hibernate.cfg.Configuration] (ServerService Thread Pool -- 48) Processing association property references
15:08:43,600 DEBUG [org.hibernate.cfg.Configuration] (ServerService Thread Pool -- 48) Creating tables' unique integer identifiers
15:08:43,600 DEBUG [org.hibernate.cfg.Configuration] (ServerService Thread Pool -- 48) Processing foreign key constraints
15:08:43,600 DEBUG [org.hibernate.id.factory.internal.DefaultIdentifierGeneratorFactory] (ServerService Thread Pool -- 48) Setting dialect [org.hibernate.dialect.H2Dialect]
15:08:43,601 TRACE [org.hibernate.service.internal.AbstractServiceRegistryImpl] (ServerService Thread Pool -- 48) Initializing service [role=org.hibernate.persister.spi.PersisterFactory]
15:08:43,605 TRACE [org.hibernate.service.internal.AbstractServiceRegistryImpl] (ServerService Thread Pool -- 48) Initializing service [role=org.hibernate.persister.spi.PersisterClassResolver]
15:08:43,636 TRACE [org.hibernate.persister.entity.AbstractPropertyMapping] (ServerService Thread Pool -- 48) Skipping duplicate registration of path [hibernateVersion], existing type = [org.hibernate.type.LongType@395927e2], incoming type = [org.hibernate.type.LongType@395927e2]
15:08:43,637 TRACE [org.hibernate.persister.entity.AbstractPropertyMapping] (ServerService Thread Pool -- 48) Skipping duplicate registration of path [refkey], existing type = [org.hibernate.type.EmbeddedComponentType@357a2d32], incoming type = [org.hibernate.type.EmbeddedComponentType@357a2d32]
15:08:43,637 TRACE [org.hibernate.persister.entity.AbstractPropertyMapping] (ServerService Thread Pool -- 48) Skipping duplicate registration of path [refkey.field1], existing type = [org.hibernate.type.StringType@5fdce46d], incoming type = [org.hibernate.type.StringType@5fdce46d]
15:08:43,637 TRACE [org.hibernate.persister.entity.AbstractPropertyMapping] (ServerService Thread Pool -- 48) Skipping duplicate registration of path [refkey.field2], existing type = [org.hibernate.type.StringType@5fdce46d], incoming type = [org.hibernate.type.StringType@5fdce46d]
15:08:43,637 TRACE [org.hibernate.persister.entity.AbstractPropertyMapping] (ServerService Thread Pool -- 48) Skipping duplicate registration of path [field1], existing type = [org.hibernate.type.StringType@5fdce46d], incoming type = [org.hibernate.type.StringType@5fdce46d]
15:08:43,637 TRACE [org.hibernate.persister.entity.AbstractPropertyMapping] (ServerService Thread Pool -- 48) Skipping duplicate registration of path [field2], existing type = [org.hibernate.type.StringType@5fdce46d], incoming type = [org.hibernate.type.StringType@5fdce46d]
15:08:43,640 DEBUG [org.hibernate.persister.entity.AbstractEntityPersister] (ServerService Thread Pool -- 48) Static SQL for entity: org.hibernate.issue.EntityClass1
15:08:43,640 DEBUG [org.hibernate.persister.entity.AbstractEntityPersister] (ServerService Thread Pool -- 48)  Version select: select column2 from table1 where column1 =?
15:08:43,640 DEBUG [org.hibernate.persister.entity.AbstractEntityPersister] (ServerService Thread Pool -- 48)  Snapshot select: select entityclas_.column1, entityclas_.column3 as column3_0_, entityclas_.column4 as column4_0_ from table1 entityclas_ where entityclas_.column1=?
15:08:43,640 DEBUG [org.hibernate.persister.entity.AbstractEntityPersister] (ServerService Thread Pool -- 48)  Insert 0: insert into table1 (column3, column4, column1) values (?, ?, ?)
15:08:43,641 DEBUG [org.hibernate.persister.entity.AbstractEntityPersister] (ServerService Thread Pool -- 48)  Update 0: update table1 set column3=?, column4=? where column1=? and column2=?
15:08:43,641 DEBUG [org.hibernate.persister.entity.AbstractEntityPersister] (ServerService Thread Pool -- 48)  Delete 0: delete from table1 where column1=? and column2=?
15:08:43,641 DEBUG [org.hibernate.persister.entity.AbstractEntityPersister] (ServerService Thread Pool -- 48)  Insert-generated property select: select entityclas_.column2 as column2_0_ from table1 entityclas_ where entityclas_.column1=?
15:08:43,641 DEBUG [org.hibernate.persister.entity.AbstractEntityPersister] (ServerService Thread Pool -- 48)  Update-generated property select: select entityclas_.column2 as column2_0_ from table1 entityclas_ where entityclas_.column1=?
15:08:43,654 DEBUG [org.hibernate.loader.Loader] (ServerService Thread Pool -- 48) Static select for entity org.hibernate.issue.EntityClass1 [NONE]: select entityclas0_.column1 as column1_0_0_, entityclas0_.column2 as column2_0_0_, entityclas0_.column3 as column3_0_0_, entityclas0_.column4 as column4_0_0_ from table1 entityclas0_ where entityclas0_.column1=?
15:08:43,654 DEBUG [org.hibernate.loader.Loader] (ServerService Thread Pool -- 48) Static select for entity org.hibernate.issue.EntityClass1 [READ]: select entityclas0_.column1 as column1_0_0_, entityclas0_.column2 as column2_0_0_, entityclas0_.column3 as column3_0_0_, entityclas0_.column4 as column4_0_0_ from table1 entityclas0_ where entityclas0_.column1=?
15:08:43,655 DEBUG [org.hibernate.loader.Loader] (ServerService Thread Pool -- 48) Static select for entity org.hibernate.issue.EntityClass1 [UPGRADE]: select entityclas0_.column1 as column1_0_0_, entityclas0_.column2 as column2_0_0_, entityclas0_.column3 as column3_0_0_, entityclas0_.column4 as column4_0_0_ from table1 entityclas0_ where entityclas0_.column1=? for update
15:08:43,655 DEBUG [org.hibernate.loader.Loader] (ServerService Thread Pool -- 48) Static select for entity org.hibernate.issue.EntityClass1 [UPGRADE_NOWAIT]: select entityclas0_.column1 as column1_0_0_, entityclas0_.column2 as column2_0_0_, entityclas0_.column3 as column3_0_0_, entityclas0_.column4 as column4_0_0_ from table1 entityclas0_ where entityclas0_.column1=? for update
15:08:43,655 DEBUG [org.hibernate.loader.Loader] (ServerService Thread Pool -- 48) Static select for entity org.hibernate.issue.EntityClass1 [FORCE]: select entityclas0_.column1 as column1_0_0_, entityclas0_.column2 as column2_0_0_, entityclas0_.column3 as column3_0_0_, entityclas0_.column4 as column4_0_0_ from table1 entityclas0_ where entityclas0_.column1=? for update
15:08:43,655 DEBUG [org.hibernate.loader.Loader] (ServerService Thread Pool -- 48) Static select for entity org.hibernate.issue.EntityClass1 [PESSIMISTIC_READ]: select entityclas0_.column1 as column1_0_0_, entityclas0_.column2 as column2_0_0_, entityclas0_.column3 as column3_0_0_, entityclas0_.column4 as column4_0_0_ from table1 entityclas0_ where entityclas0_.column1=? for update
15:08:43,655 DEBUG [org.hibernate.loader.Loader] (ServerService Thread Pool -- 48) Static select for entity org.hibernate.issue.EntityClass1 [PESSIMISTIC_WRITE]: select entityclas0_.column1 as column1_0_0_, entityclas0_.column2 as column2_0_0_, entityclas0_.column3 as column3_0_0_, entityclas0_.column4 as column4_0_0_ from table1 entityclas0_ where entityclas0_.column1=? for update
15:08:43,655 DEBUG [org.hibernate.loader.Loader] (ServerService Thread Pool -- 48) Static select for entity org.hibernate.issue.EntityClass1 [PESSIMISTIC_FORCE_INCREMENT]: select entityclas0_.column1 as column1_0_0_, entityclas0_.column2 as column2_0_0_, entityclas0_.column3 as column3_0_0_, entityclas0_.column4 as column4_0_0_ from table1 entityclas0_ where entityclas0_.column1=? for update
15:08:43,656 DEBUG [org.hibernate.loader.Loader] (ServerService Thread Pool -- 48) Static select for entity org.hibernate.issue.EntityClass1 [OPTIMISTIC]: select entityclas0_.column1 as column1_0_0_, entityclas0_.column2 as column2_0_0_, entityclas0_.column3 as column3_0_0_, entityclas0_.column4 as column4_0_0_ from table1 entityclas0_ where entityclas0_.column1=?
15:08:43,656 DEBUG [org.hibernate.loader.Loader] (ServerService Thread Pool -- 48) Static select for entity org.hibernate.issue.EntityClass1 [OPTIMISTIC_FORCE_INCREMENT]: select entityclas0_.column1 as column1_0_0_, entityclas0_.column2 as column2_0_0_, entityclas0_.column3 as column3_0_0_, entityclas0_.column4 as column4_0_0_ from table1 entityclas0_ where entityclas0_.column1=?
15:08:43,659 DEBUG [org.hibernate.loader.Loader] (ServerService Thread Pool -- 48) Static select for action ACTION_MERGE on entity org.hibernate.issue.EntityClass1: select entityclas0_.column1 as column1_0_0_, entityclas0_.column2 as column2_0_0_, entityclas0_.column3 as column3_0_0_, entityclas0_.column4 as column4_0_0_ from table1 entityclas0_ where entityclas0_.column1=?
15:08:43,660 DEBUG [org.hibernate.loader.Loader] (ServerService Thread Pool -- 48) Static select for action ACTION_REFRESH on entity org.hibernate.issue.EntityClass1: select entityclas0_.column1 as column1_0_0_, entityclas0_.column2 as column2_0_0_, entityclas0_.column3 as column3_0_0_, entityclas0_.column4 as column4_0_0_ from table1 entityclas0_ where entityclas0_.column1=?
15:08:43,661 DEBUG [org.hibernate.internal.SessionFactoryRegistry] (ServerService Thread Pool -- 48) Initializing SessionFactoryRegistry : org.hibernate.internal.SessionFactoryRegistry@7ddc5f7
15:08:43,661 DEBUG [org.hibernate.internal.SessionFactoryRegistry] (ServerService Thread Pool -- 48) Registering SessionFactory: 7868bb68-b05b-482c-a94f-22c06b00c4c8 (hibernateissue-ear-0.0.1-SNAPSHOT.ear/hibernateissue-jar-0.0.1-SNAPSHOT.jar#myPU)
15:08:43,661 DEBUG [org.hibernate.internal.SessionFactoryRegistry] (ServerService Thread Pool -- 48) Not binding SessionFactory to JNDI, no JNDI name configured
15:08:43,661 DEBUG [org.hibernate.internal.SessionFactoryImpl] (ServerService Thread Pool -- 48) Instantiated session factory
15:08:43,663 DEBUG [org.hibernate.internal.SessionFactoryImpl] (ServerService Thread Pool -- 48) Checking 0 named HQL queries
15:08:43,663 DEBUG [org.hibernate.internal.SessionFactoryImpl] (ServerService Thread Pool -- 48) Checking 0 named SQL queries
15:08:43,664 TRACE [org.hibernate.service.internal.AbstractServiceRegistryImpl] (ServerService Thread Pool -- 48) Initializing service [role=org.hibernate.stat.spi.StatisticsImplementor]
15:08:43,666 DEBUG [org.hibernate.stat.internal.StatisticsInitiator] (ServerService Thread Pool -- 48) Statistics initialized [enabled=false]
15:08:43,675 TRACE [org.hibernate.ejb.metamodel.MetadataContext] (ServerService Thread Pool -- 48) Wrapping up metadata context...
15:08:43,675 TRACE [org.hibernate.ejb.metamodel.MetadataContext] (ServerService Thread Pool -- 48) Starting entity [org.hibernate.issue.EntityClass1]
15:08:43,675 TRACE [org.hibernate.ejb.metamodel.AttributeFactory] (ServerService Thread Pool -- 48) Building identifier attribute [org.hibernate.issue.EntityClass1.key]
15:08:43,676 TRACE [org.hibernate.ejb.metamodel.AttributeFactory] (ServerService Thread Pool -- 48) Starting attribute metadata determination [key]
15:08:43,676 TRACE [org.hibernate.ejb.metamodel.AttributeFactory] (ServerService Thread Pool -- 48)     Determined member [public java.lang.Long org.hibernate.issue.EntityClass1.getKey()]
15:08:43,676 TRACE [org.hibernate.ejb.metamodel.AttributeFactory] (ServerService Thread Pool -- 48)     Determined type [name=long, class=org.hibernate.type.LongType]
15:08:43,678 TRACE [org.hibernate.ejb.metamodel.AttributeFactory] (ServerService Thread Pool -- 48) Building attribute [org.hibernate.issue.EntityClass1.refkey]
15:08:43,678 TRACE [org.hibernate.ejb.metamodel.AttributeFactory] (ServerService Thread Pool -- 48) Starting attribute metadata determination [refkey]
15:08:43,678 TRACE [org.hibernate.ejb.metamodel.AttributeFactory] (ServerService Thread Pool -- 48)     Determined member [null]
15:08:43,679 TRACE [org.hibernate.ejb.metamodel.AttributeFactory] (ServerService Thread Pool -- 48)     Determined type [name=component[field1,field2], class=org.hibernate.type.EmbeddedComponentType]
15:08:43,679 TRACE [org.hibernate.ejb.metamodel.MetadataContext] (ServerService Thread Pool -- 48) Completed entity [org.hibernate.issue.EntityClass1]
15:08:43,679 ERROR [org.jboss.msc.service.fail] (ServerService Thread Pool -- 48) MSC000001: Failed to start service jboss.persistenceunit."hibernateissue-ear-0.0.1-SNAPSHOT.ear/hibernateissue-jar-0.0.1-SNAPSHOT.jar#myPU": org.jboss.msc.service.StartException in service jboss.persistenceunit."hibernateissue-ear-0.0.1-SNAPSHOT.ear/hibernateissue-jar-0.0.1-SNAPSHOT.jar#myPU": java.lang.IllegalArgumentException: Cannot determine java-type from given member [null]
	at org.jboss.as.jpa.service.PersistenceUnitServiceImpl$1.run(PersistenceUnitServiceImpl.java:103) [jboss-as-jpa-7.2.1.Final-redhat-10.jar:7.2.1.Final-redhat-10]
	at java.util.concurrent.ThreadPoolExecutor$Worker.runTask(ThreadPoolExecutor.java:886) [rt.jar:1.6.0_37]
	at java.util.concurrent.ThreadPoolExecutor$Worker.run(ThreadPoolExecutor.java:908) [rt.jar:1.6.0_37]
	at java.lang.Thread.run(Thread.java:662) [rt.jar:1.6.0_37]
	at org.jboss.threads.JBossThread.run(JBossThread.java:122) [jboss-threads-2.1.0.Final-redhat-1.jar:2.1.0.Final-redhat-1]
Caused by: java.lang.IllegalArgumentException: Cannot determine java-type from given member [null]
	at org.hibernate.ejb.metamodel.AttributeFactory$BaseAttributeMetadata.<init>(AttributeFactory.java:589)
	at org.hibernate.ejb.metamodel.AttributeFactory$SingularAttributeMetadataImpl.<init>(AttributeFactory.java:677)
	at org.hibernate.ejb.metamodel.AttributeFactory$SingularAttributeMetadataImpl.<init>(AttributeFactory.java:667)
	at org.hibernate.ejb.metamodel.AttributeFactory.determineAttributeMetadata(AttributeFactory.java:531)
	at org.hibernate.ejb.metamodel.AttributeFactory.buildAttribute(AttributeFactory.java:98)
	at org.hibernate.ejb.metamodel.MetadataContext.wrapUp(MetadataContext.java:212)
	at org.hibernate.ejb.metamodel.MetamodelImpl.buildMetamodel(MetamodelImpl.java:88)
	at org.hibernate.ejb.EntityManagerFactoryImpl.<init>(EntityManagerFactoryImpl.java:104)
	at org.hibernate.ejb.Ejb3Configuration.buildEntityManagerFactory(Ejb3Configuration.java:920)
	at org.hibernate.ejb.Ejb3Configuration.buildEntityManagerFactory(Ejb3Configuration.java:904)
	at org.hibernate.ejb.HibernatePersistence.createContainerEntityManagerFactory(HibernatePersistence.java:92)
	at org.jboss.as.jpa.service.PersistenceUnitServiceImpl.createContainerEntityManagerFactory(PersistenceUnitServiceImpl.java:200) [jboss-as-jpa-7.2.1.Final-redhat-10.jar:7.2.1.Final-redhat-10]
	at org.jboss.as.jpa.service.PersistenceUnitServiceImpl.access$600(PersistenceUnitServiceImpl.java:57) [jboss-as-jpa-7.2.1.Final-redhat-10.jar:7.2.1.Final-redhat-10]
	at org.jboss.as.jpa.service.PersistenceUnitServiceImpl$1.run(PersistenceUnitServiceImpl.java:99) [jboss-as-jpa-7.2.1.Final-redhat-10.jar:7.2.1.Final-redhat-10]
	... 4 more

15:08:43,916 INFO  [org.jboss.as.server] (ServerService Thread Pool -- 26) JBAS018559: Deployed "hibernateissue-ear-0.0.1-SNAPSHOT.ear" (runtime-name : "hibernateissue-ear-0.0.1-SNAPSHOT.ear")
15:08:43,918 INFO  [org.jboss.as.controller] (Controller Boot Thread) JBAS014774: Service status report
JBAS014777:   Services which failed to start:      service jboss.persistenceunit."hibernateissue-ear-0.0.1-SNAPSHOT.ear/hibernateissue-jar-0.0.1-SNAPSHOT.jar#myPU": org.jboss.msc.service.StartException in service jboss.persistenceunit."hibernateissue-ear-0.0.1-SNAPSHOT.ear/hibernateissue-jar-0.0.1-SNAPSHOT.jar#myPU": java.lang.IllegalArgumentException: Cannot determine java-type from given member [null]

15:08:44,044 INFO  [org.jboss.as] (Controller Boot Thread) JBAS015961: Http management interface listening on http://127.0.0.1:9990/management
15:08:44,045 INFO  [org.jboss.as] (Controller Boot Thread) JBAS015951: Admin console listening on http://127.0.0.1:9990
15:08:44,046 ERROR [org.jboss.as] (Controller Boot Thread) JBAS015875: JBoss EAP 6.1.1.GA (AS 7.2.1.Final-redhat-10) started (with errors) in 3742ms - Started 172 of 234 services (3 services failed or missing dependencies, 57 services are passive or on-demand)
