####<Nov 4, 2003 2:28:26 PM PST> <Error> <net.sf.hibernate.AssertionFailure> <jkristian> <DocentServer> <ExecuteThread: '14' for queue: 'weblogic.kernel.Default'> <<anonymous>> <> <000000> <An AssertionFailure occured - this may indicate a bug in Hibernate
java.lang.ClassCastException: net.sf.hibernate.cache.ReadWriteCache$Item
	at net.sf.hibernate.cache.ReadWriteCache.afterUpdate(Ljava.lang.Object;Ljava.lang.Object;)V(ReadWriteCache.java:204)
	at net.sf.hibernate.impl.ScheduledUpdate.afterTransactionCompletion(Z)V(ScheduledUpdate.java:66)
	at net.sf.hibernate.impl.SessionImpl.afterTransactionCompletion(Z)V(SessionImpl.java:530)
	at net.sf.hibernate.engine.CacheSynchronization.afterCompletion(I)V(CacheSynchronization.java:29)
	at weblogic.transaction.internal.ServerSCInfo.callAfterCompletions(I)V(ServerSCInfo.java:853)
	at weblogic.transaction.internal.ServerTransactionImpl.callAfterCompletions()V(ServerTransactionImpl.java:2658)
	at weblogic.transaction.internal.ServerTransactionImpl.afterCommittedStateHousekeeping()V(ServerTransactionImpl.java:2556)
	at weblogic.transaction.internal.ServerTransactionImpl.setCommitted()V(ServerTransactionImpl.java:2588)
	at weblogic.transaction.internal.ServerTransactionImpl.globalRetryCommit(II)V(ServerTransactionImpl.java:2386)
	at weblogic.transaction.internal.ServerTransactionImpl.globalCommit()V(ServerTransactionImpl.java:2315)
	at weblogic.transaction.internal.ServerTransactionImpl.internalCommit()V(ServerTransactionImpl.java:255)
	at weblogic.transaction.internal.ServerTransactionImpl.commit()V(ServerTransactionImpl.java:221)
	at weblogic.transaction.internal.TransactionManagerImpl.commit()V(TransactionManagerImpl.java:304)
	at weblogic.transaction.internal.TransactionManagerImpl.commit()V(TransactionManagerImpl.java:297)
	at com.docent.lms.core.TransactionImpl.commit()V(TransactionImpl.java:130)
	at com.docent.lms.entities.reference.ReferenceAudience$Factory.updateAudienceUsers(Z)V(ReferenceAudience.java:79)
	at com.docent.lms.entities.tests.TestAudienceProcess.setUpClass(Lcom.docent.lms.entities.EntityContext;)V(TestAudienceProcess.java:67)
	at com.docent.lms.servlets.tests.suites.ServerTestCase.setUp()V(ServerTestCase.java:236)
	at org.apache.cactus.ServletTestCase.runTest()V(ServletTestCase.java:276)
	at org.apache.cactus.ServletTestCase.runBare()V(ServletTestCase.java:251)
	at org.apache.cactus.server.AbstractWebTestCaller.doTest()V(AbstractWebTestCaller.java:156)
	at org.apache.cactus.server.AbstractWebTestController.dispatch133_handleRequest(Lorg.apache.cactus.server.ImplicitObjects;)Ljava.lang.Object;(AbstractWebTestController.java;org/apache/cactus/util/log/LogAspect.aj[1k]:130)
	at org.apache.cactus.server.AbstractWebTestController.around133_handleRequest(Lorg.aspectj.runtime.internal.AroundClosure;Lorg.aspectj.lang.JoinPoint;Lorg.apache.cactus.util.log.LogAspect;Lorg.apache.cactus.server.ImplicitObjects;)Ljava.lang.Object;(AbstractWebTestController.java;org/apache/cactus/util/log/LogAspect.aj[1k]:1158)
	at org.apache.cactus.server.AbstractWebTestController.handleRequest(Lorg.apache.cactus.server.ImplicitObjects;)V(AbstractWebTestController.java;org/apache/cactus/util/log/LogAspect.aj[1k]:101)
	at org.apache.cactus.server.ServletTestRedirector.dispatch160_doPost(Ljavax.servlet.http.HttpServletRequest;Ljavax.servlet.http.HttpServletResponse;)Ljava.lang.Object;(ServletTestRedirector.java;org/apache/cactus/util/log/LogAspect.aj[1k]:125)
	at org.apache.cactus.server.ServletTestRedirector.around160_doPost(Lorg.aspectj.runtime.internal.AroundClosure;Lorg.aspectj.lang.JoinPoint;Lorg.apache.cactus.util.log.LogAspect;Ljavax.servlet.http.HttpServletRequest;Ljavax.servlet.http.HttpServletResponse;)Ljava.lang.Object;(ServletTestRedirector.java;org/apache/cactus/util/log/LogAspect.aj[1k]:1158)
	at org.apache.cactus.server.ServletTestRedirector.doPost(Ljavax.servlet.http.HttpServletRequest;Ljavax.servlet.http.HttpServletResponse;)V(ServletTestRedirector.java;org/apache/cactus/util/log/LogAspect.aj[1k]:109)
	at org.apache.cactus.server.ServletTestRedirector.dispatch159_doGet(Ljavax.servlet.http.HttpServletRequest;Ljavax.servlet.http.HttpServletResponse;)Ljava.lang.Object;(ServletTestRedirector.java;org/apache/cactus/util/log/LogAspect.aj[1k]:96)
	at org.apache.cactus.server.ServletTestRedirector.around159_doGet(Lorg.aspectj.runtime.internal.AroundClosure;Lorg.aspectj.lang.JoinPoint;Lorg.apache.cactus.util.log.LogAspect;Ljavax.servlet.http.HttpServletRequest;Ljavax.servlet.http.HttpServletResponse;)Ljava.lang.Object;(ServletTestRedirector.java;org/apache/cactus/util/log/LogAspect.aj[1k]:1158)
	at org.apache.cactus.server.ServletTestRedirector.doGet(Ljavax.servlet.http.HttpServletRequest;Ljavax.servlet.http.HttpServletResponse;)V(ServletTestRedirector.java;org/apache/cactus/util/log/LogAspect.aj[1k]:92)
	at javax.servlet.http.HttpServlet.service(Ljavax.servlet.http.HttpServletRequest;Ljavax.servlet.http.HttpServletResponse;)V(HttpServlet.java:740)
	at javax.servlet.http.HttpServlet.service(Ljavax.servlet.ServletRequest;Ljavax.servlet.ServletResponse;)V(HttpServlet.java:853)
> 
