2016-11-23 13:55:08,709 DEBUG [org.springframework.orm.jpa.EntityManagerFactoryUtils] (default task-17) Opening JPA EntityManager
2016-11-23 13:55:08,709 TRACE [org.hibernate.internal.SessionFactoryImpl$SessionBuilderImpl] (default task-17) Opening Hibernate Session.  tenant=null, owner=null
2016-11-23 13:55:08,709 DEBUG [org.hibernate.resource.transaction.backend.jta.internal.JtaTransactionCoordinatorImpl] (default task-17) Hibernate RegisteredSynchronization successfully registered with JTA platform
2016-11-23 13:55:08,709 DEBUG [org.springframework.orm.jpa.EntityManagerFactoryUtils] (default task-17) Registering transaction synchronization for JPA EntityManager
2016-11-23 13:55:08,710 TRACE [org.springframework.transaction.support.TransactionSynchronizationManager] (default task-17) Bound value [org.springframework.orm.jpa.EntityManagerHolder@701e7e8a] for key [com.rentconcept.ams.persistence.config.HibernateEntityManagerFactoryBean@16bd82c6] to thread [default task-17]
2016-11-23 13:55:08,710 TRACE [org.hibernate.engine.spi.IdentifierValue] (default task-17) ID unsaved-value: 0
2016-11-23 13:55:08,710 TRACE [org.hibernate.event.internal.AbstractSaveEventListener] (default task-17) Detached instance of: com.rentconcept.ams.model.customer.Customer
2016-11-23 13:55:08,710 TRACE [org.hibernate.event.internal.DefaultMergeEventListener] (default task-17) Merging detached instance
2016-11-23 13:55:08,710 TRACE [org.hibernate.persister.entity.AbstractEntityPersister] (default task-17) Fetching entity: [com.rentconcept.ams.model.customer.Customer#569659]
2016-11-23 13:55:08,710 DEBUG [org.hibernate.loader.Loader] (default task-17) Loading entity: [com.rentconcept.ams.model.customer.Customer#569659]
2016-11-23 13:55:08,716 DEBUG [org.hibernate.SQL] (default task-17) /* load com.rentconcept.ams.model.customer.Customer */ select customer0_.CUSTKEY as CUSTKEY1_10_7_, customer0_.cid_creno as cid_cre18_10_7_, customer0_.cid_creda as cid_cred2_10_7_, customer0_.cid_modno as cid_mod19_10_7_, customer0_.cid_modda as cid_modd3_10_7_, customer0_.ALLOWEDONLINELOGIN as ALLOWEDO4_10_7_, customer0_.CNAMEPREF as CNAMEPRE5_10_7_, customer0_.COMMUNICTYPE as COMMUNIC6_10_7_, customer0_.COMPANYID as COMPANYI7_10_7_, customer0_.CREATEDATASRC as CREATEDA8_10_7_, customer0_.CCUORIGIN as CCUORIGI9_10_7_, customer0_.PERSONACCREC as PERSONA20_10_7_, customer0_.ACCRECCUSTGRP as ACCRECC10_10_7_, customer0_.DEFAULTLANGUAGE as DEFAULT11_10_7_, customer0_.CNAME2 as CNAME12_10_7_, customer0_.CNAME1 as CNAME13_10_7_, customer0_.CMATCHCODE as CMATCHC14_10_7_, customer0_.RENTLOCK as RENTLOC15_10_7_, customer0_.STATE as STATE16_10_7_, customer0_.CTARGETGRP as CTARGET17_10_7_, customer0_1_.ISTATE as ISTATE1_8_7_, customer0_1_.IWEBPASSW as IWEBPASS2_8_7_, customer0_1_.PASSWORDCHANGEDTIMESTAMP as PASSWORD3_8_7_, customer0_1_.AUTHPIN as AUTHPIN4_8_7_, customer0_1_.REGTOKEN as REGTOKEN5_8_7_, customer0_1_.IWEBLOGIN as IWEBLOGI6_8_7_, addresses1_.acustkey as acustke10_3_9_, addresses1_.ADDRKEY as ADDRKEY1_3_9_, addresses1_.ADDRKEY as ADDRKEY1_3_0_, addresses1_.cid_creno as cid_cre18_3_0_, addresses1_.cid_creda as cid_cred2_3_0_, addresses1_.cid_modno as cid_mod19_3_0_, addresses1_.cid_modda as cid_modd3_3_0_, addresses1_.ANAME1 as ANAME4_3_0_, addresses1_.AADRSIGN as AADRSIGN5_3_0_, addresses1_.ACUADRTYP as ACUADRTY6_3_0_, addresses1_.ACITY as ACITY7_3_0_, addresses1_.COMPANYID as COMPANYI8_3_0_, addresses1_.ASTATECODE as ASTATECO9_3_0_, addresses1_.acustkey as acustke10_3_0_, addresses1_.AEMAIL as AEMAIL11_3_0_, addresses1_.AHANDY as AHANDY12_3_0_, addresses1_.APHONE as APHONE13_3_0_, addresses1_.PRIVATEMAIL as PRIVATE14_3_0_, addresses1_.PRIVATEMOBILE as PRIVATE15_3_0_, addresses1_.ASTREET as ASTREET16_3_0_, addresses1_.AZIPCODE as AZIPCOD17_3_0_, personacco2_.PERSONACCOUNTID as PERSONAC1_32_1_, personacco2_.BILLINGCYCLE as BILLINGC2_32_1_, personacco2_.RULEBILLINGCYCLE as RULEBILL3_32_1_, personacco2_.BILLINGLOCK as BILLINGL4_32_1_, personacco2_.COMPANYID as COMPANYI5_32_1_, personacco2_.CUSTGRP as CUSTGRP6_32_1_, personacco2_.ISCCALLOWED as ISCCALLO7_32_1_, personacco2_.ISCASHALLOWED as ISCASHAL8_32_1_, personacco2_.isCollectionBillPerRentcontract as isCollec9_32_1_, personacco2_.ISINITIALSYNC2FIN as ISINITI10_32_1_, personacco2_.RULEPAYMENTTYPE as RULEPAY11_32_1_, personacco2_.PersonAccountFlag as PersonA12_32_1_, personacco2_.PERSONACCOUNTNO as PERSONA13_32_1_, personacco2_.PERSONACCOUNTNOC as PERSONA14_32_1_, personacco2_.REMINDERLOCK as REMINDE15_32_1_, personacco2_.STATE as STATE16_32_1_, driver3_.DRIVERID as DRIVERID1_15_2_, driver3_.cid_creno as cid_cre21_15_2_, driver3_.cid_creda as cid_cred2_15_2_, driver3_.cid_modno as cid_mod22_15_2_, driver3_.cid_modda as cid_modd3_15_2_, driver3_.birthdate as birthdat4_15_2_, driver3_.BIRTHPLACE as BIRTHPLA5_15_2_, driver3_.CUSTKEY as CUSTKEY23_15_2_, driver3_.DRIVERLICENSENAME as DRIVERLI6_15_2_, driver3_.DRIVERLICENSEVALIDATED as DRIVERLI7_15_2_, driver3_.DRIVERNO as DRIVERNO8_15_2_, driver3_.IDENTCARDCTRY as IDENTCAR9_15_2_, driver3_.IDENTCARDISSUED as IDENTCA10_15_2_, driver3_.LICENCEAUTHORITY as LICENCE11_15_2_, driver3_.IDENTIFICATIONCARDNO as IDENTIF12_15_2_, driver3_.IDENTCARDTYPE as IDENTCA13_15_2_, driver3_.IDENTCARDVALIDTILL as IDENTCA14_15_2_, driver3_.IDENTCARDBACKIMAGEID as IDENTCA24_15_2_, driver3_.IDENTCARDIMAGEID as IDENTCA25_15_2_, driver3_.LICENCEBACKIMAGEID as LICENCE26_15_2_, driver3_.LICENCETYPE as LICENCE15_15_2_, driver3_.LICENCECTRY as LICENCE16_15_2_, driver3_.LICENCEDATEISSUED as LICENCE17_15_2_, driver3_.LICENCEISSUEDBY as LICENCE18_15_2_, driver3_.DRIVERLICENCENO as DRIVERL19_15_2_, driver3_.LICENCEIMAGEID as LICENCE27_15_2_, driver3_.LICENCEVALIDTILL as LICENCE20_15_2_, abimage4_.ABIMAGEID as ABIMAGEI1_2_3_, abimage4_.cid_creno as cid_cre15_2_3_, abimage4_.cid_creda as cid_cred2_2_3_, abimage4_.cid_modno as cid_mod16_2_3_, abimage4_.cid_modda as cid_modd3_2_3_, abimage4_.CLASSIFICATIONID as CLASSIFI4_2_3_, abimage4_.COMPANYID as COMPANYI5_2_3_, abimage4_.FILESIZE as FILESIZE6_2_3_, abimage4_.IMAGE as IMAGE7_2_3_, abimage4_.IMAGECONTTYPE as IMAGECON8_2_3_, abimage4_.IMAGEENCODING as IMAGEENC9_2_3_, abimage4_.IMAGETYPE as IMAGETY10_2_3_, abimage4_.IMAGEUSETYPE as IMAGEUS11_2_3_, abimage4_.NAME as NAME12_2_3_, abimage4_.SHORTDESCR as SHORTDE13_2_3_, abimage4_.STATE as STATE14_2_3_, abimage5_.ABIMAGEID as ABIMAGEI1_2_4_, abimage5_.cid_creno as cid_cre15_2_4_, abimage5_.cid_creda as cid_cred2_2_4_, abimage5_.cid_modno as cid_mod16_2_4_, abimage5_.cid_modda as cid_modd3_2_4_, abimage5_.CLASSIFICATIONID as CLASSIFI4_2_4_, abimage5_.COMPANYID as COMPANYI5_2_4_, abimage5_.FILESIZE as FILESIZE6_2_4_, abimage5_.IMAGE as IMAGE7_2_4_, abimage5_.IMAGECONTTYPE as IMAGECON8_2_4_, abimage5_.IMAGEENCODING as IMAGEENC9_2_4_, abimage5_.IMAGETYPE as IMAGETY10_2_4_, abimage5_.IMAGEUSETYPE as IMAGEUS11_2_4_, abimage5_.NAME as NAME12_2_4_, abimage5_.SHORTDESCR as SHORTDE13_2_4_, abimage5_.STATE as STATE14_2_4_, abimage6_.ABIMAGEID as ABIMAGEI1_2_5_, abimage6_.cid_creno as cid_cre15_2_5_, abimage6_.cid_creda as cid_cred2_2_5_, abimage6_.cid_modno as cid_mod16_2_5_, abimage6_.cid_modda as cid_modd3_2_5_, abimage6_.CLASSIFICATIONID as CLASSIFI4_2_5_, abimage6_.COMPANYID as COMPANYI5_2_5_, abimage6_.FILESIZE as FILESIZE6_2_5_, abimage6_.IMAGE as IMAGE7_2_5_, abimage6_.IMAGECONTTYPE as IMAGECON8_2_5_, abimage6_.IMAGEENCODING as IMAGEENC9_2_5_, abimage6_.IMAGETYPE as IMAGETY10_2_5_, abimage6_.IMAGEUSETYPE as IMAGEUS11_2_5_, abimage6_.NAME as NAME12_2_5_, abimage6_.SHORTDESCR as SHORTDE13_2_5_, abimage6_.STATE as STATE14_2_5_, abimage7_.ABIMAGEID as ABIMAGEI1_2_6_, abimage7_.cid_creno as cid_cre15_2_6_, abimage7_.cid_creda as cid_cred2_2_6_, abimage7_.cid_modno as cid_mod16_2_6_, abimage7_.cid_modda as cid_modd3_2_6_, abimage7_.CLASSIFICATIONID as CLASSIFI4_2_6_, abimage7_.COMPANYID as COMPANYI5_2_6_, abimage7_.FILESIZE as FILESIZE6_2_6_, abimage7_.IMAGE as IMAGE7_2_6_, abimage7_.IMAGECONTTYPE as IMAGECON8_2_6_, abimage7_.IMAGEENCODING as IMAGEENC9_2_6_, abimage7_.IMAGETYPE as IMAGETY10_2_6_, abimage7_.IMAGEUSETYPE as IMAGEUS11_2_6_, abimage7_.NAME as NAME12_2_6_, abimage7_.SHORTDESCR as SHORTDE13_2_6_, abimage7_.STATE as STATE14_2_6_ from CUSTOMER customer0_ left outer join CUAINF1 customer0_1_ on customer0_.CUSTKEY=customer0_1_.ICUSTKEY left outer join ADDRESS addresses1_ on customer0_.CUSTKEY=addresses1_.acustkey left outer join PERSONACCOUNT personacco2_ on customer0_.PERSONACCREC=personacco2_.PERSONACCOUNTID left outer join DRIVER driver3_ on customer0_.CUSTKEY=driver3_.CUSTKEY left outer join ABIMAGE abimage4_ on driver3_.IDENTCARDBACKIMAGEID=abimage4_.ABIMAGEID left outer join ABIMAGE abimage5_ on driver3_.IDENTCARDIMAGEID=abimage5_.ABIMAGEID left outer join ABIMAGE abimage6_ on driver3_.LICENCEBACKIMAGEID=abimage6_.ABIMAGEID left outer join ABIMAGE abimage7_ on driver3_.LICENCEIMAGEID=abimage7_.ABIMAGEID where customer0_.CUSTKEY=?
2016-11-23 13:55:08,718 TRACE [org.jboss.as.txn] (default task-17) JCAOrderedLastSynchronizationList.jcaSyncs.add - Class: class org.jboss.jca.core.connectionmanager.transaction.TransactionSynchronizer HashCode: 650247349 toString: org.jboss.jca.core.connectionmanager.transaction.TransactionSynchronizer@26c1fcb5
2016-11-23 13:55:08,718 TRACE [org.hibernate.resource.jdbc.internal.ResourceRegistryStandardImpl] (default task-17) Registering statement [org.jboss.jca.adapters.jdbc.jdk7.WrappedPreparedStatementJDK7@5670c320]
2016-11-23 13:55:08,718 TRACE [org.hibernate.engine.jdbc.internal.JdbcCoordinatorImpl] (default task-17) Registering last query statement [org.jboss.jca.adapters.jdbc.jdk7.WrappedPreparedStatementJDK7@5670c320]
2016-11-23 13:55:08,719 TRACE [org.hibernate.type.descriptor.sql.BasicBinder] (default task-17) binding parameter [1] as [BIGINT] - [569659]
2016-11-23 13:55:08,719 TRACE [org.hibernate.loader.Loader] (default task-17) Bound [2] parameters total
2016-11-23 13:55:09,194 TRACE [org.hibernate.resource.jdbc.internal.ResourceRegistryStandardImpl] (default task-17) Registering result set [com.ibm.db2.jcc.t4.h@b3c580c]
2016-11-23 13:55:09,194 TRACE [org.hibernate.loader.Loader] (default task-17) Processing result set
2016-11-23 13:55:09,195 DEBUG [org.hibernate.loader.Loader] (default task-17) Result row: EntityKey[com.rentconcept.ams.model.customer.Address#770259], EntityKey[com.rentconcept.ams.model.customer.PersonAccount#483986], EntityKey[com.rentconcept.ams.model.customer.Driver#388758], null, EntityKey[com.rentconcept.ams.model.base.ABImage#492], null, null, EntityKey[com.rentconcept.ams.model.customer.Customer#569659]
2016-11-23 13:55:09,195 TRACE [org.hibernate.loader.Loader] (default task-17) Initializing object from ResultSet: [com.rentconcept.ams.model.customer.Address#770259]
2016-11-23 13:55:09,195 TRACE [org.hibernate.persister.entity.AbstractEntityPersister] (default task-17) Hydrating entity: [com.rentconcept.ams.model.customer.Address#770259]
2016-11-23 13:55:09,196 TRACE [org.hibernate.loader.Loader] (default task-17) Initializing object from ResultSet: [com.rentconcept.ams.model.customer.PersonAccount#483986]
2016-11-23 13:55:09,196 TRACE [org.hibernate.persister.entity.AbstractEntityPersister] (default task-17) Hydrating entity: [com.rentconcept.ams.model.customer.PersonAccount#483986]
2016-11-23 13:55:09,197 TRACE [org.hibernate.loader.Loader] (default task-17) Initializing object from ResultSet: [com.rentconcept.ams.model.customer.Driver#388758]
2016-11-23 13:55:09,197 TRACE [org.hibernate.persister.entity.AbstractEntityPersister] (default task-17) Hydrating entity: [com.rentconcept.ams.model.customer.Driver#388758]
2016-11-23 13:55:09,199 TRACE [org.hibernate.loader.Loader] (default task-17) Initializing object from ResultSet: [com.rentconcept.ams.model.base.ABImage#492]
2016-11-23 13:55:09,199 TRACE [org.hibernate.persister.entity.AbstractEntityPersister] (default task-17) Hydrating entity: [com.rentconcept.ams.model.base.ABImage#492]
2016-11-23 13:55:09,230 TRACE [org.hibernate.loader.Loader] (default task-17) Initializing object from ResultSet: [com.rentconcept.ams.model.customer.Customer#569659]
2016-11-23 13:55:09,230 TRACE [org.hibernate.persister.entity.AbstractEntityPersister] (default task-17) Hydrating entity: [com.rentconcept.ams.model.customer.Customer#569659]
2016-11-23 13:55:09,232 DEBUG [org.hibernate.loader.Loader] (default task-17) Found row of collection: [com.rentconcept.ams.model.customer.Customer.addresses#569659]
2016-11-23 13:55:09,232 TRACE [org.hibernate.engine.loading.internal.LoadContexts] (default task-17) Constructing collection load context for result set [com.ibm.db2.jcc.t4.h@b3c580c]
2016-11-23 13:55:09,232 TRACE [org.hibernate.engine.loading.internal.CollectionLoadContext] (default task-17) Starting attempt to find loading collection [[com.rentconcept.ams.model.customer.Customer.addresses#569659]]
2016-11-23 13:55:09,232 TRACE [org.hibernate.engine.loading.internal.CollectionLoadContext] (default task-17) Instantiating new collection [key=569.659, rs=com.ibm.db2.jcc.t4.h@b3c580c]
2016-11-23 13:55:09,232 TRACE [org.hibernate.loader.Loader] (default task-17) Done processing result set (1 rows)
2016-11-23 13:55:09,232 TRACE [org.hibernate.loader.Loader] (default task-17) Total objects hydrated: 5
2016-11-23 13:55:09,232 DEBUG [org.hibernate.engine.internal.TwoPhaseLoad] (default task-17) Resolving associations for [com.rentconcept.ams.model.customer.Address#770259]
2016-11-23 13:55:09,233 DEBUG [org.hibernate.engine.internal.TwoPhaseLoad] (default task-17) Done materializing entity [com.rentconcept.ams.model.customer.Address#770259]
2016-11-23 13:55:09,233 DEBUG [org.hibernate.engine.internal.TwoPhaseLoad] (default task-17) Resolving associations for [com.rentconcept.ams.model.customer.PersonAccount#483986]
2016-11-23 13:55:09,233 TRACE [org.hibernate.engine.loading.internal.LoadContexts] (default task-17) Attempting to locate loading collection entry [CollectionKey[com.rentconcept.ams.model.customer.PersonAccount.creditCards#483986]] in any result-set context
2016-11-23 13:55:09,233 TRACE [org.hibernate.engine.loading.internal.LoadContexts] (default task-17) Collection [CollectionKey[com.rentconcept.ams.model.customer.PersonAccount.creditCards#483986]] not located in load context
2016-11-23 13:55:09,233 TRACE [org.hibernate.type.CollectionType] (default task-17) Created collection wrapper: [com.rentconcept.ams.model.customer.PersonAccount.creditCards#483986]
2016-11-23 13:55:09,233 DEBUG [org.hibernate.engine.internal.TwoPhaseLoad] (default task-17) Done materializing entity [com.rentconcept.ams.model.customer.PersonAccount#483986]
2016-11-23 13:55:09,233 DEBUG [org.hibernate.engine.internal.TwoPhaseLoad] (default task-17) Resolving associations for [com.rentconcept.ams.model.customer.Driver#388758]
2016-11-23 13:55:09,233 DEBUG [org.hibernate.engine.internal.TwoPhaseLoad] (default task-17) Done materializing entity [com.rentconcept.ams.model.customer.Driver#388758]
2016-11-23 13:55:09,233 DEBUG [org.hibernate.engine.internal.TwoPhaseLoad] (default task-17) Resolving associations for [com.rentconcept.ams.model.base.ABImage#492]
2016-11-23 13:55:09,234 DEBUG [org.hibernate.engine.internal.TwoPhaseLoad] (default task-17) Done materializing entity [com.rentconcept.ams.model.base.ABImage#492]
2016-11-23 13:55:09,234 DEBUG [org.hibernate.engine.internal.TwoPhaseLoad] (default task-17) Resolving associations for [com.rentconcept.ams.model.customer.Customer#569659]
2016-11-23 13:55:09,234 TRACE [org.hibernate.engine.loading.internal.LoadContexts] (default task-17) Attempting to locate loading collection entry [CollectionKey[com.rentconcept.ams.model.customer.Customer.addresses#569659]] in any result-set context
2016-11-23 13:55:09,234 TRACE [org.hibernate.engine.loading.internal.LoadContexts] (default task-17) Collection [CollectionKey[com.rentconcept.ams.model.customer.Customer.addresses#569659]] located in load context
2016-11-23 13:55:09,234 TRACE [org.hibernate.engine.loading.internal.LoadContexts] (default task-17) Returning loading collection: [com.rentconcept.ams.model.customer.Customer.addresses#569659]
2016-11-23 13:55:09,234 TRACE [org.hibernate.engine.loading.internal.LoadContexts] (default task-17) Attempting to locate loading collection entry [CollectionKey[com.rentconcept.ams.model.customer.Customer.bankAccounts#569659]] in any result-set context
2016-11-23 13:55:09,234 TRACE [org.hibernate.engine.loading.internal.LoadContexts] (default task-17) Collection [CollectionKey[com.rentconcept.ams.model.customer.Customer.bankAccounts#569659]] not located in load context
2016-11-23 13:55:09,234 TRACE [org.hibernate.type.CollectionType] (default task-17) Created collection wrapper: [com.rentconcept.ams.model.customer.Customer.bankAccounts#569659]
2016-11-23 13:55:09,234 TRACE [org.hibernate.engine.loading.internal.LoadContexts] (default task-17) Attempting to locate loading collection entry [CollectionKey[com.rentconcept.ams.model.customer.Customer.customerBusinessAreas#569659]] in any result-set context
2016-11-23 13:55:09,234 TRACE [org.hibernate.engine.loading.internal.LoadContexts] (default task-17) Collection [CollectionKey[com.rentconcept.ams.model.customer.Customer.customerBusinessAreas#569659]] not located in load context
2016-11-23 13:55:09,234 TRACE [org.hibernate.type.CollectionType] (default task-17) Created collection wrapper: [com.rentconcept.ams.model.customer.Customer.customerBusinessAreas#569659]
2016-11-23 13:55:09,234 TRACE [org.hibernate.engine.loading.internal.LoadContexts] (default task-17) Attempting to locate loading collection entry [CollectionKey[com.rentconcept.ams.model.customer.Customer.customerCards#569659]] in any result-set context
2016-11-23 13:55:09,234 TRACE [org.hibernate.engine.loading.internal.LoadContexts] (default task-17) Collection [CollectionKey[com.rentconcept.ams.model.customer.Customer.customerCards#569659]] not located in load context
2016-11-23 13:55:09,234 TRACE [org.hibernate.type.CollectionType] (default task-17) Created collection wrapper: [com.rentconcept.ams.model.customer.Customer.customerCards#569659]
2016-11-23 13:55:09,234 TRACE [org.hibernate.engine.loading.internal.LoadContexts] (default task-17) Attempting to locate loading collection entry [CollectionKey[com.rentconcept.ams.model.customer.Customer.customerRelations#569659]] in any result-set context
2016-11-23 13:55:09,234 TRACE [org.hibernate.engine.loading.internal.LoadContexts] (default task-17) Collection [CollectionKey[com.rentconcept.ams.model.customer.Customer.customerRelations#569659]] not located in load context
2016-11-23 13:55:09,234 TRACE [org.hibernate.type.CollectionType] (default task-17) Created collection wrapper: [com.rentconcept.ams.model.customer.Customer.customerRelations#569659]
2016-11-23 13:55:09,234 DEBUG [org.hibernate.engine.internal.TwoPhaseLoad] (default task-17) Done materializing entity [com.rentconcept.ams.model.customer.Customer#569659]
2016-11-23 13:55:09,234 TRACE [org.hibernate.engine.loading.internal.LoadContexts] (default task-17) Attempting to locate loading collection entry [CollectionKey[com.rentconcept.ams.model.customer.Customer.addresses#569659]] in any result-set context
2016-11-23 13:55:09,234 TRACE [org.hibernate.engine.loading.internal.LoadContexts] (default task-17) Collection [CollectionKey[com.rentconcept.ams.model.customer.Customer.addresses#569659]] located in load context
2016-11-23 13:55:09,234 TRACE [org.hibernate.engine.loading.internal.CollectionLoadContext] (default task-17) Removing collection load entry [org.hibernate.engine.loading.internal.LoadingCollectionEntry<rs=com.ibm.db2.jcc.t4.h@b3c580c, coll=[com.rentconcept.ams.model.customer.Customer.addresses#569659]>@6f9df728]
2016-11-23 13:55:09,235 DEBUG [org.hibernate.engine.loading.internal.CollectionLoadContext] (default task-17) 1 collections were found in result set for role: com.rentconcept.ams.model.customer.Customer.addresses
2016-11-23 13:55:09,235 TRACE [org.hibernate.engine.loading.internal.CollectionLoadContext] (default task-17) Ending loading collection [org.hibernate.engine.loading.internal.LoadingCollectionEntry<rs=com.ibm.db2.jcc.t4.h@b3c580c, coll=[com.rentconcept.ams.model.customer.Customer.addresses#569659]>@6f9df728]
2016-11-23 13:55:09,235 DEBUG [org.hibernate.engine.loading.internal.CollectionLoadContext] (default task-17) Collection fully initialized: [com.rentconcept.ams.model.customer.Customer.addresses#569659]
2016-11-23 13:55:09,235 DEBUG [org.hibernate.engine.loading.internal.CollectionLoadContext] (default task-17) 1 collections initialized for role: com.rentconcept.ams.model.customer.Customer.addresses
2016-11-23 13:55:09,235 TRACE [org.hibernate.resource.jdbc.internal.ResourceRegistryStandardImpl] (default task-17) Releasing statement [org.jboss.jca.adapters.jdbc.jdk7.WrappedPreparedStatementJDK7@5670c320]
2016-11-23 13:55:09,235 TRACE [org.hibernate.resource.jdbc.internal.ResourceRegistryStandardImpl] (default task-17) Closing result set [com.ibm.db2.jcc.t4.h@b3c580c]
2016-11-23 13:55:09,235 TRACE [org.hibernate.resource.jdbc.internal.ResourceRegistryStandardImpl] (default task-17) Closing prepared statement [org.jboss.jca.adapters.jdbc.jdk7.WrappedPreparedStatementJDK7@5670c320]
2016-11-23 13:55:09,235 TRACE [org.hibernate.engine.jdbc.internal.JdbcCoordinatorImpl] (default task-17) Starting afterQuery statement execution processing [ON_CLOSE]
2016-11-23 13:55:09,235 TRACE [org.hibernate.event.internal.DefaultInitializeCollectionEventListener] (default task-17) Initializing collection [com.rentconcept.ams.model.customer.PersonAccount.creditCards#483986]
2016-11-23 13:55:09,235 TRACE [org.hibernate.event.internal.DefaultInitializeCollectionEventListener] (default task-17) Checking second-level cache
2016-11-23 13:55:09,235 TRACE [org.hibernate.event.internal.DefaultInitializeCollectionEventListener] (default task-17) Collection not cached
2016-11-23 13:55:09,236 DEBUG [org.hibernate.loader.collection.plan.AbstractLoadPlanBasedCollectionInitializer] (default task-17) Loading collection: [com.rentconcept.ams.model.customer.PersonAccount.creditCards#483986]
2016-11-23 13:55:09,236 DEBUG [org.hibernate.SQL] (default task-17) select creditcard0_.PERSONALACCOUNTID as PERSONA10_31_0_, creditcard0_.CUSTPAYTTYPE_R_ID as CUSTPAYT1_31_0_, creditcard0_.CUSTPAYTTYPE_R_ID as CUSTPAYT1_31_1_, creditcard0_.cid_creno as cid_cren8_31_1_, creditcard0_.cid_creda as cid_cred2_31_1_, creditcard0_.cid_modno as cid_modn9_31_1_, creditcard0_.cid_modda as cid_modd3_31_1_, creditcard0_.PERSONALACCOUNTID as PERSONA10_31_1_, creditcard0_.PAYTYPEVALUE2 as PAYTYPEV4_31_1_, creditcard0_.ISDEFAULT as ISDEFAUL5_31_1_, creditcard0_.PAYTYPEVALUE1 as PAYTYPEV6_31_1_, creditcard0_.PAYMENTTYPEID as PAYMENT11_31_1_, creditcard0_.STATE as STATE7_31_1_, paymenttyp1_.PAYMENTTYPEID as PAYMENTT1_30_2_, paymenttyp1_.ISCC as ISCC2_30_2_, paymenttyp1_.SHORTDESCR as SHORTDES3_30_2_ from PERSACCOPAYMENTTYPE_R creditcard0_ left outer join PAYMENTTYPE paymenttyp1_ on creditcard0_.PAYMENTTYPEID=paymenttyp1_.PAYMENTTYPEID where creditcard0_.PERSONALACCOUNTID=?
2016-11-23 13:55:09,236 TRACE [org.hibernate.resource.jdbc.internal.ResourceRegistryStandardImpl] (default task-17) Registering statement [org.jboss.jca.adapters.jdbc.jdk7.WrappedPreparedStatementJDK7@673f62f1]
2016-11-23 13:55:09,236 TRACE [org.hibernate.engine.jdbc.internal.JdbcCoordinatorImpl] (default task-17) Registering last query statement [org.jboss.jca.adapters.jdbc.jdk7.WrappedPreparedStatementJDK7@673f62f1]
2016-11-23 13:55:09,236 TRACE [org.hibernate.type.descriptor.sql.BasicBinder] (default task-17) binding parameter [1] as [BIGINT] - [483986]
2016-11-23 13:55:09,237 TRACE [org.hibernate.loader.plan.exec.internal.AbstractLoadPlanBasedLoader] (default task-17) Bound [2] parameters total
2016-11-23 13:55:09,271 TRACE [org.hibernate.resource.jdbc.internal.ResourceRegistryStandardImpl] (default task-17) Registering result set [com.ibm.db2.jcc.t4.h@1e9fd345]
2016-11-23 13:55:09,271 DEBUG [org.hibernate.loader.plan.exec.process.internal.ResultSetProcessorImpl] (default task-17) Preparing collection intializer : [com.rentconcept.ams.model.customer.PersonAccount.creditCards#483986]
2016-11-23 13:55:09,271 TRACE [org.hibernate.engine.loading.internal.LoadContexts] (default task-17) Constructing collection load context for result set [com.ibm.db2.jcc.t4.h@1e9fd345]
2016-11-23 13:55:09,271 TRACE [org.hibernate.engine.loading.internal.CollectionLoadContext] (default task-17) Starting attempt to find loading collection [[com.rentconcept.ams.model.customer.PersonAccount.creditCards#483986]]
2016-11-23 13:55:09,271 TRACE [org.hibernate.engine.loading.internal.LoadContexts] (default task-17) Attempting to locate loading collection entry [CollectionKey[com.rentconcept.ams.model.customer.PersonAccount.creditCards#483986]] in any result-set context
2016-11-23 13:55:09,271 TRACE [org.hibernate.engine.loading.internal.LoadContexts] (default task-17) Collection [CollectionKey[com.rentconcept.ams.model.customer.PersonAccount.creditCards#483986]] not located in load context
2016-11-23 13:55:09,271 TRACE [org.hibernate.engine.loading.internal.CollectionLoadContext] (default task-17) Collection not yet initialized; initializing
2016-11-23 13:55:09,271 TRACE [org.hibernate.loader.plan.exec.process.internal.ResultSetProcessorImpl] (default task-17) Processing result set
2016-11-23 13:55:09,271 TRACE [org.hibernate.loader.plan.exec.process.internal.ResultSetProcessorImpl] (default task-17) Done processing result set (0 rows)
2016-11-23 13:55:09,272 TRACE [org.hibernate.loader.plan.exec.process.internal.AbstractRowReader] (default task-17) Total objects hydrated: 0
2016-11-23 13:55:09,272 TRACE [org.hibernate.engine.loading.internal.LoadContexts] (default task-17) Attempting to locate loading collection entry [CollectionKey[com.rentconcept.ams.model.customer.PersonAccount.creditCards#483986]] in any result-set context
2016-11-23 13:55:09,272 TRACE [org.hibernate.engine.loading.internal.LoadContexts] (default task-17) Collection [CollectionKey[com.rentconcept.ams.model.customer.PersonAccount.creditCards#483986]] located in load context
2016-11-23 13:55:09,272 TRACE [org.hibernate.engine.loading.internal.CollectionLoadContext] (default task-17) Removing collection load entry [org.hibernate.engine.loading.internal.LoadingCollectionEntry<rs=com.ibm.db2.jcc.t4.h@1e9fd345, coll=[com.rentconcept.ams.model.customer.PersonAccount.creditCards#483986]>@77c783d2]
2016-11-23 13:55:09,272 DEBUG [org.hibernate.engine.loading.internal.CollectionLoadContext] (default task-17) 1 collections were found in result set for role: com.rentconcept.ams.model.customer.PersonAccount.creditCards
2016-11-23 13:55:09,272 TRACE [org.hibernate.engine.loading.internal.CollectionLoadContext] (default task-17) Ending loading collection [org.hibernate.engine.loading.internal.LoadingCollectionEntry<rs=com.ibm.db2.jcc.t4.h@1e9fd345, coll=[com.rentconcept.ams.model.customer.PersonAccount.creditCards#483986]>@77c783d2]
2016-11-23 13:55:09,272 DEBUG [org.hibernate.engine.loading.internal.CollectionLoadContext] (default task-17) Collection fully initialized: [com.rentconcept.ams.model.customer.PersonAccount.creditCards#483986]
2016-11-23 13:55:09,272 DEBUG [org.hibernate.engine.loading.internal.CollectionLoadContext] (default task-17) 1 collections initialized for role: com.rentconcept.ams.model.customer.PersonAccount.creditCards
2016-11-23 13:55:09,272 TRACE [org.hibernate.loader.plan.exec.process.internal.ResultSetProcessingContextImpl] (default task-17) Skipping create subselects because there are fewer than 2 results, so query by key is more efficient.
2016-11-23 13:55:09,272 TRACE [org.hibernate.resource.jdbc.internal.ResourceRegistryStandardImpl] (default task-17) Releasing result set [com.ibm.db2.jcc.t4.h@1e9fd345]
2016-11-23 13:55:09,272 TRACE [org.hibernate.resource.jdbc.internal.ResourceRegistryStandardImpl] (default task-17) Closing result set [com.ibm.db2.jcc.t4.h@1e9fd345]
2016-11-23 13:55:09,272 TRACE [org.hibernate.resource.jdbc.internal.ResourceRegistryStandardImpl] (default task-17) Releasing statement [org.jboss.jca.adapters.jdbc.jdk7.WrappedPreparedStatementJDK7@673f62f1]
2016-11-23 13:55:09,272 DEBUG [org.hibernate.resource.jdbc.internal.ResourceRegistryStandardImpl] (default task-17) HHH000387: ResultSet's statement was not registered
2016-11-23 13:55:09,272 TRACE [org.hibernate.resource.jdbc.internal.ResourceRegistryStandardImpl] (default task-17) Closing prepared statement [org.jboss.jca.adapters.jdbc.jdk7.WrappedPreparedStatementJDK7@673f62f1]
2016-11-23 13:55:09,272 TRACE [org.hibernate.engine.jdbc.internal.JdbcCoordinatorImpl] (default task-17) Starting afterQuery statement execution processing [ON_CLOSE]
2016-11-23 13:55:09,272 DEBUG [org.hibernate.loader.collection.plan.AbstractLoadPlanBasedCollectionInitializer] (default task-17) Done loading collection
2016-11-23 13:55:09,272 TRACE [org.hibernate.event.internal.DefaultInitializeCollectionEventListener] (default task-17) Collection initialized
2016-11-23 13:55:09,272 DEBUG [org.hibernate.loader.Loader] (default task-17) Done entity load
2016-11-23 13:55:09,272 TRACE [org.hibernate.engine.internal.Cascade] (default task-17) Processing cascade ACTION_MERGE for: com.rentconcept.ams.model.customer.Customer
2016-11-23 13:55:09,272 TRACE [org.hibernate.engine.internal.Cascade] (default task-17) Cascade ACTION_MERGE for collection: com.rentconcept.ams.model.customer.Customer.addresses
2016-11-23 13:55:09,272 TRACE [org.hibernate.engine.spi.CascadingAction] (default task-17) Cascading to merge: com.rentconcept.ams.model.customer.Address
2016-11-23 13:55:09,273 TRACE [org.hibernate.event.internal.DefaultMergeEventListener] (default task-17) Merging detached instance
2016-11-23 13:55:09,273 TRACE [org.hibernate.engine.internal.Cascade] (default task-17) Done cascade ACTION_MERGE for collection: com.rentconcept.ams.model.customer.Customer.addresses
2016-11-23 13:55:09,273 TRACE [org.hibernate.engine.internal.Cascade] (default task-17) Cascade ACTION_MERGE for collection: com.rentconcept.ams.model.customer.Customer.customerBusinessAreas
2016-11-23 13:55:09,273 TRACE [org.hibernate.engine.internal.Cascade] (default task-17) Done cascade ACTION_MERGE for collection: com.rentconcept.ams.model.customer.Customer.customerBusinessAreas
2016-11-23 13:55:09,273 TRACE [org.hibernate.engine.internal.Cascade] (default task-17) Cascade ACTION_MERGE for collection: com.rentconcept.ams.model.customer.Customer.customerCards
2016-11-23 13:55:09,273 TRACE [org.hibernate.engine.spi.CascadingAction] (default task-17) Cascading to merge: com.rentconcept.ams.model.customer.CustomerCard
2016-11-23 13:55:09,273 TRACE [org.hibernate.engine.spi.IdentifierValue] (default task-17) ID unsaved-value: 0
2016-11-23 13:55:09,273 TRACE [org.hibernate.event.internal.AbstractSaveEventListener] (default task-17) Detached instance of: com.rentconcept.ams.model.customer.CustomerCard
2016-11-23 13:55:09,273 TRACE [org.hibernate.event.internal.DefaultMergeEventListener] (default task-17) Merging detached instance
2016-11-23 13:55:09,273 TRACE [org.hibernate.persister.entity.AbstractEntityPersister] (default task-17) Fetching entity: [com.rentconcept.ams.model.customer.CustomerCard#8500]
2016-11-23 13:55:09,273 DEBUG [org.hibernate.loader.Loader] (default task-17) Loading entity: [com.rentconcept.ams.model.customer.CustomerCard#8500]
2016-11-23 13:55:09,273 DEBUG [org.hibernate.SQL] (default task-17) /* load com.rentconcept.ams.model.customer.CustomerCard */ select customerca0_.CUSTOMERPROGRAMMID as CUSTOMER1_11_0_, customerca0_.cid_creno as cid_cren9_11_0_, customerca0_.cid_creda as cid_cred2_11_0_, customerca0_.cid_modno as cid_mod10_11_0_, customerca0_.cid_modda as cid_modd3_11_0_, customerca0_.CARDTYPE as CARDTYPE4_11_0_, customerca0_.CUSTOMERID as CUSTOME11_11_0_, customerca0_.CUSTPRGVALUE1 as CUSTPRGV5_11_0_, customerca0_.CUSTPRGVALUE2 as CUSTPRGV6_11_0_, customerca0_.STATE as STATE7_11_0_, customerca0_.PROGRAMMTYPE as PROGRAMM8_11_0_ from CUSTOMERPROGRAMM customerca0_ where customerca0_.CUSTOMERPROGRAMMID=?
2016-11-23 13:55:09,274 INFO  [stdout] (default task-17) Hibernate: /* load com.rentconcept.ams.model.customer.CustomerCard */ select customerca0_.CUSTOMERPROGRAMMID as CUSTOMER1_11_0_, customerca0_.cid_creno as cid_cren9_11_0_, customerca0_.cid_creda as cid_cred2_11_0_, customerca0_.cid_modno as cid_mod10_11_0_, customerca0_.cid_modda as cid_modd3_11_0_, customerca0_.CARDTYPE as CARDTYPE4_11_0_, customerca0_.CUSTOMERID as CUSTOME11_11_0_, customerca0_.CUSTPRGVALUE1 as CUSTPRGV5_11_0_, customerca0_.CUSTPRGVALUE2 as CUSTPRGV6_11_0_, customerca0_.STATE as STATE7_11_0_, customerca0_.PROGRAMMTYPE as PROGRAMM8_11_0_ from CUSTOMERPROGRAMM customerca0_ where customerca0_.CUSTOMERPROGRAMMID=?
2016-11-23 13:55:09,274 TRACE [org.hibernate.resource.jdbc.internal.ResourceRegistryStandardImpl] (default task-17) Registering statement [org.jboss.jca.adapters.jdbc.jdk7.WrappedPreparedStatementJDK7@6b734f31]
2016-11-23 13:55:09,274 TRACE [org.hibernate.engine.jdbc.internal.JdbcCoordinatorImpl] (default task-17) Registering last query statement [org.jboss.jca.adapters.jdbc.jdk7.WrappedPreparedStatementJDK7@6b734f31]
2016-11-23 13:55:09,274 TRACE [org.hibernate.type.descriptor.sql.BasicBinder] (default task-17) binding parameter [1] as [BIGINT] - [8500]
2016-11-23 13:55:09,274 TRACE [org.hibernate.loader.Loader] (default task-17) Bound [2] parameters total
2016-11-23 13:55:09,309 TRACE [org.hibernate.resource.jdbc.internal.ResourceRegistryStandardImpl] (default task-17) Registering result set [com.ibm.db2.jcc.t4.h@b96ace1]
2016-11-23 13:55:09,310 TRACE [org.hibernate.loader.Loader] (default task-17) Processing result set
2016-11-23 13:55:09,310 DEBUG [org.hibernate.loader.Loader] (default task-17) Result row: EntityKey[com.rentconcept.ams.model.customer.CustomerCard#8500]
2016-11-23 13:55:09,310 TRACE [org.hibernate.loader.Loader] (default task-17) Initializing object from ResultSet: [com.rentconcept.ams.model.customer.CustomerCard#8500]
2016-11-23 13:55:09,310 TRACE [org.hibernate.persister.entity.AbstractEntityPersister] (default task-17) Hydrating entity: [com.rentconcept.ams.model.customer.CustomerCard#8500]
2016-11-23 13:55:09,310 TRACE [org.hibernate.loader.Loader] (default task-17) Done processing result set (1 rows)
2016-11-23 13:55:09,310 TRACE [org.hibernate.loader.Loader] (default task-17) Total objects hydrated: 1
2016-11-23 13:55:09,311 DEBUG [org.hibernate.engine.internal.TwoPhaseLoad] (default task-17) Resolving associations for [com.rentconcept.ams.model.customer.CustomerCard#8500]
2016-11-23 13:55:09,311 DEBUG [org.hibernate.engine.internal.TwoPhaseLoad] (default task-17) Done materializing entity [com.rentconcept.ams.model.customer.CustomerCard#8500]
2016-11-23 13:55:09,311 TRACE [org.hibernate.resource.jdbc.internal.ResourceRegistryStandardImpl] (default task-17) Releasing statement [org.jboss.jca.adapters.jdbc.jdk7.WrappedPreparedStatementJDK7@6b734f31]
2016-11-23 13:55:09,311 TRACE [org.hibernate.resource.jdbc.internal.ResourceRegistryStandardImpl] (default task-17) Closing result set [com.ibm.db2.jcc.t4.h@b96ace1]
2016-11-23 13:55:09,311 TRACE [org.hibernate.resource.jdbc.internal.ResourceRegistryStandardImpl] (default task-17) Closing prepared statement [org.jboss.jca.adapters.jdbc.jdk7.WrappedPreparedStatementJDK7@6b734f31]
2016-11-23 13:55:09,311 TRACE [org.hibernate.engine.jdbc.internal.JdbcCoordinatorImpl] (default task-17) Starting afterQuery statement execution processing [ON_CLOSE]
2016-11-23 13:55:09,311 DEBUG [org.hibernate.loader.Loader] (default task-17) Done entity load
2016-11-23 13:55:09,311 TRACE [org.hibernate.engine.internal.Cascade] (default task-17) Done cascade ACTION_MERGE for collection: com.rentconcept.ams.model.customer.Customer.customerCards
2016-11-23 13:55:09,311 TRACE [org.hibernate.engine.internal.Cascade] (default task-17) Cascade ACTION_MERGE for collection: com.rentconcept.ams.model.customer.Customer.customerRelations
2016-11-23 13:55:09,311 TRACE [org.hibernate.engine.internal.Cascade] (default task-17) Done cascade ACTION_MERGE for collection: com.rentconcept.ams.model.customer.Customer.customerRelations
2016-11-23 13:55:09,311 TRACE [org.hibernate.engine.spi.CascadingAction] (default task-17) Cascading to merge: com.rentconcept.ams.model.customer.PersonAccount
2016-11-23 13:55:09,312 TRACE [org.hibernate.event.internal.DefaultMergeEventListener] (default task-17) Merging detached instance
2016-11-23 13:55:09,312 TRACE [org.hibernate.engine.internal.Cascade] (default task-17) Processing cascade ACTION_MERGE for: com.rentconcept.ams.model.customer.PersonAccount
2016-11-23 13:55:09,312 TRACE [org.hibernate.engine.internal.Cascade] (default task-17) Cascade ACTION_MERGE for collection: com.rentconcept.ams.model.customer.PersonAccount.creditCards
2016-11-23 13:55:09,312 TRACE [org.hibernate.engine.internal.Cascade] (default task-17) Done cascade ACTION_MERGE for collection: com.rentconcept.ams.model.customer.PersonAccount.creditCards
2016-11-23 13:55:09,312 TRACE [org.hibernate.engine.internal.Cascade] (default task-17) Done processing cascade ACTION_MERGE for: com.rentconcept.ams.model.customer.PersonAccount
2016-11-23 13:55:09,312 DEBUG [org.hibernate.engine.spi.CollectionEntry] (default task-17) Reset storedSnapshot to {} for CollectionEntry[com.rentconcept.ams.model.customer.PersonAccount.creditCards#483986]
2016-11-23 13:55:09,312 TRACE [org.hibernate.engine.spi.CascadingAction] (default task-17) Cascading to merge: com.rentconcept.ams.model.customer.Driver
2016-11-23 13:55:09,312 TRACE [org.hibernate.event.internal.DefaultMergeEventListener] (default task-17) Merging detached instance
2016-11-23 13:55:09,312 TRACE [org.hibernate.engine.internal.Cascade] (default task-17) Processing cascade ACTION_MERGE for: com.rentconcept.ams.model.customer.Driver
2016-11-23 13:55:09,312 TRACE [org.hibernate.engine.internal.Cascade] (default task-17) Done processing cascade ACTION_MERGE for: com.rentconcept.ams.model.customer.Driver
2016-11-23 13:55:09,313 TRACE [org.hibernate.engine.internal.Cascade] (default task-17) Done processing cascade ACTION_MERGE for: com.rentconcept.ams.model.customer.Customer
2016-11-23 13:55:09,316 TRACE [org.hibernate.event.internal.DefaultInitializeCollectionEventListener] (default task-17) Initializing collection [com.rentconcept.ams.model.customer.Customer.customerCards#569659]
2016-11-23 13:55:09,316 TRACE [org.hibernate.event.internal.DefaultInitializeCollectionEventListener] (default task-17) Checking second-level cache
2016-11-23 13:55:09,317 TRACE [org.hibernate.event.internal.DefaultInitializeCollectionEventListener] (default task-17) Collection not cached
2016-11-23 13:55:09,317 DEBUG [org.hibernate.loader.collection.plan.AbstractLoadPlanBasedCollectionInitializer] (default task-17) Loading collection: [com.rentconcept.ams.model.customer.Customer.customerCards#569659]
2016-11-23 13:55:09,317 DEBUG [org.hibernate.SQL] (default task-17) select customerca0_.CUSTOMERID as CUSTOME11_11_0_, customerca0_.CUSTOMERPROGRAMMID as CUSTOMER1_11_0_, customerca0_.CUSTOMERPROGRAMMID as CUSTOMER1_11_1_, customerca0_.cid_creno as cid_cren9_11_1_, customerca0_.cid_creda as cid_cred2_11_1_, customerca0_.cid_modno as cid_mod10_11_1_, customerca0_.cid_modda as cid_modd3_11_1_, customerca0_.CARDTYPE as CARDTYPE4_11_1_, customerca0_.CUSTOMERID as CUSTOME11_11_1_, customerca0_.CUSTPRGVALUE1 as CUSTPRGV5_11_1_, customerca0_.CUSTPRGVALUE2 as CUSTPRGV6_11_1_, customerca0_.STATE as STATE7_11_1_, customerca0_.PROGRAMMTYPE as PROGRAMM8_11_1_ from CUSTOMERPROGRAMM customerca0_ where customerca0_.CUSTOMERID=?
2016-11-23 13:55:09,317 INFO  [stdout] (default task-17) Hibernate: select customerca0_.CUSTOMERID as CUSTOME11_11_0_, customerca0_.CUSTOMERPROGRAMMID as CUSTOMER1_11_0_, customerca0_.CUSTOMERPROGRAMMID as CUSTOMER1_11_1_, customerca0_.cid_creno as cid_cren9_11_1_, customerca0_.cid_creda as cid_cred2_11_1_, customerca0_.cid_modno as cid_mod10_11_1_, customerca0_.cid_modda as cid_modd3_11_1_, customerca0_.CARDTYPE as CARDTYPE4_11_1_, customerca0_.CUSTOMERID as CUSTOME11_11_1_, customerca0_.CUSTPRGVALUE1 as CUSTPRGV5_11_1_, customerca0_.CUSTPRGVALUE2 as CUSTPRGV6_11_1_, customerca0_.STATE as STATE7_11_1_, customerca0_.PROGRAMMTYPE as PROGRAMM8_11_1_ from CUSTOMERPROGRAMM customerca0_ where customerca0_.CUSTOMERID=?
2016-11-23 13:55:09,317 TRACE [org.hibernate.resource.jdbc.internal.ResourceRegistryStandardImpl] (default task-17) Registering statement [org.jboss.jca.adapters.jdbc.jdk7.WrappedPreparedStatementJDK7@2096f371]
2016-11-23 13:55:09,317 TRACE [org.hibernate.engine.jdbc.internal.JdbcCoordinatorImpl] (default task-17) Registering last query statement [org.jboss.jca.adapters.jdbc.jdk7.WrappedPreparedStatementJDK7@2096f371]
2016-11-23 13:55:09,317 TRACE [org.hibernate.type.descriptor.sql.BasicBinder] (default task-17) binding parameter [1] as [BIGINT] - [569659]
2016-11-23 13:55:09,317 TRACE [org.hibernate.loader.plan.exec.internal.AbstractLoadPlanBasedLoader] (default task-17) Bound [2] parameters total
2016-11-23 13:55:09,352 TRACE [org.hibernate.resource.jdbc.internal.ResourceRegistryStandardImpl] (default task-17) Registering result set [com.ibm.db2.jcc.t4.h@675de614]
2016-11-23 13:55:09,352 DEBUG [org.hibernate.loader.plan.exec.process.internal.ResultSetProcessorImpl] (default task-17) Preparing collection intializer : [com.rentconcept.ams.model.customer.Customer.customerCards#569659]
2016-11-23 13:55:09,352 TRACE [org.hibernate.engine.loading.internal.LoadContexts] (default task-17) Constructing collection load context for result set [com.ibm.db2.jcc.t4.h@675de614]
2016-11-23 13:55:09,352 TRACE [org.hibernate.engine.loading.internal.CollectionLoadContext] (default task-17) Starting attempt to find loading collection [[com.rentconcept.ams.model.customer.Customer.customerCards#569659]]
2016-11-23 13:55:09,352 TRACE [org.hibernate.engine.loading.internal.LoadContexts] (default task-17) Attempting to locate loading collection entry [CollectionKey[com.rentconcept.ams.model.customer.Customer.customerCards#569659]] in any result-set context
2016-11-23 13:55:09,352 TRACE [org.hibernate.engine.loading.internal.LoadContexts] (default task-17) Collection [CollectionKey[com.rentconcept.ams.model.customer.Customer.customerCards#569659]] not located in load context
2016-11-23 13:55:09,353 TRACE [org.hibernate.engine.loading.internal.CollectionLoadContext] (default task-17) Collection not yet initialized; initializing
2016-11-23 13:55:09,353 TRACE [org.hibernate.loader.plan.exec.process.internal.ResultSetProcessorImpl] (default task-17) Processing result set
2016-11-23 13:55:09,353 DEBUG [org.hibernate.loader.plan.exec.process.internal.ResultSetProcessorImpl] (default task-17) Starting ResultSet row #0
2016-11-23 13:55:09,353 DEBUG [org.hibernate.loader.plan.exec.process.internal.CollectionReferenceInitializerImpl] (default task-17) Found row of collection: [com.rentconcept.ams.model.customer.Customer.customerCards#569659]
2016-11-23 13:55:09,353 TRACE [org.hibernate.engine.loading.internal.CollectionLoadContext] (default task-17) Starting attempt to find loading collection [[com.rentconcept.ams.model.customer.Customer.customerCards#569659]]
2016-11-23 13:55:09,353 TRACE [org.hibernate.engine.loading.internal.LoadContexts] (default task-17) Attempting to locate loading collection entry [CollectionKey[com.rentconcept.ams.model.customer.Customer.customerCards#569659]] in any result-set context
2016-11-23 13:55:09,353 TRACE [org.hibernate.engine.loading.internal.LoadContexts] (default task-17) Collection [CollectionKey[com.rentconcept.ams.model.customer.Customer.customerCards#569659]] located in load context
2016-11-23 13:55:09,353 TRACE [org.hibernate.engine.loading.internal.CollectionLoadContext] (default task-17) Found loading collection bound to current result set processing; reading row
2016-11-23 13:55:09,353 TRACE [org.hibernate.loader.plan.exec.process.internal.ResultSetProcessorImpl] (default task-17) Done processing result set (1 rows)
2016-11-23 13:55:09,353 TRACE [org.hibernate.loader.plan.exec.process.internal.AbstractRowReader] (default task-17) Total objects hydrated: 0
2016-11-23 13:55:09,353 TRACE [org.hibernate.engine.loading.internal.LoadContexts] (default task-17) Attempting to locate loading collection entry [CollectionKey[com.rentconcept.ams.model.customer.Customer.customerCards#569659]] in any result-set context
2016-11-23 13:55:09,353 TRACE [org.hibernate.engine.loading.internal.LoadContexts] (default task-17) Collection [CollectionKey[com.rentconcept.ams.model.customer.Customer.customerCards#569659]] located in load context
2016-11-23 13:55:09,353 TRACE [org.hibernate.engine.loading.internal.CollectionLoadContext] (default task-17) Removing collection load entry [org.hibernate.engine.loading.internal.LoadingCollectionEntry<rs=com.ibm.db2.jcc.t4.h@675de614, coll=[com.rentconcept.ams.model.customer.Customer.customerCards#569659]>@6d9dfc5c]
2016-11-23 13:55:09,353 DEBUG [org.hibernate.engine.loading.internal.CollectionLoadContext] (default task-17) 1 collections were found in result set for role: com.rentconcept.ams.model.customer.Customer.customerCards
2016-11-23 13:55:09,353 TRACE [org.hibernate.engine.loading.internal.CollectionLoadContext] (default task-17) Ending loading collection [org.hibernate.engine.loading.internal.LoadingCollectionEntry<rs=com.ibm.db2.jcc.t4.h@675de614, coll=[com.rentconcept.ams.model.customer.Customer.customerCards#569659]>@6d9dfc5c]
2016-11-23 13:55:09,353 DEBUG [org.hibernate.engine.loading.internal.CollectionLoadContext] (default task-17) Collection fully initialized: [com.rentconcept.ams.model.customer.Customer.customerCards#569659]
2016-11-23 13:55:09,353 DEBUG [org.hibernate.engine.loading.internal.CollectionLoadContext] (default task-17) 1 collections initialized for role: com.rentconcept.ams.model.customer.Customer.customerCards
2016-11-23 13:55:09,353 TRACE [org.hibernate.loader.plan.exec.process.internal.ResultSetProcessingContextImpl] (default task-17) Skipping create subselects because there are fewer than 2 results, so query by key is more efficient.
2016-11-23 13:55:09,354 TRACE [org.hibernate.resource.jdbc.internal.ResourceRegistryStandardImpl] (default task-17) Releasing result set [com.ibm.db2.jcc.t4.h@675de614]
2016-11-23 13:55:09,354 TRACE [org.hibernate.resource.jdbc.internal.ResourceRegistryStandardImpl] (default task-17) Closing result set [com.ibm.db2.jcc.t4.h@675de614]
2016-11-23 13:55:09,354 TRACE [org.hibernate.resource.jdbc.internal.ResourceRegistryStandardImpl] (default task-17) Releasing statement [org.jboss.jca.adapters.jdbc.jdk7.WrappedPreparedStatementJDK7@2096f371]
2016-11-23 13:55:09,354 DEBUG [org.hibernate.resource.jdbc.internal.ResourceRegistryStandardImpl] (default task-17) HHH000387: ResultSet's statement was not registered
2016-11-23 13:55:09,354 TRACE [org.hibernate.resource.jdbc.internal.ResourceRegistryStandardImpl] (default task-17) Closing prepared statement [org.jboss.jca.adapters.jdbc.jdk7.WrappedPreparedStatementJDK7@2096f371]
2016-11-23 13:55:09,354 TRACE [org.hibernate.engine.jdbc.internal.JdbcCoordinatorImpl] (default task-17) Starting afterQuery statement execution processing [ON_CLOSE]
2016-11-23 13:55:09,354 DEBUG [org.hibernate.loader.collection.plan.AbstractLoadPlanBasedCollectionInitializer] (default task-17) Done loading collection
2016-11-23 13:55:09,354 TRACE [org.hibernate.event.internal.DefaultInitializeCollectionEventListener] (default task-17) Collection initialized
2016-11-23 13:55:09,354 TRACE [org.springframework.transaction.interceptor.TransactionInterceptor] (default task-17) Completing transaction for [org.springframework.data.jpa.repository.support.SimpleJpaRepository.save]
2016-11-23 13:55:09,354 TRACE [org.springframework.transaction.support.TransactionSynchronizationManager] (default task-17) Removed value [org.springframework.data.jpa.repository.support.CrudMethodMetadataPostProcessor$DefaultCrudMethodMetadata@416659de] for key [public abstract java.lang.Object org.springframework.data.repository.CrudRepository.save(java.lang.Object)] from thread [default task-17]
2016-11-23 13:55:09,354 TRACE [org.springframework.transaction.interceptor.TransactionInterceptor] (default task-17) Completing transaction for [com.rentconcept.ams.web.service.CustomerService.saveCustomer]
2016-11-23 13:55:09,354 TRACE [org.springframework.transaction.jta.JtaTransactionManager] (default task-17) Triggering beforeCommit synchronization
2016-11-23 13:55:09,354 TRACE [org.springframework.transaction.jta.JtaTransactionManager] (default task-17) Triggering beforeCompletion synchronization
2016-11-23 13:55:09,354 TRACE [org.springframework.transaction.support.TransactionSynchronizationManager] (default task-17) Removed value [org.springframework.orm.jpa.EntityManagerHolder@701e7e8a] for key [com.rentconcept.ams.persistence.config.HibernateEntityManagerFactoryBean@16bd82c6] from thread [default task-17]
2016-11-23 13:55:09,354 DEBUG [org.springframework.orm.jpa.EntityManagerFactoryUtils] (default task-17) Closing JPA EntityManager
2016-11-23 13:55:09,354 TRACE [org.hibernate.internal.SessionImpl] (default task-17) Closing session [5e944ca0-d177-488a-88bc-947d352b024c]
2016-11-23 13:55:09,354 DEBUG [org.springframework.transaction.jta.JtaTransactionManager] (default task-17) Initiating transaction commit
2016-11-23 13:55:09,354 TRACE [org.hibernate.resource.transaction.backend.jta.internal.synchronization.RegisteredSynchronization] (default task-17) Registered JTA Synchronization : beforeCompletion()
2016-11-23 13:55:09,354 TRACE [org.hibernate.resource.transaction.backend.jta.internal.synchronization.SynchronizationCallbackCoordinatorNonTrackingImpl] (default task-17) Synchronization coordinator: beforeCompletion()
2016-11-23 13:55:09,354 TRACE [org.hibernate.internal.SessionImpl] (default task-17) SessionImpl#beforeTransactionCompletion()
2016-11-23 13:55:09,354 TRACE [org.hibernate.internal.SessionImpl] (default task-17) Automatically flushing session
2016-11-23 13:55:09,354 TRACE [org.hibernate.event.internal.AbstractFlushingEventListener] (default task-17) Flushing session
2016-11-23 13:55:09,354 DEBUG [org.hibernate.event.internal.AbstractFlushingEventListener] (default task-17) Processing flush-time cascades
2016-11-23 13:55:09,355 TRACE [org.hibernate.engine.internal.Cascade] (default task-17) Processing cascade ACTION_PERSIST_ON_FLUSH for: com.rentconcept.ams.model.customer.Address
2016-11-23 13:55:09,355 TRACE [org.hibernate.engine.internal.Cascade] (default task-17) Done processing cascade ACTION_PERSIST_ON_FLUSH for: com.rentconcept.ams.model.customer.Address
2016-11-23 13:55:09,355 TRACE [org.hibernate.engine.internal.Cascade] (default task-17) Processing cascade ACTION_PERSIST_ON_FLUSH for: com.rentconcept.ams.model.customer.PersonAccount
2016-11-23 13:55:09,355 TRACE [org.hibernate.engine.internal.Cascade] (default task-17) Cascade ACTION_PERSIST_ON_FLUSH for collection: com.rentconcept.ams.model.customer.PersonAccount.creditCards
2016-11-23 13:55:09,355 TRACE [org.hibernate.engine.internal.Cascade] (default task-17) Done cascade ACTION_PERSIST_ON_FLUSH for collection: com.rentconcept.ams.model.customer.PersonAccount.creditCards
2016-11-23 13:55:09,355 TRACE [org.hibernate.engine.internal.Cascade] (default task-17) Done processing cascade ACTION_PERSIST_ON_FLUSH for: com.rentconcept.ams.model.customer.PersonAccount
2016-11-23 13:55:09,355 TRACE [org.hibernate.engine.internal.Cascade] (default task-17) Processing cascade ACTION_PERSIST_ON_FLUSH for: com.rentconcept.ams.model.customer.Driver
2016-11-23 13:55:09,355 TRACE [org.hibernate.engine.internal.Cascade] (default task-17) Deleting orphaned entity instance: [com.rentconcept.ams.model.base.ABImage#492]
2016-11-23 13:55:09,358 ERROR [org.hibernate.internal.ExceptionMapperStandardImpl] (default task-17) HHH000346: Error during managed flush [Session/EntityManager is closed]
2016-11-23 13:55:09,358 TRACE [org.hibernate.resource.transaction.internal.SynchronizationRegistryStandardImpl] (default task-17) SynchronizationRegistryStandardImpl.notifySynchronizationsBeforeTransactionCompletion
2016-11-23 13:55:09,358 WARN  [com.arjuna.ats.arjuna] (default task-17) ARJUNA012125: TwoPhaseCoordinator.beforeCompletion - failed for SynchronizationImple< 0:ffffc0a83801:8a9ea30:583590cf:82d, org.hibernate.resource.transaction.backend.jta.internal.synchronization.RegisteredSynchronization@636cadfa >: java.lang.IllegalStateException: Session/EntityManager is closed
	at org.hibernate.internal.AbstractSharedSessionContract.checkOpen(AbstractSharedSessionContract.java:332)
	at org.hibernate.engine.spi.SharedSessionContractImplementor.checkOpen(SharedSessionContractImplementor.java:126)
	at org.hibernate.internal.SessionImpl.fireDelete(SessionImpl.java:991)
	at org.hibernate.internal.SessionImpl.delete(SessionImpl.java:924)
	at org.hibernate.engine.internal.Cascade.cascadeProperty(Cascade.java:241)
	at org.hibernate.engine.internal.Cascade.cascade(Cascade.java:104)
	at org.hibernate.event.internal.AbstractFlushingEventListener.cascadeOnFlush(AbstractFlushingEventListener.java:150)
	at org.hibernate.event.internal.AbstractFlushingEventListener.prepareEntityFlushes(AbstractFlushingEventListener.java:141)
	at org.hibernate.event.internal.AbstractFlushingEventListener.flushEverythingToExecutions(AbstractFlushingEventListener.java:74)
	at org.hibernate.event.internal.DefaultFlushEventListener.onFlush(DefaultFlushEventListener.java:38)
	at org.hibernate.internal.SessionImpl.doFlush(SessionImpl.java:1406)
	at org.hibernate.internal.SessionImpl.managedFlush(SessionImpl.java:476)
	at org.hibernate.internal.SessionImpl.flushBeforeTransactionCompletion(SessionImpl.java:3165)
	at org.hibernate.internal.SessionImpl.beforeTransactionCompletion(SessionImpl.java:2379)
	at org.hibernate.engine.jdbc.internal.JdbcCoordinatorImpl.beforeTransactionCompletion(JdbcCoordinatorImpl.java:467)
	at org.hibernate.resource.transaction.backend.jta.internal.JtaTransactionCoordinatorImpl.beforeCompletion(JtaTransactionCoordinatorImpl.java:320)
	at org.hibernate.resource.transaction.backend.jta.internal.synchronization.SynchronizationCallbackCoordinatorNonTrackingImpl.beforeCompletion(SynchronizationCallbackCoordinatorNonTrackingImpl.java:47)
	at org.hibernate.resource.transaction.backend.jta.internal.synchronization.RegisteredSynchronization.beforeCompletion(RegisteredSynchronization.java:37)
	at com.arjuna.ats.internal.jta.resources.arjunacore.SynchronizationImple.beforeCompletion(SynchronizationImple.java:76)
	at com.arjuna.ats.arjuna.coordinator.TwoPhaseCoordinator.beforeCompletion(TwoPhaseCoordinator.java:371)
	at com.arjuna.ats.arjuna.coordinator.TwoPhaseCoordinator.end(TwoPhaseCoordinator.java:91)
	at com.arjuna.ats.arjuna.AtomicAction.commit(AtomicAction.java:162)
	at com.arjuna.ats.internal.jta.transaction.arjunacore.TransactionImple.commitAndDisassociate(TransactionImple.java:1200)
	at com.arjuna.ats.internal.jta.transaction.arjunacore.BaseTransaction.commit(BaseTransaction.java:126)
	at com.arjuna.ats.jbossatx.BaseTransactionManagerDelegate.commit(BaseTransactionManagerDelegate.java:75)
	at org.jboss.tm.usertx.client.ServerVMClientUserTransaction.commit(ServerVMClientUserTransaction.java:173)
	at org.springframework.transaction.jta.JtaTransactionManager.doCommit(JtaTransactionManager.java:1023)
	at org.springframework.transaction.support.AbstractPlatformTransactionManager.processCommit(AbstractPlatformTransactionManager.java:761)
	at org.springframework.transaction.support.AbstractPlatformTransactionManager.commit(AbstractPlatformTransactionManager.java:730)
	at org.springframework.transaction.interceptor.TransactionAspectSupport.commitTransactionAfterReturning(TransactionAspectSupport.java:504)
	at org.springframework.transaction.interceptor.TransactionAspectSupport.invokeWithinTransaction(TransactionAspectSupport.java:292)
	at org.springframework.transaction.interceptor.TransactionInterceptor.invoke(TransactionInterceptor.java:96)
	at org.springframework.aop.framework.ReflectiveMethodInvocation.proceed(ReflectiveMethodInvocation.java:179)
	at org.springframework.aop.framework.JdkDynamicAopProxy.invoke(JdkDynamicAopProxy.java:213)
	at com.sun.proxy.$Proxy193.saveCustomer(Unknown Source)
	at com.rentconcept.ams.web.controller.CustomerController.save(CustomerController.java:78)
	at com.rentconcept.ams.web.controller.CustomerController$$FastClassBySpringCGLIB$$89c017f.invoke(<generated>)
	at org.springframework.cglib.proxy.MethodProxy.invoke(MethodProxy.java:204)
	at org.springframework.aop.framework.CglibAopProxy$CglibMethodInvocation.invokeJoinpoint(CglibAopProxy.java:720)
	at org.springframework.aop.framework.ReflectiveMethodInvocation.proceed(ReflectiveMethodInvocation.java:157)
	at org.springframework.security.access.intercept.aopalliance.MethodSecurityInterceptor.invoke(MethodSecurityInterceptor.java:69)
	at org.springframework.aop.framework.ReflectiveMethodInvocation.proceed(ReflectiveMethodInvocation.java:179)
	at org.springframework.aop.framework.CglibAopProxy$DynamicAdvisedInterceptor.intercept(CglibAopProxy.java:655)
	at com.rentconcept.ams.web.controller.CustomerController$$EnhancerBySpringCGLIB$$ba873ed8.save(<generated>)
	at sun.reflect.NativeMethodAccessorImpl.invoke0(Native Method)
	at sun.reflect.NativeMethodAccessorImpl.invoke(NativeMethodAccessorImpl.java:62)
	at sun.reflect.DelegatingMethodAccessorImpl.invoke(DelegatingMethodAccessorImpl.java:43)
	at java.lang.reflect.Method.invoke(Method.java:497)
	at org.springframework.web.method.support.InvocableHandlerMethod.doInvoke(InvocableHandlerMethod.java:220)
	at org.springframework.web.method.support.InvocableHandlerMethod.invokeForRequest(InvocableHandlerMethod.java:134)
	at org.springframework.web.servlet.mvc.method.annotation.ServletInvocableHandlerMethod.invokeAndHandle(ServletInvocableHandlerMethod.java:116)
	at org.springframework.web.servlet.mvc.method.annotation.RequestMappingHandlerAdapter.invokeHandlerMethod(RequestMappingHandlerAdapter.java:827)
	at org.springframework.web.servlet.mvc.method.annotation.RequestMappingHandlerAdapter.handleInternal(RequestMappingHandlerAdapter.java:738)
	at org.springframework.web.servlet.mvc.method.AbstractHandlerMethodAdapter.handle(AbstractHandlerMethodAdapter.java:85)
	at org.springframework.web.servlet.DispatcherServlet.doDispatch(DispatcherServlet.java:963)
	at org.springframework.web.servlet.DispatcherServlet.doService(DispatcherServlet.java:897)
	at org.springframework.web.servlet.FrameworkServlet.processRequest(FrameworkServlet.java:970)
	at org.springframework.web.servlet.FrameworkServlet.doPost(FrameworkServlet.java:872)
	at javax.servlet.http.HttpServlet.service(HttpServlet.java:707)
	at org.springframework.web.servlet.FrameworkServlet.service(FrameworkServlet.java:846)
	at javax.servlet.http.HttpServlet.service(HttpServlet.java:790)
	at io.undertow.servlet.handlers.ServletHandler.handleRequest(ServletHandler.java:86)
	at io.undertow.servlet.handlers.FilterHandler$FilterChainImpl.doFilter(FilterHandler.java:130)
	at org.springframework.security.web.FilterChainProxy$VirtualFilterChain.doFilter(FilterChainProxy.java:317)
	at org.springframework.security.web.access.intercept.FilterSecurityInterceptor.invoke(FilterSecurityInterceptor.java:127)
	at org.springframework.security.web.access.intercept.FilterSecurityInterceptor.doFilter(FilterSecurityInterceptor.java:91)
	at org.springframework.security.web.FilterChainProxy$VirtualFilterChain.doFilter(FilterChainProxy.java:331)
	at org.springframework.security.web.access.ExceptionTranslationFilter.doFilter(ExceptionTranslationFilter.java:115)
	at org.springframework.security.web.FilterChainProxy$VirtualFilterChain.doFilter(FilterChainProxy.java:331)
	at org.springframework.security.web.session.SessionManagementFilter.doFilter(SessionManagementFilter.java:137)
	at org.springframework.security.web.FilterChainProxy$VirtualFilterChain.doFilter(FilterChainProxy.java:331)
	at org.springframework.security.web.authentication.AnonymousAuthenticationFilter.doFilter(AnonymousAuthenticationFilter.java:111)
	at org.springframework.security.web.FilterChainProxy$VirtualFilterChain.doFilter(FilterChainProxy.java:331)
	at org.springframework.security.web.servletapi.SecurityContextHolderAwareRequestFilter.doFilter(SecurityContextHolderAwareRequestFilter.java:169)
	at org.springframework.security.web.FilterChainProxy$VirtualFilterChain.doFilter(FilterChainProxy.java:331)
	at org.springframework.security.web.savedrequest.RequestCacheAwareFilter.doFilter(RequestCacheAwareFilter.java:63)
	at org.springframework.security.web.FilterChainProxy$VirtualFilterChain.doFilter(FilterChainProxy.java:331)
	at org.springframework.security.web.authentication.www.BasicAuthenticationFilter.doFilterInternal(BasicAuthenticationFilter.java:158)
	at org.springframework.web.filter.OncePerRequestFilter.doFilter(OncePerRequestFilter.java:107)
	at org.springframework.security.web.FilterChainProxy$VirtualFilterChain.doFilter(FilterChainProxy.java:331)
	at org.springframework.security.web.authentication.AbstractAuthenticationProcessingFilter.doFilter(AbstractAuthenticationProcessingFilter.java:200)
	at org.springframework.security.web.FilterChainProxy$VirtualFilterChain.doFilter(FilterChainProxy.java:331)
	at org.springframework.security.web.authentication.logout.LogoutFilter.doFilter(LogoutFilter.java:121)
	at org.springframework.security.web.FilterChainProxy$VirtualFilterChain.doFilter(FilterChainProxy.java:331)
	at org.springframework.security.web.header.HeaderWriterFilter.doFilterInternal(HeaderWriterFilter.java:66)
	at org.springframework.web.filter.OncePerRequestFilter.doFilter(OncePerRequestFilter.java:107)
	at org.springframework.security.web.FilterChainProxy$VirtualFilterChain.doFilter(FilterChainProxy.java:331)
	at org.springframework.security.web.context.SecurityContextPersistenceFilter.doFilter(SecurityContextPersistenceFilter.java:105)
	at org.springframework.security.web.FilterChainProxy$VirtualFilterChain.doFilter(FilterChainProxy.java:331)
	at org.springframework.security.web.context.request.async.WebAsyncManagerIntegrationFilter.doFilterInternal(WebAsyncManagerIntegrationFilter.java:56)
	at org.springframework.web.filter.OncePerRequestFilter.doFilter(OncePerRequestFilter.java:107)
	at org.springframework.security.web.FilterChainProxy$VirtualFilterChain.doFilter(FilterChainProxy.java:331)
	at org.springframework.web.filter.CorsFilter.doFilterInternal(CorsFilter.java:96)
	at org.springframework.web.filter.OncePerRequestFilter.doFilter(OncePerRequestFilter.java:107)
	at org.springframework.security.web.FilterChainProxy$VirtualFilterChain.doFilter(FilterChainProxy.java:331)
	at org.springframework.security.web.FilterChainProxy.doFilterInternal(FilterChainProxy.java:214)
	at org.springframework.security.web.FilterChainProxy.doFilter(FilterChainProxy.java:177)
	at org.springframework.web.filter.DelegatingFilterProxy.invokeDelegate(DelegatingFilterProxy.java:346)
	at org.springframework.web.filter.DelegatingFilterProxy.doFilter(DelegatingFilterProxy.java:262)
	at io.undertow.servlet.core.ManagedFilter.doFilter(ManagedFilter.java:60)
	at io.undertow.servlet.handlers.FilterHandler$FilterChainImpl.doFilter(FilterHandler.java:132)
	at io.undertow.servlet.handlers.FilterHandler.handleRequest(FilterHandler.java:85)
	at io.undertow.servlet.handlers.security.ServletSecurityRoleHandler.handleRequest(ServletSecurityRoleHandler.java:62)
	at io.undertow.servlet.handlers.ServletDispatchingHandler.handleRequest(ServletDispatchingHandler.java:36)
	at org.wildfly.extension.undertow.security.SecurityContextAssociationHandler.handleRequest(SecurityContextAssociationHandler.java:78)
	at io.undertow.server.handlers.PredicateHandler.handleRequest(PredicateHandler.java:43)
	at io.undertow.servlet.handlers.security.SSLInformationAssociationHandler.handleRequest(SSLInformationAssociationHandler.java:131)
	at io.undertow.servlet.handlers.security.ServletAuthenticationCallHandler.handleRequest(ServletAuthenticationCallHandler.java:57)
	at io.undertow.server.handlers.PredicateHandler.handleRequest(PredicateHandler.java:43)
	at io.undertow.security.handlers.AbstractConfidentialityHandler.handleRequest(AbstractConfidentialityHandler.java:46)
	at io.undertow.servlet.handlers.security.ServletConfidentialityConstraintHandler.handleRequest(ServletConfidentialityConstraintHandler.java:64)
	at io.undertow.security.handlers.AuthenticationMechanismsHandler.handleRequest(AuthenticationMechanismsHandler.java:58)
	at io.undertow.servlet.handlers.security.CachedAuthenticatedSessionHandler.handleRequest(CachedAuthenticatedSessionHandler.java:72)
	at io.undertow.security.handlers.NotificationReceiverHandler.handleRequest(NotificationReceiverHandler.java:50)
	at io.undertow.security.handlers.SecurityInitialHandler.handleRequest(SecurityInitialHandler.java:76)
	at io.undertow.server.handlers.PredicateHandler.handleRequest(PredicateHandler.java:43)
	at org.wildfly.extension.undertow.security.jacc.JACCContextIdHandler.handleRequest(JACCContextIdHandler.java:61)
	at io.undertow.server.handlers.PredicateHandler.handleRequest(PredicateHandler.java:43)
	at io.undertow.server.handlers.PredicateHandler.handleRequest(PredicateHandler.java:43)
	at io.undertow.servlet.handlers.ServletInitialHandler.handleFirstRequest(ServletInitialHandler.java:282)
	at io.undertow.servlet.handlers.ServletInitialHandler.dispatchRequest(ServletInitialHandler.java:261)
	at io.undertow.servlet.handlers.ServletInitialHandler.access$000(ServletInitialHandler.java:80)
	at io.undertow.servlet.handlers.ServletInitialHandler$1.handleRequest(ServletInitialHandler.java:172)
	at io.undertow.server.Connectors.executeRootHandler(Connectors.java:199)
	at io.undertow.server.HttpServerExchange$1.run(HttpServerExchange.java:774)
	at java.util.concurrent.ThreadPoolExecutor.runWorker(ThreadPoolExecutor.java:1142)
	at java.util.concurrent.ThreadPoolExecutor$Worker.run(ThreadPoolExecutor.java:617)
	at java.lang.Thread.run(Thread.java:745)
2016-11-23 13:55:09,452 TRACE [org.jboss.as.txn] (default task-17) JCAOrderedLastSynchronizationList.jcaSyncs.afterCompletion - Class: class org.jboss.jca.core.connectionmanager.transaction.TransactionSynchronizer HashCode: 650247349 toString: org.jboss.jca.core.connectionmanager.transaction.TransactionSynchronizer@26c1fcb5
2016-11-23 13:55:09,452 TRACE [org.hibernate.resource.transaction.backend.jta.internal.synchronization.RegisteredSynchronization] (default task-17) Registered JTA Synchronization : afterCompletion(4)
2016-11-23 13:55:09,452 TRACE [org.hibernate.resource.transaction.backend.jta.internal.synchronization.SynchronizationCallbackCoordinatorTrackingImpl] (default task-17) Synchronization coordinator: afterCompletion(status=4)
2016-11-23 13:55:09,452 TRACE [org.hibernate.resource.transaction.backend.jta.internal.synchronization.SynchronizationCallbackCoordinatorNonTrackingImpl] (default task-17) Synchronization coordinator: doAfterCompletion(successful=false, delayed=false)
2016-11-23 13:55:09,452 TRACE [org.hibernate.resource.transaction.internal.SynchronizationRegistryStandardImpl] (default task-17) SynchronizationRegistryStandardImpl.notifySynchronizationsAfterTransactionCompletion(5)
2016-11-23 13:55:09,452 TRACE [org.hibernate.internal.SessionImpl] (default task-17) SessionImpl#afterTransactionCompletion(successful=false, delayed=false)
2016-11-23 13:55:09,454 TRACE [org.hibernate.internal.SessionImpl] (default task-17) Automatically closing session
2016-11-23 13:55:09,454 TRACE [org.hibernate.internal.SessionImpl] (default task-17) Closing session [5e944ca0-d177-488a-88bc-947d352b024c]
2016-11-23 13:55:09,454 TRACE [org.hibernate.engine.jdbc.internal.JdbcCoordinatorImpl] (default task-17) Closing JDBC container [org.hibernate.engine.jdbc.internal.JdbcCoordinatorImpl@376b7866]
2016-11-23 13:55:09,454 TRACE [org.hibernate.resource.jdbc.internal.ResourceRegistryStandardImpl] (default task-17) Releasing JDBC resources
2016-11-23 13:55:09,454 TRACE [org.hibernate.resource.jdbc.internal.LogicalConnectionManagedImpl] (default task-17) Closing logical connection
2016-11-23 13:55:09,455 DEBUG [org.hibernate.engine.jdbc.spi.SqlExceptionHelper] (default task-17) could not log warnings: java.sql.SQLException: IJ031070: Transaction cannot proceed: STATUS_ROLLEDBACK
	at org.jboss.jca.adapters.jdbc.WrapperDataSource.checkTransactionActive(WrapperDataSource.java:241)
	at org.jboss.jca.adapters.jdbc.WrappedConnection.checkTransactionActive(WrappedConnection.java:1633)
	at org.jboss.jca.adapters.jdbc.WrappedConnection.checkStatus(WrappedConnection.java:1648)
	at org.jboss.jca.adapters.jdbc.WrappedConnection.checkTransaction(WrappedConnection.java:1622)
	at org.jboss.jca.adapters.jdbc.WrappedConnection.getWarnings(WrappedConnection.java:973)
	at org.hibernate.engine.jdbc.spi.SqlExceptionHelper.handleAndClearWarnings(SqlExceptionHelper.java:277)
	at org.hibernate.engine.jdbc.spi.SqlExceptionHelper.logAndClearWarnings(SqlExceptionHelper.java:256)
	at org.hibernate.resource.jdbc.internal.LogicalConnectionManagedImpl.releaseConnection(LogicalConnectionManagedImpl.java:187)
	at org.hibernate.resource.jdbc.internal.LogicalConnectionManagedImpl.close(LogicalConnectionManagedImpl.java:232)
	at org.hibernate.engine.jdbc.internal.JdbcCoordinatorImpl.close(JdbcCoordinatorImpl.java:183)
	at org.hibernate.internal.AbstractSharedSessionContract.close(AbstractSharedSessionContract.java:304)
	at org.hibernate.internal.SessionImpl.close(SessionImpl.java:410)
	at org.hibernate.internal.SessionImpl.managedClose(SessionImpl.java:500)
	at org.hibernate.internal.SessionImpl.afterTransactionCompletion(SessionImpl.java:2417)
	at org.hibernate.engine.jdbc.internal.JdbcCoordinatorImpl.afterTransactionCompletion(JdbcCoordinatorImpl.java:473)
	at org.hibernate.resource.transaction.backend.jta.internal.JtaTransactionCoordinatorImpl.afterCompletion(JtaTransactionCoordinatorImpl.java:349)
	at org.hibernate.resource.transaction.backend.jta.internal.synchronization.SynchronizationCallbackCoordinatorNonTrackingImpl.doAfterCompletion(SynchronizationCallbackCoordinatorNonTrackingImpl.java:60)
	at org.hibernate.resource.transaction.backend.jta.internal.synchronization.SynchronizationCallbackCoordinatorTrackingImpl.afterCompletion(SynchronizationCallbackCoordinatorTrackingImpl.java:72)
	at org.hibernate.resource.transaction.backend.jta.internal.synchronization.RegisteredSynchronization.afterCompletion(RegisteredSynchronization.java:44)
	at com.arjuna.ats.internal.jta.resources.arjunacore.SynchronizationImple.afterCompletion(SynchronizationImple.java:96)
	at com.arjuna.ats.arjuna.coordinator.TwoPhaseCoordinator.afterCompletion(TwoPhaseCoordinator.java:545)
	at com.arjuna.ats.arjuna.coordinator.TwoPhaseCoordinator.end(TwoPhaseCoordinator.java:101)
	at com.arjuna.ats.arjuna.AtomicAction.commit(AtomicAction.java:162)
	at com.arjuna.ats.internal.jta.transaction.arjunacore.TransactionImple.commitAndDisassociate(TransactionImple.java:1200)
	at com.arjuna.ats.internal.jta.transaction.arjunacore.BaseTransaction.commit(BaseTransaction.java:126)
	at com.arjuna.ats.jbossatx.BaseTransactionManagerDelegate.commit(BaseTransactionManagerDelegate.java:75)
	at org.jboss.tm.usertx.client.ServerVMClientUserTransaction.commit(ServerVMClientUserTransaction.java:173)
	at org.springframework.transaction.jta.JtaTransactionManager.doCommit(JtaTransactionManager.java:1023)
	at org.springframework.transaction.support.AbstractPlatformTransactionManager.processCommit(AbstractPlatformTransactionManager.java:761)
	at org.springframework.transaction.support.AbstractPlatformTransactionManager.commit(AbstractPlatformTransactionManager.java:730)
	at org.springframework.transaction.interceptor.TransactionAspectSupport.commitTransactionAfterReturning(TransactionAspectSupport.java:504)
	at org.springframework.transaction.interceptor.TransactionAspectSupport.invokeWithinTransaction(TransactionAspectSupport.java:292)
	at org.springframework.transaction.interceptor.TransactionInterceptor.invoke(TransactionInterceptor.java:96)
	at org.springframework.aop.framework.ReflectiveMethodInvocation.proceed(ReflectiveMethodInvocation.java:179)
	at org.springframework.aop.framework.JdkDynamicAopProxy.invoke(JdkDynamicAopProxy.java:213)
	at com.sun.proxy.$Proxy193.saveCustomer(Unknown Source)
	at com.rentconcept.ams.web.controller.CustomerController.save(CustomerController.java:78)
	at com.rentconcept.ams.web.controller.CustomerController$$FastClassBySpringCGLIB$$89c017f.invoke(<generated>)
	at org.springframework.cglib.proxy.MethodProxy.invoke(MethodProxy.java:204)
	at org.springframework.aop.framework.CglibAopProxy$CglibMethodInvocation.invokeJoinpoint(CglibAopProxy.java:720)
	at org.springframework.aop.framework.ReflectiveMethodInvocation.proceed(ReflectiveMethodInvocation.java:157)
	at org.springframework.security.access.intercept.aopalliance.MethodSecurityInterceptor.invoke(MethodSecurityInterceptor.java:69)
	at org.springframework.aop.framework.ReflectiveMethodInvocation.proceed(ReflectiveMethodInvocation.java:179)
	at org.springframework.aop.framework.CglibAopProxy$DynamicAdvisedInterceptor.intercept(CglibAopProxy.java:655)
	at com.rentconcept.ams.web.controller.CustomerController$$EnhancerBySpringCGLIB$$ba873ed8.save(<generated>)
	at sun.reflect.NativeMethodAccessorImpl.invoke0(Native Method)
	at sun.reflect.NativeMethodAccessorImpl.invoke(NativeMethodAccessorImpl.java:62)
	at sun.reflect.DelegatingMethodAccessorImpl.invoke(DelegatingMethodAccessorImpl.java:43)
	at java.lang.reflect.Method.invoke(Method.java:497)
	at org.springframework.web.method.support.InvocableHandlerMethod.doInvoke(InvocableHandlerMethod.java:220)
	at org.springframework.web.method.support.InvocableHandlerMethod.invokeForRequest(InvocableHandlerMethod.java:134)
	at org.springframework.web.servlet.mvc.method.annotation.ServletInvocableHandlerMethod.invokeAndHandle(ServletInvocableHandlerMethod.java:116)
	at org.springframework.web.servlet.mvc.method.annotation.RequestMappingHandlerAdapter.invokeHandlerMethod(RequestMappingHandlerAdapter.java:827)
	at org.springframework.web.servlet.mvc.method.annotation.RequestMappingHandlerAdapter.handleInternal(RequestMappingHandlerAdapter.java:738)
	at org.springframework.web.servlet.mvc.method.AbstractHandlerMethodAdapter.handle(AbstractHandlerMethodAdapter.java:85)
	at org.springframework.web.servlet.DispatcherServlet.doDispatch(DispatcherServlet.java:963)
	at org.springframework.web.servlet.DispatcherServlet.doService(DispatcherServlet.java:897)
	at org.springframework.web.servlet.FrameworkServlet.processRequest(FrameworkServlet.java:970)
	at org.springframework.web.servlet.FrameworkServlet.doPost(FrameworkServlet.java:872)
	at javax.servlet.http.HttpServlet.service(HttpServlet.java:707)
	at org.springframework.web.servlet.FrameworkServlet.service(FrameworkServlet.java:846)
	at javax.servlet.http.HttpServlet.service(HttpServlet.java:790)
	at io.undertow.servlet.handlers.ServletHandler.handleRequest(ServletHandler.java:86)
	at io.undertow.servlet.handlers.FilterHandler$FilterChainImpl.doFilter(FilterHandler.java:130)
	at org.springframework.security.web.FilterChainProxy$VirtualFilterChain.doFilter(FilterChainProxy.java:317)
	at org.springframework.security.web.access.intercept.FilterSecurityInterceptor.invoke(FilterSecurityInterceptor.java:127)
	at org.springframework.security.web.access.intercept.FilterSecurityInterceptor.doFilter(FilterSecurityInterceptor.java:91)
	at org.springframework.security.web.FilterChainProxy$VirtualFilterChain.doFilter(FilterChainProxy.java:331)
	at org.springframework.security.web.access.ExceptionTranslationFilter.doFilter(ExceptionTranslationFilter.java:115)
	at org.springframework.security.web.FilterChainProxy$VirtualFilterChain.doFilter(FilterChainProxy.java:331)
	at org.springframework.security.web.session.SessionManagementFilter.doFilter(SessionManagementFilter.java:137)
	at org.springframework.security.web.FilterChainProxy$VirtualFilterChain.doFilter(FilterChainProxy.java:331)
	at org.springframework.security.web.authentication.AnonymousAuthenticationFilter.doFilter(AnonymousAuthenticationFilter.java:111)
	at org.springframework.security.web.FilterChainProxy$VirtualFilterChain.doFilter(FilterChainProxy.java:331)
	at org.springframework.security.web.servletapi.SecurityContextHolderAwareRequestFilter.doFilter(SecurityContextHolderAwareRequestFilter.java:169)
	at org.springframework.security.web.FilterChainProxy$VirtualFilterChain.doFilter(FilterChainProxy.java:331)
	at org.springframework.security.web.savedrequest.RequestCacheAwareFilter.doFilter(RequestCacheAwareFilter.java:63)
	at org.springframework.security.web.FilterChainProxy$VirtualFilterChain.doFilter(FilterChainProxy.java:331)
	at org.springframework.security.web.authentication.www.BasicAuthenticationFilter.doFilterInternal(BasicAuthenticationFilter.java:158)
	at org.springframework.web.filter.OncePerRequestFilter.doFilter(OncePerRequestFilter.java:107)
	at org.springframework.security.web.FilterChainProxy$VirtualFilterChain.doFilter(FilterChainProxy.java:331)
	at org.springframework.security.web.authentication.AbstractAuthenticationProcessingFilter.doFilter(AbstractAuthenticationProcessingFilter.java:200)
	at org.springframework.security.web.FilterChainProxy$VirtualFilterChain.doFilter(FilterChainProxy.java:331)
	at org.springframework.security.web.authentication.logout.LogoutFilter.doFilter(LogoutFilter.java:121)
	at org.springframework.security.web.FilterChainProxy$VirtualFilterChain.doFilter(FilterChainProxy.java:331)
	at org.springframework.security.web.header.HeaderWriterFilter.doFilterInternal(HeaderWriterFilter.java:66)
	at org.springframework.web.filter.OncePerRequestFilter.doFilter(OncePerRequestFilter.java:107)
	at org.springframework.security.web.FilterChainProxy$VirtualFilterChain.doFilter(FilterChainProxy.java:331)
	at org.springframework.security.web.context.SecurityContextPersistenceFilter.doFilter(SecurityContextPersistenceFilter.java:105)
	at org.springframework.security.web.FilterChainProxy$VirtualFilterChain.doFilter(FilterChainProxy.java:331)
	at org.springframework.security.web.context.request.async.WebAsyncManagerIntegrationFilter.doFilterInternal(WebAsyncManagerIntegrationFilter.java:56)
	at org.springframework.web.filter.OncePerRequestFilter.doFilter(OncePerRequestFilter.java:107)
	at org.springframework.security.web.FilterChainProxy$VirtualFilterChain.doFilter(FilterChainProxy.java:331)
	at org.springframework.web.filter.CorsFilter.doFilterInternal(CorsFilter.java:96)
	at org.springframework.web.filter.OncePerRequestFilter.doFilter(OncePerRequestFilter.java:107)
	at org.springframework.security.web.FilterChainProxy$VirtualFilterChain.doFilter(FilterChainProxy.java:331)
	at org.springframework.security.web.FilterChainProxy.doFilterInternal(FilterChainProxy.java:214)
	at org.springframework.security.web.FilterChainProxy.doFilter(FilterChainProxy.java:177)
	at org.springframework.web.filter.DelegatingFilterProxy.invokeDelegate(DelegatingFilterProxy.java:346)
	at org.springframework.web.filter.DelegatingFilterProxy.doFilter(DelegatingFilterProxy.java:262)
	at io.undertow.servlet.core.ManagedFilter.doFilter(ManagedFilter.java:60)
	at io.undertow.servlet.handlers.FilterHandler$FilterChainImpl.doFilter(FilterHandler.java:132)
	at io.undertow.servlet.handlers.FilterHandler.handleRequest(FilterHandler.java:85)
	at io.undertow.servlet.handlers.security.ServletSecurityRoleHandler.handleRequest(ServletSecurityRoleHandler.java:62)
	at io.undertow.servlet.handlers.ServletDispatchingHandler.handleRequest(ServletDispatchingHandler.java:36)
	at org.wildfly.extension.undertow.security.SecurityContextAssociationHandler.handleRequest(SecurityContextAssociationHandler.java:78)
	at io.undertow.server.handlers.PredicateHandler.handleRequest(PredicateHandler.java:43)
	at io.undertow.servlet.handlers.security.SSLInformationAssociationHandler.handleRequest(SSLInformationAssociationHandler.java:131)
	at io.undertow.servlet.handlers.security.ServletAuthenticationCallHandler.handleRequest(ServletAuthenticationCallHandler.java:57)
	at io.undertow.server.handlers.PredicateHandler.handleRequest(PredicateHandler.java:43)
	at io.undertow.security.handlers.AbstractConfidentialityHandler.handleRequest(AbstractConfidentialityHandler.java:46)
	at io.undertow.servlet.handlers.security.ServletConfidentialityConstraintHandler.handleRequest(ServletConfidentialityConstraintHandler.java:64)
	at io.undertow.security.handlers.AuthenticationMechanismsHandler.handleRequest(AuthenticationMechanismsHandler.java:58)
	at io.undertow.servlet.handlers.security.CachedAuthenticatedSessionHandler.handleRequest(CachedAuthenticatedSessionHandler.java:72)
	at io.undertow.security.handlers.NotificationReceiverHandler.handleRequest(NotificationReceiverHandler.java:50)
	at io.undertow.security.handlers.SecurityInitialHandler.handleRequest(SecurityInitialHandler.java:76)
	at io.undertow.server.handlers.PredicateHandler.handleRequest(PredicateHandler.java:43)
	at org.wildfly.extension.undertow.security.jacc.JACCContextIdHandler.handleRequest(JACCContextIdHandler.java:61)
	at io.undertow.server.handlers.PredicateHandler.handleRequest(PredicateHandler.java:43)
	at io.undertow.server.handlers.PredicateHandler.handleRequest(PredicateHandler.java:43)
	at io.undertow.servlet.handlers.ServletInitialHandler.handleFirstRequest(ServletInitialHandler.java:282)
	at io.undertow.servlet.handlers.ServletInitialHandler.dispatchRequest(ServletInitialHandler.java:261)
	at io.undertow.servlet.handlers.ServletInitialHandler.access$000(ServletInitialHandler.java:80)
	at io.undertow.servlet.handlers.ServletInitialHandler$1.handleRequest(ServletInitialHandler.java:172)
	at io.undertow.server.Connectors.executeRootHandler(Connectors.java:199)
	at io.undertow.server.HttpServerExchange$1.run(HttpServerExchange.java:774)
	at java.util.concurrent.ThreadPoolExecutor.runWorker(ThreadPoolExecutor.java:1142)
	at java.util.concurrent.ThreadPoolExecutor$Worker.run(ThreadPoolExecutor.java:617)
	at java.lang.Thread.run(Thread.java:745)