11:16:48,995 TRACE [org.jboss.as.jpa]  persist entityClass 'LobDataEntity' took 77ms
11:17:09,311 TRACE [org.hibernate.engine.jdbc.batch.internal.BatchBuilderImpl]  Building batch [size=30]
11:17:09,312 DEBUG [org.hibernate.SQL]  insert into LOBDATA_OUT (LOBID, BLOBDATA, CLOBDATA) values (?, ?, ?)
11:17:09,312 DEBUG [org.hibernate.engine.jdbc.internal.LogicalConnectionImpl]  Obtaining JDBC connection
11:17:09,314 DEBUG [org.hibernate.engine.jdbc.internal.LogicalConnectionImpl]  Obtained JDBC connection
11:17:09,314 TRACE [org.hibernate.engine.jdbc.internal.JdbcCoordinatorImpl]  Registering statement [org.jboss.jca.adapters.jdbc.jdk6.WrappedPreparedStatementJDK6@6b093faf]
11:17:09,314 TRACE [org.hibernate.persister.entity.AbstractEntityPersister]  Dehydrating entity: [LobDataEntity#2972555]
11:17:09,316 TRACE [org.hibernate.type.descriptor.sql.BasicBinder]  binding parameter [1] as [BIGINT] - 2972555
11:17:09,317 TRACE [org.hibernate.type.descriptor.sql.BasicBinder]  binding parameter [2] as [BLOB] - oracle.sql.BLOB@7017ec1d
11:17:35,752 TRACE [org.hibernate.type.descriptor.sql.BasicBinder]  binding parameter [3] as [CLOB] - <null>
11:17:35,752 DEBUG [org.hibernate.cache.spi.UpdateTimestampsCache]  Pre-invalidating space [LOBDATA_OUT], timestamp: 14073995157
11:17:35,756 DEBUG [org.hibernate.engine.jdbc.batch.internal.BatchingBatch]  Executing batch size: 1
11:18:06,227 DEBUG [org.hibernate.jdbc.Expectations]  Success of batch update unknown: 0
11:18:06,228 TRACE [org.hibernate.engine.jdbc.internal.JdbcCoordinatorImpl]  Releasing statement [org.jboss.jca.adapters.jdbc.jdk6.WrappedPreparedStatementJDK6@6b093faf]
11:18:06,228 TRACE [org.hibernate.engine.jdbc.internal.JdbcCoordinatorImpl]  Closing prepared statement [org.jboss.jca.adapters.jdbc.jdk6.WrappedPreparedStatementJDK6@6b093faf]
11:18:06,228 TRACE [org.hibernate.engine.jdbc.internal.JdbcCoordinatorImpl]  Starting after statement execution processing [AFTER_STATEMENT]
11:18:06,228 DEBUG [org.hibernate.engine.jdbc.internal.JdbcCoordinatorImpl]  Skipping aggressive release due to manual disabling
11:18:06,228 TRACE [org.hibernate.engine.jdbc.internal.JdbcCoordinatorImpl]  Starting after statement execution processing [AFTER_STATEMENT]
11:18:06,229 DEBUG [org.hibernate.engine.jdbc.internal.LogicalConnectionImpl]  Releasing JDBC connection
11:18:06,229 DEBUG [org.hibernate.engine.jdbc.internal.LogicalConnectionImpl]  Released JDBC connection
11:18:06,229 TRACE [org.hibernate.event.internal.AbstractFlushingEventListener]  Post flush
11:18:06,229 TRACE [org.hibernate.internal.SessionImpl]  before transaction completion
11:18:06,242 DEBUG [org.jboss.as.jpa]  ServerService Thread Pool -- 64:[transaction scoped EntityManager]: closing entity managersession
11:18:06,243 TRACE [org.hibernate.internal.SessionImpl]  Closing session
11:18:06,243 TRACE [org.hibernate.engine.jdbc.internal.JdbcCoordinatorImpl]  Closing JDBC container [org.hibernate.engine.jdbc.internal.JdbcCoordinatorImpl@34ccf7c0]
11:18:06,243 DEBUG [org.hibernate.engine.jdbc.internal.JdbcCoordinatorImpl]  HHH000420: Closing un-released batch
11:18:06,243 TRACE [org.hibernate.engine.jdbc.internal.LogicalConnectionImpl]  Closing logical connection
11:18:06,243 TRACE [org.hibernate.engine.jdbc.internal.LogicalConnectionImpl]  Logical connection closed
11:18:06,245 TRACE [org.hibernate.engine.transaction.synchronization.internal.RegisteredSynchronization]  JTA sync : afterCompletion(3)
11:18:06,245 TRACE [org.hibernate.engine.transaction.synchronization.internal.SynchronizationCallbackCoordinatorNonTrackingImpl]  Starting transaction afterCompletion callback [status=3]
11:18:06,245 TRACE [org.hibernate.ejb.AbstractEntityManagerImpl]  Session was closed; nothing to do
11:18:06,246 TRACE [org.hibernate.engine.transaction.internal.TransactionCoordinatorImpl]  after transaction completion
11:18:06,246 DEBUG [org.hibernate.engine.jdbc.internal.LogicalConnectionImpl]  Aggressively releasing JDBC connection
11:18:06,246 TRACE [org.hibernate.internal.SessionImpl]  after transaction completion
11:18:06,246 DEBUG [org.hibernate.cache.spi.UpdateTimestampsCache]  Invalidating space [LOBDATA_OUT], timestamp: 14073994862