2007-10-28 14:09:19,828 [main] INFO  org.apache.catalina.core.AprLifecycleListener - The Apache Tomcat Native library which allows optimal performance in production environments was not found on the java.library.path: C:\j2sdk1.4.2_14\jre\bin;.;C:\WINDOWS\system32;C:\WINDOWS;C:\oracle\product\10.2.0\db_1\bin;C:\WINDOWS\system32;C:\WINDOWS;C:\WINDOWS\System32\Wbem;C:\Program Files\Common Files\Ulead Systems\MPEG;;;C:\j2sdk1.4.2_14\bin;C:\ant1.7\bin;C:\path;
2007-10-28 14:09:20,390 [main] INFO  org.apache.coyote.http11.Http11BaseProtocol - Initializing Coyote HTTP/1.1 on http-8080
2007-10-28 14:09:20,421 [main] INFO  org.apache.catalina.startup.Catalina - Initialization processed in 2203 ms
2007-10-28 14:09:20,890 [main] INFO  org.apache.catalina.core.StandardService - Starting service Catalina
2007-10-28 14:09:21,015 [main] INFO  org.apache.catalina.core.StandardEngine - Starting Servlet Engine: Apache Tomcat/5.5.20
2007-10-28 14:09:21,031 [main] INFO  org.apache.catalina.core.StandardHost - XML validation disabled
2007-10-28 14:09:27,750 [main] INFO  org.apache.struts.action.ActionServlet - Loading chain catalog from jar:file:/F:/Study/Programs/apache-tomcat-5.5.20/common/lib/struts-core-1.3.5.jar!/org/apache/struts/chain/chain-config.xml
2007-10-28 14:09:31,375 [main] INFO  org.apache.catalina.core.ContainerBase.[Catalina].[localhost].[/balancer] - org.apache.webapp.balancer.BalancerFilter: init(): ruleChain: [org.apache.webapp.balancer.RuleChain: [org.apache.webapp.balancer.rules.URLStringMatchRule: Target string: News / Redirect URL: http://www.cnn.com], [org.apache.webapp.balancer.rules.RequestParameterRule: Target param name: paramName / Target param value: paramValue / Redirect URL: http://www.yahoo.com], [org.apache.webapp.balancer.rules.AcceptEverythingRule: Redirect URL: http://jakarta.apache.org]]
2007-10-28 14:09:31,640 [main] INFO  org.apache.catalina.core.ContainerBase.[Catalina].[localhost].[/jsp-examples] - ContextListener: contextInitialized()
2007-10-28 14:09:31,640 [main] INFO  org.apache.catalina.core.ContainerBase.[Catalina].[localhost].[/jsp-examples] - SessionListener: contextInitialized()
2007-10-28 14:09:32,671 [main] INFO  org.apache.catalina.core.ContainerBase.[Catalina].[localhost].[/servlets-examples] - ContextListener: contextInitialized()
2007-10-28 14:09:32,671 [main] INFO  org.apache.catalina.core.ContainerBase.[Catalina].[localhost].[/servlets-examples] - SessionListener: contextInitialized()
2007-10-28 14:09:33,234 [main] INFO  org.apache.coyote.http11.Http11BaseProtocol - Starting Coyote HTTP/1.1 on http-8080
2007-10-28 14:09:33,687 [main] INFO  org.apache.jk.common.ChannelSocket - JK: ajp13 listening on /0.0.0.0:8009
2007-10-28 14:09:33,703 [main] INFO  org.apache.jk.server.JkMain - Jk running ID=0 time=0/203  config=null
2007-10-28 14:09:33,859 [main] INFO  org.apache.catalina.storeconfig.StoreLoader - Find registry server-registry.xml at classpath resource
2007-10-28 14:09:34,015 [main] INFO  org.apache.catalina.startup.Catalina - Server startup in 13578 ms
2007-10-28 14:10:15,968 [http-8080-Processor25] INFO  org.apache.struts.chain.ComposableRequestProcessor - Initializing composable request processor for module prefix ''
2007-10-28 14:10:16,093 [http-8080-Processor25] INFO  org.apache.struts.chain.commands.servlet.CreateAction - Initialize action of type: com.hibernate.action.OpenCustomerAction
2007-10-28 14:10:39,968 [http-8080-Processor25] INFO  com.hibernate.form.CustomerForm - phones[3]=789
2007-10-28 14:10:39,968 [http-8080-Processor25] INFO  com.hibernate.form.CustomerForm - phones[1]=123
2007-10-28 14:10:39,968 [http-8080-Processor25] INFO  com.hibernate.form.CustomerForm - phones[2]=456
2007-10-28 14:10:39,968 [http-8080-Processor25] INFO  org.apache.struts.chain.commands.servlet.CreateAction - Initialize action of type: com.hibernate.action.SaveCustomerAction
2007-10-28 14:10:40,046 [http-8080-Processor25] INFO  com.hibernate.action.SaveCustomerAction - Calling execute
2007-10-28 14:10:40,078 [http-8080-Processor25] INFO  com.hibernate.form.CustomerForm - phones[0]=123
2007-10-28 14:10:40,093 [http-8080-Processor25] INFO  com.hibernate.form.CustomerForm - phones[1]=456
2007-10-28 14:10:40,093 [http-8080-Processor25] INFO  com.hibernate.form.CustomerForm - phones[2]=789
2007-10-28 14:10:40,093 [http-8080-Processor25] INFO  com.hibernate.form.CustomerForm - Contacts size=3
2007-10-28 14:10:40,093 [http-8080-Processor25] INFO  com.hibernate.action.SaveCustomerAction - Calling createCustomer
2007-10-28 14:10:40,171 [http-8080-Processor25] INFO  org.hibernate.cfg.Environment - Hibernate 3.2.5
2007-10-28 14:10:40,171 [http-8080-Processor25] INFO  org.hibernate.cfg.Environment - hibernate.properties not found
2007-10-28 14:10:40,187 [http-8080-Processor25] INFO  org.hibernate.cfg.Environment - Bytecode provider name : cglib
2007-10-28 14:10:40,203 [http-8080-Processor25] INFO  org.hibernate.cfg.Environment - using JDK 1.4 java.sql.Timestamp handling
2007-10-28 14:10:40,328 [http-8080-Processor25] INFO  org.hibernate.cfg.Configuration - configuring from resource: /hibernate.cfg.xml
2007-10-28 14:10:40,328 [http-8080-Processor25] INFO  org.hibernate.cfg.Configuration - Configuration resource: /hibernate.cfg.xml
2007-10-28 14:10:40,500 [http-8080-Processor25] INFO  org.hibernate.cfg.Configuration - Reading mappings from resource : customer.map.xml
2007-10-28 14:10:40,703 [http-8080-Processor25] INFO  org.hibernate.cfg.HbmBinder - Mapping class: com.hibernate.bean.CustomerBean -> CUSTOMER
2007-10-28 14:10:40,750 [http-8080-Processor25] INFO  org.hibernate.cfg.HbmBinder - Mapping class: com.hibernate.bean.CustomerContactBean -> CUSTOMER_CONTACT
2007-10-28 14:10:40,921 [http-8080-Processor25] INFO  org.hibernate.cfg.Configuration - Configured SessionFactory: null
2007-10-28 14:10:40,937 [http-8080-Processor25] INFO  org.hibernate.cfg.HbmBinder - Mapping collection: com.hibernate.bean.CustomerBean.contacts -> CUSTOMER_CONTACT
2007-10-28 14:10:41,062 [http-8080-Processor25] INFO  org.hibernate.util.NamingHelper - JNDI InitialContext properties:{}
2007-10-28 14:10:41,078 [http-8080-Processor25] INFO  org.hibernate.connection.DatasourceConnectionProvider - Using datasource: java:comp/env/jdbc/jigar
2007-10-28 14:10:42,140 [http-8080-Processor25] INFO  org.hibernate.cfg.SettingsFactory - RDBMS: Oracle, version: Oracle Database 10g Enterprise Edition Release 10.2.0.1.0 - Production
With the Partitioning, OLAP and Data Mining options
2007-10-28 14:10:42,171 [http-8080-Processor25] INFO  org.hibernate.cfg.SettingsFactory - JDBC driver: Oracle JDBC driver, version: 10.1.0.5.0
2007-10-28 14:10:42,218 [http-8080-Processor25] INFO  org.hibernate.dialect.Dialect - Using dialect: org.hibernate.dialect.Oracle9Dialect
2007-10-28 14:10:42,234 [http-8080-Processor25] WARN  org.hibernate.dialect.Oracle9Dialect - The Oracle9Dialect dialect has been deprecated; use either Oracle9iDialect or Oracle10gDialect instead
2007-10-28 14:10:42,265 [http-8080-Processor25] INFO  org.hibernate.transaction.TransactionFactoryFactory - Transaction strategy: org.hibernate.transaction.JDBCTransactionFactory
2007-10-28 14:10:42,281 [http-8080-Processor25] INFO  org.hibernate.transaction.TransactionManagerLookupFactory - No TransactionManagerLookup configured (in JTA environment, use of read-write or transactional second-level cache is not recommended)
2007-10-28 14:10:42,296 [http-8080-Processor25] INFO  org.hibernate.cfg.SettingsFactory - Automatic flush during beforeCompletion(): disabled
2007-10-28 14:10:42,312 [http-8080-Processor25] INFO  org.hibernate.cfg.SettingsFactory - Automatic session close at end of transaction: disabled
2007-10-28 14:10:42,328 [http-8080-Processor25] INFO  org.hibernate.cfg.SettingsFactory - JDBC batch size: 15
2007-10-28 14:10:42,343 [http-8080-Processor25] INFO  org.hibernate.cfg.SettingsFactory - JDBC batch updates for versioned data: disabled
2007-10-28 14:10:42,359 [http-8080-Processor25] INFO  org.hibernate.cfg.SettingsFactory - Scrollable result sets: enabled
2007-10-28 14:10:42,375 [http-8080-Processor25] INFO  org.hibernate.cfg.SettingsFactory - JDBC3 getGeneratedKeys(): disabled
2007-10-28 14:10:42,390 [http-8080-Processor25] INFO  org.hibernate.cfg.SettingsFactory - Connection release mode: auto
2007-10-28 14:10:42,406 [http-8080-Processor25] INFO  org.hibernate.cfg.SettingsFactory - Default batch fetch size: 1
2007-10-28 14:10:42,421 [http-8080-Processor25] INFO  org.hibernate.cfg.SettingsFactory - Generate SQL with comments: disabled
2007-10-28 14:10:42,437 [http-8080-Processor25] INFO  org.hibernate.cfg.SettingsFactory - Order SQL updates by primary key: disabled
2007-10-28 14:10:42,453 [http-8080-Processor25] INFO  org.hibernate.cfg.SettingsFactory - Order SQL inserts for batching: disabled
2007-10-28 14:10:42,468 [http-8080-Processor25] INFO  org.hibernate.cfg.SettingsFactory - Query translator: org.hibernate.hql.ast.ASTQueryTranslatorFactory
2007-10-28 14:10:42,500 [http-8080-Processor25] INFO  org.hibernate.hql.ast.ASTQueryTranslatorFactory - Using ASTQueryTranslatorFactory
2007-10-28 14:10:42,515 [http-8080-Processor25] INFO  org.hibernate.cfg.SettingsFactory - Query language substitutions: {}
2007-10-28 14:10:42,531 [http-8080-Processor25] INFO  org.hibernate.cfg.SettingsFactory - JPA-QL strict compliance: disabled
2007-10-28 14:10:42,546 [http-8080-Processor25] INFO  org.hibernate.cfg.SettingsFactory - Second-level cache: enabled
2007-10-28 14:10:42,562 [http-8080-Processor25] INFO  org.hibernate.cfg.SettingsFactory - Query cache: disabled
2007-10-28 14:10:42,578 [http-8080-Processor25] INFO  org.hibernate.cfg.SettingsFactory - Cache provider: org.hibernate.cache.NoCacheProvider
2007-10-28 14:10:42,593 [http-8080-Processor25] INFO  org.hibernate.cfg.SettingsFactory - Optimize cache for minimal puts: disabled
2007-10-28 14:10:42,609 [http-8080-Processor25] INFO  org.hibernate.cfg.SettingsFactory - Structured second-level cache entries: disabled
2007-10-28 14:10:42,640 [http-8080-Processor25] INFO  org.hibernate.cfg.SettingsFactory - Echoing all SQL to stdout
2007-10-28 14:10:42,656 [http-8080-Processor25] INFO  org.hibernate.cfg.SettingsFactory - Statistics: disabled
2007-10-28 14:10:42,671 [http-8080-Processor25] INFO  org.hibernate.cfg.SettingsFactory - Deleted entity synthetic identifier rollback: disabled
2007-10-28 14:10:42,687 [http-8080-Processor25] INFO  org.hibernate.cfg.SettingsFactory - Default entity-mode: pojo
2007-10-28 14:10:42,703 [http-8080-Processor25] INFO  org.hibernate.cfg.SettingsFactory - Named query checking : enabled
2007-10-28 14:10:42,796 [http-8080-Processor25] INFO  org.hibernate.impl.SessionFactoryImpl - building session factory
2007-10-28 14:10:43,359 [http-8080-Processor25] INFO  org.hibernate.impl.SessionFactoryObjectFactory - Not binding factory to JNDI, no JNDI name configured
2007-10-28 14:10:43,500 [http-8080-Processor25] INFO  com.hibernate.action.SaveCustomerAction - customer.getId()=0
2007-10-28 14:10:43,828 [http-8080-Processor25] INFO  com.hibernate.action.SaveCustomerAction - customer.getId()=201
2007-10-28 14:10:44,140 [http-8080-Processor25] INFO  org.hibernate.type.StringType - could not read column value from result set: first2_0_0_; Invalid column name
2007-10-28 14:10:44,156 [http-8080-Processor25] WARN  org.hibernate.util.JDBCExceptionReporter - SQL Error: 17006, SQLState: null
2007-10-28 14:10:44,171 [http-8080-Processor25] ERROR org.hibernate.util.JDBCExceptionReporter - Invalid column name
2007-10-28 14:10:44,671 [http-8080-Processor25] INFO  com.hibernate.action.SaveCustomerAction - Ending createCustomer
