
Buildfile: D:\data\eclipseworkspace\TEST\build.xml

runtestcase:
        [java] CA 0       main               INFO  net.sf.hibernate.cfg.Environment  - Hibernate 2.1 beta 3
        [java] CA 31      main               INFO  net.sf.hibernate.cfg.Environment  - loaded properties from resource hibernate.properties: {hibernate.connection.username=user, hibernate.connection.password=demo, hibernate.cglib.use_reflection_optimizer=true, hibernate.dialect=net.sf.hibernate.dialect.DB2Dialect, hibernate.connection.url=jdbc:db2:pbbtest, hibernate.connection.driver_class=COM.ibm.db2.jdbc.app.DB2Driver}
        [java] CA 31      main               INFO  net.sf.hibernate.cfg.Environment  - using CGLIB reflection optimizer
        [java] CA 71      main               INFO  net.sf.hibernate.cfg.Configuration  - Mapping resource: com/paraware/domain/Parent.hbm.xml
        [java] CA 141     main               DEBUG net.sf.hibernate.util.DTDEntityResolver  - trying to locate http://hibernate.sourceforge.net/hibernate-mapping-2.0.dtd in classpath under net/sf/hibernate/
        [java] CA 141     main               DEBUG net.sf.hibernate.util.DTDEntityResolver  - found http://hibernate.sourceforge.net/hibernate-mapping-2.0.dtd in classpath
        [java] CA 271     main               INFO  net.sf.hibernate.cfg.Binder  - Mapping class: com.paraware.domain.Parent -> parents
        [java] CA 351     main               DEBUG net.sf.hibernate.cfg.Binder  - Mapped property: keyId -> key_id, type: integer
        [java] CA 371     main               DEBUG net.sf.hibernate.cfg.Binder  - Mapped property: userID -> LogonID, type: string
        [java] CA 371     main               DEBUG net.sf.hibernate.cfg.Binder  - Mapped property: userName -> Name, type: string
        [java] CA 371     main               DEBUG net.sf.hibernate.cfg.Binder  - Mapped property: password -> password, type: string
        [java] CA 391     main               DEBUG net.sf.hibernate.cfg.Binder  - Mapped property: emailAddress -> emailAddress, type: string
        [java] CA 391     main               DEBUG net.sf.hibernate.cfg.Binder  - Mapped property: lastLogon -> lastLogon, type: timestamp
        [java] CA 421     main               DEBUG net.sf.hibernate.cfg.Binder  - Mapped property: children, type: java.util.Set
        [java] CA 421     main               INFO  net.sf.hibernate.cfg.Configuration  - Mapping resource: com/paraware/domain/Child.hbm.xml
        [java] CA 421     main               DEBUG net.sf.hibernate.util.DTDEntityResolver  - trying to locate http://hibernate.sourceforge.net/hibernate-mapping-2.0.dtd in classpath under net/sf/hibernate/
        [java] CA 421     main               DEBUG net.sf.hibernate.util.DTDEntityResolver  - found http://hibernate.sourceforge.net/hibernate-mapping-2.0.dtd in classpath
        [java] CA 471     main               INFO  net.sf.hibernate.cfg.Binder  - Mapping class: com.paraware.domain.Child -> children
        [java] CA 471     main               DEBUG net.sf.hibernate.cfg.Binder  - Mapped property: mouseId -> mouse_id, type: integer
        [java] CA 471     main               DEBUG net.sf.hibernate.cfg.Binder  - Mapped property: name -> name, type: string
        [java] CA 471     main               DEBUG net.sf.hibernate.cfg.Binder  - Mapped property: parent -> key_id, type: com.paraware.domain.Parent
        [java] CA 491     main               INFO  net.sf.hibernate.cfg.Configuration  - processing one-to-many association mappings
        [java] CA 491     main               DEBUG net.sf.hibernate.cfg.Binder  - Second pass for collection: com.paraware.domain.Parent.children
        [java] CA 521     main               INFO  net.sf.hibernate.cfg.Binder  - Mapping collection: com.paraware.domain.Parent.children -> children
        [java] CA 521     main               DEBUG net.sf.hibernate.cfg.Binder  - Mapped collection key: key_id, one-to-many: com.paraware.domain.Child
        [java] CA 521     main               INFO  net.sf.hibernate.cfg.Configuration  - processing one-to-one association property references
        [java] CA 521     main               INFO  net.sf.hibernate.cfg.Configuration  - processing foreign key constraints
        [java] CA 551     main               DEBUG net.sf.hibernate.cfg.Configuration  - resolving reference to class: com.paraware.domain.Parent
        [java] CA 561     main               INFO  net.sf.hibernate.dialect.Dialect  - Using dialect: net.sf.hibernate.dialect.DB2Dialect
        [java] CA 561     main               INFO  net.sf.hibernate.cfg.SettingsFactory  - Use outer join fetching: true
        [java] CA 561     main               INFO  net.sf.hibernate.connection.DriverManagerConnectionProvider  - Using Hibernate built-in connection pool (not for production use!)
        [java] CA 561     main               INFO  net.sf.hibernate.connection.DriverManagerConnectionProvider  - Hibernate connection pool size: 20
        [java] CA 711     main               INFO  net.sf.hibernate.connection.DriverManagerConnectionProvider  - using driver: COM.ibm.db2.jdbc.app.DB2Driver at URL: jdbc:db2:pbbtest
        [java] CA 722     main               INFO  net.sf.hibernate.connection.DriverManagerConnectionProvider  - connection properties: {user=user, password=demo}
        [java] CA 722     main               INFO  net.sf.hibernate.transaction.TransactionManagerLookupFactory  - No TransactionManagerLookup configured (use of process level read-write cache is not recommended)
        [java] CA 752     main               DEBUG net.sf.hibernate.connection.DriverManagerConnectionProvider  - total checked-out connections: 0
        [java] CA 752     main               DEBUG net.sf.hibernate.connection.DriverManagerConnectionProvider  - opening new JDBC connection
        [java] CA 792     main               DEBUG net.sf.hibernate.connection.DriverManagerConnectionProvider  - created connection to: jdbc:db2:pbbtest, Isolation Level: 2
        [java] CA 822     main               DEBUG net.sf.hibernate.connection.DriverManagerConnectionProvider  - returning connection to pool, pool size: 1
        [java] CA 822     main               INFO  net.sf.hibernate.cfg.SettingsFactory  - Use scrollable result sets: true
        [java] CA 822     main               INFO  net.sf.hibernate.cfg.SettingsFactory  - Query language substitutions: {}
        [java] CA 822     main               INFO  net.sf.hibernate.cfg.SettingsFactory  - cache provider: net.sf.hibernate.cache.JCSCacheProvider
        [java] CA 842     main               INFO  net.sf.hibernate.cfg.Configuration  - instantiating and configuring caches
        [java] CA 1212    main               INFO  net.sf.hibernate.impl.SessionFactoryImpl  - building session factory
        [java] CA 1212    main               DEBUG net.sf.hibernate.impl.SessionFactoryImpl  - instantiating session factory with properties: {java.runtime.name=Java(TM) 2 Runtime Environment, Standard Edition, hibernate.connection.password=demo, sun.boot.library.path=D:\j2sdk1.4.2\jre\bin, java.vm.version=1.4.2-b28, hibernate.connection.username=user, java.vm.vendor=Sun Microsystems Inc., java.vendor.url=http://java.sun.com/, path.separator=;, java.vm.name=Java HotSpot(TM) Client VM, file.encoding.pkg=sun.io, user.country=US, sun.os.patch.level=Service Pack 4, java.vm.specification.name=Java Virtual Machine Specification, user.dir=D:\data\eclipseworkspace\TEST, java.runtime.version=1.4.2-b28, java.awt.graphicsenv=sun.awt.Win32GraphicsEnvironment, java.endorsed.dirs=D:\j2sdk1.4.2\jre\lib\endorsed, os.arch=x86, java.io.tmpdir=C:\DOCUME~1\BBONNE~1.MIC\LOCALS~1\Temp\, line.separator=
        [java] , java.vm.specification.vendor=Sun Microsystems Inc., user.variant=, os.name=Windows 2000, sun.java2d.fontpath=, java.library.path=D:\j2sdk1.4.2\jre\bin;.;C:\WINNT\system32;C:\WINNT;d:\j2sdk1.4.2\bin;c:\winnt\system32;d:\sqllib\bin;"d:\program files\ibm\mqseries\bin";d:\cygwin\bin;d:\dev\java\apache-ant-1.5.3-1\bin, java.specification.name=Java Platform API Specification, java.class.version=48.0, java.util.prefs.PreferencesFactory=java.util.prefs.WindowsPreferencesFactory, os.version=5.0, user.home=C:\Documents and Settings\bbonner.MICKEY, user.timezone=, java.awt.printerjob=sun.awt.windows.WPrinterJob, file.encoding=Cp1252, java.specification.version=1.4, hibernate.connection.driver_class=COM.ibm.db2.jdbc.app.DB2Driver, java.class.path=D:\data\eclipseworkspace\TEST\bin;D:\data\eclipseworkspace\TEST\lib\c3p0.jar;D:\data\eclipseworkspace\TEST\lib\cglib.jar;D:\data\eclipseworkspace\TEST\lib\commons-beanutils-1.6.1.jar;D:\data\eclipseworkspace\TEST\lib\commons-collections-2.1.jar;D:\data\eclipseworkspace\TEST\lib\commons-dbcp.jar;D:\data\eclipseworkspace\TEST\lib\commons-lang-1.0.1.jar;D:\data\eclipseworkspace\TEST\lib\commons-logging-1.0.2.jar;D:\data\eclipseworkspace\TEST\lib\commons-logging-api-1.0.2.jar;D:\data\eclipseworkspace\TEST\lib\db2java.jar;D:\data\eclipseworkspace\TEST\lib\dom4j.jar;D:\data\eclipseworkspace\TEST\lib\hibernate2.jar;D:\data\eclipseworkspace\TEST\lib\jaas.jar;D:\data\eclipseworkspace\TEST\lib\jcs.jar;D:\data\eclipseworkspace\TEST\lib\jta.jar;D:\data\eclipseworkspace\TEST\lib\log4j-1.2.8.jar;D:\data\eclipseworkspace\TEST\lib\odmg.jar;D:\data\eclipseworkspace\TEST\lib\optional.jar;D:\data\eclipseworkspace\TEST\lib\proxool.jar, user.name=bbonner, java.vm.specification.version=1.0, java.home=D:\j2sdk1.4.2\jre, sun.arch.data.model=32, hibernate.dialect=net.sf.hibernate.dialect.DB2Dialect, hibernate.connection.url=jdbc:db2:pbbtest, user.language=en, java.specification.vendor=Sun Microsystems Inc., awt.toolkit=sun.awt.windows.WToolkit, hibernate.cglib.use_reflection_optimizer=true, java.vm.info=mixed mode, java.version=1.4.2, java.ext.dirs=D:\j2sdk1.4.2\jre\lib\ext, sun.boot.class.path=D:\j2sdk1.4.2\jre\lib\rt.jar;D:\j2sdk1.4.2\jre\lib\i18n.jar;D:\j2sdk1.4.2\jre\lib\sunrsasign.jar;D:\j2sdk1.4.2\jre\lib\jsse.jar;D:\j2sdk1.4.2\jre\lib\jce.jar;D:\j2sdk1.4.2\jre\lib\charsets.jar;D:\j2sdk1.4.2\jre\classes, java.vendor=Sun Microsystems Inc., file.separator=\, java.vendor.url.bug=http://java.sun.com/cgi-bin/bugreport.cgi, sun.io.unicode.encoding=UnicodeLittle, sun.cpu.endian=little, sun.cpu.isalist=pentium i486 i386}
        [java] CA 1863    main               DEBUG net.sf.hibernate.impl.SessionFactoryObjectFactory  - initializing class SessionFactoryObjectFactory
        [java] CA 1883    main               DEBUG net.sf.hibernate.impl.SessionFactoryObjectFactory  - registered: 402881b9f7d9bdfc00f7d9be003d0000 (unnamed)
        [java] CA 1883    main               INFO  net.sf.hibernate.impl.SessionFactoryObjectFactory  - no JNDI name configured
        [java] CA 1883    main               DEBUG net.sf.hibernate.impl.SessionFactoryImpl  - instantiated session factory
        [java] CA 1933    main               DEBUG net.sf.hibernate.impl.SessionImpl  - opened session
        [java] CA 1943    main               DEBUG net.sf.hibernate.transaction.JDBCTransaction  - begin
        [java] CA 1953    main               DEBUG net.sf.hibernate.connection.DriverManagerConnectionProvider  - total checked-out connections: 0
        [java] CA 1953    main               DEBUG net.sf.hibernate.connection.DriverManagerConnectionProvider  - using pooled JDBC connection, pool size: 0
        [java] CA 1953    main               DEBUG net.sf.hibernate.impl.SessionImpl  - saving [com.paraware.domain.Parent#<null>]
        [java] CA 1953    main               DEBUG net.sf.hibernate.engine.Cascades  - processing cascades for: com.paraware.domain.Parent
        [java] CA 1983    main               DEBUG net.sf.hibernate.engine.Cascades  - done processing cascades for: com.paraware.domain.Parent
        [java] CA 1983    main               DEBUG net.sf.hibernate.persister.EntityPersister  - Inserting entity: com.paraware.domain.Parent (native id)
        [java] CA 1983    main               DEBUG net.sf.hibernate.impl.BatcherImpl  - about to open: 0 open PreparedStatements, 0 open ResultSets
        [java] CA 1983    main               DEBUG net.sf.hibernate.impl.BatcherImpl  - prepared statement get: insert into parents (LogonID, Name, password, emailAddress, lastLogon, key_id) values (?, ?, ?, ?, ?, default)
        [java] CA 2013    main               DEBUG net.sf.hibernate.impl.BatcherImpl  - preparing statement
        [java] CA 2013    main               DEBUG net.sf.hibernate.persister.EntityPersister  - Dehydrating entity: [com.paraware.domain.Parent#<null>]
        [java] CA 2013    main               DEBUG net.sf.hibernate.type.StringType  - binding 'bnnn' to parameter: 1
        [java] CA 2013    main               DEBUG net.sf.hibernate.type.StringType  - binding 'Vivi' to parameter: 2
        [java] CA 2033    main               DEBUG net.sf.hibernate.type.StringType  - binding 'abcff' to parameter: 3
        [java] CA 2033    main               DEBUG net.sf.hibernate.type.StringType  - binding 'vivi@com.com' to parameter: 4
        [java] CA 2043    main               DEBUG net.sf.hibernate.type.TimestampType  - binding '25 September 2003 01:13:49' to parameter: 5
        [java] CA 2063    main               DEBUG net.sf.hibernate.util.JDBCExceptionReporter  - SQL Exception
        [java] COM.ibm.db2.jdbc.DB2Exception: [IBM][CLI Driver][DB2/NT] SQL0803N  One or more values in the INSERT statement, UPDATE statement, or foreign key update caused by a DELETE statement are not valid because the primary key, unique constraint or unique index identified by "1" constrains table "USER.PARENTS" from having duplicate rows for those columns.  SQLSTATE=23505
        [java] 
        [java] 	at COM.ibm.db2.jdbc.app.SQLExceptionGenerator.throw_SQLException(SQLExceptionGenerator.java:269)
        [java] 	at COM.ibm.db2.jdbc.app.SQLExceptionGenerator.throw_SQLException(SQLExceptionGenerator.java:206)
        [java] 	at COM.ibm.db2.jdbc.app.SQLExceptionGenerator.check_return_code(SQLExceptionGenerator.java:457)
        [java] 	at COM.ibm.db2.jdbc.app.DB2PreparedStatement.execute2(DB2PreparedStatement.java:1429)
        [java] 	at COM.ibm.db2.jdbc.app.DB2PreparedStatement.executeUpdate(DB2PreparedStatement.java:1021)
        [java] 	at net.sf.hibernate.persister.EntityPersister.insert(EntityPersister.java:504)
        [java] 	at net.sf.hibernate.persister.EntityPersister.insert(EntityPersister.java:437)
        [java] 	at net.sf.hibernate.impl.SessionImpl.doSave(SessionImpl.java:754)
        [java] 	at net.sf.hibernate.impl.SessionImpl.save(SessionImpl.java:642)
        [java] 	at com.paraware.TestHibernate.main(TestHibernate.java:29)
        [java] CA 2144    main               WARN  net.sf.hibernate.util.JDBCExceptionReporter  - SQL Error: -803, SQLState: 23505
        [java] CA 2144    main               ERROR net.sf.hibernate.util.JDBCExceptionReporter  - [IBM][CLI Driver][DB2/NT] SQL0803N  One or more values in the INSERT statement, UPDATE statement, or foreign key update caused by a DELETE statement are not valid because the primary key, unique constraint or unique index identified by "1" constrains table "USER.PARENTS" from having duplicate rows for those columns.  SQLSTATE=23505
        [java] 
        [java] CA 2174    main               DEBUG net.sf.hibernate.impl.BatcherImpl  - done closing: 0 open PreparedStatements, 0 open ResultSets
        [java] CA 2174    main               DEBUG net.sf.hibernate.impl.BatcherImpl  - closing statement
        [java] CA 2174    main               DEBUG net.sf.hibernate.util.JDBCExceptionReporter  - SQL Exception
        [java] COM.ibm.db2.jdbc.DB2Exception: [IBM][CLI Driver][DB2/NT] SQL0803N  One or more values in the INSERT statement, UPDATE statement, or foreign key update caused by a DELETE statement are not valid because the primary key, unique constraint or unique index identified by "1" constrains table "USER.PARENTS" from having duplicate rows for those columns.  SQLSTATE=23505
        [java] 
        [java] 	at COM.ibm.db2.jdbc.app.SQLExceptionGenerator.throw_SQLException(SQLExceptionGenerator.java:269)
        [java] 	at COM.ibm.db2.jdbc.app.SQLExceptionGenerator.throw_SQLException(SQLExceptionGenerator.java:206)
        [java] 	at COM.ibm.db2.jdbc.app.SQLExceptionGenerator.check_return_code(SQLExceptionGenerator.java:457)
        [java] 	at COM.ibm.db2.jdbc.app.DB2PreparedStatement.execute2(DB2PreparedStatement.java:1429)
        [java] 	at COM.ibm.db2.jdbc.app.DB2PreparedStatement.executeUpdate(DB2PreparedStatement.java:1021)
        [java] 	at net.sf.hibernate.persister.EntityPersister.insert(EntityPersister.java:504)
        [java] 	at net.sf.hibernate.persister.EntityPersister.insert(EntityPersister.java:437)
        [java] 	at net.sf.hibernate.impl.SessionImpl.doSave(SessionImpl.java:754)
        [java] 	at net.sf.hibernate.impl.SessionImpl.save(SessionImpl.java:642)
        [java] 	at com.paraware.TestHibernate.main(TestHibernate.java:29)
        [java] CA 2234    main               WARN  net.sf.hibernate.util.JDBCExceptionReporter  - SQL Error: -803, SQLState: 23505
        [java] CA 2234    main               ERROR net.sf.hibernate.util.JDBCExceptionReporter  - [IBM][CLI Driver][DB2/NT] SQL0803N  One or more values in the INSERT statement, UPDATE statement, or foreign key update caused by a DELETE statement are not valid because the primary key, unique constraint or unique index identified by "1" constrains table "USER.PARENTS" from having duplicate rows for those columns.  SQLSTATE=23505
        [java] 
        [java] CA 2264    main               ERROR net.sf.hibernate.util.JDBCExceptionReporter  - could not insert: [com.paraware.domain.Parent]
        [java] COM.ibm.db2.jdbc.DB2Exception: [IBM][CLI Driver][DB2/NT] SQL0803N  One or more values in the INSERT statement, UPDATE statement, or foreign key update caused by a DELETE statement are not valid because the primary key, unique constraint or unique index identified by "1" constrains table "USER.PARENTS" from having duplicate rows for those columns.  SQLSTATE=23505
        [java] 
        [java] 	at COM.ibm.db2.jdbc.app.SQLExceptionGenerator.throw_SQLException(SQLExceptionGenerator.java:269)
        [java] 	at COM.ibm.db2.jdbc.app.SQLExceptionGenerator.throw_SQLException(SQLExceptionGenerator.java:206)
        [java] 	at COM.ibm.db2.jdbc.app.SQLExceptionGenerator.check_return_code(SQLExceptionGenerator.java:457)
        [java] 	at COM.ibm.db2.jdbc.app.DB2PreparedStatement.execute2(DB2PreparedStatement.java:1429)
        [java] 	at COM.ibm.db2.jdbc.app.DB2PreparedStatement.executeUpdate(DB2PreparedStatement.java:1021)
        [java] 	at net.sf.hibernate.persister.EntityPersister.insert(EntityPersister.java:504)
        [java] 	at net.sf.hibernate.persister.EntityPersister.insert(EntityPersister.java:437)
        [java] 	at net.sf.hibernate.impl.SessionImpl.doSave(SessionImpl.java:754)
        [java] 	at net.sf.hibernate.impl.SessionImpl.save(SessionImpl.java:642)
        [java] 	at com.paraware.TestHibernate.main(TestHibernate.java:29)
        [java] COM.ibm.db2.jdbc.DB2Exception: [IBM][CLI Driver][DB2/NT] SQL0803N  One or more values in the INSERT statement, UPDATE statement, or foreign key update caused by a DELETE statement are not valid because the primary key, unique constraint or unique index identified by "1" constrains table "USER.PARENTS" from having duplicate rows for those columns.  SQLSTATE=23505
        [java] 	at COM.ibm.db2.jdbc.app.SQLExceptionGenerator.throw_SQLException(SQLExceptionGenerator.java:269)
        [java] 	at COM.ibm.db2.jdbc.app.SQLExceptionGenerator.throw_SQLException(SQLExceptionGenerator.java:206)
        [java] 	at COM.ibm.db2.jdbc.app.SQLExceptionGenerator.check_return_code(SQLExceptionGenerator.java:457)
        [java] 	at COM.ibm.db2.jdbc.app.DB2PreparedStatement.execute2(DB2PreparedStatement.java:1429)
        [java] 	at COM.ibm.db2.jdbc.app.DB2PreparedStatement.executeUpdate(DB2PreparedStatement.java:1021)
        [java] 	at net.sf.hibernate.persister.EntityPersister.insert(EntityPersister.java:504)
        [java] 	at net.sf.hibernate.persister.EntityPersister.insert(EntityPersister.java:437)
        [java] 	at net.sf.hibernate.impl.SessionImpl.doSave(SessionImpl.java:754)
        [java] 	at net.sf.hibernate.impl.SessionImpl.save(SessionImpl.java:642)
        [java] 	at com.paraware.TestHibernate.main(TestHibernate.java:29)
        [java] rethrown as net.sf.hibernate.JDBCException: could not insert: [com.paraware.domain.Parent]: [IBM][CLI Driver][DB2/NT] SQL0803N  One or more values in the INSERT statement, UPDATE statement, or foreign key update caused by a DELETE statement are not valid because the primary key, unique constraint or unique index identified by "1" constrains table "USER.PARENTS" from having duplicate rows for those columns.  SQLSTATE=23505
        [java] 	at net.sf.hibernate.persister.EntityPersister.insert(EntityPersister.java:543)
        [java] 	at net.sf.hibernate.persister.EntityPersister.insert(EntityPersister.java:437)
        [java] 	at net.sf.hibernate.impl.SessionImpl.doSave(SessionImpl.java:754)
        [java] 	at net.sf.hibernate.impl.SessionImpl.save(SessionImpl.java:642)
        [java] 	at com.paraware.TestHibernate.main(TestHibernate.java:29)
        [java] Caused by: COM.ibm.db2.jdbc.DB2Exception: [IBM][CLI Driver][DB2/NT] SQL0803N  One or more values in the INSERT statement, UPDATE statement, or foreign key update caused by a DELETE statement are not valid because the primary key, unique constraint or unique index identified by "1" constrains table "USER.PARENTS" from having duplicate rows for those columns.  SQLSTATE=23505
        [java] 	at COM.ibm.db2.jdbc.app.SQLExceptionGenerator.throw_SQLException(SQLExceptionGenerator.java:269)
        [java] 	at COM.ibm.db2.jdbc.app.SQLExceptionGenerator.throw_SQLException(SQLExceptionGenerator.java:206)
        [java] 	at COM.ibm.db2.jdbc.app.SQLExceptionGenerator.check_return_code(SQLExceptionGenerator.java:457)
        [java] 	at COM.ibm.db2.jdbc.app.DB2PreparedStatement.execute2(DB2PreparedStatement.java:1429)
        [java] 	at COM.ibm.db2.jdbc.app.DB2PreparedStatement.executeUpdate(DB2PreparedStatement.java:1021)
        [java] 	at net.sf.hibernate.persister.EntityPersister.insert(EntityPersister.java:504)
        [java] 	... 4 more
        [java] Exception in thread "main" 
        [java] Java Result: 1
BUILD SUCCESSFUL
Total time: 3 seconds