=========================================================================

  JBoss Bootstrap Environment

  JBOSS_HOME: /home/mlinhard/dev/projects/ogm_demo/jboss-as-7.1.0.Final

  JAVA: /home/mlinhard/dev/software/jdk1.6.0_30/bin/java

  JAVA_OPTS:  -server -XX:+UseCompressedOops -XX:+TieredCompilation -Xms64m -Xmx512m -XX:MaxPermSize=256m -Djava.net.preferIPv4Stack=true -Dorg.jboss.resolver.warning=true -Dsun.rmi.dgc.client.gcInterval=3600000 -Dsun.rmi.dgc.server.gcInterval=3600000 -Djboss.modules.system.pkgs=org.jboss.byteman -Djava.awt.headless=true -Djboss.server.default.config=standalone.xml

=========================================================================

14:27:27,162 INFO  [org.jboss.modules] JBoss Modules version 1.1.1.GA
14:27:27,316 INFO  [org.jboss.msc] JBoss MSC version 1.0.2.GA
14:27:27,363 INFO  [org.jboss.as] JBAS015899: JBoss AS 7.1.0.Final "Thunder" starting
14:27:28,105 INFO  [org.xnio] XNIO Version 3.0.3.GA
14:27:28,116 INFO  [org.jboss.as.server] JBAS015888: Creating http management service using socket-binding (management-http)
14:27:28,129 INFO  [org.xnio.nio] XNIO NIO Implementation Version 3.0.3.GA
14:27:28,144 INFO  [org.jboss.remoting] JBoss Remoting version 3.2.2.GA
14:27:28,173 INFO  [org.jboss.as.logging] JBAS011502: Removing bootstrap log handlers
14:27:28,176 INFO  [org.jboss.as.configadmin] (ServerService Thread Pool -- 26) JBAS016200: Activating ConfigAdmin Subsystem
14:27:28,198 INFO  [org.jboss.as.clustering.infinispan] (ServerService Thread Pool -- 31) JBAS010280: Activating Infinispan subsystem.
14:27:28,264 INFO  [org.jboss.as.connector] (MSC service thread 1-4) JBAS010408: Starting JCA Subsystem (JBoss IronJacamar 1.0.7.Final)
14:27:28,267 INFO  [org.jboss.as.security] (ServerService Thread Pool -- 44) JBAS013101: Activating Security Subsystem
14:27:28,270 INFO  [org.jboss.as.osgi] (ServerService Thread Pool -- 39) JBAS011940: Activating OSGi Subsystem
14:27:28,282 INFO  [org.jboss.as.naming] (ServerService Thread Pool -- 38) JBAS011800: Activating Naming Subsystem
14:27:28,284 INFO  [org.jboss.as.webservices] (ServerService Thread Pool -- 48) JBAS015537: Activating WebServices Extension
14:27:28,318 INFO  [org.jboss.as.connector.subsystems.datasources] (ServerService Thread Pool -- 27) JBAS010403: Deploying JDBC-compliant driver class org.h2.Driver (version 1.3)
14:27:28,351 INFO  [org.jboss.as.security] (MSC service thread 1-2) JBAS013100: Current PicketBox version=4.0.6.final
14:27:28,393 INFO  [org.jboss.as.naming] (MSC service thread 1-1) JBAS011802: Starting Naming Service
14:27:28,409 INFO  [org.jboss.as.mail.extension] (MSC service thread 1-3) JBAS015400: Bound mail session [java:jboss/mail/Default]
14:27:28,567 INFO  [org.jboss.ws.common.management.AbstractServerConfig] (MSC service thread 1-3) JBoss Web Services - Stack CXF Server 4.0.1.GA
14:27:28,757 INFO  [org.apache.coyote.http11.Http11Protocol] (MSC service thread 1-4) Starting Coyote HTTP/1.1 on http--127.0.0.1-8080
14:27:28,951 INFO  [org.jboss.as.remoting] (MSC service thread 1-4) JBAS017100: Listening on /127.0.0.1:4447
14:27:28,957 INFO  [org.jboss.as.remoting] (MSC service thread 1-2) JBAS017100: Listening on /127.0.0.1:9999
14:27:28,976 INFO  [org.jboss.as.server.deployment.scanner] (MSC service thread 1-4) JBAS015012: Started FileSystemDeploymentService for directory /home/mlinhard/dev/projects/ogm_demo/jboss-as-7.1.0.Final/standalone/deployments
14:27:29,133 INFO  [org.jboss.as.connector.subsystems.datasources] (MSC service thread 1-1) JBAS010400: Bound data source [java:jboss/datasources/ExampleDS]
14:27:29,144 INFO  [org.jboss.as] (Controller Boot Thread) JBAS015874: JBoss AS 7.1.0.Final "Thunder" started in 2190ms - Started 134 of 205 services (70 services are passive or on-demand)
14:27:38,079 INFO  [org.jboss.as.server.deployment] (MSC service thread 1-3) JBAS015876: Starting deployment of "jboss-as-kitchensink.war"
14:27:38,309 INFO  [org.jboss.as.jpa] (MSC service thread 1-2) JBAS011401: Read persistence.xml for primary
14:27:38,398 INFO  [org.jboss.weld.deployer] (MSC service thread 1-2) JBAS016002: Processing weld deployment jboss-as-kitchensink.war
14:27:38,405 INFO  [org.jboss.as.ejb3.deployment.processors.EjbJndiBindingsDeploymentUnitProcessor] (MSC service thread 1-2) JNDI bindings for session bean named MemberRegistration in deployment unit deployment "jboss-as-kitchensink.war" are as follows:

	java:global/jboss-as-kitchensink/MemberRegistration!org.jboss.as.quickstarts.kitchensink.controller.MemberRegistration
	java:app/jboss-as-kitchensink/MemberRegistration!org.jboss.as.quickstarts.kitchensink.controller.MemberRegistration
	java:module/MemberRegistration!org.jboss.as.quickstarts.kitchensink.controller.MemberRegistration
	java:global/jboss-as-kitchensink/MemberRegistration
	java:app/jboss-as-kitchensink/MemberRegistration
	java:module/MemberRegistration

14:27:38,591 INFO  [org.jboss.weld.deployer] (MSC service thread 1-4) JBAS016005: Starting Services for CDI deployment: jboss-as-kitchensink.war
14:27:38,620 INFO  [org.jboss.weld.Version] (MSC service thread 1-4) WELD-000900 1.1.5 (AS71)
14:27:38,648 INFO  [org.jboss.as.jpa] (MSC service thread 1-2) JBAS011402: Starting Persistence Unit Service 'jboss-as-kitchensink.war#primary'
14:27:38,760 INFO  [org.hibernate.annotations.common.Version] (MSC service thread 1-2) HCANN000001: Hibernate Commons Annotations {4.0.1.Final}
14:27:38,764 INFO  [org.hibernate.Version] (MSC service thread 1-2) HHH000412: Hibernate Core {4.0.1.Final}
14:27:38,769 INFO  [org.hibernate.cfg.Environment] (MSC service thread 1-2) HHH000206: hibernate.properties not found
14:27:38,770 INFO  [org.hibernate.cfg.Environment] (MSC service thread 1-2) HHH000021: Bytecode provider name : javassist
14:27:38,790 INFO  [org.hibernate.ejb.Ejb3Configuration] (MSC service thread 1-2) HHH000204: Processing PersistenceUnitInfo [
	name: primary
	...]
14:27:38,925 INFO  [org.hibernate.service.jdbc.connections.internal.ConnectionProviderInitiator] (MSC service thread 1-2) HHH000130: Instantiating explicit connection provider: org.hibernate.ejb.connection.InjectedDataSourceConnectionProvider
14:27:38,932 ERROR [org.jboss.msc.service.fail] (MSC service thread 1-2) MSC00001: Failed to start service jboss.persistenceunit."jboss-as-kitchensink.war#primary": org.jboss.msc.service.StartException in service jboss.persistenceunit."jboss-as-kitchensink.war#primary": Failed to start service
	at org.jboss.msc.service.ServiceControllerImpl$StartTask.run(ServiceControllerImpl.java:1767) [jboss-msc-1.0.2.GA.jar:1.0.2.GA]
	at java.util.concurrent.ThreadPoolExecutor$Worker.runTask(ThreadPoolExecutor.java:886) [rt.jar:1.6.0_30]
	at java.util.concurrent.ThreadPoolExecutor$Worker.run(ThreadPoolExecutor.java:908) [rt.jar:1.6.0_30]
	at java.lang.Thread.run(Thread.java:662) [rt.jar:1.6.0_30]
Caused by: javax.persistence.PersistenceException: [PersistenceUnit: primary] Unable to build EntityManagerFactory
	at org.hibernate.ejb.Ejb3Configuration.buildEntityManagerFactory(Ejb3Configuration.java:914)
	at org.hibernate.ejb.Ejb3Configuration.buildEntityManagerFactory(Ejb3Configuration.java:889)
	at org.hibernate.ejb.HibernatePersistence.createContainerEntityManagerFactory(HibernatePersistence.java:73)
	at org.hibernate.ogm.jpa.HibernateOgmPersistence.createContainerEntityManagerFactory(HibernateOgmPersistence.java:125)
	at org.jboss.as.jpa.service.PersistenceUnitServiceImpl.createContainerEntityManagerFactory(PersistenceUnitServiceImpl.java:162)
	at org.jboss.as.jpa.service.PersistenceUnitServiceImpl.start(PersistenceUnitServiceImpl.java:85)
	at org.jboss.msc.service.ServiceControllerImpl$StartTask.startService(ServiceControllerImpl.java:1811) [jboss-msc-1.0.2.GA.jar:1.0.2.GA]
	at org.jboss.msc.service.ServiceControllerImpl$StartTask.run(ServiceControllerImpl.java:1746) [jboss-msc-1.0.2.GA.jar:1.0.2.GA]
	... 3 more
Caused by: org.hibernate.service.jndi.JndiException: Unable to lookup JNDI name [---PlaceHolderDSForOGM---]
	at org.hibernate.service.jndi.internal.JndiServiceImpl.locate(JndiServiceImpl.java:68)
	at org.hibernate.service.jdbc.connections.internal.DatasourceConnectionProviderImpl.configure(DatasourceConnectionProviderImpl.java:116)
	at org.hibernate.service.internal.StandardServiceRegistryImpl.configureService(StandardServiceRegistryImpl.java:75)
	at org.hibernate.service.internal.AbstractServiceRegistryImpl.initializeService(AbstractServiceRegistryImpl.java:159)
	at org.hibernate.service.internal.AbstractServiceRegistryImpl.getService(AbstractServiceRegistryImpl.java:131)
	at org.hibernate.engine.jdbc.internal.JdbcServicesImpl.buildJdbcConnectionAccess(JdbcServicesImpl.java:234)
	at org.hibernate.engine.jdbc.internal.JdbcServicesImpl.configure(JdbcServicesImpl.java:91)
	at org.hibernate.service.internal.StandardServiceRegistryImpl.configureService(StandardServiceRegistryImpl.java:75)
	at org.hibernate.service.internal.AbstractServiceRegistryImpl.initializeService(AbstractServiceRegistryImpl.java:159)
	at org.hibernate.service.internal.AbstractServiceRegistryImpl.getService(AbstractServiceRegistryImpl.java:131)
	at org.hibernate.cfg.SettingsFactory.buildSettings(SettingsFactory.java:71)
	at org.hibernate.cfg.Configuration.buildSettingsInternal(Configuration.java:2270)
	at org.hibernate.cfg.Configuration.buildSettings(Configuration.java:2266)
	at org.hibernate.cfg.Configuration.buildSessionFactory(Configuration.java:1735)
	at org.hibernate.ejb.EntityManagerFactoryImpl.<init>(EntityManagerFactoryImpl.java:84)
	at org.hibernate.ejb.Ejb3Configuration.buildEntityManagerFactory(Ejb3Configuration.java:904)
	... 10 more
Caused by: javax.naming.NameNotFoundException: ---PlaceHolderDSForOGM--- -- service jboss.naming.context.java.---PlaceHolderDSForOGM---
	at org.jboss.as.naming.ServiceBasedNamingStore.lookup(ServiceBasedNamingStore.java:97)
	at org.jboss.as.naming.NamingContext.lookup(NamingContext.java:177)
	at org.jboss.as.naming.InitialContext.lookup(InitialContext.java:113)
	at javax.naming.InitialContext.lookup(InitialContext.java:396) [rt.jar:1.6.0_30]
	at org.hibernate.service.jndi.internal.JndiServiceImpl.locate(JndiServiceImpl.java:65)
	... 25 more

14:27:39,159 INFO  [org.jboss.as.server] (management-handler-threads - 2) JBAS015870: Deploy of deployment "jboss-as-kitchensink.war" was rolled back with failure message {"JBAS014671: Failed services" => {"jboss.persistenceunit.\"jboss-as-kitchensink.war#primary\"" => "org.jboss.msc.service.StartException in service jboss.persistenceunit.\"jboss-as-kitchensink.war#primary\": Failed to start service"}}
14:27:39,196 INFO  [org.jboss.as.server.deployment] (MSC service thread 1-1) JBAS015877: Stopped deployment jboss-as-kitchensink.war in 37ms
14:27:39,197 INFO  [org.jboss.as.controller] (management-handler-threads - 2) JBAS014774: Service status report
JBAS014777:   Services which failed to start:      service jboss.persistenceunit."jboss-as-kitchensink.war#primary": org.jboss.msc.service.StartException in service jboss.persistenceunit."jboss-as-kitchensink.war#primary": Failed to start service

