12月 19, 2021 4:50:16 下午 org.hibernate.jpa.internal.util.LogHelper logPersistenceUnitInformation
INFO: HHH000204: Processing PersistenceUnitInfo [name: Demo]
12月 19, 2021 4:50:16 下午 org.hibernate.Version logVersion
INFO: HHH000412: Hibernate ORM core version 6.0.0.Beta3
12月 19, 2021 4:50:17 下午 org.hibernate.annotations.common.reflection.java.JavaReflectionManager <clinit>
INFO: HCANN000001: Hibernate Commons Annotations {5.1.2.Final}
12月 19, 2021 4:50:18 下午 org.hibernate.engine.jdbc.connections.internal.DriverManagerConnectionProviderImpl configure
WARN: HHH10001002: Using built-in connection pool (not intended for production use)
12月 19, 2021 4:50:18 下午 org.hibernate.engine.jdbc.connections.internal.DriverManagerConnectionProviderImpl buildCreator
INFO: HHH10001005: Loaded JDBC driver class: org.h2.Driver
12月 19, 2021 4:50:18 下午 org.hibernate.engine.jdbc.connections.internal.DriverManagerConnectionProviderImpl buildCreator
INFO: HHH10001012: Connecting with JDBC URL [jdbc:h2:mem:db1;DB_CLOSE_DELAY=-1;]
12月 19, 2021 4:50:18 下午 org.hibernate.engine.jdbc.connections.internal.DriverManagerConnectionProviderImpl buildCreator
INFO: HHH10001001: Connection properties: {user=sa}
12月 19, 2021 4:50:18 下午 org.hibernate.engine.jdbc.connections.internal.DriverManagerConnectionProviderImpl buildCreator
INFO: HHH10001003: Autocommit mode: false
12月 19, 2021 4:50:18 下午 org.hibernate.engine.jdbc.connections.internal.DriverManagerConnectionProviderImpl$PooledConnections <init>
INFO: HHH10001115: Connection pool size: 5 (min=1)
12月 19, 2021 4:50:18 下午 org.hibernate.engine.jdbc.dialect.internal.DialectFactoryImpl logSelectedDialect
INFO: HHH000400: Using dialect: org.hibernate.dialect.H2Dialect
12月 19, 2021 4:50:19 下午 org.hibernate.engine.jdbc.connections.internal.DriverManagerConnectionProviderImpl$PoolState stop
INFO: HHH10001008: Cleaning up connection pool [jdbc:h2:mem:db1;DB_CLOSE_DELAY=-1;]
Exception in thread "main" java.lang.StackOverflowError
	at org.hibernate.query.NavigablePath.equals(NavigablePath.java:206)
	at org.hibernate.query.NavigablePath.equals(NavigablePath.java:206)
	at org.hibernate.query.NavigablePath.equals(NavigablePath.java:206)
	at org.hibernate.query.NavigablePath.equals(NavigablePath.java:206)
	at org.hibernate.query.NavigablePath.equals(NavigablePath.java:206)
	at org.hibernate.query.NavigablePath.equals(NavigablePath.java:206)
	at org.hibernate.query.NavigablePath.equals(NavigablePath.java:206)
	at org.hibernate.query.NavigablePath.equals(NavigablePath.java:206)
	at org.hibernate.query.NavigablePath.equals(NavigablePath.java:206)
	at org.hibernate.query.NavigablePath.equals(NavigablePath.java:206)
	at org.hibernate.query.NavigablePath.equals(NavigablePath.java:206)
	at org.hibernate.query.NavigablePath.equals(NavigablePath.java:206)
	at org.hibernate.query.NavigablePath.equals(NavigablePath.java:206)
	at org.hibernate.query.NavigablePath.equals(NavigablePath.java:206)
	at org.hibernate.query.NavigablePath.equals(NavigablePath.java:206)
	at org.hibernate.query.NavigablePath.equals(NavigablePath.java:206)
	at org.hibernate.query.NavigablePath.equals(NavigablePath.java:206)
	at org.hibernate.query.NavigablePath.equals(NavigablePath.java:206)
	at org.hibernate.query.NavigablePath.equals(NavigablePath.java:206)
	at org.hibernate.query.NavigablePath.equals(NavigablePath.java:206)
	at org.hibernate.query.NavigablePath.equals(NavigablePath.java:206)
	at org.hibernate.query.NavigablePath.equals(NavigablePath.java:206)
	at org.hibernate.query.NavigablePath.equals(NavigablePath.java:206)
	at org.hibernate.query.NavigablePath.equals(NavigablePath.java:206)
	at org.hibernate.query.NavigablePath.equals(NavigablePath.java:206)
	at org.hibernate.query.NavigablePath.equals(NavigablePath.java:206)
	at org.hibernate.query.NavigablePath.equals(NavigablePath.java:206)
	at org.hibernate.query.NavigablePath.equals(NavigablePath.java:206)
	at org.hibernate.query.NavigablePath.equals(NavigablePath.java:206)
	at org.hibernate.query.NavigablePath.equals(NavigablePath.java:206)
	at org.hibernate.query.NavigablePath.equals(NavigablePath.java:206)
	at org.hibernate.query.NavigablePath.equals(NavigablePath.java:206)
	at org.hibernate.query.NavigablePath.equals(NavigablePath.java:206)
	at org.hibernate.query.NavigablePath.equals(NavigablePath.java:206)
	at org.hibernate.query.NavigablePath.equals(NavigablePath.java:206)
	at org.hibernate.query.NavigablePath.equals(NavigablePath.java:206)
	at org.hibernate.query.NavigablePath.equals(NavigablePath.java:206)
	at org.hibernate.query.NavigablePath.equals(NavigablePath.java:206)
	at org.hibernate.query.NavigablePath.equals(NavigablePath.java:206)
	at org.hibernate.query.NavigablePath.equals(NavigablePath.java:206)
	at org.hibernate.query.NavigablePath.equals(NavigablePath.java:206)
	at org.hibernate.query.NavigablePath.equals(NavigablePath.java:206)
	at org.hibernate.query.NavigablePath.equals(NavigablePath.java:206)
	at org.hibernate.query.NavigablePath.equals(NavigablePath.java:206)
	at org.hibernate.query.NavigablePath.equals(NavigablePath.java:206)
	at org.hibernate.query.NavigablePath.equals(NavigablePath.java:206)
	at org.hibernate.query.NavigablePath.equals(NavigablePath.java:206)
	at org.hibernate.query.NavigablePath.equals(NavigablePath.java:206)
	at org.hibernate.query.NavigablePath.equals(NavigablePath.java:206)
	at org.hibernate.query.NavigablePath.equals(NavigablePath.java:206)
	at org.hibernate.query.NavigablePath.equals(NavigablePath.java:206)
	at org.hibernate.query.NavigablePath.equals(NavigablePath.java:206)
	at org.hibernate.query.NavigablePath.equals(NavigablePath.java:206)
	at org.hibernate.query.NavigablePath.equals(NavigablePath.java:206)
	at org.hibernate.query.NavigablePath.equals(NavigablePath.java:206)
	at org.hibernate.query.NavigablePath.equals(NavigablePath.java:206)
	at org.hibernate.query.NavigablePath.equals(NavigablePath.java:206)
	at org.hibernate.query.NavigablePath.equals(NavigablePath.java:206)
	at org.hibernate.query.NavigablePath.equals(NavigablePath.java:206)
	at org.hibernate.query.NavigablePath.equals(NavigablePath.java:206)
	at org.hibernate.query.NavigablePath.equals(NavigablePath.java:206)
	at org.hibernate.query.NavigablePath.equals(NavigablePath.java:206)
	at org.hibernate.query.NavigablePath.equals(NavigablePath.java:206)
	at org.hibernate.query.NavigablePath.equals(NavigablePath.java:206)
	at org.hibernate.query.NavigablePath.equals(NavigablePath.java:206)
	at org.hibernate.query.NavigablePath.equals(NavigablePath.java:206)
	at org.hibernate.query.NavigablePath.equals(NavigablePath.java:206)
	at org.hibernate.query.NavigablePath.equals(NavigablePath.java:206)
	at org.hibernate.query.NavigablePath.equals(NavigablePath.java:206)
	at org.hibernate.query.NavigablePath.equals(NavigablePath.java:206)
	at org.hibernate.query.NavigablePath.equals(NavigablePath.java:206)
	at org.hibernate.query.NavigablePath.equals(NavigablePath.java:206)
	at org.hibernate.query.NavigablePath.equals(NavigablePath.java:206)
	at org.hibernate.query.NavigablePath.equals(NavigablePath.java:206)
	at org.hibernate.query.NavigablePath.equals(NavigablePath.java:206)
	at org.hibernate.query.NavigablePath.equals(NavigablePath.java:206)
	at org.hibernate.query.NavigablePath.equals(NavigablePath.java:206)
	at org.hibernate.query.NavigablePath.equals(NavigablePath.java:206)
	at org.hibernate.query.NavigablePath.equals(NavigablePath.java:206)
	at org.hibernate.query.NavigablePath.equals(NavigablePath.java:206)
	at org.hibernate.query.NavigablePath.equals(NavigablePath.java:206)
	at org.hibernate.query.NavigablePath.equals(NavigablePath.java:206)
	at org.hibernate.query.NavigablePath.equals(NavigablePath.java:206)
	at org.hibernate.query.NavigablePath.equals(NavigablePath.java:206)
	at org.hibernate.query.NavigablePath.equals(NavigablePath.java:206)
	at org.hibernate.query.NavigablePath.equals(NavigablePath.java:206)
	at org.hibernate.query.NavigablePath.equals(NavigablePath.java:206)
	at org.hibernate.query.NavigablePath.equals(NavigablePath.java:206)
	at org.hibernate.query.NavigablePath.equals(NavigablePath.java:206)
	at org.hibernate.query.NavigablePath.equals(NavigablePath.java:206)
	at org.hibernate.query.NavigablePath.equals(NavigablePath.java:206)
	at org.hibernate.query.NavigablePath.equals(NavigablePath.java:206)
	at org.hibernate.query.NavigablePath.equals(NavigablePath.java:206)
	at org.hibernate.query.NavigablePath.equals(NavigablePath.java:206)
	at org.hibernate.query.NavigablePath.equals(NavigablePath.java:206)
	at org.hibernate.query.NavigablePath.equals(NavigablePath.java:206)
	at org.hibernate.query.NavigablePath.equals(NavigablePath.java:206)
	at org.hibernate.query.NavigablePath.equals(NavigablePath.java:206)
	at org.hibernate.query.NavigablePath.equals(NavigablePath.java:206)
	at org.hibernate.query.NavigablePath.equals(NavigablePath.java:206)
	at org.hibernate.query.NavigablePath.equals(NavigablePath.java:206)
	at org.hibernate.query.NavigablePath.equals(NavigablePath.java:206)
	at org.hibernate.query.NavigablePath.equals(NavigablePath.java:206)
	at org.hibernate.query.NavigablePath.equals(NavigablePath.java:206)
	at org.hibernate.query.NavigablePath.equals(NavigablePath.java:206)
	at org.hibernate.query.NavigablePath.equals(NavigablePath.java:206)
	at org.hibernate.query.NavigablePath.equals(NavigablePath.java:206)
	at org.hibernate.query.NavigablePath.equals(NavigablePath.java:206)
	at org.hibernate.query.NavigablePath.equals(NavigablePath.java:206)
	at org.hibernate.query.NavigablePath.equals(NavigablePath.java:206)
	at org.hibernate.query.NavigablePath.equals(NavigablePath.java:206)
	at org.hibernate.query.NavigablePath.equals(NavigablePath.java:206)
	at org.hibernate.query.NavigablePath.equals(NavigablePath.java:206)
	at org.hibernate.query.NavigablePath.equals(NavigablePath.java:206)
	at org.hibernate.query.NavigablePath.equals(NavigablePath.java:206)
	at org.hibernate.query.NavigablePath.equals(NavigablePath.java:206)
	at org.hibernate.query.NavigablePath.equals(NavigablePath.java:206)
	at org.hibernate.query.NavigablePath.equals(NavigablePath.java:206)
	at org.hibernate.query.NavigablePath.equals(NavigablePath.java:206)
	at org.hibernate.query.NavigablePath.equals(NavigablePath.java:206)
	at org.hibernate.query.NavigablePath.equals(NavigablePath.java:206)
	at org.hibernate.query.NavigablePath.equals(NavigablePath.java:206)
	at org.hibernate.query.NavigablePath.equals(NavigablePath.java:206)
	at org.hibernate.query.NavigablePath.equals(NavigablePath.java:206)
	at org.hibernate.query.NavigablePath.equals(NavigablePath.java:206)
	at org.hibernate.query.NavigablePath.equals(NavigablePath.java:206)
	at org.hibernate.query.NavigablePath.equals(NavigablePath.java:206)
	at org.hibernate.query.NavigablePath.equals(NavigablePath.java:206)
	at org.hibernate.query.NavigablePath.equals(NavigablePath.java:206)
	at org.hibernate.query.NavigablePath.equals(NavigablePath.java:206)
	at org.hibernate.query.NavigablePath.equals(NavigablePath.java:206)
	at org.hibernate.query.NavigablePath.equals(NavigablePath.java:206)
	at org.hibernate.query.NavigablePath.equals(NavigablePath.java:206)
	at org.hibernate.query.NavigablePath.equals(NavigablePath.java:206)
	at org.hibernate.query.NavigablePath.equals(NavigablePath.java:206)
	at org.hibernate.query.NavigablePath.equals(NavigablePath.java:206)
	at org.hibernate.query.NavigablePath.equals(NavigablePath.java:206)
	at org.hibernate.query.NavigablePath.equals(NavigablePath.java:206)
	at org.hibernate.query.NavigablePath.equals(NavigablePath.java:206)
	at org.hibernate.query.NavigablePath.equals(NavigablePath.java:206)
	at org.hibernate.query.NavigablePath.equals(NavigablePath.java:206)
	at org.hibernate.query.NavigablePath.equals(NavigablePath.java:206)
	at org.hibernate.query.NavigablePath.equals(NavigablePath.java:206)
	at org.hibernate.query.NavigablePath.equals(NavigablePath.java:206)
	at org.hibernate.query.NavigablePath.equals(NavigablePath.java:206)
	at org.hibernate.query.NavigablePath.equals(NavigablePath.java:206)
	at org.hibernate.query.NavigablePath.equals(NavigablePath.java:206)
	at org.hibernate.query.NavigablePath.equals(NavigablePath.java:206)
	at org.hibernate.query.NavigablePath.equals(NavigablePath.java:206)
	at org.hibernate.query.NavigablePath.equals(NavigablePath.java:206)
	at org.hibernate.query.NavigablePath.equals(NavigablePath.java:206)
	at org.hibernate.query.NavigablePath.equals(NavigablePath.java:206)
	at org.hibernate.query.NavigablePath.equals(NavigablePath.java:206)
	at org.hibernate.query.NavigablePath.equals(NavigablePath.java:206)
	at org.hibernate.query.NavigablePath.equals(NavigablePath.java:206)
	at org.hibernate.query.NavigablePath.equals(NavigablePath.java:206)
	at org.hibernate.query.NavigablePath.equals(NavigablePath.java:206)
	at org.hibernate.query.NavigablePath.equals(NavigablePath.java:206)
	at org.hibernate.query.NavigablePath.equals(NavigablePath.java:206)
	at org.hibernate.query.NavigablePath.equals(NavigablePath.java:206)
	at org.hibernate.query.NavigablePath.equals(NavigablePath.java:206)
	at org.hibernate.query.NavigablePath.equals(NavigablePath.java:206)
	at org.hibernate.query.NavigablePath.equals(NavigablePath.java:206)
	at org.hibernate.query.NavigablePath.equals(NavigablePath.java:206)
	at org.hibernate.query.NavigablePath.equals(NavigablePath.java:206)
	at org.hibernate.query.NavigablePath.equals(NavigablePath.java:206)
	at org.hibernate.query.NavigablePath.equals(NavigablePath.java:206)
	at org.hibernate.query.NavigablePath.equals(NavigablePath.java:206)
	at org.hibernate.query.NavigablePath.equals(NavigablePath.java:206)
	at org.hibernate.query.NavigablePath.equals(NavigablePath.java:206)
	at org.hibernate.query.NavigablePath.equals(NavigablePath.java:206)
	at org.hibernate.query.NavigablePath.equals(NavigablePath.java:206)
	at org.hibernate.query.NavigablePath.equals(NavigablePath.java:206)
	at org.hibernate.query.NavigablePath.equals(NavigablePath.java:206)
	at org.hibernate.query.NavigablePath.equals(NavigablePath.java:206)
	at org.hibernate.query.NavigablePath.equals(NavigablePath.java:206)
	at org.hibernate.query.NavigablePath.equals(NavigablePath.java:206)
	at org.hibernate.query.NavigablePath.equals(NavigablePath.java:206)
	at org.hibernate.query.NavigablePath.equals(NavigablePath.java:206)
	at org.hibernate.query.NavigablePath.equals(NavigablePath.java:206)
	at org.hibernate.query.NavigablePath.equals(NavigablePath.java:206)
	at org.hibernate.query.NavigablePath.equals(NavigablePath.java:206)
	at org.hibernate.query.NavigablePath.equals(NavigablePath.java:206)
	at org.hibernate.query.NavigablePath.equals(NavigablePath.java:206)
	at org.hibernate.query.NavigablePath.equals(NavigablePath.java:206)
	at org.hibernate.query.NavigablePath.equals(NavigablePath.java:206)
	at org.hibernate.query.NavigablePath.equals(NavigablePath.java:206)
	at org.hibernate.query.NavigablePath.equals(NavigablePath.java:206)
	at org.hibernate.query.NavigablePath.equals(NavigablePath.java:206)
	at org.hibernate.query.NavigablePath.equals(NavigablePath.java:206)
	at org.hibernate.query.NavigablePath.equals(NavigablePath.java:206)
	at org.hibernate.query.NavigablePath.equals(NavigablePath.java:206)
	at org.hibernate.query.NavigablePath.equals(NavigablePath.java:206)
	at org.hibernate.query.NavigablePath.equals(NavigablePath.java:206)
	at org.hibernate.query.NavigablePath.equals(NavigablePath.java:206)
	at org.hibernate.query.NavigablePath.equals(NavigablePath.java:206)
	at org.hibernate.query.NavigablePath.equals(NavigablePath.java:206)
	at org.hibernate.query.NavigablePath.equals(NavigablePath.java:206)
	at org.hibernate.query.NavigablePath.equals(NavigablePath.java:206)
	at org.hibernate.query.NavigablePath.equals(NavigablePath.java:206)
	at org.hibernate.query.NavigablePath.equals(NavigablePath.java:206)
	at org.hibernate.query.NavigablePath.equals(NavigablePath.java:206)
	at org.hibernate.query.NavigablePath.equals(NavigablePath.java:206)
	at org.hibernate.query.NavigablePath.equals(NavigablePath.java:206)
	at org.hibernate.query.NavigablePath.equals(NavigablePath.java:206)
	at org.hibernate.query.NavigablePath.equals(NavigablePath.java:206)
	at org.hibernate.query.NavigablePath.equals(NavigablePath.java:206)
	at org.hibernate.query.NavigablePath.equals(NavigablePath.java:206)
	at org.hibernate.query.NavigablePath.equals(NavigablePath.java:206)
	at org.hibernate.query.NavigablePath.equals(NavigablePath.java:206)
	at org.hibernate.query.NavigablePath.equals(NavigablePath.java:206)
	at org.hibernate.query.NavigablePath.equals(NavigablePath.java:206)
	at org.hibernate.query.NavigablePath.equals(NavigablePath.java:206)
	at org.hibernate.query.NavigablePath.equals(NavigablePath.java:206)
	at org.hibernate.query.NavigablePath.equals(NavigablePath.java:206)
	at org.hibernate.query.NavigablePath.equals(NavigablePath.java:206)
	at org.hibernate.query.NavigablePath.equals(NavigablePath.java:206)
	at org.hibernate.query.NavigablePath.equals(NavigablePath.java:206)
	at org.hibernate.query.NavigablePath.equals(NavigablePath.java:206)
	at org.hibernate.query.NavigablePath.equals(NavigablePath.java:206)
	at org.hibernate.query.NavigablePath.equals(NavigablePath.java:206)
	at org.hibernate.query.NavigablePath.equals(NavigablePath.java:206)
	at org.hibernate.query.NavigablePath.equals(NavigablePath.java:206)
	at org.hibernate.query.NavigablePath.equals(NavigablePath.java:206)
	at org.hibernate.query.NavigablePath.equals(NavigablePath.java:206)
	at org.hibernate.query.NavigablePath.equals(NavigablePath.java:206)
	at org.hibernate.query.NavigablePath.equals(NavigablePath.java:206)
	at org.hibernate.query.NavigablePath.equals(NavigablePath.java:206)
	at org.hibernate.query.NavigablePath.equals(NavigablePath.java:206)
	at org.hibernate.query.NavigablePath.equals(NavigablePath.java:206)
	at org.hibernate.query.NavigablePath.equals(NavigablePath.java:206)
	at org.hibernate.query.NavigablePath.equals(NavigablePath.java:206)
	at org.hibernate.query.NavigablePath.equals(NavigablePath.java:206)
	at org.hibernate.query.NavigablePath.equals(NavigablePath.java:206)
	at org.hibernate.query.NavigablePath.equals(NavigablePath.java:206)
	at org.hibernate.query.NavigablePath.equals(NavigablePath.java:206)
	at org.hibernate.query.NavigablePath.equals(NavigablePath.java:206)
	at org.hibernate.query.NavigablePath.equals(NavigablePath.java:206)
	at org.hibernate.query.NavigablePath.equals(NavigablePath.java:206)
	at org.hibernate.query.NavigablePath.equals(NavigablePath.java:206)
	at org.hibernate.query.NavigablePath.equals(NavigablePath.java:206)
	at org.hibernate.query.NavigablePath.equals(NavigablePath.java:206)
	at org.hibernate.query.NavigablePath.equals(NavigablePath.java:206)
	at org.hibernate.query.NavigablePath.equals(NavigablePath.java:206)
	at org.hibernate.query.NavigablePath.equals(NavigablePath.java:206)
	at org.hibernate.query.NavigablePath.equals(NavigablePath.java:206)
	at org.hibernate.query.NavigablePath.equals(NavigablePath.java:206)
	at org.hibernate.query.NavigablePath.equals(NavigablePath.java:206)
	at org.hibernate.query.NavigablePath.equals(NavigablePath.java:206)
	at org.hibernate.query.NavigablePath.equals(NavigablePath.java:206)
	at org.hibernate.query.NavigablePath.equals(NavigablePath.java:206)
	at org.hibernate.query.NavigablePath.equals(NavigablePath.java:206)
	at org.hibernate.query.NavigablePath.equals(NavigablePath.java:206)
	at org.hibernate.query.NavigablePath.equals(NavigablePath.java:206)
	at org.hibernate.query.NavigablePath.equals(NavigablePath.java:206)
	at org.hibernate.query.NavigablePath.equals(NavigablePath.java:206)
	at org.hibernate.query.NavigablePath.equals(NavigablePath.java:206)
	at org.hibernate.query.NavigablePath.equals(NavigablePath.java:206)
	at org.hibernate.query.NavigablePath.equals(NavigablePath.java:206)
	at org.hibernate.query.NavigablePath.equals(NavigablePath.java:206)
	at org.hibernate.query.NavigablePath.equals(NavigablePath.java:206)
	at org.hibernate.query.NavigablePath.equals(NavigablePath.java:206)
	at org.hibernate.query.NavigablePath.equals(NavigablePath.java:206)
	at org.hibernate.query.NavigablePath.equals(NavigablePath.java:206)
	at org.hibernate.query.NavigablePath.equals(NavigablePath.java:206)
	at org.hibernate.query.NavigablePath.equals(NavigablePath.java:206)
	at org.hibernate.query.NavigablePath.equals(NavigablePath.java:206)
	at org.hibernate.query.NavigablePath.equals(NavigablePath.java:206)
	at org.hibernate.query.NavigablePath.equals(NavigablePath.java:206)
	at org.hibernate.query.NavigablePath.equals(NavigablePath.java:206)
	at org.hibernate.query.NavigablePath.equals(NavigablePath.java:206)
	at org.hibernate.query.NavigablePath.equals(NavigablePath.java:206)
	at org.hibernate.query.NavigablePath.equals(NavigablePath.java:206)
	at org.hibernate.query.NavigablePath.equals(NavigablePath.java:206)
	at org.hibernate.query.NavigablePath.equals(NavigablePath.java:206)
	at org.hibernate.query.NavigablePath.equals(NavigablePath.java:206)
	at org.hibernate.query.NavigablePath.equals(NavigablePath.java:206)
	at org.hibernate.query.NavigablePath.equals(NavigablePath.java:206)
	at org.hibernate.query.NavigablePath.equals(NavigablePath.java:206)
	at org.hibernate.query.NavigablePath.equals(NavigablePath.java:206)
	at org.hibernate.query.NavigablePath.equals(NavigablePath.java:206)
	at org.hibernate.query.NavigablePath.equals(NavigablePath.java:206)
	at org.hibernate.query.NavigablePath.equals(NavigablePath.java:206)
	at org.hibernate.query.NavigablePath.equals(NavigablePath.java:206)
	at org.hibernate.query.NavigablePath.equals(NavigablePath.java:206)
	at org.hibernate.query.NavigablePath.equals(NavigablePath.java:206)
	at org.hibernate.query.NavigablePath.equals(NavigablePath.java:206)
	at org.hibernate.query.NavigablePath.equals(NavigablePath.java:206)
	at org.hibernate.query.NavigablePath.equals(NavigablePath.java:206)
	at org.hibernate.query.NavigablePath.equals(NavigablePath.java:206)
	at org.hibernate.query.NavigablePath.equals(NavigablePath.java:206)
	at org.hibernate.query.NavigablePath.equals(NavigablePath.java:206)
	at org.hibernate.query.NavigablePath.equals(NavigablePath.java:206)
	at org.hibernate.query.NavigablePath.equals(NavigablePath.java:206)
	at org.hibernate.query.NavigablePath.equals(NavigablePath.java:206)
	at org.hibernate.query.NavigablePath.equals(NavigablePath.java:206)
	at org.hibernate.query.NavigablePath.equals(NavigablePath.java:206)
	at org.hibernate.query.NavigablePath.equals(NavigablePath.java:206)
	at org.hibernate.query.NavigablePath.equals(NavigablePath.java:206)
	at org.hibernate.query.NavigablePath.equals(NavigablePath.java:206)
	at org.hibernate.query.NavigablePath.equals(NavigablePath.java:206)
	at org.hibernate.query.NavigablePath.equals(NavigablePath.java:206)
	at org.hibernate.query.NavigablePath.equals(NavigablePath.java:206)
	at org.hibernate.query.NavigablePath.equals(NavigablePath.java:206)
	at org.hibernate.query.NavigablePath.equals(NavigablePath.java:206)
	at org.hibernate.query.NavigablePath.equals(NavigablePath.java:206)
	at org.hibernate.query.NavigablePath.equals(NavigablePath.java:206)
	at org.hibernate.query.NavigablePath.equals(NavigablePath.java:206)
	at org.hibernate.query.NavigablePath.equals(NavigablePath.java:206)
	at org.hibernate.query.NavigablePath.equals(NavigablePath.java:206)
	at org.hibernate.query.NavigablePath.equals(NavigablePath.java:206)
	at org.hibernate.query.NavigablePath.equals(NavigablePath.java:206)
	at org.hibernate.query.NavigablePath.equals(NavigablePath.java:206)
	at org.hibernate.query.NavigablePath.equals(NavigablePath.java:206)
	at org.hibernate.query.NavigablePath.equals(NavigablePath.java:206)
	at org.hibernate.query.NavigablePath.equals(NavigablePath.java:206)
	at org.hibernate.query.NavigablePath.equals(NavigablePath.java:206)
	at org.hibernate.query.NavigablePath.equals(NavigablePath.java:206)
	at org.hibernate.query.NavigablePath.equals(NavigablePath.java:206)
	at org.hibernate.query.NavigablePath.equals(NavigablePath.java:206)
	at org.hibernate.query.NavigablePath.equals(NavigablePath.java:206)
	at org.hibernate.query.NavigablePath.equals(NavigablePath.java:206)
	at org.hibernate.query.NavigablePath.equals(NavigablePath.java:206)
	at org.hibernate.query.NavigablePath.equals(NavigablePath.java:206)
	at org.hibernate.query.NavigablePath.equals(NavigablePath.java:206)
	at org.hibernate.query.NavigablePath.equals(NavigablePath.java:206)
	at org.hibernate.query.NavigablePath.equals(NavigablePath.java:206)
	at org.hibernate.query.NavigablePath.equals(NavigablePath.java:206)
	at org.hibernate.query.NavigablePath.equals(NavigablePath.java:206)
	at org.hibernate.query.NavigablePath.equals(NavigablePath.java:206)
	at org.hibernate.query.NavigablePath.equals(NavigablePath.java:206)
	at org.hibernate.query.NavigablePath.equals(NavigablePath.java:206)
	at org.hibernate.query.NavigablePath.equals(NavigablePath.java:206)
	at org.hibernate.query.NavigablePath.equals(NavigablePath.java:206)
	at org.hibernate.query.NavigablePath.equals(NavigablePath.java:206)
	at org.hibernate.query.NavigablePath.equals(NavigablePath.java:206)
	at org.hibernate.query.NavigablePath.equals(NavigablePath.java:206)
	at org.hibernate.query.NavigablePath.equals(NavigablePath.java:206)
	at org.hibernate.query.NavigablePath.equals(NavigablePath.java:206)
	at org.hibernate.query.NavigablePath.equals(NavigablePath.java:206)
	at org.hibernate.query.NavigablePath.equals(NavigablePath.java:206)
	at org.hibernate.query.NavigablePath.equals(NavigablePath.java:206)
	at org.hibernate.query.NavigablePath.equals(NavigablePath.java:206)
	at org.hibernate.query.NavigablePath.equals(NavigablePath.java:206)
	at org.hibernate.query.NavigablePath.equals(NavigablePath.java:206)
	at org.hibernate.query.NavigablePath.equals(NavigablePath.java:206)
	at org.hibernate.query.NavigablePath.equals(NavigablePath.java:206)
	at org.hibernate.query.NavigablePath.equals(NavigablePath.java:206)
	at org.hibernate.query.NavigablePath.equals(NavigablePath.java:206)
	at org.hibernate.query.NavigablePath.equals(NavigablePath.java:206)
	at org.hibernate.query.NavigablePath.equals(NavigablePath.java:206)
	at org.hibernate.query.NavigablePath.equals(NavigablePath.java:206)
	at org.hibernate.query.NavigablePath.equals(NavigablePath.java:206)
	at org.hibernate.query.NavigablePath.equals(NavigablePath.java:206)
	at org.hibernate.query.NavigablePath.equals(NavigablePath.java:206)
	at org.hibernate.query.NavigablePath.equals(NavigablePath.java:206)
	at org.hibernate.query.NavigablePath.equals(NavigablePath.java:206)
	at org.hibernate.query.NavigablePath.equals(NavigablePath.java:206)
	at org.hibernate.query.NavigablePath.equals(NavigablePath.java:206)
	at org.hibernate.query.NavigablePath.equals(NavigablePath.java:206)
	at org.hibernate.query.NavigablePath.equals(NavigablePath.java:206)
	at org.hibernate.query.NavigablePath.equals(NavigablePath.java:206)
	at org.hibernate.query.NavigablePath.equals(NavigablePath.java:206)
	at org.hibernate.query.NavigablePath.equals(NavigablePath.java:206)
	at org.hibernate.query.NavigablePath.equals(NavigablePath.java:206)
	at org.hibernate.query.NavigablePath.equals(NavigablePath.java:206)
	at org.hibernate.query.NavigablePath.equals(NavigablePath.java:206)
	at org.hibernate.query.NavigablePath.equals(NavigablePath.java:206)
	at org.hibernate.query.NavigablePath.equals(NavigablePath.java:206)
	at org.hibernate.query.NavigablePath.equals(NavigablePath.java:206)
	at org.hibernate.query.NavigablePath.equals(NavigablePath.java:206)
	at org.hibernate.query.NavigablePath.equals(NavigablePath.java:206)
	at org.hibernate.query.NavigablePath.equals(NavigablePath.java:206)
	at org.hibernate.query.NavigablePath.equals(NavigablePath.java:206)
	at org.hibernate.query.NavigablePath.equals(NavigablePath.java:206)
	at org.hibernate.query.NavigablePath.equals(NavigablePath.java:206)
	at org.hibernate.query.NavigablePath.equals(NavigablePath.java:206)
	at org.hibernate.query.NavigablePath.equals(NavigablePath.java:206)
	at org.hibernate.query.NavigablePath.equals(NavigablePath.java:206)
	at org.hibernate.query.NavigablePath.equals(NavigablePath.java:206)
	at org.hibernate.query.NavigablePath.equals(NavigablePath.java:206)
	at org.hibernate.query.NavigablePath.equals(NavigablePath.java:206)
	at org.hibernate.query.NavigablePath.equals(NavigablePath.java:206)
	at org.hibernate.query.NavigablePath.equals(NavigablePath.java:206)
	at org.hibernate.query.NavigablePath.equals(NavigablePath.java:206)
	at org.hibernate.query.NavigablePath.equals(NavigablePath.java:206)
	at org.hibernate.query.NavigablePath.equals(NavigablePath.java:206)
	at org.hibernate.query.NavigablePath.equals(NavigablePath.java:206)
	at org.hibernate.query.NavigablePath.equals(NavigablePath.java:206)
	at org.hibernate.query.NavigablePath.equals(NavigablePath.java:206)
	at org.hibernate.query.NavigablePath.equals(NavigablePath.java:206)
	at org.hibernate.query.NavigablePath.equals(NavigablePath.java:206)
	at org.hibernate.query.NavigablePath.equals(NavigablePath.java:206)
	at org.hibernate.query.NavigablePath.equals(NavigablePath.java:206)
	at org.hibernate.query.NavigablePath.equals(NavigablePath.java:206)
	at org.hibernate.query.NavigablePath.equals(NavigablePath.java:206)
	at org.hibernate.query.NavigablePath.equals(NavigablePath.java:206)
	at org.hibernate.query.NavigablePath.equals(NavigablePath.java:206)
	at org.hibernate.query.NavigablePath.equals(NavigablePath.java:206)
	at org.hibernate.query.NavigablePath.equals(NavigablePath.java:206)
	at org.hibernate.query.NavigablePath.equals(NavigablePath.java:206)
	at org.hibernate.query.NavigablePath.equals(NavigablePath.java:206)
	at org.hibernate.query.NavigablePath.equals(NavigablePath.java:206)
	at org.hibernate.query.NavigablePath.equals(NavigablePath.java:206)
	at org.hibernate.query.NavigablePath.equals(NavigablePath.java:206)
	at org.hibernate.query.NavigablePath.equals(NavigablePath.java:206)
	at org.hibernate.query.NavigablePath.equals(NavigablePath.java:206)
	at org.hibernate.query.NavigablePath.equals(NavigablePath.java:206)
	at org.hibernate.query.NavigablePath.equals(NavigablePath.java:206)
	at org.hibernate.query.NavigablePath.equals(NavigablePath.java:206)
	at org.hibernate.query.NavigablePath.equals(NavigablePath.java:206)
	at org.hibernate.query.NavigablePath.equals(NavigablePath.java:206)
	at org.hibernate.query.NavigablePath.equals(NavigablePath.java:206)
	at org.hibernate.query.NavigablePath.equals(NavigablePath.java:206)
	at org.hibernate.query.NavigablePath.equals(NavigablePath.java:206)
	at org.hibernate.query.NavigablePath.equals(NavigablePath.java:206)
	at org.hibernate.query.NavigablePath.equals(NavigablePath.java:206)
	at org.hibernate.query.NavigablePath.equals(NavigablePath.java:206)
	at org.hibernate.query.NavigablePath.equals(NavigablePath.java:206)
	at org.hibernate.query.NavigablePath.equals(NavigablePath.java:206)
	at org.hibernate.query.NavigablePath.equals(NavigablePath.java:206)
	at org.hibernate.query.NavigablePath.equals(NavigablePath.java:206)
	at org.hibernate.query.NavigablePath.equals(NavigablePath.java:206)
	at org.hibernate.query.NavigablePath.equals(NavigablePath.java:206)
	at org.hibernate.query.NavigablePath.equals(NavigablePath.java:206)
	at org.hibernate.query.NavigablePath.equals(NavigablePath.java:206)
	at org.hibernate.query.NavigablePath.equals(NavigablePath.java:206)
	at org.hibernate.query.NavigablePath.equals(NavigablePath.java:206)
	at org.hibernate.query.NavigablePath.equals(NavigablePath.java:206)
	at org.hibernate.query.NavigablePath.equals(NavigablePath.java:206)
	at org.hibernate.query.NavigablePath.equals(NavigablePath.java:206)
	at org.hibernate.query.NavigablePath.equals(NavigablePath.java:206)
	at org.hibernate.query.NavigablePath.equals(NavigablePath.java:206)
	at org.hibernate.query.NavigablePath.equals(NavigablePath.java:206)
	at org.hibernate.query.NavigablePath.equals(NavigablePath.java:206)
	at org.hibernate.query.NavigablePath.equals(NavigablePath.java:206)
	at org.hibernate.query.NavigablePath.equals(NavigablePath.java:206)
	at org.hibernate.query.NavigablePath.equals(NavigablePath.java:206)
	at org.hibernate.query.NavigablePath.equals(NavigablePath.java:206)
	at org.hibernate.query.NavigablePath.equals(NavigablePath.java:206)
	at org.hibernate.query.NavigablePath.equals(NavigablePath.java:206)
	at org.hibernate.query.NavigablePath.equals(NavigablePath.java:206)
	at org.hibernate.query.NavigablePath.equals(NavigablePath.java:206)
	at org.hibernate.query.NavigablePath.equals(NavigablePath.java:206)
	at org.hibernate.query.NavigablePath.equals(NavigablePath.java:206)
	at org.hibernate.query.NavigablePath.equals(NavigablePath.java:206)
	at org.hibernate.query.NavigablePath.equals(NavigablePath.java:206)
	at org.hibernate.query.NavigablePath.equals(NavigablePath.java:206)
	at org.hibernate.query.NavigablePath.equals(NavigablePath.java:206)
	at org.hibernate.query.NavigablePath.equals(NavigablePath.java:206)
	at org.hibernate.query.NavigablePath.equals(NavigablePath.java:206)
	at org.hibernate.query.NavigablePath.equals(NavigablePath.java:206)
	at org.hibernate.metamodel.mapping.internal.EntityCollectionPart.lambda$createRootTableGroupJoin$3(EntityCollectionPart.java:620)
	at org.hibernate.sql.ast.tree.from.LazyTableGroup.getTableReferenceInternal(LazyTableGroup.java:206)
	at org.hibernate.sql.ast.tree.from.LazyTableGroup.resolveTableReference(LazyTableGroup.java:179)
	at org.hibernate.sql.ast.tree.from.DelegatingTableGroup.resolveTableReference(DelegatingTableGroup.java:61)
	at org.hibernate.metamodel.mapping.internal.SimpleForeignKeyDescriptor.generateJoinPredicate(SimpleForeignKeyDescriptor.java:275)
	at org.hibernate.metamodel.mapping.internal.PluralAttributeMappingImpl.createRootTableGroupJoin(PluralAttributeMappingImpl.java:596)
	at org.hibernate.metamodel.mapping.internal.PluralAttributeMappingImpl.createTableGroupJoin(PluralAttributeMappingImpl.java:533)
	at org.hibernate.sql.ast.tree.from.TableGroupJoinProducer.createTableGroupJoin(TableGroupJoinProducer.java:38)
	at org.hibernate.metamodel.mapping.internal.PluralAttributeMappingImpl.lambda$resolveCollectionTableGroup$0(PluralAttributeMappingImpl.java:467)
	at org.hibernate.sql.ast.spi.FromClauseAccess.resolveTableGroup(FromClauseAccess.java:62)
	at org.hibernate.metamodel.mapping.internal.PluralAttributeMappingImpl.resolveCollectionTableGroup(PluralAttributeMappingImpl.java:462)
	at org.hibernate.metamodel.mapping.internal.PluralAttributeMappingImpl.generateFetch(PluralAttributeMappingImpl.java:388)
	at org.hibernate.sql.results.graph.FetchParent.generateFetchableFetch(FetchParent.java:108)
	at org.hibernate.loader.ast.internal.LoaderSelectBuilder.lambda$createFetchableBiConsumer$9(LoaderSelectBuilder.java:849)
	at org.hibernate.loader.ast.internal.LoaderSelectBuilder.lambda$visitFetches$8(LoaderSelectBuilder.java:685)
	at java.base/java.util.ArrayList.forEach(ArrayList.java:1540)
	at org.hibernate.persister.entity.AbstractEntityPersister.visitFetchables(AbstractEntityPersister.java:6455)
	at org.hibernate.loader.ast.internal.LoaderSelectBuilder.visitFetches(LoaderSelectBuilder.java:684)
	at org.hibernate.loader.ast.internal.LoaderSqlAstCreationState.visitFetches(LoaderSqlAstCreationState.java:117)
	at org.hibernate.sql.results.graph.AbstractFetchParent.afterInitialize(AbstractFetchParent.java:31)
	at org.hibernate.sql.results.graph.entity.AbstractEntityResultGraphNode.afterInitialize(AbstractEntityResultGraphNode.java:100)
	at org.hibernate.sql.results.graph.entity.internal.EntityFetchJoinedImpl.<init>(EntityFetchJoinedImpl.java:45)
	at org.hibernate.metamodel.mapping.internal.EntityCollectionPart.generateFetch(EntityCollectionPart.java:436)
	at org.hibernate.metamodel.mapping.internal.EntityCollectionPart.generateFetch(EntityCollectionPart.java:78)
	at org.hibernate.sql.results.graph.FetchParent.generateFetchableFetch(FetchParent.java:108)
	at org.hibernate.loader.ast.internal.LoaderSelectBuilder.lambda$createFetchableBiConsumer$9(LoaderSelectBuilder.java:849)
	at org.hibernate.loader.ast.internal.LoaderSelectBuilder.lambda$visitFetches$8(LoaderSelectBuilder.java:685)
	at org.hibernate.metamodel.mapping.PluralAttributeMapping.visitFetchables(PluralAttributeMapping.java:66)
	at org.hibernate.loader.ast.internal.LoaderSelectBuilder.visitFetches(LoaderSelectBuilder.java:684)
	at org.hibernate.loader.ast.internal.LoaderSqlAstCreationState.visitFetches(LoaderSqlAstCreationState.java:117)
	at org.hibernate.sql.results.graph.collection.internal.EagerCollectionFetch.<init>(EagerCollectionFetch.java:96)
	at org.hibernate.metamodel.mapping.internal.PluralAttributeMappingImpl.generateFetch(PluralAttributeMappingImpl.java:395)
	at org.hibernate.sql.results.graph.FetchParent.generateFetchableFetch(FetchParent.java:108)
	at org.hibernate.loader.ast.internal.LoaderSelectBuilder.lambda$createFetchableBiConsumer$9(LoaderSelectBuilder.java:849)
	at org.hibernate.loader.ast.internal.LoaderSelectBuilder.lambda$visitFetches$8(LoaderSelectBuilder.java:685)
	at java.base/java.util.ArrayList.forEach(ArrayList.java:1540)
	at org.hibernate.persister.entity.AbstractEntityPersister.visitFetchables(AbstractEntityPersister.java:6455)
	at org.hibernate.loader.ast.internal.LoaderSelectBuilder.visitFetches(LoaderSelectBuilder.java:684)
	at org.hibernate.loader.ast.internal.LoaderSqlAstCreationState.visitFetches(LoaderSqlAstCreationState.java:117)
	at org.hibernate.sql.results.graph.AbstractFetchParent.afterInitialize(AbstractFetchParent.java:31)
	at org.hibernate.sql.results.graph.entity.AbstractEntityResultGraphNode.afterInitialize(AbstractEntityResultGraphNode.java:100)
	at org.hibernate.sql.results.graph.entity.internal.EntityFetchJoinedImpl.<init>(EntityFetchJoinedImpl.java:45)
	at org.hibernate.metamodel.mapping.internal.EntityCollectionPart.generateFetch(EntityCollectionPart.java:436)
	at org.hibernate.metamodel.mapping.internal.EntityCollectionPart.generateFetch(EntityCollectionPart.java:78)
	at org.hibernate.sql.results.graph.FetchParent.generateFetchableFetch(FetchParent.java:108)
	at org.hibernate.loader.ast.internal.LoaderSelectBuilder.lambda$createFetchableBiConsumer$9(LoaderSelectBuilder.java:849)
	at org.hibernate.loader.ast.internal.LoaderSelectBuilder.lambda$visitFetches$8(LoaderSelectBuilder.java:685)
	at org.hibernate.metamodel.mapping.PluralAttributeMapping.visitFetchables(PluralAttributeMapping.java:66)
	at org.hibernate.loader.ast.internal.LoaderSelectBuilder.visitFetches(LoaderSelectBuilder.java:684)
	at org.hibernate.loader.ast.internal.LoaderSqlAstCreationState.visitFetches(LoaderSqlAstCreationState.java:117)
	at org.hibernate.sql.results.graph.collection.internal.EagerCollectionFetch.<init>(EagerCollectionFetch.java:96)
	at org.hibernate.metamodel.mapping.internal.PluralAttributeMappingImpl.generateFetch(PluralAttributeMappingImpl.java:395)
	at org.hibernate.sql.results.graph.FetchParent.generateFetchableFetch(FetchParent.java:108)
	at org.hibernate.loader.ast.internal.LoaderSelectBuilder.lambda$createFetchableBiConsumer$9(LoaderSelectBuilder.java:849)
	at org.hibernate.loader.ast.internal.LoaderSelectBuilder.lambda$visitFetches$8(LoaderSelectBuilder.java:685)
	at java.base/java.util.ArrayList.forEach(ArrayList.java:1540)
	at org.hibernate.persister.entity.AbstractEntityPersister.visitFetchables(AbstractEntityPersister.java:6455)
	at org.hibernate.loader.ast.internal.LoaderSelectBuilder.visitFetches(LoaderSelectBuilder.java:684)
	at org.hibernate.loader.ast.internal.LoaderSqlAstCreationState.visitFetches(LoaderSqlAstCreationState.java:117)
	at org.hibernate.sql.results.graph.AbstractFetchParent.afterInitialize(AbstractFetchParent.java:31)
	at org.hibernate.sql.results.graph.entity.AbstractEntityResultGraphNode.afterInitialize(AbstractEntityResultGraphNode.java:100)
	at org.hibernate.sql.results.graph.entity.internal.EntityFetchJoinedImpl.<init>(EntityFetchJoinedImpl.java:45)
	at org.hibernate.metamodel.mapping.internal.EntityCollectionPart.generateFetch(EntityCollectionPart.java:436)
	at org.hibernate.metamodel.mapping.internal.EntityCollectionPart.generateFetch(EntityCollectionPart.java:78)
	at org.hibernate.sql.results.graph.FetchParent.generateFetchableFetch(FetchParent.java:108)
	at org.hibernate.loader.ast.internal.LoaderSelectBuilder.lambda$createFetchableBiConsumer$9(LoaderSelectBuilder.java:849)
	at org.hibernate.loader.ast.internal.LoaderSelectBuilder.lambda$visitFetches$8(LoaderSelectBuilder.java:685)
	at org.hibernate.metamodel.mapping.PluralAttributeMapping.visitFetchables(PluralAttributeMapping.java:66)
	at org.hibernate.loader.ast.internal.LoaderSelectBuilder.visitFetches(LoaderSelectBuilder.java:684)
	at org.hibernate.loader.ast.internal.LoaderSqlAstCreationState.visitFetches(LoaderSqlAstCreationState.java:117)
	at org.hibernate.sql.results.graph.collection.internal.EagerCollectionFetch.<init>(EagerCollectionFetch.java:96)
	at org.hibernate.metamodel.mapping.internal.PluralAttributeMappingImpl.generateFetch(PluralAttributeMappingImpl.java:395)
	at org.hibernate.sql.results.graph.FetchParent.generateFetchableFetch(FetchParent.java:108)
	at org.hibernate.loader.ast.internal.LoaderSelectBuilder.lambda$createFetchableBiConsumer$9(LoaderSelectBuilder.java:849)
	at org.hibernate.loader.ast.internal.LoaderSelectBuilder.lambda$visitFetches$8(LoaderSelectBuilder.java:685)
	at java.base/java.util.ArrayList.forEach(ArrayList.java:1540)
	at org.hibernate.persister.entity.AbstractEntityPersister.visitFetchables(AbstractEntityPersister.java:6455)
	at org.hibernate.loader.ast.internal.LoaderSelectBuilder.visitFetches(LoaderSelectBuilder.java:684)
	at org.hibernate.loader.ast.internal.LoaderSqlAstCreationState.visitFetches(LoaderSqlAstCreationState.java:117)
	at org.hibernate.sql.results.graph.AbstractFetchParent.afterInitialize(AbstractFetchParent.java:31)
	at org.hibernate.sql.results.graph.entity.AbstractEntityResultGraphNode.afterInitialize(AbstractEntityResultGraphNode.java:100)
	at org.hibernate.sql.results.graph.entity.internal.EntityFetchJoinedImpl.<init>(EntityFetchJoinedImpl.java:45)
	at org.hibernate.metamodel.mapping.internal.EntityCollectionPart.generateFetch(EntityCollectionPart.java:436)
	at org.hibernate.metamodel.mapping.internal.EntityCollectionPart.generateFetch(EntityCollectionPart.java:78)
	at org.hibernate.sql.results.graph.FetchParent.generateFetchableFetch(FetchParent.java:108)
	at org.hibernate.loader.ast.internal.LoaderSelectBuilder.lambda$createFetchableBiConsumer$9(LoaderSelectBuilder.java:849)
	at org.hibernate.loader.ast.internal.LoaderSelectBuilder.lambda$visitFetches$8(LoaderSelectBuilder.java:685)
	at org.hibernate.metamodel.mapping.PluralAttributeMapping.visitFetchables(PluralAttributeMapping.java:66)
	at org.hibernate.loader.ast.internal.LoaderSelectBuilder.visitFetches(LoaderSelectBuilder.java:684)
	at org.hibernate.loader.ast.internal.LoaderSqlAstCreationState.visitFetches(LoaderSqlAstCreationState.java:117)
	at org.hibernate.sql.results.graph.collection.internal.EagerCollectionFetch.<init>(EagerCollectionFetch.java:96)
	at org.hibernate.metamodel.mapping.internal.PluralAttributeMappingImpl.generateFetch(PluralAttributeMappingImpl.java:395)
	at org.hibernate.sql.results.graph.FetchParent.generateFetchableFetch(FetchParent.java:108)
	at org.hibernate.loader.ast.internal.LoaderSelectBuilder.lambda$createFetchableBiConsumer$9(LoaderSelectBuilder.java:849)
	at org.hibernate.loader.ast.internal.LoaderSelectBuilder.lambda$visitFetches$8(LoaderSelectBuilder.java:685)
	at java.base/java.util.ArrayList.forEach(ArrayList.java:1540)
	at org.hibernate.persister.entity.AbstractEntityPersister.visitFetchables(AbstractEntityPersister.java:6455)
	at org.hibernate.loader.ast.internal.LoaderSelectBuilder.visitFetches(LoaderSelectBuilder.java:684)
	at org.hibernate.loader.ast.internal.LoaderSqlAstCreationState.visitFetches(LoaderSqlAstCreationState.java:117)
	at org.hibernate.sql.results.graph.AbstractFetchParent.afterInitialize(AbstractFetchParent.java:31)
	at org.hibernate.sql.results.graph.entity.AbstractEntityResultGraphNode.afterInitialize(AbstractEntityResultGraphNode.java:100)
	at org.hibernate.sql.results.graph.entity.internal.EntityFetchJoinedImpl.<init>(EntityFetchJoinedImpl.java:45)
	at org.hibernate.metamodel.mapping.internal.EntityCollectionPart.generateFetch(EntityCollectionPart.java:436)
	at org.hibernate.metamodel.mapping.internal.EntityCollectionPart.generateFetch(EntityCollectionPart.java:78)
	at org.hibernate.sql.results.graph.FetchParent.generateFetchableFetch(FetchParent.java:108)
	at org.hibernate.loader.ast.internal.LoaderSelectBuilder.lambda$createFetchableBiConsumer$9(LoaderSelectBuilder.java:849)
	at org.hibernate.loader.ast.internal.LoaderSelectBuilder.lambda$visitFetches$8(LoaderSelectBuilder.java:685)
	at org.hibernate.metamodel.mapping.PluralAttributeMapping.visitFetchables(PluralAttributeMapping.java:66)
	at org.hibernate.loader.ast.internal.LoaderSelectBuilder.visitFetches(LoaderSelectBuilder.java:684)
	at org.hibernate.loader.ast.internal.LoaderSqlAstCreationState.visitFetches(LoaderSqlAstCreationState.java:117)
	at org.hibernate.sql.results.graph.collection.internal.EagerCollectionFetch.<init>(EagerCollectionFetch.java:96)
	at org.hibernate.metamodel.mapping.internal.PluralAttributeMappingImpl.generateFetch(PluralAttributeMappingImpl.java:395)
	at org.hibernate.sql.results.graph.FetchParent.generateFetchableFetch(FetchParent.java:108)
	at org.hibernate.loader.ast.internal.LoaderSelectBuilder.lambda$createFetchableBiConsumer$9(LoaderSelectBuilder.java:849)
	at org.hibernate.loader.ast.internal.LoaderSelectBuilder.lambda$visitFetches$8(LoaderSelectBuilder.java:685)
	at java.base/java.util.ArrayList.forEach(ArrayList.java:1540)
	at org.hibernate.persister.entity.AbstractEntityPersister.visitFetchables(AbstractEntityPersister.java:6455)
	at org.hibernate.loader.ast.internal.LoaderSelectBuilder.visitFetches(LoaderSelectBuilder.java:684)
	at org.hibernate.loader.ast.internal.LoaderSqlAstCreationState.visitFetches(LoaderSqlAstCreationState.java:117)
	at org.hibernate.sql.results.graph.AbstractFetchParent.afterInitialize(AbstractFetchParent.java:31)
	at org.hibernate.sql.results.graph.entity.AbstractEntityResultGraphNode.afterInitialize(AbstractEntityResultGraphNode.java:100)
	at org.hibernate.sql.results.graph.entity.internal.EntityFetchJoinedImpl.<init>(EntityFetchJoinedImpl.java:45)
	at org.hibernate.metamodel.mapping.internal.EntityCollectionPart.generateFetch(EntityCollectionPart.java:436)
	at org.hibernate.metamodel.mapping.internal.EntityCollectionPart.generateFetch(EntityCollectionPart.java:78)
	at org.hibernate.sql.results.graph.FetchParent.generateFetchableFetch(FetchParent.java:108)
	at org.hibernate.loader.ast.internal.LoaderSelectBuilder.lambda$createFetchableBiConsumer$9(LoaderSelectBuilder.java:849)
	at org.hibernate.loader.ast.internal.LoaderSelectBuilder.lambda$visitFetches$8(LoaderSelectBuilder.java:685)
	at org.hibernate.metamodel.mapping.PluralAttributeMapping.visitFetchables(PluralAttributeMapping.java:66)
	at org.hibernate.loader.ast.internal.LoaderSelectBuilder.visitFetches(LoaderSelectBuilder.java:684)
	at org.hibernate.loader.ast.internal.LoaderSqlAstCreationState.visitFetches(LoaderSqlAstCreationState.java:117)
	at org.hibernate.sql.results.graph.collection.internal.EagerCollectionFetch.<init>(EagerCollectionFetch.java:96)
	at org.hibernate.metamodel.mapping.internal.PluralAttributeMappingImpl.generateFetch(PluralAttributeMappingImpl.java:395)
	at org.hibernate.sql.results.graph.FetchParent.generateFetchableFetch(FetchParent.java:108)
	at org.hibernate.loader.ast.internal.LoaderSelectBuilder.lambda$createFetchableBiConsumer$9(LoaderSelectBuilder.java:849)
	at org.hibernate.loader.ast.internal.LoaderSelectBuilder.lambda$visitFetches$8(LoaderSelectBuilder.java:685)
	at java.base/java.util.ArrayList.forEach(ArrayList.java:1540)
	at org.hibernate.persister.entity.AbstractEntityPersister.visitFetchables(AbstractEntityPersister.java:6455)
	at org.hibernate.loader.ast.internal.LoaderSelectBuilder.visitFetches(LoaderSelectBuilder.java:684)
	at org.hibernate.loader.ast.internal.LoaderSqlAstCreationState.visitFetches(LoaderSqlAstCreationState.java:117)
	at org.hibernate.sql.results.graph.AbstractFetchParent.afterInitialize(AbstractFetchParent.java:31)
	at org.hibernate.sql.results.graph.entity.AbstractEntityResultGraphNode.afterInitialize(AbstractEntityResultGraphNode.java:100)
	at org.hibernate.sql.results.graph.entity.internal.EntityFetchJoinedImpl.<init>(EntityFetchJoinedImpl.java:45)
	at org.hibernate.metamodel.mapping.internal.EntityCollectionPart.generateFetch(EntityCollectionPart.java:436)
	at org.hibernate.metamodel.mapping.internal.EntityCollectionPart.generateFetch(EntityCollectionPart.java:78)
	at org.hibernate.sql.results.graph.FetchParent.generateFetchableFetch(FetchParent.java:108)
	at org.hibernate.loader.ast.internal.LoaderSelectBuilder.lambda$createFetchableBiConsumer$9(LoaderSelectBuilder.java:849)
	at org.hibernate.loader.ast.internal.LoaderSelectBuilder.lambda$visitFetches$8(LoaderSelectBuilder.java:685)
	at org.hibernate.metamodel.mapping.PluralAttributeMapping.visitFetchables(PluralAttributeMapping.java:66)
	at org.hibernate.loader.ast.internal.LoaderSelectBuilder.visitFetches(LoaderSelectBuilder.java:684)
	at org.hibernate.loader.ast.internal.LoaderSqlAstCreationState.visitFetches(LoaderSqlAstCreationState.java:117)
	at org.hibernate.sql.results.graph.collection.internal.EagerCollectionFetch.<init>(EagerCollectionFetch.java:96)
	at org.hibernate.metamodel.mapping.internal.PluralAttributeMappingImpl.generateFetch(PluralAttributeMappingImpl.java:395)
	at org.hibernate.sql.results.graph.FetchParent.generateFetchableFetch(FetchParent.java:108)
	at org.hibernate.loader.ast.internal.LoaderSelectBuilder.lambda$createFetchableBiConsumer$9(LoaderSelectBuilder.java:849)
	at org.hibernate.loader.ast.internal.LoaderSelectBuilder.lambda$visitFetches$8(LoaderSelectBuilder.java:685)
	at java.base/java.util.ArrayList.forEach(ArrayList.java:1540)
	at org.hibernate.persister.entity.AbstractEntityPersister.visitFetchables(AbstractEntityPersister.java:6455)
	at org.hibernate.loader.ast.internal.LoaderSelectBuilder.visitFetches(LoaderSelectBuilder.java:684)
	at org.hibernate.loader.ast.internal.LoaderSqlAstCreationState.visitFetches(LoaderSqlAstCreationState.java:117)
	at org.hibernate.sql.results.graph.AbstractFetchParent.afterInitialize(AbstractFetchParent.java:31)
	at org.hibernate.sql.results.graph.entity.AbstractEntityResultGraphNode.afterInitialize(AbstractEntityResultGraphNode.java:100)
	at org.hibernate.sql.results.graph.entity.internal.EntityFetchJoinedImpl.<init>(EntityFetchJoinedImpl.java:45)
	at org.hibernate.metamodel.mapping.internal.EntityCollectionPart.generateFetch(EntityCollectionPart.java:436)
	at org.hibernate.metamodel.mapping.internal.EntityCollectionPart.generateFetch(EntityCollectionPart.java:78)
	at org.hibernate.sql.results.graph.FetchParent.generateFetchableFetch(FetchParent.java:108)
	at org.hibernate.loader.ast.internal.LoaderSelectBuilder.lambda$createFetchableBiConsumer$9(LoaderSelectBuilder.java:849)
	at org.hibernate.loader.ast.internal.LoaderSelectBuilder.lambda$visitFetches$8(LoaderSelectBuilder.java:685)
	at org.hibernate.metamodel.mapping.PluralAttributeMapping.visitFetchables(PluralAttributeMapping.java:66)
	at org.hibernate.loader.ast.internal.LoaderSelectBuilder.visitFetches(LoaderSelectBuilder.java:684)
	at org.hibernate.loader.ast.internal.LoaderSqlAstCreationState.visitFetches(LoaderSqlAstCreationState.java:117)
	at org.hibernate.sql.results.graph.collection.internal.EagerCollectionFetch.<init>(EagerCollectionFetch.java:96)
	at org.hibernate.metamodel.mapping.internal.PluralAttributeMappingImpl.generateFetch(PluralAttributeMappingImpl.java:395)
	at org.hibernate.sql.results.graph.FetchParent.generateFetchableFetch(FetchParent.java:108)
	at org.hibernate.loader.ast.internal.LoaderSelectBuilder.lambda$createFetchableBiConsumer$9(LoaderSelectBuilder.java:849)
	at org.hibernate.loader.ast.internal.LoaderSelectBuilder.lambda$visitFetches$8(LoaderSelectBuilder.java:685)
	at java.base/java.util.ArrayList.forEach(ArrayList.java:1540)
	at org.hibernate.persister.entity.AbstractEntityPersister.visitFetchables(AbstractEntityPersister.java:6455)
	at org.hibernate.loader.ast.internal.LoaderSelectBuilder.visitFetches(LoaderSelectBuilder.java:684)
	at org.hibernate.loader.ast.internal.LoaderSqlAstCreationState.visitFetches(LoaderSqlAstCreationState.java:117)
	at org.hibernate.sql.results.graph.AbstractFetchParent.afterInitialize(AbstractFetchParent.java:31)
	at org.hibernate.sql.results.graph.entity.AbstractEntityResultGraphNode.afterInitialize(AbstractEntityResultGraphNode.java:100)
	at org.hibernate.sql.results.graph.entity.internal.EntityFetchJoinedImpl.<init>(EntityFetchJoinedImpl.java:45)
	at org.hibernate.metamodel.mapping.internal.EntityCollectionPart.generateFetch(EntityCollectionPart.java:436)
	at org.hibernate.metamodel.mapping.internal.EntityCollectionPart.generateFetch(EntityCollectionPart.java:78)
	at org.hibernate.sql.results.graph.FetchParent.generateFetchableFetch(FetchParent.java:108)
	at org.hibernate.loader.ast.internal.LoaderSelectBuilder.lambda$createFetchableBiConsumer$9(LoaderSelectBuilder.java:849)
	at org.hibernate.loader.ast.internal.LoaderSelectBuilder.lambda$visitFetches$8(LoaderSelectBuilder.java:685)
	at org.hibernate.metamodel.mapping.PluralAttributeMapping.visitFetchables(PluralAttributeMapping.java:66)
	at org.hibernate.loader.ast.internal.LoaderSelectBuilder.visitFetches(LoaderSelectBuilder.java:684)
	at org.hibernate.loader.ast.internal.LoaderSqlAstCreationState.visitFetches(LoaderSqlAstCreationState.java:117)
	at org.hibernate.sql.results.graph.collection.internal.EagerCollectionFetch.<init>(EagerCollectionFetch.java:96)
	at org.hibernate.metamodel.mapping.internal.PluralAttributeMappingImpl.generateFetch(PluralAttributeMappingImpl.java:395)
	at org.hibernate.sql.results.graph.FetchParent.generateFetchableFetch(FetchParent.java:108)
	at org.hibernate.loader.ast.internal.LoaderSelectBuilder.lambda$createFetchableBiConsumer$9(LoaderSelectBuilder.java:849)
	at org.hibernate.loader.ast.internal.LoaderSelectBuilder.lambda$visitFetches$8(LoaderSelectBuilder.java:685)
	at java.base/java.util.ArrayList.forEach(ArrayList.java:1540)
	at org.hibernate.persister.entity.AbstractEntityPersister.visitFetchables(AbstractEntityPersister.java:6455)
	at org.hibernate.loader.ast.internal.LoaderSelectBuilder.visitFetches(LoaderSelectBuilder.java:684)
	at org.hibernate.loader.ast.internal.LoaderSqlAstCreationState.visitFetches(LoaderSqlAstCreationState.java:117)
	at org.hibernate.sql.results.graph.AbstractFetchParent.afterInitialize(AbstractFetchParent.java:31)
	at org.hibernate.sql.results.graph.entity.AbstractEntityResultGraphNode.afterInitialize(AbstractEntityResultGraphNode.java:100)
	at org.hibernate.sql.results.graph.entity.internal.EntityFetchJoinedImpl.<init>(EntityFetchJoinedImpl.java:45)
	at org.hibernate.metamodel.mapping.internal.EntityCollectionPart.generateFetch(EntityCollectionPart.java:436)
	at org.hibernate.metamodel.mapping.internal.EntityCollectionPart.generateFetch(EntityCollectionPart.java:78)
	at org.hibernate.sql.results.graph.FetchParent.generateFetchableFetch(FetchParent.java:108)
	at org.hibernate.loader.ast.internal.LoaderSelectBuilder.lambda$createFetchableBiConsumer$9(LoaderSelectBuilder.java:849)
	at org.hibernate.loader.ast.internal.LoaderSelectBuilder.lambda$visitFetches$8(LoaderSelectBuilder.java:685)
	at org.hibernate.metamodel.mapping.PluralAttributeMapping.visitFetchables(PluralAttributeMapping.java:66)
	at org.hibernate.loader.ast.internal.LoaderSelectBuilder.visitFetches(LoaderSelectBuilder.java:684)
	at org.hibernate.loader.ast.internal.LoaderSqlAstCreationState.visitFetches(LoaderSqlAstCreationState.java:117)
	at org.hibernate.sql.results.graph.collection.internal.EagerCollectionFetch.<init>(EagerCollectionFetch.java:96)
	at org.hibernate.metamodel.mapping.internal.PluralAttributeMappingImpl.generateFetch(PluralAttributeMappingImpl.java:395)
	at org.hibernate.sql.results.graph.FetchParent.generateFetchableFetch(FetchParent.java:108)
	at org.hibernate.loader.ast.internal.LoaderSelectBuilder.lambda$createFetchableBiConsumer$9(LoaderSelectBuilder.java:849)
	at org.hibernate.loader.ast.internal.LoaderSelectBuilder.lambda$visitFetches$8(LoaderSelectBuilder.java:685)
	at java.base/java.util.ArrayList.forEach(ArrayList.java:1540)
	at org.hibernate.persister.entity.AbstractEntityPersister.visitFetchables(AbstractEntityPersister.java:6455)
	at org.hibernate.loader.ast.internal.LoaderSelectBuilder.visitFetches(LoaderSelectBuilder.java:684)
	at org.hibernate.loader.ast.internal.LoaderSqlAstCreationState.visitFetches(LoaderSqlAstCreationState.java:117)
	at org.hibernate.sql.results.graph.AbstractFetchParent.afterInitialize(AbstractFetchParent.java:31)
	at org.hibernate.sql.results.graph.entity.AbstractEntityResultGraphNode.afterInitialize(AbstractEntityResultGraphNode.java:100)
	at org.hibernate.sql.results.graph.entity.internal.EntityFetchJoinedImpl.<init>(EntityFetchJoinedImpl.java:45)
	at org.hibernate.metamodel.mapping.internal.EntityCollectionPart.generateFetch(EntityCollectionPart.java:436)
	at org.hibernate.metamodel.mapping.internal.EntityCollectionPart.generateFetch(EntityCollectionPart.java:78)
	at org.hibernate.sql.results.graph.FetchParent.generateFetchableFetch(FetchParent.java:108)
	at org.hibernate.loader.ast.internal.LoaderSelectBuilder.lambda$createFetchableBiConsumer$9(LoaderSelectBuilder.java:849)
	at org.hibernate.loader.ast.internal.LoaderSelectBuilder.lambda$visitFetches$8(LoaderSelectBuilder.java:685)
	at org.hibernate.metamodel.mapping.PluralAttributeMapping.visitFetchables(PluralAttributeMapping.java:66)
	at org.hibernate.loader.ast.internal.LoaderSelectBuilder.visitFetches(LoaderSelectBuilder.java:684)
	at org.hibernate.loader.ast.internal.LoaderSqlAstCreationState.visitFetches(LoaderSqlAstCreationState.java:117)
	at org.hibernate.sql.results.graph.collection.internal.EagerCollectionFetch.<init>(EagerCollectionFetch.java:96)
	at org.hibernate.metamodel.mapping.internal.PluralAttributeMappingImpl.generateFetch(PluralAttributeMappingImpl.java:395)
	at org.hibernate.sql.results.graph.FetchParent.generateFetchableFetch(FetchParent.java:108)
	at org.hibernate.loader.ast.internal.LoaderSelectBuilder.lambda$createFetchableBiConsumer$9(LoaderSelectBuilder.java:849)
	at org.hibernate.loader.ast.internal.LoaderSelectBuilder.lambda$visitFetches$8(LoaderSelectBuilder.java:685)
	at java.base/java.util.ArrayList.forEach(ArrayList.java:1540)
	at org.hibernate.persister.entity.AbstractEntityPersister.visitFetchables(AbstractEntityPersister.java:6455)
	at org.hibernate.loader.ast.internal.LoaderSelectBuilder.visitFetches(LoaderSelectBuilder.java:684)
	at org.hibernate.loader.ast.internal.LoaderSqlAstCreationState.visitFetches(LoaderSqlAstCreationState.java:117)
	at org.hibernate.sql.results.graph.AbstractFetchParent.afterInitialize(AbstractFetchParent.java:31)
	at org.hibernate.sql.results.graph.entity.AbstractEntityResultGraphNode.afterInitialize(AbstractEntityResultGraphNode.java:100)
	at org.hibernate.sql.results.graph.entity.internal.EntityFetchJoinedImpl.<init>(EntityFetchJoinedImpl.java:45)
	at org.hibernate.metamodel.mapping.internal.EntityCollectionPart.generateFetch(EntityCollectionPart.java:436)
	at org.hibernate.metamodel.mapping.internal.EntityCollectionPart.generateFetch(EntityCollectionPart.java:78)
	at org.hibernate.sql.results.graph.FetchParent.generateFetchableFetch(FetchParent.java:108)
	at org.hibernate.loader.ast.internal.LoaderSelectBuilder.lambda$createFetchableBiConsumer$9(LoaderSelectBuilder.java:849)
	at org.hibernate.loader.ast.internal.LoaderSelectBuilder.lambda$visitFetches$8(LoaderSelectBuilder.java:685)
	at org.hibernate.metamodel.mapping.PluralAttributeMapping.visitFetchables(PluralAttributeMapping.java:66)
	at org.hibernate.loader.ast.internal.LoaderSelectBuilder.visitFetches(LoaderSelectBuilder.java:684)
	at org.hibernate.loader.ast.internal.LoaderSqlAstCreationState.visitFetches(LoaderSqlAstCreationState.java:117)
	at org.hibernate.sql.results.graph.collection.internal.EagerCollectionFetch.<init>(EagerCollectionFetch.java:96)
	at org.hibernate.metamodel.mapping.internal.PluralAttributeMappingImpl.generateFetch(PluralAttributeMappingImpl.java:395)
	at org.hibernate.sql.results.graph.FetchParent.generateFetchableFetch(FetchParent.java:108)
	at org.hibernate.loader.ast.internal.LoaderSelectBuilder.lambda$createFetchableBiConsumer$9(LoaderSelectBuilder.java:849)
	at org.hibernate.loader.ast.internal.LoaderSelectBuilder.lambda$visitFetches$8(LoaderSelectBuilder.java:685)
	at java.base/java.util.ArrayList.forEach(ArrayList.java:1540)
	at org.hibernate.persister.entity.AbstractEntityPersister.visitFetchables(AbstractEntityPersister.java:6455)
	at org.hibernate.loader.ast.internal.LoaderSelectBuilder.visitFetches(LoaderSelectBuilder.java:684)
	at org.hibernate.loader.ast.internal.LoaderSqlAstCreationState.visitFetches(LoaderSqlAstCreationState.java:117)
	at org.hibernate.sql.results.graph.AbstractFetchParent.afterInitialize(AbstractFetchParent.java:31)
	at org.hibernate.sql.results.graph.entity.AbstractEntityResultGraphNode.afterInitialize(AbstractEntityResultGraphNode.java:100)
	at org.hibernate.sql.results.graph.entity.internal.EntityFetchJoinedImpl.<init>(EntityFetchJoinedImpl.java:45)
	at org.hibernate.metamodel.mapping.internal.EntityCollectionPart.generateFetch(EntityCollectionPart.java:436)
	at org.hibernate.metamodel.mapping.internal.EntityCollectionPart.generateFetch(EntityCollectionPart.java:78)
	at org.hibernate.sql.results.graph.FetchParent.generateFetchableFetch(FetchParent.java:108)
	at org.hibernate.loader.ast.internal.LoaderSelectBuilder.lambda$createFetchableBiConsumer$9(LoaderSelectBuilder.java:849)
	at org.hibernate.loader.ast.internal.LoaderSelectBuilder.lambda$visitFetches$8(LoaderSelectBuilder.java:685)
	at org.hibernate.metamodel.mapping.PluralAttributeMapping.visitFetchables(PluralAttributeMapping.java:66)
	at org.hibernate.loader.ast.internal.LoaderSelectBuilder.visitFetches(LoaderSelectBuilder.java:684)
	at org.hibernate.loader.ast.internal.LoaderSqlAstCreationState.visitFetches(LoaderSqlAstCreationState.java:117)
	at org.hibernate.sql.results.graph.collection.internal.EagerCollectionFetch.<init>(EagerCollectionFetch.java:96)
	at org.hibernate.metamodel.mapping.internal.PluralAttributeMappingImpl.generateFetch(PluralAttributeMappingImpl.java:395)
	at org.hibernate.sql.results.graph.FetchParent.generateFetchableFetch(FetchParent.java:108)
	at org.hibernate.loader.ast.internal.LoaderSelectBuilder.lambda$createFetchableBiConsumer$9(LoaderSelectBuilder.java:849)
	at org.hibernate.loader.ast.internal.LoaderSelectBuilder.lambda$visitFetches$8(LoaderSelectBuilder.java:685)
	at java.base/java.util.ArrayList.forEach(ArrayList.java:1540)
	at org.hibernate.persister.entity.AbstractEntityPersister.visitFetchables(AbstractEntityPersister.java:6455)
	at org.hibernate.loader.ast.internal.LoaderSelectBuilder.visitFetches(LoaderSelectBuilder.java:684)
	at org.hibernate.loader.ast.internal.LoaderSqlAstCreationState.visitFetches(LoaderSqlAstCreationState.java:117)
	at org.hibernate.sql.results.graph.AbstractFetchParent.afterInitialize(AbstractFetchParent.java:31)
	at org.hibernate.sql.results.graph.entity.AbstractEntityResultGraphNode.afterInitialize(AbstractEntityResultGraphNode.java:100)
	at org.hibernate.sql.results.graph.entity.internal.EntityFetchJoinedImpl.<init>(EntityFetchJoinedImpl.java:45)
	at org.hibernate.metamodel.mapping.internal.EntityCollectionPart.generateFetch(EntityCollectionPart.java:436)
	at org.hibernate.metamodel.mapping.internal.EntityCollectionPart.generateFetch(EntityCollectionPart.java:78)
	at org.hibernate.sql.results.graph.FetchParent.generateFetchableFetch(FetchParent.java:108)
	at org.hibernate.loader.ast.internal.LoaderSelectBuilder.lambda$createFetchableBiConsumer$9(LoaderSelectBuilder.java:849)
	at org.hibernate.loader.ast.internal.LoaderSelectBuilder.lambda$visitFetches$8(LoaderSelectBuilder.java:685)
	at org.hibernate.metamodel.mapping.PluralAttributeMapping.visitFetchables(PluralAttributeMapping.java:66)
	at org.hibernate.loader.ast.internal.LoaderSelectBuilder.visitFetches(LoaderSelectBuilder.java:684)
	at org.hibernate.loader.ast.internal.LoaderSqlAstCreationState.visitFetches(LoaderSqlAstCreationState.java:117)
	at org.hibernate.sql.results.graph.collection.internal.EagerCollectionFetch.<init>(EagerCollectionFetch.java:96)
	at org.hibernate.metamodel.mapping.internal.PluralAttributeMappingImpl.generateFetch(PluralAttributeMappingImpl.java:395)
	at org.hibernate.sql.results.graph.FetchParent.generateFetchableFetch(FetchParent.java:108)
	at org.hibernate.loader.ast.internal.LoaderSelectBuilder.lambda$createFetchableBiConsumer$9(LoaderSelectBuilder.java:849)
	at org.hibernate.loader.ast.internal.LoaderSelectBuilder.lambda$visitFetches$8(LoaderSelectBuilder.java:685)
	at java.base/java.util.ArrayList.forEach(ArrayList.java:1540)
	at org.hibernate.persister.entity.AbstractEntityPersister.visitFetchables(AbstractEntityPersister.java:6455)
	at org.hibernate.loader.ast.internal.LoaderSelectBuilder.visitFetches(LoaderSelectBuilder.java:684)
	at org.hibernate.loader.ast.internal.LoaderSqlAstCreationState.visitFetches(LoaderSqlAstCreationState.java:117)
	at org.hibernate.sql.results.graph.AbstractFetchParent.afterInitialize(AbstractFetchParent.java:31)
	at org.hibernate.sql.results.graph.entity.AbstractEntityResultGraphNode.afterInitialize(AbstractEntityResultGraphNode.java:100)
	at org.hibernate.sql.results.graph.entity.internal.EntityFetchJoinedImpl.<init>(EntityFetchJoinedImpl.java:45)
	at org.hibernate.metamodel.mapping.internal.EntityCollectionPart.generateFetch(EntityCollectionPart.java:436)
	at org.hibernate.metamodel.mapping.internal.EntityCollectionPart.generateFetch(EntityCollectionPart.java:78)
	at org.hibernate.sql.results.graph.FetchParent.generateFetchableFetch(FetchParent.java:108)
	at org.hibernate.loader.ast.internal.LoaderSelectBuilder.lambda$createFetchableBiConsumer$9(LoaderSelectBuilder.java:849)
	at org.hibernate.loader.ast.internal.LoaderSelectBuilder.lambda$visitFetches$8(LoaderSelectBuilder.java:685)
	at org.hibernate.metamodel.mapping.PluralAttributeMapping.visitFetchables(PluralAttributeMapping.java:66)
	at org.hibernate.loader.ast.internal.LoaderSelectBuilder.visitFetches(LoaderSelectBuilder.java:684)
	at org.hibernate.loader.ast.internal.LoaderSqlAstCreationState.visitFetches(LoaderSqlAstCreationState.java:117)
	at org.hibernate.sql.results.graph.collection.internal.EagerCollectionFetch.<init>(EagerCollectionFetch.java:96)
	at org.hibernate.metamodel.mapping.internal.PluralAttributeMappingImpl.generateFetch(PluralAttributeMappingImpl.java:395)
	at org.hibernate.sql.results.graph.FetchParent.generateFetchableFetch(FetchParent.java:108)
	at org.hibernate.loader.ast.internal.LoaderSelectBuilder.lambda$createFetchableBiConsumer$9(LoaderSelectBuilder.java:849)
	at org.hibernate.loader.ast.internal.LoaderSelectBuilder.lambda$visitFetches$8(LoaderSelectBuilder.java:685)
	at java.base/java.util.ArrayList.forEach(ArrayList.java:1540)
	at org.hibernate.persister.entity.AbstractEntityPersister.visitFetchables(AbstractEntityPersister.java:6455)
	at org.hibernate.loader.ast.internal.LoaderSelectBuilder.visitFetches(LoaderSelectBuilder.java:684)
	at org.hibernate.loader.ast.internal.LoaderSqlAstCreationState.visitFetches(LoaderSqlAstCreationState.java:117)
	at org.hibernate.sql.results.graph.AbstractFetchParent.afterInitialize(AbstractFetchParent.java:31)
	at org.hibernate.sql.results.graph.entity.AbstractEntityResultGraphNode.afterInitialize(AbstractEntityResultGraphNode.java:100)
	at org.hibernate.sql.results.graph.entity.internal.EntityFetchJoinedImpl.<init>(EntityFetchJoinedImpl.java:45)
	at org.hibernate.metamodel.mapping.internal.EntityCollectionPart.generateFetch(EntityCollectionPart.java:436)
	at org.hibernate.metamodel.mapping.internal.EntityCollectionPart.generateFetch(EntityCollectionPart.java:78)
	at org.hibernate.sql.results.graph.FetchParent.generateFetchableFetch(FetchParent.java:108)
	at org.hibernate.loader.ast.internal.LoaderSelectBuilder.lambda$createFetchableBiConsumer$9(LoaderSelectBuilder.java:849)
	at org.hibernate.loader.ast.internal.LoaderSelectBuilder.lambda$visitFetches$8(LoaderSelectBuilder.java:685)
	at org.hibernate.metamodel.mapping.PluralAttributeMapping.visitFetchables(PluralAttributeMapping.java:66)
	at org.hibernate.loader.ast.internal.LoaderSelectBuilder.visitFetches(LoaderSelectBuilder.java:684)
	at org.hibernate.loader.ast.internal.LoaderSqlAstCreationState.visitFetches(LoaderSqlAstCreationState.java:117)
	at org.hibernate.sql.results.graph.collection.internal.EagerCollectionFetch.<init>(EagerCollectionFetch.java:96)
	at org.hibernate.metamodel.mapping.internal.PluralAttributeMappingImpl.generateFetch(PluralAttributeMappingImpl.java:395)
	at org.hibernate.sql.results.graph.FetchParent.generateFetchableFetch(FetchParent.java:108)
	at org.hibernate.loader.ast.internal.LoaderSelectBuilder.lambda$createFetchableBiConsumer$9(LoaderSelectBuilder.java:849)
	at org.hibernate.loader.ast.internal.LoaderSelectBuilder.lambda$visitFetches$8(LoaderSelectBuilder.java:685)
	at java.base/java.util.ArrayList.forEach(ArrayList.java:1540)
	at org.hibernate.persister.entity.AbstractEntityPersister.visitFetchables(AbstractEntityPersister.java:6455)
	at org.hibernate.loader.ast.internal.LoaderSelectBuilder.visitFetches(LoaderSelectBuilder.java:684)
	at org.hibernate.loader.ast.internal.LoaderSqlAstCreationState.visitFetches(LoaderSqlAstCreationState.java:117)
	at org.hibernate.sql.results.graph.AbstractFetchParent.afterInitialize(AbstractFetchParent.java:31)
	at org.hibernate.sql.results.graph.entity.AbstractEntityResultGraphNode.afterInitialize(AbstractEntityResultGraphNode.java:100)
	at org.hibernate.sql.results.graph.entity.internal.EntityFetchJoinedImpl.<init>(EntityFetchJoinedImpl.java:45)
	at org.hibernate.metamodel.mapping.internal.EntityCollectionPart.generateFetch(EntityCollectionPart.java:436)
	at org.hibernate.metamodel.mapping.internal.EntityCollectionPart.generateFetch(EntityCollectionPart.java:78)
	at org.hibernate.sql.results.graph.FetchParent.generateFetchableFetch(FetchParent.java:108)
	at org.hibernate.loader.ast.internal.LoaderSelectBuilder.lambda$createFetchableBiConsumer$9(LoaderSelectBuilder.java:849)
	at org.hibernate.loader.ast.internal.LoaderSelectBuilder.lambda$visitFetches$8(LoaderSelectBuilder.java:685)
	at org.hibernate.metamodel.mapping.PluralAttributeMapping.visitFetchables(PluralAttributeMapping.java:66)
	at org.hibernate.loader.ast.internal.LoaderSelectBuilder.visitFetches(LoaderSelectBuilder.java:684)
	at org.hibernate.loader.ast.internal.LoaderSqlAstCreationState.visitFetches(LoaderSqlAstCreationState.java:117)
	at org.hibernate.sql.results.graph.collection.internal.EagerCollectionFetch.<init>(EagerCollectionFetch.java:96)
	at org.hibernate.metamodel.mapping.internal.PluralAttributeMappingImpl.generateFetch(PluralAttributeMappingImpl.java:395)
	at org.hibernate.sql.results.graph.FetchParent.generateFetchableFetch(FetchParent.java:108)
	at org.hibernate.loader.ast.internal.LoaderSelectBuilder.lambda$createFetchableBiConsumer$9(LoaderSelectBuilder.java:849)
	at org.hibernate.loader.ast.internal.LoaderSelectBuilder.lambda$visitFetches$8(LoaderSelectBuilder.java:685)
	at java.base/java.util.ArrayList.forEach(ArrayList.java:1540)
	at org.hibernate.persister.entity.AbstractEntityPersister.visitFetchables(AbstractEntityPersister.java:6455)
	at org.hibernate.loader.ast.internal.LoaderSelectBuilder.visitFetches(LoaderSelectBuilder.java:684)
	at org.hibernate.loader.ast.internal.LoaderSqlAstCreationState.visitFetches(LoaderSqlAstCreationState.java:117)
	at org.hibernate.sql.results.graph.AbstractFetchParent.afterInitialize(AbstractFetchParent.java:31)
	at org.hibernate.sql.results.graph.entity.AbstractEntityResultGraphNode.afterInitialize(AbstractEntityResultGraphNode.java:100)
	at org.hibernate.sql.results.graph.entity.internal.EntityFetchJoinedImpl.<init>(EntityFetchJoinedImpl.java:45)
	at org.hibernate.metamodel.mapping.internal.EntityCollectionPart.generateFetch(EntityCollectionPart.java:436)
	at org.hibernate.metamodel.mapping.internal.EntityCollectionPart.generateFetch(EntityCollectionPart.java:78)
	at org.hibernate.sql.results.graph.FetchParent.generateFetchableFetch(FetchParent.java:108)
	at org.hibernate.loader.ast.internal.LoaderSelectBuilder.lambda$createFetchableBiConsumer$9(LoaderSelectBuilder.java:849)
	at org.hibernate.loader.ast.internal.LoaderSelectBuilder.lambda$visitFetches$8(LoaderSelectBuilder.java:685)
	at org.hibernate.metamodel.mapping.PluralAttributeMapping.visitFetchables(PluralAttributeMapping.java:66)
	at org.hibernate.loader.ast.internal.LoaderSelectBuilder.visitFetches(LoaderSelectBuilder.java:684)
	at org.hibernate.loader.ast.internal.LoaderSqlAstCreationState.visitFetches(LoaderSqlAstCreationState.java:117)
	at org.hibernate.sql.results.graph.collection.internal.EagerCollectionFetch.<init>(EagerCollectionFetch.java:96)
	at org.hibernate.metamodel.mapping.internal.PluralAttributeMappingImpl.generateFetch(PluralAttributeMappingImpl.java:395)
	at org.hibernate.sql.results.graph.FetchParent.generateFetchableFetch(FetchParent.java:108)
	at org.hibernate.loader.ast.internal.LoaderSelectBuilder.lambda$createFetchableBiConsumer$9(LoaderSelectBuilder.java:849)
	at org.hibernate.loader.ast.internal.LoaderSelectBuilder.lambda$visitFetches$8(LoaderSelectBuilder.java:685)
	at java.base/java.util.ArrayList.forEach(ArrayList.java:1540)
	at org.hibernate.persister.entity.AbstractEntityPersister.visitFetchables(AbstractEntityPersister.java:6455)
	at org.hibernate.loader.ast.internal.LoaderSelectBuilder.visitFetches(LoaderSelectBuilder.java:684)
	at org.hibernate.loader.ast.internal.LoaderSqlAstCreationState.visitFetches(LoaderSqlAstCreationState.java:117)
	at org.hibernate.sql.results.graph.AbstractFetchParent.afterInitialize(AbstractFetchParent.java:31)
	at org.hibernate.sql.results.graph.entity.AbstractEntityResultGraphNode.afterInitialize(AbstractEntityResultGraphNode.java:100)
	at org.hibernate.sql.results.graph.entity.internal.EntityFetchJoinedImpl.<init>(EntityFetchJoinedImpl.java:45)
	at org.hibernate.metamodel.mapping.internal.EntityCollectionPart.generateFetch(EntityCollectionPart.java:436)
	at org.hibernate.metamodel.mapping.internal.EntityCollectionPart.generateFetch(EntityCollectionPart.java:78)
	at org.hibernate.sql.results.graph.FetchParent.generateFetchableFetch(FetchParent.java:108)
	at org.hibernate.loader.ast.internal.LoaderSelectBuilder.lambda$createFetchableBiConsumer$9(LoaderSelectBuilder.java:849)
	at org.hibernate.loader.ast.internal.LoaderSelectBuilder.lambda$visitFetches$8(LoaderSelectBuilder.java:685)
	at org.hibernate.metamodel.mapping.PluralAttributeMapping.visitFetchables(PluralAttributeMapping.java:66)
	at org.hibernate.loader.ast.internal.LoaderSelectBuilder.visitFetches(LoaderSelectBuilder.java:684)
	at org.hibernate.loader.ast.internal.LoaderSqlAstCreationState.visitFetches(LoaderSqlAstCreationState.java:117)
	at org.hibernate.sql.results.graph.collection.internal.EagerCollectionFetch.<init>(EagerCollectionFetch.java:96)
	at org.hibernate.metamodel.mapping.internal.PluralAttributeMappingImpl.generateFetch(PluralAttributeMappingImpl.java:395)
	at org.hibernate.sql.results.graph.FetchParent.generateFetchableFetch(FetchParent.java:108)
	at org.hibernate.loader.ast.internal.LoaderSelectBuilder.lambda$createFetchableBiConsumer$9(LoaderSelectBuilder.java:849)
	at org.hibernate.loader.ast.internal.LoaderSelectBuilder.lambda$visitFetches$8(LoaderSelectBuilder.java:685)
	at java.base/java.util.ArrayList.forEach(ArrayList.java:1540)
	at org.hibernate.persister.entity.AbstractEntityPersister.visitFetchables(AbstractEntityPersister.java:6455)
	at org.hibernate.loader.ast.internal.LoaderSelectBuilder.visitFetches(LoaderSelectBuilder.java:684)
	at org.hibernate.loader.ast.internal.LoaderSqlAstCreationState.visitFetches(LoaderSqlAstCreationState.java:117)
	at org.hibernate.sql.results.graph.AbstractFetchParent.afterInitialize(AbstractFetchParent.java:31)
	at org.hibernate.sql.results.graph.entity.AbstractEntityResultGraphNode.afterInitialize(AbstractEntityResultGraphNode.java:100)
	at org.hibernate.sql.results.graph.entity.internal.EntityFetchJoinedImpl.<init>(EntityFetchJoinedImpl.java:45)
	at org.hibernate.metamodel.mapping.internal.EntityCollectionPart.generateFetch(EntityCollectionPart.java:436)
	at org.hibernate.metamodel.mapping.internal.EntityCollectionPart.generateFetch(EntityCollectionPart.java:78)
	at org.hibernate.sql.results.graph.FetchParent.generateFetchableFetch(FetchParent.java:108)
	at org.hibernate.loader.ast.internal.LoaderSelectBuilder.lambda$createFetchableBiConsumer$9(LoaderSelectBuilder.java:849)
	at org.hibernate.loader.ast.internal.LoaderSelectBuilder.lambda$visitFetches$8(LoaderSelectBuilder.java:685)
	at org.hibernate.metamodel.mapping.PluralAttributeMapping.visitFetchables(PluralAttributeMapping.java:66)
	at org.hibernate.loader.ast.internal.LoaderSelectBuilder.visitFetches(LoaderSelectBuilder.java:684)
	at org.hibernate.loader.ast.internal.LoaderSqlAstCreationState.visitFetches(LoaderSqlAstCreationState.java:117)
	at org.hibernate.sql.results.graph.collection.internal.EagerCollectionFetch.<init>(EagerCollectionFetch.java:96)
	at org.hibernate.metamodel.mapping.internal.PluralAttributeMappingImpl.generateFetch(PluralAttributeMappingImpl.java:395)
	at org.hibernate.sql.results.graph.FetchParent.generateFetchableFetch(FetchParent.java:108)
	at org.hibernate.loader.ast.internal.LoaderSelectBuilder.lambda$createFetchableBiConsumer$9(LoaderSelectBuilder.java:849)
	at org.hibernate.loader.ast.internal.LoaderSelectBuilder.lambda$visitFetches$8(LoaderSelectBuilder.java:685)
	at java.base/java.util.ArrayList.forEach(ArrayList.java:1540)
	at org.hibernate.persister.entity.AbstractEntityPersister.visitFetchables(AbstractEntityPersister.java:6455)
	at org.hibernate.loader.ast.internal.LoaderSelectBuilder.visitFetches(LoaderSelectBuilder.java:684)
	at org.hibernate.loader.ast.internal.LoaderSqlAstCreationState.visitFetches(LoaderSqlAstCreationState.java:117)
	at org.hibernate.sql.results.graph.AbstractFetchParent.afterInitialize(AbstractFetchParent.java:31)
	at org.hibernate.sql.results.graph.entity.AbstractEntityResultGraphNode.afterInitialize(AbstractEntityResultGraphNode.java:100)
	at org.hibernate.sql.results.graph.entity.internal.EntityFetchJoinedImpl.<init>(EntityFetchJoinedImpl.java:45)
	at org.hibernate.metamodel.mapping.internal.EntityCollectionPart.generateFetch(EntityCollectionPart.java:436)
	at org.hibernate.metamodel.mapping.internal.EntityCollectionPart.generateFetch(EntityCollectionPart.java:78)
	at org.hibernate.sql.results.graph.FetchParent.generateFetchableFetch(FetchParent.java:108)
	at org.hibernate.loader.ast.internal.LoaderSelectBuilder.lambda$createFetchableBiConsumer$9(LoaderSelectBuilder.java:849)
	at org.hibernate.loader.ast.internal.LoaderSelectBuilder.lambda$visitFetches$8(LoaderSelectBuilder.java:685)
	at org.hibernate.metamodel.mapping.PluralAttributeMapping.visitFetchables(PluralAttributeMapping.java:66)
	at org.hibernate.loader.ast.internal.LoaderSelectBuilder.visitFetches(LoaderSelectBuilder.java:684)
	at org.hibernate.loader.ast.internal.LoaderSqlAstCreationState.visitFetches(LoaderSqlAstCreationState.java:117)
	at org.hibernate.sql.results.graph.collection.internal.EagerCollectionFetch.<init>(EagerCollectionFetch.java:96)
	at org.hibernate.metamodel.mapping.internal.PluralAttributeMappingImpl.generateFetch(PluralAttributeMappingImpl.java:395)
	at org.hibernate.sql.results.graph.FetchParent.generateFetchableFetch(FetchParent.java:108)
	at org.hibernate.loader.ast.internal.LoaderSelectBuilder.lambda$createFetchableBiConsumer$9(LoaderSelectBuilder.java:849)
	at org.hibernate.loader.ast.internal.LoaderSelectBuilder.lambda$visitFetches$8(LoaderSelectBuilder.java:685)
	at java.base/java.util.ArrayList.forEach(ArrayList.java:1540)
	at org.hibernate.persister.entity.AbstractEntityPersister.visitFetchables(AbstractEntityPersister.java:6455)
	at org.hibernate.loader.ast.internal.LoaderSelectBuilder.visitFetches(LoaderSelectBuilder.java:684)
	at org.hibernate.loader.ast.internal.LoaderSqlAstCreationState.visitFetches(LoaderSqlAstCreationState.java:117)
	at org.hibernate.sql.results.graph.AbstractFetchParent.afterInitialize(AbstractFetchParent.java:31)
	at org.hibernate.sql.results.graph.entity.AbstractEntityResultGraphNode.afterInitialize(AbstractEntityResultGraphNode.java:100)
	at org.hibernate.sql.results.graph.entity.internal.EntityFetchJoinedImpl.<init>(EntityFetchJoinedImpl.java:45)
	at org.hibernate.metamodel.mapping.internal.EntityCollectionPart.generateFetch(EntityCollectionPart.java:436)
	at org.hibernate.metamodel.mapping.internal.EntityCollectionPart.generateFetch(EntityCollectionPart.java:78)
	at org.hibernate.sql.results.graph.FetchParent.generateFetchableFetch(FetchParent.java:108)
	at org.hibernate.loader.ast.internal.LoaderSelectBuilder.lambda$createFetchableBiConsumer$9(LoaderSelectBuilder.java:849)
	at org.hibernate.loader.ast.internal.LoaderSelectBuilder.lambda$visitFetches$8(LoaderSelectBuilder.java:685)
	at org.hibernate.metamodel.mapping.PluralAttributeMapping.visitFetchables(PluralAttributeMapping.java:66)
	at org.hibernate.loader.ast.internal.LoaderSelectBuilder.visitFetches(LoaderSelectBuilder.java:684)
	at org.hibernate.loader.ast.internal.LoaderSqlAstCreationState.visitFetches(LoaderSqlAstCreationState.java:117)
	at org.hibernate.sql.results.graph.collection.internal.EagerCollectionFetch.<init>(EagerCollectionFetch.java:96)
	at org.hibernate.metamodel.mapping.internal.PluralAttributeMappingImpl.generateFetch(PluralAttributeMappingImpl.java:395)
	at org.hibernate.sql.results.graph.FetchParent.generateFetchableFetch(FetchParent.java:108)
	at org.hibernate.loader.ast.internal.LoaderSelectBuilder.lambda$createFetchableBiConsumer$9(LoaderSelectBuilder.java:849)
	at org.hibernate.loader.ast.internal.LoaderSelectBuilder.lambda$visitFetches$8(LoaderSelectBuilder.java:685)
	at java.base/java.util.ArrayList.forEach(ArrayList.java:1540)
	at org.hibernate.persister.entity.AbstractEntityPersister.visitFetchables(AbstractEntityPersister.java:6455)
	at org.hibernate.loader.ast.internal.LoaderSelectBuilder.visitFetches(LoaderSelectBuilder.java:684)
	at org.hibernate.loader.ast.internal.LoaderSqlAstCreationState.visitFetches(LoaderSqlAstCreationState.java:117)
	at org.hibernate.sql.results.graph.AbstractFetchParent.afterInitialize(AbstractFetchParent.java:31)
	at org.hibernate.sql.results.graph.entity.AbstractEntityResultGraphNode.afterInitialize(AbstractEntityResultGraphNode.java:100)
	at org.hibernate.sql.results.graph.entity.internal.EntityFetchJoinedImpl.<init>(EntityFetchJoinedImpl.java:45)
	at org.hibernate.metamodel.mapping.internal.EntityCollectionPart.generateFetch(EntityCollectionPart.java:436)
	at org.hibernate.metamodel.mapping.internal.EntityCollectionPart.generateFetch(EntityCollectionPart.java:78)
	at org.hibernate.sql.results.graph.FetchParent.generateFetchableFetch(FetchParent.java:108)
	at org.hibernate.loader.ast.internal.LoaderSelectBuilder.lambda$createFetchableBiConsumer$9(LoaderSelectBuilder.java:849)
	at org.hibernate.loader.ast.internal.LoaderSelectBuilder.lambda$visitFetches$8(LoaderSelectBuilder.java:685)
	at org.hibernate.metamodel.mapping.PluralAttributeMapping.visitFetchables(PluralAttributeMapping.java:66)
	at org.hibernate.loader.ast.internal.LoaderSelectBuilder.visitFetches(LoaderSelectBuilder.java:684)
	at org.hibernate.loader.ast.internal.LoaderSqlAstCreationState.visitFetches(LoaderSqlAstCreationState.java:117)
	at org.hibernate.sql.results.graph.collection.internal.EagerCollectionFetch.<init>(EagerCollectionFetch.java:96)
	at org.hibernate.metamodel.mapping.internal.PluralAttributeMappingImpl.generateFetch(PluralAttributeMappingImpl.java:395)
	at org.hibernate.sql.results.graph.FetchParent.generateFetchableFetch(FetchParent.java:108)
	at org.hibernate.loader.ast.internal.LoaderSelectBuilder.lambda$createFetchableBiConsumer$9(LoaderSelectBuilder.java:849)
	at org.hibernate.loader.ast.internal.LoaderSelectBuilder.lambda$visitFetches$8(LoaderSelectBuilder.java:685)
	at java.base/java.util.ArrayList.forEach(ArrayList.java:1540)
	at org.hibernate.persister.entity.AbstractEntityPersister.visitFetchables(AbstractEntityPersister.java:6455)
	at org.hibernate.loader.ast.internal.LoaderSelectBuilder.visitFetches(LoaderSelectBuilder.java:684)
	at org.hibernate.loader.ast.internal.LoaderSqlAstCreationState.visitFetches(LoaderSqlAstCreationState.java:117)
	at org.hibernate.sql.results.graph.AbstractFetchParent.afterInitialize(AbstractFetchParent.java:31)
	at org.hibernate.sql.results.graph.entity.AbstractEntityResultGraphNode.afterInitialize(AbstractEntityResultGraphNode.java:100)
	at org.hibernate.sql.results.graph.entity.internal.EntityFetchJoinedImpl.<init>(EntityFetchJoinedImpl.java:45)
	at org.hibernate.metamodel.mapping.internal.EntityCollectionPart.generateFetch(EntityCollectionPart.java:436)
	at org.hibernate.metamodel.mapping.internal.EntityCollectionPart.generateFetch(EntityCollectionPart.java:78)
	at org.hibernate.sql.results.graph.FetchParent.generateFetchableFetch(FetchParent.java:108)
	at org.hibernate.loader.ast.internal.LoaderSelectBuilder.lambda$createFetchableBiConsumer$9(LoaderSelectBuilder.java:849)
	at org.hibernate.loader.ast.internal.LoaderSelectBuilder.lambda$visitFetches$8(LoaderSelectBuilder.java:685)
	at org.hibernate.metamodel.mapping.PluralAttributeMapping.visitFetchables(PluralAttributeMapping.java:66)
	at org.hibernate.loader.ast.internal.LoaderSelectBuilder.visitFetches(LoaderSelectBuilder.java:684)
	at org.hibernate.loader.ast.internal.LoaderSqlAstCreationState.visitFetches(LoaderSqlAstCreationState.java:117)
	at org.hibernate.sql.results.graph.collection.internal.EagerCollectionFetch.<init>(EagerCollectionFetch.java:96)
	at org.hibernate.metamodel.mapping.internal.PluralAttributeMappingImpl.generateFetch(PluralAttributeMappingImpl.java:395)
	at org.hibernate.sql.results.graph.FetchParent.generateFetchableFetch(FetchParent.java:108)
	at org.hibernate.loader.ast.internal.LoaderSelectBuilder.lambda$createFetchableBiConsumer$9(LoaderSelectBuilder.java:849)
	at org.hibernate.loader.ast.internal.LoaderSelectBuilder.lambda$visitFetches$8(LoaderSelectBuilder.java:685)
	at java.base/java.util.ArrayList.forEach(ArrayList.java:1540)
	at org.hibernate.persister.entity.AbstractEntityPersister.visitFetchables(AbstractEntityPersister.java:6455)
	at org.hibernate.loader.ast.internal.LoaderSelectBuilder.visitFetches(LoaderSelectBuilder.java:684)
	at org.hibernate.loader.ast.internal.LoaderSqlAstCreationState.visitFetches(LoaderSqlAstCreationState.java:117)
	at org.hibernate.sql.results.graph.AbstractFetchParent.afterInitialize(AbstractFetchParent.java:31)
	at org.hibernate.sql.results.graph.entity.AbstractEntityResultGraphNode.afterInitialize(AbstractEntityResultGraphNode.java:100)
	at org.hibernate.sql.results.graph.entity.internal.EntityFetchJoinedImpl.<init>(EntityFetchJoinedImpl.java:45)
	at org.hibernate.metamodel.mapping.internal.EntityCollectionPart.generateFetch(EntityCollectionPart.java:436)
	at org.hibernate.metamodel.mapping.internal.EntityCollectionPart.generateFetch(EntityCollectionPart.java:78)
	at org.hibernate.sql.results.graph.FetchParent.generateFetchableFetch(FetchParent.java:108)
	at org.hibernate.loader.ast.internal.LoaderSelectBuilder.lambda$createFetchableBiConsumer$9(LoaderSelectBuilder.java:849)
	at org.hibernate.loader.ast.internal.LoaderSelectBuilder.lambda$visitFetches$8(LoaderSelectBuilder.java:685)
	at org.hibernate.metamodel.mapping.PluralAttributeMapping.visitFetchables(PluralAttributeMapping.java:66)
	at org.hibernate.loader.ast.internal.LoaderSelectBuilder.visitFetches(LoaderSelectBuilder.java:684)
	at org.hibernate.loader.ast.internal.LoaderSqlAstCreationState.visitFetches(LoaderSqlAstCreationState.java:117)
	at org.hibernate.sql.results.graph.collection.internal.EagerCollectionFetch.<init>(EagerCollectionFetch.java:96)
	at org.hibernate.metamodel.mapping.internal.PluralAttributeMappingImpl.generateFetch(PluralAttributeMappingImpl.java:395)
	at org.hibernate.sql.results.graph.FetchParent.generateFetchableFetch(FetchParent.java:108)
	at org.hibernate.loader.ast.internal.LoaderSelectBuilder.lambda$createFetchableBiConsumer$9(LoaderSelectBuilder.java:849)
	at org.hibernate.loader.ast.internal.LoaderSelectBuilder.lambda$visitFetches$8(LoaderSelectBuilder.java:685)
	at java.base/java.util.ArrayList.forEach(ArrayList.java:1540)
	at org.hibernate.persister.entity.AbstractEntityPersister.visitFetchables(AbstractEntityPersister.java:6455)
	at org.hibernate.loader.ast.internal.LoaderSelectBuilder.visitFetches(LoaderSelectBuilder.java:684)
	at org.hibernate.loader.ast.internal.LoaderSqlAstCreationState.visitFetches(LoaderSqlAstCreationState.java:117)
	at org.hibernate.sql.results.graph.AbstractFetchParent.afterInitialize(AbstractFetchParent.java:31)
	at org.hibernate.sql.results.graph.entity.AbstractEntityResultGraphNode.afterInitialize(AbstractEntityResultGraphNode.java:100)
	at org.hibernate.sql.results.graph.entity.internal.EntityFetchJoinedImpl.<init>(EntityFetchJoinedImpl.java:45)
	at org.hibernate.metamodel.mapping.internal.EntityCollectionPart.generateFetch(EntityCollectionPart.java:436)
	at org.hibernate.metamodel.mapping.internal.EntityCollectionPart.generateFetch(EntityCollectionPart.java:78)
	at org.hibernate.sql.results.graph.FetchParent.generateFetchableFetch(FetchParent.java:108)
	at org.hibernate.loader.ast.internal.LoaderSelectBuilder.lambda$createFetchableBiConsumer$9(LoaderSelectBuilder.java:849)
	at org.hibernate.loader.ast.internal.LoaderSelectBuilder.lambda$visitFetches$8(LoaderSelectBuilder.java:685)
	at org.hibernate.metamodel.mapping.PluralAttributeMapping.visitFetchables(PluralAttributeMapping.java:66)
	at org.hibernate.loader.ast.internal.LoaderSelectBuilder.visitFetches(LoaderSelectBuilder.java:684)
	at org.hibernate.loader.ast.internal.LoaderSqlAstCreationState.visitFetches(LoaderSqlAstCreationState.java:117)
	at org.hibernate.sql.results.graph.collection.internal.EagerCollectionFetch.<init>(EagerCollectionFetch.java:96)
	at org.hibernate.metamodel.mapping.internal.PluralAttributeMappingImpl.generateFetch(PluralAttributeMappingImpl.java:395)
	at org.hibernate.sql.results.graph.FetchParent.generateFetchableFetch(FetchParent.java:108)
	at org.hibernate.loader.ast.internal.LoaderSelectBuilder.lambda$createFetchableBiConsumer$9(LoaderSelectBuilder.java:849)
	at org.hibernate.loader.ast.internal.LoaderSelectBuilder.lambda$visitFetches$8(LoaderSelectBuilder.java:685)
	at java.base/java.util.ArrayList.forEach(ArrayList.java:1540)
	at org.hibernate.persister.entity.AbstractEntityPersister.visitFetchables(AbstractEntityPersister.java:6455)
	at org.hibernate.loader.ast.internal.LoaderSelectBuilder.visitFetches(LoaderSelectBuilder.java:684)
	at org.hibernate.loader.ast.internal.LoaderSqlAstCreationState.visitFetches(LoaderSqlAstCreationState.java:117)
	at org.hibernate.sql.results.graph.AbstractFetchParent.afterInitialize(AbstractFetchParent.java:31)
	at org.hibernate.sql.results.graph.entity.AbstractEntityResultGraphNode.afterInitialize(AbstractEntityResultGraphNode.java:100)
	at org.hibernate.sql.results.graph.entity.internal.EntityFetchJoinedImpl.<init>(EntityFetchJoinedImpl.java:45)
	at org.hibernate.metamodel.mapping.internal.EntityCollectionPart.generateFetch(EntityCollectionPart.java:436)
	at org.hibernate.metamodel.mapping.internal.EntityCollectionPart.generateFetch(EntityCollectionPart.java:78)
	at org.hibernate.sql.results.graph.FetchParent.generateFetchableFetch(FetchParent.java:108)
	at org.hibernate.loader.ast.internal.LoaderSelectBuilder.lambda$createFetchableBiConsumer$9(LoaderSelectBuilder.java:849)
	at org.hibernate.loader.ast.internal.LoaderSelectBuilder.lambda$visitFetches$8(LoaderSelectBuilder.java:685)
	at org.hibernate.metamodel.mapping.PluralAttributeMapping.visitFetchables(PluralAttributeMapping.java:66)
	at org.hibernate.loader.ast.internal.LoaderSelectBuilder.visitFetches(LoaderSelectBuilder.java:684)
	at org.hibernate.loader.ast.internal.LoaderSqlAstCreationState.visitFetches(LoaderSqlAstCreationState.java:117)
	at org.hibernate.sql.results.graph.collection.internal.EagerCollectionFetch.<init>(EagerCollectionFetch.java:96)
	at org.hibernate.metamodel.mapping.internal.PluralAttributeMappingImpl.generateFetch(PluralAttributeMappingImpl.java:395)
	at org.hibernate.sql.results.graph.FetchParent.generateFetchableFetch(FetchParent.java:108)
	at org.hibernate.loader.ast.internal.LoaderSelectBuilder.lambda$createFetchableBiConsumer$9(LoaderSelectBuilder.java:849)
	at org.hibernate.loader.ast.internal.LoaderSelectBuilder.lambda$visitFetches$8(LoaderSelectBuilder.java:685)
	at java.base/java.util.ArrayList.forEach(ArrayList.java:1540)
	at org.hibernate.persister.entity.AbstractEntityPersister.visitFetchables(AbstractEntityPersister.java:6455)
	at org.hibernate.loader.ast.internal.LoaderSelectBuilder.visitFetches(LoaderSelectBuilder.java:684)
	at org.hibernate.loader.ast.internal.LoaderSqlAstCreationState.visitFetches(LoaderSqlAstCreationState.java:117)
	at org.hibernate.sql.results.graph.AbstractFetchParent.afterInitialize(AbstractFetchParent.java:31)
	at org.hibernate.sql.results.graph.entity.AbstractEntityResultGraphNode.afterInitialize(AbstractEntityResultGraphNode.java:100)
	at org.hibernate.sql.results.graph.entity.internal.EntityFetchJoinedImpl.<init>(EntityFetchJoinedImpl.java:45)
	at org.hibernate.metamodel.mapping.internal.EntityCollectionPart.generateFetch(EntityCollectionPart.java:436)
	at org.hibernate.metamodel.mapping.internal.EntityCollectionPart.generateFetch(EntityCollectionPart.java:78)
	at org.hibernate.sql.results.graph.FetchParent.generateFetchableFetch(FetchParent.java:108)
	at org.hibernate.loader.ast.internal.LoaderSelectBuilder.lambda$createFetchableBiConsumer$9(LoaderSelectBuilder.java:849)
	at org.hibernate.loader.ast.internal.LoaderSelectBuilder.lambda$visitFetches$8(LoaderSelectBuilder.java:685)
	at org.hibernate.metamodel.mapping.PluralAttributeMapping.visitFetchables(PluralAttributeMapping.java:66)
	at org.hibernate.loader.ast.internal.LoaderSelectBuilder.visitFetches(LoaderSelectBuilder.java:684)
	at org.hibernate.loader.ast.internal.LoaderSqlAstCreationState.visitFetches(LoaderSqlAstCreationState.java:117)
	at org.hibernate.sql.results.graph.collection.internal.EagerCollectionFetch.<init>(EagerCollectionFetch.java:96)
	at org.hibernate.metamodel.mapping.internal.PluralAttributeMappingImpl.generateFetch(PluralAttributeMappingImpl.java:395)
