 INFO[2008-01-21 13:03:17,182] org.hibernate.cfg.Environment - Hibernate 3.2.0
  INFO[2008-01-21 13:03:17,194] org.hibernate.cfg.Environment - loaded properties from resource hibernate.properties: {hibernate.connection.username=mysqladmin, hibernate.connection.password=****, hibernate.dialect=org.hibernate.dialect.MySQL5InnoDBDialect, hibernate.connection.url=jdbc:mysql://torakiki:3306/OT_GESTIONALE, hibernate.bytecode.use_reflection_optimizer=false, hibernate.connection.driver_class=com.mysql.jdbc.Driver}
  INFO[2008-01-21 13:03:17,195] org.hibernate.cfg.Environment - Bytecode provider name : cglib
  INFO[2008-01-21 13:03:17,204] org.hibernate.cfg.Environment - using JDK 1.4 java.sql.Timestamp handling
  INFO[2008-01-21 13:03:17,462] org.hibernate.cfg.reveng.OverrideRepository - Override file: /home/aleruz/workspace_tmp/Protocollo/hibernatetools/revenge.xml
  INFO[2008-01-21 13:03:18,410] org.hibernate.connection.DriverManagerConnectionProvider - Using Hibernate built-in connection pool (not for production use!)
  INFO[2008-01-21 13:03:18,410] org.hibernate.connection.DriverManagerConnectionProvider - Hibernate connection pool size: 20
  INFO[2008-01-21 13:03:18,410] org.hibernate.connection.DriverManagerConnectionProvider - autocommit mode: false
  INFO[2008-01-21 13:03:18,434] org.hibernate.connection.DriverManagerConnectionProvider - using driver: oracle.jdbc.driver.OracleDriver at URL: jdbc:oracle:thin:@192.168.2.154:1521:ORACLE
  INFO[2008-01-21 13:03:18,434] org.hibernate.connection.DriverManagerConnectionProvider - connection properties: {user=GESTIONE_PROTOCOLLO_TEST, password=****}
  INFO[2008-01-21 13:03:19,287] org.hibernate.cfg.SettingsFactory - RDBMS: Oracle, version: Oracle Database 10g Enterprise Edition Release 10.2.0.1.0 - Production
With the Partitioning, OLAP and Data Mining options
  INFO[2008-01-21 13:03:19,288] org.hibernate.cfg.SettingsFactory - JDBC driver: Oracle JDBC driver, version: 10.1.0.2.0
  INFO[2008-01-21 13:03:19,396] org.hibernate.dialect.Dialect - Using dialect: org.hibernate.dialect.Oracle9Dialect
  INFO[2008-01-21 13:03:19,515] org.hibernate.transaction.TransactionFactoryFactory - Using default transaction strategy (direct JDBC transactions)
  INFO[2008-01-21 13:03:19,524] org.hibernate.transaction.TransactionManagerLookupFactory - No TransactionManagerLookup configured (in JTA environment, use of read-write or transactional second-level cache is not recommended)
  INFO[2008-01-21 13:03:19,524] org.hibernate.cfg.SettingsFactory - Automatic flush during beforeCompletion(): disabled
  INFO[2008-01-21 13:03:19,525] org.hibernate.cfg.SettingsFactory - Automatic session close at end of transaction: disabled
  INFO[2008-01-21 13:03:19,525] org.hibernate.cfg.SettingsFactory - JDBC batch size: 15
  INFO[2008-01-21 13:03:19,527] org.hibernate.cfg.SettingsFactory - JDBC batch updates for versioned data: disabled
  INFO[2008-01-21 13:03:19,529] org.hibernate.cfg.SettingsFactory - Scrollable result sets: enabled
  INFO[2008-01-21 13:03:19,530] org.hibernate.cfg.SettingsFactory - JDBC3 getGeneratedKeys(): disabled
  INFO[2008-01-21 13:03:19,530] org.hibernate.cfg.SettingsFactory - Connection release mode: auto
  INFO[2008-01-21 13:03:19,533] org.hibernate.cfg.SettingsFactory - Default batch fetch size: 1
  INFO[2008-01-21 13:03:19,533] org.hibernate.cfg.SettingsFactory - Generate SQL with comments: disabled
  INFO[2008-01-21 13:03:19,534] org.hibernate.cfg.SettingsFactory - Order SQL updates by primary key: disabled
  INFO[2008-01-21 13:03:19,534] org.hibernate.cfg.SettingsFactory - Query translator: org.hibernate.hql.ast.ASTQueryTranslatorFactory
  INFO[2008-01-21 13:03:19,544] org.hibernate.hql.ast.ASTQueryTranslatorFactory - Using ASTQueryTranslatorFactory
  INFO[2008-01-21 13:03:19,544] org.hibernate.cfg.SettingsFactory - Query language substitutions: {}
  INFO[2008-01-21 13:03:19,544] org.hibernate.cfg.SettingsFactory - JPA-QL strict compliance: disabled
  INFO[2008-01-21 13:03:19,544] org.hibernate.cfg.SettingsFactory - Second-level cache: enabled
  INFO[2008-01-21 13:03:19,545] org.hibernate.cfg.SettingsFactory - Query cache: disabled
  INFO[2008-01-21 13:03:19,545] org.hibernate.cfg.SettingsFactory - Cache provider: org.hibernate.cache.NoCacheProvider
  INFO[2008-01-21 13:03:19,545] org.hibernate.cfg.SettingsFactory - Optimize cache for minimal puts: disabled
  INFO[2008-01-21 13:03:19,545] org.hibernate.cfg.SettingsFactory - Structured second-level cache entries: disabled
  INFO[2008-01-21 13:03:19,561] org.hibernate.cfg.SettingsFactory - Statistics: disabled
  INFO[2008-01-21 13:03:19,562] org.hibernate.cfg.SettingsFactory - Deleted entity synthetic identifier rollback: disabled
  INFO[2008-01-21 13:03:19,564] org.hibernate.cfg.SettingsFactory - Default entity-mode: pojo
 DEBUG[2008-01-21 13:03:19,597] org.hibernate.cfg.reveng.dialect.JDBCMetaDataDialect - getTables(null.GESTIONE_PROTOCOLLO_TEST.null)
 DEBUG[2008-01-21 13:03:20,337] org.hibernate.cfg.reveng.JDBCReader - Adding table ARCHIVIO of type TABLE
 DEBUG[2008-01-21 13:03:20,344] org.hibernate.cfg.reveng.JDBCReader - Adding table CATEGORIA of type TABLE
 DEBUG[2008-01-21 13:03:20,344] org.hibernate.cfg.reveng.JDBCReader - Adding table DOCUMENTO of type TABLE
 DEBUG[2008-01-21 13:03:20,344] org.hibernate.cfg.reveng.JDBCReader - Adding table LEGAME of type TABLE
 DEBUG[2008-01-21 13:03:20,345] org.hibernate.cfg.reveng.JDBCReader - Adding table LEGAME_PROTOCOLLO of type TABLE
 DEBUG[2008-01-21 13:03:20,345] org.hibernate.cfg.reveng.JDBCReader - Adding table LEGAME_PROTOCOLLO_HIS of type TABLE
 DEBUG[2008-01-21 13:03:20,345] org.hibernate.cfg.reveng.JDBCReader - Adding table MITTENTE of type TABLE
 DEBUG[2008-01-21 13:03:20,345] org.hibernate.cfg.reveng.JDBCReader - Adding table PROFILO of type TABLE
 DEBUG[2008-01-21 13:03:20,346] org.hibernate.cfg.reveng.JDBCReader - Adding table PROTOCOLLO of type TABLE
 DEBUG[2008-01-21 13:03:20,346] org.hibernate.cfg.reveng.JDBCReader - Adding table PROTOCOLLO_HIS of type TABLE
 DEBUG[2008-01-21 13:03:20,346] org.hibernate.cfg.reveng.JDBCReader - Adding table RISERVATEZZA of type TABLE
 DEBUG[2008-01-21 13:03:20,346] org.hibernate.cfg.reveng.JDBCReader - Adding table UFFICIO of type TABLE
 DEBUG[2008-01-21 13:03:20,347] org.hibernate.cfg.reveng.JDBCReader - Adding table UFFICIO_ESTERO of type TABLE
 DEBUG[2008-01-21 13:03:20,347] org.hibernate.cfg.reveng.JDBCReader - Adding table UFFICIO_ESTERO_PROTOCOLLO of type TABLE
 DEBUG[2008-01-21 13:03:20,347] org.hibernate.cfg.reveng.JDBCReader - Adding table UFFICIO_ESTERO_PROTOCOLLO_HIS of type TABLE
 DEBUG[2008-01-21 13:03:20,347] org.hibernate.cfg.reveng.JDBCReader - Adding table UFFICIO_PROTOCOLLO of type TABLE
 DEBUG[2008-01-21 13:03:20,348] org.hibernate.cfg.reveng.JDBCReader - Adding table UFFICIO_PROTOCOLLO_HIS of type TABLE
 DEBUG[2008-01-21 13:03:20,349] org.hibernate.cfg.reveng.JDBCReader - Adding table UTENTE of type TABLE
 DEBUG[2008-01-21 13:03:20,349] org.hibernate.cfg.reveng.JDBCReader - Adding table UTENTE_PROFILO of type TABLE
 DEBUG[2008-01-21 13:03:20,349] org.hibernate.cfg.reveng.JDBCReader - Finding columns for GESTIONE_PROTOCOLLO_TEST.ARCHIVIO
 DEBUG[2008-01-21 13:03:20,349] org.hibernate.cfg.reveng.dialect.JDBCMetaDataDialect - getColumns(null.GESTIONE_PROTOCOLLO_TEST.ARCHIVIO.null)
 DEBUG[2008-01-21 13:03:20,455] org.hibernate.cfg.reveng.dialect.JDBCMetaDataDialect - getPrimaryKeys(null.GESTIONE_PROTOCOLLO_TEST.ARCHIVIO)
 DEBUG[2008-01-21 13:03:21,597] org.hibernate.cfg.reveng.JDBCReader - primary key for org.hibernate.mapping.Table(GESTIONE_PROTOCOLLO_TEST.ARCHIVIO) -> org.hibernate.mapping.PrimaryKey(ARCHIVIO[org.hibernate.mapping.Column(ID)]) as ARCHIVIO_PK
 DEBUG[2008-01-21 13:03:21,598] org.hibernate.cfg.reveng.dialect.JDBCMetaDataDialect - getIndexInfo(null.GESTIONE_PROTOCOLLO_TEST.ARCHIVIO)
 DEBUG[2008-01-21 13:03:23,533] org.hibernate.cfg.reveng.JDBCReader - Finding columns for GESTIONE_PROTOCOLLO_TEST.CATEGORIA
 DEBUG[2008-01-21 13:03:23,534] org.hibernate.cfg.reveng.dialect.JDBCMetaDataDialect - getColumns(null.GESTIONE_PROTOCOLLO_TEST.CATEGORIA.null)
 DEBUG[2008-01-21 13:03:23,585] org.hibernate.cfg.reveng.dialect.JDBCMetaDataDialect - getPrimaryKeys(null.GESTIONE_PROTOCOLLO_TEST.CATEGORIA)
 DEBUG[2008-01-21 13:03:23,605] org.hibernate.cfg.reveng.JDBCReader - primary key for org.hibernate.mapping.Table(GESTIONE_PROTOCOLLO_TEST.CATEGORIA) -> org.hibernate.mapping.PrimaryKey(CATEGORIA[org.hibernate.mapping.Column(ID)]) as CATEGORIA_PK
 DEBUG[2008-01-21 13:03:23,607] org.hibernate.cfg.reveng.dialect.JDBCMetaDataDialect - getIndexInfo(null.GESTIONE_PROTOCOLLO_TEST.CATEGORIA)
 DEBUG[2008-01-21 13:03:24,945] org.hibernate.cfg.reveng.JDBCReader - Finding columns for GESTIONE_PROTOCOLLO_TEST.DOCUMENTO
 DEBUG[2008-01-21 13:03:24,946] org.hibernate.cfg.reveng.dialect.JDBCMetaDataDialect - getColumns(null.GESTIONE_PROTOCOLLO_TEST.DOCUMENTO.null)
 DEBUG[2008-01-21 13:03:24,982] org.hibernate.cfg.reveng.dialect.JDBCMetaDataDialect - getPrimaryKeys(null.GESTIONE_PROTOCOLLO_TEST.DOCUMENTO)
 DEBUG[2008-01-21 13:03:25,005] org.hibernate.cfg.reveng.JDBCReader - primary key for org.hibernate.mapping.Table(GESTIONE_PROTOCOLLO_TEST.DOCUMENTO) -> org.hibernate.mapping.PrimaryKey(DOCUMENTO[org.hibernate.mapping.Column(ID)]) as DOCUMENTO_PK
 DEBUG[2008-01-21 13:03:25,010] org.hibernate.cfg.reveng.dialect.JDBCMetaDataDialect - getIndexInfo(null.GESTIONE_PROTOCOLLO_TEST.DOCUMENTO)
 DEBUG[2008-01-21 13:03:26,278] org.hibernate.cfg.reveng.JDBCReader - Finding columns for GESTIONE_PROTOCOLLO_TEST.LEGAME
 DEBUG[2008-01-21 13:03:26,278] org.hibernate.cfg.reveng.dialect.JDBCMetaDataDialect - getColumns(null.GESTIONE_PROTOCOLLO_TEST.LEGAME.null)
 DEBUG[2008-01-21 13:03:26,316] org.hibernate.cfg.reveng.dialect.JDBCMetaDataDialect - getPrimaryKeys(null.GESTIONE_PROTOCOLLO_TEST.LEGAME)
 DEBUG[2008-01-21 13:03:26,336] org.hibernate.cfg.reveng.JDBCReader - primary key for org.hibernate.mapping.Table(GESTIONE_PROTOCOLLO_TEST.LEGAME) -> org.hibernate.mapping.PrimaryKey(LEGAME[org.hibernate.mapping.Column(ID)]) as LEGAME_PK
 DEBUG[2008-01-21 13:03:26,336] org.hibernate.cfg.reveng.dialect.JDBCMetaDataDialect - getIndexInfo(null.GESTIONE_PROTOCOLLO_TEST.LEGAME)
 DEBUG[2008-01-21 13:03:27,685] org.hibernate.cfg.reveng.JDBCReader - Finding columns for GESTIONE_PROTOCOLLO_TEST.LEGAME_PROTOCOLLO
 DEBUG[2008-01-21 13:03:27,686] org.hibernate.cfg.reveng.dialect.JDBCMetaDataDialect - getColumns(null.GESTIONE_PROTOCOLLO_TEST.LEGAME_PROTOCOLLO.null)
 DEBUG[2008-01-21 13:03:27,697] org.hibernate.cfg.reveng.dialect.JDBCMetaDataDialect - getPrimaryKeys(null.GESTIONE_PROTOCOLLO_TEST.LEGAME_PROTOCOLLO)
 DEBUG[2008-01-21 13:03:27,717] org.hibernate.cfg.reveng.JDBCReader - primary key for org.hibernate.mapping.Table(GESTIONE_PROTOCOLLO_TEST.LEGAME_PROTOCOLLO) -> org.hibernate.mapping.PrimaryKey(LEGAME_PROTOCOLLO[org.hibernate.mapping.Column(LEGAME_ID), org.hibernate.mapping.Column(PROTOCOLLO_ID)]) as LEGAME_PROTOCOLLO_PK
 DEBUG[2008-01-21 13:03:27,717] org.hibernate.cfg.reveng.dialect.JDBCMetaDataDialect - getIndexInfo(null.GESTIONE_PROTOCOLLO_TEST.LEGAME_PROTOCOLLO)
 DEBUG[2008-01-21 13:03:28,886] org.hibernate.cfg.reveng.JDBCReader - Finding columns for GESTIONE_PROTOCOLLO_TEST.LEGAME_PROTOCOLLO_HIS
 DEBUG[2008-01-21 13:03:28,887] org.hibernate.cfg.reveng.dialect.JDBCMetaDataDialect - getColumns(null.GESTIONE_PROTOCOLLO_TEST.LEGAME_PROTOCOLLO_HIS.null)
 DEBUG[2008-01-21 13:03:28,897] org.hibernate.cfg.reveng.dialect.JDBCMetaDataDialect - getPrimaryKeys(null.GESTIONE_PROTOCOLLO_TEST.LEGAME_PROTOCOLLO_HIS)
 DEBUG[2008-01-21 13:03:28,916] org.hibernate.cfg.reveng.JDBCReader - primary key for org.hibernate.mapping.Table(GESTIONE_PROTOCOLLO_TEST.LEGAME_PROTOCOLLO_HIS) -> org.hibernate.mapping.PrimaryKey(LEGAME_PROTOCOLLO_HIS[org.hibernate.mapping.Column(LEGAME_ID), org.hibernate.mapping.Column(PROTOCOLLO_HIS_ID)]) as LEGAME_PROTOCOLLO_HIS_PK
 DEBUG[2008-01-21 13:03:28,916] org.hibernate.cfg.reveng.dialect.JDBCMetaDataDialect - getIndexInfo(null.GESTIONE_PROTOCOLLO_TEST.LEGAME_PROTOCOLLO_HIS)
 DEBUG[2008-01-21 13:03:30,275] org.hibernate.cfg.reveng.JDBCReader - Finding columns for GESTIONE_PROTOCOLLO_TEST.MITTENTE
 DEBUG[2008-01-21 13:03:30,277] org.hibernate.cfg.reveng.dialect.JDBCMetaDataDialect - getColumns(null.GESTIONE_PROTOCOLLO_TEST.MITTENTE.null)
 DEBUG[2008-01-21 13:03:30,319] org.hibernate.cfg.reveng.dialect.JDBCMetaDataDialect - getPrimaryKeys(null.GESTIONE_PROTOCOLLO_TEST.MITTENTE)
 DEBUG[2008-01-21 13:03:30,324] org.hibernate.cfg.reveng.JDBCReader - primary key for org.hibernate.mapping.Table(GESTIONE_PROTOCOLLO_TEST.MITTENTE) -> org.hibernate.mapping.PrimaryKey(MITTENTE[org.hibernate.mapping.Column(ID)]) as MITTENTE_PK
 DEBUG[2008-01-21 13:03:30,324] org.hibernate.cfg.reveng.dialect.JDBCMetaDataDialect - getIndexInfo(null.GESTIONE_PROTOCOLLO_TEST.MITTENTE)
 DEBUG[2008-01-21 13:03:31,536] org.hibernate.cfg.reveng.JDBCReader - Finding columns for GESTIONE_PROTOCOLLO_TEST.PROFILO
 DEBUG[2008-01-21 13:03:31,537] org.hibernate.cfg.reveng.dialect.JDBCMetaDataDialect - getColumns(null.GESTIONE_PROTOCOLLO_TEST.PROFILO.null)
 DEBUG[2008-01-21 13:03:31,561] org.hibernate.cfg.reveng.dialect.JDBCMetaDataDialect - getPrimaryKeys(null.GESTIONE_PROTOCOLLO_TEST.PROFILO)
 DEBUG[2008-01-21 13:03:31,576] org.hibernate.cfg.reveng.JDBCReader - primary key for org.hibernate.mapping.Table(GESTIONE_PROTOCOLLO_TEST.PROFILO) -> org.hibernate.mapping.PrimaryKey(PROFILO[org.hibernate.mapping.Column(ID)]) as PROFILO_PK
 DEBUG[2008-01-21 13:03:31,576] org.hibernate.cfg.reveng.dialect.JDBCMetaDataDialect - getIndexInfo(null.GESTIONE_PROTOCOLLO_TEST.PROFILO)
 DEBUG[2008-01-21 13:03:32,786] org.hibernate.cfg.reveng.JDBCReader - Finding columns for GESTIONE_PROTOCOLLO_TEST.PROTOCOLLO
 DEBUG[2008-01-21 13:03:32,786] org.hibernate.cfg.reveng.dialect.JDBCMetaDataDialect - getColumns(null.GESTIONE_PROTOCOLLO_TEST.PROTOCOLLO.null)
 DEBUG[2008-01-21 13:03:32,891] org.hibernate.cfg.reveng.dialect.JDBCMetaDataDialect - getPrimaryKeys(null.GESTIONE_PROTOCOLLO_TEST.PROTOCOLLO)
 DEBUG[2008-01-21 13:03:32,896] org.hibernate.cfg.reveng.JDBCReader - primary key for org.hibernate.mapping.Table(GESTIONE_PROTOCOLLO_TEST.PROTOCOLLO) -> org.hibernate.mapping.PrimaryKey(PROTOCOLLO[org.hibernate.mapping.Column(ID)]) as PROTOCOLLO_PK
 DEBUG[2008-01-21 13:03:32,896] org.hibernate.cfg.reveng.dialect.JDBCMetaDataDialect - getIndexInfo(null.GESTIONE_PROTOCOLLO_TEST.PROTOCOLLO)
 DEBUG[2008-01-21 13:03:34,114] org.hibernate.cfg.reveng.JDBCReader - Finding columns for GESTIONE_PROTOCOLLO_TEST.PROTOCOLLO_HIS
 DEBUG[2008-01-21 13:03:34,114] org.hibernate.cfg.reveng.dialect.JDBCMetaDataDialect - getColumns(null.GESTIONE_PROTOCOLLO_TEST.PROTOCOLLO_HIS.null)
 DEBUG[2008-01-21 13:03:34,201] org.hibernate.cfg.reveng.dialect.JDBCMetaDataDialect - getPrimaryKeys(null.GESTIONE_PROTOCOLLO_TEST.PROTOCOLLO_HIS)
 DEBUG[2008-01-21 13:03:34,205] org.hibernate.cfg.reveng.JDBCReader - primary key for org.hibernate.mapping.Table(GESTIONE_PROTOCOLLO_TEST.PROTOCOLLO_HIS) -> org.hibernate.mapping.PrimaryKey(PROTOCOLLO_HIS[org.hibernate.mapping.Column(ID)]) as PROTOCOLLO_HIS_PK
 DEBUG[2008-01-21 13:03:34,205] org.hibernate.cfg.reveng.dialect.JDBCMetaDataDialect - getIndexInfo(null.GESTIONE_PROTOCOLLO_TEST.PROTOCOLLO_HIS)
 DEBUG[2008-01-21 13:03:35,459] org.hibernate.cfg.reveng.JDBCReader - Finding columns for GESTIONE_PROTOCOLLO_TEST.RISERVATEZZA
 DEBUG[2008-01-21 13:03:35,459] org.hibernate.cfg.reveng.dialect.JDBCMetaDataDialect - getColumns(null.GESTIONE_PROTOCOLLO_TEST.RISERVATEZZA.null)
 DEBUG[2008-01-21 13:03:35,485] org.hibernate.cfg.reveng.dialect.JDBCMetaDataDialect - getPrimaryKeys(null.GESTIONE_PROTOCOLLO_TEST.RISERVATEZZA)
 DEBUG[2008-01-21 13:03:35,505] org.hibernate.cfg.reveng.JDBCReader - primary key for org.hibernate.mapping.Table(GESTIONE_PROTOCOLLO_TEST.RISERVATEZZA) -> org.hibernate.mapping.PrimaryKey(RISERVATEZZA[org.hibernate.mapping.Column(ID)]) as RISERVATEZZA_PK
 DEBUG[2008-01-21 13:03:35,506] org.hibernate.cfg.reveng.dialect.JDBCMetaDataDialect - getIndexInfo(null.GESTIONE_PROTOCOLLO_TEST.RISERVATEZZA)
 DEBUG[2008-01-21 13:03:36,703] org.hibernate.cfg.reveng.JDBCReader - Finding columns for GESTIONE_PROTOCOLLO_TEST.UFFICIO
 DEBUG[2008-01-21 13:03:36,704] org.hibernate.cfg.reveng.dialect.JDBCMetaDataDialect - getColumns(null.GESTIONE_PROTOCOLLO_TEST.UFFICIO.null)
 DEBUG[2008-01-21 13:03:36,732] org.hibernate.cfg.reveng.dialect.JDBCMetaDataDialect - getPrimaryKeys(null.GESTIONE_PROTOCOLLO_TEST.UFFICIO)
 DEBUG[2008-01-21 13:03:36,750] org.hibernate.cfg.reveng.JDBCReader - primary key for org.hibernate.mapping.Table(GESTIONE_PROTOCOLLO_TEST.UFFICIO) -> org.hibernate.mapping.PrimaryKey(UFFICIO[org.hibernate.mapping.Column(ID)]) as UFFICIO_PK
 DEBUG[2008-01-21 13:03:36,752] org.hibernate.cfg.reveng.dialect.JDBCMetaDataDialect - getIndexInfo(null.GESTIONE_PROTOCOLLO_TEST.UFFICIO)
 DEBUG[2008-01-21 13:03:37,945] org.hibernate.cfg.reveng.JDBCReader - Finding columns for GESTIONE_PROTOCOLLO_TEST.UFFICIO_ESTERO
 DEBUG[2008-01-21 13:03:37,946] org.hibernate.cfg.reveng.dialect.JDBCMetaDataDialect - getColumns(null.GESTIONE_PROTOCOLLO_TEST.UFFICIO_ESTERO.null)
 DEBUG[2008-01-21 13:03:37,978] org.hibernate.cfg.reveng.dialect.JDBCMetaDataDialect - getPrimaryKeys(null.GESTIONE_PROTOCOLLO_TEST.UFFICIO_ESTERO)
 DEBUG[2008-01-21 13:03:37,987] org.hibernate.cfg.reveng.JDBCReader - primary key for org.hibernate.mapping.Table(GESTIONE_PROTOCOLLO_TEST.UFFICIO_ESTERO) -> org.hibernate.mapping.PrimaryKey(UFFICIO_ESTERO[org.hibernate.mapping.Column(ID)]) as UFFICIO_ESTERO_PK
 DEBUG[2008-01-21 13:03:37,987] org.hibernate.cfg.reveng.dialect.JDBCMetaDataDialect - getIndexInfo(null.GESTIONE_PROTOCOLLO_TEST.UFFICIO_ESTERO)
 DEBUG[2008-01-21 13:03:39,023] org.hibernate.cfg.reveng.JDBCReader - Finding columns for GESTIONE_PROTOCOLLO_TEST.UFFICIO_ESTERO_PROTOCOLLO
 DEBUG[2008-01-21 13:03:39,024] org.hibernate.cfg.reveng.dialect.JDBCMetaDataDialect - getColumns(null.GESTIONE_PROTOCOLLO_TEST.UFFICIO_ESTERO_PROTOCOLLO.null)
 DEBUG[2008-01-21 13:03:39,048] org.hibernate.cfg.reveng.dialect.JDBCMetaDataDialect - getPrimaryKeys(null.GESTIONE_PROTOCOLLO_TEST.UFFICIO_ESTERO_PROTOCOLLO)
 DEBUG[2008-01-21 13:03:39,057] org.hibernate.cfg.reveng.JDBCReader - primary key for org.hibernate.mapping.Table(GESTIONE_PROTOCOLLO_TEST.UFFICIO_ESTERO_PROTOCOLLO) -> org.hibernate.mapping.PrimaryKey(UFFICIO_ESTERO_PROTOCOLLO[org.hibernate.mapping.Column(UFFICIO_ESTERNO_ID), org.hibernate.mapping.Column(PROTOCOLLO_ID)]) as UFFICIO_ESTERNO_PROTOCOLLO_PK
 DEBUG[2008-01-21 13:03:39,057] org.hibernate.cfg.reveng.dialect.JDBCMetaDataDialect - getIndexInfo(null.GESTIONE_PROTOCOLLO_TEST.UFFICIO_ESTERO_PROTOCOLLO)
 DEBUG[2008-01-21 13:03:40,460] org.hibernate.cfg.reveng.JDBCReader - Finding columns for GESTIONE_PROTOCOLLO_TEST.UFFICIO_ESTERO_PROTOCOLLO_HIS
 DEBUG[2008-01-21 13:03:40,460] org.hibernate.cfg.reveng.dialect.JDBCMetaDataDialect - getColumns(null.GESTIONE_PROTOCOLLO_TEST.UFFICIO_ESTERO_PROTOCOLLO_HIS.null)
 DEBUG[2008-01-21 13:03:40,469] org.hibernate.cfg.reveng.dialect.JDBCMetaDataDialect - getPrimaryKeys(null.GESTIONE_PROTOCOLLO_TEST.UFFICIO_ESTERO_PROTOCOLLO_HIS)
 DEBUG[2008-01-21 13:03:40,473] org.hibernate.cfg.reveng.JDBCReader - primary key for org.hibernate.mapping.Table(GESTIONE_PROTOCOLLO_TEST.UFFICIO_ESTERO_PROTOCOLLO_HIS) -> org.hibernate.mapping.PrimaryKey(UFFICIO_ESTERO_PROTOCOLLO_HIS[org.hibernate.mapping.Column(UFFICIO_ESTERO_ID), org.hibernate.mapping.Column(PROTOCOLLO_HIS_ID)]) as UFFICIO_ESTERO_PROTOCOLLO_H_PK
 DEBUG[2008-01-21 13:03:40,473] org.hibernate.cfg.reveng.dialect.JDBCMetaDataDialect - getIndexInfo(null.GESTIONE_PROTOCOLLO_TEST.UFFICIO_ESTERO_PROTOCOLLO_HIS)
 DEBUG[2008-01-21 13:03:41,825] org.hibernate.cfg.reveng.JDBCReader - Finding columns for GESTIONE_PROTOCOLLO_TEST.UFFICIO_PROTOCOLLO
 DEBUG[2008-01-21 13:03:41,826] org.hibernate.cfg.reveng.dialect.JDBCMetaDataDialect - getColumns(null.GESTIONE_PROTOCOLLO_TEST.UFFICIO_PROTOCOLLO.null)
 DEBUG[2008-01-21 13:03:41,849] org.hibernate.cfg.reveng.dialect.JDBCMetaDataDialect - getPrimaryKeys(null.GESTIONE_PROTOCOLLO_TEST.UFFICIO_PROTOCOLLO)
 DEBUG[2008-01-21 13:03:41,871] org.hibernate.cfg.reveng.JDBCReader - primary key for org.hibernate.mapping.Table(GESTIONE_PROTOCOLLO_TEST.UFFICIO_PROTOCOLLO) -> org.hibernate.mapping.PrimaryKey(UFFICIO_PROTOCOLLO[org.hibernate.mapping.Column(UFFICIO_ID), org.hibernate.mapping.Column(PROTOCOLLO_ID)]) as UFFICIO_PROTOCOLLO_PK
 DEBUG[2008-01-21 13:03:41,872] org.hibernate.cfg.reveng.dialect.JDBCMetaDataDialect - getIndexInfo(null.GESTIONE_PROTOCOLLO_TEST.UFFICIO_PROTOCOLLO)
 DEBUG[2008-01-21 13:03:43,219] org.hibernate.cfg.reveng.JDBCReader - Finding columns for GESTIONE_PROTOCOLLO_TEST.UFFICIO_PROTOCOLLO_HIS
 DEBUG[2008-01-21 13:03:43,219] org.hibernate.cfg.reveng.dialect.JDBCMetaDataDialect - getColumns(null.GESTIONE_PROTOCOLLO_TEST.UFFICIO_PROTOCOLLO_HIS.null)
 DEBUG[2008-01-21 13:03:43,244] org.hibernate.cfg.reveng.dialect.JDBCMetaDataDialect - getPrimaryKeys(null.GESTIONE_PROTOCOLLO_TEST.UFFICIO_PROTOCOLLO_HIS)
 DEBUG[2008-01-21 13:03:43,257] org.hibernate.cfg.reveng.JDBCReader - primary key for org.hibernate.mapping.Table(GESTIONE_PROTOCOLLO_TEST.UFFICIO_PROTOCOLLO_HIS) -> org.hibernate.mapping.PrimaryKey(UFFICIO_PROTOCOLLO_HIS[org.hibernate.mapping.Column(UFFICIO_ID), org.hibernate.mapping.Column(PROTOCOLLO_HIS_ID)]) as UFFICIO_PROTOCOLLO_HIS_PK
 DEBUG[2008-01-21 13:03:43,257] org.hibernate.cfg.reveng.dialect.JDBCMetaDataDialect - getIndexInfo(null.GESTIONE_PROTOCOLLO_TEST.UFFICIO_PROTOCOLLO_HIS)
 DEBUG[2008-01-21 13:03:44,503] org.hibernate.cfg.reveng.JDBCReader - Finding columns for GESTIONE_PROTOCOLLO_TEST.UTENTE
 DEBUG[2008-01-21 13:03:44,503] org.hibernate.cfg.reveng.dialect.JDBCMetaDataDialect - getColumns(null.GESTIONE_PROTOCOLLO_TEST.UTENTE.null)
 DEBUG[2008-01-21 13:03:44,578] org.hibernate.cfg.reveng.dialect.JDBCMetaDataDialect - getPrimaryKeys(null.GESTIONE_PROTOCOLLO_TEST.UTENTE)
 DEBUG[2008-01-21 13:03:44,588] org.hibernate.cfg.reveng.JDBCReader - primary key for org.hibernate.mapping.Table(GESTIONE_PROTOCOLLO_TEST.UTENTE) -> org.hibernate.mapping.PrimaryKey(UTENTE[org.hibernate.mapping.Column(ID)]) as UTENTE_PK
 DEBUG[2008-01-21 13:03:44,589] org.hibernate.cfg.reveng.dialect.JDBCMetaDataDialect - getIndexInfo(null.GESTIONE_PROTOCOLLO_TEST.UTENTE)
 DEBUG[2008-01-21 13:03:45,810] org.hibernate.cfg.reveng.JDBCReader - Finding columns for GESTIONE_PROTOCOLLO_TEST.UTENTE_PROFILO
 DEBUG[2008-01-21 13:03:45,811] org.hibernate.cfg.reveng.dialect.JDBCMetaDataDialect - getColumns(null.GESTIONE_PROTOCOLLO_TEST.UTENTE_PROFILO.null)
 DEBUG[2008-01-21 13:03:45,840] org.hibernate.cfg.reveng.dialect.JDBCMetaDataDialect - getPrimaryKeys(null.GESTIONE_PROTOCOLLO_TEST.UTENTE_PROFILO)
 DEBUG[2008-01-21 13:03:45,860] org.hibernate.cfg.reveng.JDBCReader - primary key for org.hibernate.mapping.Table(GESTIONE_PROTOCOLLO_TEST.UTENTE_PROFILO) -> org.hibernate.mapping.PrimaryKey(UTENTE_PROFILO[org.hibernate.mapping.Column(UTENTE_ID), org.hibernate.mapping.Column(PROFILO_ID)]) as UTENTE_PROFILO_PK
 DEBUG[2008-01-21 13:03:45,860] org.hibernate.cfg.reveng.dialect.JDBCMetaDataDialect - getIndexInfo(null.GESTIONE_PROTOCOLLO_TEST.UTENTE_PROFILO)
 DEBUG[2008-01-21 13:03:47,010] org.hibernate.cfg.reveng.JDBCReader - Calling getExportedKeys on org.hibernate.mapping.Table(GESTIONE_PROTOCOLLO_TEST.ARCHIVIO)
 DEBUG[2008-01-21 13:03:47,010] org.hibernate.cfg.reveng.dialect.JDBCMetaDataDialect - getExportedKeys(null.GESTIONE_PROTOCOLLO_TEST.ARCHIVIO)
 DEBUG[2008-01-21 13:04:15,153] org.hibernate.cfg.reveng.JDBCReader - foreign key name: PROTOCOLLO_FK1
 DEBUG[2008-01-21 13:04:15,153] org.hibernate.cfg.reveng.JDBCReader - foreign key name: PROTOCOLLO_HIS_FK1
 DEBUG[2008-01-21 13:04:15,159] org.hibernate.cfg.reveng.JDBCReader - Calling getExportedKeys on org.hibernate.mapping.Table(GESTIONE_PROTOCOLLO_TEST.CATEGORIA)
 DEBUG[2008-01-21 13:04:15,159] org.hibernate.cfg.reveng.dialect.JDBCMetaDataDialect - getExportedKeys(null.GESTIONE_PROTOCOLLO_TEST.CATEGORIA)
 DEBUG[2008-01-21 13:04:15,377] org.hibernate.cfg.reveng.JDBCReader - foreign key name: CATEGORIA_FK1
 DEBUG[2008-01-21 13:04:15,378] org.hibernate.cfg.reveng.JDBCReader - foreign key name: PROTOCOLLO_FK2
 DEBUG[2008-01-21 13:04:15,378] org.hibernate.cfg.reveng.JDBCReader - foreign key name: PROTOCOLLO_HIS_FK2
 DEBUG[2008-01-21 13:04:15,378] org.hibernate.cfg.reveng.JDBCReader - Calling getExportedKeys on org.hibernate.mapping.Table(GESTIONE_PROTOCOLLO_TEST.DOCUMENTO)
 DEBUG[2008-01-21 13:04:15,378] org.hibernate.cfg.reveng.dialect.JDBCMetaDataDialect - getExportedKeys(null.GESTIONE_PROTOCOLLO_TEST.DOCUMENTO)
 DEBUG[2008-01-21 13:04:15,511] org.hibernate.cfg.reveng.JDBCReader - Calling getExportedKeys on org.hibernate.mapping.Table(GESTIONE_PROTOCOLLO_TEST.LEGAME)
 DEBUG[2008-01-21 13:04:15,511] org.hibernate.cfg.reveng.dialect.JDBCMetaDataDialect - getExportedKeys(null.GESTIONE_PROTOCOLLO_TEST.LEGAME)
 DEBUG[2008-01-21 13:04:15,639] org.hibernate.cfg.reveng.JDBCReader - foreign key name: LEGAME_PROTOCOLLO_FK1
 DEBUG[2008-01-21 13:04:15,640] org.hibernate.cfg.reveng.JDBCReader - foreign key name: LEGAME_PROTOCOLLO_HIS_FK1
 DEBUG[2008-01-21 13:04:15,640] org.hibernate.cfg.reveng.JDBCReader - Calling getExportedKeys on org.hibernate.mapping.Table(GESTIONE_PROTOCOLLO_TEST.LEGAME_PROTOCOLLO)
 DEBUG[2008-01-21 13:04:15,640] org.hibernate.cfg.reveng.dialect.JDBCMetaDataDialect - getExportedKeys(null.GESTIONE_PROTOCOLLO_TEST.LEGAME_PROTOCOLLO)
 DEBUG[2008-01-21 13:04:15,770] org.hibernate.cfg.reveng.JDBCReader - Calling getExportedKeys on org.hibernate.mapping.Table(GESTIONE_PROTOCOLLO_TEST.LEGAME_PROTOCOLLO_HIS)
 DEBUG[2008-01-21 13:04:15,770] org.hibernate.cfg.reveng.dialect.JDBCMetaDataDialect - getExportedKeys(null.GESTIONE_PROTOCOLLO_TEST.LEGAME_PROTOCOLLO_HIS)
 DEBUG[2008-01-21 13:04:15,957] org.hibernate.cfg.reveng.JDBCReader - Calling getExportedKeys on org.hibernate.mapping.Table(GESTIONE_PROTOCOLLO_TEST.MITTENTE)
 DEBUG[2008-01-21 13:04:15,958] org.hibernate.cfg.reveng.dialect.JDBCMetaDataDialect - getExportedKeys(null.GESTIONE_PROTOCOLLO_TEST.MITTENTE)
 DEBUG[2008-01-21 13:04:16,086] org.hibernate.cfg.reveng.JDBCReader - foreign key name: PROTOCOLLO_FK3
 DEBUG[2008-01-21 13:04:16,086] org.hibernate.cfg.reveng.JDBCReader - foreign key name: PROTOCOLLO_HIS_FK3
 DEBUG[2008-01-21 13:04:16,087] org.hibernate.cfg.reveng.JDBCReader - Calling getExportedKeys on org.hibernate.mapping.Table(GESTIONE_PROTOCOLLO_TEST.PROFILO)
 DEBUG[2008-01-21 13:04:16,087] org.hibernate.cfg.reveng.dialect.JDBCMetaDataDialect - getExportedKeys(null.GESTIONE_PROTOCOLLO_TEST.PROFILO)
 DEBUG[2008-01-21 13:04:16,174] org.hibernate.cfg.reveng.JDBCReader - foreign key name: UTENTE_PROFILO_FK2
 DEBUG[2008-01-21 13:04:16,174] org.hibernate.cfg.reveng.JDBCReader - Calling getExportedKeys on org.hibernate.mapping.Table(GESTIONE_PROTOCOLLO_TEST.PROTOCOLLO)
 DEBUG[2008-01-21 13:04:16,174] org.hibernate.cfg.reveng.dialect.JDBCMetaDataDialect - getExportedKeys(null.GESTIONE_PROTOCOLLO_TEST.PROTOCOLLO)
 DEBUG[2008-01-21 13:04:16,326] org.hibernate.cfg.reveng.JDBCReader - foreign key name: DOCUMENTO_FK1
 DEBUG[2008-01-21 13:04:16,326] org.hibernate.cfg.reveng.JDBCReader - foreign key name: LEGAME_PROTOCOLLO_FK2
 DEBUG[2008-01-21 13:04:16,326] org.hibernate.cfg.reveng.JDBCReader - foreign key name: PROTOCOLLO_HIS_FK7
 DEBUG[2008-01-21 13:04:16,327] org.hibernate.cfg.reveng.JDBCReader - foreign key name: UFFICIO_ESTERNO_PROTOCOLLO_FK2
 DEBUG[2008-01-21 13:04:16,327] org.hibernate.cfg.reveng.JDBCReader - foreign key name: UFFICIO_PROTOCOLLO_FK2
 DEBUG[2008-01-21 13:04:16,327] org.hibernate.cfg.reveng.JDBCReader - Calling getExportedKeys on org.hibernate.mapping.Table(GESTIONE_PROTOCOLLO_TEST.PROTOCOLLO_HIS)
 DEBUG[2008-01-21 13:04:16,329] org.hibernate.cfg.reveng.dialect.JDBCMetaDataDialect - getExportedKeys(null.GESTIONE_PROTOCOLLO_TEST.PROTOCOLLO_HIS)
 DEBUG[2008-01-21 13:04:16,376] org.hibernate.cfg.reveng.JDBCReader - foreign key name: LEGAME_PROTOCOLLO_HIS_FK2
 DEBUG[2008-01-21 13:04:16,376] org.hibernate.cfg.reveng.JDBCReader - foreign key name: UFFICIO_ESTERO_PROT_H_FK2
 DEBUG[2008-01-21 13:04:16,378] org.hibernate.cfg.reveng.JDBCReader - foreign key name: UFFICIO_PROTOCOLLO_HIS_FK2
 DEBUG[2008-01-21 13:04:16,379] org.hibernate.cfg.reveng.JDBCReader - Calling getExportedKeys on org.hibernate.mapping.Table(GESTIONE_PROTOCOLLO_TEST.RISERVATEZZA)
 DEBUG[2008-01-21 13:04:16,379] org.hibernate.cfg.reveng.dialect.JDBCMetaDataDialect - getExportedKeys(null.GESTIONE_PROTOCOLLO_TEST.RISERVATEZZA)
 DEBUG[2008-01-21 13:04:16,456] org.hibernate.cfg.reveng.JDBCReader - foreign key name: PROTOCOLLO_FK6
 DEBUG[2008-01-21 13:04:16,457] org.hibernate.cfg.reveng.JDBCReader - foreign key name: PROTOCOLLO_HIS_FK6
 DEBUG[2008-01-21 13:04:16,457] org.hibernate.cfg.reveng.JDBCReader - Calling getExportedKeys on org.hibernate.mapping.Table(GESTIONE_PROTOCOLLO_TEST.UFFICIO)
 DEBUG[2008-01-21 13:04:16,457] org.hibernate.cfg.reveng.dialect.JDBCMetaDataDialect - getExportedKeys(null.GESTIONE_PROTOCOLLO_TEST.UFFICIO)
 DEBUG[2008-01-21 13:04:16,537] org.hibernate.cfg.reveng.JDBCReader - foreign key name: UFFICIO_PROTOCOLLO_FK1
 DEBUG[2008-01-21 13:04:16,538] org.hibernate.cfg.reveng.JDBCReader - foreign key name: UFFICIO_PROTOCOLLO_HIS_FK1
 DEBUG[2008-01-21 13:04:16,538] org.hibernate.cfg.reveng.JDBCReader - Calling getExportedKeys on org.hibernate.mapping.Table(GESTIONE_PROTOCOLLO_TEST.UFFICIO_ESTERO)
 DEBUG[2008-01-21 13:04:16,538] org.hibernate.cfg.reveng.dialect.JDBCMetaDataDialect - getExportedKeys(null.GESTIONE_PROTOCOLLO_TEST.UFFICIO_ESTERO)
 DEBUG[2008-01-21 13:04:16,620] org.hibernate.cfg.reveng.JDBCReader - foreign key name: UFFICIO_ESTERNO_PROTOCOLLO_FK1
 DEBUG[2008-01-21 13:04:16,620] org.hibernate.cfg.reveng.JDBCReader - foreign key name: UFFICIO_ESTERO_PROT_H_FK1
 DEBUG[2008-01-21 13:04:16,620] org.hibernate.cfg.reveng.JDBCReader - Calling getExportedKeys on org.hibernate.mapping.Table(GESTIONE_PROTOCOLLO_TEST.UFFICIO_ESTERO_PROTOCOLLO)
 DEBUG[2008-01-21 13:04:16,621] org.hibernate.cfg.reveng.dialect.JDBCMetaDataDialect - getExportedKeys(null.GESTIONE_PROTOCOLLO_TEST.UFFICIO_ESTERO_PROTOCOLLO)
 DEBUG[2008-01-21 13:04:16,683] org.hibernate.cfg.reveng.JDBCReader - Calling getExportedKeys on org.hibernate.mapping.Table(GESTIONE_PROTOCOLLO_TEST.UFFICIO_ESTERO_PROTOCOLLO_HIS)
 DEBUG[2008-01-21 13:04:16,683] org.hibernate.cfg.reveng.dialect.JDBCMetaDataDialect - getExportedKeys(null.GESTIONE_PROTOCOLLO_TEST.UFFICIO_ESTERO_PROTOCOLLO_HIS)
 DEBUG[2008-01-21 13:04:16,753] org.hibernate.cfg.reveng.JDBCReader - Calling getExportedKeys on org.hibernate.mapping.Table(GESTIONE_PROTOCOLLO_TEST.UFFICIO_PROTOCOLLO)
 DEBUG[2008-01-21 13:04:16,754] org.hibernate.cfg.reveng.dialect.JDBCMetaDataDialect - getExportedKeys(null.GESTIONE_PROTOCOLLO_TEST.UFFICIO_PROTOCOLLO)
 DEBUG[2008-01-21 13:04:16,780] org.hibernate.cfg.reveng.JDBCReader - Calling getExportedKeys on org.hibernate.mapping.Table(GESTIONE_PROTOCOLLO_TEST.UFFICIO_PROTOCOLLO_HIS)
 DEBUG[2008-01-21 13:04:16,780] org.hibernate.cfg.reveng.dialect.JDBCMetaDataDialect - getExportedKeys(null.GESTIONE_PROTOCOLLO_TEST.UFFICIO_PROTOCOLLO_HIS)
 DEBUG[2008-01-21 13:04:16,813] org.hibernate.cfg.reveng.JDBCReader - Calling getExportedKeys on org.hibernate.mapping.Table(GESTIONE_PROTOCOLLO_TEST.UTENTE)
 DEBUG[2008-01-21 13:04:16,814] org.hibernate.cfg.reveng.dialect.JDBCMetaDataDialect - getExportedKeys(null.GESTIONE_PROTOCOLLO_TEST.UTENTE)
 DEBUG[2008-01-21 13:04:16,854] org.hibernate.cfg.reveng.JDBCReader - foreign key name: LEGAME
 DEBUG[2008-01-21 13:04:16,855] org.hibernate.cfg.reveng.JDBCReader - foreign key name: LEGAME_FK2
 DEBUG[2008-01-21 13:04:16,855] org.hibernate.cfg.reveng.JDBCReader - foreign key name: PROTOCOLLO_FK4
 DEBUG[2008-01-21 13:04:16,855] org.hibernate.cfg.reveng.JDBCReader - foreign key name: PROTOCOLLO_FK5
 DEBUG[2008-01-21 13:04:16,855] org.hibernate.cfg.reveng.JDBCReader - foreign key name: PROTOCOLLO_HIS_FK5
 DEBUG[2008-01-21 13:04:16,856] org.hibernate.cfg.reveng.JDBCReader - foreign key name: PROTOCOLLO_HIS_FK4
 DEBUG[2008-01-21 13:04:16,857] org.hibernate.cfg.reveng.JDBCReader - foreign key name: UFFICIO_FK1
 DEBUG[2008-01-21 13:04:16,857] org.hibernate.cfg.reveng.JDBCReader - foreign key name: UFFICIO_FK2
 DEBUG[2008-01-21 13:04:16,858] org.hibernate.cfg.reveng.JDBCReader - foreign key name: UFFICIO_ESTERO_FK2
 DEBUG[2008-01-21 13:04:16,858] org.hibernate.cfg.reveng.JDBCReader - foreign key name: UFFICIO_ESTERO_FK1
 DEBUG[2008-01-21 13:04:16,860] org.hibernate.cfg.reveng.JDBCReader - foreign key name: UTENTE_PROFILO_FK1
 DEBUG[2008-01-21 13:04:16,860] org.hibernate.cfg.reveng.JDBCReader - Calling getExportedKeys on org.hibernate.mapping.Table(GESTIONE_PROTOCOLLO_TEST.UTENTE_PROFILO)
 DEBUG[2008-01-21 13:04:16,860] org.hibernate.cfg.reveng.dialect.JDBCMetaDataDialect - getExportedKeys(null.GESTIONE_PROTOCOLLO_TEST.UTENTE_PROFILO)
 DEBUG[2008-01-21 13:04:16,902] org.hibernate.cfg.reveng.OverrideRepository - columnToHibernateTypeName, <type-mapping> found: java.lang.Long for Table: GESTIONE_PROTOCOLLO_TEST.ARCHIVIO column: ID
 DEBUG[2008-01-21 13:04:16,967] org.hibernate.cfg.reveng.OverrideRepository - columnToHibernateTypeName, <type-mapping> found: java.lang.Long for Table: GESTIONE_PROTOCOLLO_TEST.ARCHIVIO column: ORDINE
 DEBUG[2008-01-21 13:04:16,969] org.hibernate.cfg.reveng.OverrideRepository - columnToHibernateTypeName, <type-mapping> found: java.lang.Long for Table: GESTIONE_PROTOCOLLO_TEST.ARCHIVIO column: UTENTE_INSERIMENTO_ID
 DEBUG[2008-01-21 13:04:16,969] org.hibernate.cfg.reveng.OverrideRepository - columnToHibernateTypeName, <type-mapping> found: java.lang.Long for Table: GESTIONE_PROTOCOLLO_TEST.ARCHIVIO column: UTENTE_MODIFICA_ID
 DEBUG[2008-01-21 13:04:16,978] org.hibernate.cfg.reveng.OverrideRepository - columnToHibernateTypeName, <type-mapping> found: java.lang.Long for Table: GESTIONE_PROTOCOLLO_TEST.PROTOCOLLO_HIS column: ARCHIVIO_ID
 DEBUG[2008-01-21 13:04:16,983] org.hibernate.cfg.reveng.OverrideRepository - columnToHibernateTypeName, <type-mapping> found: java.lang.Long for Table: GESTIONE_PROTOCOLLO_TEST.PROTOCOLLO column: ARCHIVIO_ID
 DEBUG[2008-01-21 13:04:16,983] org.hibernate.cfg.reveng.OverrideRepository - columnToHibernateTypeName, <type-mapping> found: java.lang.Long for Table: GESTIONE_PROTOCOLLO_TEST.CATEGORIA column: ID
 DEBUG[2008-01-21 13:04:16,985] org.hibernate.cfg.reveng.OverrideRepository - columnToHibernateTypeName, <type-mapping> found: java.lang.Long for Table: GESTIONE_PROTOCOLLO_TEST.CATEGORIA column: UTENTE_INSERIMENTO_ID
 DEBUG[2008-01-21 13:04:16,985] org.hibernate.cfg.reveng.OverrideRepository - columnToHibernateTypeName, <type-mapping> found: java.lang.Long for Table: GESTIONE_PROTOCOLLO_TEST.CATEGORIA column: UTENTE_MODIFICA_ID
 DEBUG[2008-01-21 13:04:16,986] org.hibernate.cfg.reveng.OverrideRepository - columnToHibernateTypeName, <type-mapping> found: java.lang.Long for Table: GESTIONE_PROTOCOLLO_TEST.CATEGORIA column: ID_PADRE
 DEBUG[2008-01-21 13:04:16,987] org.hibernate.cfg.reveng.OverrideRepository - columnToHibernateTypeName, <type-mapping> found: java.lang.Long for Table: GESTIONE_PROTOCOLLO_TEST.PROTOCOLLO column: CATEGORIA_ID
 DEBUG[2008-01-21 13:04:16,988] org.hibernate.cfg.reveng.OverrideRepository - columnToHibernateTypeName, <type-mapping> found: java.lang.Long for Table: GESTIONE_PROTOCOLLO_TEST.PROTOCOLLO_HIS column: CATEGORIA_ID
 DEBUG[2008-01-21 13:04:16,988] org.hibernate.cfg.reveng.OverrideRepository - columnToHibernateTypeName, <type-mapping> found: java.lang.Long for Table: GESTIONE_PROTOCOLLO_TEST.DOCUMENTO column: ID
 DEBUG[2008-01-21 13:04:16,989] org.hibernate.cfg.reveng.OverrideRepository - columnToHibernateTypeName, <type-mapping> found: java.lang.Long for Table: GESTIONE_PROTOCOLLO_TEST.DOCUMENTO column: UTENTE_ISERIMENTO_ID
 DEBUG[2008-01-21 13:04:16,990] org.hibernate.cfg.reveng.OverrideRepository - columnToHibernateTypeName, <type-mapping> found: java.lang.Long for Table: GESTIONE_PROTOCOLLO_TEST.LEGAME column: ID
 DEBUG[2008-01-21 13:04:16,992] org.hibernate.cfg.reveng.OverrideRepository - columnToHibernateTypeName, <type-mapping> found: java.lang.Long for Table: GESTIONE_PROTOCOLLO_TEST.LEGAME_PROTOCOLLO column: LEGAME_ID
 DEBUG[2008-01-21 13:04:16,993] org.hibernate.cfg.reveng.OverrideRepository - columnToHibernateTypeName, <type-mapping> found: java.lang.Long for Table: GESTIONE_PROTOCOLLO_TEST.LEGAME_PROTOCOLLO_HIS column: LEGAME_ID
 DEBUG[2008-01-21 13:04:16,993] org.hibernate.cfg.reveng.OverrideRepository - columnToHibernateTypeName, <type-mapping> found: java.lang.Long for Table: GESTIONE_PROTOCOLLO_TEST.MITTENTE column: ID
 DEBUG[2008-01-21 13:04:16,996] org.hibernate.cfg.reveng.OverrideRepository - columnToHibernateTypeName, <type-mapping> found: java.lang.Long for Table: GESTIONE_PROTOCOLLO_TEST.MITTENTE column: UTENTE_INSERIMENTO_ID
 DEBUG[2008-01-21 13:04:16,997] org.hibernate.cfg.reveng.OverrideRepository - columnToHibernateTypeName, <type-mapping> found: java.lang.Long for Table: GESTIONE_PROTOCOLLO_TEST.MITTENTE column: UTENTE_MODIFICA_ID
 DEBUG[2008-01-21 13:04:16,998] org.hibernate.cfg.reveng.OverrideRepository - columnToHibernateTypeName, <type-mapping> found: java.lang.Long for Table: GESTIONE_PROTOCOLLO_TEST.PROTOCOLLO_HIS column: MITTENTE_ID
 DEBUG[2008-01-21 13:04:16,998] org.hibernate.cfg.reveng.OverrideRepository - columnToHibernateTypeName, <type-mapping> found: java.lang.Long for Table: GESTIONE_PROTOCOLLO_TEST.PROTOCOLLO column: MITTENTE_ID
 DEBUG[2008-01-21 13:04:16,999] org.hibernate.cfg.reveng.OverrideRepository - columnToHibernateTypeName, <type-mapping> found: java.lang.Long for Table: GESTIONE_PROTOCOLLO_TEST.PROFILO column: ID
 DEBUG[2008-01-21 13:04:17,001] org.hibernate.cfg.reveng.OverrideRepository - columnToHibernateTypeName, <type-mapping> found: java.lang.Long for Table: GESTIONE_PROTOCOLLO_TEST.UTENTE_PROFILO column: PROFILO_ID
 DEBUG[2008-01-21 13:04:17,001] org.hibernate.cfg.reveng.OverrideRepository - columnToHibernateTypeName, <type-mapping> found: java.lang.Long for Table: GESTIONE_PROTOCOLLO_TEST.PROTOCOLLO column: ID
 DEBUG[2008-01-21 13:04:17,005] org.hibernate.cfg.reveng.OverrideRepository - columnToHibernateTypeName, <type-mapping> found: java.lang.Long for Table: GESTIONE_PROTOCOLLO_TEST.PROTOCOLLO column: NUMERO_PROTOCOLLO
 DEBUG[2008-01-21 13:04:17,006] org.hibernate.cfg.reveng.OverrideRepository - columnToHibernateTypeName, <type-mapping> found: java.lang.Long for Table: GESTIONE_PROTOCOLLO_TEST.PROTOCOLLO column: IDTIPO
 DEBUG[2008-01-21 13:04:17,012] org.hibernate.cfg.reveng.OverrideRepository - columnToHibernateTypeName, <type-mapping> found: java.lang.Long for Table: GESTIONE_PROTOCOLLO_TEST.PROTOCOLLO_HIS column: PROTOCOLLO_ID
 DEBUG[2008-01-21 13:04:17,013] org.hibernate.cfg.reveng.OverrideRepository - columnToHibernateTypeName, <type-mapping> found: java.lang.Long for Table: GESTIONE_PROTOCOLLO_TEST.UFFICIO_PROTOCOLLO column: PROTOCOLLO_ID
 DEBUG[2008-01-21 13:04:17,014] org.hibernate.cfg.reveng.OverrideRepository - columnToHibernateTypeName, <type-mapping> found: java.lang.Long for Table: GESTIONE_PROTOCOLLO_TEST.DOCUMENTO column: PROTOCOLLO_ID
 DEBUG[2008-01-21 13:04:17,014] org.hibernate.cfg.reveng.OverrideRepository - columnToHibernateTypeName, <type-mapping> found: java.lang.Long for Table: GESTIONE_PROTOCOLLO_TEST.UFFICIO_ESTERO_PROTOCOLLO column: PROTOCOLLO_ID
 DEBUG[2008-01-21 13:04:17,017] org.hibernate.cfg.reveng.OverrideRepository - columnToHibernateTypeName, <type-mapping> found: java.lang.Long for Table: GESTIONE_PROTOCOLLO_TEST.LEGAME_PROTOCOLLO column: PROTOCOLLO_ID
 DEBUG[2008-01-21 13:04:17,018] org.hibernate.cfg.reveng.OverrideRepository - columnToHibernateTypeName, <type-mapping> found: java.lang.Long for Table: GESTIONE_PROTOCOLLO_TEST.PROTOCOLLO_HIS column: ID
 DEBUG[2008-01-21 13:04:17,021] org.hibernate.cfg.reveng.OverrideRepository - columnToHibernateTypeName, <type-mapping> found: java.lang.Long for Table: GESTIONE_PROTOCOLLO_TEST.PROTOCOLLO_HIS column: NUMERO_PROTOCOLLO
 DEBUG[2008-01-21 13:04:17,022] org.hibernate.cfg.reveng.OverrideRepository - columnToHibernateTypeName, <type-mapping> found: java.lang.Long for Table: GESTIONE_PROTOCOLLO_TEST.PROTOCOLLO_HIS column: IDTIPO
 DEBUG[2008-01-21 13:04:17,026] org.hibernate.cfg.reveng.OverrideRepository - columnToHibernateTypeName, <type-mapping> found: java.lang.Long for Table: GESTIONE_PROTOCOLLO_TEST.UFFICIO_PROTOCOLLO_HIS column: PROTOCOLLO_HIS_ID
 DEBUG[2008-01-21 13:04:17,026] org.hibernate.cfg.reveng.OverrideRepository - columnToHibernateTypeName, <type-mapping> found: java.lang.Long for Table: GESTIONE_PROTOCOLLO_TEST.LEGAME_PROTOCOLLO_HIS column: PROTOCOLLO_HIS_ID
 DEBUG[2008-01-21 13:04:17,027] org.hibernate.cfg.reveng.OverrideRepository - columnToHibernateTypeName, <type-mapping> found: java.lang.Long for Table: GESTIONE_PROTOCOLLO_TEST.UFFICIO_ESTERO_PROTOCOLLO_HIS column: PROTOCOLLO_HIS_ID
 DEBUG[2008-01-21 13:04:17,028] org.hibernate.cfg.reveng.OverrideRepository - columnToHibernateTypeName, <type-mapping> found: java.lang.Long for Table: GESTIONE_PROTOCOLLO_TEST.RISERVATEZZA column: ID
 DEBUG[2008-01-21 13:04:17,029] org.hibernate.cfg.reveng.OverrideRepository - columnToHibernateTypeName, <type-mapping> found: java.lang.Long for Table: GESTIONE_PROTOCOLLO_TEST.RISERVATEZZA column: LIVELLO
 DEBUG[2008-01-21 13:04:17,030] org.hibernate.cfg.reveng.OverrideRepository - columnToHibernateTypeName, <type-mapping> found: java.lang.Long for Table: GESTIONE_PROTOCOLLO_TEST.PROTOCOLLO_HIS column: RISERVATEZZA_ID
 DEBUG[2008-01-21 13:04:17,031] org.hibernate.cfg.reveng.OverrideRepository - columnToHibernateTypeName, <type-mapping> found: java.lang.Long for Table: GESTIONE_PROTOCOLLO_TEST.PROTOCOLLO column: RISERVATEZZA_ID
 DEBUG[2008-01-21 13:04:17,032] org.hibernate.cfg.reveng.OverrideRepository - columnToHibernateTypeName, <type-mapping> found: java.lang.Long for Table: GESTIONE_PROTOCOLLO_TEST.UFFICIO column: ID
 DEBUG[2008-01-21 13:04:17,038] org.hibernate.cfg.reveng.OverrideRepository - columnToHibernateTypeName, <type-mapping> found: java.lang.Long for Table: GESTIONE_PROTOCOLLO_TEST.UFFICIO_PROTOCOLLO column: UFFICIO_ID
 DEBUG[2008-01-21 13:04:17,039] org.hibernate.cfg.reveng.OverrideRepository - columnToHibernateTypeName, <type-mapping> found: java.lang.Long for Table: GESTIONE_PROTOCOLLO_TEST.UFFICIO_PROTOCOLLO_HIS column: UFFICIO_ID
 DEBUG[2008-01-21 13:04:17,039] org.hibernate.cfg.reveng.OverrideRepository - columnToHibernateTypeName, <type-mapping> found: java.lang.Long for Table: GESTIONE_PROTOCOLLO_TEST.UFFICIO_ESTERO column: ID
 DEBUG[2008-01-21 13:04:17,041] org.hibernate.cfg.reveng.OverrideRepository - columnToHibernateTypeName, <type-mapping> found: java.lang.Long for Table: GESTIONE_PROTOCOLLO_TEST.UFFICIO_ESTERO_PROTOCOLLO column: UFFICIO_ESTERNO_ID
 DEBUG[2008-01-21 13:04:17,042] org.hibernate.cfg.reveng.OverrideRepository - columnToHibernateTypeName, <type-mapping> found: java.lang.Long for Table: GESTIONE_PROTOCOLLO_TEST.UFFICIO_ESTERO_PROTOCOLLO_HIS column: UFFICIO_ESTERO_ID
 DEBUG[2008-01-21 13:04:17,043] org.hibernate.cfg.reveng.OverrideRepository - columnToHibernateTypeName, <type-mapping> found: java.lang.Long for Table: GESTIONE_PROTOCOLLO_TEST.UTENTE column: ID
 DEBUG[2008-01-21 13:04:17,046] org.hibernate.cfg.reveng.OverrideRepository - columnToHibernateTypeName, <type-mapping> found: java.lang.Long for Table: GESTIONE_PROTOCOLLO_TEST.UFFICIO column: UTENTE_MODIFICA_ID
 DEBUG[2008-01-21 13:04:17,047] org.hibernate.cfg.reveng.OverrideRepository - columnToHibernateTypeName, <type-mapping> found: java.lang.Long for Table: GESTIONE_PROTOCOLLO_TEST.UFFICIO column: UTENTE_INSERIMENTO_ID
 DEBUG[2008-01-21 13:04:17,048] org.hibernate.cfg.reveng.OverrideRepository - columnToHibernateTypeName, <type-mapping> found: java.lang.Long for Table: GESTIONE_PROTOCOLLO_TEST.PROTOCOLLO_HIS column: UTENTE_INSERIMENTO_ID
 DEBUG[2008-01-21 13:04:17,048] org.hibernate.cfg.reveng.OverrideRepository - columnToHibernateTypeName, <type-mapping> found: java.lang.Long for Table: GESTIONE_PROTOCOLLO_TEST.LEGAME column: UTENTE_INSERIMENTO_ID
 DEBUG[2008-01-21 13:04:17,049] org.hibernate.cfg.reveng.OverrideRepository - columnToHibernateTypeName, <type-mapping> found: java.lang.Long for Table: GESTIONE_PROTOCOLLO_TEST.PROTOCOLLO column: UTENTE_INSERIMENTO_ID
 DEBUG[2008-01-21 13:04:17,050] org.hibernate.cfg.reveng.OverrideRepository - columnToHibernateTypeName, <type-mapping> found: java.lang.Long for Table: GESTIONE_PROTOCOLLO_TEST.UFFICIO_ESTERO column: UTENTE_MODIFICA_ID
 DEBUG[2008-01-21 13:04:17,051] org.hibernate.cfg.reveng.OverrideRepository - columnToHibernateTypeName, <type-mapping> found: java.lang.Long for Table: GESTIONE_PROTOCOLLO_TEST.PROTOCOLLO_HIS column: UTENTE_MODIFICA_ID
 DEBUG[2008-01-21 13:04:17,052] org.hibernate.cfg.reveng.OverrideRepository - columnToHibernateTypeName, <type-mapping> found: java.lang.Long for Table: GESTIONE_PROTOCOLLO_TEST.UTENTE_PROFILO column: UTENTE_ID
 DEBUG[2008-01-21 13:04:17,052] org.hibernate.cfg.reveng.OverrideRepository - columnToHibernateTypeName, <type-mapping> found: java.lang.Long for Table: GESTIONE_PROTOCOLLO_TEST.PROTOCOLLO column: UTENTE_MODIFICA_ID
 DEBUG[2008-01-21 13:04:17,052] org.hibernate.cfg.reveng.OverrideRepository - columnToHibernateTypeName, <type-mapping> found: java.lang.Long for Table: GESTIONE_PROTOCOLLO_TEST.UFFICIO_ESTERO column: UTENTE_INSERIMENTO_ID
 DEBUG[2008-01-21 13:04:17,053] org.hibernate.cfg.reveng.OverrideRepository - columnToHibernateTypeName, <type-mapping> found: java.lang.Long for Table: GESTIONE_PROTOCOLLO_TEST.LEGAME column: UTENTE_MODIFICA_ID
  INFO[2008-01-21 13:04:17,053] org.hibernate.connection.DriverManagerConnectionProvider - cleaning up connection pool: jdbc:oracle:thin:@192.168.2.154:1521:ORACLE
  INFO[2008-01-21 13:04:17,297] org.hibernate.tool.Version - Hibernate Tools 3.2.0.beta8
  INFO[2008-01-21 13:04:17,569] org.hibernate.connection.DriverManagerConnectionProvider - cleaning up connection pool: jdbc:oracle:thin:@192.168.2.154:1521:ORACLE
 