2023-12-06 14:21:16,625 ERROR [org.jboss.as.ejb3.invocation] (EJB default - 1) WFLYEJB0034: Jakarta Enterprise Beans Invocation failed on component GenericDao for method public de.ids.acos.et.server.model.IEntity de.ids.acos.et.server.dao.GenericDao.read(java.lang.Class,java.util.UUID): jakarta.ejb.EJBTransactionRolledbackException
	at org.jboss.as.ejb3@30.0.1.Final//org.jboss.as.ejb3.tx.CMTTxInterceptor.invokeInCallerTx(CMTTxInterceptor.java:202)
	at org.jboss.as.ejb3@30.0.1.Final//org.jboss.as.ejb3.tx.CMTTxInterceptor.required(CMTTxInterceptor.java:375)
	at org.jboss.as.ejb3@30.0.1.Final//org.jboss.as.ejb3.tx.CMTTxInterceptor.processInvocation(CMTTxInterceptor.java:143)
	at org.jboss.invocation@2.0.0.Final//org.jboss.invocation.InterceptorContext.proceed(InterceptorContext.java:422)
	at org.jboss.invocation@2.0.0.Final//org.jboss.invocation.InterceptorContext$Invocation.proceed(InterceptorContext.java:509)
	at org.jboss.weld.core@5.1.2.Final//org.jboss.weld.module.ejb.AbstractEJBRequestScopeActivationInterceptor.aroundInvoke(AbstractEJBRequestScopeActivationInterceptor.java:78)
	at org.jboss.as.weld.common@30.0.1.Final//org.jboss.as.weld.ejb.EjbRequestScopeActivationInterceptor.processInvocation(EjbRequestScopeActivationInterceptor.java:72)
	at org.jboss.invocation@2.0.0.Final//org.jboss.invocation.InterceptorContext.proceed(InterceptorContext.java:422)
	at org.jboss.as.ejb3@30.0.1.Final//org.jboss.as.ejb3.component.interceptors.CurrentInvocationContextInterceptor.processInvocation(CurrentInvocationContextInterceptor.java:24)
	at org.jboss.invocation@2.0.0.Final//org.jboss.invocation.InterceptorContext.proceed(InterceptorContext.java:422)
	at org.jboss.as.ejb3@30.0.1.Final//org.jboss.as.ejb3.component.invocationmetrics.WaitTimeInterceptor.processInvocation(WaitTimeInterceptor.java:30)
	at org.jboss.invocation@2.0.0.Final//org.jboss.invocation.InterceptorContext.proceed(InterceptorContext.java:422)
	at org.jboss.as.ejb3@30.0.1.Final//org.jboss.as.ejb3.security.IdentityOutflowInterceptor.processInvocation(IdentityOutflowInterceptor.java:56)
	at org.jboss.invocation@2.0.0.Final//org.jboss.invocation.InterceptorContext.proceed(InterceptorContext.java:422)
	at org.jboss.as.ejb3@30.0.1.Final//org.jboss.as.ejb3.security.SecurityDomainInterceptor.processInvocation(SecurityDomainInterceptor.java:27)
	at org.jboss.invocation@2.0.0.Final//org.jboss.invocation.InterceptorContext.proceed(InterceptorContext.java:422)
	at org.jboss.as.ejb3@30.0.1.Final//org.jboss.as.ejb3.deployment.processors.StartupAwaitInterceptor.processInvocation(StartupAwaitInterceptor.java:27)
	at org.jboss.invocation@2.0.0.Final//org.jboss.invocation.InterceptorContext.proceed(InterceptorContext.java:422)
	at org.jboss.as.ejb3@30.0.1.Final//org.jboss.as.ejb3.component.interceptors.ShutDownInterceptorFactory$1.processInvocation(ShutDownInterceptorFactory.java:47)
	at org.jboss.invocation@2.0.0.Final//org.jboss.invocation.InterceptorContext.proceed(InterceptorContext.java:422)
	at org.jboss.as.ejb3@30.0.1.Final//org.jboss.as.ejb3.component.interceptors.LoggingInterceptor.processInvocation(LoggingInterceptor.java:50)
	at org.jboss.invocation@2.0.0.Final//org.jboss.invocation.InterceptorContext.proceed(InterceptorContext.java:422)
	at org.jboss.as.ee@30.0.1.Final//org.jboss.as.ee.component.NamespaceContextInterceptor.processInvocation(NamespaceContextInterceptor.java:33)
	at org.jboss.invocation@2.0.0.Final//org.jboss.invocation.InterceptorContext.proceed(InterceptorContext.java:422)
	at org.jboss.invocation@2.0.0.Final//org.jboss.invocation.ContextClassLoaderInterceptor.processInvocation(ContextClassLoaderInterceptor.java:60)
	at org.jboss.invocation@2.0.0.Final//org.jboss.invocation.InterceptorContext.proceed(InterceptorContext.java:422)
	at org.jboss.invocation@2.0.0.Final//org.jboss.invocation.InterceptorContext.run(InterceptorContext.java:438)
	at org.wildfly.security.elytron-base@2.2.2.Final//org.wildfly.security.manager.WildFlySecurityManager.doChecked(WildFlySecurityManager.java:633)
	at org.jboss.invocation@2.0.0.Final//org.jboss.invocation.AccessCheckingInterceptor.processInvocation(AccessCheckingInterceptor.java:57)
	at org.jboss.invocation@2.0.0.Final//org.jboss.invocation.InterceptorContext.proceed(InterceptorContext.java:422)
	at org.jboss.invocation@2.0.0.Final//org.jboss.invocation.ChainedInterceptor.processInvocation(ChainedInterceptor.java:53)
	at org.jboss.as.ee@30.0.1.Final//org.jboss.as.ee.component.ViewService$View.invoke(ViewService.java:181)
	at org.jboss.as.ee@30.0.1.Final//org.jboss.as.ee.component.ViewDescription$1.processInvocation(ViewDescription.java:174)
	at org.jboss.invocation@2.0.0.Final//org.jboss.invocation.InterceptorContext.proceed(InterceptorContext.java:422)
	at org.jboss.as.ejb3@30.0.1.Final//org.jboss.as.ejb3.security.IdentityInterceptor.lambda$processInvocation$0(IdentityInterceptor.java:30)
	at org.wildfly.security.elytron-base@2.2.2.Final//org.wildfly.security.auth.server.SecurityIdentity.runAsFunctionEx(SecurityIdentity.java:421)
	at org.wildfly.security.elytron-base@2.2.2.Final//org.wildfly.security.auth.server.Scoped.runAsFunctionEx(Scoped.java:161)
	at org.wildfly.security.elytron-base@2.2.2.Final//org.wildfly.security.auth.server.Scoped.runAsSupplierEx(Scoped.java:229)
	at org.jboss.as.ejb3@30.0.1.Final//org.jboss.as.ejb3.security.IdentityInterceptor.processInvocation(IdentityInterceptor.java:30)
	at org.jboss.invocation@2.0.0.Final//org.jboss.invocation.InterceptorContext.proceed(InterceptorContext.java:422)
	at org.jboss.invocation@2.0.0.Final//org.jboss.invocation.ChainedInterceptor.processInvocation(ChainedInterceptor.java:53)
	at org.jboss.as.ee@30.0.1.Final//org.jboss.as.ee.component.ProxyInvocationHandler.invoke(ProxyInvocationHandler.java:64)
	at deployment.acoset-server-ear.ear.acoset-server-ejb.jar//de.ids.acos.et.server.dao.GenericDao$$$view581.read(Unknown Source)
	at deployment.acoset-server-ear.ear.acoset-server-ejb.jar//de.ids.acos.et.server.service.GenericCRUDService.readLocal(GenericCRUDService.java:186)
	at deployment.acoset-server-ear.ear.acoset-server-ejb.jar//de.ids.acos.et.server.service.GenericCRUDService.read(GenericCRUDService.java:69)
	at java.base/jdk.internal.reflect.NativeMethodAccessorImpl.invoke0(Native Method)
	at java.base/jdk.internal.reflect.NativeMethodAccessorImpl.invoke(NativeMethodAccessorImpl.java:77)
	at java.base/jdk.internal.reflect.DelegatingMethodAccessorImpl.invoke(DelegatingMethodAccessorImpl.java:43)
	at java.base/java.lang.reflect.Method.invoke(Method.java:568)
	at org.jboss.as.ee@30.0.1.Final//org.jboss.as.ee.component.ManagedReferenceMethodInterceptor.processInvocation(ManagedReferenceMethodInterceptor.java:35)
	at org.jboss.invocation@2.0.0.Final//org.jboss.invocation.InterceptorContext.proceed(InterceptorContext.java:422)
	at org.jboss.invocation@2.0.0.Final//org.jboss.invocation.InterceptorContext$Invocation.proceed(InterceptorContext.java:509)
	at org.jboss.as.weld.ejb@30.0.1.Final//org.jboss.as.weld.ejb.DelegatingInterceptorInvocationContext.proceed(DelegatingInterceptorInvocationContext.java:75)
	at org.jboss.weld.core@5.1.2.Final//org.jboss.weld.interceptor.proxy.WeldInvocationContextImpl.interceptorChainCompleted(WeldInvocationContextImpl.java:116)
	at org.jboss.weld.core@5.1.2.Final//org.jboss.weld.interceptor.proxy.WeldInvocationContextImpl.proceed(WeldInvocationContextImpl.java:135)
	at deployment.acoset-server-ear.ear.acoset-server-ejb.jar//de.ids.acos.et.server.interceptor.RemoteAccessCheckingInterceptor.onRemoteMethodCalled(RemoteAccessCheckingInterceptor.java:62)
	at jdk.internal.reflect.GeneratedMethodAccessor56.invoke(Unknown Source)
	at java.base/jdk.internal.reflect.DelegatingMethodAccessorImpl.invoke(DelegatingMethodAccessorImpl.java:43)
	at java.base/java.lang.reflect.Method.invoke(Method.java:568)
	at org.jboss.weld.core@5.1.2.Final//org.jboss.weld.interceptor.reader.SimpleInterceptorInvocation$SimpleMethodInvocation.invoke(SimpleInterceptorInvocation.java:75)
	at org.jboss.weld.core@5.1.2.Final//org.jboss.weld.interceptor.proxy.WeldInvocationContextImpl.invokeNext(WeldInvocationContextImpl.java:101)
	at org.jboss.weld.core@5.1.2.Final//org.jboss.weld.interceptor.proxy.WeldInvocationContextImpl.proceed(WeldInvocationContextImpl.java:133)
	at org.jboss.weld.core@5.1.2.Final//org.jboss.weld.bean.InterceptorImpl.intercept(InterceptorImpl.java:113)
	at org.jboss.as.weld.ejb@30.0.1.Final//org.jboss.as.weld.ejb.DelegatingInterceptorInvocationContext.proceed(DelegatingInterceptorInvocationContext.java:65)
	at org.jboss.weld.core@5.1.2.Final//org.jboss.weld.interceptor.proxy.WeldInvocationContextImpl.interceptorChainCompleted(WeldInvocationContextImpl.java:116)
	at org.jboss.weld.core@5.1.2.Final//org.jboss.weld.interceptor.proxy.WeldInvocationContextImpl.proceed(WeldInvocationContextImpl.java:135)
	at deployment.acoset-server-ear.ear.acoset-server-ejb.jar//de.ids.acos.et.server.interceptor.ExceptionFilteringInterceptor.filterExceptions(ExceptionFilteringInterceptor.java:30)
	at jdk.internal.reflect.GeneratedMethodAccessor55.invoke(Unknown Source)
	at java.base/jdk.internal.reflect.DelegatingMethodAccessorImpl.invoke(DelegatingMethodAccessorImpl.java:43)
	at java.base/java.lang.reflect.Method.invoke(Method.java:568)
	at org.jboss.weld.core@5.1.2.Final//org.jboss.weld.interceptor.reader.SimpleInterceptorInvocation$SimpleMethodInvocation.invoke(SimpleInterceptorInvocation.java:75)
	at org.jboss.weld.core@5.1.2.Final//org.jboss.weld.interceptor.proxy.WeldInvocationContextImpl.invokeNext(WeldInvocationContextImpl.java:101)
	at org.jboss.weld.core@5.1.2.Final//org.jboss.weld.interceptor.proxy.WeldInvocationContextImpl.proceed(WeldInvocationContextImpl.java:133)
	at org.jboss.weld.core@5.1.2.Final//org.jboss.weld.bean.InterceptorImpl.intercept(InterceptorImpl.java:113)
	at org.jboss.as.weld.ejb@30.0.1.Final//org.jboss.as.weld.ejb.DelegatingInterceptorInvocationContext.proceed(DelegatingInterceptorInvocationContext.java:65)
	at org.jboss.as.weld.ejb@30.0.1.Final//org.jboss.as.weld.interceptors.EjbComponentInterceptorSupport.delegateInterception(EjbComponentInterceptorSupport.java:43)
	at org.jboss.as.weld.common@30.0.1.Final//org.jboss.as.weld.interceptors.Jsr299BindingsInterceptor.delegateInterception(Jsr299BindingsInterceptor.java:60)
	at org.jboss.as.weld.common@30.0.1.Final//org.jboss.as.weld.interceptors.Jsr299BindingsInterceptor.doMethodInterception(Jsr299BindingsInterceptor.java:72)
	at org.jboss.as.weld.common@30.0.1.Final//org.jboss.as.weld.interceptors.Jsr299BindingsInterceptor.processInvocation(Jsr299BindingsInterceptor.java:85)
	at org.jboss.as.ee@30.0.1.Final//org.jboss.as.ee.component.interceptors.UserInterceptorFactory$1.processInvocation(UserInterceptorFactory.java:46)
	at org.jboss.invocation@2.0.0.Final//org.jboss.invocation.InterceptorContext.proceed(InterceptorContext.java:422)
	at org.jboss.as.ejb3@30.0.1.Final//org.jboss.as.ejb3.component.invocationmetrics.ExecutionTimeInterceptor.processInvocation(ExecutionTimeInterceptor.java:26)
	at org.jboss.invocation@2.0.0.Final//org.jboss.invocation.InterceptorContext.proceed(InterceptorContext.java:422)
	at org.jboss.as.jpa@30.0.1.Final//org.jboss.as.jpa.interceptor.SBInvocationInterceptor.processInvocation(SBInvocationInterceptor.java:30)
	at org.jboss.invocation@2.0.0.Final//org.jboss.invocation.InterceptorContext.proceed(InterceptorContext.java:422)
	at org.jboss.as.ee@30.0.1.Final//org.jboss.as.ee.concurrent.ConcurrentContextInterceptor.processInvocation(ConcurrentContextInterceptor.java:28)
	at org.jboss.invocation@2.0.0.Final//org.jboss.invocation.InterceptorContext.proceed(InterceptorContext.java:422)
	at org.jboss.invocation@2.0.0.Final//org.jboss.invocation.InitialInterceptor.processInvocation(InitialInterceptor.java:40)
	at org.jboss.invocation@2.0.0.Final//org.jboss.invocation.InterceptorContext.proceed(InterceptorContext.java:422)
	at org.jboss.invocation@2.0.0.Final//org.jboss.invocation.ChainedInterceptor.processInvocation(ChainedInterceptor.java:53)
	at org.jboss.as.ee@30.0.1.Final//org.jboss.as.ee.component.interceptors.ComponentDispatcherInterceptor.processInvocation(ComponentDispatcherInterceptor.java:35)
	at org.jboss.invocation@2.0.0.Final//org.jboss.invocation.InterceptorContext.proceed(InterceptorContext.java:422)
	at org.jboss.as.ejb3@30.0.1.Final//org.jboss.as.ejb3.component.pool.PooledInstanceInterceptor.processInvocation(PooledInstanceInterceptor.java:34)
	at org.jboss.invocation@2.0.0.Final//org.jboss.invocation.InterceptorContext.proceed(InterceptorContext.java:422)
	at org.jboss.as.ejb3@30.0.1.Final//org.jboss.as.ejb3.component.interceptors.AdditionalSetupInterceptor.processInvocation(AdditionalSetupInterceptor.java:39)
	at org.jboss.invocation@2.0.0.Final//org.jboss.invocation.InterceptorContext.proceed(InterceptorContext.java:422)
	at org.jboss.as.ejb3@30.0.1.Final//org.jboss.as.ejb3.tx.CMTTxInterceptor.invokeInOurTx(CMTTxInterceptor.java:237)
	at org.jboss.as.ejb3@30.0.1.Final//org.jboss.as.ejb3.tx.CMTTxInterceptor.required(CMTTxInterceptor.java:373)
	at org.jboss.as.ejb3@30.0.1.Final//org.jboss.as.ejb3.tx.CMTTxInterceptor.processInvocation(CMTTxInterceptor.java:143)
	at org.jboss.invocation@2.0.0.Final//org.jboss.invocation.InterceptorContext.proceed(InterceptorContext.java:422)
	at org.jboss.invocation@2.0.0.Final//org.jboss.invocation.InterceptorContext$Invocation.proceed(InterceptorContext.java:509)
	at org.jboss.weld.core@5.1.2.Final//org.jboss.weld.module.ejb.AbstractEJBRequestScopeActivationInterceptor.aroundInvoke(AbstractEJBRequestScopeActivationInterceptor.java:87)
	at org.jboss.as.weld.common@30.0.1.Final//org.jboss.as.weld.ejb.EjbRequestScopeActivationInterceptor.processInvocation(EjbRequestScopeActivationInterceptor.java:72)
	at org.jboss.invocation@2.0.0.Final//org.jboss.invocation.InterceptorContext.proceed(InterceptorContext.java:422)
	at org.jboss.as.ejb3@30.0.1.Final//org.jboss.as.ejb3.component.interceptors.CurrentInvocationContextInterceptor.processInvocation(CurrentInvocationContextInterceptor.java:24)
	at org.jboss.invocation@2.0.0.Final//org.jboss.invocation.InterceptorContext.proceed(InterceptorContext.java:422)
	at org.jboss.as.ejb3@30.0.1.Final//org.jboss.as.ejb3.component.invocationmetrics.WaitTimeInterceptor.processInvocation(WaitTimeInterceptor.java:30)
	at org.jboss.invocation@2.0.0.Final//org.jboss.invocation.InterceptorContext.proceed(InterceptorContext.java:422)
	at org.jboss.as.ejb3@30.0.1.Final//org.jboss.as.ejb3.security.IdentityOutflowInterceptor.processInvocation(IdentityOutflowInterceptor.java:56)
	at org.jboss.invocation@2.0.0.Final//org.jboss.invocation.InterceptorContext.proceed(InterceptorContext.java:422)
	at org.jboss.as.ejb3@30.0.1.Final//org.jboss.as.ejb3.security.SecurityDomainInterceptor.processInvocation(SecurityDomainInterceptor.java:27)
	at org.jboss.invocation@2.0.0.Final//org.jboss.invocation.InterceptorContext.proceed(InterceptorContext.java:422)
	at org.jboss.as.ejb3@30.0.1.Final//org.jboss.as.ejb3.deployment.processors.StartupAwaitInterceptor.processInvocation(StartupAwaitInterceptor.java:27)
	at org.jboss.invocation@2.0.0.Final//org.jboss.invocation.InterceptorContext.proceed(InterceptorContext.java:422)
	at org.jboss.as.ejb3@30.0.1.Final//org.jboss.as.ejb3.component.interceptors.ShutDownInterceptorFactory$1.processInvocation(ShutDownInterceptorFactory.java:47)
	at org.jboss.invocation@2.0.0.Final//org.jboss.invocation.InterceptorContext.proceed(InterceptorContext.java:422)
	at org.jboss.as.ejb3@30.0.1.Final//org.jboss.as.ejb3.deployment.processors.EjbSuspendInterceptor.processInvocation(EjbSuspendInterceptor.java:40)
	at org.jboss.invocation@2.0.0.Final//org.jboss.invocation.InterceptorContext.proceed(InterceptorContext.java:422)
	at org.jboss.as.ejb3@30.0.1.Final//org.jboss.as.ejb3.component.interceptors.LoggingInterceptor.processInvocation(LoggingInterceptor.java:50)
	at org.jboss.invocation@2.0.0.Final//org.jboss.invocation.InterceptorContext.proceed(InterceptorContext.java:422)
	at org.jboss.as.ee@30.0.1.Final//org.jboss.as.ee.component.NamespaceContextInterceptor.processInvocation(NamespaceContextInterceptor.java:33)
	at org.jboss.invocation@2.0.0.Final//org.jboss.invocation.InterceptorContext.proceed(InterceptorContext.java:422)
	at org.jboss.invocation@2.0.0.Final//org.jboss.invocation.ContextClassLoaderInterceptor.processInvocation(ContextClassLoaderInterceptor.java:60)
	at org.jboss.invocation@2.0.0.Final//org.jboss.invocation.InterceptorContext.proceed(InterceptorContext.java:422)
	at org.jboss.invocation@2.0.0.Final//org.jboss.invocation.InterceptorContext.run(InterceptorContext.java:438)
	at org.wildfly.security.elytron-base@2.2.2.Final//org.wildfly.security.manager.WildFlySecurityManager.doChecked(WildFlySecurityManager.java:633)
	at org.jboss.invocation@2.0.0.Final//org.jboss.invocation.AccessCheckingInterceptor.processInvocation(AccessCheckingInterceptor.java:57)
	at org.jboss.invocation@2.0.0.Final//org.jboss.invocation.InterceptorContext.proceed(InterceptorContext.java:422)
	at org.jboss.invocation@2.0.0.Final//org.jboss.invocation.ChainedInterceptor.processInvocation(ChainedInterceptor.java:53)
	at org.jboss.as.ee@30.0.1.Final//org.jboss.as.ee.component.ViewService$View.invoke(ViewService.java:181)
	at org.wildfly.security.elytron-base@2.2.2.Final//org.wildfly.security.auth.server.SecurityIdentity.runAsFunctionEx(SecurityIdentity.java:421)
	at org.jboss.as.ejb3@30.0.1.Final//org.jboss.as.ejb3.remote.AssociationImpl.invokeWithIdentity(AssociationImpl.java:637)
	at org.jboss.as.ejb3@30.0.1.Final//org.jboss.as.ejb3.remote.AssociationImpl.invokeMethod(AssociationImpl.java:615)
	at org.jboss.as.ejb3@30.0.1.Final//org.jboss.as.ejb3.remote.AssociationImpl.lambda$receiveInvocationRequest$0(AssociationImpl.java:213)
	at org.jboss.threads@2.4.0.Final//org.jboss.threads.ContextClassLoaderSavingRunnable.run(ContextClassLoaderSavingRunnable.java:35)
	at org.jboss.threads@2.4.0.Final//org.jboss.threads.EnhancedQueueExecutor.safeRun(EnhancedQueueExecutor.java:1990)
	at org.jboss.threads@2.4.0.Final//org.jboss.threads.EnhancedQueueExecutor$ThreadBody.doRunTask(EnhancedQueueExecutor.java:1486)
	at org.jboss.threads@2.4.0.Final//org.jboss.threads.EnhancedQueueExecutor$ThreadBody.run(EnhancedQueueExecutor.java:1377)
	at java.base/java.lang.Thread.run(Thread.java:833)
	at org.jboss.threads@2.4.0.Final//org.jboss.threads.JBossThread.run(JBossThread.java:513)
Caused by: java.util.ConcurrentModificationException
	at java.base/java.util.HashMap$HashIterator.nextNode(HashMap.java:1597)
	at java.base/java.util.HashMap$ValueIterator.next(HashMap.java:1625)
	at org.hibernate@6.4.0.Final//org.hibernate.engine.internal.StatefulPersistenceContext.postLoad(StatefulPersistenceContext.java:435)
	at org.hibernate@6.4.0.Final//org.hibernate.sql.results.jdbc.internal.JdbcValuesSourceProcessingStateStandardImpl.finishUp(JdbcValuesSourceProcessingStateStandardImpl.java:146)
	at org.hibernate@6.4.0.Final//org.hibernate.sql.results.spi.ListResultsConsumer.consume(ListResultsConsumer.java:212)
	at org.hibernate@6.4.0.Final//org.hibernate.sql.results.spi.ListResultsConsumer.consume(ListResultsConsumer.java:33)
	at org.hibernate@6.4.0.Final//org.hibernate.sql.exec.internal.JdbcSelectExecutorStandardImpl.doExecuteQuery(JdbcSelectExecutorStandardImpl.java:209)
	at org.hibernate@6.4.0.Final//org.hibernate.sql.exec.internal.JdbcSelectExecutorStandardImpl.executeQuery(JdbcSelectExecutorStandardImpl.java:83)
	at org.hibernate@6.4.0.Final//org.hibernate.sql.exec.spi.JdbcSelectExecutor.list(JdbcSelectExecutor.java:76)
	at org.hibernate@6.4.0.Final//org.hibernate.sql.exec.spi.JdbcSelectExecutor.list(JdbcSelectExecutor.java:65)
	at org.hibernate@6.4.0.Final//org.hibernate.loader.ast.internal.SingleIdLoadPlan.load(SingleIdLoadPlan.java:145)
	at org.hibernate@6.4.0.Final//org.hibernate.loader.ast.internal.SingleIdLoadPlan.load(SingleIdLoadPlan.java:117)
	at org.hibernate@6.4.0.Final//org.hibernate.loader.ast.internal.SingleIdEntityLoaderStandardImpl.load(SingleIdEntityLoaderStandardImpl.java:75)
	at org.hibernate@6.4.0.Final//org.hibernate.persister.entity.AbstractEntityPersister.doLoad(AbstractEntityPersister.java:3715)
	at org.hibernate@6.4.0.Final//org.hibernate.persister.entity.AbstractEntityPersister.load(AbstractEntityPersister.java:3704)
	at org.hibernate@6.4.0.Final//org.hibernate.event.internal.DefaultLoadEventListener.loadFromDatasource(DefaultLoadEventListener.java:604)
	at org.hibernate@6.4.0.Final//org.hibernate.event.internal.DefaultLoadEventListener.loadFromCacheOrDatasource(DefaultLoadEventListener.java:590)
	at org.hibernate@6.4.0.Final//org.hibernate.event.internal.DefaultLoadEventListener.load(DefaultLoadEventListener.java:560)
	at org.hibernate@6.4.0.Final//org.hibernate.event.internal.DefaultLoadEventListener.doLoad(DefaultLoadEventListener.java:544)
	at org.hibernate@6.4.0.Final//org.hibernate.event.internal.DefaultLoadEventListener.load(DefaultLoadEventListener.java:207)
	at org.hibernate@6.4.0.Final//org.hibernate.event.internal.DefaultLoadEventListener.loadWithRegularProxy(DefaultLoadEventListener.java:290)
	at org.hibernate@6.4.0.Final//org.hibernate.event.internal.DefaultLoadEventListener.proxyOrLoad(DefaultLoadEventListener.java:242)
	at org.hibernate@6.4.0.Final//org.hibernate.event.internal.DefaultLoadEventListener.doOnLoad(DefaultLoadEventListener.java:111)
	at org.hibernate@6.4.0.Final//org.hibernate.event.internal.DefaultLoadEventListener.onLoad(DefaultLoadEventListener.java:68)
	at org.hibernate@6.4.0.Final//org.hibernate.event.service.internal.EventListenerGroupImpl.fireEventOnEachListener(EventListenerGroupImpl.java:138)
	at org.hibernate@6.4.0.Final//org.hibernate.internal.SessionImpl.fireLoadNoChecks(SessionImpl.java:1242)
	at org.hibernate@6.4.0.Final//org.hibernate.internal.SessionImpl.fireLoad(SessionImpl.java:1230)
	at org.hibernate@6.4.0.Final//org.hibernate.loader.internal.IdentifierLoadAccessImpl.load(IdentifierLoadAccessImpl.java:209)
	at org.hibernate@6.4.0.Final//org.hibernate.loader.internal.IdentifierLoadAccessImpl.doLoad(IdentifierLoadAccessImpl.java:160)
	at org.hibernate@6.4.0.Final//org.hibernate.loader.internal.IdentifierLoadAccessImpl.lambda$load$1(IdentifierLoadAccessImpl.java:149)
	at org.hibernate@6.4.0.Final//org.hibernate.loader.internal.IdentifierLoadAccessImpl.perform(IdentifierLoadAccessImpl.java:112)
	at org.hibernate@6.4.0.Final//org.hibernate.loader.internal.IdentifierLoadAccessImpl.load(IdentifierLoadAccessImpl.java:149)
	at org.hibernate@6.4.0.Final//org.hibernate.internal.SessionImpl.find(SessionImpl.java:2444)
	at org.hibernate@6.4.0.Final//org.hibernate.internal.SessionImpl.find(SessionImpl.java:2410)
	at org.jboss.as.jpa@30.0.1.Final//org.jboss.as.jpa.container.AbstractEntityManager.find(AbstractEntityManager.java:199)
	at deployment.acoset-server-ear.ear.acoset-server-ejb.jar//de.ids.acos.et.server.dao.GenericDao.find(GenericDao.java:76)
	at deployment.acoset-server-ear.ear.acoset-server-ejb.jar//de.ids.acos.et.server.dao.GenericDao.read(GenericDao.java:58)
	at java.base/jdk.internal.reflect.NativeMethodAccessorImpl.invoke0(Native Method)
	at java.base/jdk.internal.reflect.NativeMethodAccessorImpl.invoke(NativeMethodAccessorImpl.java:77)
	at java.base/jdk.internal.reflect.DelegatingMethodAccessorImpl.invoke(DelegatingMethodAccessorImpl.java:43)
	at java.base/java.lang.reflect.Method.invoke(Method.java:568)
	at org.jboss.as.ee@30.0.1.Final//org.jboss.as.ee.component.ManagedReferenceMethodInterceptor.processInvocation(ManagedReferenceMethodInterceptor.java:35)
	at org.jboss.invocation@2.0.0.Final//org.jboss.invocation.InterceptorContext.proceed(InterceptorContext.java:422)
	at org.jboss.invocation@2.0.0.Final//org.jboss.invocation.InterceptorContext$Invocation.proceed(InterceptorContext.java:509)
	at org.jboss.as.weld.common@30.0.1.Final//org.jboss.as.weld.interceptors.Jsr299BindingsInterceptor.delegateInterception(Jsr299BindingsInterceptor.java:62)
	at org.jboss.as.weld.common@30.0.1.Final//org.jboss.as.weld.interceptors.Jsr299BindingsInterceptor.doMethodInterception(Jsr299BindingsInterceptor.java:72)
	at org.jboss.as.weld.common@30.0.1.Final//org.jboss.as.weld.interceptors.Jsr299BindingsInterceptor.processInvocation(Jsr299BindingsInterceptor.java:85)
	at org.jboss.as.ee@30.0.1.Final//org.jboss.as.ee.component.interceptors.UserInterceptorFactory$1.processInvocation(UserInterceptorFactory.java:46)
	at org.jboss.invocation@2.0.0.Final//org.jboss.invocation.InterceptorContext.proceed(InterceptorContext.java:422)
	at org.jboss.as.ejb3@30.0.1.Final//org.jboss.as.ejb3.component.invocationmetrics.ExecutionTimeInterceptor.processInvocation(ExecutionTimeInterceptor.java:26)
	at org.jboss.invocation@2.0.0.Final//org.jboss.invocation.InterceptorContext.proceed(InterceptorContext.java:422)
	at org.jboss.as.jpa@30.0.1.Final//org.jboss.as.jpa.interceptor.SBInvocationInterceptor.processInvocation(SBInvocationInterceptor.java:30)
	at org.jboss.invocation@2.0.0.Final//org.jboss.invocation.InterceptorContext.proceed(InterceptorContext.java:422)
	at org.jboss.as.ee@30.0.1.Final//org.jboss.as.ee.concurrent.ConcurrentContextInterceptor.processInvocation(ConcurrentContextInterceptor.java:28)
	at org.jboss.invocation@2.0.0.Final//org.jboss.invocation.InterceptorContext.proceed(InterceptorContext.java:422)
	at org.jboss.invocation@2.0.0.Final//org.jboss.invocation.InitialInterceptor.processInvocation(InitialInterceptor.java:40)
	at org.jboss.invocation@2.0.0.Final//org.jboss.invocation.InterceptorContext.proceed(InterceptorContext.java:422)
	at org.jboss.invocation@2.0.0.Final//org.jboss.invocation.ChainedInterceptor.processInvocation(ChainedInterceptor.java:53)
	at org.jboss.as.ee@30.0.1.Final//org.jboss.as.ee.component.interceptors.ComponentDispatcherInterceptor.processInvocation(ComponentDispatcherInterceptor.java:35)
	at org.jboss.invocation@2.0.0.Final//org.jboss.invocation.InterceptorContext.proceed(InterceptorContext.java:422)
	at org.jboss.as.ejb3@30.0.1.Final//org.jboss.as.ejb3.component.pool.PooledInstanceInterceptor.processInvocation(PooledInstanceInterceptor.java:34)
	at org.jboss.invocation@2.0.0.Final//org.jboss.invocation.InterceptorContext.proceed(InterceptorContext.java:422)
	at org.jboss.as.ejb3@30.0.1.Final//org.jboss.as.ejb3.component.interceptors.AdditionalSetupInterceptor.processInvocation(AdditionalSetupInterceptor.java:39)
	at org.jboss.invocation@2.0.0.Final//org.jboss.invocation.InterceptorContext.proceed(InterceptorContext.java:422)
	at org.jboss.as.ejb3@30.0.1.Final//org.jboss.as.ejb3.tx.CMTTxInterceptor.invokeInCallerTx(CMTTxInterceptor.java:184)
	... 139 more

2023-12-06 14:21:16,639 ERROR [de.ids.acos.et.server.interceptor.RemoteBarrierHelper] (EJB default - 1) Exception occurred in: de.ids.acos.et.server.service.frame.ObjectFrameCRUDService#read
Converting it for client: : jakarta.ejb.EJBTransactionRolledbackException
	at org.jboss.as.ejb3@30.0.1.Final//org.jboss.as.ejb3.tx.CMTTxInterceptor.invokeInCallerTx(CMTTxInterceptor.java:202)
	at org.jboss.as.ejb3@30.0.1.Final//org.jboss.as.ejb3.tx.CMTTxInterceptor.required(CMTTxInterceptor.java:375)
	at org.jboss.as.ejb3@30.0.1.Final//org.jboss.as.ejb3.tx.CMTTxInterceptor.processInvocation(CMTTxInterceptor.java:143)
	at org.jboss.invocation@2.0.0.Final//org.jboss.invocation.InterceptorContext.proceed(InterceptorContext.java:422)
	at org.jboss.invocation@2.0.0.Final//org.jboss.invocation.InterceptorContext$Invocation.proceed(InterceptorContext.java:509)
	at org.jboss.weld.core@5.1.2.Final//org.jboss.weld.module.ejb.AbstractEJBRequestScopeActivationInterceptor.aroundInvoke(AbstractEJBRequestScopeActivationInterceptor.java:78)
	at org.jboss.as.weld.common@30.0.1.Final//org.jboss.as.weld.ejb.EjbRequestScopeActivationInterceptor.processInvocation(EjbRequestScopeActivationInterceptor.java:72)
	at org.jboss.invocation@2.0.0.Final//org.jboss.invocation.InterceptorContext.proceed(InterceptorContext.java:422)
	at org.jboss.as.ejb3@30.0.1.Final//org.jboss.as.ejb3.component.interceptors.CurrentInvocationContextInterceptor.processInvocation(CurrentInvocationContextInterceptor.java:24)
	at org.jboss.invocation@2.0.0.Final//org.jboss.invocation.InterceptorContext.proceed(InterceptorContext.java:422)
	at org.jboss.as.ejb3@30.0.1.Final//org.jboss.as.ejb3.component.invocationmetrics.WaitTimeInterceptor.processInvocation(WaitTimeInterceptor.java:30)
	at org.jboss.invocation@2.0.0.Final//org.jboss.invocation.InterceptorContext.proceed(InterceptorContext.java:422)
	at org.jboss.as.ejb3@30.0.1.Final//org.jboss.as.ejb3.security.IdentityOutflowInterceptor.processInvocation(IdentityOutflowInterceptor.java:56)
	at org.jboss.invocation@2.0.0.Final//org.jboss.invocation.InterceptorContext.proceed(InterceptorContext.java:422)
	at org.jboss.as.ejb3@30.0.1.Final//org.jboss.as.ejb3.security.SecurityDomainInterceptor.processInvocation(SecurityDomainInterceptor.java:27)
	at org.jboss.invocation@2.0.0.Final//org.jboss.invocation.InterceptorContext.proceed(InterceptorContext.java:422)
	at org.jboss.as.ejb3@30.0.1.Final//org.jboss.as.ejb3.deployment.processors.StartupAwaitInterceptor.processInvocation(StartupAwaitInterceptor.java:27)
	at org.jboss.invocation@2.0.0.Final//org.jboss.invocation.InterceptorContext.proceed(InterceptorContext.java:422)
	at org.jboss.as.ejb3@30.0.1.Final//org.jboss.as.ejb3.component.interceptors.ShutDownInterceptorFactory$1.processInvocation(ShutDownInterceptorFactory.java:47)
	at org.jboss.invocation@2.0.0.Final//org.jboss.invocation.InterceptorContext.proceed(InterceptorContext.java:422)
	at org.jboss.as.ejb3@30.0.1.Final//org.jboss.as.ejb3.component.interceptors.LoggingInterceptor.processInvocation(LoggingInterceptor.java:50)
	at org.jboss.invocation@2.0.0.Final//org.jboss.invocation.InterceptorContext.proceed(InterceptorContext.java:422)
	at org.jboss.as.ee@30.0.1.Final//org.jboss.as.ee.component.NamespaceContextInterceptor.processInvocation(NamespaceContextInterceptor.java:33)
	at org.jboss.invocation@2.0.0.Final//org.jboss.invocation.InterceptorContext.proceed(InterceptorContext.java:422)
	at org.jboss.invocation@2.0.0.Final//org.jboss.invocation.ContextClassLoaderInterceptor.processInvocation(ContextClassLoaderInterceptor.java:60)
	at org.jboss.invocation@2.0.0.Final//org.jboss.invocation.InterceptorContext.proceed(InterceptorContext.java:422)
	at org.jboss.invocation@2.0.0.Final//org.jboss.invocation.InterceptorContext.run(InterceptorContext.java:438)
	at org.wildfly.security.elytron-base@2.2.2.Final//org.wildfly.security.manager.WildFlySecurityManager.doChecked(WildFlySecurityManager.java:633)
	at org.jboss.invocation@2.0.0.Final//org.jboss.invocation.AccessCheckingInterceptor.processInvocation(AccessCheckingInterceptor.java:57)
	at org.jboss.invocation@2.0.0.Final//org.jboss.invocation.InterceptorContext.proceed(InterceptorContext.java:422)
	at org.jboss.invocation@2.0.0.Final//org.jboss.invocation.ChainedInterceptor.processInvocation(ChainedInterceptor.java:53)
	at org.jboss.as.ee@30.0.1.Final//org.jboss.as.ee.component.ViewService$View.invoke(ViewService.java:181)
	at org.jboss.as.ee@30.0.1.Final//org.jboss.as.ee.component.ViewDescription$1.processInvocation(ViewDescription.java:174)
	at org.jboss.invocation@2.0.0.Final//org.jboss.invocation.InterceptorContext.proceed(InterceptorContext.java:422)
	at org.jboss.as.ejb3@30.0.1.Final//org.jboss.as.ejb3.security.IdentityInterceptor.lambda$processInvocation$0(IdentityInterceptor.java:30)
	at org.wildfly.security.elytron-base@2.2.2.Final//org.wildfly.security.auth.server.SecurityIdentity.runAsFunctionEx(SecurityIdentity.java:421)
	at org.wildfly.security.elytron-base@2.2.2.Final//org.wildfly.security.auth.server.Scoped.runAsFunctionEx(Scoped.java:161)
	at org.wildfly.security.elytron-base@2.2.2.Final//org.wildfly.security.auth.server.Scoped.runAsSupplierEx(Scoped.java:229)
	at org.jboss.as.ejb3@30.0.1.Final//org.jboss.as.ejb3.security.IdentityInterceptor.processInvocation(IdentityInterceptor.java:30)
	at org.jboss.invocation@2.0.0.Final//org.jboss.invocation.InterceptorContext.proceed(InterceptorContext.java:422)
	at org.jboss.invocation@2.0.0.Final//org.jboss.invocation.ChainedInterceptor.processInvocation(ChainedInterceptor.java:53)
	at org.jboss.as.ee@30.0.1.Final//org.jboss.as.ee.component.ProxyInvocationHandler.invoke(ProxyInvocationHandler.java:64)
	at deployment.acoset-server-ear.ear.acoset-server-ejb.jar//de.ids.acos.et.server.dao.GenericDao$$$view581.read(Unknown Source)
	at deployment.acoset-server-ear.ear.acoset-server-ejb.jar//de.ids.acos.et.server.service.GenericCRUDService.readLocal(GenericCRUDService.java:186)
	at deployment.acoset-server-ear.ear.acoset-server-ejb.jar//de.ids.acos.et.server.service.GenericCRUDService.read(GenericCRUDService.java:69)
	at java.base/jdk.internal.reflect.NativeMethodAccessorImpl.invoke0(Native Method)
	at java.base/jdk.internal.reflect.NativeMethodAccessorImpl.invoke(NativeMethodAccessorImpl.java:77)
	at java.base/jdk.internal.reflect.DelegatingMethodAccessorImpl.invoke(DelegatingMethodAccessorImpl.java:43)
	at java.base/java.lang.reflect.Method.invoke(Method.java:568)
	at org.jboss.as.ee@30.0.1.Final//org.jboss.as.ee.component.ManagedReferenceMethodInterceptor.processInvocation(ManagedReferenceMethodInterceptor.java:35)
	at org.jboss.invocation@2.0.0.Final//org.jboss.invocation.InterceptorContext.proceed(InterceptorContext.java:422)
	at org.jboss.invocation@2.0.0.Final//org.jboss.invocation.InterceptorContext$Invocation.proceed(InterceptorContext.java:509)
	at org.jboss.as.weld.ejb@30.0.1.Final//org.jboss.as.weld.ejb.DelegatingInterceptorInvocationContext.proceed(DelegatingInterceptorInvocationContext.java:75)
	at org.jboss.weld.core@5.1.2.Final//org.jboss.weld.interceptor.proxy.WeldInvocationContextImpl.interceptorChainCompleted(WeldInvocationContextImpl.java:116)
	at org.jboss.weld.core@5.1.2.Final//org.jboss.weld.interceptor.proxy.WeldInvocationContextImpl.proceed(WeldInvocationContextImpl.java:135)
	at deployment.acoset-server-ear.ear.acoset-server-ejb.jar//de.ids.acos.et.server.interceptor.RemoteAccessCheckingInterceptor.onRemoteMethodCalled(RemoteAccessCheckingInterceptor.java:62)
	at jdk.internal.reflect.GeneratedMethodAccessor56.invoke(Unknown Source)
	at java.base/jdk.internal.reflect.DelegatingMethodAccessorImpl.invoke(DelegatingMethodAccessorImpl.java:43)
	at java.base/java.lang.reflect.Method.invoke(Method.java:568)
	at org.jboss.weld.core@5.1.2.Final//org.jboss.weld.interceptor.reader.SimpleInterceptorInvocation$SimpleMethodInvocation.invoke(SimpleInterceptorInvocation.java:75)
	at org.jboss.weld.core@5.1.2.Final//org.jboss.weld.interceptor.proxy.WeldInvocationContextImpl.invokeNext(WeldInvocationContextImpl.java:101)
	at org.jboss.weld.core@5.1.2.Final//org.jboss.weld.interceptor.proxy.WeldInvocationContextImpl.proceed(WeldInvocationContextImpl.java:133)
	at org.jboss.weld.core@5.1.2.Final//org.jboss.weld.bean.InterceptorImpl.intercept(InterceptorImpl.java:113)
	at org.jboss.as.weld.ejb@30.0.1.Final//org.jboss.as.weld.ejb.DelegatingInterceptorInvocationContext.proceed(DelegatingInterceptorInvocationContext.java:65)
	at org.jboss.weld.core@5.1.2.Final//org.jboss.weld.interceptor.proxy.WeldInvocationContextImpl.interceptorChainCompleted(WeldInvocationContextImpl.java:116)
	at org.jboss.weld.core@5.1.2.Final//org.jboss.weld.interceptor.proxy.WeldInvocationContextImpl.proceed(WeldInvocationContextImpl.java:135)
	at deployment.acoset-server-ear.ear.acoset-server-ejb.jar//de.ids.acos.et.server.interceptor.ExceptionFilteringInterceptor.filterExceptions(ExceptionFilteringInterceptor.java:30)
	at jdk.internal.reflect.GeneratedMethodAccessor55.invoke(Unknown Source)
	at java.base/jdk.internal.reflect.DelegatingMethodAccessorImpl.invoke(DelegatingMethodAccessorImpl.java:43)
	at java.base/java.lang.reflect.Method.invoke(Method.java:568)
	at org.jboss.weld.core@5.1.2.Final//org.jboss.weld.interceptor.reader.SimpleInterceptorInvocation$SimpleMethodInvocation.invoke(SimpleInterceptorInvocation.java:75)
	at org.jboss.weld.core@5.1.2.Final//org.jboss.weld.interceptor.proxy.WeldInvocationContextImpl.invokeNext(WeldInvocationContextImpl.java:101)
	at org.jboss.weld.core@5.1.2.Final//org.jboss.weld.interceptor.proxy.WeldInvocationContextImpl.proceed(WeldInvocationContextImpl.java:133)
	at org.jboss.weld.core@5.1.2.Final//org.jboss.weld.bean.InterceptorImpl.intercept(InterceptorImpl.java:113)
	at org.jboss.as.weld.ejb@30.0.1.Final//org.jboss.as.weld.ejb.DelegatingInterceptorInvocationContext.proceed(DelegatingInterceptorInvocationContext.java:65)
	at org.jboss.as.weld.ejb@30.0.1.Final//org.jboss.as.weld.interceptors.EjbComponentInterceptorSupport.delegateInterception(EjbComponentInterceptorSupport.java:43)
	at org.jboss.as.weld.common@30.0.1.Final//org.jboss.as.weld.interceptors.Jsr299BindingsInterceptor.delegateInterception(Jsr299BindingsInterceptor.java:60)
	at org.jboss.as.weld.common@30.0.1.Final//org.jboss.as.weld.interceptors.Jsr299BindingsInterceptor.doMethodInterception(Jsr299BindingsInterceptor.java:72)
	at org.jboss.as.weld.common@30.0.1.Final//org.jboss.as.weld.interceptors.Jsr299BindingsInterceptor.processInvocation(Jsr299BindingsInterceptor.java:85)
	at org.jboss.as.ee@30.0.1.Final//org.jboss.as.ee.component.interceptors.UserInterceptorFactory$1.processInvocation(UserInterceptorFactory.java:46)
	at org.jboss.invocation@2.0.0.Final//org.jboss.invocation.InterceptorContext.proceed(InterceptorContext.java:422)
	at org.jboss.as.ejb3@30.0.1.Final//org.jboss.as.ejb3.component.invocationmetrics.ExecutionTimeInterceptor.processInvocation(ExecutionTimeInterceptor.java:26)
	at org.jboss.invocation@2.0.0.Final//org.jboss.invocation.InterceptorContext.proceed(InterceptorContext.java:422)
	at org.jboss.as.jpa@30.0.1.Final//org.jboss.as.jpa.interceptor.SBInvocationInterceptor.processInvocation(SBInvocationInterceptor.java:30)
	at org.jboss.invocation@2.0.0.Final//org.jboss.invocation.InterceptorContext.proceed(InterceptorContext.java:422)
	at org.jboss.as.ee@30.0.1.Final//org.jboss.as.ee.concurrent.ConcurrentContextInterceptor.processInvocation(ConcurrentContextInterceptor.java:28)
	at org.jboss.invocation@2.0.0.Final//org.jboss.invocation.InterceptorContext.proceed(InterceptorContext.java:422)
	at org.jboss.invocation@2.0.0.Final//org.jboss.invocation.InitialInterceptor.processInvocation(InitialInterceptor.java:40)
	at org.jboss.invocation@2.0.0.Final//org.jboss.invocation.InterceptorContext.proceed(InterceptorContext.java:422)
	at org.jboss.invocation@2.0.0.Final//org.jboss.invocation.ChainedInterceptor.processInvocation(ChainedInterceptor.java:53)
	at org.jboss.as.ee@30.0.1.Final//org.jboss.as.ee.component.interceptors.ComponentDispatcherInterceptor.processInvocation(ComponentDispatcherInterceptor.java:35)
	at org.jboss.invocation@2.0.0.Final//org.jboss.invocation.InterceptorContext.proceed(InterceptorContext.java:422)
	at org.jboss.as.ejb3@30.0.1.Final//org.jboss.as.ejb3.component.pool.PooledInstanceInterceptor.processInvocation(PooledInstanceInterceptor.java:34)
	at org.jboss.invocation@2.0.0.Final//org.jboss.invocation.InterceptorContext.proceed(InterceptorContext.java:422)
	at org.jboss.as.ejb3@30.0.1.Final//org.jboss.as.ejb3.component.interceptors.AdditionalSetupInterceptor.processInvocation(AdditionalSetupInterceptor.java:39)
	at org.jboss.invocation@2.0.0.Final//org.jboss.invocation.InterceptorContext.proceed(InterceptorContext.java:422)
	at org.jboss.as.ejb3@30.0.1.Final//org.jboss.as.ejb3.tx.CMTTxInterceptor.invokeInOurTx(CMTTxInterceptor.java:237)
	at org.jboss.as.ejb3@30.0.1.Final//org.jboss.as.ejb3.tx.CMTTxInterceptor.required(CMTTxInterceptor.java:373)
	at org.jboss.as.ejb3@30.0.1.Final//org.jboss.as.ejb3.tx.CMTTxInterceptor.processInvocation(CMTTxInterceptor.java:143)
	at org.jboss.invocation@2.0.0.Final//org.jboss.invocation.InterceptorContext.proceed(InterceptorContext.java:422)
	at org.jboss.invocation@2.0.0.Final//org.jboss.invocation.InterceptorContext$Invocation.proceed(InterceptorContext.java:509)
	at org.jboss.weld.core@5.1.2.Final//org.jboss.weld.module.ejb.AbstractEJBRequestScopeActivationInterceptor.aroundInvoke(AbstractEJBRequestScopeActivationInterceptor.java:87)
	at org.jboss.as.weld.common@30.0.1.Final//org.jboss.as.weld.ejb.EjbRequestScopeActivationInterceptor.processInvocation(EjbRequestScopeActivationInterceptor.java:72)
	at org.jboss.invocation@2.0.0.Final//org.jboss.invocation.InterceptorContext.proceed(InterceptorContext.java:422)
	at org.jboss.as.ejb3@30.0.1.Final//org.jboss.as.ejb3.component.interceptors.CurrentInvocationContextInterceptor.processInvocation(CurrentInvocationContextInterceptor.java:24)
	at org.jboss.invocation@2.0.0.Final//org.jboss.invocation.InterceptorContext.proceed(InterceptorContext.java:422)
	at org.jboss.as.ejb3@30.0.1.Final//org.jboss.as.ejb3.component.invocationmetrics.WaitTimeInterceptor.processInvocation(WaitTimeInterceptor.java:30)
	at org.jboss.invocation@2.0.0.Final//org.jboss.invocation.InterceptorContext.proceed(InterceptorContext.java:422)
	at org.jboss.as.ejb3@30.0.1.Final//org.jboss.as.ejb3.security.IdentityOutflowInterceptor.processInvocation(IdentityOutflowInterceptor.java:56)
	at org.jboss.invocation@2.0.0.Final//org.jboss.invocation.InterceptorContext.proceed(InterceptorContext.java:422)
	at org.jboss.as.ejb3@30.0.1.Final//org.jboss.as.ejb3.security.SecurityDomainInterceptor.processInvocation(SecurityDomainInterceptor.java:27)
	at org.jboss.invocation@2.0.0.Final//org.jboss.invocation.InterceptorContext.proceed(InterceptorContext.java:422)
	at org.jboss.as.ejb3@30.0.1.Final//org.jboss.as.ejb3.deployment.processors.StartupAwaitInterceptor.processInvocation(StartupAwaitInterceptor.java:27)
	at org.jboss.invocation@2.0.0.Final//org.jboss.invocation.InterceptorContext.proceed(InterceptorContext.java:422)
	at org.jboss.as.ejb3@30.0.1.Final//org.jboss.as.ejb3.component.interceptors.ShutDownInterceptorFactory$1.processInvocation(ShutDownInterceptorFactory.java:47)
	at org.jboss.invocation@2.0.0.Final//org.jboss.invocation.InterceptorContext.proceed(InterceptorContext.java:422)
	at org.jboss.as.ejb3@30.0.1.Final//org.jboss.as.ejb3.deployment.processors.EjbSuspendInterceptor.processInvocation(EjbSuspendInterceptor.java:40)
	at org.jboss.invocation@2.0.0.Final//org.jboss.invocation.InterceptorContext.proceed(InterceptorContext.java:422)
	at org.jboss.as.ejb3@30.0.1.Final//org.jboss.as.ejb3.component.interceptors.LoggingInterceptor.processInvocation(LoggingInterceptor.java:50)
	at org.jboss.invocation@2.0.0.Final//org.jboss.invocation.InterceptorContext.proceed(InterceptorContext.java:422)
	at org.jboss.as.ee@30.0.1.Final//org.jboss.as.ee.component.NamespaceContextInterceptor.processInvocation(NamespaceContextInterceptor.java:33)
	at org.jboss.invocation@2.0.0.Final//org.jboss.invocation.InterceptorContext.proceed(InterceptorContext.java:422)
	at org.jboss.invocation@2.0.0.Final//org.jboss.invocation.ContextClassLoaderInterceptor.processInvocation(ContextClassLoaderInterceptor.java:60)
	at org.jboss.invocation@2.0.0.Final//org.jboss.invocation.InterceptorContext.proceed(InterceptorContext.java:422)
	at org.jboss.invocation@2.0.0.Final//org.jboss.invocation.InterceptorContext.run(InterceptorContext.java:438)
	at org.wildfly.security.elytron-base@2.2.2.Final//org.wildfly.security.manager.WildFlySecurityManager.doChecked(WildFlySecurityManager.java:633)
	at org.jboss.invocation@2.0.0.Final//org.jboss.invocation.AccessCheckingInterceptor.processInvocation(AccessCheckingInterceptor.java:57)
	at org.jboss.invocation@2.0.0.Final//org.jboss.invocation.InterceptorContext.proceed(InterceptorContext.java:422)
	at org.jboss.invocation@2.0.0.Final//org.jboss.invocation.ChainedInterceptor.processInvocation(ChainedInterceptor.java:53)
	at org.jboss.as.ee@30.0.1.Final//org.jboss.as.ee.component.ViewService$View.invoke(ViewService.java:181)
	at org.wildfly.security.elytron-base@2.2.2.Final//org.wildfly.security.auth.server.SecurityIdentity.runAsFunctionEx(SecurityIdentity.java:421)
	at org.jboss.as.ejb3@30.0.1.Final//org.jboss.as.ejb3.remote.AssociationImpl.invokeWithIdentity(AssociationImpl.java:637)
	at org.jboss.as.ejb3@30.0.1.Final//org.jboss.as.ejb3.remote.AssociationImpl.invokeMethod(AssociationImpl.java:615)
	at org.jboss.as.ejb3@30.0.1.Final//org.jboss.as.ejb3.remote.AssociationImpl.lambda$receiveInvocationRequest$0(AssociationImpl.java:213)
	at org.jboss.threads@2.4.0.Final//org.jboss.threads.ContextClassLoaderSavingRunnable.run(ContextClassLoaderSavingRunnable.java:35)
	at org.jboss.threads@2.4.0.Final//org.jboss.threads.EnhancedQueueExecutor.safeRun(EnhancedQueueExecutor.java:1990)
	at org.jboss.threads@2.4.0.Final//org.jboss.threads.EnhancedQueueExecutor$ThreadBody.doRunTask(EnhancedQueueExecutor.java:1486)
	at org.jboss.threads@2.4.0.Final//org.jboss.threads.EnhancedQueueExecutor$ThreadBody.run(EnhancedQueueExecutor.java:1377)
	at java.base/java.lang.Thread.run(Thread.java:833)
	at org.jboss.threads@2.4.0.Final//org.jboss.threads.JBossThread.run(JBossThread.java:513)
Caused by: java.util.ConcurrentModificationException
	at java.base/java.util.HashMap$HashIterator.nextNode(HashMap.java:1597)
	at java.base/java.util.HashMap$ValueIterator.next(HashMap.java:1625)
	at org.hibernate@6.4.0.Final//org.hibernate.engine.internal.StatefulPersistenceContext.postLoad(StatefulPersistenceContext.java:435)
	at org.hibernate@6.4.0.Final//org.hibernate.sql.results.jdbc.internal.JdbcValuesSourceProcessingStateStandardImpl.finishUp(JdbcValuesSourceProcessingStateStandardImpl.java:146)
	at org.hibernate@6.4.0.Final//org.hibernate.sql.results.spi.ListResultsConsumer.consume(ListResultsConsumer.java:212)
	at org.hibernate@6.4.0.Final//org.hibernate.sql.results.spi.ListResultsConsumer.consume(ListResultsConsumer.java:33)
	at org.hibernate@6.4.0.Final//org.hibernate.sql.exec.internal.JdbcSelectExecutorStandardImpl.doExecuteQuery(JdbcSelectExecutorStandardImpl.java:209)
	at org.hibernate@6.4.0.Final//org.hibernate.sql.exec.internal.JdbcSelectExecutorStandardImpl.executeQuery(JdbcSelectExecutorStandardImpl.java:83)
	at org.hibernate@6.4.0.Final//org.hibernate.sql.exec.spi.JdbcSelectExecutor.list(JdbcSelectExecutor.java:76)
	at org.hibernate@6.4.0.Final//org.hibernate.sql.exec.spi.JdbcSelectExecutor.list(JdbcSelectExecutor.java:65)
	at org.hibernate@6.4.0.Final//org.hibernate.loader.ast.internal.SingleIdLoadPlan.load(SingleIdLoadPlan.java:145)
	at org.hibernate@6.4.0.Final//org.hibernate.loader.ast.internal.SingleIdLoadPlan.load(SingleIdLoadPlan.java:117)
	at org.hibernate@6.4.0.Final//org.hibernate.loader.ast.internal.SingleIdEntityLoaderStandardImpl.load(SingleIdEntityLoaderStandardImpl.java:75)
	at org.hibernate@6.4.0.Final//org.hibernate.persister.entity.AbstractEntityPersister.doLoad(AbstractEntityPersister.java:3715)
	at org.hibernate@6.4.0.Final//org.hibernate.persister.entity.AbstractEntityPersister.load(AbstractEntityPersister.java:3704)
	at org.hibernate@6.4.0.Final//org.hibernate.event.internal.DefaultLoadEventListener.loadFromDatasource(DefaultLoadEventListener.java:604)
	at org.hibernate@6.4.0.Final//org.hibernate.event.internal.DefaultLoadEventListener.loadFromCacheOrDatasource(DefaultLoadEventListener.java:590)
	at org.hibernate@6.4.0.Final//org.hibernate.event.internal.DefaultLoadEventListener.load(DefaultLoadEventListener.java:560)
	at org.hibernate@6.4.0.Final//org.hibernate.event.internal.DefaultLoadEventListener.doLoad(DefaultLoadEventListener.java:544)
	at org.hibernate@6.4.0.Final//org.hibernate.event.internal.DefaultLoadEventListener.load(DefaultLoadEventListener.java:207)
	at org.hibernate@6.4.0.Final//org.hibernate.event.internal.DefaultLoadEventListener.loadWithRegularProxy(DefaultLoadEventListener.java:290)
	at org.hibernate@6.4.0.Final//org.hibernate.event.internal.DefaultLoadEventListener.proxyOrLoad(DefaultLoadEventListener.java:242)
	at org.hibernate@6.4.0.Final//org.hibernate.event.internal.DefaultLoadEventListener.doOnLoad(DefaultLoadEventListener.java:111)
	at org.hibernate@6.4.0.Final//org.hibernate.event.internal.DefaultLoadEventListener.onLoad(DefaultLoadEventListener.java:68)
	at org.hibernate@6.4.0.Final//org.hibernate.event.service.internal.EventListenerGroupImpl.fireEventOnEachListener(EventListenerGroupImpl.java:138)
	at org.hibernate@6.4.0.Final//org.hibernate.internal.SessionImpl.fireLoadNoChecks(SessionImpl.java:1242)
	at org.hibernate@6.4.0.Final//org.hibernate.internal.SessionImpl.fireLoad(SessionImpl.java:1230)
	at org.hibernate@6.4.0.Final//org.hibernate.loader.internal.IdentifierLoadAccessImpl.load(IdentifierLoadAccessImpl.java:209)
	at org.hibernate@6.4.0.Final//org.hibernate.loader.internal.IdentifierLoadAccessImpl.doLoad(IdentifierLoadAccessImpl.java:160)
	at org.hibernate@6.4.0.Final//org.hibernate.loader.internal.IdentifierLoadAccessImpl.lambda$load$1(IdentifierLoadAccessImpl.java:149)
	at org.hibernate@6.4.0.Final//org.hibernate.loader.internal.IdentifierLoadAccessImpl.perform(IdentifierLoadAccessImpl.java:112)
	at org.hibernate@6.4.0.Final//org.hibernate.loader.internal.IdentifierLoadAccessImpl.load(IdentifierLoadAccessImpl.java:149)
	at org.hibernate@6.4.0.Final//org.hibernate.internal.SessionImpl.find(SessionImpl.java:2444)
	at org.hibernate@6.4.0.Final//org.hibernate.internal.SessionImpl.find(SessionImpl.java:2410)
	at org.jboss.as.jpa@30.0.1.Final//org.jboss.as.jpa.container.AbstractEntityManager.find(AbstractEntityManager.java:199)
	at deployment.acoset-server-ear.ear.acoset-server-ejb.jar//de.ids.acos.et.server.dao.GenericDao.find(GenericDao.java:76)
	at deployment.acoset-server-ear.ear.acoset-server-ejb.jar//de.ids.acos.et.server.dao.GenericDao.read(GenericDao.java:58)
	at java.base/jdk.internal.reflect.NativeMethodAccessorImpl.invoke0(Native Method)
	at java.base/jdk.internal.reflect.NativeMethodAccessorImpl.invoke(NativeMethodAccessorImpl.java:77)
	at java.base/jdk.internal.reflect.DelegatingMethodAccessorImpl.invoke(DelegatingMethodAccessorImpl.java:43)
	at java.base/java.lang.reflect.Method.invoke(Method.java:568)
	at org.jboss.as.ee@30.0.1.Final//org.jboss.as.ee.component.ManagedReferenceMethodInterceptor.processInvocation(ManagedReferenceMethodInterceptor.java:35)
	at org.jboss.invocation@2.0.0.Final//org.jboss.invocation.InterceptorContext.proceed(InterceptorContext.java:422)
	at org.jboss.invocation@2.0.0.Final//org.jboss.invocation.InterceptorContext$Invocation.proceed(InterceptorContext.java:509)
	at org.jboss.as.weld.common@30.0.1.Final//org.jboss.as.weld.interceptors.Jsr299BindingsInterceptor.delegateInterception(Jsr299BindingsInterceptor.java:62)
	at org.jboss.as.weld.common@30.0.1.Final//org.jboss.as.weld.interceptors.Jsr299BindingsInterceptor.doMethodInterception(Jsr299BindingsInterceptor.java:72)
	at org.jboss.as.weld.common@30.0.1.Final//org.jboss.as.weld.interceptors.Jsr299BindingsInterceptor.processInvocation(Jsr299BindingsInterceptor.java:85)
	at org.jboss.as.ee@30.0.1.Final//org.jboss.as.ee.component.interceptors.UserInterceptorFactory$1.processInvocation(UserInterceptorFactory.java:46)
	at org.jboss.invocation@2.0.0.Final//org.jboss.invocation.InterceptorContext.proceed(InterceptorContext.java:422)
	at org.jboss.as.ejb3@30.0.1.Final//org.jboss.as.ejb3.component.invocationmetrics.ExecutionTimeInterceptor.processInvocation(ExecutionTimeInterceptor.java:26)
	at org.jboss.invocation@2.0.0.Final//org.jboss.invocation.InterceptorContext.proceed(InterceptorContext.java:422)
	at org.jboss.as.jpa@30.0.1.Final//org.jboss.as.jpa.interceptor.SBInvocationInterceptor.processInvocation(SBInvocationInterceptor.java:30)
	at org.jboss.invocation@2.0.0.Final//org.jboss.invocation.InterceptorContext.proceed(InterceptorContext.java:422)
	at org.jboss.as.ee@30.0.1.Final//org.jboss.as.ee.concurrent.ConcurrentContextInterceptor.processInvocation(ConcurrentContextInterceptor.java:28)
	at org.jboss.invocation@2.0.0.Final//org.jboss.invocation.InterceptorContext.proceed(InterceptorContext.java:422)
	at org.jboss.invocation@2.0.0.Final//org.jboss.invocation.InitialInterceptor.processInvocation(InitialInterceptor.java:40)
	at org.jboss.invocation@2.0.0.Final//org.jboss.invocation.InterceptorContext.proceed(InterceptorContext.java:422)
	at org.jboss.invocation@2.0.0.Final//org.jboss.invocation.ChainedInterceptor.processInvocation(ChainedInterceptor.java:53)
	at org.jboss.as.ee@30.0.1.Final//org.jboss.as.ee.component.interceptors.ComponentDispatcherInterceptor.processInvocation(ComponentDispatcherInterceptor.java:35)
	at org.jboss.invocation@2.0.0.Final//org.jboss.invocation.InterceptorContext.proceed(InterceptorContext.java:422)
	at org.jboss.as.ejb3@30.0.1.Final//org.jboss.as.ejb3.component.pool.PooledInstanceInterceptor.processInvocation(PooledInstanceInterceptor.java:34)
	at org.jboss.invocation@2.0.0.Final//org.jboss.invocation.InterceptorContext.proceed(InterceptorContext.java:422)
	at org.jboss.as.ejb3@30.0.1.Final//org.jboss.as.ejb3.component.interceptors.AdditionalSetupInterceptor.processInvocation(AdditionalSetupInterceptor.java:39)
	at org.jboss.invocation@2.0.0.Final//org.jboss.invocation.InterceptorContext.proceed(InterceptorContext.java:422)
	at org.jboss.as.ejb3@30.0.1.Final//org.jboss.as.ejb3.tx.CMTTxInterceptor.invokeInCallerTx(CMTTxInterceptor.java:184)
	... 139 more

