15:12:47.508 [main] DEBUG o.h.internal.SessionFactoryRegistry - Initializing SessionFactoryRegistry : org.hibernate.internal.SessionFactoryRegistry@5852c06f
15:12:47.515 [main] DEBUG o.h.internal.SessionFactoryRegistry - Registering SessionFactory: 404fda7a-8066-40a5-82d3-38b5972bd427 (<unnamed>)
15:12:47.515 [main] DEBUG o.h.internal.SessionFactoryRegistry - Not binding SessionFactory to JNDI, no JNDI name configured
15:12:47.515 [main] DEBUG o.h.internal.SessionFactoryImpl - Instantiated session factory
 
java.lang.NullPointerException
        at org.hibernate.tool.hbm2ddl.SuppliedConnectionProviderConnectionHelper.prepare(SuppliedConnectionProviderConnectionHelper.java:51)
        at org.hibernate.tool.hbm2ddl.SchemaValidator.validate(SchemaValidator.java:166)
        at org.hibernate.internal.SessionFactoryImpl.<init>(SessionFactoryImpl.java:525)
        at org.hibernate.cfg.Configuration.buildSessionFactory(Configuration.java:1859)
        at SchemaBasedMultiTenancyTest.setUp(SchemaBasedMultiTenancyTest.java:71)
        at sun.reflect.NativeMethodAccessorImpl.invoke0(Native Method)
        at sun.reflect.NativeMethodAccessorImpl.invoke(NativeMethodAccessorImpl.java:62)
        at sun.reflect.DelegatingMethodAccessorImpl.invoke(DelegatingMethodAccessorImpl.java:43)
        at org.junit.runners.model.FrameworkMethod$1.runReflectiveCall(FrameworkMethod.java:50)
        at org.junit.internal.runners.model.ReflectiveCallable.run(ReflectiveCallable.java:12)
        at org.junit.runners.model.FrameworkMethod.invokeExplosively(FrameworkMethod.java:47)
        at org.junit.internal.runners.statements.RunBefores.evaluate(RunBefores.java:24)
        at org.junit.runners.ParentRunner.runLeaf(ParentRunner.java:325)
        at org.junit.runners.BlockJUnit4ClassRunner.runChild(BlockJUnit4ClassRunner.java:78)
        at org.junit.runners.BlockJUnit4ClassRunner.runChild(BlockJUnit4ClassRunner.java:57)
        at org.junit.runners.ParentRunner$3.run(ParentRunner.java:290)
        at org.junit.runners.ParentRunner$1.schedule(ParentRunner.java:71)
        at org.junit.runners.ParentRunner.runChildren(ParentRunner.java:288)
        at org.junit.runners.ParentRunner.access$000(ParentRunner.java:58)
        at org.junit.runners.ParentRunner$2.evaluate(ParentRunner.java:268)
        at org.junit.runners.ParentRunner.run(ParentRunner.java:363)
        at org.junit.runner.JUnitCore.run(JUnitCore.java:137)
        at com.intellij.junit4.JUnit4IdeaTestRunner.startRunnerWithArgs(JUnit4IdeaTestRunner.java:74)
        at com.intellij.rt.execution.junit.JUnitStarter.prepareStreamsAndStart(JUnitStarter.java:211)
        at com.intellij.rt.execution.junit.JUnitStarter.main(JUnitStarter.java:67)
        at sun.reflect.NativeMethodAccessorImpl.invoke0(Native Method)
        at sun.reflect.NativeMethodAccessorImpl.invoke(NativeMethodAccessorImpl.java:62)
        at com.intellij.rt.execution.application.AppMain.main(AppMain.java:134)