2023-04-19T15:03:00.258+02:00 DEBUG 15824 --- [    Test worker] tractDirtiesContextTestExecutionListener : Before test method: class [Issue4Test], method [issue4_disassamble_idclass], class annotated with @DirtiesContext [false] with mode [null], method annotated with @DirtiesContext [false] with mode [null]
2023-04-19T15:03:00.268+02:00 DEBUG 15824 --- [    Test worker] t.c.t.TransactionalTestExecutionListener : Explicit transaction definition [PROPAGATION_REQUIRED,ISOLATION_DEFAULT] found for test class [com.example.demo.Issue4Test] and test method [issue4_disassamble_idclass]
2023-04-19T15:03:00.268+02:00 DEBUG 15824 --- [    Test worker] org.springframework.test.context.cache   : Spring test ApplicationContext cache statistics: [DefaultContextCache@5fd454f2 size = 1, maxSize = 32, parentContextCount = 0, hitCount = 2, missCount = 1]
2023-04-19T15:03:00.271+02:00 DEBUG 15824 --- [    Test worker] t.c.t.TransactionalTestExecutionListener : No method-level @Rollback override: using default rollback [true] for test method [public void com.example.demo.Issue4Test.issue4_disassamble_idclass()]
2023-04-19T15:03:00.273+02:00 DEBUG 15824 --- [    Test worker] o.s.orm.jpa.JpaTransactionManager        : Creating new transaction with name [com.example.demo.Issue4Test.issue4_disassamble_idclass]: PROPAGATION_REQUIRED,ISOLATION_DEFAULT
2023-04-19T15:03:00.274+02:00 DEBUG 15824 --- [    Test worker] o.s.orm.jpa.JpaTransactionManager        : Opened new EntityManager [SessionImpl(1553527535<open>)] for JPA transaction
2023-04-19T15:03:00.282+02:00 DEBUG 15824 --- [    Test worker] o.h.e.t.internal.TransactionImpl         : On TransactionImpl creation, JpaCompliance#isJpaTransactionComplianceEnabled == false
2023-04-19T15:03:00.282+02:00 DEBUG 15824 --- [    Test worker] o.h.e.t.internal.TransactionImpl         : begin
2023-04-19T15:03:00.285+02:00 DEBUG 15824 --- [    Test worker] org.postgresql.jdbc.PgConnection         :   setAutoCommit = false
2023-04-19T15:03:00.289+02:00 DEBUG 15824 --- [    Test worker] o.s.orm.jpa.JpaTransactionManager        : Exposing JPA transaction as JDBC [org.springframework.orm.jpa.vendor.HibernateJpaDialect$HibernateConnectionHandle@1f934fd8]
2023-04-19T15:03:00.290+02:00 DEBUG 15824 --- [    Test worker] o.s.t.c.transaction.TransactionContext   : Began transaction (1) for test class [com.example.demo.Issue4Test]; test method [issue4_disassamble_idclass]; transaction manager [org.springframework.orm.jpa.JpaTransactionManager@6d782f9]; rollback [true]
2023-04-19T15:03:00.297+02:00 DEBUG 15824 --- [    Test worker] org.springframework.test.context.cache   : Spring test ApplicationContext cache statistics: [DefaultContextCache@5fd454f2 size = 1, maxSize = 32, parentContextCount = 0, hitCount = 3, missCount = 1]
2023-04-19T15:03:00.299+02:00 DEBUG 15824 --- [    Test worker] org.springframework.test.context.cache   : Spring test ApplicationContext cache statistics: [DefaultContextCache@5fd454f2 size = 1, maxSize = 32, parentContextCount = 0, hitCount = 4, missCount = 1]
2023-04-19T15:03:00.727+02:00 DEBUG 15824 --- [    Test worker] org.springframework.test.context.cache   : Spring test ApplicationContext cache statistics: [DefaultContextCache@5fd454f2 size = 1, maxSize = 32, parentContextCount = 0, hitCount = 5, missCount = 1]
2023-04-19T15:03:00.791+02:00 DEBUG 15824 --- [    Test worker] org.hibernate.orm.query.plan.cache       : Creating and caching NativeQuery ParameterInterpretation - ParameterInterpretationImpl (insert into CONTENT (ID, NAME) values (200, 'NAME for CONTENT 320')) : {
}
2023-04-19T15:03:00.820+02:00 DEBUG 15824 --- [    Test worker] org.hibernate.SQL                        : insert into CONTENT (ID, NAME) values (200, 'NAME for CONTENT 320')
Hibernate: insert into CONTENT (ID, NAME) values (200, 'NAME for CONTENT 320')
2023-04-19T15:03:00.830+02:00 DEBUG 15824 --- [    Test worker] org.hibernate.orm.query.plan.cache       : Creating and caching NativeQuery ParameterInterpretation - ParameterInterpretationImpl (insert into DETAIL (ID, ID2, NAME, ID_CONTENT) values (300, 400, 'NAME for DETAIL 300', 200)) : {
}
2023-04-19T15:03:00.831+02:00 DEBUG 15824 --- [    Test worker] org.hibernate.SQL                        : insert into DETAIL (ID, ID2, NAME, ID_CONTENT) values (300, 400, 'NAME for DETAIL 300', 200)
Hibernate: insert into DETAIL (ID, ID2, NAME, ID_CONTENT) values (300, 400, 'NAME for DETAIL 300', 200)
2023-04-19T15:03:00.837+02:00 DEBUG 15824 --- [    Test worker] o.s.orm.jpa.JpaTransactionManager        : Initiating transaction commit
2023-04-19T15:03:00.837+02:00 DEBUG 15824 --- [    Test worker] o.s.orm.jpa.JpaTransactionManager        : Committing JPA transaction on EntityManager [SessionImpl(1553527535<open>)]
2023-04-19T15:03:00.837+02:00 DEBUG 15824 --- [    Test worker] o.h.e.t.internal.TransactionImpl         : committing
2023-04-19T15:03:00.842+02:00 DEBUG 15824 --- [    Test worker] org.postgresql.jdbc.PgConnection         :   setAutoCommit = true
2023-04-19T15:03:00.844+02:00 DEBUG 15824 --- [    Test worker] o.s.orm.jpa.JpaTransactionManager        : Closing JPA EntityManager [SessionImpl(1553527535<open>)] after transaction
2023-04-19T15:03:00.844+02:00 DEBUG 15824 --- [    Test worker] o.s.t.c.transaction.TransactionContext   : Committed transaction (1) for test class [com.example.demo.Issue4Test]; test method [issue4_disassamble_idclass]
2023-04-19T15:03:00.844+02:00 DEBUG 15824 --- [    Test worker] o.s.orm.jpa.JpaTransactionManager        : Creating new transaction with name [com.example.demo.Issue4Test.issue4_disassamble_idclass]: PROPAGATION_REQUIRED,ISOLATION_DEFAULT
2023-04-19T15:03:00.844+02:00 DEBUG 15824 --- [    Test worker] o.s.orm.jpa.JpaTransactionManager        : Opened new EntityManager [SessionImpl(1347425447<open>)] for JPA transaction
2023-04-19T15:03:00.844+02:00 DEBUG 15824 --- [    Test worker] o.h.e.t.internal.TransactionImpl         : On TransactionImpl creation, JpaCompliance#isJpaTransactionComplianceEnabled == false
2023-04-19T15:03:00.844+02:00 DEBUG 15824 --- [    Test worker] o.h.e.t.internal.TransactionImpl         : begin
2023-04-19T15:03:00.845+02:00 DEBUG 15824 --- [    Test worker] org.postgresql.jdbc.PgConnection         :   setAutoCommit = false
2023-04-19T15:03:00.845+02:00 DEBUG 15824 --- [    Test worker] o.s.orm.jpa.JpaTransactionManager        : Exposing JPA transaction as JDBC [org.springframework.orm.jpa.vendor.HibernateJpaDialect$HibernateConnectionHandle@62733827]
2023-04-19T15:03:00.845+02:00 DEBUG 15824 --- [    Test worker] o.s.t.c.transaction.TransactionContext   : Began transaction (2) for test class [com.example.demo.Issue4Test]; test method [issue4_disassamble_idclass]; transaction manager [org.springframework.orm.jpa.JpaTransactionManager@6d782f9]; rollback [true]
2023-04-19T15:03:00.862+02:00 DEBUG 15824 --- [    Test worker] o.s.orm.jpa.JpaTransactionManager        : Found thread-bound EntityManager [SessionImpl(1347425447<open>)] for JPA transaction
2023-04-19T15:03:00.862+02:00 DEBUG 15824 --- [    Test worker] o.s.orm.jpa.JpaTransactionManager        : Participating in existing transaction
2023-04-19T15:03:00.930+02:00 DEBUG 15824 --- [    Test worker] org.hibernate.orm.sql.exec               : Skipping reading Query result cache data: cache-enabled = false, cache-mode = IGNORE
2023-04-19T15:03:00.992+02:00 DEBUG 15824 --- [    Test worker] org.hibernate.orm.results                : Initializer list
2023-04-19T15:03:00.993+02:00 DEBUG 15824 --- [    Test worker] org.hibernate.orm.results                :     com.example.demo.domain.issue4.Content.detailList.{fk-target} -> EmbeddableResultInitializer(com.example.demo.domain.issue4.Content.detailList.{fk-target})@998964671 (org.hibernate.metamodel.mapping.internal.EmbeddedIdentifierMappingImpl@40b4fec9)
2023-04-19T15:03:00.996+02:00 DEBUG 15824 --- [    Test worker] org.hibernate.orm.results                :     com.example.demo.domain.issue4.Content.detailList -> DelayedCollectionInitializer(com.example.demo.domain.issue4.Content.detailList)@1734534618 (PluralAttribute(com.example.demo.domain.issue4.Content.detailList))
2023-04-19T15:03:00.997+02:00 DEBUG 15824 --- [    Test worker] org.hibernate.orm.results                :     com.example.demo.domain.issue4.Content -> EntityResultInitializer(com.example.demo.domain.issue4.Content)@1782096467 (SingleTableEntityPersister(com.example.demo.domain.issue4.Content))
2023-04-19T15:03:01.014+02:00 DEBUG 15824 --- [    Test worker] org.hibernate.SQL                        : select c1_0.id,c1_0.name from content c1_0 where c1_0.id=?
Hibernate: select c1_0.id,c1_0.name from content c1_0 where c1_0.id=?
2023-04-19T15:03:01.048+02:00 DEBUG 15824 --- [    Test worker] o.hibernate.orm.results.loading.entity   : (EntityResultInitializer) Hydrated EntityKey (com.example.demo.domain.issue4.Content): com.example.demo.domain.issue4.PkComposite@6e83a884
2023-04-19T15:03:01.050+02:00 DEBUG 15824 --- [    Test worker] o.h.o.r.l.o.h.o.r.loading.embeddable     : Initializing composite instance [com.example.demo.domain.issue4.Content.detailList.{fk-target}]
2023-04-19T15:03:01.050+02:00 DEBUG 15824 --- [    Test worker] org.hibernate.orm.results                : Extracted JDBC value [0] - [200]
2023-04-19T15:03:01.055+02:00 DEBUG 15824 --- [    Test worker] o.h.o.r.l.o.h.o.r.loading.embeddable     : Created composite instance [com.example.demo.domain.issue4.Content.detailList.{fk-target}] : com.example.demo.domain.issue4.PkComposite@4e5f4756
2023-04-19T15:03:01.055+02:00 DEBUG 15824 --- [    Test worker] o.h.o.r.l.o.h.o.r.loading.embeddable     : Created composite instance [com.example.demo.domain.issue4.Content.detailList.{fk-target}]
2023-04-19T15:03:01.058+02:00 DEBUG 15824 --- [    Test worker] o.h.o.r.l.o.h.o.r.loading.collection     : (DelayedCollectionInitializer) Current row collection key : com.example.demo.domain.issue4.Content.detailList#com.example.demo.domain.issue4.PkComposite@4e5f4756
2023-04-19T15:03:01.061+02:00 DEBUG 15824 --- [    Test worker] o.hibernate.orm.results.loading.entity   : (EntityResultInitializer) Created new entity instance [com.example.demo.domain.issue4.Content#com.example.demo.domain.issue4.PkComposite@6e83a884] : 130049815
2023-04-19T15:03:01.083+02:00 DEBUG 15824 --- [    Test worker] o.h.o.r.l.o.h.o.r.loading.embeddable     : Initializing composite instance [com.example.demo.domain.issue4.Content.detailList.{fk-target}]
2023-04-19T15:03:01.083+02:00 DEBUG 15824 --- [    Test worker] org.hibernate.orm.results                : Extracted JDBC value [0] - [200]
2023-04-19T15:03:01.086+02:00 DEBUG 15824 --- [    Test worker] org.hibernate.orm.results                : Extracted JDBC value [1] - [NAME for CONTENT 320]
2023-04-19T15:03:01.101+02:00 DEBUG 15824 --- [    Test worker] o.hibernate.orm.results.loading.entity   : (EntityResultInitializer) Done materializing entityInstance : com.example.demo.domain.issue4.Content#com.example.demo.domain.issue4.PkComposite@6e83a884
2023-04-19T15:03:01.102+02:00 DEBUG 15824 --- [    Test worker] org.hibernate.orm.results.loading        : Calling top-level assembler (0 / 1) : org.hibernate.sql.results.graph.entity.internal.EntityAssembler@1a0d31d1
2023-04-19T15:03:01.118+02:00 DEBUG 15824 --- [    Test worker] org.hibernate.orm.sql.ast.create         : Created new SQL alias : d1_0
2023-04-19T15:03:01.118+02:00 DEBUG 15824 --- [    Test worker] org.hibernate.orm.sql.ast.create         : Registration of TableGroup [org.hibernate.sql.ast.tree.from.OneToManyTableGroup@f80d1af] with identifierForTableGroup [com.example.demo.domain.issue4.Content.detailList] for NavigablePath [com.example.demo.domain.issue4.Content.detailList] 
2023-04-19T15:03:01.118+02:00 DEBUG 15824 --- [    Test worker] org.hibernate.orm.sql.ast.create         : Registration of TableGroup [StandardTableGroup(com.example.demo.domain.issue4.Content.detailList.{element})] with identifierForTableGroup [com.example.demo.domain.issue4.Content.detailList.{element}] for NavigablePath [com.example.demo.domain.issue4.Content.detailList.{element}] 
2023-04-19T15:03:01.118+02:00 DEBUG 15824 --- [    Test worker] org.hibernate.orm.sql.ast.create         : Registration of TableGroup [StandardVirtualTableGroup(com.example.demo.domain.issue4.Content.detailList.{fk})] with identifierForTableGroup [com.example.demo.domain.issue4.Content.detailList.{fk}] for NavigablePath [com.example.demo.domain.issue4.Content.detailList.{fk}] 
2023-04-19T15:03:01.119+02:00 DEBUG 15824 --- [    Test worker] org.hibernate.orm.sql.ast.create         : Registration of TableGroup [StandardVirtualTableGroup(com.example.demo.domain.issue4.Content.detailList.{element}.{id})] with identifierForTableGroup [com.example.demo.domain.issue4.Content.detailList.{element}.{id}] for NavigablePath [com.example.demo.domain.issue4.Content.detailList.{element}.{id}] 
2023-04-19T15:03:01.119+02:00 DEBUG 15824 --- [    Test worker] org.hibernate.orm.results.graph.AST      : DomainResult Graph:
 \-CollectionDomainResult [com.example.demo.domain.issue4.Content.detailList]

2023-04-19T15:03:01.120+02:00 DEBUG 15824 --- [    Test worker] org.hibernate.orm.sql.ast.tree           : SQL AST Tree:
    SelectStatement {
      FromClause {
        OneToManyTableGroup (d1 : com.example.demo.domain.issue4.Content.detailList) {
          primaryTableReference : detail as d1_0
          TableGroupJoins {
             join StandardVirtualTableGroup (null : com.example.demo.domain.issue4.Content.detailList.{fk}) {
              primaryTableReference : detail as d1_0
            }
             join StandardVirtualTableGroup (null : com.example.demo.domain.issue4.Content.detailList.{element}.{id}) {
              primaryTableReference : detail as d1_0
            }
          }
        }
      }
    }

2023-04-19T15:03:01.127+02:00 DEBUG 15824 --- [    Test worker] org.hibernate.orm.sql.exec               : Skipping reading Query result cache data: cache-enabled = false, cache-mode = IGNORE
2023-04-19T15:03:01.137+02:00 DEBUG 15824 --- [    Test worker] org.hibernate.orm.results                : Initializer list
2023-04-19T15:03:01.137+02:00 DEBUG 15824 --- [    Test worker] org.hibernate.orm.results                :     com.example.demo.domain.issue4.Content.detailList.{fk} -> EmbeddableResultInitializer(com.example.demo.domain.issue4.Content.detailList.{fk})@1091608967 (EmbeddedAttributeMapping(NavigableRole[com.example.demo.domain.issue4.Content.id])@1109811596)
2023-04-19T15:03:01.138+02:00 DEBUG 15824 --- [    Test worker] org.hibernate.orm.results                :     com.example.demo.domain.issue4.Content.detailList.{element}.{id} -> EmbeddableFetchInitializer(com.example.demo.domain.issue4.Content.detailList.{element}.{id}) : `class com.example.demo.domain.issue4.Detail`@1471813672 (EmbeddedAttributeMapping(NavigableRole[com.example.demo.domain.issue4.Detail])@1316099491)
2023-04-19T15:03:01.139+02:00 DEBUG 15824 --- [    Test worker] org.hibernate.orm.results                :     com.example.demo.domain.issue4.Content.detailList.{element} -> EntityJoinedFetchInitializer(com.example.demo.domain.issue4.Content.detailList.{element})@178952563 (EntityCollectionPart(com.example.demo.domain.issue4.Content.detailList#{element})@2071045035)
2023-04-19T15:03:01.139+02:00 DEBUG 15824 --- [    Test worker] org.hibernate.orm.results                :     com.example.demo.domain.issue4.Content.detailList -> BagInitializer(com.example.demo.domain.issue4.Content.detailList)@2081263541 (PluralAttribute(com.example.demo.domain.issue4.Content.detailList))
2023-04-19T15:03:01.139+02:00 DEBUG 15824 --- [    Test worker] org.hibernate.SQL                        : select d1_0.id_content,d1_0.id,d1_0.id2,d1_0.name from detail d1_0 where d1_0.id_content=?
Hibernate: select d1_0.id_content,d1_0.id,d1_0.id2,d1_0.name from detail d1_0 where d1_0.id_content=?
2023-04-19T15:03:01.143+02:00 DEBUG 15824 --- [    Test worker] o.h.o.r.l.o.h.o.r.loading.embeddable     : Initializing composite instance [com.example.demo.domain.issue4.Content.detailList.{element}.{id}]
2023-04-19T15:03:01.143+02:00 DEBUG 15824 --- [    Test worker] org.hibernate.orm.results                : Extracted JDBC value [1] - [300]
2023-04-19T15:03:01.143+02:00 DEBUG 15824 --- [    Test worker] org.hibernate.orm.results                : Extracted JDBC value [2] - [400]
2023-04-19T15:03:01.145+02:00 DEBUG 15824 --- [    Test worker] o.h.o.r.l.o.h.o.r.loading.embeddable     : Created composite instance [com.example.demo.domain.issue4.Content.detailList.{element}.{id}] : com.example.demo.domain.issue4.DoubleId@1a49f8b8
2023-04-19T15:03:01.145+02:00 DEBUG 15824 --- [    Test worker] o.h.o.r.l.o.h.o.r.loading.embeddable     : Created composite instance [com.example.demo.domain.issue4.Content.detailList.{element}.{id}]
2023-04-19T15:03:01.145+02:00 DEBUG 15824 --- [    Test worker] o.hibernate.orm.results.loading.entity   : (EntityJoinedFetchInitializer) Hydrated EntityKey (com.example.demo.domain.issue4.Content.detailList.{element}): com.example.demo.domain.issue4.DoubleId@1a49f8b8
2023-04-19T15:03:01.145+02:00 DEBUG 15824 --- [    Test worker] o.h.o.r.l.o.h.o.r.loading.embeddable     : Initializing composite instance [com.example.demo.domain.issue4.Content.detailList.{fk}]
2023-04-19T15:03:01.145+02:00 DEBUG 15824 --- [    Test worker] org.hibernate.orm.results                : Extracted JDBC value [0] - [200]
2023-04-19T15:03:01.145+02:00 DEBUG 15824 --- [    Test worker] o.h.o.r.l.o.h.o.r.loading.embeddable     : Created composite instance [com.example.demo.domain.issue4.Content.detailList.{fk}] : com.example.demo.domain.issue4.PkComposite@5a11f1e9
2023-04-19T15:03:01.145+02:00 DEBUG 15824 --- [    Test worker] o.h.o.r.l.o.h.o.r.loading.embeddable     : Created composite instance [com.example.demo.domain.issue4.Content.detailList.{fk}]
2023-04-19T15:03:01.145+02:00 DEBUG 15824 --- [    Test worker] o.h.o.r.l.o.h.o.r.loading.collection     : (BagInitializer) Current row collection key : com.example.demo.domain.issue4.Content.detailList#com.example.demo.domain.issue4.PkComposite@5a11f1e9
2023-04-19T15:03:01.145+02:00 DEBUG 15824 --- [    Test worker] o.h.o.r.l.o.h.o.r.loading.embeddable     : Initializing composite instance [com.example.demo.domain.issue4.Content.detailList.{fk}]
2023-04-19T15:03:01.146+02:00 DEBUG 15824 --- [    Test worker] org.hibernate.orm.results                : Extracted JDBC value [0] - [200]
2023-04-19T15:03:01.146+02:00 DEBUG 15824 --- [    Test worker] o.hibernate.orm.results.loading.entity   : (EntityJoinedFetchInitializer) Created new entity instance [com.example.demo.domain.issue4.Content.detailList.{element}#com.example.demo.domain.issue4.DoubleId@1a49f8b8] : 1064440428
2023-04-19T15:03:01.151+02:00 DEBUG 15824 --- [    Test worker] o.h.o.r.l.o.h.o.r.loading.collection     : (BagInitializer) Responsible for loading collection [com.example.demo.domain.issue4.Content.detailList#com.example.demo.domain.issue4.PkComposite@5a11f1e9] : org.hibernate.collection.spi.PersistentBag@506396943
2023-04-19T15:03:01.152+02:00 DEBUG 15824 --- [    Test worker] o.h.o.r.l.o.h.o.r.loading.embeddable     : Initializing composite instance [com.example.demo.domain.issue4.Content.detailList.{fk}]
2023-04-19T15:03:01.152+02:00 DEBUG 15824 --- [    Test worker] org.hibernate.orm.results                : Extracted JDBC value [0] - [200]
2023-04-19T15:03:01.152+02:00 DEBUG 15824 --- [    Test worker] o.h.o.r.l.o.h.o.r.loading.embeddable     : Initializing composite instance [com.example.demo.domain.issue4.Content.detailList.{element}.{id}]
2023-04-19T15:03:01.152+02:00 DEBUG 15824 --- [    Test worker] org.hibernate.orm.results                : Extracted JDBC value [1] - [300]
2023-04-19T15:03:01.153+02:00 DEBUG 15824 --- [    Test worker] org.hibernate.orm.results                : Extracted JDBC value [2] - [400]
2023-04-19T15:03:01.153+02:00 DEBUG 15824 --- [    Test worker] o.h.o.r.l.o.h.o.r.loading.embeddable     : Initializing composite instance [com.example.demo.domain.issue4.Content.detailList.{element}.{id}]
2023-04-19T15:03:01.153+02:00 DEBUG 15824 --- [    Test worker] org.hibernate.orm.results                : Extracted JDBC value [1] - [300]
2023-04-19T15:03:01.153+02:00 DEBUG 15824 --- [    Test worker] org.hibernate.orm.results                : Extracted JDBC value [2] - [400]
2023-04-19T15:03:01.153+02:00 DEBUG 15824 --- [    Test worker] o.hibernate.orm.results.loading.entity   : (EntityJoinedFetchInitializer) Found existing loading entry [com.example.demo.domain.issue4.Content.detailList.{element}#com.example.demo.domain.issue4.DoubleId@1a49f8b8] - using loading instance
2023-04-19T15:03:01.153+02:00 DEBUG 15824 --- [    Test worker] o.h.o.r.l.o.h.o.r.loading.embeddable     : Created composite instance [com.example.demo.domain.issue4.Content.detailList.{element}.{id}]
2023-04-19T15:03:01.153+02:00 DEBUG 15824 --- [    Test worker] o.h.o.r.l.o.h.o.r.loading.embeddable     : Initializing composite instance [com.example.demo.domain.issue4.Content.detailList.{element}.{id}]
2023-04-19T15:03:01.153+02:00 DEBUG 15824 --- [    Test worker] org.hibernate.orm.results                : Extracted JDBC value [1] - [300]
2023-04-19T15:03:01.154+02:00 DEBUG 15824 --- [    Test worker] org.hibernate.orm.results                : Extracted JDBC value [2] - [400]
2023-04-19T15:03:01.154+02:00 DEBUG 15824 --- [    Test worker] org.hibernate.orm.results                : Extracted JDBC value [3] - [NAME for DETAIL 300]
2023-04-19T15:03:01.154+02:00 DEBUG 15824 --- [    Test worker] o.hibernate.orm.results.loading.entity   : (EntityJoinedFetchInitializer) Done materializing entityInstance : com.example.demo.domain.issue4.Content.detailList.{element}#com.example.demo.domain.issue4.DoubleId@1a49f8b8
2023-04-19T15:03:01.154+02:00 DEBUG 15824 --- [    Test worker] o.h.o.r.l.o.h.o.r.loading.collection     : (BagInitializer) Reading element from row for collection [com.example.demo.domain.issue4.Content.detailList#com.example.demo.domain.issue4.PkComposite@5a11f1e9] -> org.hibernate.collection.spi.PersistentBag@506396943
2023-04-19T15:03:01.155+02:00 DEBUG 15824 --- [    Test worker] org.hibernate.orm.results.loading        : Calling top-level assembler (0 / 1) : org.hibernate.sql.results.graph.collection.internal.EagerCollectionAssembler@6cb862dc
2023-04-19T15:03:01.160+02:00 DEBUG 15824 --- [    Test worker] o.h.sql.results.internal.ResultsHelper   : Collection fully initialized: [com.example.demo.domain.issue4.Content.detailList#component[id]{id=200}]
2023-04-19T15:03:01.163+02:00 DEBUG 15824 --- [    Test worker] o.s.orm.jpa.JpaTransactionManager        : Found thread-bound EntityManager [SessionImpl(1347425447<open>)] for JPA transaction
2023-04-19T15:03:01.163+02:00 DEBUG 15824 --- [    Test worker] o.s.orm.jpa.JpaTransactionManager        : Participating in existing transaction
2023-04-19T15:03:01.164+02:00 DEBUG 15824 --- [    Test worker] o.h.j.internal.PersistenceUnitUtilImpl   : jakarta.persistence.PersistenceUnitUtil.getIdentifier is only intended to work with enhanced entities (although Hibernate also adapts this support to its proxies); however the passed entity was not enhanced (nor a proxy).. may not be able to read identifier
2023-04-19T15:03:01.190+02:00 DEBUG 15824 --- [    Test worker] org.hibernate.orm.sql.ast.create         : Created new SQL alias : d1_0
2023-04-19T15:03:01.191+02:00 DEBUG 15824 --- [    Test worker] org.hibernate.orm.sql.ast.create         : Registration of TableGroup [StandardTableGroup(com.example.demo.domain.issue4.Detail)] with identifierForTableGroup [com.example.demo.domain.issue4.Detail] for NavigablePath [com.example.demo.domain.issue4.Detail] 
2023-04-19T15:03:01.191+02:00 DEBUG 15824 --- [    Test worker] org.hibernate.orm.sql.ast.create         : Registration of TableGroup [StandardVirtualTableGroup(com.example.demo.domain.issue4.Detail.{id})] with identifierForTableGroup [com.example.demo.domain.issue4.Detail.{id}] for NavigablePath [com.example.demo.domain.issue4.Detail.{id}] 
2023-04-19T15:03:01.191+02:00 DEBUG 15824 --- [    Test worker] org.hibernate.orm.results.graph.AST      : DomainResult Graph:
 \-EntityResultImpl [com.example.demo.domain.issue4.Detail]
 |  +-EmbeddableFetchImpl [com.example.demo.domain.issue4.Detail.{id}]
 |  |  +-BasicFetch [com.example.demo.domain.issue4.Detail.{id}.id]
 |  |  \-BasicFetch [com.example.demo.domain.issue4.Detail.{id}.id2]
 |  \-BasicFetch [com.example.demo.domain.issue4.Detail.name]

2023-04-19T15:03:01.192+02:00 DEBUG 15824 --- [    Test worker] org.hibernate.orm.sql.ast.tree           : SQL AST Tree:
    SelectStatement {
      FromClause {
        StandardTableGroup (d1 : com.example.demo.domain.issue4.Detail) {
          primaryTableReference : detail as d1_0
          TableGroupJoins {
             join StandardVirtualTableGroup (null : com.example.demo.domain.issue4.Detail.{id}) {
              primaryTableReference : detail as d1_0
            }
          }
        }
      }
    }

2023-04-19T15:03:01.192+02:00 DEBUG 15824 --- [    Test worker] org.hibernate.orm.sql.exec               : Skipping reading Query result cache data: cache-enabled = false, cache-mode = IGNORE
2023-04-19T15:03:01.192+02:00 DEBUG 15824 --- [    Test worker] org.hibernate.orm.results                : Initializer list
2023-04-19T15:03:01.192+02:00 DEBUG 15824 --- [    Test worker] org.hibernate.orm.results                :     com.example.demo.domain.issue4.Detail.{id} -> EmbeddableFetchInitializer(com.example.demo.domain.issue4.Detail.{id}) : `class com.example.demo.domain.issue4.Detail`@309359772 (EmbeddedAttributeMapping(NavigableRole[com.example.demo.domain.issue4.Detail])@1316099491)
2023-04-19T15:03:01.193+02:00 DEBUG 15824 --- [    Test worker] org.hibernate.orm.results                :     com.example.demo.domain.issue4.Detail -> EntityResultInitializer(com.example.demo.domain.issue4.Detail)@712447692 (SingleTableEntityPersister(com.example.demo.domain.issue4.Detail))
2023-04-19T15:03:01.193+02:00 DEBUG 15824 --- [    Test worker] org.hibernate.SQL                        : select d1_0.id,d1_0.id2,d1_0.name from detail d1_0 where (d1_0.id,d1_0.id2) in((?,?))
Hibernate: select d1_0.id,d1_0.id2,d1_0.name from detail d1_0 where (d1_0.id,d1_0.id2) in((?,?))
2023-04-19T15:03:01.207+02:00 DEBUG 15824 --- [    Test worker] o.h.e.i.AbstractSaveEventListener        : Generated identifier: component[id,id2]{id2=901, id=301}, using strategy: org.hibernate.id.CompositeNestedGeneratedValueGenerator
2023-04-19T15:03:01.233+02:00 DEBUG 15824 --- [    Test worker] o.s.orm.jpa.JpaTransactionManager        : Initiating transaction commit
2023-04-19T15:03:01.233+02:00 DEBUG 15824 --- [    Test worker] o.s.orm.jpa.JpaTransactionManager        : Committing JPA transaction on EntityManager [SessionImpl(1347425447<open>)]
2023-04-19T15:03:01.233+02:00 DEBUG 15824 --- [    Test worker] o.h.e.t.internal.TransactionImpl         : committing
2023-04-19T15:03:01.233+02:00 DEBUG 15824 --- [    Test worker] o.h.e.i.AbstractFlushingEventListener    : Processing flush-time cascades
2023-04-19T15:03:01.249+02:00 DEBUG 15824 --- [    Test worker] o.h.e.i.AbstractFlushingEventListener    : Dirty checking collections
2023-04-19T15:03:01.250+02:00 DEBUG 15824 --- [    Test worker] o.hibernate.engine.spi.CollectionEntry   : Collection dirty: [com.example.demo.domain.issue4.Content.detailList#com.example.demo.domain.issue4.PkComposite@4e5f4756]
2023-04-19T15:03:01.260+02:00 DEBUG 15824 --- [    Test worker] o.hibernate.engine.internal.Collections  : Collection found: [com.example.demo.domain.issue4.Content.detailList#component[id]{id=200}], was: [com.example.demo.domain.issue4.Content.detailList#component[id]{id=200}] (initialized)
2023-04-19T15:03:01.267+02:00 DEBUG 15824 --- [    Test worker] o.h.e.i.AbstractFlushingEventListener    : Flushed: 1 insertions, 0 updates, 1 deletions to 3 objects
2023-04-19T15:03:01.267+02:00 DEBUG 15824 --- [    Test worker] o.h.e.i.AbstractFlushingEventListener    : Flushed: 0 (re)creations, 1 updates, 0 removals to 1 collections
2023-04-19T15:03:01.270+02:00 DEBUG 15824 --- [    Test worker] o.hibernate.internal.util.EntityPrinter  : Listing entities:
2023-04-19T15:03:01.270+02:00 DEBUG 15824 --- [    Test worker] o.hibernate.internal.util.EntityPrinter  : com.example.demo.domain.issue4.Detail{name=NAME for DETAIL 301}
2023-04-19T15:03:01.270+02:00 DEBUG 15824 --- [    Test worker] o.hibernate.internal.util.EntityPrinter  : com.example.demo.domain.issue4.Detail{name=NAME for DETAIL 300}
2023-04-19T15:03:01.270+02:00 DEBUG 15824 --- [    Test worker] o.hibernate.internal.util.EntityPrinter  : com.example.demo.domain.issue4.Content{detailList=[com.example.demo.domain.issue4.Detail], name=NAME for CONTENT 320, id=component[id]{id=200}}
2023-04-19T15:03:01.295+02:00 DEBUG 15824 --- [    Test worker] org.hibernate.SQL                        : insert into detail (name,id,id2) values (?,?,?)
Hibernate: insert into detail (name,id,id2) values (?,?,?)
2023-04-19T15:03:01.309+02:00 DEBUG 15824 --- [    Test worker] org.hibernate.orm.jdbc.mutation          : Deleting removed collection rows - com.example.demo.domain.issue4.Content.detailList : com.example.demo.domain.issue4.PkComposite@4e5f4756
2023-04-19T15:03:01.318+02:00 DEBUG 15824 --- [    Test worker] cResourceLocalTransactionCoordinatorImpl : JDBC transaction marked for rollback-only (exception provided for stack trace)

java.lang.Exception: exception just for purpose of providing stack trace
	at org.hibernate.resource.transaction.backend.jdbc.internal.JdbcResourceLocalTransactionCoordinatorImpl$TransactionDriverControlImpl.markRollbackOnly(JdbcResourceLocalTransactionCoordinatorImpl.java:310)
	at org.hibernate.engine.transaction.internal.TransactionImpl.markRollbackOnly(TransactionImpl.java:203)
	at org.hibernate.internal.AbstractSharedSessionContract.markForRollbackOnly(AbstractSharedSessionContract.java:454)
	at org.hibernate.internal.ExceptionConverterImpl.rollbackIfNecessary(ExceptionConverterImpl.java:259)
	at org.hibernate.internal.ExceptionConverterImpl.convert(ExceptionConverterImpl.java:155)
	at org.hibernate.internal.ExceptionConverterImpl.convert(ExceptionConverterImpl.java:162)
	at org.hibernate.internal.ExceptionConverterImpl.convert(ExceptionConverterImpl.java:168)
	at org.hibernate.internal.SessionImpl.doFlush(SessionImpl.java:1416)
	at org.hibernate.internal.SessionImpl.managedFlush(SessionImpl.java:485)
	at org.hibernate.internal.SessionImpl.flushBeforeTransactionCompletion(SessionImpl.java:2296)
	at org.hibernate.internal.SessionImpl.beforeTransactionCompletion(SessionImpl.java:1961)
	at org.hibernate.engine.jdbc.internal.JdbcCoordinatorImpl.beforeTransactionCompletion(JdbcCoordinatorImpl.java:439)
	at org.hibernate.resource.transaction.backend.jdbc.internal.JdbcResourceLocalTransactionCoordinatorImpl.beforeCompletionCallback(JdbcResourceLocalTransactionCoordinatorImpl.java:169)
	at org.hibernate.resource.transaction.backend.jdbc.internal.JdbcResourceLocalTransactionCoordinatorImpl$TransactionDriverControlImpl.commit(JdbcResourceLocalTransactionCoordinatorImpl.java:267)
	at org.hibernate.engine.transaction.internal.TransactionImpl.commit(TransactionImpl.java:101)
	at org.springframework.orm.jpa.JpaTransactionManager.doCommit(JpaTransactionManager.java:561)
	at org.springframework.transaction.support.AbstractPlatformTransactionManager.processCommit(AbstractPlatformTransactionManager.java:743)
	at org.springframework.transaction.support.AbstractPlatformTransactionManager.commit(AbstractPlatformTransactionManager.java:711)
	at org.springframework.test.context.transaction.TransactionContext.endTransaction(TransactionContext.java:135)
	at org.springframework.test.context.transaction.TestTransaction.end(TestTransaction.java:135)
	at com.example.demo.Issue4Test.issue4_disassamble_idclass(Issue4Test.java:54)
	at java.base/jdk.internal.reflect.NativeMethodAccessorImpl.invoke0(Native Method)
	at java.base/jdk.internal.reflect.NativeMethodAccessorImpl.invoke(NativeMethodAccessorImpl.java:77)
	at java.base/jdk.internal.reflect.DelegatingMethodAccessorImpl.invoke(DelegatingMethodAccessorImpl.java:43)
	at java.base/java.lang.reflect.Method.invoke(Method.java:568)
	at org.junit.platform.commons.util.ReflectionUtils.invokeMethod(ReflectionUtils.java:727)
	at org.junit.jupiter.engine.execution.MethodInvocation.proceed(MethodInvocation.java:60)
	at org.junit.jupiter.engine.execution.InvocationInterceptorChain$ValidatingInvocation.proceed(InvocationInterceptorChain.java:131)
	at org.junit.jupiter.engine.extension.TimeoutExtension.intercept(TimeoutExtension.java:156)
	at org.junit.jupiter.engine.extension.TimeoutExtension.interceptTestableMethod(TimeoutExtension.java:147)
	at org.junit.jupiter.engine.extension.TimeoutExtension.interceptTestMethod(TimeoutExtension.java:86)
	at org.junit.jupiter.engine.execution.InterceptingExecutableInvoker$ReflectiveInterceptorCall.lambda$ofVoidMethod$0(InterceptingExecutableInvoker.java:103)
	at org.junit.jupiter.engine.execution.InterceptingExecutableInvoker.lambda$invoke$0(InterceptingExecutableInvoker.java:93)
	at org.junit.jupiter.engine.execution.InvocationInterceptorChain$InterceptedInvocation.proceed(InvocationInterceptorChain.java:106)
	at org.junit.jupiter.engine.execution.InvocationInterceptorChain.proceed(InvocationInterceptorChain.java:64)
	at org.junit.jupiter.engine.execution.InvocationInterceptorChain.chainAndInvoke(InvocationInterceptorChain.java:45)
	at org.junit.jupiter.engine.execution.InvocationInterceptorChain.invoke(InvocationInterceptorChain.java:37)
	at org.junit.jupiter.engine.execution.InterceptingExecutableInvoker.invoke(InterceptingExecutableInvoker.java:92)
	at org.junit.jupiter.engine.execution.InterceptingExecutableInvoker.invoke(InterceptingExecutableInvoker.java:86)
	at org.junit.jupiter.engine.descriptor.TestMethodTestDescriptor.lambda$invokeTestMethod$7(TestMethodTestDescriptor.java:217)
	at org.junit.platform.engine.support.hierarchical.ThrowableCollector.execute(ThrowableCollector.java:73)
	at org.junit.jupiter.engine.descriptor.TestMethodTestDescriptor.invokeTestMethod(TestMethodTestDescriptor.java:213)
	at org.junit.jupiter.engine.descriptor.TestMethodTestDescriptor.execute(TestMethodTestDescriptor.java:138)
	at org.junit.jupiter.engine.descriptor.TestMethodTestDescriptor.execute(TestMethodTestDescriptor.java:68)
	at org.junit.platform.engine.support.hierarchical.NodeTestTask.lambda$executeRecursively$6(NodeTestTask.java:151)
	at org.junit.platform.engine.support.hierarchical.ThrowableCollector.execute(ThrowableCollector.java:73)
	at org.junit.platform.engine.support.hierarchical.NodeTestTask.lambda$executeRecursively$8(NodeTestTask.java:141)
	at org.junit.platform.engine.support.hierarchical.Node.around(Node.java:137)
	at org.junit.platform.engine.support.hierarchical.NodeTestTask.lambda$executeRecursively$9(NodeTestTask.java:139)
	at org.junit.platform.engine.support.hierarchical.ThrowableCollector.execute(ThrowableCollector.java:73)
	at org.junit.platform.engine.support.hierarchical.NodeTestTask.executeRecursively(NodeTestTask.java:138)
	at org.junit.platform.engine.support.hierarchical.NodeTestTask.execute(NodeTestTask.java:95)
	at java.base/java.util.ArrayList.forEach(ArrayList.java:1511)
	at org.junit.platform.engine.support.hierarchical.SameThreadHierarchicalTestExecutorService.invokeAll(SameThreadHierarchicalTestExecutorService.java:41)
	at org.junit.platform.engine.support.hierarchical.NodeTestTask.lambda$executeRecursively$6(NodeTestTask.java:155)
	at org.junit.platform.engine.support.hierarchical.ThrowableCollector.execute(ThrowableCollector.java:73)
	at org.junit.platform.engine.support.hierarchical.NodeTestTask.lambda$executeRecursively$8(NodeTestTask.java:141)
	at org.junit.platform.engine.support.hierarchical.Node.around(Node.java:137)
	at org.junit.platform.engine.support.hierarchical.NodeTestTask.lambda$executeRecursively$9(NodeTestTask.java:139)
	at org.junit.platform.engine.support.hierarchical.ThrowableCollector.execute(ThrowableCollector.java:73)
	at org.junit.platform.engine.support.hierarchical.NodeTestTask.executeRecursively(NodeTestTask.java:138)
	at org.junit.platform.engine.support.hierarchical.NodeTestTask.execute(NodeTestTask.java:95)
	at java.base/java.util.ArrayList.forEach(ArrayList.java:1511)
	at org.junit.platform.engine.support.hierarchical.SameThreadHierarchicalTestExecutorService.invokeAll(SameThreadHierarchicalTestExecutorService.java:41)
	at org.junit.platform.engine.support.hierarchical.NodeTestTask.lambda$executeRecursively$6(NodeTestTask.java:155)
	at org.junit.platform.engine.support.hierarchical.ThrowableCollector.execute(ThrowableCollector.java:73)
	at org.junit.platform.engine.support.hierarchical.NodeTestTask.lambda$executeRecursively$8(NodeTestTask.java:141)
	at org.junit.platform.engine.support.hierarchical.Node.around(Node.java:137)
	at org.junit.platform.engine.support.hierarchical.NodeTestTask.lambda$executeRecursively$9(NodeTestTask.java:139)
	at org.junit.platform.engine.support.hierarchical.ThrowableCollector.execute(ThrowableCollector.java:73)
	at org.junit.platform.engine.support.hierarchical.NodeTestTask.executeRecursively(NodeTestTask.java:138)
	at org.junit.platform.engine.support.hierarchical.NodeTestTask.execute(NodeTestTask.java:95)
	at org.junit.platform.engine.support.hierarchical.SameThreadHierarchicalTestExecutorService.submit(SameThreadHierarchicalTestExecutorService.java:35)
	at org.junit.platform.engine.support.hierarchical.HierarchicalTestExecutor.execute(HierarchicalTestExecutor.java:57)
	at org.junit.platform.engine.support.hierarchical.HierarchicalTestEngine.execute(HierarchicalTestEngine.java:54)
	at org.junit.platform.launcher.core.EngineExecutionOrchestrator.execute(EngineExecutionOrchestrator.java:107)
	at org.junit.platform.launcher.core.EngineExecutionOrchestrator.execute(EngineExecutionOrchestrator.java:88)
	at org.junit.platform.launcher.core.EngineExecutionOrchestrator.lambda$execute$0(EngineExecutionOrchestrator.java:54)
	at org.junit.platform.launcher.core.EngineExecutionOrchestrator.withInterceptedStreams(EngineExecutionOrchestrator.java:67)
	at org.junit.platform.launcher.core.EngineExecutionOrchestrator.execute(EngineExecutionOrchestrator.java:52)
	at org.junit.platform.launcher.core.DefaultLauncher.execute(DefaultLauncher.java:114)
	at org.junit.platform.launcher.core.DefaultLauncher.execute(DefaultLauncher.java:86)
	at org.junit.platform.launcher.core.DefaultLauncherSession$DelegatingLauncher.execute(DefaultLauncherSession.java:86)
	at org.junit.platform.launcher.core.SessionPerRequestLauncher.execute(SessionPerRequestLauncher.java:53)
	at org.gradle.api.internal.tasks.testing.junitplatform.JUnitPlatformTestClassProcessor$CollectAllTestClassesExecutor.processAllTestClasses(JUnitPlatformTestClassProcessor.java:99)
	at org.gradle.api.internal.tasks.testing.junitplatform.JUnitPlatformTestClassProcessor$CollectAllTestClassesExecutor.access$000(JUnitPlatformTestClassProcessor.java:79)
	at org.gradle.api.internal.tasks.testing.junitplatform.JUnitPlatformTestClassProcessor.stop(JUnitPlatformTestClassProcessor.java:75)
	at org.gradle.api.internal.tasks.testing.SuiteTestClassProcessor.stop(SuiteTestClassProcessor.java:61)
	at java.base/jdk.internal.reflect.NativeMethodAccessorImpl.invoke0(Native Method)
	at java.base/jdk.internal.reflect.NativeMethodAccessorImpl.invoke(NativeMethodAccessorImpl.java:77)
	at java.base/jdk.internal.reflect.DelegatingMethodAccessorImpl.invoke(DelegatingMethodAccessorImpl.java:43)
	at java.base/java.lang.reflect.Method.invoke(Method.java:568)
	at org.gradle.internal.dispatch.ReflectionDispatch.dispatch(ReflectionDispatch.java:36)
	at org.gradle.internal.dispatch.ReflectionDispatch.dispatch(ReflectionDispatch.java:24)
	at org.gradle.internal.dispatch.ContextClassLoaderDispatch.dispatch(ContextClassLoaderDispatch.java:33)
	at org.gradle.internal.dispatch.ProxyDispatchAdapter$DispatchingInvocationHandler.invoke(ProxyDispatchAdapter.java:94)
	at jdk.proxy2/jdk.proxy2.$Proxy5.stop(Unknown Source)
	at org.gradle.api.internal.tasks.testing.worker.TestWorker$3.run(TestWorker.java:193)
	at org.gradle.api.internal.tasks.testing.worker.TestWorker.executeAndMaintainThreadName(TestWorker.java:129)
	at org.gradle.api.internal.tasks.testing.worker.TestWorker.execute(TestWorker.java:100)
	at org.gradle.api.internal.tasks.testing.worker.TestWorker.execute(TestWorker.java:60)
	at org.gradle.process.internal.worker.child.ActionExecutionWorker.execute(ActionExecutionWorker.java:56)
	at org.gradle.process.internal.worker.child.SystemApplicationClassLoaderWorker.call(SystemApplicationClassLoaderWorker.java:133)
	at org.gradle.process.internal.worker.child.SystemApplicationClassLoaderWorker.call(SystemApplicationClassLoaderWorker.java:71)
	at worker.org.gradle.process.internal.worker.GradleWorkerMain.run(GradleWorkerMain.java:69)
	at worker.org.gradle.process.internal.worker.GradleWorkerMain.main(GradleWorkerMain.java:74)

2023-04-19T15:03:01.320+02:00 DEBUG 15824 --- [    Test worker] cResourceLocalTransactionCoordinatorImpl : JDBC transaction marked for rollback-only (exception provided for stack trace)

java.lang.Exception: exception just for purpose of providing stack trace
	at org.hibernate.resource.transaction.backend.jdbc.internal.JdbcResourceLocalTransactionCoordinatorImpl$TransactionDriverControlImpl.markRollbackOnly(JdbcResourceLocalTransactionCoordinatorImpl.java:310)
	at org.hibernate.resource.transaction.backend.jdbc.internal.JdbcResourceLocalTransactionCoordinatorImpl.beforeCompletionCallback(JdbcResourceLocalTransactionCoordinatorImpl.java:178)
	at org.hibernate.resource.transaction.backend.jdbc.internal.JdbcResourceLocalTransactionCoordinatorImpl$TransactionDriverControlImpl.commit(JdbcResourceLocalTransactionCoordinatorImpl.java:267)
	at org.hibernate.engine.transaction.internal.TransactionImpl.commit(TransactionImpl.java:101)
	at org.springframework.orm.jpa.JpaTransactionManager.doCommit(JpaTransactionManager.java:561)
	at org.springframework.transaction.support.AbstractPlatformTransactionManager.processCommit(AbstractPlatformTransactionManager.java:743)
	at org.springframework.transaction.support.AbstractPlatformTransactionManager.commit(AbstractPlatformTransactionManager.java:711)
	at org.springframework.test.context.transaction.TransactionContext.endTransaction(TransactionContext.java:135)
	at org.springframework.test.context.transaction.TestTransaction.end(TestTransaction.java:135)
	at com.example.demo.Issue4Test.issue4_disassamble_idclass(Issue4Test.java:54)
	at java.base/jdk.internal.reflect.NativeMethodAccessorImpl.invoke0(Native Method)
	at java.base/jdk.internal.reflect.NativeMethodAccessorImpl.invoke(NativeMethodAccessorImpl.java:77)
	at java.base/jdk.internal.reflect.DelegatingMethodAccessorImpl.invoke(DelegatingMethodAccessorImpl.java:43)
	at java.base/java.lang.reflect.Method.invoke(Method.java:568)
	at org.junit.platform.commons.util.ReflectionUtils.invokeMethod(ReflectionUtils.java:727)
	at org.junit.jupiter.engine.execution.MethodInvocation.proceed(MethodInvocation.java:60)
	at org.junit.jupiter.engine.execution.InvocationInterceptorChain$ValidatingInvocation.proceed(InvocationInterceptorChain.java:131)
	at org.junit.jupiter.engine.extension.TimeoutExtension.intercept(TimeoutExtension.java:156)
	at org.junit.jupiter.engine.extension.TimeoutExtension.interceptTestableMethod(TimeoutExtension.java:147)
	at org.junit.jupiter.engine.extension.TimeoutExtension.interceptTestMethod(TimeoutExtension.java:86)
	at org.junit.jupiter.engine.execution.InterceptingExecutableInvoker$ReflectiveInterceptorCall.lambda$ofVoidMethod$0(InterceptingExecutableInvoker.java:103)
	at org.junit.jupiter.engine.execution.InterceptingExecutableInvoker.lambda$invoke$0(InterceptingExecutableInvoker.java:93)
	at org.junit.jupiter.engine.execution.InvocationInterceptorChain$InterceptedInvocation.proceed(InvocationInterceptorChain.java:106)
	at org.junit.jupiter.engine.execution.InvocationInterceptorChain.proceed(InvocationInterceptorChain.java:64)
	at org.junit.jupiter.engine.execution.InvocationInterceptorChain.chainAndInvoke(InvocationInterceptorChain.java:45)
	at org.junit.jupiter.engine.execution.InvocationInterceptorChain.invoke(InvocationInterceptorChain.java:37)
	at org.junit.jupiter.engine.execution.InterceptingExecutableInvoker.invoke(InterceptingExecutableInvoker.java:92)
	at org.junit.jupiter.engine.execution.InterceptingExecutableInvoker.invoke(InterceptingExecutableInvoker.java:86)
	at org.junit.jupiter.engine.descriptor.TestMethodTestDescriptor.lambda$invokeTestMethod$7(TestMethodTestDescriptor.java:217)
	at org.junit.platform.engine.support.hierarchical.ThrowableCollector.execute(ThrowableCollector.java:73)
	at org.junit.jupiter.engine.descriptor.TestMethodTestDescriptor.invokeTestMethod(TestMethodTestDescriptor.java:213)
	at org.junit.jupiter.engine.descriptor.TestMethodTestDescriptor.execute(TestMethodTestDescriptor.java:138)
	at org.junit.jupiter.engine.descriptor.TestMethodTestDescriptor.execute(TestMethodTestDescriptor.java:68)
	at org.junit.platform.engine.support.hierarchical.NodeTestTask.lambda$executeRecursively$6(NodeTestTask.java:151)
	at org.junit.platform.engine.support.hierarchical.ThrowableCollector.execute(ThrowableCollector.java:73)
	at org.junit.platform.engine.support.hierarchical.NodeTestTask.lambda$executeRecursively$8(NodeTestTask.java:141)
	at org.junit.platform.engine.support.hierarchical.Node.around(Node.java:137)
	at org.junit.platform.engine.support.hierarchical.NodeTestTask.lambda$executeRecursively$9(NodeTestTask.java:139)
	at org.junit.platform.engine.support.hierarchical.ThrowableCollector.execute(ThrowableCollector.java:73)
	at org.junit.platform.engine.support.hierarchical.NodeTestTask.executeRecursively(NodeTestTask.java:138)
	at org.junit.platform.engine.support.hierarchical.NodeTestTask.execute(NodeTestTask.java:95)
	at java.base/java.util.ArrayList.forEach(ArrayList.java:1511)
	at org.junit.platform.engine.support.hierarchical.SameThreadHierarchicalTestExecutorService.invokeAll(SameThreadHierarchicalTestExecutorService.java:41)
	at org.junit.platform.engine.support.hierarchical.NodeTestTask.lambda$executeRecursively$6(NodeTestTask.java:155)
	at org.junit.platform.engine.support.hierarchical.ThrowableCollector.execute(ThrowableCollector.java:73)
	at org.junit.platform.engine.support.hierarchical.NodeTestTask.lambda$executeRecursively$8(NodeTestTask.java:141)
	at org.junit.platform.engine.support.hierarchical.Node.around(Node.java:137)
	at org.junit.platform.engine.support.hierarchical.NodeTestTask.lambda$executeRecursively$9(NodeTestTask.java:139)
	at org.junit.platform.engine.support.hierarchical.ThrowableCollector.execute(ThrowableCollector.java:73)
	at org.junit.platform.engine.support.hierarchical.NodeTestTask.executeRecursively(NodeTestTask.java:138)
	at org.junit.platform.engine.support.hierarchical.NodeTestTask.execute(NodeTestTask.java:95)
	at java.base/java.util.ArrayList.forEach(ArrayList.java:1511)
	at org.junit.platform.engine.support.hierarchical.SameThreadHierarchicalTestExecutorService.invokeAll(SameThreadHierarchicalTestExecutorService.java:41)
	at org.junit.platform.engine.support.hierarchical.NodeTestTask.lambda$executeRecursively$6(NodeTestTask.java:155)
	at org.junit.platform.engine.support.hierarchical.ThrowableCollector.execute(ThrowableCollector.java:73)
	at org.junit.platform.engine.support.hierarchical.NodeTestTask.lambda$executeRecursively$8(NodeTestTask.java:141)
	at org.junit.platform.engine.support.hierarchical.Node.around(Node.java:137)
	at org.junit.platform.engine.support.hierarchical.NodeTestTask.lambda$executeRecursively$9(NodeTestTask.java:139)
	at org.junit.platform.engine.support.hierarchical.ThrowableCollector.execute(ThrowableCollector.java:73)
	at org.junit.platform.engine.support.hierarchical.NodeTestTask.executeRecursively(NodeTestTask.java:138)
	at org.junit.platform.engine.support.hierarchical.NodeTestTask.execute(NodeTestTask.java:95)
	at org.junit.platform.engine.support.hierarchical.SameThreadHierarchicalTestExecutorService.submit(SameThreadHierarchicalTestExecutorService.java:35)
	at org.junit.platform.engine.support.hierarchical.HierarchicalTestExecutor.execute(HierarchicalTestExecutor.java:57)
	at org.junit.platform.engine.support.hierarchical.HierarchicalTestEngine.execute(HierarchicalTestEngine.java:54)
	at org.junit.platform.launcher.core.EngineExecutionOrchestrator.execute(EngineExecutionOrchestrator.java:107)
	at org.junit.platform.launcher.core.EngineExecutionOrchestrator.execute(EngineExecutionOrchestrator.java:88)
	at org.junit.platform.launcher.core.EngineExecutionOrchestrator.lambda$execute$0(EngineExecutionOrchestrator.java:54)
	at org.junit.platform.launcher.core.EngineExecutionOrchestrator.withInterceptedStreams(EngineExecutionOrchestrator.java:67)
	at org.junit.platform.launcher.core.EngineExecutionOrchestrator.execute(EngineExecutionOrchestrator.java:52)
	at org.junit.platform.launcher.core.DefaultLauncher.execute(DefaultLauncher.java:114)
	at org.junit.platform.launcher.core.DefaultLauncher.execute(DefaultLauncher.java:86)
	at org.junit.platform.launcher.core.DefaultLauncherSession$DelegatingLauncher.execute(DefaultLauncherSession.java:86)
	at org.junit.platform.launcher.core.SessionPerRequestLauncher.execute(SessionPerRequestLauncher.java:53)
	at org.gradle.api.internal.tasks.testing.junitplatform.JUnitPlatformTestClassProcessor$CollectAllTestClassesExecutor.processAllTestClasses(JUnitPlatformTestClassProcessor.java:99)
	at org.gradle.api.internal.tasks.testing.junitplatform.JUnitPlatformTestClassProcessor$CollectAllTestClassesExecutor.access$000(JUnitPlatformTestClassProcessor.java:79)
	at org.gradle.api.internal.tasks.testing.junitplatform.JUnitPlatformTestClassProcessor.stop(JUnitPlatformTestClassProcessor.java:75)
	at org.gradle.api.internal.tasks.testing.SuiteTestClassProcessor.stop(SuiteTestClassProcessor.java:61)
	at java.base/jdk.internal.reflect.NativeMethodAccessorImpl.invoke0(Native Method)
	at java.base/jdk.internal.reflect.NativeMethodAccessorImpl.invoke(NativeMethodAccessorImpl.java:77)
	at java.base/jdk.internal.reflect.DelegatingMethodAccessorImpl.invoke(DelegatingMethodAccessorImpl.java:43)
	at java.base/java.lang.reflect.Method.invoke(Method.java:568)
	at org.gradle.internal.dispatch.ReflectionDispatch.dispatch(ReflectionDispatch.java:36)
	at org.gradle.internal.dispatch.ReflectionDispatch.dispatch(ReflectionDispatch.java:24)
	at org.gradle.internal.dispatch.ContextClassLoaderDispatch.dispatch(ContextClassLoaderDispatch.java:33)
	at org.gradle.internal.dispatch.ProxyDispatchAdapter$DispatchingInvocationHandler.invoke(ProxyDispatchAdapter.java:94)
	at jdk.proxy2/jdk.proxy2.$Proxy5.stop(Unknown Source)
	at org.gradle.api.internal.tasks.testing.worker.TestWorker$3.run(TestWorker.java:193)
	at org.gradle.api.internal.tasks.testing.worker.TestWorker.executeAndMaintainThreadName(TestWorker.java:129)
	at org.gradle.api.internal.tasks.testing.worker.TestWorker.execute(TestWorker.java:100)
	at org.gradle.api.internal.tasks.testing.worker.TestWorker.execute(TestWorker.java:60)
	at org.gradle.process.internal.worker.child.ActionExecutionWorker.execute(ActionExecutionWorker.java:56)
	at org.gradle.process.internal.worker.child.SystemApplicationClassLoaderWorker.call(SystemApplicationClassLoaderWorker.java:133)
	at org.gradle.process.internal.worker.child.SystemApplicationClassLoaderWorker.call(SystemApplicationClassLoaderWorker.java:71)
	at worker.org.gradle.process.internal.worker.GradleWorkerMain.run(GradleWorkerMain.java:69)
	at worker.org.gradle.process.internal.worker.GradleWorkerMain.main(GradleWorkerMain.java:74)

2023-04-19T15:03:01.325+02:00 DEBUG 15824 --- [    Test worker] org.postgresql.jdbc.PgConnection         :   setAutoCommit = true
2023-04-19T15:03:01.328+02:00 DEBUG 15824 --- [    Test worker] o.h.e.t.internal.TransactionImpl         : rollback() called on an inactive transaction
2023-04-19T15:03:01.329+02:00 DEBUG 15824 --- [    Test worker] o.s.orm.jpa.JpaTransactionManager        : Initiating transaction rollback after commit exception

org.springframework.orm.jpa.JpaSystemException: Error accessing field [private java.lang.Long com.example.demo.domain.issue4.DoubleId.id] by reflection for persistent property [com.example.demo.domain.issue4.DoubleId#id] : [Ljava.lang.Object;@2ae26828
	at org.springframework.orm.jpa.vendor.HibernateJpaDialect.convertHibernateAccessException(HibernateJpaDialect.java:320)
	at org.springframework.orm.jpa.vendor.HibernateJpaDialect.translateExceptionIfPossible(HibernateJpaDialect.java:229)
	at org.springframework.orm.jpa.JpaTransactionManager.doCommit(JpaTransactionManager.java:565)
	at org.springframework.transaction.support.AbstractPlatformTransactionManager.processCommit(AbstractPlatformTransactionManager.java:743)
	at org.springframework.transaction.support.AbstractPlatformTransactionManager.commit(AbstractPlatformTransactionManager.java:711)
	at org.springframework.test.context.transaction.TransactionContext.endTransaction(TransactionContext.java:135)
	at org.springframework.test.context.transaction.TestTransaction.end(TestTransaction.java:135)
	at com.example.demo.Issue4Test.issue4_disassamble_idclass(Issue4Test.java:54)
	at java.base/jdk.internal.reflect.NativeMethodAccessorImpl.invoke0(Native Method)
	at java.base/jdk.internal.reflect.NativeMethodAccessorImpl.invoke(NativeMethodAccessorImpl.java:77)
	at java.base/jdk.internal.reflect.DelegatingMethodAccessorImpl.invoke(DelegatingMethodAccessorImpl.java:43)
	at java.base/java.lang.reflect.Method.invoke(Method.java:568)
	at org.junit.platform.commons.util.ReflectionUtils.invokeMethod(ReflectionUtils.java:727)
	at org.junit.jupiter.engine.execution.MethodInvocation.proceed(MethodInvocation.java:60)
	at org.junit.jupiter.engine.execution.InvocationInterceptorChain$ValidatingInvocation.proceed(InvocationInterceptorChain.java:131)
	at org.junit.jupiter.engine.extension.TimeoutExtension.intercept(TimeoutExtension.java:156)
	at org.junit.jupiter.engine.extension.TimeoutExtension.interceptTestableMethod(TimeoutExtension.java:147)
	at org.junit.jupiter.engine.extension.TimeoutExtension.interceptTestMethod(TimeoutExtension.java:86)
	at org.junit.jupiter.engine.execution.InterceptingExecutableInvoker$ReflectiveInterceptorCall.lambda$ofVoidMethod$0(InterceptingExecutableInvoker.java:103)
	at org.junit.jupiter.engine.execution.InterceptingExecutableInvoker.lambda$invoke$0(InterceptingExecutableInvoker.java:93)
	at org.junit.jupiter.engine.execution.InvocationInterceptorChain$InterceptedInvocation.proceed(InvocationInterceptorChain.java:106)
	at org.junit.jupiter.engine.execution.InvocationInterceptorChain.proceed(InvocationInterceptorChain.java:64)
	at org.junit.jupiter.engine.execution.InvocationInterceptorChain.chainAndInvoke(InvocationInterceptorChain.java:45)
	at org.junit.jupiter.engine.execution.InvocationInterceptorChain.invoke(InvocationInterceptorChain.java:37)
	at org.junit.jupiter.engine.execution.InterceptingExecutableInvoker.invoke(InterceptingExecutableInvoker.java:92)
	at org.junit.jupiter.engine.execution.InterceptingExecutableInvoker.invoke(InterceptingExecutableInvoker.java:86)
	at org.junit.jupiter.engine.descriptor.TestMethodTestDescriptor.lambda$invokeTestMethod$7(TestMethodTestDescriptor.java:217)
	at org.junit.platform.engine.support.hierarchical.ThrowableCollector.execute(ThrowableCollector.java:73)
	at org.junit.jupiter.engine.descriptor.TestMethodTestDescriptor.invokeTestMethod(TestMethodTestDescriptor.java:213)
	at org.junit.jupiter.engine.descriptor.TestMethodTestDescriptor.execute(TestMethodTestDescriptor.java:138)
	at org.junit.jupiter.engine.descriptor.TestMethodTestDescriptor.execute(TestMethodTestDescriptor.java:68)
	at org.junit.platform.engine.support.hierarchical.NodeTestTask.lambda$executeRecursively$6(NodeTestTask.java:151)
	at org.junit.platform.engine.support.hierarchical.ThrowableCollector.execute(ThrowableCollector.java:73)
	at org.junit.platform.engine.support.hierarchical.NodeTestTask.lambda$executeRecursively$8(NodeTestTask.java:141)
	at org.junit.platform.engine.support.hierarchical.Node.around(Node.java:137)
	at org.junit.platform.engine.support.hierarchical.NodeTestTask.lambda$executeRecursively$9(NodeTestTask.java:139)
	at org.junit.platform.engine.support.hierarchical.ThrowableCollector.execute(ThrowableCollector.java:73)
	at org.junit.platform.engine.support.hierarchical.NodeTestTask.executeRecursively(NodeTestTask.java:138)
	at org.junit.platform.engine.support.hierarchical.NodeTestTask.execute(NodeTestTask.java:95)
	at java.base/java.util.ArrayList.forEach(ArrayList.java:1511)
	at org.junit.platform.engine.support.hierarchical.SameThreadHierarchicalTestExecutorService.invokeAll(SameThreadHierarchicalTestExecutorService.java:41)
	at org.junit.platform.engine.support.hierarchical.NodeTestTask.lambda$executeRecursively$6(NodeTestTask.java:155)
	at org.junit.platform.engine.support.hierarchical.ThrowableCollector.execute(ThrowableCollector.java:73)
	at org.junit.platform.engine.support.hierarchical.NodeTestTask.lambda$executeRecursively$8(NodeTestTask.java:141)
	at org.junit.platform.engine.support.hierarchical.Node.around(Node.java:137)
	at org.junit.platform.engine.support.hierarchical.NodeTestTask.lambda$executeRecursively$9(NodeTestTask.java:139)
	at org.junit.platform.engine.support.hierarchical.ThrowableCollector.execute(ThrowableCollector.java:73)
	at org.junit.platform.engine.support.hierarchical.NodeTestTask.executeRecursively(NodeTestTask.java:138)
	at org.junit.platform.engine.support.hierarchical.NodeTestTask.execute(NodeTestTask.java:95)
	at java.base/java.util.ArrayList.forEach(ArrayList.java:1511)
	at org.junit.platform.engine.support.hierarchical.SameThreadHierarchicalTestExecutorService.invokeAll(SameThreadHierarchicalTestExecutorService.java:41)
	at org.junit.platform.engine.support.hierarchical.NodeTestTask.lambda$executeRecursively$6(NodeTestTask.java:155)
	at org.junit.platform.engine.support.hierarchical.ThrowableCollector.execute(ThrowableCollector.java:73)
	at org.junit.platform.engine.support.hierarchical.NodeTestTask.lambda$executeRecursively$8(NodeTestTask.java:141)
	at org.junit.platform.engine.support.hierarchical.Node.around(Node.java:137)
	at org.junit.platform.engine.support.hierarchical.NodeTestTask.lambda$executeRecursively$9(NodeTestTask.java:139)
	at org.junit.platform.engine.support.hierarchical.ThrowableCollector.execute(ThrowableCollector.java:73)
	at org.junit.platform.engine.support.hierarchical.NodeTestTask.executeRecursively(NodeTestTask.java:138)
	at org.junit.platform.engine.support.hierarchical.NodeTestTask.execute(NodeTestTask.java:95)
	at org.junit.platform.engine.support.hierarchical.SameThreadHierarchicalTestExecutorService.submit(SameThreadHierarchicalTestExecutorService.java:35)
	at org.junit.platform.engine.support.hierarchical.HierarchicalTestExecutor.execute(HierarchicalTestExecutor.java:57)
	at org.junit.platform.engine.support.hierarchical.HierarchicalTestEngine.execute(HierarchicalTestEngine.java:54)
	at org.junit.platform.launcher.core.EngineExecutionOrchestrator.execute(EngineExecutionOrchestrator.java:107)
	at org.junit.platform.launcher.core.EngineExecutionOrchestrator.execute(EngineExecutionOrchestrator.java:88)
	at org.junit.platform.launcher.core.EngineExecutionOrchestrator.lambda$execute$0(EngineExecutionOrchestrator.java:54)
	at org.junit.platform.launcher.core.EngineExecutionOrchestrator.withInterceptedStreams(EngineExecutionOrchestrator.java:67)
	at org.junit.platform.launcher.core.EngineExecutionOrchestrator.execute(EngineExecutionOrchestrator.java:52)
	at org.junit.platform.launcher.core.DefaultLauncher.execute(DefaultLauncher.java:114)
	at org.junit.platform.launcher.core.DefaultLauncher.execute(DefaultLauncher.java:86)
	at org.junit.platform.launcher.core.DefaultLauncherSession$DelegatingLauncher.execute(DefaultLauncherSession.java:86)
	at org.junit.platform.launcher.core.SessionPerRequestLauncher.execute(SessionPerRequestLauncher.java:53)
	at org.gradle.api.internal.tasks.testing.junitplatform.JUnitPlatformTestClassProcessor$CollectAllTestClassesExecutor.processAllTestClasses(JUnitPlatformTestClassProcessor.java:99)
	at org.gradle.api.internal.tasks.testing.junitplatform.JUnitPlatformTestClassProcessor$CollectAllTestClassesExecutor.access$000(JUnitPlatformTestClassProcessor.java:79)
	at org.gradle.api.internal.tasks.testing.junitplatform.JUnitPlatformTestClassProcessor.stop(JUnitPlatformTestClassProcessor.java:75)
	at org.gradle.api.internal.tasks.testing.SuiteTestClassProcessor.stop(SuiteTestClassProcessor.java:61)
	at java.base/jdk.internal.reflect.NativeMethodAccessorImpl.invoke0(Native Method)
	at java.base/jdk.internal.reflect.NativeMethodAccessorImpl.invoke(NativeMethodAccessorImpl.java:77)
	at java.base/jdk.internal.reflect.DelegatingMethodAccessorImpl.invoke(DelegatingMethodAccessorImpl.java:43)
	at java.base/java.lang.reflect.Method.invoke(Method.java:568)
	at org.gradle.internal.dispatch.ReflectionDispatch.dispatch(ReflectionDispatch.java:36)
	at org.gradle.internal.dispatch.ReflectionDispatch.dispatch(ReflectionDispatch.java:24)
	at org.gradle.internal.dispatch.ContextClassLoaderDispatch.dispatch(ContextClassLoaderDispatch.java:33)
	at org.gradle.internal.dispatch.ProxyDispatchAdapter$DispatchingInvocationHandler.invoke(ProxyDispatchAdapter.java:94)
	at jdk.proxy2/jdk.proxy2.$Proxy5.stop(Unknown Source)
	at org.gradle.api.internal.tasks.testing.worker.TestWorker$3.run(TestWorker.java:193)
	at org.gradle.api.internal.tasks.testing.worker.TestWorker.executeAndMaintainThreadName(TestWorker.java:129)
	at org.gradle.api.internal.tasks.testing.worker.TestWorker.execute(TestWorker.java:100)
	at org.gradle.api.internal.tasks.testing.worker.TestWorker.execute(TestWorker.java:60)
	at org.gradle.process.internal.worker.child.ActionExecutionWorker.execute(ActionExecutionWorker.java:56)
	at org.gradle.process.internal.worker.child.SystemApplicationClassLoaderWorker.call(SystemApplicationClassLoaderWorker.java:133)
	at org.gradle.process.internal.worker.child.SystemApplicationClassLoaderWorker.call(SystemApplicationClassLoaderWorker.java:71)
	at worker.org.gradle.process.internal.worker.GradleWorkerMain.run(GradleWorkerMain.java:69)
	at worker.org.gradle.process.internal.worker.GradleWorkerMain.main(GradleWorkerMain.java:74)
Caused by: org.hibernate.property.access.spi.PropertyAccessException: Error accessing field [private java.lang.Long com.example.demo.domain.issue4.DoubleId.id] by reflection for persistent property [com.example.demo.domain.issue4.DoubleId#id] : [Ljava.lang.Object;@2ae26828
	at org.hibernate.property.access.spi.GetterFieldImpl.get(GetterFieldImpl.java:48)
	at org.hibernate.metamodel.mapping.AttributeMapping.getValue(AttributeMapping.java:59)
	at org.hibernate.metamodel.mapping.internal.AbstractEmbeddableMapping.breakDownJdbcValues(AbstractEmbeddableMapping.java:594)
	at org.hibernate.metamodel.mapping.internal.NonAggregatedIdentifierMappingImpl.breakDownJdbcValues(NonAggregatedIdentifierMappingImpl.java:299)
	at org.hibernate.metamodel.mapping.internal.OneToManyCollectionPart.breakDownJdbcValues(OneToManyCollectionPart.java:98)
	at org.hibernate.metamodel.mapping.ModelPart.decompose(ModelPart.java:194)
	at org.hibernate.persister.collection.OneToManyPersister.applyDeleteRowRestrictions(OneToManyPersister.java:640)
	at org.hibernate.persister.collection.mutation.DeleteRowsCoordinatorStandard.deleteRows(DeleteRowsCoordinatorStandard.java:97)
	at org.hibernate.persister.collection.OneToManyPersister.deleteRows(OneToManyPersister.java:194)
	at org.hibernate.action.internal.CollectionUpdateAction.execute(CollectionUpdateAction.java:83)
	at org.hibernate.engine.spi.ActionQueue.executeActions(ActionQueue.java:616)
	at org.hibernate.engine.spi.ActionQueue.lambda$executeActions$1(ActionQueue.java:487)
	at java.base/java.util.LinkedHashMap.forEach(LinkedHashMap.java:721)
	at org.hibernate.engine.spi.ActionQueue.executeActions(ActionQueue.java:484)
	at org.hibernate.event.internal.AbstractFlushingEventListener.performExecutions(AbstractFlushingEventListener.java:358)
	at org.hibernate.event.internal.DefaultFlushEventListener.onFlush(DefaultFlushEventListener.java:39)
	at org.hibernate.event.service.internal.EventListenerGroupImpl.fireEventOnEachListener(EventListenerGroupImpl.java:127)
	at org.hibernate.internal.SessionImpl.doFlush(SessionImpl.java:1412)
	at org.hibernate.internal.SessionImpl.managedFlush(SessionImpl.java:485)
	at org.hibernate.internal.SessionImpl.flushBeforeTransactionCompletion(SessionImpl.java:2296)
	at org.hibernate.internal.SessionImpl.beforeTransactionCompletion(SessionImpl.java:1961)
	at org.hibernate.engine.jdbc.internal.JdbcCoordinatorImpl.beforeTransactionCompletion(JdbcCoordinatorImpl.java:439)
	at org.hibernate.resource.transaction.backend.jdbc.internal.JdbcResourceLocalTransactionCoordinatorImpl.beforeCompletionCallback(JdbcResourceLocalTransactionCoordinatorImpl.java:169)
	at org.hibernate.resource.transaction.backend.jdbc.internal.JdbcResourceLocalTransactionCoordinatorImpl$TransactionDriverControlImpl.commit(JdbcResourceLocalTransactionCoordinatorImpl.java:267)
	at org.hibernate.engine.transaction.internal.TransactionImpl.commit(TransactionImpl.java:101)
	at org.springframework.orm.jpa.JpaTransactionManager.doCommit(JpaTransactionManager.java:561)
	... 90 common frames omitted
Caused by: java.lang.IllegalArgumentException: Can not set java.lang.Long field com.example.demo.domain.issue4.DoubleId.id to [Ljava.lang.Object;
	at java.base/jdk.internal.reflect.UnsafeFieldAccessorImpl.throwSetIllegalArgumentException(UnsafeFieldAccessorImpl.java:167)
	at java.base/jdk.internal.reflect.UnsafeFieldAccessorImpl.throwSetIllegalArgumentException(UnsafeFieldAccessorImpl.java:171)
	at java.base/jdk.internal.reflect.UnsafeFieldAccessorImpl.ensureObj(UnsafeFieldAccessorImpl.java:58)
	at java.base/jdk.internal.reflect.UnsafeObjectFieldAccessorImpl.get(UnsafeObjectFieldAccessorImpl.java:36)
	at java.base/java.lang.reflect.Field.get(Field.java:425)
	at org.hibernate.property.access.spi.GetterFieldImpl.get(GetterFieldImpl.java:44)
	... 115 common frames omitted

2023-04-19T15:03:01.332+02:00 DEBUG 15824 --- [    Test worker] o.s.orm.jpa.JpaTransactionManager        : Rolling back JPA transaction on EntityManager [SessionImpl(1347425447<open>)]
2023-04-19T15:03:01.332+02:00 DEBUG 15824 --- [    Test worker] o.s.orm.jpa.JpaTransactionManager        : Closing JPA EntityManager [SessionImpl(1347425447<open>)] after transaction
2023-04-19T15:03:01.337+02:00 DEBUG 15824 --- [    Test worker] org.springframework.test.context.cache   : Spring test ApplicationContext cache statistics: [DefaultContextCache@5fd454f2 size = 1, maxSize = 32, parentContextCount = 0, hitCount = 6, missCount = 1]
2023-04-19T15:03:01.339+02:00 DEBUG 15824 --- [    Test worker] org.springframework.test.context.cache   : Spring test ApplicationContext cache statistics: [DefaultContextCache@5fd454f2 size = 1, maxSize = 32, parentContextCount = 0, hitCount = 7, missCount = 1]
2023-04-19T15:03:01.342+02:00 DEBUG 15824 --- [    Test worker] org.springframework.test.context.cache   : Spring test ApplicationContext cache statistics: [DefaultContextCache@5fd454f2 size = 1, maxSize = 32, parentContextCount = 0, hitCount = 8, missCount = 1]
2023-04-19T15:03:01.342+02:00 DEBUG 15824 --- [    Test worker] org.springframework.test.context.cache   : Spring test ApplicationContext cache statistics: [DefaultContextCache@5fd454f2 size = 1, maxSize = 32, parentContextCount = 0, hitCount = 9, missCount = 1]
2023-04-19T15:03:01.345+02:00 DEBUG 15824 --- [    Test worker] org.springframework.test.context.cache   : Spring test ApplicationContext cache statistics: [DefaultContextCache@5fd454f2 size = 1, maxSize = 32, parentContextCount = 0, hitCount = 10, missCount = 1]
2023-04-19T15:03:01.348+02:00 DEBUG 15824 --- [    Test worker] org.springframework.test.context.cache   : Spring test ApplicationContext cache statistics: [DefaultContextCache@5fd454f2 size = 1, maxSize = 32, parentContextCount = 0, hitCount = 11, missCount = 1]
2023-04-19T15:03:01.350+02:00 DEBUG 15824 --- [    Test worker] tractDirtiesContextTestExecutionListener : After test method: class [Issue4Test], method [issue4_disassamble_idclass], class annotated with @DirtiesContext [false] with mode [null], method annotated with @DirtiesContext [false] with mode [null]

Error accessing field [private java.lang.Long com.example.demo.domain.issue4.DoubleId.id] by reflection for persistent property [com.example.demo.domain.issue4.DoubleId#id] : [Ljava.lang.Object;@2ae26828
org.springframework.orm.jpa.JpaSystemException: Error accessing field [private java.lang.Long com.example.demo.domain.issue4.DoubleId.id] by reflection for persistent property [com.example.demo.domain.issue4.DoubleId#id] : [Ljava.lang.Object;@2ae26828
	at app//org.springframework.orm.jpa.vendor.HibernateJpaDialect.convertHibernateAccessException(HibernateJpaDialect.java:320)
	at app//org.springframework.orm.jpa.vendor.HibernateJpaDialect.translateExceptionIfPossible(HibernateJpaDialect.java:229)
	at app//org.springframework.orm.jpa.JpaTransactionManager.doCommit(JpaTransactionManager.java:565)
	at app//org.springframework.transaction.support.AbstractPlatformTransactionManager.processCommit(AbstractPlatformTransactionManager.java:743)
	at app//org.springframework.transaction.support.AbstractPlatformTransactionManager.commit(AbstractPlatformTransactionManager.java:711)
	at app//org.springframework.test.context.transaction.TransactionContext.endTransaction(TransactionContext.java:135)
	at app//org.springframework.test.context.transaction.TestTransaction.end(TestTransaction.java:135)
	at app//com.example.demo.Issue4Test.issue4_disassamble_idclass(Issue4Test.java:54)
	at java.base@17.0.5/jdk.internal.reflect.NativeMethodAccessorImpl.invoke0(Native Method)
	at java.base@17.0.5/jdk.internal.reflect.NativeMethodAccessorImpl.invoke(NativeMethodAccessorImpl.java:77)
	at java.base@17.0.5/jdk.internal.reflect.DelegatingMethodAccessorImpl.invoke(DelegatingMethodAccessorImpl.java:43)
	at java.base@17.0.5/java.lang.reflect.Method.invoke(Method.java:568)
	at app//org.junit.platform.commons.util.ReflectionUtils.invokeMethod(ReflectionUtils.java:727)
	at app//org.junit.jupiter.engine.execution.MethodInvocation.proceed(MethodInvocation.java:60)
	at app//org.junit.jupiter.engine.execution.InvocationInterceptorChain$ValidatingInvocation.proceed(InvocationInterceptorChain.java:131)
	at app//org.junit.jupiter.engine.extension.TimeoutExtension.intercept(TimeoutExtension.java:156)
	at app//org.junit.jupiter.engine.extension.TimeoutExtension.interceptTestableMethod(TimeoutExtension.java:147)
	at app//org.junit.jupiter.engine.extension.TimeoutExtension.interceptTestMethod(TimeoutExtension.java:86)
	at app//org.junit.jupiter.engine.execution.InterceptingExecutableInvoker$ReflectiveInterceptorCall.lambda$ofVoidMethod$0(InterceptingExecutableInvoker.java:103)
	at app//org.junit.jupiter.engine.execution.InterceptingExecutableInvoker.lambda$invoke$0(InterceptingExecutableInvoker.java:93)
	at app//org.junit.jupiter.engine.execution.InvocationInterceptorChain$InterceptedInvocation.proceed(InvocationInterceptorChain.java:106)
	at app//org.junit.jupiter.engine.execution.InvocationInterceptorChain.proceed(InvocationInterceptorChain.java:64)
	at app//org.junit.jupiter.engine.execution.InvocationInterceptorChain.chainAndInvoke(InvocationInterceptorChain.java:45)
	at app//org.junit.jupiter.engine.execution.InvocationInterceptorChain.invoke(InvocationInterceptorChain.java:37)
	at app//org.junit.jupiter.engine.execution.InterceptingExecutableInvoker.invoke(InterceptingExecutableInvoker.java:92)
	at app//org.junit.jupiter.engine.execution.InterceptingExecutableInvoker.invoke(InterceptingExecutableInvoker.java:86)
	at app//org.junit.jupiter.engine.descriptor.TestMethodTestDescriptor.lambda$invokeTestMethod$7(TestMethodTestDescriptor.java:217)
	at app//org.junit.platform.engine.support.hierarchical.ThrowableCollector.execute(ThrowableCollector.java:73)
	at app//org.junit.jupiter.engine.descriptor.TestMethodTestDescriptor.invokeTestMethod(TestMethodTestDescriptor.java:213)
	at app//org.junit.jupiter.engine.descriptor.TestMethodTestDescriptor.execute(TestMethodTestDescriptor.java:138)
	at app//org.junit.jupiter.engine.descriptor.TestMethodTestDescriptor.execute(TestMethodTestDescriptor.java:68)
	at app//org.junit.platform.engine.support.hierarchical.NodeTestTask.lambda$executeRecursively$6(NodeTestTask.java:151)
	at app//org.junit.platform.engine.support.hierarchical.ThrowableCollector.execute(ThrowableCollector.java:73)
	at app//org.junit.platform.engine.support.hierarchical.NodeTestTask.lambda$executeRecursively$8(NodeTestTask.java:141)
	at app//org.junit.platform.engine.support.hierarchical.Node.around(Node.java:137)
	at app//org.junit.platform.engine.support.hierarchical.NodeTestTask.lambda$executeRecursively$9(NodeTestTask.java:139)
	at app//org.junit.platform.engine.support.hierarchical.ThrowableCollector.execute(ThrowableCollector.java:73)
	at app//org.junit.platform.engine.support.hierarchical.NodeTestTask.executeRecursively(NodeTestTask.java:138)
	at app//org.junit.platform.engine.support.hierarchical.NodeTestTask.execute(NodeTestTask.java:95)
	at java.base@17.0.5/java.util.ArrayList.forEach(ArrayList.java:1511)
	at app//org.junit.platform.engine.support.hierarchical.SameThreadHierarchicalTestExecutorService.invokeAll(SameThreadHierarchicalTestExecutorService.java:41)
	at app//org.junit.platform.engine.support.hierarchical.NodeTestTask.lambda$executeRecursively$6(NodeTestTask.java:155)
	at app//org.junit.platform.engine.support.hierarchical.ThrowableCollector.execute(ThrowableCollector.java:73)
	at app//org.junit.platform.engine.support.hierarchical.NodeTestTask.lambda$executeRecursively$8(NodeTestTask.java:141)
	at app//org.junit.platform.engine.support.hierarchical.Node.around(Node.java:137)
	at app//org.junit.platform.engine.support.hierarchical.NodeTestTask.lambda$executeRecursively$9(NodeTestTask.java:139)
	at app//org.junit.platform.engine.support.hierarchical.ThrowableCollector.execute(ThrowableCollector.java:73)
	at app//org.junit.platform.engine.support.hierarchical.NodeTestTask.executeRecursively(NodeTestTask.java:138)
	at app//org.junit.platform.engine.support.hierarchical.NodeTestTask.execute(NodeTestTask.java:95)
	at java.base@17.0.5/java.util.ArrayList.forEach(ArrayList.java:1511)
	at app//org.junit.platform.engine.support.hierarchical.SameThreadHierarchicalTestExecutorService.invokeAll(SameThreadHierarchicalTestExecutorService.java:41)
	at app//org.junit.platform.engine.support.hierarchical.NodeTestTask.lambda$executeRecursively$6(NodeTestTask.java:155)
	at app//org.junit.platform.engine.support.hierarchical.ThrowableCollector.execute(ThrowableCollector.java:73)
	at app//org.junit.platform.engine.support.hierarchical.NodeTestTask.lambda$executeRecursively$8(NodeTestTask.java:141)
	at app//org.junit.platform.engine.support.hierarchical.Node.around(Node.java:137)
	at app//org.junit.platform.engine.support.hierarchical.NodeTestTask.lambda$executeRecursively$9(NodeTestTask.java:139)
	at app//org.junit.platform.engine.support.hierarchical.ThrowableCollector.execute(ThrowableCollector.java:73)
	at app//org.junit.platform.engine.support.hierarchical.NodeTestTask.executeRecursively(NodeTestTask.java:138)
	at app//org.junit.platform.engine.support.hierarchical.NodeTestTask.execute(NodeTestTask.java:95)
	at app//org.junit.platform.engine.support.hierarchical.SameThreadHierarchicalTestExecutorService.submit(SameThreadHierarchicalTestExecutorService.java:35)
	at app//org.junit.platform.engine.support.hierarchical.HierarchicalTestExecutor.execute(HierarchicalTestExecutor.java:57)
	at app//org.junit.platform.engine.support.hierarchical.HierarchicalTestEngine.execute(HierarchicalTestEngine.java:54)
	at org.junit.platform.launcher.core.EngineExecutionOrchestrator.execute(EngineExecutionOrchestrator.java:107)
	at org.junit.platform.launcher.core.EngineExecutionOrchestrator.execute(EngineExecutionOrchestrator.java:88)
	at org.junit.platform.launcher.core.EngineExecutionOrchestrator.lambda$execute$0(EngineExecutionOrchestrator.java:54)
	at org.junit.platform.launcher.core.EngineExecutionOrchestrator.withInterceptedStreams(EngineExecutionOrchestrator.java:67)
	at org.junit.platform.launcher.core.EngineExecutionOrchestrator.execute(EngineExecutionOrchestrator.java:52)
	at org.junit.platform.launcher.core.DefaultLauncher.execute(DefaultLauncher.java:114)
	at org.junit.platform.launcher.core.DefaultLauncher.execute(DefaultLauncher.java:86)
	at org.junit.platform.launcher.core.DefaultLauncherSession$DelegatingLauncher.execute(DefaultLauncherSession.java:86)
	at org.junit.platform.launcher.core.SessionPerRequestLauncher.execute(SessionPerRequestLauncher.java:53)
	at org.gradle.api.internal.tasks.testing.junitplatform.JUnitPlatformTestClassProcessor$CollectAllTestClassesExecutor.processAllTestClasses(JUnitPlatformTestClassProcessor.java:99)
	at org.gradle.api.internal.tasks.testing.junitplatform.JUnitPlatformTestClassProcessor$CollectAllTestClassesExecutor.access$000(JUnitPlatformTestClassProcessor.java:79)
	at org.gradle.api.internal.tasks.testing.junitplatform.JUnitPlatformTestClassProcessor.stop(JUnitPlatformTestClassProcessor.java:75)
	at org.gradle.api.internal.tasks.testing.SuiteTestClassProcessor.stop(SuiteTestClassProcessor.java:61)
	at java.base@17.0.5/jdk.internal.reflect.NativeMethodAccessorImpl.invoke0(Native Method)
	at java.base@17.0.5/jdk.internal.reflect.NativeMethodAccessorImpl.invoke(NativeMethodAccessorImpl.java:77)
	at java.base@17.0.5/jdk.internal.reflect.DelegatingMethodAccessorImpl.invoke(DelegatingMethodAccessorImpl.java:43)
	at java.base@17.0.5/java.lang.reflect.Method.invoke(Method.java:568)
	at org.gradle.internal.dispatch.ReflectionDispatch.dispatch(ReflectionDispatch.java:36)
	at org.gradle.internal.dispatch.ReflectionDispatch.dispatch(ReflectionDispatch.java:24)
	at org.gradle.internal.dispatch.ContextClassLoaderDispatch.dispatch(ContextClassLoaderDispatch.java:33)
	at org.gradle.internal.dispatch.ProxyDispatchAdapter$DispatchingInvocationHandler.invoke(ProxyDispatchAdapter.java:94)
	at jdk.proxy2/jdk.proxy2.$Proxy5.stop(Unknown Source)
	at org.gradle.api.internal.tasks.testing.worker.TestWorker$3.run(TestWorker.java:193)
	at org.gradle.api.internal.tasks.testing.worker.TestWorker.executeAndMaintainThreadName(TestWorker.java:129)
	at org.gradle.api.internal.tasks.testing.worker.TestWorker.execute(TestWorker.java:100)
	at org.gradle.api.internal.tasks.testing.worker.TestWorker.execute(TestWorker.java:60)
	at org.gradle.process.internal.worker.child.ActionExecutionWorker.execute(ActionExecutionWorker.java:56)
	at org.gradle.process.internal.worker.child.SystemApplicationClassLoaderWorker.call(SystemApplicationClassLoaderWorker.java:133)
	at org.gradle.process.internal.worker.child.SystemApplicationClassLoaderWorker.call(SystemApplicationClassLoaderWorker.java:71)
	at app//worker.org.gradle.process.internal.worker.GradleWorkerMain.run(GradleWorkerMain.java:69)
	at app//worker.org.gradle.process.internal.worker.GradleWorkerMain.main(GradleWorkerMain.java:74)
Caused by: org.hibernate.property.access.spi.PropertyAccessException: Error accessing field [private java.lang.Long com.example.demo.domain.issue4.DoubleId.id] by reflection for persistent property [com.example.demo.domain.issue4.DoubleId#id] : [Ljava.lang.Object;@2ae26828
	at app//org.hibernate.property.access.spi.GetterFieldImpl.get(GetterFieldImpl.java:48)
	at app//org.hibernate.metamodel.mapping.AttributeMapping.getValue(AttributeMapping.java:59)
	at app//org.hibernate.metamodel.mapping.internal.AbstractEmbeddableMapping.breakDownJdbcValues(AbstractEmbeddableMapping.java:594)
	at app//org.hibernate.metamodel.mapping.internal.NonAggregatedIdentifierMappingImpl.breakDownJdbcValues(NonAggregatedIdentifierMappingImpl.java:299)
	at app//org.hibernate.metamodel.mapping.internal.OneToManyCollectionPart.breakDownJdbcValues(OneToManyCollectionPart.java:98)
	at app//org.hibernate.metamodel.mapping.ModelPart.decompose(ModelPart.java:194)
	at app//org.hibernate.persister.collection.OneToManyPersister.applyDeleteRowRestrictions(OneToManyPersister.java:640)
	at app//org.hibernate.persister.collection.mutation.DeleteRowsCoordinatorStandard.deleteRows(DeleteRowsCoordinatorStandard.java:97)
	at app//org.hibernate.persister.collection.OneToManyPersister.deleteRows(OneToManyPersister.java:194)
	at app//org.hibernate.action.internal.CollectionUpdateAction.execute(CollectionUpdateAction.java:83)
	at app//org.hibernate.engine.spi.ActionQueue.executeActions(ActionQueue.java:616)
	at app//org.hibernate.engine.spi.ActionQueue.lambda$executeActions$1(ActionQueue.java:487)
	at java.base@17.0.5/java.util.LinkedHashMap.forEach(LinkedHashMap.java:721)
	at app//org.hibernate.engine.spi.ActionQueue.executeActions(ActionQueue.java:484)
	at app//org.hibernate.event.internal.AbstractFlushingEventListener.performExecutions(AbstractFlushingEventListener.java:358)
	at app//org.hibernate.event.internal.DefaultFlushEventListener.onFlush(DefaultFlushEventListener.java:39)
	at app//org.hibernate.event.service.internal.EventListenerGroupImpl.fireEventOnEachListener(EventListenerGroupImpl.java:127)
	at app//org.hibernate.internal.SessionImpl.doFlush(SessionImpl.java:1412)
	at app//org.hibernate.internal.SessionImpl.managedFlush(SessionImpl.java:485)
	at app//org.hibernate.internal.SessionImpl.flushBeforeTransactionCompletion(SessionImpl.java:2296)
	at app//org.hibernate.internal.SessionImpl.beforeTransactionCompletion(SessionImpl.java:1961)
	at app//org.hibernate.engine.jdbc.internal.JdbcCoordinatorImpl.beforeTransactionCompletion(JdbcCoordinatorImpl.java:439)
	at app//org.hibernate.resource.transaction.backend.jdbc.internal.JdbcResourceLocalTransactionCoordinatorImpl.beforeCompletionCallback(JdbcResourceLocalTransactionCoordinatorImpl.java:169)
	at app//org.hibernate.resource.transaction.backend.jdbc.internal.JdbcResourceLocalTransactionCoordinatorImpl$TransactionDriverControlImpl.commit(JdbcResourceLocalTransactionCoordinatorImpl.java:267)
	at app//org.hibernate.engine.transaction.internal.TransactionImpl.commit(TransactionImpl.java:101)
	at app//org.springframework.orm.jpa.JpaTransactionManager.doCommit(JpaTransactionManager.java:561)
	... 90 more
Caused by: java.lang.IllegalArgumentException: Can not set java.lang.Long field com.example.demo.domain.issue4.DoubleId.id to [Ljava.lang.Object;
	at java.base/jdk.internal.reflect.UnsafeFieldAccessorImpl.throwSetIllegalArgumentException(UnsafeFieldAccessorImpl.java:167)
	at java.base/jdk.internal.reflect.UnsafeFieldAccessorImpl.throwSetIllegalArgumentException(UnsafeFieldAccessorImpl.java:171)
	at java.base/jdk.internal.reflect.UnsafeFieldAccessorImpl.ensureObj(UnsafeFieldAccessorImpl.java:58)
	at java.base/jdk.internal.reflect.UnsafeObjectFieldAccessorImpl.get(UnsafeObjectFieldAccessorImpl.java:36)
	at java.base/java.lang.reflect.Field.get(Field.java:425)
	at org.hibernate.property.access.spi.GetterFieldImpl.get(GetterFieldImpl.java:44)
	... 115 more

