#
2007-11-29 17:22:57,634 DEBUG [org.hibernate.cache.TransactionalCache] cache lookup: ru.cti.oss.iptv.resource.logical.MovieCategory.movies#14951
#
2007-11-29 17:22:57,634 DEBUG [org.hibernate.cache.TransactionalCache] cache hit
#
2007-11-29 17:22:57,634 DEBUG [org.hibernate.cache.TransactionalCache] cache lookup: ru.cti.oss.cbe.resource.Resource#595
#
2007-11-29 17:22:57,634 DEBUG [org.hibernate.cache.TransactionalCache] cache hit
#
2007-11-29 17:22:57,635 DEBUG [org.hibernate.cache.TransactionalCache] cache lookup: ru.cti.oss.iptv.resource.logical.MovieCategory#14971
#
2007-11-29 17:22:57,635 DEBUG [org.hibernate.cache.TransactionalCache] cache hit
#
2007-11-29 17:22:57,635 DEBUG [org.hibernate.engine.StatefulPersistenceContext] initializing non-lazy collections
#
2007-11-29 17:22:57,635 DEBUG [org.hibernate.engine.StatefulPersistenceContext] initializing non-lazy collections
#
2007-11-29 17:22:57,635 DEBUG [org.hibernate.cache.TransactionalCache] cache lookup: ru.cti.oss.cbe.resource.Resource#592
#
2007-11-29 17:22:57,635 DEBUG [org.hibernate.cache.TransactionalCache] cache miss
#
2007-11-29 17:22:57,635 DEBUG [org.hibernate.loader.Loader] loading entity: [ru.cti.oss.iptv.resource.logical.Movie#592]
#
2007-11-29 17:22:57,635 DEBUG [org.hibernate.jdbc.AbstractBatcher] about to open PreparedStatement (open PreparedStatements: 0, globally: 0)
#
2007-11-29 17:22:57,635 DEBUG [org.hibernate.jdbc.ConnectionManager] opening JDBC connection
#
2007-11-29 17:22:57,635 DEBUG [org.hibernate.SQL] select movie0_.ID as ID9_5_, movie0_3_.DESCRIPTION as DESCRIPT2_9_5_, movie0_3_.NAME as NAME9_5_, movie0_3_.OWNER as OWNER9_5_, movie0_3_.STATUS as STATUS9_5_, movie0_1_.RATING as RATING54_5_, movie0_.ACTORS as ACTORS60_5_, movie0_.COUNTRY as COUNTRY60_5_, movie0_.DIRECTOR as DIRECTOR60_5_, movie0_.DURATION as DURATION60_5_, movie0_.MOVIECATEGORY as MOVIECA15_60_5_, movie0_.POSTER_CONTENT_TYPE as POSTER6_60_5_, movie0_.POSTER_DATA as POSTER7_60_5_, movie0_.POSTER_HEIGHT as POSTER8_60_5_, movie0_.POSTER_SIZE as POSTER9_60_5_, movie0_.POSTER_WIDTH as POSTER10_60_5_, movie0_.SCREEN_FORMAT as SCREEN11_60_5_, movie0_.STAR_RATING as STAR12_60_5_, movie0_.STUDIO as STUDIO60_5_, movie0_.YEAR as YEAR60_5_, partyrole1_.ID as ID1_0_, partyrole1_.NAME as NAME1_0_, partyrole1_.PARTY as PARTY1_0_, partyrole1_.VALID_FOR_END_TIME as VALID3_1_0_, partyrole1_.VALID_FOR_START_TIME as VALID4_1_0_, partyrole1_4_.ACTIVATION_ATTEMPTS as ACTIVATION2_27_0_, partyrole1_4_.BALANCE as BALANCE27_0_, partyrole1_4_.CREDIT_LIMIT as CREDIT4_27_0_, partyrole1_4_.CUSTOMER_RANK as CUSTOMER5_27_0_, partyrole1_4_.CUSTOMER_STATUS as CUSTOMER6_27_0_, partyrole1_4_.PIN as PIN27_0_, case when partyrole1_1_.ID is not null then 1 when partyrole1_2_.ID is not null then 2 when partyrole1_3_.ID is not null then 3 when partyrole1_4_.ID is not null then 4 when partyrole1_.ID is not null then 0 end as clazz_0_, party2_.ID as ID0_1_, party2_.EXTERNAL_ID as EXTERNAL2_0_1_, party2_.NAME as NAME0_1_, party2_1_.BIRTH_DATE as BIRTH2_5_1_, party2_1_.COMPANY as COMPANY5_1_, party2_1_.EMAIL as EMAIL5_1_, party2_1_.FIRST_NAME as FIRST5_5_1_, party2_1_.FORM_OF_ADDRESS as FORM6_5_1_, party2_1_.GENDER as GENDER5_1_, party2_1_.LAST_NAME as LAST8_5_1_, party2_1_.MARITAL_STATUS as MARITAL9_5_1_, party2_1_.MIDDLE_NAME as MIDDLE10_5_1_, party2_1_.MOBILE_PHONE as MOBILE11_5_1_, party2_1_.OCCUPATION as OCCUPATION5_1_, party2_1_.PHONE as PHONE5_1_, party2_2_.TRADE_NAME as TRADE2_8_1_, case when party2_1_.ID is not null then 1 when party2_2_.ID is not null then 2 when party2_.ID is not null then 0 end as clazz_1_, accounts3_.CUSTOMER as CUSTOMER7_, accounts3_.ID as ID7_, accounts3_.ID as ID26_2_, accounts3_.ACCOUNT_BALANCE as ACCOUNT2_26_2_, accounts3_.ACCOUNT_LIMIT as ACCOUNT3_26_2_, accounts3_.ACCOUNT_STATUS as ACCOUNT4_26_2_, accounts3_.CUSTOMER as CUSTOMER26_2_, accounts3_.MASTER_ACCOUNT as MASTER5_26_2_, accounts3_.NAME as NAME26_2_, accounts3_.PIN as PIN26_2_, accounts3_.RATING as RATING26_2_, rating4_.ID as ID68_3_, rating4_.CODE as CODE68_3_, rating4_.DESCRIPTION as DESCRIPT3_68_3_, rating4_.LEVEL as LEVEL68_3_, rating4_.NAME as NAME68_3_, rating4_.SYSTEM as SYSTEM68_3_, moviecateg5_.ID as ID53_4_, moviecateg5_.DESCRIPTION as DESCRIPT2_53_4_, moviecateg5_.NAME as NAME53_4_ from MOVIE movie0_ inner join MEDIA_CONTENT movie0_1_ on movie0_.ID=movie0_1_.ID inner join LOGICAL_RESOURCE movie0_2_ on movie0_.ID=movie0_2_.ID inner join RESOURCE movie0_3_ on movie0_.ID=movie0_3_.ID left outer join PARTY_ROLE partyrole1_ on movie0_3_.OWNER=partyrole1_.ID left outer join VENDOR partyrole1_1_ on partyrole1_.ID=partyrole1_1_.ID left outer join CONTENT_PROVIDER partyrole1_2_ on partyrole1_.ID=partyrole1_2_.ID left outer join SERVICE_PROVIDER partyrole1_3_ on partyrole1_.ID=partyrole1_3_.ID left outer join CUSTOMER partyrole1_4_ on partyrole1_.ID=partyrole1_4_.ID left outer join PARTY party2_ on partyrole1_.PARTY=party2_.ID left outer join INDIVIDUAL party2_1_ on party2_.ID=party2_1_.ID left outer join ORGANIZATION party2_2_ on party2_.ID=party2_2_.ID left outer join CUSTOMER_ACCOUNT accounts3_ on partyrole1_.ID=accounts3_.CUSTOMER left outer join RATING rating4_ on accounts3_.RATING=rating4_.ID left outer join MOVIE_CATEGORY moviecateg5_ on movie0_.MOVIECATEGORY=moviecateg5_.ID where movie0_.ID=?
#
2007-11-29 17:22:57,645 DEBUG [org.hibernate.jdbc.AbstractBatcher] about to open ResultSet (open ResultSets: 0, globally: 0)
#
2007-11-29 17:22:57,645 DEBUG [org.hibernate.loader.Loader] result row: null, null, null, null, EntityKey[ru.cti.oss.iptv.resource.logical.MovieCategory#14971], EntityKey[ru.cti.oss.iptv.resource.logical.Movie#592]
#
2007-11-29 17:22:57,648 DEBUG [org.hibernate.jdbc.AbstractBatcher] about to close ResultSet (open ResultSets: 1, globally: 1)
#
2007-11-29 17:22:57,648 DEBUG [org.hibernate.jdbc.AbstractBatcher] about to close PreparedStatement (open PreparedStatements: 1, globally: 1)
#
2007-11-29 17:22:57,648 DEBUG [org.hibernate.jdbc.ConnectionManager] aggressively releasing JDBC connection
#
2007-11-29 17:22:57,648 DEBUG [org.hibernate.jdbc.ConnectionManager] releasing JDBC connection [ (open PreparedStatements: 0, globally: 0) (open ResultSets: 0, globally: 0)]
#
2007-11-29 17:22:57,648 DEBUG [org.hibernate.engine.TwoPhaseLoad] resolving associations for [ru.cti.oss.iptv.resource.logical.Movie#592]
#
2007-11-29 17:22:57,648 DEBUG [org.hibernate.engine.TwoPhaseLoad] adding entity to second-level cache: [ru.cti.oss.iptv.resource.logical.Movie#592]
#
2007-11-29 17:22:57,648 DEBUG [org.hibernate.cache.TransactionalCache] caching: ru.cti.oss.cbe.resource.Resource#592
#
2007-11-29 17:22:57,648 DEBUG [org.hibernate.engine.TwoPhaseLoad] done materializing entity [ru.cti.oss.iptv.resource.logical.Movie#592]
#
2007-11-29 17:22:57,648 DEBUG [org.hibernate.engine.StatefulPersistenceContext] initializing non-lazy collections
#
2007-11-29 17:22:57,648 DEBUG [org.hibernate.loader.Loader] done entity load
#
2007-11-29 17:22:57,648 DEBUG [org.hibernate.cache.TransactionalCache] cache lookup: ru.cti.oss.cbe.resource.Resource#637
#
2007-11-29 17:22:57,648 DEBUG [org.hibernate.cache.TransactionalCache] cache hit
#
2007-11-29 17:22:57,649 DEBUG [org.hibernate.engine.StatefulPersistenceContext] initializing non-lazy collections
#
2007-11-29 17:22:57,649 DEBUG [org.hibernate.cache.TransactionalCache] cache lookup: ru.cti.oss.cbe.resource.Resource#601
#
2007-11-29 17:22:57,649 DEBUG [org.hibernate.cache.TransactionalCache] cache hit
#
2007-11-29 17:22:57,649 DEBUG [org.hibernate.engine.StatefulPersistenceContext] initializing non-lazy collections
#
2007-11-29 17:22:57,649 DEBUG [org.hibernate.cache.TransactionalCache] cache lookup: ru.cti.oss.cbe.resource.Resource#625
#
2007-11-29 17:22:57,649 DEBUG [org.hibernate.cache.TransactionalCache] cache hit
#
2007-11-29 17:22:57,649 DEBUG [org.hibernate.engine.StatefulPersistenceContext] initializing non-lazy collections
#
2007-11-29 17:22:57,649 DEBUG [org.hibernate.cache.TransactionalCache] cache lookup: ru.cti.oss.cbe.resource.Resource#628
#
2007-11-29 17:22:57,649 DEBUG [org.hibernate.cache.TransactionalCache] cache hit
#
2007-11-29 17:22:57,649 DEBUG [org.hibernate.engine.StatefulPersistenceContext] initializing non-lazy collections
#
2007-11-29 17:22:57,649 DEBUG [org.hibernate.cache.TransactionalCache] cache lookup: ru.cti.oss.cbe.resource.Resource#610
#
2007-11-29 17:22:57,649 DEBUG [org.hibernate.cache.TransactionalCache] cache hit
#
2007-11-29 17:22:57,650 DEBUG [org.hibernate.engine.StatefulPersistenceContext] initializing non-lazy collections
#
2007-11-29 17:22:57,650 DEBUG [org.hibernate.cache.TransactionalCache] cache lookup: