!ENTRY org.hibernate.eclipse.console 4 666 2009-01-12 23:11:12.221
!MESSAGE org.hibernate.tool.hbm2x.ExporterException: Error while processing Entity: persist.eXacto.Left with template pojo/Pojo.ftl
!STACK 0
org.hibernate.tool.hbm2x.ExporterException: Error while processing Entity: persist.eXacto.Left with template pojo/Pojo.ftl
	at org.hibernate.tool.hbm2x.TemplateHelper.processTemplate(TemplateHelper.java:261)
	at org.hibernate.tool.hbm2x.TemplateProducer.produceToString(TemplateProducer.java:67)
	at org.hibernate.tool.hbm2x.TemplateProducer.produce(TemplateProducer.java:28)
	at org.hibernate.tool.hbm2x.TemplateProducer.produce(TemplateProducer.java:103)
	at org.hibernate.tool.hbm2x.GenericExporter.exportPOJO(GenericExporter.java:148)
	at org.hibernate.tool.hbm2x.GenericExporter.exportPersistentClass(GenericExporter.java:137)
	at org.hibernate.tool.hbm2x.GenericExporter$2.process(GenericExporter.java:43)
	at org.hibernate.tool.hbm2x.GenericExporter.doStart(GenericExporter.java:128)
	at org.hibernate.tool.hbm2x.AbstractExporter.start(AbstractExporter.java:95)
	at org.hibernate.eclipse.launch.CodeGenerationLaunchDelegate$1.execute(CodeGenerationLaunchDelegate.java:250)
	at org.hibernate.console.execution.DefaultExecutionContext.execute(DefaultExecutionContext.java:64)
	at org.hibernate.console.ConsoleConfiguration.execute(ConsoleConfiguration.java:93)
	at org.hibernate.eclipse.launch.CodeGenerationLaunchDelegate.runExporters(CodeGenerationLaunchDelegate.java:225)
	at org.hibernate.eclipse.launch.CodeGenerationLaunchDelegate.launch(CodeGenerationLaunchDelegate.java:138)
	at org.eclipse.debug.internal.core.LaunchConfiguration.launch(LaunchConfiguration.java:764)
	at org.eclipse.debug.internal.core.LaunchConfiguration.launch(LaunchConfiguration.java:614)
	at org.eclipse.debug.internal.ui.DebugUIPlugin.buildAndLaunch(DebugUIPlugin.java:880)
	at org.eclipse.debug.internal.ui.DebugUIPlugin$8.run(DebugUIPlugin.java:1083)
	at org.eclipse.core.internal.jobs.Worker.run(Worker.java:55)
Caused by: freemarker.template.TemplateModelException: Method public java.lang.String org.hibernate.tool.hbm2x.pojo.EntityPOJOClass.generateOneToOneAnnotation(org.hibernate.mapping.Property,org.hibernate.cfg.Configuration) threw an exception when invoked on Entity: persist.eXacto.Left
	at freemarker.ext.beans.SimpleMethodModel.exec(SimpleMethodModel.java:136)
	at freemarker.core.MethodCall._getAsTemplateModel(MethodCall.java:93)
	at freemarker.core.Expression.getAsTemplateModel(Expression.java:89)
	at freemarker.core.Expression.getStringValue(Expression.java:93)
	at freemarker.core.DollarVariable.accept(DollarVariable.java:76)
	at freemarker.core.Environment.visit(Environment.java:196)
	at freemarker.core.MixedContent.accept(MixedContent.java:92)
	at freemarker.core.Environment.visit(Environment.java:196)
	at freemarker.core.IfBlock.accept(IfBlock.java:82)
	at freemarker.core.Environment.visit(Environment.java:196)
	at freemarker.core.MixedContent.accept(MixedContent.java:92)
	at freemarker.core.Environment.visit(Environment.java:196)
	at freemarker.core.ConditionalBlock.accept(ConditionalBlock.java:79)
	at freemarker.core.Environment.visit(Environment.java:196)
	at freemarker.core.Environment.include(Environment.java:1375)
	at freemarker.core.Include.accept(Include.java:155)
	at freemarker.core.Environment.visit(Environment.java:196)
	at freemarker.core.Environment.include(Environment.java:1375)
	at freemarker.core.Include.accept(Include.java:155)
	at freemarker.core.Environment.visit(Environment.java:196)
	at freemarker.core.MixedContent.accept(MixedContent.java:92)
	at freemarker.core.Environment.visit(Environment.java:196)
	at freemarker.core.ConditionalBlock.accept(ConditionalBlock.java:79)
	at freemarker.core.Environment.visit(Environment.java:196)
	at freemarker.core.IteratorBlock$Context.runLoop(IteratorBlock.java:160)
	at freemarker.core.Environment.visit(Environment.java:351)
	at freemarker.core.IteratorBlock.accept(IteratorBlock.java:95)
	at freemarker.core.Environment.visit(Environment.java:196)
	at freemarker.core.MixedContent.accept(MixedContent.java:92)
	at freemarker.core.Environment.visit(Environment.java:196)
	at freemarker.core.Environment.include(Environment.java:1375)
	at freemarker.core.Include.accept(Include.java:155)
	at freemarker.core.Environment.visit(Environment.java:196)
	at freemarker.core.MixedContent.accept(MixedContent.java:92)
	at freemarker.core.Environment.visit(Environment.java:196)
	at freemarker.core.IfBlock.accept(IfBlock.java:82)
	at freemarker.core.Environment.visit(Environment.java:196)
	at freemarker.core.MixedContent.accept(MixedContent.java:92)
	at freemarker.core.Environment.visit(Environment.java:196)
	at freemarker.core.Environment.visit(Environment.java:233)
	at freemarker.core.BlockAssignment.accept(BlockAssignment.java:83)
	at freemarker.core.Environment.visit(Environment.java:196)
	at freemarker.core.MixedContent.accept(MixedContent.java:92)
	at freemarker.core.Environment.visit(Environment.java:196)
	at freemarker.core.Environment.process(Environment.java:176)
	at freemarker.template.Template.process(Template.java:232)
	at org.hibernate.tool.hbm2x.TemplateHelper.processTemplate(TemplateHelper.java:255)
	... 18 more
Caused by: java.lang.NullPointerException
	at org.hibernate.tool.hbm2x.pojo.EntityPOJOClass.getOneToOneMappedBy(EntityPOJOClass.java:727)
	at org.hibernate.tool.hbm2x.pojo.EntityPOJOClass.generateOneToOneAnnotation(EntityPOJOClass.java:482)
	at sun.reflect.GeneratedMethodAccessor74.invoke(Unknown Source)
	at sun.reflect.DelegatingMethodAccessorImpl.invoke(DelegatingMethodAccessorImpl.java:25)
	at java.lang.reflect.Method.invoke(Method.java:597)
	at freemarker.ext.beans.BeansWrapper.invokeMethod(BeansWrapper.java:616)
	at freemarker.ext.beans.SimpleMethodModel.exec(SimpleMethodModel.java:113)
	... 64 more
!SUBENTRY 1 org.hibernate.eclipse.console 4 666 2009-01-12 23:11:12.224
!MESSAGE org.hibernate.tool.hbm2x.ExporterException: Error while processing Entity: persist.eXacto.Left with template pojo/Pojo.ftl
!STACK 0
org.hibernate.tool.hbm2x.ExporterException: Error while processing Entity: persist.eXacto.Left with template pojo/Pojo.ftl
	at org.hibernate.tool.hbm2x.TemplateHelper.processTemplate(TemplateHelper.java:261)
	at org.hibernate.tool.hbm2x.TemplateProducer.produceToString(TemplateProducer.java:67)
	at org.hibernate.tool.hbm2x.TemplateProducer.produce(TemplateProducer.java:28)
	at org.hibernate.tool.hbm2x.TemplateProducer.produce(TemplateProducer.java:103)
	at org.hibernate.tool.hbm2x.GenericExporter.exportPOJO(GenericExporter.java:148)
	at org.hibernate.tool.hbm2x.GenericExporter.exportPersistentClass(GenericExporter.java:137)
	at org.hibernate.tool.hbm2x.GenericExporter$2.process(GenericExporter.java:43)
	at org.hibernate.tool.hbm2x.GenericExporter.doStart(GenericExporter.java:128)
	at org.hibernate.tool.hbm2x.AbstractExporter.start(AbstractExporter.java:95)
	at org.hibernate.eclipse.launch.CodeGenerationLaunchDelegate$1.execute(CodeGenerationLaunchDelegate.java:250)
	at org.hibernate.console.execution.DefaultExecutionContext.execute(DefaultExecutionContext.java:64)
	at org.hibernate.console.ConsoleConfiguration.execute(ConsoleConfiguration.java:93)
	at org.hibernate.eclipse.launch.CodeGenerationLaunchDelegate.runExporters(CodeGenerationLaunchDelegate.java:225)
	at org.hibernate.eclipse.launch.CodeGenerationLaunchDelegate.launch(CodeGenerationLaunchDelegate.java:138)
	at org.eclipse.debug.internal.core.LaunchConfiguration.launch(LaunchConfiguration.java:764)
	at org.eclipse.debug.internal.core.LaunchConfiguration.launch(LaunchConfiguration.java:614)
	at org.eclipse.debug.internal.ui.DebugUIPlugin.buildAndLaunch(DebugUIPlugin.java:880)
	at org.eclipse.debug.internal.ui.DebugUIPlugin$8.run(DebugUIPlugin.java:1083)
	at org.eclipse.core.internal.jobs.Worker.run(Worker.java:55)
Caused by: freemarker.template.TemplateModelException: Method public java.lang.String org.hibernate.tool.hbm2x.pojo.EntityPOJOClass.generateOneToOneAnnotation(org.hibernate.mapping.Property,org.hibernate.cfg.Configuration) threw an exception when invoked on Entity: persist.eXacto.Left
	at freemarker.ext.beans.SimpleMethodModel.exec(SimpleMethodModel.java:136)
	at freemarker.core.MethodCall._getAsTemplateModel(MethodCall.java:93)
	at freemarker.core.Expression.getAsTemplateModel(Expression.java:89)
	at freemarker.core.Expression.getStringValue(Expression.java:93)
	at freemarker.core.DollarVariable.accept(DollarVariable.java:76)
	at freemarker.core.Environment.visit(Environment.java:196)
	at freemarker.core.MixedContent.accept(MixedContent.java:92)
	at freemarker.core.Environment.visit(Environment.java:196)
	at freemarker.core.IfBlock.accept(IfBlock.java:82)
	at freemarker.core.Environment.visit(Environment.java:196)
	at freemarker.core.MixedContent.accept(MixedContent.java:92)
	at freemarker.core.Environment.visit(Environment.java:196)
	at freemarker.core.ConditionalBlock.accept(ConditionalBlock.java:79)
	at freemarker.core.Environment.visit(Environment.java:196)
	at freemarker.core.Environment.include(Environment.java:1375)
	at freemarker.core.Include.accept(Include.java:155)
	at freemarker.core.Environment.visit(Environment.java:196)
	at freemarker.core.Environment.include(Environment.java:1375)
	at freemarker.core.Include.accept(Include.java:155)
	at freemarker.core.Environment.visit(Environment.java:196)
	at freemarker.core.MixedContent.accept(MixedContent.java:92)
	at freemarker.core.Environment.visit(Environment.java:196)
	at freemarker.core.ConditionalBlock.accept(ConditionalBlock.java:79)
	at freemarker.core.Environment.visit(Environment.java:196)
	at freemarker.core.IteratorBlock$Context.runLoop(IteratorBlock.java:160)
	at freemarker.core.Environment.visit(Environment.java:351)
	at freemarker.core.IteratorBlock.accept(IteratorBlock.java:95)
	at freemarker.core.Environment.visit(Environment.java:196)
	at freemarker.core.MixedContent.accept(MixedContent.java:92)
	at freemarker.core.Environment.visit(Environment.java:196)
	at freemarker.core.Environment.include(Environment.java:1375)
	at freemarker.core.Include.accept(Include.java:155)
	at freemarker.core.Environment.visit(Environment.java:196)
	at freemarker.core.MixedContent.accept(MixedContent.java:92)
	at freemarker.core.Environment.visit(Environment.java:196)
	at freemarker.core.IfBlock.accept(IfBlock.java:82)
	at freemarker.core.Environment.visit(Environment.java:196)
	at freemarker.core.MixedContent.accept(MixedContent.java:92)
	at freemarker.core.Environment.visit(Environment.java:196)
	at freemarker.core.Environment.visit(Environment.java:233)
	at freemarker.core.BlockAssignment.accept(BlockAssignment.java:83)
	at freemarker.core.Environment.visit(Environment.java:196)
	at freemarker.core.MixedContent.accept(MixedContent.java:92)
	at freemarker.core.Environment.visit(Environment.java:196)
	at freemarker.core.Environment.process(Environment.java:176)
	at freemarker.template.Template.process(Template.java:232)
	at org.hibernate.tool.hbm2x.TemplateHelper.processTemplate(TemplateHelper.java:255)
	... 18 more
Caused by: java.lang.NullPointerException
	at org.hibernate.tool.hbm2x.pojo.EntityPOJOClass.getOneToOneMappedBy(EntityPOJOClass.java:727)
	at org.hibernate.tool.hbm2x.pojo.EntityPOJOClass.generateOneToOneAnnotation(EntityPOJOClass.java:482)
	at sun.reflect.GeneratedMethodAccessor74.invoke(Unknown Source)
	at sun.reflect.DelegatingMethodAccessorImpl.invoke(DelegatingMethodAccessorImpl.java:25)
	at java.lang.reflect.Method.invoke(Method.java:597)
	at freemarker.ext.beans.BeansWrapper.invokeMethod(BeansWrapper.java:616)
	at freemarker.ext.beans.SimpleMethodModel.exec(SimpleMethodModel.java:113)
	... 64 more
!SUBENTRY 1 org.hibernate.eclipse.console 4 666 2009-01-12 23:11:12.224
!MESSAGE freemarker.template.TemplateModelException: Method public java.lang.String org.hibernate.tool.hbm2x.pojo.EntityPOJOClass.generateOneToOneAnnotation(org.hibernate.mapping.Property,org.hibernate.cfg.Configuration) threw an exception when invoked on Entity: persist.eXacto.Left
!STACK 0

Method public java.lang.String org.hibernate.tool.hbm2x.pojo.EntityPOJOClass.generateOneToOneAnnotation(org.hibernate.mapping.Property,org.hibernate.cfg.Configuration) threw an exception when invoked on Entity: persist.eXacto.Left
The problematic instruction:
----------
==> ${pojo.generateOneToOneAnnotation(property, cfg)} [on line 11, column 1 in pojo/Ejb3PropertyGetAnnotation.ftl]
 in include "Ejb3PropertyGetAnnotation.ftl" [on line 1, column 1 in pojo/GetPropertyAnnotation.ftl]
 in include "GetPropertyAnnotation.ftl" [on line 9, column 5 in pojo/PojoPropertyAccessors.ftl]
 in include "PojoPropertyAccessors.ftl" [on line 12, column 1 in pojo/Pojo.ftl]
----------

Java backtrace for programmers:
----------
freemarker.template.TemplateModelException: Method public java.lang.String org.hibernate.tool.hbm2x.pojo.EntityPOJOClass.generateOneToOneAnnotation(org.hibernate.mapping.Property,org.hibernate.cfg.Configuration) threw an exception when invoked on Entity: persist.eXacto.Left
	at freemarker.ext.beans.SimpleMethodModel.exec(SimpleMethodModel.java:136)
	at freemarker.core.MethodCall._getAsTemplateModel(MethodCall.java:93)
	at freemarker.core.Expression.getAsTemplateModel(Expression.java:89)
	at freemarker.core.Expression.getStringValue(Expression.java:93)
	at freemarker.core.DollarVariable.accept(DollarVariable.java:76)
	at freemarker.core.Environment.visit(Environment.java:196)
	at freemarker.core.MixedContent.accept(MixedContent.java:92)
	at freemarker.core.Environment.visit(Environment.java:196)
	at freemarker.core.IfBlock.accept(IfBlock.java:82)
	at freemarker.core.Environment.visit(Environment.java:196)
	at freemarker.core.MixedContent.accept(MixedContent.java:92)
	at freemarker.core.Environment.visit(Environment.java:196)
	at freemarker.core.ConditionalBlock.accept(ConditionalBlock.java:79)
	at freemarker.core.Environment.visit(Environment.java:196)
	at freemarker.core.Environment.include(Environment.java:1375)
	at freemarker.core.Include.accept(Include.java:155)
	at freemarker.core.Environment.visit(Environment.java:196)
	at freemarker.core.Environment.include(Environment.java:1375)
	at freemarker.core.Include.accept(Include.java:155)
	at freemarker.core.Environment.visit(Environment.java:196)
	at freemarker.core.MixedContent.accept(MixedContent.java:92)
	at freemarker.core.Environment.visit(Environment.java:196)
	at freemarker.core.ConditionalBlock.accept(ConditionalBlock.java:79)
	at freemarker.core.Environment.visit(Environment.java:196)
	at freemarker.core.IteratorBlock$Context.runLoop(IteratorBlock.java:160)
	at freemarker.core.Environment.visit(Environment.java:351)
	at freemarker.core.IteratorBlock.accept(IteratorBlock.java:95)
	at freemarker.core.Environment.visit(Environment.java:196)
	at freemarker.core.MixedContent.accept(MixedContent.java:92)
	at freemarker.core.Environment.visit(Environment.java:196)
	at freemarker.core.Environment.include(Environment.java:1375)
	at freemarker.core.Include.accept(Include.java:155)
	at freemarker.core.Environment.visit(Environment.java:196)
	at freemarker.core.MixedContent.accept(MixedContent.java:92)
	at freemarker.core.Environment.visit(Environment.java:196)
	at freemarker.core.IfBlock.accept(IfBlock.java:82)
	at freemarker.core.Environment.visit(Environment.java:196)
	at freemarker.core.MixedContent.accept(MixedContent.java:92)
	at freemarker.core.Environment.visit(Environment.java:196)
	at freemarker.core.Environment.visit(Environment.java:233)
	at freemarker.core.BlockAssignment.accept(BlockAssignment.java:83)
	at freemarker.core.Environment.visit(Environment.java:196)
	at freemarker.core.MixedContent.accept(MixedContent.java:92)
	at freemarker.core.Environment.visit(Environment.java:196)
	at freemarker.core.Environment.process(Environment.java:176)
	at freemarker.template.Template.process(Template.java:232)
	at org.hibernate.tool.hbm2x.TemplateHelper.processTemplate(TemplateHelper.java:255)
	at org.hibernate.tool.hbm2x.TemplateProducer.produceToString(TemplateProducer.java:67)
	at org.hibernate.tool.hbm2x.TemplateProducer.produce(TemplateProducer.java:28)
	at org.hibernate.tool.hbm2x.TemplateProducer.produce(TemplateProducer.java:103)
	at org.hibernate.tool.hbm2x.GenericExporter.exportPOJO(GenericExporter.java:148)
	at org.hibernate.tool.hbm2x.GenericExporter.exportPersistentClass(GenericExporter.java:137)
	at org.hibernate.tool.hbm2x.GenericExporter$2.process(GenericExporter.java:43)
	at org.hibernate.tool.hbm2x.GenericExporter.doStart(GenericExporter.java:128)
	at org.hibernate.tool.hbm2x.AbstractExporter.start(AbstractExporter.java:95)
	at org.hibernate.eclipse.launch.CodeGenerationLaunchDelegate$1.execute(CodeGenerationLaunchDelegate.java:250)
	at org.hibernate.console.execution.DefaultExecutionContext.execute(DefaultExecutionContext.java:64)
	at org.hibernate.console.ConsoleConfiguration.execute(ConsoleConfiguration.java:93)
	at org.hibernate.eclipse.launch.CodeGenerationLaunchDelegate.runExporters(CodeGenerationLaunchDelegate.java:225)
	at org.hibernate.eclipse.launch.CodeGenerationLaunchDelegate.launch(CodeGenerationLaunchDelegate.java:138)
	at org.eclipse.debug.internal.core.LaunchConfiguration.launch(LaunchConfiguration.java:764)
	at org.eclipse.debug.internal.core.LaunchConfiguration.launch(LaunchConfiguration.java:614)
	at org.eclipse.debug.internal.ui.DebugUIPlugin.buildAndLaunch(DebugUIPlugin.java:880)
	at org.eclipse.debug.internal.ui.DebugUIPlugin$8.run(DebugUIPlugin.java:1083)
	at org.eclipse.core.internal.jobs.Worker.run(Worker.java:55)
Caused by: java.lang.NullPointerException
	at org.hibernate.tool.hbm2x.pojo.EntityPOJOClass.getOneToOneMappedBy(EntityPOJOClass.java:727)
	at org.hibernate.tool.hbm2x.pojo.EntityPOJOClass.generateOneToOneAnnotation(EntityPOJOClass.java:482)
	at sun.reflect.GeneratedMethodAccessor74.invoke(Unknown Source)
	at sun.reflect.DelegatingMethodAccessorImpl.invoke(DelegatingMethodAccessorImpl.java:25)
	at java.lang.reflect.Method.invoke(Method.java:597)
	at freemarker.ext.beans.BeansWrapper.invokeMethod(BeansWrapper.java:616)
	at freemarker.ext.beans.SimpleMethodModel.exec(SimpleMethodModel.java:113)
	... 64 more
!SUBENTRY 1 org.hibernate.eclipse.console 4 666 2009-01-12 23:11:12.225
!MESSAGE java.lang.NullPointerException: <no message>
!STACK 0
java.lang.NullPointerException
	at org.hibernate.tool.hbm2x.pojo.EntityPOJOClass.getOneToOneMappedBy(EntityPOJOClass.java:727)
	at org.hibernate.tool.hbm2x.pojo.EntityPOJOClass.generateOneToOneAnnotation(EntityPOJOClass.java:482)
	at sun.reflect.GeneratedMethodAccessor74.invoke(Unknown Source)
	at sun.reflect.DelegatingMethodAccessorImpl.invoke(DelegatingMethodAccessorImpl.java:25)
	at java.lang.reflect.Method.invoke(Method.java:597)
	at freemarker.ext.beans.BeansWrapper.invokeMethod(BeansWrapper.java:616)
	at freemarker.ext.beans.SimpleMethodModel.exec(SimpleMethodModel.java:113)
	at freemarker.core.MethodCall._getAsTemplateModel(MethodCall.java:93)
	at freemarker.core.Expression.getAsTemplateModel(Expression.java:89)
	at freemarker.core.Expression.getStringValue(Expression.java:93)
	at freemarker.core.DollarVariable.accept(DollarVariable.java:76)
	at freemarker.core.Environment.visit(Environment.java:196)
	at freemarker.core.MixedContent.accept(MixedContent.java:92)
	at freemarker.core.Environment.visit(Environment.java:196)
	at freemarker.core.IfBlock.accept(IfBlock.java:82)
	at freemarker.core.Environment.visit(Environment.java:196)
	at freemarker.core.MixedContent.accept(MixedContent.java:92)
	at freemarker.core.Environment.visit(Environment.java:196)
	at freemarker.core.ConditionalBlock.accept(ConditionalBlock.java:79)
	at freemarker.core.Environment.visit(Environment.java:196)
	at freemarker.core.Environment.include(Environment.java:1375)
	at freemarker.core.Include.accept(Include.java:155)
	at freemarker.core.Environment.visit(Environment.java:196)
	at freemarker.core.Environment.include(Environment.java:1375)
	at freemarker.core.Include.accept(Include.java:155)
	at freemarker.core.Environment.visit(Environment.java:196)
	at freemarker.core.MixedContent.accept(MixedContent.java:92)
	at freemarker.core.Environment.visit(Environment.java:196)
	at freemarker.core.ConditionalBlock.accept(ConditionalBlock.java:79)
	at freemarker.core.Environment.visit(Environment.java:196)
	at freemarker.core.IteratorBlock$Context.runLoop(IteratorBlock.java:160)
	at freemarker.core.Environment.visit(Environment.java:351)
	at freemarker.core.IteratorBlock.accept(IteratorBlock.java:95)
	at freemarker.core.Environment.visit(Environment.java:196)
	at freemarker.core.MixedContent.accept(MixedContent.java:92)
	at freemarker.core.Environment.visit(Environment.java:196)
	at freemarker.core.Environment.include(Environment.java:1375)
	at freemarker.core.Include.accept(Include.java:155)
	at freemarker.core.Environment.visit(Environment.java:196)
	at freemarker.core.MixedContent.accept(MixedContent.java:92)
	at freemarker.core.Environment.visit(Environment.java:196)
	at freemarker.core.IfBlock.accept(IfBlock.java:82)
	at freemarker.core.Environment.visit(Environment.java:196)
	at freemarker.core.MixedContent.accept(MixedContent.java:92)
	at freemarker.core.Environment.visit(Environment.java:196)
	at freemarker.core.Environment.visit(Environment.java:233)
	at freemarker.core.BlockAssignment.accept(BlockAssignment.java:83)
	at freemarker.core.Environment.visit(Environment.java:196)
	at freemarker.core.MixedContent.accept(MixedContent.java:92)
	at freemarker.core.Environment.visit(Environment.java:196)
	at freemarker.core.Environment.process(Environment.java:176)
	at freemarker.template.Template.process(Template.java:232)
	at org.hibernate.tool.hbm2x.TemplateHelper.processTemplate(TemplateHelper.java:255)
	at org.hibernate.tool.hbm2x.TemplateProducer.produceToString(TemplateProducer.java:67)
	at org.hibernate.tool.hbm2x.TemplateProducer.produce(TemplateProducer.java:28)
	at org.hibernate.tool.hbm2x.TemplateProducer.produce(TemplateProducer.java:103)
	at org.hibernate.tool.hbm2x.GenericExporter.exportPOJO(GenericExporter.java:148)
	at org.hibernate.tool.hbm2x.GenericExporter.exportPersistentClass(GenericExporter.java:137)
	at org.hibernate.tool.hbm2x.GenericExporter$2.process(GenericExporter.java:43)
	at org.hibernate.tool.hbm2x.GenericExporter.doStart(GenericExporter.java:128)
	at org.hibernate.tool.hbm2x.AbstractExporter.start(AbstractExporter.java:95)
	at org.hibernate.eclipse.launch.CodeGenerationLaunchDelegate$1.execute(CodeGenerationLaunchDelegate.java:250)
	at org.hibernate.console.execution.DefaultExecutionContext.execute(DefaultExecutionContext.java:64)
	at org.hibernate.console.ConsoleConfiguration.execute(ConsoleConfiguration.java:93)
	at org.hibernate.eclipse.launch.CodeGenerationLaunchDelegate.runExporters(CodeGenerationLaunchDelegate.java:225)
	at org.hibernate.eclipse.launch.CodeGenerationLaunchDelegate.launch(CodeGenerationLaunchDelegate.java:138)
	at org.eclipse.debug.internal.core.LaunchConfiguration.launch(LaunchConfiguration.java:764)
	at org.eclipse.debug.internal.core.LaunchConfiguration.launch(LaunchConfiguration.java:614)
	at org.eclipse.debug.internal.ui.DebugUIPlugin.buildAndLaunch(DebugUIPlugin.java:880)
	at org.eclipse.debug.internal.ui.DebugUIPlugin$8.run(DebugUIPlugin.java:1083)
	at org.eclipse.core.internal.jobs.Worker.run(Worker.java:55)
