2016-07-10 14:37:47,410 | DEBUG | 1}{0.0.0.0:8181} | SelectorManager                  | 104 - org.eclipse.jetty.util - 9.2.15.v20160210 | Queued change org.eclipse.jetty.io.SelectorManager$ManagedSelector$Accept@1a0d8522
2016-07-10 14:37:47,412 | DEBUG | nager@51ec9728/0 | SelectorManager                  | 104 - org.eclipse.jetty.util - 9.2.15.v20160210 | Selector loop woken up from select, 0/0 selected
2016-07-10 14:37:47,413 | DEBUG | nager@51ec9728/0 | SelectorManager                  | 104 - org.eclipse.jetty.util - 9.2.15.v20160210 | Running change org.eclipse.jetty.io.SelectorManager$ManagedSelector$Accept@1a0d8522
2016-07-10 14:37:47,754 | DEBUG | nager@51ec9728/0 | AbstractEndPoint                 | 104 - org.eclipse.jetty.util - 9.2.15.v20160210 | onOpen SelectChannelEndPoint@4153b7bc{/0:0:0:0:0:0:0:1:55227<->8181,Open,in,out,-,-,7/30000,null}{io=0,kio=0,kro=0}
2016-07-10 14:37:47,754 | DEBUG | nager@51ec9728/0 | IdleTimeout                      | 104 - org.eclipse.jetty.util - 9.2.15.v20160210 | SelectChannelEndPoint@4153b7bc{/0:0:0:0:0:0:0:1:55227<->8181,Open,in,out,-,-,7/30000,null}{io=0,kio=0,kro=0} idle timeout check, elapsed: 7 ms, remaining: 29993 ms
2016-07-10 14:37:47,795 | DEBUG | nager@51ec9728/0 | HttpChannel                      | 104 - org.eclipse.jetty.util - 9.2.15.v20160210 | new HttpChannelOverHttp@e675a4{r=0,c=false,a=IDLE,uri=} -> SelectChannelEndPoint@4153b7bc{/0:0:0:0:0:0:0:1:55227<->8181,Open,in,out,-,-,47/30000,null}{io=0,kio=0,kro=0},null,HttpChannelState@6b3b883b{s=IDLE i=true a=null}
2016-07-10 14:37:47,803 | DEBUG | nager@51ec9728/0 | HttpConnection                   | 104 - org.eclipse.jetty.util - 9.2.15.v20160210 | New HTTP Connection HttpConnection@7249d1ef[IDLE,SelectChannelEndPoint@4153b7bc{/0:0:0:0:0:0:0:1:55227<->8181,Open,in,out,-,-,56/30000,null}{io=0,kio=0,kro=0}][p=HttpParser{s=START,0 of 0},g=HttpGenerator{s=START},c=HttpChannelOverHttp@e675a4{r=0,c=false,a=IDLE,uri=}]
2016-07-10 14:37:47,804 | DEBUG | nager@51ec9728/0 | AbstractConnection               | 104 - org.eclipse.jetty.util - 9.2.15.v20160210 | onOpen HttpConnection@7249d1ef[IDLE,SelectChannelEndPoint@4153b7bc{/0:0:0:0:0:0:0:1:55227<->8181,Open,in,out,-,-,57/30000,HttpConnection}{io=0,kio=0,kro=0}][p=HttpParser{s=START,0 of 0},g=HttpGenerator{s=START},c=HttpChannelOverHttp@e675a4{r=0,c=false,a=IDLE,uri=}]
2016-07-10 14:37:47,805 | DEBUG | nager@51ec9728/0 | AbstractConnection               | 104 - org.eclipse.jetty.util - 9.2.15.v20160210 | fillInterested HttpConnection@7249d1ef[IDLE,SelectChannelEndPoint@4153b7bc{/0:0:0:0:0:0:0:1:55227<->8181,Open,in,out,-,-,57/30000,HttpConnection}{io=0,kio=0,kro=0}][p=HttpParser{s=START,0 of 0},g=HttpGenerator{s=START},c=HttpChannelOverHttp@e675a4{r=0,c=false,a=IDLE,uri=}]
2016-07-10 14:37:47,805 | DEBUG | nager@51ec9728/0 | AbstractConnection               | 104 - org.eclipse.jetty.util - 9.2.15.v20160210 | IDLE-->FILL_INTERESTED HttpConnection@7249d1ef[FILL_INTERESTED,SelectChannelEndPoint@4153b7bc{/0:0:0:0:0:0:0:1:55227<->8181,Open,in,out,-,-,58/30000,HttpConnection}{io=0,kio=0,kro=0}][p=HttpParser{s=START,0 of 0},g=HttpGenerator{s=START},c=HttpChannelOverHttp@e675a4{r=0,c=false,a=IDLE,uri=}]
2016-07-10 14:37:47,805 | DEBUG | nager@51ec9728/0 | SelectChannelEndPoint            | 104 - org.eclipse.jetty.util - 9.2.15.v20160210 | Local interests updating 0 -> 1 for SelectChannelEndPoint@4153b7bc{/0:0:0:0:0:0:0:1:55227<->8181,Open,in,out,R,-,0/30000,HttpConnection}{io=1,kio=0,kro=0}
2016-07-10 14:37:47,806 | DEBUG | nager@51ec9728/0 | SelectorManager                  | 104 - org.eclipse.jetty.util - 9.2.15.v20160210 | Queued change org.eclipse.jetty.io.SelectChannelEndPoint$1@2f2f04da
2016-07-10 14:37:47,806 | DEBUG | nager@51ec9728/0 | SelectorManager                  | 104 - org.eclipse.jetty.util - 9.2.15.v20160210 | Created SelectChannelEndPoint@4153b7bc{/0:0:0:0:0:0:0:1:55227<->8181,Open,in,out,R,-,1/30000,HttpConnection}{io=1,kio=0,kro=0}
2016-07-10 14:37:47,806 | DEBUG | nager@51ec9728/0 | SelectorManager                  | 104 - org.eclipse.jetty.util - 9.2.15.v20160210 | Running change org.eclipse.jetty.io.SelectChannelEndPoint$1@2f2f04da
2016-07-10 14:37:47,807 | DEBUG | nager@51ec9728/0 | SelectChannelEndPoint            | 104 - org.eclipse.jetty.util - 9.2.15.v20160210 | Key interests updated 0 -> 1 on SelectChannelEndPoint@4153b7bc{/0:0:0:0:0:0:0:1:55227<->8181,Open,in,out,R,-,2/30000,HttpConnection}{io=1,kio=1,kro=0}
2016-07-10 14:37:47,807 | DEBUG | nager@51ec9728/0 | SelectorManager                  | 104 - org.eclipse.jetty.util - 9.2.15.v20160210 | Selector loop waiting on select
2016-07-10 14:37:47,807 | DEBUG | nager@51ec9728/0 | SelectorManager                  | 104 - org.eclipse.jetty.util - 9.2.15.v20160210 | Selector loop woken up from select, 1/1 selected
2016-07-10 14:37:47,808 | DEBUG | nager@51ec9728/0 | SelectChannelEndPoint            | 104 - org.eclipse.jetty.util - 9.2.15.v20160210 | Key interests updated 1 -> 0 on SelectChannelEndPoint@4153b7bc{/0:0:0:0:0:0:0:1:55227<->8181,Open,in,out,R,-,3/30000,HttpConnection}{io=1,kio=0,kro=1}
2016-07-10 14:37:47,808 | DEBUG | nager@51ec9728/0 | SelectChannelEndPoint            | 104 - org.eclipse.jetty.util - 9.2.15.v20160210 | Local interests updating 1 -> 0 for SelectChannelEndPoint@4153b7bc{/0:0:0:0:0:0:0:1:55227<->8181,Open,in,out,R,-,3/30000,HttpConnection}{io=0,kio=0,kro=1}
2016-07-10 14:37:47,808 | DEBUG | nager@51ec9728/0 | SelectorManager                  | 104 - org.eclipse.jetty.util - 9.2.15.v20160210 | Queued change org.eclipse.jetty.io.SelectChannelEndPoint$1@2f2f04da
2016-07-10 14:37:47,809 | DEBUG | nager@51ec9728/0 | AbstractConnection               | 104 - org.eclipse.jetty.util - 9.2.15.v20160210 | FILL_INTERESTED-->FILLING HttpConnection@7249d1ef[FILLING,SelectChannelEndPoint@4153b7bc{/0:0:0:0:0:0:0:1:55227<->8181,Open,in,out,-,-,3/30000,HttpConnection}{io=0,kio=0,kro=1}][p=HttpParser{s=START,0 of 0},g=HttpGenerator{s=START},c=HttpChannelOverHttp@e675a4{r=0,c=false,a=IDLE,uri=}]
2016-07-10 14:37:47,809 | DEBUG | nager@51ec9728/0 | SelectorManager                  | 104 - org.eclipse.jetty.util - 9.2.15.v20160210 | Running change org.eclipse.jetty.io.SelectChannelEndPoint$1@2f2f04da
2016-07-10 14:37:47,809 | DEBUG | nager@51ec9728/0 | SelectorManager                  | 104 - org.eclipse.jetty.util - 9.2.15.v20160210 | Selector loop waiting on select
2016-07-10 14:37:47,810 | DEBUG | tp2121602258-233 | HttpConnection                   | 104 - org.eclipse.jetty.util - 9.2.15.v20160210 | HttpConnection@7249d1ef[FILLING,SelectChannelEndPoint@4153b7bc{/0:0:0:0:0:0:0:1:55227<->8181,Open,in,out,-,-,5/30000,HttpConnection}{io=0,kio=0,kro=1}][p=HttpParser{s=START,0 of 0},g=HttpGenerator{s=START},c=HttpChannelOverHttp@e675a4{r=0,c=false,a=IDLE,uri=}] onFillable HttpChannelState@6b3b883b{s=IDLE i=true a=null}
2016-07-10 14:37:47,813 | DEBUG | tp2121602258-233 | ChannelEndPoint                  | 104 - org.eclipse.jetty.util - 9.2.15.v20160210 | filled 504 SelectChannelEndPoint@4153b7bc{/0:0:0:0:0:0:0:1:55227<->8181,Open,in,out,-,-,8/30000,HttpConnection}{io=0,kio=0,kro=1}
2016-07-10 14:37:47,813 | DEBUG | tp2121602258-233 | HttpParser                       | 104 - org.eclipse.jetty.util - 9.2.15.v20160210 | parseNext s=START HeapByteBuffer@479402fb[p=0,l=504,c=8192,r=504]={<<<GET /tasklist?add...7B8D241F2F7\r\n\r\n>>>\x00\x00\x00\x00\x00\x00\x00\x00\x00\x00\x00\x00\x00\x00\x00\x00\x00...\x00\x00\x00\x00\x00\x00\x00\x00\x00\x00\x00\x00\x00\x00\x00}
2016-07-10 14:37:47,814 | DEBUG | tp2121602258-233 | HttpParser                       | 104 - org.eclipse.jetty.util - 9.2.15.v20160210 | START --> SPACE1
2016-07-10 14:37:47,815 | DEBUG | tp2121602258-233 | HttpParser                       | 104 - org.eclipse.jetty.util - 9.2.15.v20160210 | SPACE1 --> URI
2016-07-10 14:37:47,815 | DEBUG | tp2121602258-233 | HttpParser                       | 104 - org.eclipse.jetty.util - 9.2.15.v20160210 | URI --> SPACE2
2016-07-10 14:37:47,815 | DEBUG | tp2121602258-233 | HttpParser                       | 104 - org.eclipse.jetty.util - 9.2.15.v20160210 | SPACE2 --> REQUEST_VERSION
2016-07-10 14:37:47,815 | DEBUG | tp2121602258-233 | HttpParser                       | 104 - org.eclipse.jetty.util - 9.2.15.v20160210 | REQUEST_VERSION --> HEADER
2016-07-10 14:37:47,816 | DEBUG | tp2121602258-233 | HttpParser                       | 104 - org.eclipse.jetty.util - 9.2.15.v20160210 | HEADER --> HEADER_VALUE
2016-07-10 14:37:47,816 | DEBUG | tp2121602258-233 | HttpParser                       | 104 - org.eclipse.jetty.util - 9.2.15.v20160210 | HEADER_VALUE --> HEADER_IN_VALUE
2016-07-10 14:37:47,816 | DEBUG | tp2121602258-233 | HttpParser                       | 104 - org.eclipse.jetty.util - 9.2.15.v20160210 | HEADER_IN_VALUE --> HEADER
2016-07-10 14:37:47,818 | DEBUG | tp2121602258-233 | HttpParser                       | 104 - org.eclipse.jetty.util - 9.2.15.v20160210 | HEADER --> HEADER_IN_VALUE
2016-07-10 14:37:47,818 | DEBUG | tp2121602258-233 | HttpParser                       | 104 - org.eclipse.jetty.util - 9.2.15.v20160210 | HEADER_IN_VALUE --> HEADER
2016-07-10 14:37:47,818 | DEBUG | tp2121602258-233 | HttpParser                       | 104 - org.eclipse.jetty.util - 9.2.15.v20160210 | HEADER --> HEADER_VALUE
2016-07-10 14:37:47,818 | DEBUG | tp2121602258-233 | HttpParser                       | 104 - org.eclipse.jetty.util - 9.2.15.v20160210 | HEADER_VALUE --> HEADER_IN_VALUE
2016-07-10 14:37:47,818 | DEBUG | tp2121602258-233 | HttpParser                       | 104 - org.eclipse.jetty.util - 9.2.15.v20160210 | HEADER_IN_VALUE --> HEADER
2016-07-10 14:37:47,819 | DEBUG | tp2121602258-233 | HttpParser                       | 104 - org.eclipse.jetty.util - 9.2.15.v20160210 | HEADER --> HEADER_VALUE
2016-07-10 14:37:47,819 | DEBUG | tp2121602258-233 | HttpParser                       | 104 - org.eclipse.jetty.util - 9.2.15.v20160210 | HEADER_VALUE --> HEADER_IN_VALUE
2016-07-10 14:37:47,819 | DEBUG | tp2121602258-233 | HttpParser                       | 104 - org.eclipse.jetty.util - 9.2.15.v20160210 | HEADER_IN_VALUE --> HEADER
2016-07-10 14:37:47,819 | DEBUG | tp2121602258-233 | HttpParser                       | 104 - org.eclipse.jetty.util - 9.2.15.v20160210 | HEADER --> HEADER_IN_VALUE
2016-07-10 14:37:47,819 | DEBUG | tp2121602258-233 | HttpParser                       | 104 - org.eclipse.jetty.util - 9.2.15.v20160210 | HEADER_IN_VALUE --> HEADER
2016-07-10 14:37:47,819 | DEBUG | tp2121602258-233 | HttpParser                       | 104 - org.eclipse.jetty.util - 9.2.15.v20160210 | HEADER --> HEADER_IN_NAME
2016-07-10 14:37:47,819 | DEBUG | tp2121602258-233 | HttpParser                       | 104 - org.eclipse.jetty.util - 9.2.15.v20160210 | HEADER_IN_NAME --> HEADER_VALUE
2016-07-10 14:37:47,819 | DEBUG | tp2121602258-233 | HttpParser                       | 104 - org.eclipse.jetty.util - 9.2.15.v20160210 | HEADER_VALUE --> HEADER_IN_VALUE
2016-07-10 14:37:47,819 | DEBUG | tp2121602258-233 | HttpParser                       | 104 - org.eclipse.jetty.util - 9.2.15.v20160210 | HEADER_IN_VALUE --> HEADER
2016-07-10 14:37:47,820 | DEBUG | tp2121602258-233 | HttpParser                       | 104 - org.eclipse.jetty.util - 9.2.15.v20160210 | HEADER --> HEADER_IN_VALUE
2016-07-10 14:37:47,820 | DEBUG | tp2121602258-233 | HttpParser                       | 104 - org.eclipse.jetty.util - 9.2.15.v20160210 | HEADER_IN_VALUE --> HEADER
2016-07-10 14:37:47,820 | DEBUG | tp2121602258-233 | HttpParser                       | 104 - org.eclipse.jetty.util - 9.2.15.v20160210 | HEADER --> HEADER_VALUE
2016-07-10 14:37:47,820 | DEBUG | tp2121602258-233 | HttpParser                       | 104 - org.eclipse.jetty.util - 9.2.15.v20160210 | HEADER_VALUE --> HEADER_IN_VALUE
2016-07-10 14:37:47,820 | DEBUG | tp2121602258-233 | HttpParser                       | 104 - org.eclipse.jetty.util - 9.2.15.v20160210 | HEADER_IN_VALUE --> HEADER
2016-07-10 14:37:47,820 | DEBUG | tp2121602258-233 | HttpParser                       | 104 - org.eclipse.jetty.util - 9.2.15.v20160210 | HEADER --> HEADER_VALUE
2016-07-10 14:37:47,820 | DEBUG | tp2121602258-233 | HttpParser                       | 104 - org.eclipse.jetty.util - 9.2.15.v20160210 | HEADER_VALUE --> HEADER_IN_VALUE
2016-07-10 14:37:47,820 | DEBUG | tp2121602258-233 | HttpParser                       | 104 - org.eclipse.jetty.util - 9.2.15.v20160210 | HEADER_IN_VALUE --> HEADER
2016-07-10 14:37:47,823 | DEBUG | tp2121602258-233 | HttpParser                       | 104 - org.eclipse.jetty.util - 9.2.15.v20160210 | HEADER --> END
2016-07-10 14:37:47,823 | DEBUG | tp2121602258-233 | HttpChannel                      | 104 - org.eclipse.jetty.util - 9.2.15.v20160210 | HttpChannelOverHttp@e675a4{r=1,c=false,a=IDLE,uri=/tasklist?add&taskId=358&title=Buy+more+coffee1} messageComplete
2016-07-10 14:37:47,824 | DEBUG | tp2121602258-233 | HttpInput                        | 104 - org.eclipse.jetty.util - 9.2.15.v20160210 | HttpInputOverHTTP@6e66f45 EOF
2016-07-10 14:37:47,824 | DEBUG | tp2121602258-233 | HttpChannel                      | 104 - org.eclipse.jetty.util - 9.2.15.v20160210 | HttpChannelOverHttp@e675a4{r=1,c=false,a=IDLE,uri=/tasklist?add&taskId=358&title=Buy+more+coffee1} handle enter
2016-07-10 14:37:47,825 | DEBUG | Buy+more+coffee1 | HttpChannelState                 | 104 - org.eclipse.jetty.util - 9.2.15.v20160210 | HttpChannelState@6b3b883b{s=IDLE i=true a=null} handling IDLE
2016-07-10 14:37:47,826 | DEBUG | Buy+more+coffee1 | HttpChannel                      | 104 - org.eclipse.jetty.util - 9.2.15.v20160210 | HttpChannelOverHttp@e675a4{r=1,c=false,a=DISPATCHED,uri=/tasklist?add&taskId=358&title=Buy+more+coffee1} action REQUEST_DISPATCH
2016-07-10 14:37:47,827 | DEBUG | Buy+more+coffee1 | Server                           | 104 - org.eclipse.jetty.util - 9.2.15.v20160210 | REQUEST GET /tasklist on HttpChannelOverHttp@e675a4{r=1,c=false,a=DISPATCHED,uri=/tasklist?add&taskId=358&title=Buy+more+coffee1}
2016-07-10 14:37:47,828 | DEBUG | Buy+more+coffee1 | ServerModel                      | 130 - org.ops4j.pax.web.pax-web-spi - 4.2.6 | Matching [/tasklist]...
2016-07-10 14:37:47,828 | DEBUG | Buy+more+coffee1 | ServerModel                      | 130 - org.ops4j.pax.web.pax-web-spi - 4.2.6 | Path [/tasklist] matched to {pattern=/tasklist/.*,model=ServletModel{id=org.ops4j.pax.web.service.spi.model.ServletModel-2,name=org.ops4j.pax.web.service.spi.model.ServletModel-2,urlPatterns=[/tasklist/*],alias=/tasklist,servlet=org.apache.aries.jpa.example.tasklist.blueprint.impl.TasklistServlet@45df45f6,initParams={},context=ContextModel{id=org.ops4j.pax.web.service.spi.model.ContextModel-1,name=,httpContext=DefaultHttpContext [bundle=org.apache.aries.jpa.example.tasklist.blueprint [133], contextID=default],contextParams={},virtualHosts={},connectors={}}}}
2016-07-10 14:37:47,828 | DEBUG | Buy+more+coffee1 | ContextHandler                   | 104 - org.eclipse.jetty.util - 9.2.15.v20160210 | scope null||/tasklist @ HttpServiceContext{httpContext=DefaultHttpContext [bundle=org.apache.aries.jpa.example.tasklist.blueprint [133], contextID=default]}
2016-07-10 14:37:47,829 | DEBUG | Buy+more+coffee1 | ContextHandler                   | 104 - org.eclipse.jetty.util - 9.2.15.v20160210 | context=||/tasklist @ HttpServiceContext{httpContext=DefaultHttpContext [bundle=org.apache.aries.jpa.example.tasklist.blueprint [133], contextID=default]}
2016-07-10 14:37:47,834 | DEBUG | Buy+more+coffee1 | session                          | 104 - org.eclipse.jetty.util - 9.2.15.v20160210 | Got Session ID A7A989EC269DEF7F4CA027B8D241F2F7 from cookie
2016-07-10 14:37:47,834 | DEBUG | Buy+more+coffee1 | session                          | 104 - org.eclipse.jetty.util - 9.2.15.v20160210 | sessionManager=org.ops4j.pax.web.service.jetty.internal.LateInvalidatingHashSessionManager@42dd6e5c
2016-07-10 14:37:47,834 | DEBUG | Buy+more+coffee1 | session                          | 104 - org.eclipse.jetty.util - 9.2.15.v20160210 | session=null
2016-07-10 14:37:47,835 | DEBUG | Buy+more+coffee1 | ServletHandler                   | 104 - org.eclipse.jetty.util - 9.2.15.v20160210 | servlet |/tasklist|null -> org.ops4j.pax.web.service.spi.model.ServletModel-2@378be0fa==org.apache.aries.jpa.example.tasklist.blueprint.impl.TasklistServlet,-1,true
2016-07-10 14:37:47,835 | DEBUG | Buy+more+coffee1 | HttpServiceContext               | 127 - org.ops4j.pax.web.pax-web-jetty - 4.2.6 | Handling request for [/tasklist] using http context [DefaultHttpContext [bundle=org.apache.aries.jpa.example.tasklist.blueprint [133], contextID=default]]
2016-07-10 14:37:47,852 | DEBUG | Buy+more+coffee1 | HttpServiceServletHandler        | 127 - org.ops4j.pax.web.pax-web-jetty - 4.2.6 | handling request org.ops4j.pax.web.service.jetty.internal.HttpServiceRequestWrapper@3a7fad85, org.ops4j.pax.web.service.jetty.internal.HttpServiceResponseWrapper@3a071f7c
2016-07-10 14:37:47,852 | DEBUG | Buy+more+coffee1 | ServletHandler                   | 104 - org.eclipse.jetty.util - 9.2.15.v20160210 | chain=null
2016-07-10 14:37:47,880 | DEBUG | Buy+more+coffee1 | TxInterceptorImpl                | 71 - org.apache.aries.transaction.blueprint - 2.1.0 | PreCall for bean taskService, method addTask with tx strategy REQUIRED.
2016-07-10 14:37:47,887 | DEBUG | Buy+more+coffee1 | JpaInterceptor                   | 66 - org.apache.aries.jpa.blueprint - 2.3.0 | PreCall for bean taskService, method addTask
2016-07-10 14:37:47,887 | DEBUG | Buy+more+coffee1 | EMSupplierImpl                   | 68 - org.apache.aries.jpa.support - 2.3.0 | Creating EntityManager for persistence unit tasklist, coordination txInterceptor.org.apache.aries.jpa.example.tasklist.model.TaskService.addTask
2016-07-10 14:37:47,887 | TRACE | Buy+more+coffee1 | onFactoryImpl$SessionBuilderImpl | 121 - org.jboss.logging.jboss-logging - 3.3.0.Final | Opening Hibernate Session.  tenant=null, owner=org.hibernate.jpa.internal.EntityManagerImpl@518ef49a
2016-07-10 14:37:47,894 | DEBUG | Buy+more+coffee1 | JtaTransactionCoordinatorImpl    | 121 - org.jboss.logging.jboss-logging - 3.3.0.Final | Hibernate RegisteredSynchronization successfully registered with JTA platform
2016-07-10 14:37:47,894 | TRACE | Buy+more+coffee1 | SessionImpl                      | 121 - org.jboss.logging.jboss-logging - 3.3.0.Final | Opened session at timestamp: 14681506678
2016-07-10 14:37:47,895 | TRACE | Buy+more+coffee1 | SessionImpl                      | 121 - org.jboss.logging.jboss-logging - 3.3.0.Final | Setting flush mode to: AUTO
2016-07-10 14:37:47,895 | TRACE | Buy+more+coffee1 | SessionImpl                      | 121 - org.jboss.logging.jboss-logging - 3.3.0.Final | Setting cache mode to: NORMAL
2016-07-10 14:37:47,904 | TRACE | Buy+more+coffee1 | IdentifierValue                  | 121 - org.jboss.logging.jboss-logging - 3.3.0.Final | ID unsaved-value strategy UNDEFINED
2016-07-10 14:37:47,905 | TRACE | Buy+more+coffee1 | AbstractSaveEventListener        | 121 - org.jboss.logging.jboss-logging - 3.3.0.Final | Transient instance of: org.apache.aries.jpa.example.tasklist.model.Task
2016-07-10 14:37:47,905 | TRACE | Buy+more+coffee1 | DefaultPersistEventListener      | 121 - org.jboss.logging.jboss-logging - 3.3.0.Final | Saving transient instance
2016-07-10 14:37:47,921 | DEBUG | Buy+more+coffee1 | AbstractSaveEventListener        | 121 - org.jboss.logging.jboss-logging - 3.3.0.Final | Generated identifier: 358, using strategy: org.hibernate.id.Assigned
2016-07-10 14:37:47,931 | TRACE | Buy+more+coffee1 | AbstractSaveEventListener        | 121 - org.jboss.logging.jboss-logging - 3.3.0.Final | Saving [org.apache.aries.jpa.example.tasklist.model.Task#358]
2016-07-10 14:37:47,965 | TRACE | Buy+more+coffee1 | ActionQueue                      | 121 - org.jboss.logging.jboss-logging - 3.3.0.Final | Adding an EntityInsertAction for [org.apache.aries.jpa.example.tasklist.model.Task] object
2016-07-10 14:37:47,966 | TRACE | Buy+more+coffee1 | ActionQueue                      | 121 - org.jboss.logging.jboss-logging - 3.3.0.Final | Adding insert with no non-nullable, transient entities: [EntityInsertAction[org.apache.aries.jpa.example.tasklist.model.Task#358]]
2016-07-10 14:37:47,967 | TRACE | Buy+more+coffee1 | ActionQueue                      | 121 - org.jboss.logging.jboss-logging - 3.3.0.Final | Adding resolved non-early insert action.
2016-07-10 14:37:47,984 | DEBUG | Buy+more+coffee1 | JpaInterceptor                   | 66 - org.apache.aries.jpa.blueprint - 2.3.0 | PostCallWithReturn for bean taskService, method addTask
2016-07-10 14:37:47,984 | DEBUG | Buy+more+coffee1 | TxInterceptorImpl                | 71 - org.apache.aries.transaction.blueprint - 2.1.0 | PostCallWithReturn for bean taskService, method public abstract void org.apache.aries.jpa.example.tasklist.model.TaskService.addTask(org.apache.aries.jpa.example.tasklist.model.Task).
2016-07-10 14:37:47,985 | DEBUG | Buy+more+coffee1 | EMSupplierImpl                   | 68 - org.apache.aries.jpa.support - 2.3.0 | Closing EntityManager for persistence unit tasklist as coordination txInterceptor.org.apache.aries.jpa.example.tasklist.model.TaskService.addTask ended.
2016-07-10 14:37:47,986 | TRACE | Buy+more+coffee1 | RegisteredSynchronization        | 121 - org.jboss.logging.jboss-logging - 3.3.0.Final | Registered JTA Synchronization : beforeCompletion()
2016-07-10 14:37:47,986 | TRACE | Buy+more+coffee1 | llbackCoordinatorNonTrackingImpl | 121 - org.jboss.logging.jboss-logging - 3.3.0.Final | Synchronization coordinator: beforeCompletion()
2016-07-10 14:37:47,986 | TRACE | Buy+more+coffee1 | SessionImpl                      | 121 - org.jboss.logging.jboss-logging - 3.3.0.Final | SessionImpl#beforeTransactionCompletion()
2016-07-10 14:37:47,986 | TRACE | Buy+more+coffee1 | SessionImpl                      | 121 - org.jboss.logging.jboss-logging - 3.3.0.Final | Automatically flushing session
2016-07-10 14:37:47,987 | TRACE | Buy+more+coffee1 | AbstractFlushingEventListener    | 121 - org.jboss.logging.jboss-logging - 3.3.0.Final | Flushing session
2016-07-10 14:37:47,987 | DEBUG | Buy+more+coffee1 | AbstractFlushingEventListener    | 121 - org.jboss.logging.jboss-logging - 3.3.0.Final | Processing flush-time cascades
2016-07-10 14:37:47,988 | TRACE | Buy+more+coffee1 | Cascade                          | 121 - org.jboss.logging.jboss-logging - 3.3.0.Final | Processing cascade ACTION_PERSIST_ON_FLUSH for: org.apache.aries.jpa.example.tasklist.model.Task
2016-07-10 14:37:47,989 | TRACE | Buy+more+coffee1 | Cascade                          | 121 - org.jboss.logging.jboss-logging - 3.3.0.Final | Done processing cascade ACTION_PERSIST_ON_FLUSH for: org.apache.aries.jpa.example.tasklist.model.Task
2016-07-10 14:37:47,989 | DEBUG | Buy+more+coffee1 | AbstractFlushingEventListener    | 121 - org.jboss.logging.jboss-logging - 3.3.0.Final | Dirty checking collections
2016-07-10 14:37:47,989 | TRACE | Buy+more+coffee1 | AbstractFlushingEventListener    | 121 - org.jboss.logging.jboss-logging - 3.3.0.Final | Flushing entities and processing referenced collections
2016-07-10 14:37:47,990 | TRACE | Buy+more+coffee1 | AbstractFlushingEventListener    | 121 - org.jboss.logging.jboss-logging - 3.3.0.Final | Processing unreferenced collections
2016-07-10 14:37:47,991 | TRACE | Buy+more+coffee1 | AbstractFlushingEventListener    | 121 - org.jboss.logging.jboss-logging - 3.3.0.Final | Scheduling collection removes/(re)creates/updates
2016-07-10 14:37:47,991 | DEBUG | Buy+more+coffee1 | AbstractFlushingEventListener    | 121 - org.jboss.logging.jboss-logging - 3.3.0.Final | Flushed: 1 insertions, 0 updates, 0 deletions to 1 objects
2016-07-10 14:37:47,991 | DEBUG | Buy+more+coffee1 | AbstractFlushingEventListener    | 121 - org.jboss.logging.jboss-logging - 3.3.0.Final | Flushed: 0 (re)creations, 0 updates, 0 removals to 0 collections
2016-07-10 14:37:48,003 | DEBUG | Buy+more+coffee1 | EntityPrinter                    | 121 - org.jboss.logging.jboss-logging - 3.3.0.Final | Listing entities:
2016-07-10 14:37:48,003 | DEBUG | Buy+more+coffee1 | EntityPrinter                    | 121 - org.jboss.logging.jboss-logging - 3.3.0.Final | org.apache.aries.jpa.example.tasklist.model.Task{dueDate=null, description=null, finished=false, id=358, title=Buy more coffee1}
2016-07-10 14:37:48,004 | TRACE | Buy+more+coffee1 | AbstractFlushingEventListener    | 121 - org.jboss.logging.jboss-logging - 3.3.0.Final | Executing flush
2016-07-10 14:37:48,004 | TRACE | Buy+more+coffee1 | AbstractEntityPersister          | 121 - org.jboss.logging.jboss-logging - 3.3.0.Final | Inserting entity: [org.apache.aries.jpa.example.tasklist.model.Task#358]
2016-07-10 14:37:48,008 | TRACE | Buy+more+coffee1 | AbstractServiceRegistryImpl      | 121 - org.jboss.logging.jboss-logging - 3.3.0.Final | Initializing service [role=org.hibernate.engine.jdbc.batch.spi.BatchBuilder]
2016-07-10 14:37:48,011 | TRACE | Buy+more+coffee1 | AbstractServiceRegistryImpl      | 121 - org.jboss.logging.jboss-logging - 3.3.0.Final | Initializing service [role=org.hibernate.jmx.spi.JmxService]
2016-07-10 14:37:48,012 | TRACE | Buy+more+coffee1 | BatchBuilderImpl                 | 121 - org.jboss.logging.jboss-logging - 3.3.0.Final | Building batch [size=1]
2016-07-10 14:37:48,016 | DEBUG | Buy+more+coffee1 | SQL                              | 121 - org.jboss.logging.jboss-logging - 3.3.0.Final | insert into Task (description, dueDate, finished, title, id) values (?, ?, ?, ?, ?)
2016-07-10 14:37:48,025 | TRACE | Buy+more+coffee1 | ResourceRegistryStandardImpl     | 121 - org.jboss.logging.jboss-logging - 3.3.0.Final | Registering statement [prep5: insert into Task (description, dueDate, finished, title, id) values (?, ?, ?, ?, ?)]
2016-07-10 14:37:48,025 | TRACE | Buy+more+coffee1 | AbstractEntityPersister          | 121 - org.jboss.logging.jboss-logging - 3.3.0.Final | Dehydrating entity: [org.apache.aries.jpa.example.tasklist.model.Task#358]
2016-07-10 14:37:48,030 | TRACE | Buy+more+coffee1 | BasicBinder                      | 121 - org.jboss.logging.jboss-logging - 3.3.0.Final | binding parameter [1] as [VARCHAR] - [null]
2016-07-10 14:37:48,031 | TRACE | Buy+more+coffee1 | BasicBinder                      | 121 - org.jboss.logging.jboss-logging - 3.3.0.Final | binding parameter [2] as [TIMESTAMP] - [null]
2016-07-10 14:37:48,031 | TRACE | Buy+more+coffee1 | BasicBinder                      | 121 - org.jboss.logging.jboss-logging - 3.3.0.Final | binding parameter [3] as [BOOLEAN] - [false]
2016-07-10 14:37:48,032 | TRACE | Buy+more+coffee1 | BasicBinder                      | 121 - org.jboss.logging.jboss-logging - 3.3.0.Final | binding parameter [4] as [VARCHAR] - [Buy more coffee1]
2016-07-10 14:37:48,032 | TRACE | Buy+more+coffee1 | BasicBinder                      | 121 - org.jboss.logging.jboss-logging - 3.3.0.Final | binding parameter [5] as [INTEGER] - [358]
2016-07-10 14:37:48,035 | TRACE | Buy+more+coffee1 | ResourceRegistryStandardImpl     | 121 - org.jboss.logging.jboss-logging - 3.3.0.Final | Releasing statement [prep5: insert into Task (description, dueDate, finished, title, id) values (?, ?, ?, ?, ?) {1: NULL, 2: NULL, 3: FALSE, 4: 'Buy more coffee1', 5: 358}]
2016-07-10 14:37:48,035 | TRACE | Buy+more+coffee1 | ResourceRegistryStandardImpl     | 121 - org.jboss.logging.jboss-logging - 3.3.0.Final | Closing prepared statement [prep5: insert into Task (description, dueDate, finished, title, id) values (?, ?, ?, ?, ?) {1: NULL, 2: NULL, 3: FALSE, 4: 'Buy more coffee1', 5: 358}]
2016-07-10 14:37:48,037 | TRACE | Buy+more+coffee1 | JdbcCoordinatorImpl              | 121 - org.jboss.logging.jboss-logging - 3.3.0.Final | Starting after statement execution processing [AFTER_STATEMENT]
2016-07-10 14:37:48,037 | DEBUG | Buy+more+coffee1 | JdbcCoordinatorImpl              | 121 - org.jboss.logging.jboss-logging - 3.3.0.Final | Skipping aggressive release due to manual disabling
2016-07-10 14:37:48,038 | TRACE | Buy+more+coffee1 | JdbcCoordinatorImpl              | 121 - org.jboss.logging.jboss-logging - 3.3.0.Final | Starting after statement execution processing [AFTER_STATEMENT]
2016-07-10 14:37:48,039 | TRACE | Buy+more+coffee1 | ractLogicalConnectionImplementor | 121 - org.jboss.logging.jboss-logging - 3.3.0.Final | LogicalConnection#afterStatement
2016-07-10 14:37:48,039 | DEBUG | Buy+more+coffee1 | LogicalConnectionManagedImpl     | 121 - org.jboss.logging.jboss-logging - 3.3.0.Final | Initiating JDBC connection release from afterStatement
2016-07-10 14:37:48,039 | TRACE | Buy+more+coffee1 | ResourceRegistryStandardImpl     | 121 - org.jboss.logging.jboss-logging - 3.3.0.Final | Releasing JDBC resources
2016-07-10 14:37:48,040 | TRACE | Buy+more+coffee1 | AbstractFlushingEventListener    | 121 - org.jboss.logging.jboss-logging - 3.3.0.Final | Post flush
2016-07-10 14:37:48,046 | TRACE | Buy+more+coffee1 | chronizationRegistryStandardImpl | 121 - org.jboss.logging.jboss-logging - 3.3.0.Final | SynchronizationRegistryStandardImpl.notifySynchronizationsBeforeTransactionCompletion
2016-07-10 14:37:48,048 | TRACE | Buy+more+coffee1 | RegisteredSynchronization        | 121 - org.jboss.logging.jboss-logging - 3.3.0.Final | Registered JTA Synchronization : afterCompletion(3)
2016-07-10 14:37:48,049 | TRACE | Buy+more+coffee1 | nCallbackCoordinatorTrackingImpl | 121 - org.jboss.logging.jboss-logging - 3.3.0.Final | Synchronization coordinator: afterCompletion(status=3)
2016-07-10 14:37:48,051 | TRACE | Buy+more+coffee1 | llbackCoordinatorNonTrackingImpl | 121 - org.jboss.logging.jboss-logging - 3.3.0.Final | Synchronization coordinator: doAfterCompletion(successful=true, delayed=false)
2016-07-10 14:37:48,051 | TRACE | Buy+more+coffee1 | chronizationRegistryStandardImpl | 121 - org.jboss.logging.jboss-logging - 3.3.0.Final | SynchronizationRegistryStandardImpl.notifySynchronizationsAfterTransactionCompletion(3)
2016-07-10 14:37:48,051 | TRACE | Buy+more+coffee1 | ractLogicalConnectionImplementor | 121 - org.jboss.logging.jboss-logging - 3.3.0.Final | LogicalConnection#afterTransaction
2016-07-10 14:37:48,052 | TRACE | Buy+more+coffee1 | ResourceRegistryStandardImpl     | 121 - org.jboss.logging.jboss-logging - 3.3.0.Final | Releasing JDBC resources
2016-07-10 14:37:48,052 | DEBUG | Buy+more+coffee1 | LogicalConnectionManagedImpl     | 121 - org.jboss.logging.jboss-logging - 3.3.0.Final | Initiating JDBC connection release from afterTransaction
2016-07-10 14:37:48,052 | TRACE | Buy+more+coffee1 | SessionImpl                      | 121 - org.jboss.logging.jboss-logging - 3.3.0.Final | SessionImpl#afterTransactionCompletion(successful=true, delayed=false)
2016-07-10 14:37:48,052 | TRACE | Buy+more+coffee1 | SessionImpl                      | 121 - org.jboss.logging.jboss-logging - 3.3.0.Final | Automatically closing session
2016-07-10 14:37:48,052 | TRACE | Buy+more+coffee1 | SessionImpl                      | 121 - org.jboss.logging.jboss-logging - 3.3.0.Final | Closing session
2016-07-10 14:37:48,053 | TRACE | Buy+more+coffee1 | JdbcCoordinatorImpl              | 121 - org.jboss.logging.jboss-logging - 3.3.0.Final | Closing JDBC container [org.hibernate.engine.jdbc.internal.JdbcCoordinatorImpl@2748904e]
2016-07-10 14:37:48,053 | DEBUG | Buy+more+coffee1 | JdbcCoordinatorImpl              | 121 - org.jboss.logging.jboss-logging - 3.3.0.Final | HHH000420: Closing un-released batch
2016-07-10 14:37:48,053 | TRACE | Buy+more+coffee1 | ResourceRegistryStandardImpl     | 121 - org.jboss.logging.jboss-logging - 3.3.0.Final | Releasing JDBC resources
2016-07-10 14:37:48,053 | TRACE | Buy+more+coffee1 | LogicalConnectionManagedImpl     | 121 - org.jboss.logging.jboss-logging - 3.3.0.Final | Closing logical connection
2016-07-10 14:37:48,053 | TRACE | Buy+more+coffee1 | LogicalConnectionManagedImpl     | 121 - org.jboss.logging.jboss-logging - 3.3.0.Final | Logical connection closed
2016-07-10 14:37:48,054 | DEBUG | Buy+more+coffee1 | Server                           | 104 - org.eclipse.jetty.util - 9.2.15.v20160210 | RESPONSE /tasklist  200 handled=true
2016-07-10 14:37:48,055 | DEBUG | Buy+more+coffee1 | HttpChannelState                 | 104 - org.eclipse.jetty.util - 9.2.15.v20160210 | HttpChannelState@6b3b883b{s=DISPATCHED i=true a=null} unhandle DISPATCHED
2016-07-10 14:37:48,068 | DEBUG | Buy+more+coffee1 | HttpConnection                   | 104 - org.eclipse.jetty.util - 9.2.15.v20160210 | org.eclipse.jetty.server.HttpConnection$SendCallback@63fd2452[PROCESSING][i=ResponseInfo{HTTP/1.1 200 null,-1,false},cb=org.eclipse.jetty.server.HttpChannel$CommitCallback@195a2ffe] generate: NEED_HEADER (null,[p=0,l=0,c=0,r=0],true)@START
2016-07-10 14:37:48,069 | DEBUG | Buy+more+coffee1 | HttpConnection                   | 104 - org.eclipse.jetty.util - 9.2.15.v20160210 | org.eclipse.jetty.server.HttpConnection$SendCallback@63fd2452[PROCESSING][i=ResponseInfo{HTTP/1.1 200 null,-1,false},cb=org.eclipse.jetty.server.HttpChannel$CommitCallback@195a2ffe] generate: FLUSH ([p=0,l=108,c=8192,r=108],[p=0,l=0,c=0,r=0],true)@COMPLETING
2016-07-10 14:37:48,070 | DEBUG | Buy+more+coffee1 | WriteFlusher                     | 104 - org.eclipse.jetty.util - 9.2.15.v20160210 | write: WriteFlusher@18168e78{IDLE} [HeapByteBuffer@2b664652[p=0,l=108,c=8192,r=108]={<<<HTTP/1.1 200 OK\r\n....v20160210)\r\n\r\n>>>\x00\x00\x00\x00\x00\x00\x00\x00\x00\x00\x00\x00\x00\x00\x00\x00\x00...\x00\x00\x00\x00\x00\x00\x00\x00\x00\x00\x00\x00\x00\x00\x00}]
2016-07-10 14:37:48,071 | DEBUG | Buy+more+coffee1 | WriteFlusher                     | 104 - org.eclipse.jetty.util - 9.2.15.v20160210 | update WriteFlusher@18168e78{WRITING}:IDLE-->WRITING
2016-07-10 14:37:48,072 | DEBUG | Buy+more+coffee1 | ChannelEndPoint                  | 104 - org.eclipse.jetty.util - 9.2.15.v20160210 | flushed 108 SelectChannelEndPoint@4153b7bc{/0:0:0:0:0:0:0:1:55227<->8181,Open,in,out,-,W,259/30000,HttpConnection}{io=0,kio=0,kro=1}
2016-07-10 14:37:48,073 | DEBUG | Buy+more+coffee1 | WriteFlusher                     | 104 - org.eclipse.jetty.util - 9.2.15.v20160210 | update WriteFlusher@18168e78{IDLE}:WRITING-->IDLE
2016-07-10 14:37:48,073 | DEBUG | Buy+more+coffee1 | HttpConnection                   | 104 - org.eclipse.jetty.util - 9.2.15.v20160210 | org.eclipse.jetty.server.HttpConnection$SendCallback@63fd2452[PROCESSING][i=ResponseInfo{HTTP/1.1 200 null,-1,false},cb=org.eclipse.jetty.server.HttpChannel$CommitCallback@195a2ffe] generate: DONE ([p=108,l=108,c=8192,r=0],[p=0,l=0,c=0,r=0],true)@END
2016-07-10 14:37:48,074 | DEBUG | Buy+more+coffee1 | HttpParser                       | 104 - org.eclipse.jetty.util - 9.2.15.v20160210 | reset HttpParser{s=END,0 of 0}
2016-07-10 14:37:48,075 | DEBUG | Buy+more+coffee1 | HttpParser                       | 104 - org.eclipse.jetty.util - 9.2.15.v20160210 | END --> START
2016-07-10 14:37:48,075 | DEBUG | tp2121602258-233 | HttpChannel                      | 104 - org.eclipse.jetty.util - 9.2.15.v20160210 | HttpChannelOverHttp@e675a4{r=1,c=false,a=IDLE,uri=} handle exit, result COMPLETE
2016-07-10 14:37:48,075 | DEBUG | tp2121602258-233 | ChannelEndPoint                  | 104 - org.eclipse.jetty.util - 9.2.15.v20160210 | filled 0 SelectChannelEndPoint@4153b7bc{/0:0:0:0:0:0:0:1:55227<->8181,Open,in,out,-,-,2/30000,HttpConnection}{io=0,kio=0,kro=1}
2016-07-10 14:37:48,075 | DEBUG | tp2121602258-233 | ChannelEndPoint                  | 104 - org.eclipse.jetty.util - 9.2.15.v20160210 | filled 0 SelectChannelEndPoint@4153b7bc{/0:0:0:0:0:0:0:1:55227<->8181,Open,in,out,-,-,2/30000,HttpConnection}{io=0,kio=0,kro=1}
2016-07-10 14:37:48,076 | DEBUG | tp2121602258-233 | HttpParser                       | 104 - org.eclipse.jetty.util - 9.2.15.v20160210 | parseNext s=START HeapByteBuffer@2b664652[p=0,l=0,c=8192,r=0]={<<<>>>HTTP/1.1 200 OK\r\n...\x00\x00\x00\x00\x00\x00\x00\x00\x00\x00\x00\x00\x00\x00\x00}
2016-07-10 14:37:48,076 | DEBUG | tp2121602258-233 | AbstractConnection               | 104 - org.eclipse.jetty.util - 9.2.15.v20160210 | fillInterested HttpConnection@7249d1ef[FILLING,SelectChannelEndPoint@4153b7bc{/0:0:0:0:0:0:0:1:55227<->8181,Open,in,out,-,-,3/30000,HttpConnection}{io=0,kio=0,kro=1}][p=HttpParser{s=START,0 of -1},g=HttpGenerator{s=START},c=HttpChannelOverHttp@e675a4{r=1,c=false,a=IDLE,uri=}]
2016-07-10 14:37:48,076 | DEBUG | tp2121602258-233 | AbstractConnection               | 104 - org.eclipse.jetty.util - 9.2.15.v20160210 | FILLING-->FILLING_FILL_INTERESTED HttpConnection@7249d1ef[FILLING_FILL_INTERESTED,SelectChannelEndPoint@4153b7bc{/0:0:0:0:0:0:0:1:55227<->8181,Open,in,out,-,-,3/30000,HttpConnection}{io=0,kio=0,kro=1}][p=HttpParser{s=START,0 of -1},g=HttpGenerator{s=START},c=HttpChannelOverHttp@e675a4{r=1,c=false,a=IDLE,uri=}]
2016-07-10 14:37:48,077 | DEBUG | tp2121602258-233 | AbstractConnection               | 104 - org.eclipse.jetty.util - 9.2.15.v20160210 | FILLING_FILL_INTERESTED-->FILL_INTERESTED HttpConnection@7249d1ef[FILL_INTERESTED,SelectChannelEndPoint@4153b7bc{/0:0:0:0:0:0:0:1:55227<->8181,Open,in,out,-,-,4/30000,HttpConnection}{io=0,kio=0,kro=1}][p=HttpParser{s=START,0 of -1},g=HttpGenerator{s=START},c=HttpChannelOverHttp@e675a4{r=1,c=false,a=IDLE,uri=}]
2016-07-10 14:37:48,077 | DEBUG | tp2121602258-233 | SelectChannelEndPoint            | 104 - org.eclipse.jetty.util - 9.2.15.v20160210 | Local interests updating 0 -> 1 for SelectChannelEndPoint@4153b7bc{/0:0:0:0:0:0:0:1:55227<->8181,Open,in,out,R,-,0/30000,HttpConnection}{io=1,kio=0,kro=1}
2016-07-10 14:37:48,077 | DEBUG | tp2121602258-233 | SelectorManager                  | 104 - org.eclipse.jetty.util - 9.2.15.v20160210 | Queued change org.eclipse.jetty.io.SelectChannelEndPoint$1@2f2f04da
2016-07-10 14:37:48,078 | DEBUG | nager@51ec9728/0 | SelectorManager                  | 104 - org.eclipse.jetty.util - 9.2.15.v20160210 | Selector loop woken up from select, 0/1 selected
2016-07-10 14:37:48,079 | DEBUG | nager@51ec9728/0 | SelectorManager                  | 104 - org.eclipse.jetty.util - 9.2.15.v20160210 | Running change org.eclipse.jetty.io.SelectChannelEndPoint$1@2f2f04da
2016-07-10 14:37:48,079 | DEBUG | nager@51ec9728/0 | SelectChannelEndPoint            | 104 - org.eclipse.jetty.util - 9.2.15.v20160210 | Key interests updated 0 -> 1 on SelectChannelEndPoint@4153b7bc{/0:0:0:0:0:0:0:1:55227<->8181,Open,in,out,R,-,2/30000,HttpConnection}{io=1,kio=1,kro=1}
2016-07-10 14:37:48,079 | DEBUG | nager@51ec9728/0 | SelectorManager                  | 104 - org.eclipse.jetty.util - 9.2.15.v20160210 | Selector loop waiting on select
2016-07-10 14:38:17,751 | DEBUG | duler-1972196479 | IdleTimeout                      | 104 - org.eclipse.jetty.util - 9.2.15.v20160210 | SelectChannelEndPoint@4153b7bc{/0:0:0:0:0:0:0:1:55227<->8181,Open,in,out,R,-,29673/30000,HttpConnection}{io=1,kio=1,kro=1} idle timeout check, elapsed: 29673 ms, remaining: 327 ms
2016-07-10 14:38:18,079 | DEBUG | duler-1972196479 | IdleTimeout                      | 104 - org.eclipse.jetty.util - 9.2.15.v20160210 | SelectChannelEndPoint@4153b7bc{/0:0:0:0:0:0:0:1:55227<->8181,Open,in,out,R,-,30002/30000,HttpConnection}{io=1,kio=1,kro=1} idle timeout check, elapsed: 30002 ms, remaining: -2 ms
2016-07-10 14:38:18,080 | DEBUG | duler-1972196479 | IdleTimeout                      | 104 - org.eclipse.jetty.util - 9.2.15.v20160210 | SelectChannelEndPoint@4153b7bc{/0:0:0:0:0:0:0:1:55227<->8181,Open,in,out,R,-,30003/30000,HttpConnection}{io=1,kio=1,kro=1} idle timeout expired
2016-07-10 14:38:18,081 | DEBUG | duler-1972196479 | WriteFlusher                     | 104 - org.eclipse.jetty.util - 9.2.15.v20160210 | ignored: WriteFlusher@18168e78{IDLE} java.util.concurrent.TimeoutException: Idle timeout expired: 30002/30000 ms
2016-07-10 14:38:18,081 | DEBUG | tp2121602258-234 | AbstractConnection               | 104 - org.eclipse.jetty.util - 9.2.15.v20160210 | FILL_INTERESTED-->IDLE HttpConnection@7249d1ef[IDLE,SelectChannelEndPoint@4153b7bc{/0:0:0:0:0:0:0:1:55227<->8181,Open,in,out,-,-,30004/30000,HttpConnection}{io=1,kio=1,kro=1}][p=HttpParser{s=START,0 of -1},g=HttpGenerator{s=START},c=HttpChannelOverHttp@e675a4{r=1,c=false,a=IDLE,uri=}]
2016-07-10 14:38:18,081 | DEBUG | duler-1972196479 | AbstractEndPoint                 | 104 - org.eclipse.jetty.util - 9.2.15.v20160210 | Ignored idle endpoint SelectChannelEndPoint@4153b7bc{/0:0:0:0:0:0:0:1:55227<->8181,Open,in,out,-,-,30004/30000,HttpConnection}{io=1,kio=1,kro=1}
2016-07-10 14:38:18,082 | DEBUG | tp2121602258-234 | HttpParser                       | 104 - org.eclipse.jetty.util - 9.2.15.v20160210 | close HttpParser{s=START,0 of -1}
2016-07-10 14:38:18,082 | DEBUG | tp2121602258-234 | HttpParser                       | 104 - org.eclipse.jetty.util - 9.2.15.v20160210 | START --> CLOSED
2016-07-10 14:38:18,083 | DEBUG | tp2121602258-234 | AbstractConnection               | 104 - org.eclipse.jetty.util - 9.2.15.v20160210 | HttpConnection@7249d1ef[IDLE,SelectChannelEndPoint@4153b7bc{/0:0:0:0:0:0:0:1:55227<->8181,Open,in,out,-,-,0/30000,HttpConnection}{io=1,kio=1,kro=1}][p=HttpParser{s=CLOSED,0 of -1},g=HttpGenerator{s=START},c=HttpChannelOverHttp@e675a4{r=1,c=false,a=IDLE,uri=}] onFillInterestedFailed java.util.concurrent.TimeoutException: Idle timeout expired: 30002/30000 ms
2016-07-10 14:38:18,083 | DEBUG | tp2121602258-234 | ChannelEndPoint                  | 104 - org.eclipse.jetty.util - 9.2.15.v20160210 | oshut SelectChannelEndPoint@4153b7bc{/0:0:0:0:0:0:0:1:55227<->8181,Open,in,out,-,-,1/30000,HttpConnection}{io=1,kio=1,kro=1}
2016-07-10 14:38:18,084 | DEBUG | tp2121602258-234 | AbstractConnection               | 104 - org.eclipse.jetty.util - 9.2.15.v20160210 | fillInterested HttpConnection@7249d1ef[IDLE,SelectChannelEndPoint@4153b7bc{/0:0:0:0:0:0:0:1:55227<->8181,Open,in,OSHUT,-,-,2/30000,HttpConnection}{io=1,kio=1,kro=1}][p=HttpParser{s=CLOSED,0 of -1},g=HttpGenerator{s=START},c=HttpChannelOverHttp@e675a4{r=1,c=false,a=IDLE,uri=}]
2016-07-10 14:38:18,085 | DEBUG | tp2121602258-234 | AbstractConnection               | 104 - org.eclipse.jetty.util - 9.2.15.v20160210 | IDLE-->FILL_INTERESTED HttpConnection@7249d1ef[FILL_INTERESTED,SelectChannelEndPoint@4153b7bc{/0:0:0:0:0:0:0:1:55227<->8181,Open,in,OSHUT,-,-,3/30000,HttpConnection}{io=1,kio=1,kro=1}][p=HttpParser{s=CLOSED,0 of -1},g=HttpGenerator{s=START},c=HttpChannelOverHttp@e675a4{r=1,c=false,a=IDLE,uri=}]
2016-07-10 14:38:18,085 | DEBUG | tp2121602258-234 | SelectChannelEndPoint            | 104 - org.eclipse.jetty.util - 9.2.15.v20160210 | Ignoring local interests update 1 -> 1 for SelectChannelEndPoint@4153b7bc{/0:0:0:0:0:0:0:1:55227<->8181,Open,in,OSHUT,R,-,0/30000,HttpConnection}{io=1,kio=1,kro=1}
