2016-07-10 14:00:51,379 | DEBUG | 1}{0.0.0.0:8181} | SelectorManager                  | 102 - org.eclipse.jetty.util - 9.2.15.v20160210 | Queued change org.eclipse.jetty.io.SelectorManager$ManagedSelector$Accept@312e9957
2016-07-10 14:00:51,382 | DEBUG | nager@52fa0aff/0 | SelectorManager                  | 102 - org.eclipse.jetty.util - 9.2.15.v20160210 | Selector loop woken up from select, 0/0 selected
2016-07-10 14:00:51,382 | DEBUG | nager@52fa0aff/0 | SelectorManager                  | 102 - org.eclipse.jetty.util - 9.2.15.v20160210 | Running change org.eclipse.jetty.io.SelectorManager$ManagedSelector$Accept@312e9957
2016-07-10 14:00:51,716 | DEBUG | nager@52fa0aff/0 | AbstractEndPoint                 | 102 - org.eclipse.jetty.util - 9.2.15.v20160210 | onOpen SelectChannelEndPoint@31ecdf9c{/0:0:0:0:0:0:0:1:55010<->8181,Open,in,out,-,-,7/30000,null}{io=0,kio=0,kro=0}
2016-07-10 14:00:51,716 | DEBUG | nager@52fa0aff/0 | IdleTimeout                      | 102 - org.eclipse.jetty.util - 9.2.15.v20160210 | SelectChannelEndPoint@31ecdf9c{/0:0:0:0:0:0:0:1:55010<->8181,Open,in,out,-,-,8/30000,null}{io=0,kio=0,kro=0} idle timeout check, elapsed: 8 ms, remaining: 29992 ms
2016-07-10 14:00:51,755 | DEBUG | nager@52fa0aff/0 | HttpChannel                      | 102 - org.eclipse.jetty.util - 9.2.15.v20160210 | new HttpChannelOverHttp@4f7f8a49{r=0,c=false,a=IDLE,uri=} -> SelectChannelEndPoint@31ecdf9c{/0:0:0:0:0:0:0:1:55010<->8181,Open,in,out,-,-,46/30000,null}{io=0,kio=0,kro=0},null,HttpChannelState@6e4be4ad{s=IDLE i=true a=null}
2016-07-10 14:00:51,767 | DEBUG | nager@52fa0aff/0 | HttpConnection                   | 102 - org.eclipse.jetty.util - 9.2.15.v20160210 | New HTTP Connection HttpConnection@5e13cdf5[IDLE,SelectChannelEndPoint@31ecdf9c{/0:0:0:0:0:0:0:1:55010<->8181,Open,in,out,-,-,59/30000,null}{io=0,kio=0,kro=0}][p=HttpParser{s=START,0 of 0},g=HttpGenerator{s=START},c=HttpChannelOverHttp@4f7f8a49{r=0,c=false,a=IDLE,uri=}]
2016-07-10 14:00:51,769 | DEBUG | nager@52fa0aff/0 | AbstractConnection               | 102 - org.eclipse.jetty.util - 9.2.15.v20160210 | onOpen HttpConnection@5e13cdf5[IDLE,SelectChannelEndPoint@31ecdf9c{/0:0:0:0:0:0:0:1:55010<->8181,Open,in,out,-,-,60/30000,HttpConnection}{io=0,kio=0,kro=0}][p=HttpParser{s=START,0 of 0},g=HttpGenerator{s=START},c=HttpChannelOverHttp@4f7f8a49{r=0,c=false,a=IDLE,uri=}]
2016-07-10 14:00:51,769 | DEBUG | nager@52fa0aff/0 | AbstractConnection               | 102 - org.eclipse.jetty.util - 9.2.15.v20160210 | fillInterested HttpConnection@5e13cdf5[IDLE,SelectChannelEndPoint@31ecdf9c{/0:0:0:0:0:0:0:1:55010<->8181,Open,in,out,-,-,61/30000,HttpConnection}{io=0,kio=0,kro=0}][p=HttpParser{s=START,0 of 0},g=HttpGenerator{s=START},c=HttpChannelOverHttp@4f7f8a49{r=0,c=false,a=IDLE,uri=}]
2016-07-10 14:00:51,770 | DEBUG | nager@52fa0aff/0 | AbstractConnection               | 102 - org.eclipse.jetty.util - 9.2.15.v20160210 | IDLE-->FILL_INTERESTED HttpConnection@5e13cdf5[FILL_INTERESTED,SelectChannelEndPoint@31ecdf9c{/0:0:0:0:0:0:0:1:55010<->8181,Open,in,out,-,-,61/30000,HttpConnection}{io=0,kio=0,kro=0}][p=HttpParser{s=START,0 of 0},g=HttpGenerator{s=START},c=HttpChannelOverHttp@4f7f8a49{r=0,c=false,a=IDLE,uri=}]
2016-07-10 14:00:51,770 | DEBUG | nager@52fa0aff/0 | SelectChannelEndPoint            | 102 - org.eclipse.jetty.util - 9.2.15.v20160210 | Local interests updating 0 -> 1 for SelectChannelEndPoint@31ecdf9c{/0:0:0:0:0:0:0:1:55010<->8181,Open,in,out,R,-,0/30000,HttpConnection}{io=1,kio=0,kro=0}
2016-07-10 14:00:51,771 | DEBUG | nager@52fa0aff/0 | SelectorManager                  | 102 - org.eclipse.jetty.util - 9.2.15.v20160210 | Queued change org.eclipse.jetty.io.SelectChannelEndPoint$1@6e543166
2016-07-10 14:00:51,771 | DEBUG | nager@52fa0aff/0 | SelectorManager                  | 102 - org.eclipse.jetty.util - 9.2.15.v20160210 | Created SelectChannelEndPoint@31ecdf9c{/0:0:0:0:0:0:0:1:55010<->8181,Open,in,out,R,-,1/30000,HttpConnection}{io=1,kio=0,kro=0}
2016-07-10 14:00:51,771 | DEBUG | nager@52fa0aff/0 | SelectorManager                  | 102 - org.eclipse.jetty.util - 9.2.15.v20160210 | Running change org.eclipse.jetty.io.SelectChannelEndPoint$1@6e543166
2016-07-10 14:00:51,771 | DEBUG | nager@52fa0aff/0 | SelectChannelEndPoint            | 102 - org.eclipse.jetty.util - 9.2.15.v20160210 | Key interests updated 0 -> 1 on SelectChannelEndPoint@31ecdf9c{/0:0:0:0:0:0:0:1:55010<->8181,Open,in,out,R,-,1/30000,HttpConnection}{io=1,kio=1,kro=0}
2016-07-10 14:00:51,772 | DEBUG | nager@52fa0aff/0 | SelectorManager                  | 102 - org.eclipse.jetty.util - 9.2.15.v20160210 | Selector loop waiting on select
2016-07-10 14:00:51,772 | DEBUG | nager@52fa0aff/0 | SelectorManager                  | 102 - org.eclipse.jetty.util - 9.2.15.v20160210 | Selector loop woken up from select, 1/1 selected
2016-07-10 14:00:51,772 | DEBUG | nager@52fa0aff/0 | SelectChannelEndPoint            | 102 - org.eclipse.jetty.util - 9.2.15.v20160210 | Key interests updated 1 -> 0 on SelectChannelEndPoint@31ecdf9c{/0:0:0:0:0:0:0:1:55010<->8181,Open,in,out,R,-,2/30000,HttpConnection}{io=1,kio=0,kro=1}
2016-07-10 14:00:51,773 | DEBUG | nager@52fa0aff/0 | SelectChannelEndPoint            | 102 - org.eclipse.jetty.util - 9.2.15.v20160210 | Local interests updating 1 -> 0 for SelectChannelEndPoint@31ecdf9c{/0:0:0:0:0:0:0:1:55010<->8181,Open,in,out,R,-,2/30000,HttpConnection}{io=0,kio=0,kro=1}
2016-07-10 14:00:51,773 | DEBUG | nager@52fa0aff/0 | SelectorManager                  | 102 - org.eclipse.jetty.util - 9.2.15.v20160210 | Queued change org.eclipse.jetty.io.SelectChannelEndPoint$1@6e543166
2016-07-10 14:00:51,773 | DEBUG | nager@52fa0aff/0 | AbstractConnection               | 102 - org.eclipse.jetty.util - 9.2.15.v20160210 | FILL_INTERESTED-->FILLING HttpConnection@5e13cdf5[FILLING,SelectChannelEndPoint@31ecdf9c{/0:0:0:0:0:0:0:1:55010<->8181,Open,in,out,-,-,3/30000,HttpConnection}{io=0,kio=0,kro=1}][p=HttpParser{s=START,0 of 0},g=HttpGenerator{s=START},c=HttpChannelOverHttp@4f7f8a49{r=0,c=false,a=IDLE,uri=}]
2016-07-10 14:00:51,773 | DEBUG | nager@52fa0aff/0 | SelectorManager                  | 102 - org.eclipse.jetty.util - 9.2.15.v20160210 | Running change org.eclipse.jetty.io.SelectChannelEndPoint$1@6e543166
2016-07-10 14:00:51,773 | DEBUG | nager@52fa0aff/0 | SelectorManager                  | 102 - org.eclipse.jetty.util - 9.2.15.v20160210 | Selector loop waiting on select
2016-07-10 14:00:51,774 | DEBUG | tp1988068983-240 | HttpConnection                   | 102 - org.eclipse.jetty.util - 9.2.15.v20160210 | HttpConnection@5e13cdf5[FILLING,SelectChannelEndPoint@31ecdf9c{/0:0:0:0:0:0:0:1:55010<->8181,Open,in,out,-,-,4/30000,HttpConnection}{io=0,kio=0,kro=1}][p=HttpParser{s=START,0 of 0},g=HttpGenerator{s=START},c=HttpChannelOverHttp@4f7f8a49{r=0,c=false,a=IDLE,uri=}] onFillable HttpChannelState@6e4be4ad{s=IDLE i=true a=null}
2016-07-10 14:00:51,777 | DEBUG | tp1988068983-240 | ChannelEndPoint                  | 102 - org.eclipse.jetty.util - 9.2.15.v20160210 | filled 504 SelectChannelEndPoint@31ecdf9c{/0:0:0:0:0:0:0:1:55010<->8181,Open,in,out,-,-,6/30000,HttpConnection}{io=0,kio=0,kro=1}
2016-07-10 14:00:51,777 | DEBUG | tp1988068983-240 | HttpParser                       | 102 - org.eclipse.jetty.util - 9.2.15.v20160210 | parseNext s=START HeapByteBuffer@5a0f6ccf[p=0,l=504,c=8192,r=504]={<<<GET /tasklist?add...7B8D241F2F7\r\n\r\n>>>\x00\x00\x00\x00\x00\x00\x00\x00\x00\x00\x00\x00\x00\x00\x00\x00\x00...\x00\x00\x00\x00\x00\x00\x00\x00\x00\x00\x00\x00\x00\x00\x00}
2016-07-10 14:00:51,777 | DEBUG | tp1988068983-240 | HttpParser                       | 102 - org.eclipse.jetty.util - 9.2.15.v20160210 | START --> SPACE1
2016-07-10 14:00:51,779 | DEBUG | tp1988068983-240 | HttpParser                       | 102 - org.eclipse.jetty.util - 9.2.15.v20160210 | SPACE1 --> URI
2016-07-10 14:00:51,779 | DEBUG | tp1988068983-240 | HttpParser                       | 102 - org.eclipse.jetty.util - 9.2.15.v20160210 | URI --> SPACE2
2016-07-10 14:00:51,779 | DEBUG | tp1988068983-240 | HttpParser                       | 102 - org.eclipse.jetty.util - 9.2.15.v20160210 | SPACE2 --> REQUEST_VERSION
2016-07-10 14:00:51,779 | DEBUG | tp1988068983-240 | HttpParser                       | 102 - org.eclipse.jetty.util - 9.2.15.v20160210 | REQUEST_VERSION --> HEADER
2016-07-10 14:00:51,780 | DEBUG | tp1988068983-240 | HttpParser                       | 102 - org.eclipse.jetty.util - 9.2.15.v20160210 | HEADER --> HEADER_VALUE
2016-07-10 14:00:51,780 | DEBUG | tp1988068983-240 | HttpParser                       | 102 - org.eclipse.jetty.util - 9.2.15.v20160210 | HEADER_VALUE --> HEADER_IN_VALUE
2016-07-10 14:00:51,780 | DEBUG | tp1988068983-240 | HttpParser                       | 102 - org.eclipse.jetty.util - 9.2.15.v20160210 | HEADER_IN_VALUE --> HEADER
2016-07-10 14:00:51,782 | DEBUG | tp1988068983-240 | HttpParser                       | 102 - org.eclipse.jetty.util - 9.2.15.v20160210 | HEADER --> HEADER_IN_VALUE
2016-07-10 14:00:51,782 | DEBUG | tp1988068983-240 | HttpParser                       | 102 - org.eclipse.jetty.util - 9.2.15.v20160210 | HEADER_IN_VALUE --> HEADER
2016-07-10 14:00:51,782 | DEBUG | tp1988068983-240 | HttpParser                       | 102 - org.eclipse.jetty.util - 9.2.15.v20160210 | HEADER --> HEADER_VALUE
2016-07-10 14:00:51,782 | DEBUG | tp1988068983-240 | HttpParser                       | 102 - org.eclipse.jetty.util - 9.2.15.v20160210 | HEADER_VALUE --> HEADER_IN_VALUE
2016-07-10 14:00:51,782 | DEBUG | tp1988068983-240 | HttpParser                       | 102 - org.eclipse.jetty.util - 9.2.15.v20160210 | HEADER_IN_VALUE --> HEADER
2016-07-10 14:00:51,783 | DEBUG | tp1988068983-240 | HttpParser                       | 102 - org.eclipse.jetty.util - 9.2.15.v20160210 | HEADER --> HEADER_VALUE
2016-07-10 14:00:51,783 | DEBUG | tp1988068983-240 | HttpParser                       | 102 - org.eclipse.jetty.util - 9.2.15.v20160210 | HEADER_VALUE --> HEADER_IN_VALUE
2016-07-10 14:00:51,783 | DEBUG | tp1988068983-240 | HttpParser                       | 102 - org.eclipse.jetty.util - 9.2.15.v20160210 | HEADER_IN_VALUE --> HEADER
2016-07-10 14:00:51,783 | DEBUG | tp1988068983-240 | HttpParser                       | 102 - org.eclipse.jetty.util - 9.2.15.v20160210 | HEADER --> HEADER_IN_VALUE
2016-07-10 14:00:51,783 | DEBUG | tp1988068983-240 | HttpParser                       | 102 - org.eclipse.jetty.util - 9.2.15.v20160210 | HEADER_IN_VALUE --> HEADER
2016-07-10 14:00:51,783 | DEBUG | tp1988068983-240 | HttpParser                       | 102 - org.eclipse.jetty.util - 9.2.15.v20160210 | HEADER --> HEADER_IN_NAME
2016-07-10 14:00:51,783 | DEBUG | tp1988068983-240 | HttpParser                       | 102 - org.eclipse.jetty.util - 9.2.15.v20160210 | HEADER_IN_NAME --> HEADER_VALUE
2016-07-10 14:00:51,783 | DEBUG | tp1988068983-240 | HttpParser                       | 102 - org.eclipse.jetty.util - 9.2.15.v20160210 | HEADER_VALUE --> HEADER_IN_VALUE
2016-07-10 14:00:51,783 | DEBUG | tp1988068983-240 | HttpParser                       | 102 - org.eclipse.jetty.util - 9.2.15.v20160210 | HEADER_IN_VALUE --> HEADER
2016-07-10 14:00:51,783 | DEBUG | tp1988068983-240 | HttpParser                       | 102 - org.eclipse.jetty.util - 9.2.15.v20160210 | HEADER --> HEADER_IN_VALUE
2016-07-10 14:00:51,784 | DEBUG | tp1988068983-240 | HttpParser                       | 102 - org.eclipse.jetty.util - 9.2.15.v20160210 | HEADER_IN_VALUE --> HEADER
2016-07-10 14:00:51,784 | DEBUG | tp1988068983-240 | HttpParser                       | 102 - org.eclipse.jetty.util - 9.2.15.v20160210 | HEADER --> HEADER_VALUE
2016-07-10 14:00:51,784 | DEBUG | tp1988068983-240 | HttpParser                       | 102 - org.eclipse.jetty.util - 9.2.15.v20160210 | HEADER_VALUE --> HEADER_IN_VALUE
2016-07-10 14:00:51,784 | DEBUG | tp1988068983-240 | HttpParser                       | 102 - org.eclipse.jetty.util - 9.2.15.v20160210 | HEADER_IN_VALUE --> HEADER
2016-07-10 14:00:51,784 | DEBUG | tp1988068983-240 | HttpParser                       | 102 - org.eclipse.jetty.util - 9.2.15.v20160210 | HEADER --> HEADER_VALUE
2016-07-10 14:00:51,784 | DEBUG | tp1988068983-240 | HttpParser                       | 102 - org.eclipse.jetty.util - 9.2.15.v20160210 | HEADER_VALUE --> HEADER_IN_VALUE
2016-07-10 14:00:51,785 | DEBUG | tp1988068983-240 | HttpParser                       | 102 - org.eclipse.jetty.util - 9.2.15.v20160210 | HEADER_IN_VALUE --> HEADER
2016-07-10 14:00:51,787 | DEBUG | tp1988068983-240 | HttpParser                       | 102 - org.eclipse.jetty.util - 9.2.15.v20160210 | HEADER --> END
2016-07-10 14:00:51,787 | DEBUG | tp1988068983-240 | HttpChannel                      | 102 - org.eclipse.jetty.util - 9.2.15.v20160210 | HttpChannelOverHttp@4f7f8a49{r=1,c=false,a=IDLE,uri=/tasklist?add&taskId=358&title=Buy+more+coffee1} messageComplete
2016-07-10 14:00:51,790 | DEBUG | tp1988068983-240 | HttpInput                        | 102 - org.eclipse.jetty.util - 9.2.15.v20160210 | HttpInputOverHTTP@77fe14f6 EOF
2016-07-10 14:00:51,790 | DEBUG | tp1988068983-240 | HttpChannel                      | 102 - org.eclipse.jetty.util - 9.2.15.v20160210 | HttpChannelOverHttp@4f7f8a49{r=1,c=false,a=IDLE,uri=/tasklist?add&taskId=358&title=Buy+more+coffee1} handle enter
2016-07-10 14:00:51,790 | DEBUG | Buy+more+coffee1 | HttpChannelState                 | 102 - org.eclipse.jetty.util - 9.2.15.v20160210 | HttpChannelState@6e4be4ad{s=IDLE i=true a=null} handling IDLE
2016-07-10 14:00:51,792 | DEBUG | Buy+more+coffee1 | HttpChannel                      | 102 - org.eclipse.jetty.util - 9.2.15.v20160210 | HttpChannelOverHttp@4f7f8a49{r=1,c=false,a=DISPATCHED,uri=/tasklist?add&taskId=358&title=Buy+more+coffee1} action REQUEST_DISPATCH
2016-07-10 14:00:51,794 | DEBUG | Buy+more+coffee1 | Server                           | 102 - org.eclipse.jetty.util - 9.2.15.v20160210 | REQUEST GET /tasklist on HttpChannelOverHttp@4f7f8a49{r=1,c=false,a=DISPATCHED,uri=/tasklist?add&taskId=358&title=Buy+more+coffee1}
2016-07-10 14:00:51,794 | DEBUG | Buy+more+coffee1 | ServerModel                      | 127 - org.ops4j.pax.web.pax-web-spi - 4.2.6 | Matching [/tasklist]...
2016-07-10 14:00:51,794 | DEBUG | Buy+more+coffee1 | ServerModel                      | 127 - org.ops4j.pax.web.pax-web-spi - 4.2.6 | Path [/tasklist] matched to {pattern=/tasklist/.*,model=ServletModel{id=org.ops4j.pax.web.service.spi.model.ServletModel-2,name=org.ops4j.pax.web.service.spi.model.ServletModel-2,urlPatterns=[/tasklist/*],alias=/tasklist,servlet=org.apache.aries.jpa.example.tasklist.blueprint.impl.TasklistServlet@5a0dcfb0,initParams={},context=ContextModel{id=org.ops4j.pax.web.service.spi.model.ContextModel-1,name=,httpContext=DefaultHttpContext [bundle=org.apache.aries.jpa.example.tasklist.blueprint [135], contextID=default],contextParams={},virtualHosts={},connectors={}}}}
2016-07-10 14:00:51,795 | DEBUG | Buy+more+coffee1 | ContextHandler                   | 102 - org.eclipse.jetty.util - 9.2.15.v20160210 | scope null||/tasklist @ HttpServiceContext{httpContext=DefaultHttpContext [bundle=org.apache.aries.jpa.example.tasklist.blueprint [135], contextID=default]}
2016-07-10 14:00:51,796 | DEBUG | Buy+more+coffee1 | ContextHandler                   | 102 - org.eclipse.jetty.util - 9.2.15.v20160210 | context=||/tasklist @ HttpServiceContext{httpContext=DefaultHttpContext [bundle=org.apache.aries.jpa.example.tasklist.blueprint [135], contextID=default]}
2016-07-10 14:00:51,801 | DEBUG | Buy+more+coffee1 | session                          | 102 - org.eclipse.jetty.util - 9.2.15.v20160210 | Got Session ID A7A989EC269DEF7F4CA027B8D241F2F7 from cookie
2016-07-10 14:00:51,802 | DEBUG | Buy+more+coffee1 | session                          | 102 - org.eclipse.jetty.util - 9.2.15.v20160210 | sessionManager=org.ops4j.pax.web.service.jetty.internal.LateInvalidatingHashSessionManager@456d1373
2016-07-10 14:00:51,802 | DEBUG | Buy+more+coffee1 | session                          | 102 - org.eclipse.jetty.util - 9.2.15.v20160210 | session=null
2016-07-10 14:00:51,802 | DEBUG | Buy+more+coffee1 | ServletHandler                   | 102 - org.eclipse.jetty.util - 9.2.15.v20160210 | servlet |/tasklist|null -> org.ops4j.pax.web.service.spi.model.ServletModel-2@378be0fa==org.apache.aries.jpa.example.tasklist.blueprint.impl.TasklistServlet,-1,true
2016-07-10 14:00:51,802 | DEBUG | Buy+more+coffee1 | HttpServiceContext               | 124 - org.ops4j.pax.web.pax-web-jetty - 4.2.6 | Handling request for [/tasklist] using http context [DefaultHttpContext [bundle=org.apache.aries.jpa.example.tasklist.blueprint [135], contextID=default]]
2016-07-10 14:00:51,818 | DEBUG | Buy+more+coffee1 | HttpServiceServletHandler        | 124 - org.ops4j.pax.web.pax-web-jetty - 4.2.6 | handling request org.ops4j.pax.web.service.jetty.internal.HttpServiceRequestWrapper@4fa940b1, org.ops4j.pax.web.service.jetty.internal.HttpServiceResponseWrapper@778f300c
2016-07-10 14:00:51,818 | DEBUG | Buy+more+coffee1 | ServletHandler                   | 102 - org.eclipse.jetty.util - 9.2.15.v20160210 | chain=null
2016-07-10 14:00:51,837 | DEBUG | Buy+more+coffee1 | TxInterceptorImpl                | 70 - org.apache.aries.transaction.blueprint - 2.1.0 | PreCall for bean taskService, method addTask with tx strategy REQUIRED.
2016-07-10 14:00:51,843 | DEBUG | Buy+more+coffee1 | JpaInterceptor                   | 65 - org.apache.aries.jpa.blueprint - 2.3.0 | PreCall for bean taskService, method addTask
2016-07-10 14:00:51,843 | DEBUG | Buy+more+coffee1 | EMSupplierImpl                   | 67 - org.apache.aries.jpa.support - 2.3.0 | Creating EntityManager for persistence unit tasklist, coordination txInterceptor.org.apache.aries.jpa.example.tasklist.model.TaskService.addTask
2016-07-10 14:00:51,843 | TRACE | Buy+more+coffee1 | onFactoryImpl$SessionBuilderImpl | 118 - org.jboss.logging.jboss-logging - 3.3.0.Final | Opening Hibernate Session.  tenant=null, owner=null
2016-07-10 14:00:51,847 | DEBUG | Buy+more+coffee1 | JtaTransactionCoordinatorImpl    | 118 - org.jboss.logging.jboss-logging - 3.3.0.Final | Hibernate RegisteredSynchronization successfully registered with JTA platform
2016-07-10 14:00:51,848 | TRACE | Buy+more+coffee1 | SessionImpl                      | 118 - org.jboss.logging.jboss-logging - 3.3.0.Final | Opened Session [04fc8ad6-7549-4ce1-b40f-d1a5869a0a71] at timestamp: 14681484518
2016-07-10 14:00:51,854 | TRACE | Buy+more+coffee1 | IdentifierValue                  | 118 - org.jboss.logging.jboss-logging - 3.3.0.Final | ID unsaved-value strategy UNDEFINED
2016-07-10 14:00:51,854 | TRACE | Buy+more+coffee1 | AbstractSaveEventListener        | 118 - org.jboss.logging.jboss-logging - 3.3.0.Final | Transient instance of: org.apache.aries.jpa.example.tasklist.model.Task
2016-07-10 14:00:51,855 | TRACE | Buy+more+coffee1 | DefaultPersistEventListener      | 118 - org.jboss.logging.jboss-logging - 3.3.0.Final | Saving transient instance
2016-07-10 14:00:51,871 | DEBUG | Buy+more+coffee1 | AbstractSaveEventListener        | 118 - org.jboss.logging.jboss-logging - 3.3.0.Final | Generated identifier: 358, using strategy: org.hibernate.id.Assigned
2016-07-10 14:00:51,872 | TRACE | Buy+more+coffee1 | AbstractSaveEventListener        | 118 - org.jboss.logging.jboss-logging - 3.3.0.Final | Saving [org.apache.aries.jpa.example.tasklist.model.Task#358]
2016-07-10 14:00:51,927 | TRACE | Buy+more+coffee1 | ActionQueue                      | 118 - org.jboss.logging.jboss-logging - 3.3.0.Final | Adding an EntityInsertAction for [org.apache.aries.jpa.example.tasklist.model.Task] object
2016-07-10 14:00:51,929 | TRACE | Buy+more+coffee1 | ActionQueue                      | 118 - org.jboss.logging.jboss-logging - 3.3.0.Final | Adding insert with no non-nullable, transient entities: [EntityInsertAction[org.apache.aries.jpa.example.tasklist.model.Task#358]]
2016-07-10 14:00:51,930 | TRACE | Buy+more+coffee1 | ActionQueue                      | 118 - org.jboss.logging.jboss-logging - 3.3.0.Final | Adding resolved non-early insert action.
2016-07-10 14:00:51,934 | DEBUG | Buy+more+coffee1 | JpaInterceptor                   | 65 - org.apache.aries.jpa.blueprint - 2.3.0 | PostCallWithReturn for bean taskService, method addTask
2016-07-10 14:00:51,935 | DEBUG | Buy+more+coffee1 | TxInterceptorImpl                | 70 - org.apache.aries.transaction.blueprint - 2.1.0 | PostCallWithReturn for bean taskService, method public abstract void org.apache.aries.jpa.example.tasklist.model.TaskService.addTask(org.apache.aries.jpa.example.tasklist.model.Task).
2016-07-10 14:00:51,935 | DEBUG | Buy+more+coffee1 | EMSupplierImpl                   | 67 - org.apache.aries.jpa.support - 2.3.0 | Closing EntityManager for persistence unit tasklist as coordination txInterceptor.org.apache.aries.jpa.example.tasklist.model.TaskService.addTask ended.
2016-07-10 14:00:51,935 | TRACE | Buy+more+coffee1 | SessionImpl                      | 118 - org.jboss.logging.jboss-logging - 3.3.0.Final | Closing session [04fc8ad6-7549-4ce1-b40f-d1a5869a0a71]
2016-07-10 14:00:51,935 | TRACE | Buy+more+coffee1 | JdbcCoordinatorImpl              | 118 - org.jboss.logging.jboss-logging - 3.3.0.Final | Closing JDBC container [org.hibernate.engine.jdbc.internal.JdbcCoordinatorImpl@19f6e195]
2016-07-10 14:00:51,936 | TRACE | Buy+more+coffee1 | ResourceRegistryStandardImpl     | 118 - org.jboss.logging.jboss-logging - 3.3.0.Final | Releasing JDBC resources
2016-07-10 14:00:51,936 | TRACE | Buy+more+coffee1 | LogicalConnectionManagedImpl     | 118 - org.jboss.logging.jboss-logging - 3.3.0.Final | Closing logical connection
2016-07-10 14:00:51,936 | TRACE | Buy+more+coffee1 | LogicalConnectionManagedImpl     | 118 - org.jboss.logging.jboss-logging - 3.3.0.Final | Logical connection closed
2016-07-10 14:00:51,938 | TRACE | Buy+more+coffee1 | RegisteredSynchronization        | 118 - org.jboss.logging.jboss-logging - 3.3.0.Final | Registered JTA Synchronization : beforeCompletion()
2016-07-10 14:00:51,939 | TRACE | Buy+more+coffee1 | llbackCoordinatorNonTrackingImpl | 118 - org.jboss.logging.jboss-logging - 3.3.0.Final | Synchronization coordinator: beforeCompletion()
2016-07-10 14:00:51,939 | TRACE | Buy+more+coffee1 | SessionImpl                      | 118 - org.jboss.logging.jboss-logging - 3.3.0.Final | SessionImpl#beforeTransactionCompletion()
2016-07-10 14:00:51,939 | TRACE | Buy+more+coffee1 | chronizationRegistryStandardImpl | 118 - org.jboss.logging.jboss-logging - 3.3.0.Final | SynchronizationRegistryStandardImpl.notifySynchronizationsBeforeTransactionCompletion
2016-07-10 14:00:51,940 | TRACE | Buy+more+coffee1 | RegisteredSynchronization        | 118 - org.jboss.logging.jboss-logging - 3.3.0.Final | Registered JTA Synchronization : afterCompletion(3)
2016-07-10 14:00:51,940 | TRACE | Buy+more+coffee1 | nCallbackCoordinatorTrackingImpl | 118 - org.jboss.logging.jboss-logging - 3.3.0.Final | Synchronization coordinator: afterCompletion(status=3)
2016-07-10 14:00:51,940 | TRACE | Buy+more+coffee1 | llbackCoordinatorNonTrackingImpl | 118 - org.jboss.logging.jboss-logging - 3.3.0.Final | Synchronization coordinator: doAfterCompletion(successful=true, delayed=false)
2016-07-10 14:00:51,940 | TRACE | Buy+more+coffee1 | chronizationRegistryStandardImpl | 118 - org.jboss.logging.jboss-logging - 3.3.0.Final | SynchronizationRegistryStandardImpl.notifySynchronizationsAfterTransactionCompletion(3)
2016-07-10 14:00:51,940 | TRACE | Buy+more+coffee1 | ractLogicalConnectionImplementor | 118 - org.jboss.logging.jboss-logging - 3.3.0.Final | LogicalConnection#afterTransaction
2016-07-10 14:00:51,941 | TRACE | Buy+more+coffee1 | ResourceRegistryStandardImpl     | 118 - org.jboss.logging.jboss-logging - 3.3.0.Final | Releasing JDBC resources
2016-07-10 14:00:51,941 | DEBUG | Buy+more+coffee1 | LogicalConnectionManagedImpl     | 118 - org.jboss.logging.jboss-logging - 3.3.0.Final | Initiating JDBC connection release from afterTransaction
2016-07-10 14:00:51,941 | TRACE | Buy+more+coffee1 | SessionImpl                      | 118 - org.jboss.logging.jboss-logging - 3.3.0.Final | SessionImpl#afterTransactionCompletion(successful=true, delayed=false)
2016-07-10 14:00:51,942 | DEBUG | Buy+more+coffee1 | Server                           | 102 - org.eclipse.jetty.util - 9.2.15.v20160210 | RESPONSE /tasklist  200 handled=true
2016-07-10 14:00:51,942 | DEBUG | Buy+more+coffee1 | HttpChannelState                 | 102 - org.eclipse.jetty.util - 9.2.15.v20160210 | HttpChannelState@6e4be4ad{s=DISPATCHED i=true a=null} unhandle DISPATCHED
2016-07-10 14:00:51,954 | DEBUG | Buy+more+coffee1 | HttpConnection                   | 102 - org.eclipse.jetty.util - 9.2.15.v20160210 | org.eclipse.jetty.server.HttpConnection$SendCallback@42573c5d[PROCESSING][i=ResponseInfo{HTTP/1.1 200 null,-1,false},cb=org.eclipse.jetty.server.HttpChannel$CommitCallback@3ef3a4f5] generate: NEED_HEADER (null,[p=0,l=0,c=0,r=0],true)@START
2016-07-10 14:00:51,955 | DEBUG | Buy+more+coffee1 | HttpConnection                   | 102 - org.eclipse.jetty.util - 9.2.15.v20160210 | org.eclipse.jetty.server.HttpConnection$SendCallback@42573c5d[PROCESSING][i=ResponseInfo{HTTP/1.1 200 null,-1,false},cb=org.eclipse.jetty.server.HttpChannel$CommitCallback@3ef3a4f5] generate: FLUSH ([p=0,l=108,c=8192,r=108],[p=0,l=0,c=0,r=0],true)@COMPLETING
2016-07-10 14:00:51,955 | DEBUG | Buy+more+coffee1 | WriteFlusher                     | 102 - org.eclipse.jetty.util - 9.2.15.v20160210 | write: WriteFlusher@34c9ab7a{IDLE} [HeapByteBuffer@251d9c4a[p=0,l=108,c=8192,r=108]={<<<HTTP/1.1 200 OK\r\n....v20160210)\r\n\r\n>>>\x00\x00\x00\x00\x00\x00\x00\x00\x00\x00\x00\x00\x00\x00\x00\x00\x00...\x00\x00\x00\x00\x00\x00\x00\x00\x00\x00\x00\x00\x00\x00\x00}]
2016-07-10 14:00:51,956 | DEBUG | Buy+more+coffee1 | WriteFlusher                     | 102 - org.eclipse.jetty.util - 9.2.15.v20160210 | update WriteFlusher@34c9ab7a{WRITING}:IDLE-->WRITING
2016-07-10 14:00:51,959 | DEBUG | Buy+more+coffee1 | ChannelEndPoint                  | 102 - org.eclipse.jetty.util - 9.2.15.v20160210 | flushed 108 SelectChannelEndPoint@31ecdf9c{/0:0:0:0:0:0:0:1:55010<->8181,Open,in,out,-,W,181/30000,HttpConnection}{io=0,kio=0,kro=1}
2016-07-10 14:00:51,960 | DEBUG | Buy+more+coffee1 | WriteFlusher                     | 102 - org.eclipse.jetty.util - 9.2.15.v20160210 | update WriteFlusher@34c9ab7a{IDLE}:WRITING-->IDLE
2016-07-10 14:00:51,962 | DEBUG | Buy+more+coffee1 | HttpConnection                   | 102 - org.eclipse.jetty.util - 9.2.15.v20160210 | org.eclipse.jetty.server.HttpConnection$SendCallback@42573c5d[PROCESSING][i=ResponseInfo{HTTP/1.1 200 null,-1,false},cb=org.eclipse.jetty.server.HttpChannel$CommitCallback@3ef3a4f5] generate: DONE ([p=108,l=108,c=8192,r=0],[p=0,l=0,c=0,r=0],true)@END
2016-07-10 14:00:51,969 | DEBUG | Buy+more+coffee1 | HttpParser                       | 102 - org.eclipse.jetty.util - 9.2.15.v20160210 | reset HttpParser{s=END,0 of 0}
2016-07-10 14:00:51,969 | DEBUG | Buy+more+coffee1 | HttpParser                       | 102 - org.eclipse.jetty.util - 9.2.15.v20160210 | END --> START
2016-07-10 14:00:51,969 | DEBUG | tp1988068983-240 | HttpChannel                      | 102 - org.eclipse.jetty.util - 9.2.15.v20160210 | HttpChannelOverHttp@4f7f8a49{r=1,c=false,a=IDLE,uri=} handle exit, result COMPLETE
2016-07-10 14:00:51,970 | DEBUG | tp1988068983-240 | ChannelEndPoint                  | 102 - org.eclipse.jetty.util - 9.2.15.v20160210 | filled 0 SelectChannelEndPoint@31ecdf9c{/0:0:0:0:0:0:0:1:55010<->8181,Open,in,out,-,-,10/30000,HttpConnection}{io=0,kio=0,kro=1}
2016-07-10 14:00:51,972 | DEBUG | tp1988068983-240 | ChannelEndPoint                  | 102 - org.eclipse.jetty.util - 9.2.15.v20160210 | filled 0 SelectChannelEndPoint@31ecdf9c{/0:0:0:0:0:0:0:1:55010<->8181,Open,in,out,-,-,11/30000,HttpConnection}{io=0,kio=0,kro=1}
2016-07-10 14:00:51,974 | DEBUG | tp1988068983-240 | HttpParser                       | 102 - org.eclipse.jetty.util - 9.2.15.v20160210 | parseNext s=START HeapByteBuffer@251d9c4a[p=0,l=0,c=8192,r=0]={<<<>>>HTTP/1.1 200 OK\r\n...\x00\x00\x00\x00\x00\x00\x00\x00\x00\x00\x00\x00\x00\x00\x00}
2016-07-10 14:00:51,980 | DEBUG | tp1988068983-240 | AbstractConnection               | 102 - org.eclipse.jetty.util - 9.2.15.v20160210 | fillInterested HttpConnection@5e13cdf5[FILLING,SelectChannelEndPoint@31ecdf9c{/0:0:0:0:0:0:0:1:55010<->8181,Open,in,out,-,-,19/30000,HttpConnection}{io=0,kio=0,kro=1}][p=HttpParser{s=START,0 of -1},g=HttpGenerator{s=START},c=HttpChannelOverHttp@4f7f8a49{r=1,c=false,a=IDLE,uri=}]
2016-07-10 14:00:51,981 | DEBUG | tp1988068983-240 | AbstractConnection               | 102 - org.eclipse.jetty.util - 9.2.15.v20160210 | FILLING-->FILLING_FILL_INTERESTED HttpConnection@5e13cdf5[FILLING_FILL_INTERESTED,SelectChannelEndPoint@31ecdf9c{/0:0:0:0:0:0:0:1:55010<->8181,Open,in,out,-,-,21/30000,HttpConnection}{io=0,kio=0,kro=1}][p=HttpParser{s=START,0 of -1},g=HttpGenerator{s=START},c=HttpChannelOverHttp@4f7f8a49{r=1,c=false,a=IDLE,uri=}]
2016-07-10 14:00:51,982 | DEBUG | tp1988068983-240 | AbstractConnection               | 102 - org.eclipse.jetty.util - 9.2.15.v20160210 | FILLING_FILL_INTERESTED-->FILL_INTERESTED HttpConnection@5e13cdf5[FILL_INTERESTED,SelectChannelEndPoint@31ecdf9c{/0:0:0:0:0:0:0:1:55010<->8181,Open,in,out,-,-,22/30000,HttpConnection}{io=0,kio=0,kro=1}][p=HttpParser{s=START,0 of -1},g=HttpGenerator{s=START},c=HttpChannelOverHttp@4f7f8a49{r=1,c=false,a=IDLE,uri=}]
2016-07-10 14:00:51,983 | DEBUG | tp1988068983-240 | SelectChannelEndPoint            | 102 - org.eclipse.jetty.util - 9.2.15.v20160210 | Local interests updating 0 -> 1 for SelectChannelEndPoint@31ecdf9c{/0:0:0:0:0:0:0:1:55010<->8181,Open,in,out,R,-,1/30000,HttpConnection}{io=1,kio=0,kro=1}
2016-07-10 14:00:51,984 | DEBUG | tp1988068983-240 | SelectorManager                  | 102 - org.eclipse.jetty.util - 9.2.15.v20160210 | Queued change org.eclipse.jetty.io.SelectChannelEndPoint$1@6e543166
2016-07-10 14:00:51,984 | DEBUG | nager@52fa0aff/0 | SelectorManager                  | 102 - org.eclipse.jetty.util - 9.2.15.v20160210 | Selector loop woken up from select, 0/1 selected
2016-07-10 14:00:51,985 | DEBUG | nager@52fa0aff/0 | SelectorManager                  | 102 - org.eclipse.jetty.util - 9.2.15.v20160210 | Running change org.eclipse.jetty.io.SelectChannelEndPoint$1@6e543166
2016-07-10 14:00:51,985 | DEBUG | nager@52fa0aff/0 | SelectChannelEndPoint            | 102 - org.eclipse.jetty.util - 9.2.15.v20160210 | Key interests updated 0 -> 1 on SelectChannelEndPoint@31ecdf9c{/0:0:0:0:0:0:0:1:55010<->8181,Open,in,out,R,-,3/30000,HttpConnection}{io=1,kio=1,kro=1}
2016-07-10 14:00:51,985 | DEBUG | nager@52fa0aff/0 | SelectorManager                  | 102 - org.eclipse.jetty.util - 9.2.15.v20160210 | Selector loop waiting on select
