Buildfile: P:\Hibernate-tests\build.xml
hibernatetool:
[hibernatetool] Executing Hibernate Tool with a JDBC Configuration (for reverse engineering)
[hibernatetool] 1. task: hbm2hbmxml (Generates a set of hbm.xml files)
[hibernatetool] 07-feb-2006 0:33:06 org.hibernate.cfg.Environment <clinit>
[hibernatetool] INFO: Hibernate 3.1.2
[hibernatetool] 07-feb-2006 0:33:06 org.hibernate.cfg.Environment <clinit>
[hibernatetool] INFO: hibernate.properties not found
[hibernatetool] 07-feb-2006 0:33:06 org.hibernate.cfg.Environment <clinit>
[hibernatetool] INFO: using CGLIB reflection optimizer
[hibernatetool] 07-feb-2006 0:33:06 org.hibernate.cfg.Environment <clinit>
[hibernatetool] INFO: using JDK 1.4 java.sql.Timestamp handling
[hibernatetool] 07-feb-2006 0:33:06 org.hibernate.cfg.Configuration configure
[hibernatetool] INFO: configuring from file: hibernate.cfg.xml
[hibernatetool] 07-feb-2006 0:33:06 org.hibernate.cfg.Configuration doConfigure
[hibernatetool] INFO: Configured SessionFactory: lra
[hibernatetool] 07-feb-2006 0:33:06 org.hibernate.connection.DriverManagerConnectionProvider configure
[hibernatetool] INFO: Using Hibernate built-in connection pool (not for production use!)
[hibernatetool] 07-feb-2006 0:33:06 org.hibernate.connection.DriverManagerConnectionProvider configure
[hibernatetool] INFO: Hibernate connection pool size: 20
[hibernatetool] 07-feb-2006 0:33:06 org.hibernate.connection.DriverManagerConnectionProvider configure
[hibernatetool] INFO: autocommit mode: false
[hibernatetool] 07-feb-2006 0:33:06 org.hibernate.connection.DriverManagerConnectionProvider configure
[hibernatetool] INFO: using driver: org.gjt.mm.mysql.Driver at URL: jdbc:mysql://localhost/lra
[hibernatetool] 07-feb-2006 0:33:06 org.hibernate.connection.DriverManagerConnectionProvider configure
[hibernatetool] INFO: connection properties: {user=dev, password=****}
[hibernatetool] 07-feb-2006 0:33:07 org.hibernate.cfg.SettingsFactory buildSettings
[hibernatetool] INFO: RDBMS: MySQL, version: 5.0.18-nt
[hibernatetool] 07-feb-2006 0:33:07 org.hibernate.cfg.SettingsFactory buildSettings
[hibernatetool] INFO: JDBC driver: MySQL-AB JDBC Driver, version: mysql-connector-java-3.1.11 ( $Date: 2005-09-21 18:20:03 +0000 (Wed, 21 Sep 2005) $, $Revision: 4287 $ )
[hibernatetool] 07-feb-2006 0:33:07 org.hibernate.dialect.Dialect <init>
[hibernatetool] INFO: Using dialect: org.hibernate.dialect.MySQLDialect
[hibernatetool] 07-feb-2006 0:33:07 org.hibernate.transaction.TransactionFactoryFactory buildTransactionFactory
[hibernatetool] INFO: Using default transaction strategy (direct JDBC transactions)
[hibernatetool] 07-feb-2006 0:33:07 org.hibernate.transaction.TransactionManagerLookupFactory getTransactionManagerLookup
[hibernatetool] INFO: No TransactionManagerLookup configured (in JTA environment, use of read-write or transactional second-level cache is not recommended)
[hibernatetool] 07-feb-2006 0:33:07 org.hibernate.cfg.SettingsFactory buildSettings
[hibernatetool] INFO: Automatic flush during beforeCompletion(): disabled
[hibernatetool] 07-feb-2006 0:33:07 org.hibernate.cfg.SettingsFactory buildSettings
[hibernatetool] INFO: Automatic session close at end of transaction: disabled
[hibernatetool] 07-feb-2006 0:33:07 org.hibernate.cfg.SettingsFactory buildSettings
[hibernatetool] INFO: JDBC batch size: 15
[hibernatetool] 07-feb-2006 0:33:07 org.hibernate.cfg.SettingsFactory buildSettings
[hibernatetool] INFO: JDBC batch updates for versioned data: disabled
[hibernatetool] 07-feb-2006 0:33:07 org.hibernate.cfg.SettingsFactory buildSettings
[hibernatetool] INFO: Scrollable result sets: enabled
[hibernatetool] 07-feb-2006 0:33:07 org.hibernate.cfg.SettingsFactory buildSettings
[hibernatetool] INFO: JDBC3 getGeneratedKeys(): enabled
[hibernatetool] 07-feb-2006 0:33:07 org.hibernate.cfg.SettingsFactory buildSettings
[hibernatetool] INFO: Connection release mode: auto
[hibernatetool] 07-feb-2006 0:33:07 org.hibernate.cfg.SettingsFactory buildSettings
[hibernatetool] INFO: Maximum outer join fetch depth: 2
[hibernatetool] 07-feb-2006 0:33:07 org.hibernate.cfg.SettingsFactory buildSettings
[hibernatetool] INFO: Default batch fetch size: 1
[hibernatetool] 07-feb-2006 0:33:07 org.hibernate.cfg.SettingsFactory buildSettings
[hibernatetool] INFO: Generate SQL with comments: disabled
[hibernatetool] 07-feb-2006 0:33:07 org.hibernate.cfg.SettingsFactory buildSettings
[hibernatetool] INFO: Order SQL updates by primary key: disabled
[hibernatetool] 07-feb-2006 0:33:07 org.hibernate.cfg.SettingsFactory createQueryTranslatorFactory
[hibernatetool] INFO: Query translator: org.hibernate.hql.ast.ASTQueryTranslatorFactory
[hibernatetool] 07-feb-2006 0:33:07 org.hibernate.hql.ast.ASTQueryTranslatorFactory <init>
[hibernatetool] INFO: Using ASTQueryTranslatorFactory
[hibernatetool] 07-feb-2006 0:33:07 org.hibernate.cfg.SettingsFactory buildSettings
[hibernatetool] INFO: Query language substitutions: {}
[hibernatetool] 07-feb-2006 0:33:07 org.hibernate.cfg.SettingsFactory buildSettings
[hibernatetool] INFO: Second-level cache: enabled
[hibernatetool] 07-feb-2006 0:33:07 org.hibernate.cfg.SettingsFactory buildSettings
[hibernatetool] INFO: Query cache: disabled
[hibernatetool] 07-feb-2006 0:33:07 org.hibernate.cfg.SettingsFactory createCacheProvider
[hibernatetool] INFO: Cache provider: org.hibernate.cache.EhCacheProvider
[hibernatetool] 07-feb-2006 0:33:07 org.hibernate.cfg.SettingsFactory buildSettings
[hibernatetool] INFO: Optimize cache for minimal puts: disabled
[hibernatetool] 07-feb-2006 0:33:07 org.hibernate.cfg.SettingsFactory buildSettings
[hibernatetool] INFO: Structured second-level cache entries: disabled
[hibernatetool] 07-feb-2006 0:33:07 org.hibernate.cfg.SettingsFactory buildSettings
[hibernatetool] INFO: Statistics: disabled
[hibernatetool] 07-feb-2006 0:33:07 org.hibernate.cfg.SettingsFactory buildSettings
[hibernatetool] INFO: Deleted entity synthetic identifier rollback: disabled
[hibernatetool] 07-feb-2006 0:33:07 org.hibernate.cfg.SettingsFactory buildSettings
[hibernatetool] INFO: Default entity-mode: pojo
[hibernatetool] 07-feb-2006 0:33:07 org.hibernate.cfg.reveng.OverrideRepository addFile
[hibernatetool] INFO: Override file: P:\Hibernate-tests\hibernate.reveng.xml
[hibernatetool] 07-feb-2006 0:33:07 org.hibernate.connection.DriverManagerConnectionProvider configure
[hibernatetool] INFO: Using Hibernate built-in connection pool (not for production use!)
[hibernatetool] 07-feb-2006 0:33:07 org.hibernate.connection.DriverManagerConnectionProvider configure
[hibernatetool] INFO: Hibernate connection pool size: 20
[hibernatetool] 07-feb-2006 0:33:07 org.hibernate.connection.DriverManagerConnectionProvider configure
[hibernatetool] INFO: autocommit mode: false
[hibernatetool] 07-feb-2006 0:33:07 org.hibernate.connection.DriverManagerConnectionProvider configure
[hibernatetool] INFO: using driver: org.gjt.mm.mysql.Driver at URL: jdbc:mysql://localhost/lra
[hibernatetool] 07-feb-2006 0:33:07 org.hibernate.connection.DriverManagerConnectionProvider configure
[hibernatetool] INFO: connection properties: {user=dev, password=****}
[hibernatetool] 07-feb-2006 0:33:07 org.hibernate.cfg.SettingsFactory buildSettings
[hibernatetool] INFO: RDBMS: MySQL, version: 5.0.18-nt
[hibernatetool] 07-feb-2006 0:33:07 org.hibernate.cfg.SettingsFactory buildSettings
[hibernatetool] INFO: JDBC driver: MySQL-AB JDBC Driver, version: mysql-connector-java-3.1.11 ( $Date: 2005-09-21 18:20:03 +0000 (Wed, 21 Sep 2005) $, $Revision: 4287 $ )
[hibernatetool] 07-feb-2006 0:33:07 org.hibernate.dialect.Dialect <init>
[hibernatetool] INFO: Using dialect: org.hibernate.dialect.MySQLDialect
[hibernatetool] 07-feb-2006 0:33:07 org.hibernate.transaction.TransactionFactoryFactory buildTransactionFactory
[hibernatetool] INFO: Using default transaction strategy (direct JDBC transactions)
[hibernatetool] 07-feb-2006 0:33:07 org.hibernate.transaction.TransactionManagerLookupFactory getTransactionManagerLookup
[hibernatetool] INFO: No TransactionManagerLookup configured (in JTA environment, use of read-write or transactional second-level cache is not recommended)
[hibernatetool] 07-feb-2006 0:33:07 org.hibernate.cfg.SettingsFactory buildSettings
[hibernatetool] INFO: Automatic flush during beforeCompletion(): disabled
[hibernatetool] 07-feb-2006 0:33:07 org.hibernate.cfg.SettingsFactory buildSettings
[hibernatetool] INFO: Automatic session close at end of transaction: disabled
[hibernatetool] 07-feb-2006 0:33:07 org.hibernate.cfg.SettingsFactory buildSettings
[hibernatetool] INFO: JDBC batch size: 15
[hibernatetool] 07-feb-2006 0:33:07 org.hibernate.cfg.SettingsFactory buildSettings
[hibernatetool] INFO: JDBC batch updates for versioned data: disabled
[hibernatetool] 07-feb-2006 0:33:07 org.hibernate.cfg.SettingsFactory buildSettings
[hibernatetool] INFO: Scrollable result sets: enabled
[hibernatetool] 07-feb-2006 0:33:07 org.hibernate.cfg.SettingsFactory buildSettings
[hibernatetool] INFO: JDBC3 getGeneratedKeys(): enabled
[hibernatetool] 07-feb-2006 0:33:07 org.hibernate.cfg.SettingsFactory buildSettings
[hibernatetool] INFO: Connection release mode: auto
[hibernatetool] 07-feb-2006 0:33:07 org.hibernate.cfg.SettingsFactory buildSettings
[hibernatetool] INFO: Maximum outer join fetch depth: 2
[hibernatetool] 07-feb-2006 0:33:07 org.hibernate.cfg.SettingsFactory buildSettings
[hibernatetool] INFO: Default batch fetch size: 1
[hibernatetool] 07-feb-2006 0:33:07 org.hibernate.cfg.SettingsFactory buildSettings
[hibernatetool] INFO: Generate SQL with comments: disabled
[hibernatetool] 07-feb-2006 0:33:07 org.hibernate.cfg.SettingsFactory buildSettings
[hibernatetool] INFO: Order SQL updates by primary key: disabled
[hibernatetool] 07-feb-2006 0:33:07 org.hibernate.cfg.SettingsFactory createQueryTranslatorFactory
[hibernatetool] INFO: Query translator: org.hibernate.hql.ast.ASTQueryTranslatorFactory
[hibernatetool] 07-feb-2006 0:33:07 org.hibernate.hql.ast.ASTQueryTranslatorFactory <init>
[hibernatetool] INFO: Using ASTQueryTranslatorFactory
[hibernatetool] 07-feb-2006 0:33:07 org.hibernate.cfg.SettingsFactory buildSettings
[hibernatetool] INFO: Query language substitutions: {}
[hibernatetool] 07-feb-2006 0:33:07 org.hibernate.cfg.SettingsFactory buildSettings
[hibernatetool] INFO: Second-level cache: enabled
[hibernatetool] 07-feb-2006 0:33:07 org.hibernate.cfg.SettingsFactory buildSettings
[hibernatetool] INFO: Query cache: disabled
[hibernatetool] 07-feb-2006 0:33:07 org.hibernate.cfg.SettingsFactory createCacheProvider
[hibernatetool] INFO: Cache provider: org.hibernate.cache.EhCacheProvider
[hibernatetool] 07-feb-2006 0:33:07 org.hibernate.cfg.SettingsFactory buildSettings
[hibernatetool] INFO: Optimize cache for minimal puts: disabled
[hibernatetool] 07-feb-2006 0:33:07 org.hibernate.cfg.SettingsFactory buildSettings
[hibernatetool] INFO: Structured second-level cache entries: disabled
[hibernatetool] 07-feb-2006 0:33:07 org.hibernate.cfg.SettingsFactory buildSettings
[hibernatetool] INFO: Statistics: disabled
[hibernatetool] 07-feb-2006 0:33:07 org.hibernate.cfg.SettingsFactory buildSettings
[hibernatetool] INFO: Deleted entity synthetic identifier rollback: disabled
[hibernatetool] 07-feb-2006 0:33:07 org.hibernate.cfg.SettingsFactory buildSettings
[hibernatetool] INFO: Default entity-mode: pojo
[hibernatetool] 07-feb-2006 0:33:08 org.hibernate.connection.DriverManagerConnectionProvider close
[hibernatetool] INFO: cleaning up connection pool: jdbc:mysql://localhost/lra
[hibernatetool] 07-feb-2006 0:33:08 org.apache.velocity.tools.generic.log.CommonsLogLogSystem logVelocityMessage
[hibernatetool] INFO: **************************************************************
[hibernatetool] 07-feb-2006 0:33:08 org.apache.velocity.tools.generic.log.CommonsLogLogSystem logVelocityMessage
[hibernatetool] INFO: Starting Jakarta Velocity v1.4
[hibernatetool] 07-feb-2006 0:33:08 org.apache.velocity.tools.generic.log.CommonsLogLogSystem logVelocityMessage
[hibernatetool] INFO: RuntimeInstance initializing.
[hibernatetool] 07-feb-2006 0:33:08 org.apache.velocity.tools.generic.log.CommonsLogLogSystem logVelocityMessage
[hibernatetool] INFO: Default Properties File: org\apache\velocity\runtime\defaults\velocity.properties
[hibernatetool] 07-feb-2006 0:33:08 org.apache.velocity.tools.generic.log.CommonsLogLogSystem logVelocityMessage
[hibernatetool] INFO: Trying to use logger class org.apache.velocity.tools.generic.log.CommonsLogLogSystem
[hibernatetool] 07-feb-2006 0:33:08 org.apache.velocity.tools.generic.log.CommonsLogLogSystem logVelocityMessage
[hibernatetool] INFO: Using logger class org.apache.velocity.tools.generic.log.CommonsLogLogSystem
[hibernatetool] 07-feb-2006 0:33:08 org.apache.velocity.tools.generic.log.CommonsLogLogSystem logVelocityMessage
[hibernatetool] INFO: Default ResourceManager initializing. (class org.apache.velocity.runtime.resource.ResourceManagerImpl)
[hibernatetool] 07-feb-2006 0:33:08 org.apache.velocity.tools.generic.log.CommonsLogLogSystem logVelocityMessage
[hibernatetool] INFO: Resource Loader Instantiated: org.apache.velocity.runtime.resource.loader.FileResourceLoader
[hibernatetool] 07-feb-2006 0:33:08 org.apache.velocity.tools.generic.log.CommonsLogLogSystem logVelocityMessage
[hibernatetool] INFO: FileResourceLoader : initialization starting.
[hibernatetool] 07-feb-2006 0:33:08 org.apache.velocity.tools.generic.log.CommonsLogLogSystem logVelocityMessage
[hibernatetool] INFO: FileResourceLoader : adding path '.'
[hibernatetool] 07-feb-2006 0:33:08 org.apache.velocity.tools.generic.log.CommonsLogLogSystem logVelocityMessage
[hibernatetool] INFO: FileResourceLoader : initialization complete.
[hibernatetool] 07-feb-2006 0:33:08 org.apache.velocity.tools.generic.log.CommonsLogLogSystem logVelocityMessage
[hibernatetool] INFO: Resource Loader Instantiated: org.apache.velocity.runtime.resource.loader.ClasspathResourceLoader
[hibernatetool] 07-feb-2006 0:33:08 org.apache.velocity.tools.generic.log.CommonsLogLogSystem logVelocityMessage
[hibernatetool] INFO: ClasspathResourceLoader : initialization starting.
[hibernatetool] 07-feb-2006 0:33:08 org.apache.velocity.tools.generic.log.CommonsLogLogSystem logVelocityMessage
[hibernatetool] INFO: ClasspathResourceLoader : initialization complete.
[hibernatetool] 07-feb-2006 0:33:08 org.apache.velocity.tools.generic.log.CommonsLogLogSystem logVelocityMessage
[hibernatetool] INFO: ResourceCache : initialized. (class org.apache.velocity.runtime.resource.ResourceCacheImpl)
[hibernatetool] 07-feb-2006 0:33:08 org.apache.velocity.tools.generic.log.CommonsLogLogSystem logVelocityMessage
[hibernatetool] INFO: Default ResourceManager initialization complete.
[hibernatetool] 07-feb-2006 0:33:08 org.apache.velocity.tools.generic.log.CommonsLogLogSystem logVelocityMessage
[hibernatetool] INFO: Loaded System Directive: org.apache.velocity.runtime.directive.Literal
[hibernatetool] 07-feb-2006 0:33:08 org.apache.velocity.tools.generic.log.CommonsLogLogSystem logVelocityMessage
[hibernatetool] INFO: Loaded System Directive: org.apache.velocity.runtime.directive.Macro
[hibernatetool] 07-feb-2006 0:33:08 org.apache.velocity.tools.generic.log.CommonsLogLogSystem logVelocityMessage
[hibernatetool] INFO: Loaded System Directive: org.apache.velocity.runtime.directive.Parse
[hibernatetool] 07-feb-2006 0:33:08 org.apache.velocity.tools.generic.log.CommonsLogLogSystem logVelocityMessage
[hibernatetool] INFO: Loaded System Directive: org.apache.velocity.runtime.directive.Include
[hibernatetool] 07-feb-2006 0:33:08 org.apache.velocity.tools.generic.log.CommonsLogLogSystem logVelocityMessage
[hibernatetool] INFO: Loaded System Directive: org.apache.velocity.runtime.directive.Foreach
07-feb-2006 0:33:08 org.hibernate.connection.DriverManagerConnectionProvider close
INFO: cleaning up connection pool: jdbc:mysql://localhost/lra
[hibernatetool] 07-feb-2006 0:33:08 org.apache.velocity.tools.generic.log.CommonsLogLogSystem logVelocityMessage
[hibernatetool] INFO: Created: 20 parsers.
[hibernatetool] 07-feb-2006 0:33:08 org.apache.velocity.tools.generic.log.CommonsLogLogSystem logVelocityMessage
[hibernatetool] INFO: Velocimacro : initialization starting.
[hibernatetool] 07-feb-2006 0:33:08 org.apache.velocity.tools.generic.log.CommonsLogLogSystem logVelocityMessage
[hibernatetool] INFO: Velocimacro : allowInline = true : VMs can be defined inline in templates
[hibernatetool] 07-feb-2006 0:33:08 org.apache.velocity.tools.generic.log.CommonsLogLogSystem logVelocityMessage
[hibernatetool] INFO: Velocimacro : allowInlineToOverride = false : VMs defined inline may NOT replace previous VM definitions
[hibernatetool] 07-feb-2006 0:33:08 org.apache.velocity.tools.generic.log.CommonsLogLogSystem logVelocityMessage
[hibernatetool] INFO: Velocimacro : allowInlineLocal = false : VMs defined inline will be  global in scope if allowed.
[hibernatetool] 07-feb-2006 0:33:08 org.apache.velocity.tools.generic.log.CommonsLogLogSystem logVelocityMessage
[hibernatetool] INFO: Velocimacro : messages on  : VM system will output logging messages
[hibernatetool] 07-feb-2006 0:33:08 org.apache.velocity.tools.generic.log.CommonsLogLogSystem logVelocityMessage
[hibernatetool] INFO: Velocimacro : autoload off  : VM system will not automatically reload global library macros
[hibernatetool] 07-feb-2006 0:33:08 org.apache.velocity.tools.generic.log.CommonsLogLogSystem logVelocityMessage
[hibernatetool] INFO: Velocimacro : initialization complete.
[hibernatetool] 07-feb-2006 0:33:08 org.apache.velocity.tools.generic.log.CommonsLogLogSystem logVelocityMessage
[hibernatetool] INFO: Velocity successfully started.
07-feb-2006 0:33:08 org.hibernate.connection.DriverManagerConnectionProvider close
INFO: cleaning up connection pool: jdbc:mysql://localhost/lra
[hibernatetool] 07-feb-2006 0:33:08 org.apache.velocity.tools.generic.log.CommonsLogLogSystem logVelocityMessage
[hibernatetool] INFO: ResourceManager : found hbm/hibernate-mapping.hbm.vm with loader org.apache.velocity.runtime.resource.loader.ClasspathResourceLoader
[hibernatetool] 07-feb-2006 0:33:08 org.apache.velocity.tools.generic.log.CommonsLogLogSystem logVelocityMessage
[hibernatetool] INFO: ResourceManager : found hbm/persistentclass.hbm.vm with loader org.apache.velocity.runtime.resource.loader.ClasspathResourceLoader
[hibernatetool] 07-feb-2006 0:33:09 org.apache.velocity.tools.generic.log.CommonsLogLogSystem logVelocityMessage
[hibernatetool] INFO: ResourceManager : found hbm/id.hbm.vm with loader org.apache.velocity.runtime.resource.loader.ClasspathResourceLoader
[hibernatetool] 07-feb-2006 0:33:09 org.apache.velocity.tools.generic.log.CommonsLogLogSystem logVelocityMessage
[hibernatetool] INFO: ResourceManager : found hbm/pkcolumn.hbm.vm with loader org.apache.velocity.runtime.resource.loader.ClasspathResourceLoader
[hibernatetool] 07-feb-2006 0:33:09 org.apache.velocity.tools.generic.log.CommonsLogLogSystem logVelocityMessage
[hibernatetool] INFO: ResourceManager : found hbm/property.hbm.vm with loader org.apache.velocity.runtime.resource.loader.ClasspathResourceLoader
[hibernatetool] 07-feb-2006 0:33:09 org.apache.velocity.tools.generic.log.CommonsLogLogSystem logVelocityMessage
[hibernatetool] INFO: ResourceManager : found hbm/column.hbm.vm with loader org.apache.velocity.runtime.resource.loader.ClasspathResourceLoader
BUILD SUCCESSFUL
Total time: 4 seconds
