org.springframework.transaction.UnexpectedRollbackException: JTA transaction unexpectedly rolled back (maybe due to a timeout); nested exception is weblogic.transaction.RollbackException: setRollbackOnly called on transaction
	at org.springframework.transaction.jta.JtaTransactionManager.doCommit(JtaTransactionManager.java:1024) ~[spring-tx-4.1.6.RELEASE.jar:4.1.6.RELEASE]
	at org.springframework.transaction.support.AbstractPlatformTransactionManager.processCommit(AbstractPlatformTransactionManager.java:757) ~[spring-tx-4.1.6.RELEASE.jar:4.1.6.RELEASE]
	at org.springframework.transaction.support.AbstractPlatformTransactionManager.commit(AbstractPlatformTransactionManager.java:726) ~[spring-tx-4.1.6.RELEASE.jar:4.1.6.RELEASE]
	at org.springframework.transaction.interceptor.TransactionAspectSupport.commitTransactionAfterReturning(TransactionAspectSupport.java:521) ~[spring-tx-4.1.6.RELEASE.jar:4.1.6.RELEASE]
	at org.springframework.transaction.interceptor.TransactionAspectSupport.invokeWithinTransaction(TransactionAspectSupport.java:291) ~[spring-tx-4.1.6.RELEASE.jar:4.1.6.RELEASE]
	at org.springframework.transaction.interceptor.TransactionInterceptor.invoke(TransactionInterceptor.java:96) ~[spring-tx-4.1.6.RELEASE.jar:4.1.6.RELEASE]
	at org.springframework.aop.framework.ReflectiveMethodInvocation.proceed(ReflectiveMethodInvocation.java:179) ~[spring-aop-4.1.6.RELEASE.jar:4.1.6.RELEASE]
	at org.springframework.dao.support.PersistenceExceptionTranslationInterceptor.invoke(PersistenceExceptionTranslationInterceptor.java:136) ~[spring-tx-4.1.6.RELEASE.jar:4.1.6.RELEASE]
	at org.springframework.aop.framework.ReflectiveMethodInvocation.proceed(ReflectiveMethodInvocation.java:179) ~[spring-aop-4.1.6.RELEASE.jar:4.1.6.RELEASE]
	at org.springframework.data.jpa.repository.support.CrudMethodMetadataPostProcessor$CrudMethodMetadataPopulatingMethodIntercceptor.invoke(CrudMethodMetadataPostProcessor.java:122) ~[spring-data-jpa-1.8.0.RELEASE.jar:?]
	at org.springframework.aop.framework.ReflectiveMethodInvocation.proceed(ReflectiveMethodInvocation.java:179) ~[spring-aop-4.1.6.RELEASE.jar:4.1.6.RELEASE]
	at org.springframework.aop.interceptor.ExposeInvocationInterceptor.invoke(ExposeInvocationInterceptor.java:92) ~[spring-aop-4.1.6.RELEASE.jar:4.1.6.RELEASE]
	at org.springframework.aop.framework.ReflectiveMethodInvocation.proceed(ReflectiveMethodInvocation.java:179) ~[spring-aop-4.1.6.RELEASE.jar:4.1.6.RELEASE]
	at org.springframework.aop.framework.JdkDynamicAopProxy.invoke(JdkDynamicAopProxy.java:207) ~[spring-aop-4.1.6.RELEASE.jar:4.1.6.RELEASE]
	at com.sun.proxy.$Proxy387.save(Unknown Source) ~[?:?]
	at eu.europa.ema.phv.vet.shared.messaging.messagequeue.MessageContextPersistenceProcessor.process(MessageContextPersistenceProcessor.java:42) ~[vet-product-messaging-2.6.0-SNAPSHOT.jar:?]
	at org.apache.camel.processor.DelegateSyncProcessor.process(DelegateSyncProcessor.java:63) ~[camel-core-2.14.1.jar:2.14.1]
	at org.apache.camel.management.InstrumentationProcessor.process(InstrumentationProcessor.java:72) ~[camel-core-2.14.1.jar:2.14.1]
	at org.apache.camel.processor.RedeliveryErrorHandler.process(RedeliveryErrorHandler.java:416) [camel-core-2.14.1.jar:2.14.1]
	at org.apache.camel.processor.CamelInternalProcessor.process(CamelInternalProcessor.java:191) [camel-core-2.14.1.jar:2.14.1]
	at org.apache.camel.processor.Pipeline.process(Pipeline.java:118) [camel-core-2.14.1.jar:2.14.1]
	at org.apache.camel.processor.Pipeline.process(Pipeline.java:80) [camel-core-2.14.1.jar:2.14.1]
	at org.apache.camel.processor.FilterProcessor.process(FilterProcessor.java:58) [camel-core-2.14.1.jar:2.14.1]
	at org.apache.camel.management.InstrumentationProcessor.process(InstrumentationProcessor.java:72) [camel-core-2.14.1.jar:2.14.1]
	at org.apache.camel.processor.RedeliveryErrorHandler.process(RedeliveryErrorHandler.java:416) [camel-core-2.14.1.jar:2.14.1]
	at org.apache.camel.processor.CamelInternalProcessor.process(CamelInternalProcessor.java:191) [camel-core-2.14.1.jar:2.14.1]
	at org.apache.camel.processor.Pipeline.process(Pipeline.java:118) [camel-core-2.14.1.jar:2.14.1]
	at org.apache.camel.processor.Pipeline.process(Pipeline.java:80) [camel-core-2.14.1.jar:2.14.1]
	at org.apache.camel.processor.CamelInternalProcessor.process(CamelInternalProcessor.java:191) [camel-core-2.14.1.jar:2.14.1]
	at org.apache.camel.component.direct.DirectProducer.process(DirectProducer.java:51) [camel-core-2.14.1.jar:2.14.1]
	at org.apache.camel.processor.SendProcessor.process(SendProcessor.java:120) [camel-core-2.14.1.jar:2.14.1]
	at org.apache.camel.management.InstrumentationProcessor.process(InstrumentationProcessor.java:72) [camel-core-2.14.1.jar:2.14.1]
	at org.apache.camel.processor.RedeliveryErrorHandler.process(RedeliveryErrorHandler.java:416) [camel-core-2.14.1.jar:2.14.1]
	at org.apache.camel.processor.CamelInternalProcessor.process(CamelInternalProcessor.java:191) [camel-core-2.14.1.jar:2.14.1]
	at org.apache.camel.processor.Pipeline.process(Pipeline.java:118) [camel-core-2.14.1.jar:2.14.1]
	at org.apache.camel.processor.Pipeline.process(Pipeline.java:80) [camel-core-2.14.1.jar:2.14.1]
	at org.apache.camel.processor.ChoiceProcessor.process(ChoiceProcessor.java:111) [camel-core-2.14.1.jar:2.14.1]
	at org.apache.camel.management.InstrumentationProcessor.process(InstrumentationProcessor.java:72) [camel-core-2.14.1.jar:2.14.1]
	at org.apache.camel.processor.RedeliveryErrorHandler.process(RedeliveryErrorHandler.java:416) [camel-core-2.14.1.jar:2.14.1]
	at org.apache.camel.processor.CamelInternalProcessor.process(CamelInternalProcessor.java:191) [camel-core-2.14.1.jar:2.14.1]
	at org.apache.camel.processor.Pipeline.process(Pipeline.java:118) [camel-core-2.14.1.jar:2.14.1]
	at org.apache.camel.processor.Pipeline.process(Pipeline.java:80) [camel-core-2.14.1.jar:2.14.1]
	at org.apache.camel.processor.ChoiceProcessor.process(ChoiceProcessor.java:111) [camel-core-2.14.1.jar:2.14.1]
	at org.apache.camel.management.InstrumentationProcessor.process(InstrumentationProcessor.java:72) [camel-core-2.14.1.jar:2.14.1]
	at org.apache.camel.processor.RedeliveryErrorHandler.process(RedeliveryErrorHandler.java:416) [camel-core-2.14.1.jar:2.14.1]
	at org.apache.camel.processor.CamelInternalProcessor.process(CamelInternalProcessor.java:191) [camel-core-2.14.1.jar:2.14.1]
	at org.apache.camel.processor.Pipeline.process(Pipeline.java:118) [camel-core-2.14.1.jar:2.14.1]
	at org.apache.camel.processor.Pipeline.process(Pipeline.java:80) [camel-core-2.14.1.jar:2.14.1]
	at org.apache.camel.processor.CamelInternalProcessor.process(CamelInternalProcessor.java:191) [camel-core-2.14.1.jar:2.14.1]
	at org.apache.camel.util.AsyncProcessorHelper.process(AsyncProcessorHelper.java:105) [camel-core-2.14.1.jar:2.14.1]
	at org.apache.camel.processor.DelegateAsyncProcessor.process(DelegateAsyncProcessor.java:87) [camel-core-2.14.1.jar:2.14.1]
	at org.apache.camel.component.jms.EndpointMessageListener.onMessage(EndpointMessageListener.java:103) [camel-jms-2.14.1.jar:2.14.1]
	at org.springframework.jms.listener.AbstractMessageListenerContainer.doInvokeListener(AbstractMessageListenerContainer.java:699) [spring-jms-4.1.6.RELEASE.jar:4.1.6.RELEASE]
	at org.springframework.jms.listener.AbstractMessageListenerContainer.invokeListener(AbstractMessageListenerContainer.java:637) [spring-jms-4.1.6.RELEASE.jar:4.1.6.RELEASE]
	at org.springframework.jms.listener.AbstractMessageListenerContainer.doExecuteListener(AbstractMessageListenerContainer.java:605) [spring-jms-4.1.6.RELEASE.jar:4.1.6.RELEASE]
	at org.springframework.jms.listener.AbstractPollingMessageListenerContainer.doReceiveAndExecute(AbstractPollingMessageListenerContainer.java:308) [spring-jms-4.1.6.RELEASE.jar:4.1.6.RELEASE]
	at org.springframework.jms.listener.AbstractPollingMessageListenerContainer.receiveAndExecute(AbstractPollingMessageListenerContainer.java:246) [spring-jms-4.1.6.RELEASE.jar:4.1.6.RELEASE]
	at org.springframework.jms.listener.DefaultMessageListenerContainer$AsyncMessageListenerInvoker.invokeListener(DefaultMessageListenerContainer.java:1144) [spring-jms-4.1.6.RELEASE.jar:4.1.6.RELEASE]
	at org.springframework.jms.listener.DefaultMessageListenerContainer$AsyncMessageListenerInvoker.executeOngoingLoop(DefaultMessageListenerContainer.java:1136) [spring-jms-4.1.6.RELEASE.jar:4.1.6.RELEASE]
	at org.springframework.jms.listener.DefaultMessageListenerContainer$AsyncMessageListenerInvoker.run(DefaultMessageListenerContainer.java:1033) [spring-jms-4.1.6.RELEASE.jar:4.1.6.RELEASE]
	at java.util.concurrent.ThreadPoolExecutor.runWorker(ThreadPoolExecutor.java:1145) [?:1.7.0_51]
	at java.util.concurrent.ThreadPoolExecutor$Worker.run(ThreadPoolExecutor.java:615) [?:1.7.0_51]
	at java.lang.Thread.run(Thread.java:744) [?:1.7.0_51]
Caused by: weblogic.transaction.RollbackException: setRollbackOnly called on transaction
	at weblogic.transaction.internal.TransactionImpl.throwRollbackException(TransactionImpl.java:1878) ~[weblogic.server.merged.jar:12.1.2.0.0]
	at weblogic.transaction.internal.ServerTransactionImpl.internalCommit(ServerTransactionImpl.java:359) ~[weblogic.server.merged.jar:12.1.2.0.0]
	at weblogic.transaction.internal.ServerTransactionImpl.commit(ServerTransactionImpl.java:250) ~[weblogic.server.merged.jar:12.1.2.0.0]
	at org.glassfish.transaction.TransactionManagerImplCommon.commit(TransactionManagerImplCommon.java:535) ~[weblogic.server.merged.jar:12.1.2.0.0]
	at org.springframework.transaction.jta.JtaTransactionManager.doCommit(JtaTransactionManager.java:1021) ~[spring-tx-4.1.6.RELEASE.jar:4.1.6.RELEASE]
	... 62 more
Caused by: weblogic.transaction.internal.AppSetRollbackOnlyException: setRollbackOnly called on transaction
	at weblogic.transaction.internal.TransactionImpl.setRollbackOnly(TransactionImpl.java:542) ~[weblogic.server.merged.jar:12.1.2.0.0]
	at org.glassfish.transaction.TransactionManagerImplCommon.setRollbackOnly(TransactionManagerImplCommon.java:568) ~[weblogic.server.merged.jar:12.1.2.0.0]
	at org.glassfish.transaction.TransactionManagerImplCommon.setRollbackOnly(TransactionManagerImplCommon.java:561) ~[weblogic.server.merged.jar:12.1.2.0.0]
	at org.hibernate.engine.transaction.internal.jta.CMTTransaction.markRollbackOnly(CMTTransaction.java:131) ~[hibernate-core-4.3.10.Final.jar:4.3.10.Final]
	at org.hibernate.engine.transaction.internal.TransactionCoordinatorImpl.setRollbackOnly(TransactionCoordinatorImpl.java:326) ~[hibernate-core-4.3.10.Final.jar:4.3.10.Final]
	at org.hibernate.engine.transaction.synchronization.internal.SynchronizationCallbackCoordinatorNonTrackingImpl.setRollbackOnly(SynchronizationCallbackCoordinatorNonTrackingImpl.java:128) ~[hibernate-core-4.3.10.Final.jar:4.3.10.Final]
	at org.hibernate.engine.transaction.synchronization.internal.SynchronizationCallbackCoordinatorNonTrackingImpl.beforeCompletion(SynchronizationCallbackCoordinatorNonTrackingImpl.java:118) ~[hibernate-core-4.3.10.Final.jar:4.3.10.Final]
	at org.hibernate.engine.transaction.synchronization.internal.RegisteredSynchronization.beforeCompletion(RegisteredSynchronization.java:50) ~[hibernate-core-4.3.10.Final.jar:4.3.10.Final]
	at weblogic.transaction.internal.ServerSCInfo.doBeforeCompletion(ServerSCInfo.java:1271) ~[weblogic.server.merged.jar:12.1.2.0.0]
	at weblogic.transaction.internal.ServerSCInfo.callBeforeCompletions(ServerSCInfo.java:1244) ~[weblogic.server.merged.jar:12.1.2.0.0]
	at weblogic.transaction.internal.ServerSCInfo.startPrePrepareAndChain(ServerSCInfo.java:126) ~[weblogic.server.merged.jar:12.1.2.0.0]
	at weblogic.transaction.internal.ServerTransactionImpl.localPrePrepareAndChain(ServerTransactionImpl.java:1354) ~[weblogic.server.merged.jar:12.1.2.0.0]
	at weblogic.transaction.internal.ServerTransactionImpl.globalPrePrepare(ServerTransactionImpl.java:2171) ~[weblogic.server.merged.jar:12.1.2.0.0]
	at weblogic.transaction.internal.ServerTransactionImpl.internalCommit(ServerTransactionImpl.java:283) ~[weblogic.server.merged.jar:12.1.2.0.0]
	at weblogic.transaction.internal.ServerTransactionImpl.commit(ServerTransactionImpl.java:250) ~[weblogic.server.merged.jar:12.1.2.0.0]
	at org.glassfish.transaction.TransactionManagerImplCommon.commit(TransactionManagerImplCommon.java:535) ~[weblogic.server.merged.jar:12.1.2.0.0]
	at org.springframework.transaction.jta.JtaTransactionManager.doCommit(JtaTransactionManager.java:1021) ~[spring-tx-4.1.6.RELEASE.jar:4.1.6.RELEASE]
	... 62 more
