
D:\hibernate-self-reference>mvn clean package -e
[INFO] Error stacktraces are turned on.
[INFO] Scanning for projects...
[INFO]
[INFO] --------------< me.ningpp.demos:hibernate-self-reference >--------------
[INFO] Building hibernate-self-reference 0.0.1-SNAPSHOT
[INFO] --------------------------------[ jar ]---------------------------------
[INFO]
[INFO] --- maven-clean-plugin:2.5:clean (default-clean) @ hibernate-self-reference ---
[INFO] Deleting D:\hibernate-self-reference\target
[INFO]
[INFO] --- maven-resources-plugin:2.6:resources (default-resources) @ hibernate-self-reference ---
[INFO] Using 'UTF-8' encoding to copy filtered resources.
[INFO] Copying 3 resources
[INFO]
[INFO] --- maven-compiler-plugin:3.8.1:compile (default-compile) @ hibernate-self-reference ---
[INFO] Changes detected - recompiling the module!
[INFO] Compiling 12 source files to D:\hibernate-self-reference\target\classes
[INFO]
[INFO] --- maven-resources-plugin:2.6:testResources (default-testResources) @ hibernate-self-reference ---
[INFO] Using 'UTF-8' encoding to copy filtered resources.
[INFO] skip non existing resourceDirectory D:\hibernate-self-reference\src\test\resources
[INFO]
[INFO] --- maven-compiler-plugin:3.8.1:testCompile (default-testCompile) @ hibernate-self-reference ---
[INFO] Changes detected - recompiling the module!
[INFO] Compiling 1 source file to D:\hibernate-self-reference\target\test-classes
[INFO]
[INFO] --- maven-surefire-plugin:3.0.0-M5:test (default-test) @ hibernate-self-reference ---
[INFO] Surefire report directory: D:\hibernate-self-reference\target\surefire-reports
[INFO]
[INFO] -------------------------------------------------------
[INFO]  T E S T S
[INFO] -------------------------------------------------------
[INFO] Running me.ningpp.demos.SnapshotDemoTest
9月 25, 2022 4:34:41 下午 org.hibernate.Version logVersion
INFO: HHH000412: Hibernate ORM core version 6.1.3.Final
9月 25, 2022 4:34:42 下午 org.hibernate.engine.jdbc.connections.internal.DriverManagerConnectionProviderImpl configure
WARN: HHH10001002: Using built-in connection pool (not intended for production use)
9月 25, 2022 4:34:42 下午 org.hibernate.engine.jdbc.connections.internal.DriverManagerConnectionProviderImpl buildCreator
INFO: HHH10001005: Loaded JDBC driver class: org.h2.Driver
9月 25, 2022 4:34:42 下午 org.hibernate.engine.jdbc.connections.internal.DriverManagerConnectionProviderImpl buildCreator
INFO: HHH10001012: Connecting with JDBC URL [jdbc:h2:mem:db1;DB_CLOSE_DELAY=-1;]
9月 25, 2022 4:34:42 下午 org.hibernate.engine.jdbc.connections.internal.DriverManagerConnectionProviderImpl buildCreator
INFO: HHH10001001: Connection properties: {user=sa}
9月 25, 2022 4:34:42 下午 org.hibernate.engine.jdbc.connections.internal.DriverManagerConnectionProviderImpl buildCreator
INFO: HHH10001003: Autocommit mode: false
9月 25, 2022 4:34:42 下午 org.hibernate.engine.jdbc.connections.internal.DriverManagerConnectionProviderImpl$PooledConnections <init>
INFO: HHH10001115: Connection pool size: 5 (min=1)
9月 25, 2022 4:34:42 下午 org.hibernate.engine.jdbc.dialect.internal.DialectFactoryImpl logSelectedDialect
INFO: HHH000400: Using dialect: org.hibernate.dialect.H2Dialect
9月 25, 2022 4:34:43 下午 org.hibernate.mapping.RootClass checkCompositeIdentifier
WARN: HHH000038: Composite-id class does not override equals(): me.ningpp.demos.entity.MiddleTable1
9月 25, 2022 4:34:43 下午 org.hibernate.mapping.RootClass checkCompositeIdentifier
WARN: HHH000039: Composite-id class does not override hashCode(): me.ningpp.demos.entity.MiddleTable1
9月 25, 2022 4:34:43 下午 org.hibernate.mapping.RootClass checkCompositeIdentifier
WARN: HHH000038: Composite-id class does not override equals(): me.ningpp.demos.entity.MiddleTable3
9月 25, 2022 4:34:43 下午 org.hibernate.mapping.RootClass checkCompositeIdentifier
WARN: HHH000039: Composite-id class does not override hashCode(): me.ningpp.demos.entity.MiddleTable3
9月 25, 2022 4:34:43 下午 org.hibernate.mapping.RootClass checkCompositeIdentifier
WARN: HHH000038: Composite-id class does not override equals(): me.ningpp.demos.entity.MiddleTable2
9月 25, 2022 4:34:43 下午 org.hibernate.mapping.RootClass checkCompositeIdentifier
WARN: HHH000039: Composite-id class does not override hashCode(): me.ningpp.demos.entity.MiddleTable2
9月 25, 2022 4:34:43 下午 org.hibernate.mapping.RootClass checkCompositeIdentifier
WARN: HHH000038: Composite-id class does not override equals(): me.ningpp.demos.entity.DestTable3
9月 25, 2022 4:34:43 下午 org.hibernate.mapping.RootClass checkCompositeIdentifier
WARN: HHH000039: Composite-id class does not override hashCode(): me.ningpp.demos.entity.DestTable3
9月 25, 2022 4:34:43 下午 org.hibernate.mapping.RootClass checkCompositeIdentifier
WARN: HHH000038: Composite-id class does not override equals(): me.ningpp.demos.entity.DestTable4
9月 25, 2022 4:34:43 下午 org.hibernate.mapping.RootClass checkCompositeIdentifier
WARN: HHH000039: Composite-id class does not override hashCode(): me.ningpp.demos.entity.DestTable4
9月 25, 2022 4:34:43 下午 org.hibernate.mapping.RootClass checkCompositeIdentifier
WARN: HHH000038: Composite-id class does not override equals(): me.ningpp.demos.entity.DestTable1
9月 25, 2022 4:34:43 下午 org.hibernate.mapping.RootClass checkCompositeIdentifier
WARN: HHH000039: Composite-id class does not override hashCode(): me.ningpp.demos.entity.DestTable1
9月 25, 2022 4:34:43 下午 org.hibernate.mapping.RootClass checkCompositeIdentifier
WARN: HHH000038: Composite-id class does not override equals(): me.ningpp.demos.entity.MainMultiPks
9月 25, 2022 4:34:43 下午 org.hibernate.mapping.RootClass checkCompositeIdentifier
WARN: HHH000039: Composite-id class does not override hashCode(): me.ningpp.demos.entity.MainMultiPks
Hibernate:

    drop table if exists dest_table1 cascade
9月 25, 2022 4:34:44 下午 org.hibernate.resource.transaction.backend.jdbc.internal.DdlTransactionIsolatorNonJtaImpl getIsolatedConnection
INFO: HHH10001501: Connection obtained from JdbcConnectionAccess [org.hibernate.engine.jdbc.env.internal.JdbcEnvironmentInitiator$ConnectionProviderJdbcConnectionAccess@3554bdc0] for (non-JTA) DDL execution was not in auto-commit mode; the Connection 'local transaction' will be committed and the Connection will be set into auto-commit mode.
Hibernate:

    drop table if exists dest_table2 cascade
Hibernate:

    drop table if exists dest_table3 cascade
Hibernate:

    drop table if exists dest_table4 cascade
Hibernate:

    drop table if exists main_multi_pks cascade
Hibernate:

    drop table if exists middle_table1 cascade
Hibernate:

    drop table if exists middle_table2 cascade
Hibernate:

    drop table if exists middle_table3 cascade
Hibernate:

    drop table if exists middle_table4 cascade
Hibernate:

    drop table if exists sys_module cascade
Hibernate:

    drop table if exists sys_module_relationship cascade
Hibernate:

    create table dest_table1 (
       dest1_id2 integer not null,
        dest1_id1 integer not null,
        name varchar(255),
        primary key (dest1_id1, dest1_id2)
    )
9月 25, 2022 4:34:44 下午 org.hibernate.resource.transaction.backend.jdbc.internal.DdlTransactionIsolatorNonJtaImpl getIsolatedConnection
INFO: HHH10001501: Connection obtained from JdbcConnectionAccess [org.hibernate.engine.jdbc.env.internal.JdbcEnvironmentInitiator$ConnectionProviderJdbcConnectionAccess@273fa9e] for (non-JTA) DDL execution was not in auto-commit mode; the Connection 'local transaction' will be committed and the Connection will be set into auto-commit mode.
Hibernate:

    create table dest_table2 (
       id integer not null,
        name varchar(255),
        primary key (id)
    )
Hibernate:

    create table dest_table3 (
       id3 integer not null,
        id2 integer not null,
        id1 integer not null,
        name varchar(255),
        primary key (id1, id2, id3)
    )
Hibernate:

    create table dest_table4 (
       id3 integer not null,
        id2 integer not null,
        id1 integer not null,
        name varchar(255),
        primary key (id1, id2, id3)
    )
Hibernate:

    create table main_multi_pks (
       id2 integer not null,
        id1 integer not null,
        name varchar(255),
        primary key (id1, id2)
    )
Hibernate:

    create table middle_table1 (
       main_id2 integer not null,
        main_id1 integer not null,
        dest1_id2 integer not null,
        dest1_id1 integer not null,
        primary key (main_id2, main_id1, dest1_id1, dest1_id2)
    )
Hibernate:

    create table middle_table2 (
       main_id2 integer not null,
        main_id1 integer not null,
        dest2_id integer not null,
        primary key (main_id2, main_id1, dest2_id)
    )
Hibernate:

    create table middle_table3 (
       main_id2 integer not null,
        main_id1 integer not null,
        dest3_id3 integer not null,
        dest3_id2 integer not null,
        dest3_id1 integer not null,
        primary key (main_id2, main_id1, dest3_id1, dest3_id2, dest3_id3)
    )
Hibernate:

    create table middle_table4 (
       middle4_id integer not null,
        dest4_id1 integer not null,
        dest4_id2 integer not null,
        dest4_id3 integer not null,
        main_id1 integer not null,
        main_id2 integer not null,
        primary key (main_id2, main_id1, dest4_id1, dest4_id2, dest4_id3)
    )
Hibernate:

    create table sys_module (
       id integer not null,
        name varchar(255),
        primary key (id)
    )
Hibernate:

    create table sys_module_relationship (
       source_id integer not null,
        target_id integer not null,
        primary key (source_id, target_id)
    )
Hibernate:

    alter table if exists middle_table1
       add constraint FKiotv6wgeoggu3ol1e0vgic3bh
       foreign key (dest1_id1, dest1_id2)
       references dest_table1
Hibernate:

    alter table if exists middle_table1
       add constraint FKh8g6ox49qpicawpc8ssp6lhqr
       foreign key (main_id2, main_id1)
       references main_multi_pks
Hibernate:

    alter table if exists middle_table2
       add constraint FKq0yx059lcj29w1jiyvpbqfuj5
       foreign key (dest2_id)
       references dest_table2
Hibernate:

    alter table if exists middle_table2
       add constraint FKopmtnenk1s2esetna11vaxdg0
       foreign key (main_id2, main_id1)
       references main_multi_pks
Hibernate:

    alter table if exists middle_table3
       add constraint FK138fu15nq8cr84n87nkmpwdcp
       foreign key (dest3_id1, dest3_id2, dest3_id3)
       references dest_table3
Hibernate:

    alter table if exists middle_table3
       add constraint FK3y42ie0bfpj1uuyj5tscsji5m
       foreign key (main_id2, main_id1)
       references main_multi_pks
Hibernate:

    alter table if exists middle_table4
       add constraint FKma5njbox9raa7v2w82gscfae3
       foreign key (dest4_id1, dest4_id2, dest4_id3)
       references dest_table4
Hibernate:

    alter table if exists middle_table4
       add constraint FK1pkynyhfekt5yriw3h0g4oxem
       foreign key (main_id2, main_id1)
       references main_multi_pks
Hibernate:

    alter table if exists sys_module_relationship
       add constraint FKg9p48l4lh9wmc35svorxlcnrs
       foreign key (target_id)
       references sys_module
Hibernate:

    alter table if exists sys_module_relationship
       add constraint FK3er26i6bqhebqq8tbfr2ytkjs
       foreign key (source_id)
       references sys_module
9月 25, 2022 4:34:44 下午 org.hibernate.engine.transaction.jta.platform.internal.JtaPlatformInitiator initiateService
INFO: HHH000490: Using JtaPlatform implementation: [org.hibernate.engine.transaction.jta.platform.internal.NoJtaPlatform]
Hibernate:
    insert
    into
        main_multi_pks
        (name, id1, id2)
    values
        (?, ?, ?)
Hibernate:
    insert
    into
        dest_table1
        (name, dest1_id1, dest1_id2)
    values
        (?, ?, ?)
Hibernate:
    insert
    into
        dest_table2
        (name, id)
    values
        (?, ?)
Hibernate:
    insert
    into
        dest_table2
        (name, id)
    values
        (?, ?)
Hibernate:
    insert
    into
        dest_table3
        (name, id1, id2, id3)
    values
        (?, ?, ?, ?)
Hibernate:
    insert
    into
        dest_table3
        (name, id1, id2, id3)
    values
        (?, ?, ?, ?)
Hibernate:
    insert
    into
        dest_table3
        (name, id1, id2, id3)
    values
        (?, ?, ?, ?)
Hibernate:
    insert
    into
        dest_table4
        (name, id1, id2, id3)
    values
        (?, ?, ?, ?)
Hibernate:
    insert
    into
        dest_table4
        (name, id1, id2, id3)
    values
        (?, ?, ?, ?)
Hibernate:
    insert
    into
        dest_table4
        (name, id1, id2, id3)
    values
        (?, ?, ?, ?)
Hibernate:
    insert
    into
        middle_table1
        (main_id2, main_id1, dest1_id1, dest1_id2)
    values
        (?, ?, ?, ?)
Hibernate:
    insert
    into
        middle_table2
        (main_id2, main_id1, dest2_id)
    values
        (?, ?, ?)
Hibernate:
    insert
    into
        middle_table2
        (main_id2, main_id1, dest2_id)
    values
        (?, ?, ?)
Hibernate:
    insert
    into
        middle_table3
        (main_id2, main_id1, dest3_id1, dest3_id2, dest3_id3)
    values
        (?, ?, ?, ?, ?)
Hibernate:
    insert
    into
        middle_table3
        (main_id2, main_id1, dest3_id1, dest3_id2, dest3_id3)
    values
        (?, ?, ?, ?, ?)
Hibernate:
    insert
    into
        middle_table3
        (main_id2, main_id1, dest3_id1, dest3_id2, dest3_id3)
    values
        (?, ?, ?, ?, ?)
Hibernate:
    insert
    into
        middle_table4
        (main_id2, main_id1, dest4_id1, dest4_id2, dest4_id3)
    values
        (?, ?, ?, ?, ?)
9月 25, 2022 4:34:44 下午 org.hibernate.engine.jdbc.spi.SqlExceptionHelper logExceptions
WARN: SQL Error: 23502, SQLState: 23502
9月 25, 2022 4:34:44 下午 org.hibernate.engine.jdbc.spi.SqlExceptionHelper logExceptions
ERROR: NULL not allowed for column "MIDDLE4_ID"; SQL statement:
insert into middle_table4 (main_id2, main_id1, dest4_id1, dest4_id2, dest4_id3) values (?, ?, ?, ?, ?) [23502-214]
9月 25, 2022 4:34:44 下午 org.hibernate.engine.jdbc.batch.internal.AbstractBatchImpl release
INFO: HHH000010: On release of batch it still contained JDBC statements
9月 25, 2022 4:34:44 下午 org.hibernate.engine.jdbc.connections.internal.DriverManagerConnectionProviderImpl configure
WARN: HHH10001002: Using built-in connection pool (not intended for production use)
9月 25, 2022 4:34:44 下午 org.hibernate.engine.jdbc.connections.internal.DriverManagerConnectionProviderImpl buildCreator
INFO: HHH10001005: Loaded JDBC driver class: org.h2.Driver
9月 25, 2022 4:34:44 下午 org.hibernate.engine.jdbc.connections.internal.DriverManagerConnectionProviderImpl buildCreator
INFO: HHH10001012: Connecting with JDBC URL [jdbc:h2:mem:db1;DB_CLOSE_DELAY=-1;]
9月 25, 2022 4:34:44 下午 org.hibernate.engine.jdbc.connections.internal.DriverManagerConnectionProviderImpl buildCreator
INFO: HHH10001001: Connection properties: {user=sa}
9月 25, 2022 4:34:44 下午 org.hibernate.engine.jdbc.connections.internal.DriverManagerConnectionProviderImpl buildCreator
INFO: HHH10001003: Autocommit mode: false
9月 25, 2022 4:34:44 下午 org.hibernate.engine.jdbc.connections.internal.DriverManagerConnectionProviderImpl$PooledConnections <init>
INFO: HHH10001115: Connection pool size: 5 (min=1)
9月 25, 2022 4:34:44 下午 org.hibernate.engine.jdbc.dialect.internal.DialectFactoryImpl logSelectedDialect
INFO: HHH000400: Using dialect: org.hibernate.dialect.H2Dialect
9月 25, 2022 4:34:44 下午 org.hibernate.mapping.RootClass checkCompositeIdentifier
WARN: HHH000038: Composite-id class does not override equals(): me.ningpp.demos.entity.MiddleTable1
9月 25, 2022 4:34:44 下午 org.hibernate.mapping.RootClass checkCompositeIdentifier
WARN: HHH000039: Composite-id class does not override hashCode(): me.ningpp.demos.entity.MiddleTable1
9月 25, 2022 4:34:44 下午 org.hibernate.mapping.RootClass checkCompositeIdentifier
WARN: HHH000038: Composite-id class does not override equals(): me.ningpp.demos.entity.MiddleTable3
9月 25, 2022 4:34:44 下午 org.hibernate.mapping.RootClass checkCompositeIdentifier
WARN: HHH000039: Composite-id class does not override hashCode(): me.ningpp.demos.entity.MiddleTable3
9月 25, 2022 4:34:44 下午 org.hibernate.mapping.RootClass checkCompositeIdentifier
WARN: HHH000038: Composite-id class does not override equals(): me.ningpp.demos.entity.MiddleTable2
9月 25, 2022 4:34:44 下午 org.hibernate.mapping.RootClass checkCompositeIdentifier
WARN: HHH000039: Composite-id class does not override hashCode(): me.ningpp.demos.entity.MiddleTable2
9月 25, 2022 4:34:44 下午 org.hibernate.mapping.RootClass checkCompositeIdentifier
WARN: HHH000038: Composite-id class does not override equals(): me.ningpp.demos.entity.DestTable3
9月 25, 2022 4:34:44 下午 org.hibernate.mapping.RootClass checkCompositeIdentifier
WARN: HHH000039: Composite-id class does not override hashCode(): me.ningpp.demos.entity.DestTable3
9月 25, 2022 4:34:44 下午 org.hibernate.mapping.RootClass checkCompositeIdentifier
WARN: HHH000038: Composite-id class does not override equals(): me.ningpp.demos.entity.DestTable4
9月 25, 2022 4:34:44 下午 org.hibernate.mapping.RootClass checkCompositeIdentifier
WARN: HHH000039: Composite-id class does not override hashCode(): me.ningpp.demos.entity.DestTable4
9月 25, 2022 4:34:44 下午 org.hibernate.mapping.RootClass checkCompositeIdentifier
WARN: HHH000038: Composite-id class does not override equals(): me.ningpp.demos.entity.DestTable1
9月 25, 2022 4:34:44 下午 org.hibernate.mapping.RootClass checkCompositeIdentifier
WARN: HHH000039: Composite-id class does not override hashCode(): me.ningpp.demos.entity.DestTable1
9月 25, 2022 4:34:44 下午 org.hibernate.mapping.RootClass checkCompositeIdentifier
WARN: HHH000038: Composite-id class does not override equals(): me.ningpp.demos.entity.MainMultiPks
9月 25, 2022 4:34:44 下午 org.hibernate.mapping.RootClass checkCompositeIdentifier
WARN: HHH000039: Composite-id class does not override hashCode(): me.ningpp.demos.entity.MainMultiPks
Hibernate:

    drop table if exists dest_table1 cascade
9月 25, 2022 4:34:45 下午 org.hibernate.resource.transaction.backend.jdbc.internal.DdlTransactionIsolatorNonJtaImpl getIsolatedConnection
INFO: HHH10001501: Connection obtained from JdbcConnectionAccess [org.hibernate.engine.jdbc.env.internal.JdbcEnvironmentInitiator$ConnectionProviderJdbcConnectionAccess@1fc0d9b4] for (non-JTA) DDL execution was not in auto-commit mode; the Connection 'local transaction' will be committed and the Connection will be set into auto-commit mode.
Hibernate:

    drop table if exists dest_table2 cascade
Hibernate:

    drop table if exists dest_table3 cascade
Hibernate:

    drop table if exists dest_table4 cascade
Hibernate:

    drop table if exists main_multi_pks cascade
Hibernate:

    drop table if exists middle_table1 cascade
Hibernate:

    drop table if exists middle_table2 cascade
Hibernate:

    drop table if exists middle_table3 cascade
Hibernate:

    drop table if exists middle_table4 cascade
Hibernate:

    drop table if exists sys_module cascade
Hibernate:

    drop table if exists sys_module_relationship cascade
Hibernate:

    create table dest_table1 (
       dest1_id2 integer not null,
        dest1_id1 integer not null,
        name varchar(255),
        primary key (dest1_id1, dest1_id2)
    )
9月 25, 2022 4:34:45 下午 org.hibernate.resource.transaction.backend.jdbc.internal.DdlTransactionIsolatorNonJtaImpl getIsolatedConnection
INFO: HHH10001501: Connection obtained from JdbcConnectionAccess [org.hibernate.engine.jdbc.env.internal.JdbcEnvironmentInitiator$ConnectionProviderJdbcConnectionAccess@5dfc2a4] for (non-JTA) DDL execution was not in auto-commit mode; the Connection 'local transaction' will be committed and the Connection will be set into auto-commit mode.
Hibernate:

    create table dest_table2 (
       id integer not null,
        name varchar(255),
        primary key (id)
    )
Hibernate:

    create table dest_table3 (
       id3 integer not null,
        id2 integer not null,
        id1 integer not null,
        name varchar(255),
        primary key (id1, id2, id3)
    )
Hibernate:

    create table dest_table4 (
       id3 integer not null,
        id2 integer not null,
        id1 integer not null,
        name varchar(255),
        primary key (id1, id2, id3)
    )
Hibernate:

    create table main_multi_pks (
       id2 integer not null,
        id1 integer not null,
        name varchar(255),
        primary key (id1, id2)
    )
Hibernate:

    create table middle_table1 (
       main_id2 integer not null,
        main_id1 integer not null,
        dest1_id2 integer not null,
        dest1_id1 integer not null,
        primary key (main_id2, main_id1, dest1_id1, dest1_id2)
    )
Hibernate:

    create table middle_table2 (
       main_id2 integer not null,
        main_id1 integer not null,
        dest2_id integer not null,
        primary key (main_id2, main_id1, dest2_id)
    )
Hibernate:

    create table middle_table3 (
       main_id2 integer not null,
        main_id1 integer not null,
        dest3_id3 integer not null,
        dest3_id2 integer not null,
        dest3_id1 integer not null,
        primary key (main_id2, main_id1, dest3_id1, dest3_id2, dest3_id3)
    )
Hibernate:

    create table middle_table4 (
       middle4_id integer not null,
        dest4_id1 integer not null,
        dest4_id2 integer not null,
        dest4_id3 integer not null,
        main_id1 integer not null,
        main_id2 integer not null,
        primary key (main_id2, main_id1, dest4_id1, dest4_id2, dest4_id3)
    )
Hibernate:

    create table sys_module (
       id integer not null,
        name varchar(255),
        primary key (id)
    )
Hibernate:

    create table sys_module_relationship (
       source_id integer not null,
        target_id integer not null,
        primary key (source_id, target_id)
    )
Hibernate:

    alter table if exists middle_table1
       add constraint FKiotv6wgeoggu3ol1e0vgic3bh
       foreign key (dest1_id1, dest1_id2)
       references dest_table1
Hibernate:

    alter table if exists middle_table1
       add constraint FKh8g6ox49qpicawpc8ssp6lhqr
       foreign key (main_id2, main_id1)
       references main_multi_pks
Hibernate:

    alter table if exists middle_table2
       add constraint FKq0yx059lcj29w1jiyvpbqfuj5
       foreign key (dest2_id)
       references dest_table2
Hibernate:

    alter table if exists middle_table2
       add constraint FKopmtnenk1s2esetna11vaxdg0
       foreign key (main_id2, main_id1)
       references main_multi_pks
Hibernate:

    alter table if exists middle_table3
       add constraint FK138fu15nq8cr84n87nkmpwdcp
       foreign key (dest3_id1, dest3_id2, dest3_id3)
       references dest_table3
Hibernate:

    alter table if exists middle_table3
       add constraint FK3y42ie0bfpj1uuyj5tscsji5m
       foreign key (main_id2, main_id1)
       references main_multi_pks
Hibernate:

    alter table if exists middle_table4
       add constraint FKma5njbox9raa7v2w82gscfae3
       foreign key (dest4_id1, dest4_id2, dest4_id3)
       references dest_table4
Hibernate:

    alter table if exists middle_table4
       add constraint FK1pkynyhfekt5yriw3h0g4oxem
       foreign key (main_id2, main_id1)
       references main_multi_pks
Hibernate:

    alter table if exists sys_module_relationship
       add constraint FKg9p48l4lh9wmc35svorxlcnrs
       foreign key (target_id)
       references sys_module
Hibernate:

    alter table if exists sys_module_relationship
       add constraint FK3er26i6bqhebqq8tbfr2ytkjs
       foreign key (source_id)
       references sys_module
9月 25, 2022 4:34:45 下午 org.hibernate.engine.transaction.jta.platform.internal.JtaPlatformInitiator initiateService
INFO: HHH000490: Using JtaPlatform implementation: [org.hibernate.engine.transaction.jta.platform.internal.NoJtaPlatform]
Hibernate:
    insert
    into
        main_multi_pks
        (name, id1, id2)
    values
        (?, ?, ?)
Hibernate:
    insert
    into
        dest_table1
        (name, dest1_id1, dest1_id2)
    values
        (?, ?, ?)
Hibernate:
    insert
    into
        dest_table2
        (name, id)
    values
        (?, ?)
Hibernate:
    insert
    into
        dest_table2
        (name, id)
    values
        (?, ?)
Hibernate:
    insert
    into
        dest_table3
        (name, id1, id2, id3)
    values
        (?, ?, ?, ?)
Hibernate:
    insert
    into
        dest_table3
        (name, id1, id2, id3)
    values
        (?, ?, ?, ?)
Hibernate:
    insert
    into
        dest_table3
        (name, id1, id2, id3)
    values
        (?, ?, ?, ?)
Hibernate:
    insert
    into
        dest_table4
        (name, id1, id2, id3)
    values
        (?, ?, ?, ?)
Hibernate:
    insert
    into
        dest_table4
        (name, id1, id2, id3)
    values
        (?, ?, ?, ?)
Hibernate:
    insert
    into
        dest_table4
        (name, id1, id2, id3)
    values
        (?, ?, ?, ?)
Hibernate:
    insert
    into
        middle_table1
        (main_id2, main_id1, dest1_id1, dest1_id2)
    values
        (?, ?, ?, ?)
Hibernate:
    insert
    into
        middle_table2
        (main_id2, main_id1, dest2_id)
    values
        (?, ?, ?)
Hibernate:
    insert
    into
        middle_table2
        (main_id2, main_id1, dest2_id)
    values
        (?, ?, ?)
Hibernate:
    insert
    into
        middle_table3
        (main_id2, main_id1, dest3_id1, dest3_id2, dest3_id3)
    values
        (?, ?, ?, ?, ?)
Hibernate:
    insert
    into
        middle_table3
        (main_id2, main_id1, dest3_id1, dest3_id2, dest3_id3)
    values
        (?, ?, ?, ?, ?)
Hibernate:
    insert
    into
        middle_table3
        (main_id2, main_id1, dest3_id1, dest3_id2, dest3_id3)
    values
        (?, ?, ?, ?, ?)
Hibernate:
    insert
    into
        middle_table4
        (main_id2, main_id1, dest4_id1, dest4_id2, dest4_id3)
    values
        (?, ?, ?, ?, ?)
9月 25, 2022 4:34:45 下午 org.hibernate.engine.jdbc.spi.SqlExceptionHelper logExceptions
WARN: SQL Error: 23502, SQLState: 23502
9月 25, 2022 4:34:45 下午 org.hibernate.engine.jdbc.spi.SqlExceptionHelper logExceptions
ERROR: NULL not allowed for column "MIDDLE4_ID"; SQL statement:
insert into middle_table4 (main_id2, main_id1, dest4_id1, dest4_id2, dest4_id3) values (?, ?, ?, ?, ?) [23502-214]
9月 25, 2022 4:34:45 下午 org.hibernate.engine.jdbc.batch.internal.AbstractBatchImpl release
INFO: HHH000010: On release of batch it still contained JDBC statements
[ERROR] Tests run: 2, Failures: 0, Errors: 2, Skipped: 0, Time elapsed: 3.869 s <<< FAILURE! - in me.ningpp.demos.SnapshotDemoTest
[ERROR] me.ningpp.demos.SnapshotDemoTest.setMaxFetchDepthTo10Test  Time elapsed: 3.197 s  <<< ERROR!
jakarta.persistence.PersistenceException: Converting `org.hibernate.exception.ConstraintViolationException` to JPA `PersistenceException` : could not execute statement
        at me.ningpp.demos.SnapshotDemoTest.setMaxFetchDepthTo10Test(SnapshotDemoTest.java:19)
Caused by: org.hibernate.exception.ConstraintViolationException: could not execute statement
        at me.ningpp.demos.SnapshotDemoTest.setMaxFetchDepthTo10Test(SnapshotDemoTest.java:19)
Caused by: org.h2.jdbc.JdbcSQLIntegrityConstraintViolationException:
NULL not allowed for column "MIDDLE4_ID"; SQL statement:
insert into middle_table4 (main_id2, main_id1, dest4_id1, dest4_id2, dest4_id3) values (?, ?, ?, ?, ?) [23502-214]
        at me.ningpp.demos.SnapshotDemoTest.setMaxFetchDepthTo10Test(SnapshotDemoTest.java:19)

[ERROR] me.ningpp.demos.SnapshotDemoTest.notSetMaxFetchDepthTest  Time elapsed: 0.62 s  <<< ERROR!
jakarta.persistence.PersistenceException: Converting `org.hibernate.exception.ConstraintViolationException` to JPA `PersistenceException` : could not execute statement
        at me.ningpp.demos.SnapshotDemoTest.notSetMaxFetchDepthTest(SnapshotDemoTest.java:14)
Caused by: org.hibernate.exception.ConstraintViolationException: could not execute statement
        at me.ningpp.demos.SnapshotDemoTest.notSetMaxFetchDepthTest(SnapshotDemoTest.java:14)
Caused by: org.h2.jdbc.JdbcSQLIntegrityConstraintViolationException:
NULL not allowed for column "MIDDLE4_ID"; SQL statement:
insert into middle_table4 (main_id2, main_id1, dest4_id1, dest4_id2, dest4_id3) values (?, ?, ?, ?, ?) [23502-214]
        at me.ningpp.demos.SnapshotDemoTest.notSetMaxFetchDepthTest(SnapshotDemoTest.java:14)

[INFO]
[INFO] Results:
[INFO]
[ERROR] Errors:
[ERROR]   SnapshotDemoTest.notSetMaxFetchDepthTest:14 ? Persistence Converting `org.hibe...
[ERROR]   SnapshotDemoTest.setMaxFetchDepthTo10Test:19 ? Persistence Converting `org.hib...
[INFO]
[ERROR] Tests run: 2, Failures: 0, Errors: 2, Skipped: 0
[INFO]
[INFO] ------------------------------------------------------------------------
[INFO] BUILD FAILURE
[INFO] ------------------------------------------------------------------------
[INFO] Total time:  12.944 s
[INFO] Finished at: 2022-09-25T16:34:47+08:00
[INFO] ------------------------------------------------------------------------
[ERROR] Failed to execute goal org.apache.maven.plugins:maven-surefire-plugin:3.0.0-M5:test (default-test) on project hibernate-self-reference: There are test failures.
[ERROR]
[ERROR] Please refer to D:\hibernate-self-reference\target\surefire-reports for the individual test results.
[ERROR] Please refer to dump files (if any exist) [date].dump, [date]-jvmRun[N].dump and [date].dumpstream.
[ERROR] -> [Help 1]
org.apache.maven.lifecycle.LifecycleExecutionException: Failed to execute goal org.apache.maven.plugins:maven-surefire-plugin:3.0.0-M5:test (default-test) on project hibernate-self-reference: There are test failures.

Please refer to D:\hibernate-self-reference\target\surefire-reports for the individual test results.
Please refer to dump files (if any exist) [date].dump, [date]-jvmRun[N].dump and [date].dumpstream.
    at org.apache.maven.lifecycle.internal.MojoExecutor.execute (MojoExecutor.java:215)
    at org.apache.maven.lifecycle.internal.MojoExecutor.execute (MojoExecutor.java:156)
    at org.apache.maven.lifecycle.internal.MojoExecutor.execute (MojoExecutor.java:148)
    at org.apache.maven.lifecycle.internal.LifecycleModuleBuilder.buildProject (LifecycleModuleBuilder.java:117)
    at org.apache.maven.lifecycle.internal.LifecycleModuleBuilder.buildProject (LifecycleModuleBuilder.java:81)
    at org.apache.maven.lifecycle.internal.builder.singlethreaded.SingleThreadedBuilder.build (SingleThreadedBuilder.java:56)
    at org.apache.maven.lifecycle.internal.LifecycleStarter.execute (LifecycleStarter.java:128)
    at org.apache.maven.DefaultMaven.doExecute (DefaultMaven.java:305)
    at org.apache.maven.DefaultMaven.doExecute (DefaultMaven.java:192)
    at org.apache.maven.DefaultMaven.execute (DefaultMaven.java:105)
    at org.apache.maven.cli.MavenCli.execute (MavenCli.java:957)
    at org.apache.maven.cli.MavenCli.doMain (MavenCli.java:289)
    at org.apache.maven.cli.MavenCli.main (MavenCli.java:193)
    at jdk.internal.reflect.NativeMethodAccessorImpl.invoke0 (Native Method)
    at jdk.internal.reflect.NativeMethodAccessorImpl.invoke (NativeMethodAccessorImpl.java:77)
    at jdk.internal.reflect.DelegatingMethodAccessorImpl.invoke (DelegatingMethodAccessorImpl.java:43)
    at java.lang.reflect.Method.invoke (Method.java:568)
    at org.codehaus.plexus.classworlds.launcher.Launcher.launchEnhanced (Launcher.java:282)
    at org.codehaus.plexus.classworlds.launcher.Launcher.launch (Launcher.java:225)
    at org.codehaus.plexus.classworlds.launcher.Launcher.mainWithExitCode (Launcher.java:406)
    at org.codehaus.plexus.classworlds.launcher.Launcher.main (Launcher.java:347)
Caused by: org.apache.maven.plugin.MojoFailureException: There are test failures.

Please refer to D:\hibernate-self-reference\target\surefire-reports for the individual test results.
Please refer to dump files (if any exist) [date].dump, [date]-jvmRun[N].dump and [date].dumpstream.
    at org.apache.maven.plugin.surefire.SurefireHelper.throwException (SurefireHelper.java:271)
    at org.apache.maven.plugin.surefire.SurefireHelper.reportExecution (SurefireHelper.java:159)
    at org.apache.maven.plugin.surefire.SurefirePlugin.handleSummary (SurefirePlugin.java:453)
    at org.apache.maven.plugin.surefire.AbstractSurefireMojo.executeAfterPreconditionsChecked (AbstractSurefireMojo.java:1175)
    at org.apache.maven.plugin.surefire.AbstractSurefireMojo.execute (AbstractSurefireMojo.java:932)
    at org.apache.maven.plugin.DefaultBuildPluginManager.executeMojo (DefaultBuildPluginManager.java:137)
    at org.apache.maven.lifecycle.internal.MojoExecutor.execute (MojoExecutor.java:210)
    at org.apache.maven.lifecycle.internal.MojoExecutor.execute (MojoExecutor.java:156)
    at org.apache.maven.lifecycle.internal.MojoExecutor.execute (MojoExecutor.java:148)
    at org.apache.maven.lifecycle.internal.LifecycleModuleBuilder.buildProject (LifecycleModuleBuilder.java:117)
    at org.apache.maven.lifecycle.internal.LifecycleModuleBuilder.buildProject (LifecycleModuleBuilder.java:81)
    at org.apache.maven.lifecycle.internal.builder.singlethreaded.SingleThreadedBuilder.build (SingleThreadedBuilder.java:56)
    at org.apache.maven.lifecycle.internal.LifecycleStarter.execute (LifecycleStarter.java:128)
    at org.apache.maven.DefaultMaven.doExecute (DefaultMaven.java:305)
    at org.apache.maven.DefaultMaven.doExecute (DefaultMaven.java:192)
    at org.apache.maven.DefaultMaven.execute (DefaultMaven.java:105)
    at org.apache.maven.cli.MavenCli.execute (MavenCli.java:957)
    at org.apache.maven.cli.MavenCli.doMain (MavenCli.java:289)
    at org.apache.maven.cli.MavenCli.main (MavenCli.java:193)
    at jdk.internal.reflect.NativeMethodAccessorImpl.invoke0 (Native Method)
    at jdk.internal.reflect.NativeMethodAccessorImpl.invoke (NativeMethodAccessorImpl.java:77)
    at jdk.internal.reflect.DelegatingMethodAccessorImpl.invoke (DelegatingMethodAccessorImpl.java:43)
    at java.lang.reflect.Method.invoke (Method.java:568)
    at org.codehaus.plexus.classworlds.launcher.Launcher.launchEnhanced (Launcher.java:282)
    at org.codehaus.plexus.classworlds.launcher.Launcher.launch (Launcher.java:225)
    at org.codehaus.plexus.classworlds.launcher.Launcher.mainWithExitCode (Launcher.java:406)
    at org.codehaus.plexus.classworlds.launcher.Launcher.main (Launcher.java:347)
[ERROR]
[ERROR] Re-run Maven using the -X switch to enable full debug logging.
[ERROR]
[ERROR] For more information about the errors and possible solutions, please read the following articles:
[ERROR] [Help 1] http://cwiki.apache.org/confluence/display/MAVEN/MojoFailureException

D:\hibernate-self-reference>