15:47:14,171 INFO  [org.jboss.as.server.deployment] (MSC service thread 1-3) JBAS015876: Starting deployment of "HibData.jar"
15:47:14,179 INFO  [org.jboss.as.jpa] (MSC service thread 1-3) JBAS011401: Read persistence.xml for HibData
15:47:14,200 INFO  [org.jboss.as.jpa] (MSC service thread 1-4) JBAS011402: Starting Persistence Unit Service 'HibData.jar#HibData'
15:47:14,217 INFO  [org.hibernate.ejb.Ejb3Configuration] (MSC service thread 1-4) HHH000204: Processing PersistenceUnitInfo [
        name: HibData
        ...]
15:47:14,220 WARN  [org.hibernate.internal.util.xml.DTDEntityResolver] (MSC service thread 1-4) HHH000223: Recognized obsolete hibernate namespace http://hibernate.sourceforge.net/. Use namespace http://www.hibernate.org/dtd/ instead. Refer to Hibernate 3.6 Migration Guide!
15:47:14,230 INFO  [org.hibernate.service.jdbc.connections.internal.ConnectionProviderInitiator] (MSC service thread 1-4) HHH000130: Instantiating explicit connection provider: org.hibernate.ejb.connection.InjectedDataSourceConnectionProvider
15:47:14,246 INFO  [org.hibernate.dialect.Dialect] (MSC service thread 1-4) HHH000400: Using dialect: org.hibernate.dialect.PostgreSQLDialect
15:47:14,247 INFO  [org.hibernate.engine.jdbc.internal.LobCreatorBuilder] (MSC service thread 1-4) HHH000424: Disabling contextual LOB creation as createClob() method threw error : java.lang.reflect.InvocationTargetException
15:47:14,249 INFO  [org.hibernate.engine.transaction.internal.TransactionFactoryInitiator] (MSC service thread 1-4) HHH000268: Transaction strategy: org.hibernate.engine.transaction.internal.jta.CMTTransactionFactory
15:47:14,251 INFO  [org.hibernate.hql.internal.ast.ASTQueryTranslatorFactory] (MSC service thread 1-4) HHH000397: Using ASTQueryTranslatorFactory
15:47:14,254 ERROR [org.jboss.msc.service.fail] (MSC service thread 1-4) MSC00001: Failed to start service jboss.persistenceunit."HibData.jar#HibData": org.jboss.msc.service.StartException in service jboss.persistenceunit."HibData.jar#HibData": Failed to start service
        at org.jboss.msc.service.ServiceControllerImpl$StartTask.run(ServiceControllerImpl.java:1767) [jboss-msc-1.0.2.GA.jar:1.0.2.GA]
        at java.util.concurrent.ThreadPoolExecutor.runWorker(ThreadPoolExecutor.java:1110) [rt.jar:1.7.0_07]
        at java.util.concurrent.ThreadPoolExecutor$Worker.run(ThreadPoolExecutor.java:603) [rt.jar:1.7.0_07]
        at java.lang.Thread.run(Thread.java:722) [rt.jar:1.7.0_07]
Caused by: java.lang.NullPointerException
        at java.lang.Class.forName0(Native Method) [rt.jar:1.7.0_07]
        at java.lang.Class.forName(Class.java:264) [rt.jar:1.7.0_07]
        at org.hibernate.annotations.common.util.ReflectHelper.classForName(ReflectHelper.java:143)
        at org.hibernate.annotations.common.reflection.java.JavaReflectionManager.classForName(JavaReflectionManager.java:117)
        at org.hibernate.envers.configuration.RevisionInfoConfiguration.configure(RevisionInfoConfiguration.java:256)
        at org.hibernate.envers.configuration.AuditConfiguration.<init>(AuditConfiguration.java:95)
        at org.hibernate.envers.configuration.AuditConfiguration.getFor(AuditConfiguration.java:135)
        at org.hibernate.envers.event.EnversIntegrator.integrate(EnversIntegrator.java:63)
        at org.hibernate.internal.SessionFactoryImpl.<init>(SessionFactoryImpl.java:294)
        at org.hibernate.cfg.Configuration.buildSessionFactory(Configuration.java:1737)
        at org.hibernate.ejb.EntityManagerFactoryImpl.<init>(EntityManagerFactoryImpl.java:84)
        at org.hibernate.ejb.Ejb3Configuration.buildEntityManagerFactory(Ejb3Configuration.java:904)
        at org.hibernate.ejb.Ejb3Configuration.buildEntityManagerFactory(Ejb3Configuration.java:889)
        at org.hibernate.ejb.HibernatePersistence.createContainerEntityManagerFactory(HibernatePersistence.java:73)
        at org.jboss.as.jpa.service.PersistenceUnitServiceImpl.createContainerEntityManagerFactory(PersistenceUnitServiceImpl.java:162)
        at org.jboss.as.jpa.service.PersistenceUnitServiceImpl.start(PersistenceUnitServiceImpl.java:85)
        at org.jboss.msc.service.ServiceControllerImpl$StartTask.startService(ServiceControllerImpl.java:1811) [jboss-msc-1.0.2.GA.jar:1.0.2.GA]
        at org.jboss.msc.service.ServiceControllerImpl$StartTask.run(ServiceControllerImpl.java:1746) [jboss-msc-1.0.2.GA.jar:1.0.2.GA]
        ... 3 more

15:47:14,265 INFO  [org.jboss.as.server] (DeploymentScanner-threads - 2) JBAS015870: Deploy of deployment "HibData.jar" was rolled back with failure message {"JBAS014671: Failed services" => {"jboss.persistenceunit.\"HibData.jar#HibData\"" => "org.jboss.msc.service.StartException in service jboss.persistenceunit.\"HibData.jar#HibData\": Failed to start service"}}
15:47:14,268 INFO  [org.jboss.as.server.deployment] (MSC service thread 1-6) JBAS015877: Stopped deployment HibData.jar in 3ms
15:47:14,269 INFO  [org.jboss.as.controller] (DeploymentScanner-threads - 2) JBAS014774: Service status report
JBAS014777:   Services which failed to start:      service jboss.persistenceunit."HibData.jar#HibData": org.jboss.msc.service.StartException in service jboss.persistenceunit."HibData.jar#HibData": Failed to start service

15:47:14,270 ERROR [org.jboss.as.server.deployment.scanner] (DeploymentScanner-threads - 1) {"JBAS014653: Composite operation failed and was rolled back. Steps that failed:" => {"Operation step-2" => {"JBAS014671: Failed services" => {"jboss.persistenceunit.\"HibData.jar#HibData\"" => "org.jboss.msc.service.StartException in service jboss.persistenceunit.\"HibData.jar#HibData\": Failed to start service"}}}}