org.springframework.beans.factory.BeanCreationException: Error creating bean with name 'controller': Invocation of init method failed
	at org.springframework.beans.factory.annotation.InitDestroyAnnotationBeanPostProcessor.postProcessBeforeInitialization(InitDestroyAnnotationBeanPostProcessor.java:194) ~[spring-beans-6.0.0-M5.jar:6.0.0-M5]
	at org.springframework.beans.factory.support.AbstractAutowireCapableBeanFactory.applyBeanPostProcessorsBeforeInitialization(AbstractAutowireCapableBeanFactory.java:425) ~[spring-beans-6.0.0-M5.jar:6.0.0-M5]
	at org.springframework.beans.factory.support.AbstractAutowireCapableBeanFactory.initializeBean(AbstractAutowireCapableBeanFactory.java:1745) ~[spring-beans-6.0.0-M5.jar:6.0.0-M5]
	at org.springframework.beans.factory.support.AbstractAutowireCapableBeanFactory.doCreateBean(AbstractAutowireCapableBeanFactory.java:604) ~[spring-beans-6.0.0-M5.jar:6.0.0-M5]
	at org.springframework.beans.factory.support.AbstractAutowireCapableBeanFactory.createBean(AbstractAutowireCapableBeanFactory.java:526) ~[spring-beans-6.0.0-M5.jar:6.0.0-M5]
	at org.springframework.beans.factory.support.AbstractBeanFactory.lambda$doGetBean$0(AbstractBeanFactory.java:326) ~[spring-beans-6.0.0-M5.jar:6.0.0-M5]
	at org.springframework.beans.factory.support.DefaultSingletonBeanRegistry.getSingleton(DefaultSingletonBeanRegistry.java:234) ~[spring-beans-6.0.0-M5.jar:6.0.0-M5]
	at org.springframework.beans.factory.support.AbstractBeanFactory.doGetBean(AbstractBeanFactory.java:324) ~[spring-beans-6.0.0-M5.jar:6.0.0-M5]
	at org.springframework.beans.factory.support.AbstractBeanFactory.getBean(AbstractBeanFactory.java:200) ~[spring-beans-6.0.0-M5.jar:6.0.0-M5]
	at org.springframework.beans.factory.support.DefaultListableBeanFactory.preInstantiateSingletons(DefaultListableBeanFactory.java:930) ~[spring-beans-6.0.0-M5.jar:6.0.0-M5]
	at org.springframework.context.support.AbstractApplicationContext.finishBeanFactoryInitialization(AbstractApplicationContext.java:926) ~[spring-context-6.0.0-M5.jar:6.0.0-M5]
	at org.springframework.context.support.AbstractApplicationContext.refresh(AbstractApplicationContext.java:592) ~[spring-context-6.0.0-M5.jar:6.0.0-M5]
	at org.springframework.boot.web.servlet.context.ServletWebServerApplicationContext.refresh(ServletWebServerApplicationContext.java:146) ~[spring-boot-3.0.0-M4.jar:3.0.0-M4]
	at org.springframework.boot.SpringApplication.refresh(SpringApplication.java:731) ~[spring-boot-3.0.0-M4.jar:3.0.0-M4]
	at org.springframework.boot.SpringApplication.refreshContext(SpringApplication.java:430) ~[spring-boot-3.0.0-M4.jar:3.0.0-M4]
	at org.springframework.boot.SpringApplication.run(SpringApplication.java:312) ~[spring-boot-3.0.0-M4.jar:3.0.0-M4]
	at org.springframework.boot.SpringApplication.run(SpringApplication.java:1303) ~[spring-boot-3.0.0-M4.jar:3.0.0-M4]
	at org.springframework.boot.SpringApplication.run(SpringApplication.java:1292) ~[spring-boot-3.0.0-M4.jar:3.0.0-M4]
	at com.example.demo.DemoApplication.main(DemoApplication.java:10) ~[main/:na]
Caused by: java.lang.ClassCastException: class java.util.UUID cannot be cast to class [B (java.util.UUID and [B are in module java.base of loader 'bootstrap')
	at org.hibernate.type.descriptor.java.PrimitiveByteArrayJavaType.areEqual(PrimitiveByteArrayJavaType.java:28) ~[hibernate-core-6.1.1.Final.jar:6.1.1.Final]
	at org.hibernate.type.descriptor.java.JavaType.getReplacement(JavaType.java:69) ~[hibernate-core-6.1.1.Final.jar:6.1.1.Final]
	at org.hibernate.type.AbstractStandardBasicType.replace(AbstractStandardBasicType.java:262) ~[hibernate-core-6.1.1.Final.jar:6.1.1.Final]
	at org.hibernate.type.TypeHelper.replace(TypeHelper.java:87) ~[hibernate-core-6.1.1.Final.jar:6.1.1.Final]
	at org.hibernate.event.internal.DefaultMergeEventListener.copyValues(DefaultMergeEventListener.java:489) ~[hibernate-core-6.1.1.Final.jar:6.1.1.Final]
	at org.hibernate.event.internal.DefaultMergeEventListener.entityIsDetached(DefaultMergeEventListener.java:384) ~[hibernate-core-6.1.1.Final.jar:6.1.1.Final]
	at org.hibernate.event.internal.DefaultMergeEventListener.onMerge(DefaultMergeEventListener.java:176) ~[hibernate-core-6.1.1.Final.jar:6.1.1.Final]
	at org.hibernate.event.internal.DefaultMergeEventListener.onMerge(DefaultMergeEventListener.java:76) ~[hibernate-core-6.1.1.Final.jar:6.1.1.Final]
	at org.hibernate.event.service.internal.EventListenerGroupImpl.fireEventOnEachListener(EventListenerGroupImpl.java:107) ~[hibernate-core-6.1.1.Final.jar:6.1.1.Final]
	at org.hibernate.internal.SessionImpl.fireMerge(SessionImpl.java:824) ~[hibernate-core-6.1.1.Final.jar:6.1.1.Final]
	at org.hibernate.internal.SessionImpl.merge(SessionImpl.java:810) ~[hibernate-core-6.1.1.Final.jar:6.1.1.Final]
	at java.base/jdk.internal.reflect.NativeMethodAccessorImpl.invoke0(Native Method) ~[na:na]
	at java.base/jdk.internal.reflect.NativeMethodAccessorImpl.invoke(NativeMethodAccessorImpl.java:77) ~[na:na]
	at java.base/jdk.internal.reflect.DelegatingMethodAccessorImpl.invoke(DelegatingMethodAccessorImpl.java:43) ~[na:na]
	at java.base/java.lang.reflect.Method.invoke(Method.java:568) ~[na:na]
	at org.springframework.orm.jpa.SharedEntityManagerCreator$SharedEntityManagerInvocationHandler.invoke(SharedEntityManagerCreator.java:311) ~[spring-orm-6.0.0-M5.jar:6.0.0-M5]
	at jdk.proxy2/jdk.proxy2.$Proxy100.merge(Unknown Source) ~[na:na]
	at org.springframework.data.jpa.repository.support.SimpleJpaRepository.save(SimpleJpaRepository.java:613) ~[spring-data-jpa-3.0.0-M5.jar:3.0.0-M5]
	at org.springframework.data.jpa.repository.support.SimpleJpaRepository.saveAndFlush(SimpleJpaRepository.java:621) ~[spring-data-jpa-3.0.0-M5.jar:3.0.0-M5]
	at java.base/jdk.internal.reflect.NativeMethodAccessorImpl.invoke0(Native Method) ~[na:na]
	at java.base/jdk.internal.reflect.NativeMethodAccessorImpl.invoke(NativeMethodAccessorImpl.java:77) ~[na:na]
	at java.base/jdk.internal.reflect.DelegatingMethodAccessorImpl.invoke(DelegatingMethodAccessorImpl.java:43) ~[na:na]
	at java.base/java.lang.reflect.Method.invoke(Method.java:568) ~[na:na]
	at org.springframework.data.repository.core.support.RepositoryMethodInvoker$RepositoryFragmentMethodInvoker.lambda$new$0(RepositoryMethodInvoker.java:289) ~[spring-data-commons-3.0.0-M5.jar:3.0.0-M5]
	at org.springframework.data.repository.core.support.RepositoryMethodInvoker.doInvoke(RepositoryMethodInvoker.java:137) ~[spring-data-commons-3.0.0-M5.jar:3.0.0-M5]
	at org.springframework.data.repository.core.support.RepositoryMethodInvoker.invoke(RepositoryMethodInvoker.java:121) ~[spring-data-commons-3.0.0-M5.jar:3.0.0-M5]
	at org.springframework.data.repository.core.support.RepositoryComposition$RepositoryFragments.invoke(RepositoryComposition.java:516) ~[spring-data-commons-3.0.0-M5.jar:3.0.0-M5]
	at org.springframework.data.repository.core.support.RepositoryComposition.invoke(RepositoryComposition.java:285) ~[spring-data-commons-3.0.0-M5.jar:3.0.0-M5]
	at org.springframework.data.repository.core.support.RepositoryFactorySupport$ImplementationMethodExecutionInterceptor.invoke(RepositoryFactorySupport.java:628) ~[spring-data-commons-3.0.0-M5.jar:3.0.0-M5]
	at org.springframework.aop.framework.ReflectiveMethodInvocation.proceed(ReflectiveMethodInvocation.java:184) ~[spring-aop-6.0.0-M5.jar:6.0.0-M5]
	at org.springframework.data.repository.core.support.QueryExecutorMethodInterceptor.doInvoke(QueryExecutorMethodInterceptor.java:160) ~[spring-data-commons-3.0.0-M5.jar:3.0.0-M5]
	at org.springframework.data.repository.core.support.QueryExecutorMethodInterceptor.invoke(QueryExecutorMethodInterceptor.java:135) ~[spring-data-commons-3.0.0-M5.jar:3.0.0-M5]
	at org.springframework.aop.framework.ReflectiveMethodInvocation.proceed(ReflectiveMethodInvocation.java:184) ~[spring-aop-6.0.0-M5.jar:6.0.0-M5]
	at org.springframework.data.projection.DefaultMethodInvokingMethodInterceptor.invoke(DefaultMethodInvokingMethodInterceptor.java:77) ~[spring-data-commons-3.0.0-M5.jar:3.0.0-M5]
	at org.springframework.aop.framework.ReflectiveMethodInvocation.proceed(ReflectiveMethodInvocation.java:184) ~[spring-aop-6.0.0-M5.jar:6.0.0-M5]
	at org.springframework.transaction.interceptor.TransactionInterceptor$1.proceedWithInvocation(TransactionInterceptor.java:123) ~[spring-tx-6.0.0-M5.jar:6.0.0-M5]
	at org.springframework.transaction.interceptor.TransactionAspectSupport.invokeWithinTransaction(TransactionAspectSupport.java:388) ~[spring-tx-6.0.0-M5.jar:6.0.0-M5]
	at org.springframework.transaction.interceptor.TransactionInterceptor.invoke(TransactionInterceptor.java:119) ~[spring-tx-6.0.0-M5.jar:6.0.0-M5]
	at org.springframework.aop.framework.ReflectiveMethodInvocation.proceed(ReflectiveMethodInvocation.java:184) ~[spring-aop-6.0.0-M5.jar:6.0.0-M5]
	at org.springframework.dao.support.PersistenceExceptionTranslationInterceptor.invoke(PersistenceExceptionTranslationInterceptor.java:137) ~[spring-tx-6.0.0-M5.jar:6.0.0-M5]
	at org.springframework.aop.framework.ReflectiveMethodInvocation.proceed(ReflectiveMethodInvocation.java:184) ~[spring-aop-6.0.0-M5.jar:6.0.0-M5]
	at org.springframework.data.jpa.repository.support.CrudMethodMetadataPostProcessor$CrudMethodMetadataPopulatingMethodInterceptor.invoke(CrudMethodMetadataPostProcessor.java:163) ~[spring-data-jpa-3.0.0-M5.jar:3.0.0-M5]
	at org.springframework.aop.framework.ReflectiveMethodInvocation.proceed(ReflectiveMethodInvocation.java:184) ~[spring-aop-6.0.0-M5.jar:6.0.0-M5]
	at org.springframework.aop.interceptor.ExposeInvocationInterceptor.invoke(ExposeInvocationInterceptor.java:97) ~[spring-aop-6.0.0-M5.jar:6.0.0-M5]
	at org.springframework.aop.framework.ReflectiveMethodInvocation.proceed(ReflectiveMethodInvocation.java:184) ~[spring-aop-6.0.0-M5.jar:6.0.0-M5]
	at org.springframework.aop.framework.JdkDynamicAopProxy.invoke(JdkDynamicAopProxy.java:215) ~[spring-aop-6.0.0-M5.jar:6.0.0-M5]
	at jdk.proxy2/jdk.proxy2.$Proxy104.saveAndFlush(Unknown Source) ~[na:na]
	at com.example.demo.Controller.thisWillFailWithM4(Controller.java:23) ~[main/:na]
	at java.base/jdk.internal.reflect.NativeMethodAccessorImpl.invoke0(Native Method) ~[na:na]
	at java.base/jdk.internal.reflect.NativeMethodAccessorImpl.invoke(NativeMethodAccessorImpl.java:77) ~[na:na]
	at java.base/jdk.internal.reflect.DelegatingMethodAccessorImpl.invoke(DelegatingMethodAccessorImpl.java:43) ~[na:na]
	at java.base/java.lang.reflect.Method.invoke(Method.java:568) ~[na:na]
	at org.springframework.beans.factory.annotation.InitDestroyAnnotationBeanPostProcessor$LifecycleElement.invoke(InitDestroyAnnotationBeanPostProcessor.java:423) ~[spring-beans-6.0.0-M5.jar:6.0.0-M5]
	at org.springframework.beans.factory.annotation.InitDestroyAnnotationBeanPostProcessor$LifecycleMetadata.invokeInitMethods(InitDestroyAnnotationBeanPostProcessor.java:367) ~[spring-beans-6.0.0-M5.jar:6.0.0-M5]
	at org.springframework.beans.factory.annotation.InitDestroyAnnotationBeanPostProcessor.postProcessBeforeInitialization(InitDestroyAnnotationBeanPostProcessor.java:191) ~[spring-beans-6.0.0-M5.jar:6.0.0-M5]
	... 18 common frames omitted