 <!-- Mapping -->

 [net.sf.hibernate.cfg.Configuration] Mapping resource: com/enabler/pricing/data/dimensions/product/EMerchLevelExtBean.hbm.xml
 [net.sf.hibernate.util.DTDEntityResolver] trying to locate http://hibernate.sourceforge.net/hibernate-mapping-2.0.dtd in classpath under net/sf/hibernate/
 [net.sf.hibernate.util.DTDEntityResolver] found http://hibernate.sourceforge.net/hibernate-mapping-2.0.dtd in classpath
 [net.sf.hibernate.cfg.Binder] Mapping class: com.enabler.pricing.data.dimensions.product.EMerchLevelExtBean -> D_MERCH_LEVEL_EXT
 [net.sf.hibernate.cfg.Binder] Mapped property: merchL1Key -> MERCH_L1_KEY, type: integer
 [net.sf.hibernate.cfg.Binder] Mapped property: merchL2Key -> MERCH_L2_KEY, type: integer
 [net.sf.hibernate.cfg.Binder] Mapped property: merchL3Key -> MERCH_L3_KEY, type: integer
 [net.sf.hibernate.cfg.Binder] Mapped property: merchL4Key -> MERCH_L4_KEY, type: integer
 [net.sf.hibernate.cfg.Binder] Mapped property: merchL5Key -> MERCH_L5_KEY, type: integer
 [net.sf.hibernate.cfg.Binder] Mapped property: merchL6Key -> MERCH_L6_KEY, type: integer
 [net.sf.hibernate.cfg.Binder] Mapped property: merchL7Key -> MERCH_L7_KEY, type: integer
 [net.sf.hibernate.cfg.Binder] Mapped property: merchL8Key -> MERCH_L8_KEY, type: integer
 [net.sf.hibernate.cfg.Binder] Mapped property: id -> MERCH_L1_KEY, MERCH_L2_KEY, MERCH_L3_KEY, MERCH_L4_KEY, MERCH_L5_KEY, MERCH_L6_KEY, MERCH_L7_KEY, MERCH_L8_KEY, type: com.enabler.pricing.data.dimensions.product.EMerchLevelExtPK
 [net.sf.hibernate.cfg.Binder] Mapped property: originKey -> ORIGIN_KEY, type: integer
 [net.sf.hibernate.cfg.Binder] Mapped property: status -> STATUS, type: string
 [net.sf.hibernate.cfg.Binder] Mapped property: originDesc -> ORIGIN_DESC, type: string
 [net.sf.hibernate.cfg.Binder] Mapped property: originId -> ORIGIN_ID, type: string
 [net.sf.hibernate.cfg.Binder] Mapped property: merchL1Desc -> MERCH_L1_DESC, type: string
 [net.sf.hibernate.cfg.Binder] Mapped property: merchL2Desc -> MERCH_L2_DESC, type: string
 [net.sf.hibernate.cfg.Binder] Mapped property: merchL3Desc -> MERCH_L3_DESC, type: string
 [net.sf.hibernate.cfg.Binder] Mapped property: merchL4Desc -> MERCH_L4_DESC, type: string
 [net.sf.hibernate.cfg.Binder] Mapped property: merchL5Desc -> MERCH_L5_DESC, type: string
 [net.sf.hibernate.cfg.Binder] Mapped property: merchL6Desc -> MERCH_L6_DESC, type: string
 [net.sf.hibernate.cfg.Binder] Mapped property: merchL7Desc -> MERCH_L7_DESC, type: string
 [net.sf.hibernate.cfg.Binder] Mapped property: merchL8Desc -> MERCH_L8_DESC, type: string
 [net.sf.hibernate.cfg.Binder] Mapped property: merchL1Id -> MERCH_L1_ID, type: string
 [net.sf.hibernate.cfg.Binder] Mapped property: merchL2Id -> MERCH_L2_ID, type: string
 [net.sf.hibernate.cfg.Binder] Mapped property: merchL3Id -> MERCH_L3_ID, type: string
 [net.sf.hibernate.cfg.Binder] Mapped property: merchL4Id -> MERCH_L4_ID, type: string
 [net.sf.hibernate.cfg.Binder] Mapped property: merchL5Id -> MERCH_L5_ID, type: string
 [net.sf.hibernate.cfg.Binder] Mapped property: merchL6Id -> MERCH_L6_ID, type: string
 [net.sf.hibernate.cfg.Binder] Mapped property: merchL7Id -> MERCH_L7_ID, type: string
 [net.sf.hibernate.cfg.Binder] Mapped property: merchL8Id -> MERCH_L8_ID, type: string
 
 
 <!-- Query -->
 
 [net.sf.hibernate.hql.QueryTranslator] HQL: from com.enabler.pricing.data.dimensions.product.EMerchLevelExtBean o where o.id.merchL4Key=102878 and o.originKey=-1 and rownum = 1
 [net.sf.hibernate.hql.QueryTranslator] SQL: select emerchleve0_.MERCH_L1_KEY as MERCH_L11_, emerchleve0_.MERCH_L2_KEY as MERCH_L22_, emerchleve0_.MERCH_L3_KEY as MERCH_L33_, emerchleve0_.MERCH_L4_KEY as MERCH_L44_, emerchleve0_.MERCH_L5_KEY as MERCH_L55_, emerchleve0_.MERCH_L6_KEY as MERCH_L66_, emerchleve0_.MERCH_L7_KEY as MERCH_L77_, emerchleve0_.MERCH_L8_KEY as MERCH_L88_, emerchleve0_.ORIGIN_KEY as ORIGIN_KEY, emerchleve0_.STATUS as STATUS, emerchleve0_.ORIGIN_DESC as ORIGIN_11_, emerchleve0_.ORIGIN_ID as ORIGIN_ID, emerchleve0_.MERCH_L1_DESC as MERCH_L13_, emerchleve0_.MERCH_L2_DESC as MERCH_L14_, emerchleve0_.MERCH_L3_DESC as MERCH_L15_, emerchleve0_.MERCH_L4_DESC as MERCH_L16_, emerchleve0_.MERCH_L5_DESC as MERCH_L17_, emerchleve0_.MERCH_L6_DESC as MERCH_L18_, emerchleve0_.MERCH_L7_DESC as MERCH_L19_, emerchleve0_.MERCH_L8_DESC as MERCH_L20_, emerchleve0_.MERCH_L1_ID as MERCH_L21_, emerchleve0_.MERCH_L2_ID as MERCH_L22_, emerchleve0_.MERCH_L3_ID as MERCH_L23_, emerchleve0_.MERCH_L4_ID as MERCH_L24_, emerchleve0_.MERCH_L5_ID as MERCH_L25_, emerchleve0_.MERCH_L6_ID as MERCH_L26_, emerchleve0_.MERCH_L7_ID as MERCH_L27_, emerchleve0_.MERCH_L8_ID as MERCH_L28_ from D_MERCH_LEVEL_EXT emerchleve0_ where (emerchleve0_.MERCH_L4_KEY=102878 )and(emerchleve0_.ORIGIN_KEY=-1 )and(rownum=1 )
 [net.sf.hibernate.impl.BatcherImpl] about to open: 0 open PreparedStatements, 0 open ResultSets
 [net.sf.hibernate.SQL] select emerchleve0_.MERCH_L1_KEY as MERCH_L11_, emerchleve0_.MERCH_L2_KEY as MERCH_L22_, emerchleve0_.MERCH_L3_KEY as MERCH_L33_, emerchleve0_.MERCH_L4_KEY as MERCH_L44_, emerchleve0_.MERCH_L5_KEY as MERCH_L55_, emerchleve0_.MERCH_L6_KEY as MERCH_L66_, emerchleve0_.MERCH_L7_KEY as MERCH_L77_, emerchleve0_.MERCH_L8_KEY as MERCH_L88_, emerchleve0_.ORIGIN_KEY as ORIGIN_KEY, emerchleve0_.STATUS as STATUS, emerchleve0_.ORIGIN_DESC as ORIGIN_11_, emerchleve0_.ORIGIN_ID as ORIGIN_ID, emerchleve0_.MERCH_L1_DESC as MERCH_L13_, emerchleve0_.MERCH_L2_DESC as MERCH_L14_, emerchleve0_.MERCH_L3_DESC as MERCH_L15_, emerchleve0_.MERCH_L4_DESC as MERCH_L16_, emerchleve0_.MERCH_L5_DESC as MERCH_L17_, emerchleve0_.MERCH_L6_DESC as MERCH_L18_, emerchleve0_.MERCH_L7_DESC as MERCH_L19_, emerchleve0_.MERCH_L8_DESC as MERCH_L20_, emerchleve0_.MERCH_L1_ID as MERCH_L21_, emerchleve0_.MERCH_L2_ID as MERCH_L22_, emerchleve0_.MERCH_L3_ID as MERCH_L23_, emerchleve0_.MERCH_L4_ID as MERCH_L24_, emerchleve0_.MERCH_L5_ID as MERCH_L25_, emerchleve0_.MERCH_L6_ID as MERCH_L26_, emerchleve0_.MERCH_L7_ID as MERCH_L27_, emerchleve0_.MERCH_L8_ID as MERCH_L28_ from D_MERCH_LEVEL_EXT emerchleve0_ where (emerchleve0_.MERCH_L4_KEY=102878 )and(emerchleve0_.ORIGIN_KEY=-1 )and(rownum=1 )
 [STDOUT] Hibernate: select emerchleve0_.MERCH_L1_KEY as MERCH_L11_, emerchleve0_.MERCH_L2_KEY as MERCH_L22_, emerchleve0_.MERCH_L3_KEY as MERCH_L33_, emerchleve0_.MERCH_L4_KEY as MERCH_L44_, emerchleve0_.MERCH_L5_KEY as MERCH_L55_, emerchleve0_.MERCH_L6_KEY as MERCH_L66_, emerchleve0_.MERCH_L7_KEY as MERCH_L77_, emerchleve0_.MERCH_L8_KEY as MERCH_L88_, emerchleve0_.ORIGIN_KEY as ORIGIN_KEY, emerchleve0_.STATUS as STATUS, emerchleve0_.ORIGIN_DESC as ORIGIN_11_, emerchleve0_.ORIGIN_ID as ORIGIN_ID, emerchleve0_.MERCH_L1_DESC as MERCH_L13_, emerchleve0_.MERCH_L2_DESC as MERCH_L14_, emerchleve0_.MERCH_L3_DESC as MERCH_L15_, emerchleve0_.MERCH_L4_DESC as MERCH_L16_, emerchleve0_.MERCH_L5_DESC as MERCH_L17_, emerchleve0_.MERCH_L6_DESC as MERCH_L18_, emerchleve0_.MERCH_L7_DESC as MERCH_L19_, emerchleve0_.MERCH_L8_DESC as MERCH_L20_, emerchleve0_.MERCH_L1_ID as MERCH_L21_, emerchleve0_.MERCH_L2_ID as MERCH_L22_, emerchleve0_.MERCH_L3_ID as MERCH_L23_, emerchleve0_.MERCH_L4_ID as MERCH_L24_, emerchleve0_.MERCH_L5_ID as MERCH_L25_, emerchleve0_.MERCH_L6_ID as MERCH_L26_, emerchleve0_.MERCH_L7_ID as MERCH_L27_, emerchleve0_.MERCH_L8_ID as MERCH_L28_ from D_MERCH_LEVEL_EXT emerchleve0_ where (emerchleve0_.MERCH_L4_KEY=102878 )and(emerchleve0_.ORIGIN_KEY=-1 )and(rownum=1 )
 [net.sf.hibernate.impl.BatcherImpl] preparing statement
 [net.sf.hibernate.impl.SessionImpl] running Session.finalize()
 [net.sf.hibernate.loader.Loader] processing result set
 [net.sf.hibernate.type.IntegerType] returning '25' as column: MERCH_L11_
 [net.sf.hibernate.type.IntegerType] returning '1212' as column: MERCH_L22_
 [net.sf.hibernate.type.IntegerType] returning '10685' as column: MERCH_L33_
 [net.sf.hibernate.type.IntegerType] returning '102878' as column: MERCH_L44_
 [net.sf.hibernate.type.IntegerType] returning '-1' as column: MERCH_L55_
 [net.sf.hibernate.type.IntegerType] returning '-1' as column: MERCH_L66_
 [net.sf.hibernate.type.IntegerType] returning '-1' as column: MERCH_L77_
 [net.sf.hibernate.type.IntegerType] returning '-1' as column: MERCH_L88_
 [net.sf.hibernate.loader.Loader] result row: com.enabler.pricing.data.dimensions.product.EMerchLevelExtPK@cc71b963
 [net.sf.hibernate.loader.Loader] Initializing object from ResultSet: com.enabler.pricing.data.dimensions.product.EMerchLevelExtPK@cc71b963
 [net.sf.hibernate.loader.Loader] Hydrating entity: com.enabler.pricing.data.dimensions.product.EMerchLevelExtBean#com.enabler.pricing.data.dimensions.product.EMerchLevelExtPK@cc71b963
 [net.sf.hibernate.type.IntegerType] returning '-1' as column: ORIGIN_KEY
 [net.sf.hibernate.type.StringType] returning 'A' as column: STATUS
 [net.sf.hibernate.type.StringType] returning 'SPVP' as column: ORIGIN_11_
 [net.sf.hibernate.type.StringType] returning '2' as column: ORIGIN_ID
 [net.sf.hibernate.type.StringType] returning 'UTILID DOMÉSTICAS        ' as column: MERCH_L13_
 [net.sf.hibernate.type.StringType] returning 'MESA                     ' as column: MERCH_L14_
 [net.sf.hibernate.type.StringType] returning 'COPOS                    ' as column: MERCH_L15_
 [net.sf.hibernate.type.StringType] returning 'COPOS MESA AVUL S/PÉ     ' as column: MERCH_L16_
 [net.sf.hibernate.type.StringType] returning null as column: MERCH_L17_
 [net.sf.hibernate.type.StringType] returning null as column: MERCH_L18_
 [net.sf.hibernate.type.StringType] returning null as column: MERCH_L19_
 [net.sf.hibernate.type.StringType] returning null as column: MERCH_L20_
 [net.sf.hibernate.type.StringType] returning '31' as column: MERCH_L21_
 [net.sf.hibernate.type.StringType] returning '1212' as column: MERCH_L22_
 [net.sf.hibernate.type.StringType] returning '310102' as column: MERCH_L23_
 [net.sf.hibernate.type.StringType] returning '31010208' as column: MERCH_L24_
 [net.sf.hibernate.type.StringType] returning '-1' as column: MERCH_L25_
 [net.sf.hibernate.type.StringType] returning '-1' as column: MERCH_L26_
 [net.sf.hibernate.type.StringType] returning '-1' as column: MERCH_L27_
 [net.sf.hibernate.type.StringType] returning '-1' as column: MERCH_L28_
 [net.sf.hibernate.loader.Loader] done processing result set (1 rows)
 [net.sf.hibernate.impl.BatcherImpl] done closing: 0 open PreparedStatements, 0 open ResultSets
 [net.sf.hibernate.impl.BatcherImpl] closing statement
 [net.sf.hibernate.loader.Loader] total objects hydrated: 1
 [net.sf.hibernate.impl.SessionImpl] resolving associations for [com.enabler.pricing.data.dimensions.product.EMerchLevelExtBean#com.enabler.pricing.data.dimensions.product.EMerchLevelExtPK@cc71b963]
 [net.sf.hibernate.impl.SessionImpl] done materializing entity [com.enabler.pricing.data.dimensions.product.EMerchLevelExtBean#com.enabler.pricing.data.dimensions.product.EMerchLevelExtPK@cc71b963]
 [net.sf.hibernate.impl.SessionImpl] initializing non-lazy collections
 [com.enabler.pricing.sabeco.server.maintenance.SPriceMaintenanceBean] MERCH LEVELEMerchLevelExtBean[Merch Level Key=EMerchLevelExtPK[Merch L1 Key=25,Merch L2 Key=1212,Merch L3 Key=10685,Merch L4 Key=102878,Merch L5 Key=-1,Merch L6 Key=-1,Merch L7 Key=-1,Merch L8 Key=-1],Origin Key=-1,Merch L1 Id=31,Merch L1 Desc=UTILID DOMÉSTICAS        ,Merch L2 Id=1212,Merch L2 Desc=MESA                     ,Merch L3 Id=310102,Merch L3 Desc=COPOS                    ,Merch L4 Id=31010208,Merch L4 Desc=COPOS MESA AVUL S/PÉ     ,Merch L5 Id=-1,Merch L5 Desc=<null>,Merch L6 Id=-1,Merch L6 Desc=<null>,Merch L7 Id=-1,Merch L7 Desc=<null>,Merch L8 Id=-1,Merch L8 Desc=<null>,Origin Id=2,Origin Desc=SPVP]
