12:10:07,801  INFO Environment:499 - Hibernate 3.2 cr2
12:10:07,817  INFO Environment:532 - hibernate.properties not found
12:10:07,817  INFO Environment:666 - Bytecode provider name : cglib
12:10:07,832  INFO Environment:583 - using JDK 1.4 java.sql.Timestamp handling
12:10:07,942  INFO Configuration:1345 - configuring from resource: /hibernate.cfg.xml
12:10:07,942  INFO Configuration:1322 - Configuration resource: /hibernate.cfg.xml
12:10:08,082 DEBUG DTDEntityResolver:22 - trying to resolve system-id [http://hibernate.sourceforge.net/hibernate-configuration-3.0.dtd]
12:10:08,082 DEBUG DTDEntityResolver:24 - recognized hibernate namespace; attempting to resolve on classpath under org/hibernate/
12:10:08,098 DEBUG DTDEntityResolver:34 - located [http://hibernate.sourceforge.net/hibernate-configuration-3.0.dtd] in classpath
12:10:08,145 DEBUG Configuration:1306 - connection.driver_class=net.sourceforge.jtds.jdbc.Driver
12:10:08,161 DEBUG Configuration:1306 - connection.url=jdbc:jtds:sqlserver://kapc387/HibernateRepro
12:10:08,161 DEBUG Configuration:1306 - connection.username=sa
12:10:08,161 DEBUG Configuration:1306 - connection.password=
12:10:08,161 DEBUG Configuration:1306 - connection.pool_size=1
12:10:08,161 DEBUG Configuration:1306 - dialect=org.hibernate.dialect.SQLServerDialect
12:10:08,161 DEBUG Configuration:1306 - current_session_context_class=thread
12:10:08,161 DEBUG Configuration:1306 - cache.provider_class=org.hibernate.cache.EhCacheProvider
12:10:08,161 DEBUG Configuration:1306 - show_sql=true
12:10:08,176 DEBUG Configuration:1306 - hbm2ddl.auto=create
12:10:08,176 DEBUG Configuration:1306 - hibernate.jdbc.batch_size=20
12:10:08,176 DEBUG Configuration:1505 - null<-org.dom4j.tree.DefaultAttribute@2f8b5a [Attribute: name resource value "events/Person.hbm.xml"]
12:10:08,176  INFO Configuration:502 - Reading mappings from resource: events/Person.hbm.xml
12:10:08,176 DEBUG DTDEntityResolver:22 - trying to resolve system-id [http://hibernate.sourceforge.net/hibernate-mapping-3.0.dtd]
12:10:08,176 DEBUG DTDEntityResolver:24 - recognized hibernate namespace; attempting to resolve on classpath under org/hibernate/
12:10:08,176 DEBUG DTDEntityResolver:34 - located [http://hibernate.sourceforge.net/hibernate-mapping-3.0.dtd] in classpath
12:10:08,364  INFO HbmBinder:298 - Mapping class: events.Person -> PERSON
12:10:08,395 DEBUG HbmBinder:1252 - Mapped property: id -> PERSON_ID
12:10:08,411 DEBUG HbmBinder:1252 - Mapped property: age -> age
12:10:08,411 DEBUG HbmBinder:1252 - Mapped property: firstname -> firstname
12:10:08,411 DEBUG HbmBinder:1252 - Mapped property: lastname -> lastname
12:10:08,411  INFO Configuration:1460 - Configured SessionFactory: null
12:10:08,426 DEBUG Configuration:1461 - properties: {java.vendor=Sun Microsystems Inc., show_sql=true, hibernate.connection.url=jdbc:jtds:sqlserver://kapc387/HibernateRepro, sun.management.compiler=HotSpot Client Compiler, os.name=Windows 2000, hbm2ddl.auto=create, sun.boot.class.path=D:\JDK1.5.0_06\jre\lib\rt.jar;D:\JDK1.5.0_06\jre\lib\i18n.jar;D:\JDK1.5.0_06\jre\lib\sunrsasign.jar;D:\JDK1.5.0_06\jre\lib\jsse.jar;D:\JDK1.5.0_06\jre\lib\jce.jar;D:\JDK1.5.0_06\jre\lib\charsets.jar;D:\JDK1.5.0_06\jre\classes, hibernate.current_session_context_class=thread, sun.desktop=windows, java.vm.specification.vendor=Sun Microsystems Inc., java.runtime.version=1.5.0_06-b05, hibernate.cache.provider_class=org.hibernate.cache.EhCacheProvider, user.name=tb, connection.driver_class=net.sourceforge.jtds.jdbc.Driver, current_session_context_class=thread, user.language=de, sun.boot.library.path=D:\JDK1.5.0_06\jre\bin, dialect=org.hibernate.dialect.SQLServerDialect, java.version=1.5.0_06, user.timezone=Europe/Berlin, sun.arch.data.model=32, java.endorsed.dirs=D:\JDK1.5.0_06\jre\lib\endorsed, sun.cpu.isalist=, sun.jnu.encoding=Cp1252, file.encoding.pkg=sun.io, file.separator=\, java.specification.name=Java Platform API Specification, java.class.version=49.0, user.country=DE, connection.url=jdbc:jtds:sqlserver://kapc387/HibernateRepro, java.home=D:\JDK1.5.0_06\jre, java.vm.info=mixed mode, os.version=5.0, path.separator=;, connection.password=, java.vm.version=1.5.0_06-b05, hibernate.connection.password=, user.variant=, hibernate.jdbc.batch_size=20, java.awt.printerjob=sun.awt.windows.WPrinterJob, sun.io.unicode.encoding=UnicodeLittle, awt.toolkit=sun.awt.windows.WToolkit, hibernate.connection.username=sa, user.home=C:\Documents and Settings\tb, java.specification.vendor=Sun Microsystems Inc., hibernate.hbm2ddl.auto=create, java.library.path=D:\JDK1.5.0_06\jre\bin;.;C:\WINNT\system32;C:\WINNT;C:\WINNT\system32;C:\WINNT;C:\WINNT\System32\Wbem;C:\Program Files\Microsoft SQL Server\80\Tools\BINN;D:\Program Files\GnuWin32\bin;D:\5.0\AppServer\Native;D:\Program Files\Microsoft Visual Studio .NET\FrameworkSDK\Bin;D:\Java\javacc-3.2\bin;D:\Java\apache-ant-1.6.2\bin;D:\jdk1.5.0_06\bin;D:\Program Files\Microsoft Visual Studio .NET 2003\SDK\v1.1\Bin;C:\Program Files\Sybase\SQL Anywhere 7\Win32;D:\Program Files\Apache Group\Apache2\bin;D:\Program Files\QuickTime\QTSystem\;D:\Program Files\Subversion\bin;C:\Program Files\Common Files\Compuware;D:\Program Files\Microsoft Visual Studio\Common\Tools\WinNT;D:\Program Files\Microsoft Visual Studio\Common\MSDev98\Bin;D:\Program Files\Microsoft Visual Studio\Common\Tools;D:\Program Files\Microsoft Visual Studio\VC98\bin, java.vendor.url=http://java.sun.com/, hibernate.connection.driver_class=net.sourceforge.jtds.jdbc.Driver, connection.username=sa, java.vm.vendor=Sun Microsystems Inc., hibernate.dialect=org.hibernate.dialect.SQLServerDialect, java.runtime.name=Java(TM) 2 Runtime Environment, Standard Edition, java.class.path=D:\P2plus\HibernateRepro01\lib\antlr-2.7.6.jar;D:\P2plus\HibernateRepro01\lib\asm-attrs.jar;D:\P2plus\HibernateRepro01\lib\asm.jar;D:\P2plus\HibernateRepro01\lib\cglib-2.1.3.jar;D:\P2plus\HibernateRepro01\lib\commons-collections-2.1.1.jar;D:\P2plus\HibernateRepro01\lib\commons-logging-1.0.4.jar;D:\P2plus\HibernateRepro01\lib\dom4j-1.6.1.jar;D:\P2plus\HibernateRepro01\lib\ehcache-1.2.jar;D:\P2plus\HibernateRepro01\lib\hsqldb.jar;D:\P2plus\HibernateTest\lib\hibernate3.jar;D:\P2plus\HibernateRepro01\lib\jta.jar;D:\P2plus\HibernateRepro01\lib\jtds-1.2.jar;D:\P2plus\HibernateRepro01\lib\log4j-1.2.11.jar;D:\P2plus\HibernateRepro01\build\classes, hibernate.bytecode.use_reflection_optimizer=false, java.vm.specification.name=Java Virtual Machine Specification, java.vm.specification.version=1.0, sun.cpu.endian=little, sun.os.patch.level=Service Pack 4, connection.pool_size=1, java.io.tmpdir=C:\DOCUME~1\tb\LOCALS~1\Temp\, java.vendor.url.bug=http://java.sun.com/cgi-bin/bugreport.cgi, os.arch=x86, java.awt.graphicsenv=sun.awt.Win32GraphicsEnvironment, java.ext.dirs=D:\JDK1.5.0_06\jre\lib\ext, user.dir=D:\P2plus\HibernateRepro01, line.separator=
, java.vm.name=Java HotSpot(TM) Client VM, cache.provider_class=org.hibernate.cache.EhCacheProvider, file.encoding=Cp1252, java.specification.version=1.5, hibernate.show_sql=true, hibernate.connection.pool_size=1}
12:10:08,426 DEBUG Configuration:1204 - Preparing to build session factory with filters : {}
12:10:08,426 DEBUG Configuration:1039 - processing extends queue
12:10:08,426 DEBUG Configuration:1043 - processing collection mappings
12:10:08,442 DEBUG Configuration:1054 - processing native query and ResultSetMapping mappings
12:10:08,442 DEBUG Configuration:1062 - processing association property references
12:10:08,442 DEBUG Configuration:1084 - processing foreign key constraints
12:10:08,551  INFO DriverManagerConnectionProvider:41 - Using Hibernate built-in connection pool (not for production use!)
12:10:08,551  INFO DriverManagerConnectionProvider:42 - Hibernate connection pool size: 1
12:10:08,551  INFO DriverManagerConnectionProvider:45 - autocommit mode: false
12:10:08,551  INFO DriverManagerConnectionProvider:80 - using driver: net.sourceforge.jtds.jdbc.Driver at URL: jdbc:jtds:sqlserver://kapc387/HibernateRepro
12:10:08,551  INFO DriverManagerConnectionProvider:83 - connection properties: {user=sa, password=}
12:10:08,551 DEBUG DriverManagerConnectionProvider:93 - total checked-out connections: 0
12:10:08,551 DEBUG DriverManagerConnectionProvider:109 - opening new JDBC connection
12:10:08,754 DEBUG DriverManagerConnectionProvider:115 - created connection to: jdbc:jtds:sqlserver://kapc387/HibernateRepro, Isolation Level: 2
12:10:08,770  INFO SettingsFactory:78 - RDBMS: Microsoft SQL Server, version: 08.00.0760
12:10:08,770  INFO SettingsFactory:79 - JDBC driver: jTDS Type 4 JDBC Driver for MS SQL Server and Sybase, version: 1.2
12:10:08,770 DEBUG DriverManagerConnectionProvider:129 - returning connection to pool, pool size: 1
12:10:08,801  INFO Dialect:128 - Using dialect: org.hibernate.dialect.SQLServerDialect
12:10:08,817  INFO TransactionFactoryFactory:31 - Using default transaction strategy (direct JDBC transactions)
12:10:08,817  INFO TransactionManagerLookupFactory:33 - No TransactionManagerLookup configured (in JTA environment, use of read-write or transactional second-level cache is not recommended)
12:10:08,817  INFO SettingsFactory:126 - Automatic flush during beforeCompletion(): disabled
12:10:08,817  INFO SettingsFactory:130 - Automatic session close at end of transaction: disabled
12:10:08,817  INFO SettingsFactory:137 - JDBC batch size: 20
12:10:08,817  INFO SettingsFactory:140 - JDBC batch updates for versioned data: disabled
12:10:08,817  INFO SettingsFactory:145 - Scrollable result sets: enabled
12:10:08,817 DEBUG SettingsFactory:149 - Wrap result sets: disabled
12:10:08,817  INFO SettingsFactory:153 - JDBC3 getGeneratedKeys(): enabled
12:10:08,832  INFO SettingsFactory:161 - Connection release mode: auto
12:10:08,832  INFO SettingsFactory:188 - Default batch fetch size: 1
12:10:08,832  INFO SettingsFactory:192 - Generate SQL with comments: disabled
12:10:08,832  INFO SettingsFactory:196 - Order SQL updates by primary key: disabled
12:10:08,832  INFO SettingsFactory:357 - Query translator: org.hibernate.hql.ast.ASTQueryTranslatorFactory
12:10:08,832  INFO ASTQueryTranslatorFactory:24 - Using ASTQueryTranslatorFactory
12:10:08,832  INFO SettingsFactory:204 - Query language substitutions: {}
12:10:08,832  INFO SettingsFactory:210 - Second-level cache: enabled
12:10:08,832  INFO SettingsFactory:214 - Query cache: disabled
12:10:08,848  INFO SettingsFactory:344 - Cache provider: org.hibernate.cache.EhCacheProvider
12:10:08,848  INFO SettingsFactory:229 - Optimize cache for minimal puts: disabled
12:10:08,848  INFO SettingsFactory:238 - Structured second-level cache entries: disabled
12:10:08,848 DEBUG SQLExceptionConverterFactory:52 - Using dialect defined converter
12:10:08,864  INFO SettingsFactory:258 - Echoing all SQL to stdout
12:10:08,864  INFO SettingsFactory:265 - Statistics: disabled
12:10:08,864  INFO SettingsFactory:269 - Deleted entity synthetic identifier rollback: disabled
12:10:08,864  INFO SettingsFactory:284 - Default entity-mode: pojo
12:10:08,911  INFO SessionFactoryImpl:159 - building session factory
12:10:08,926 DEBUG SessionFactoryImpl:170 - Session factory constructed with filter configurations : {}
12:10:08,926 DEBUG SessionFactoryImpl:174 - instantiating session factory with properties: {java.vendor=Sun Microsystems Inc., show_sql=true, hibernate.connection.url=jdbc:jtds:sqlserver://kapc387/HibernateRepro, sun.management.compiler=HotSpot Client Compiler, os.name=Windows 2000, hbm2ddl.auto=create, sun.boot.class.path=D:\JDK1.5.0_06\jre\lib\rt.jar;D:\JDK1.5.0_06\jre\lib\i18n.jar;D:\JDK1.5.0_06\jre\lib\sunrsasign.jar;D:\JDK1.5.0_06\jre\lib\jsse.jar;D:\JDK1.5.0_06\jre\lib\jce.jar;D:\JDK1.5.0_06\jre\lib\charsets.jar;D:\JDK1.5.0_06\jre\classes, hibernate.current_session_context_class=thread, sun.desktop=windows, java.vm.specification.vendor=Sun Microsystems Inc., java.runtime.version=1.5.0_06-b05, hibernate.cache.provider_class=org.hibernate.cache.EhCacheProvider, user.name=tb, connection.driver_class=net.sourceforge.jtds.jdbc.Driver, current_session_context_class=thread, user.language=de, sun.boot.library.path=D:\JDK1.5.0_06\jre\bin, dialect=org.hibernate.dialect.SQLServerDialect, java.version=1.5.0_06, user.timezone=Europe/Berlin, sun.arch.data.model=32, java.endorsed.dirs=D:\JDK1.5.0_06\jre\lib\endorsed, sun.cpu.isalist=, sun.jnu.encoding=Cp1252, file.encoding.pkg=sun.io, file.separator=\, java.specification.name=Java Platform API Specification, java.class.version=49.0, user.country=DE, connection.url=jdbc:jtds:sqlserver://kapc387/HibernateRepro, java.home=D:\JDK1.5.0_06\jre, java.vm.info=mixed mode, os.version=5.0, path.separator=;, connection.password=, java.vm.version=1.5.0_06-b05, hibernate.connection.password=, user.variant=, hibernate.jdbc.batch_size=20, java.awt.printerjob=sun.awt.windows.WPrinterJob, sun.io.unicode.encoding=UnicodeLittle, awt.toolkit=sun.awt.windows.WToolkit, hibernate.connection.username=sa, user.home=C:\Documents and Settings\tb, java.specification.vendor=Sun Microsystems Inc., hibernate.hbm2ddl.auto=create, java.library.path=D:\JDK1.5.0_06\jre\bin;.;C:\WINNT\system32;C:\WINNT;C:\WINNT\system32;C:\WINNT;C:\WINNT\System32\Wbem;C:\Program Files\Microsoft SQL Server\80\Tools\BINN;D:\Program Files\GnuWin32\bin;D:\5.0\AppServer\Native;D:\Program Files\Microsoft Visual Studio .NET\FrameworkSDK\Bin;D:\Java\javacc-3.2\bin;D:\Java\apache-ant-1.6.2\bin;D:\jdk1.5.0_06\bin;D:\Program Files\Microsoft Visual Studio .NET 2003\SDK\v1.1\Bin;C:\Program Files\Sybase\SQL Anywhere 7\Win32;D:\Program Files\Apache Group\Apache2\bin;D:\Program Files\QuickTime\QTSystem\;D:\Program Files\Subversion\bin;C:\Program Files\Common Files\Compuware;D:\Program Files\Microsoft Visual Studio\Common\Tools\WinNT;D:\Program Files\Microsoft Visual Studio\Common\MSDev98\Bin;D:\Program Files\Microsoft Visual Studio\Common\Tools;D:\Program Files\Microsoft Visual Studio\VC98\bin, java.vendor.url=http://java.sun.com/, hibernate.connection.driver_class=net.sourceforge.jtds.jdbc.Driver, connection.username=sa, java.vm.vendor=Sun Microsystems Inc., hibernate.dialect=org.hibernate.dialect.SQLServerDialect, java.runtime.name=Java(TM) 2 Runtime Environment, Standard Edition, java.class.path=D:\P2plus\HibernateRepro01\lib\antlr-2.7.6.jar;D:\P2plus\HibernateRepro01\lib\asm-attrs.jar;D:\P2plus\HibernateRepro01\lib\asm.jar;D:\P2plus\HibernateRepro01\lib\cglib-2.1.3.jar;D:\P2plus\HibernateRepro01\lib\commons-collections-2.1.1.jar;D:\P2plus\HibernateRepro01\lib\commons-logging-1.0.4.jar;D:\P2plus\HibernateRepro01\lib\dom4j-1.6.1.jar;D:\P2plus\HibernateRepro01\lib\ehcache-1.2.jar;D:\P2plus\HibernateRepro01\lib\hsqldb.jar;D:\P2plus\HibernateTest\lib\hibernate3.jar;D:\P2plus\HibernateRepro01\lib\jta.jar;D:\P2plus\HibernateRepro01\lib\jtds-1.2.jar;D:\P2plus\HibernateRepro01\lib\log4j-1.2.11.jar;D:\P2plus\HibernateRepro01\build\classes, hibernate.bytecode.use_reflection_optimizer=false, java.vm.specification.name=Java Virtual Machine Specification, java.vm.specification.version=1.0, sun.cpu.endian=little, sun.os.patch.level=Service Pack 4, connection.pool_size=1, java.io.tmpdir=C:\DOCUME~1\tb\LOCALS~1\Temp\, java.vendor.url.bug=http://java.sun.com/cgi-bin/bugreport.cgi, os.arch=x86, java.awt.graphicsenv=sun.awt.Win32GraphicsEnvironment, java.ext.dirs=D:\JDK1.5.0_06\jre\lib\ext, user.dir=D:\P2plus\HibernateRepro01, line.separator=
, java.vm.name=Java HotSpot(TM) Client VM, cache.provider_class=org.hibernate.cache.EhCacheProvider, file.encoding=Cp1252, java.specification.version=1.5, hibernate.connection.pool_size=1, hibernate.show_sql=true}
12:10:08,942  WARN ConfigurationFactory:127 - No configuration found. Configuring ehcache from ehcache-failsafe.xml  found in the classpath: jar:file:/D:/P2plus/HibernateRepro01/lib/ehcache-1.2.jar!/ehcache-failsafe.xml
12:10:09,129 DEBUG CacheFactory:39 - instantiating cache region: events.Person usage strategy: read-write
12:10:09,145  WARN EhCacheProvider:86 - Could not find configuration [events.Person]; using defaults.
12:10:09,161 DEBUG EhCacheProvider:89 - started EHCache region: events.Person
12:10:09,582 DEBUG AbstractEntityPersister:2523 - Static SQL for entity: events.Person
12:10:09,582 DEBUG AbstractEntityPersister:2528 -  Version select: select PERSON_ID from PERSON where PERSON_ID =?
12:10:09,582 DEBUG AbstractEntityPersister:2531 -  Snapshot select: select person_.PERSON_ID, person_.age as age0_, person_.firstname as firstname0_, person_.lastname as lastname0_ from PERSON person_ where person_.PERSON_ID=?
12:10:09,582 DEBUG AbstractEntityPersister:2534 -  Insert 0: insert into PERSON (age, firstname, lastname, PERSON_ID) values (?, ?, ?, ?)
12:10:09,582 DEBUG AbstractEntityPersister:2535 -  Update 0: update PERSON set age=?, firstname=?, lastname=? where PERSON_ID=?
12:10:09,582 DEBUG AbstractEntityPersister:2536 -  Delete 0: delete from PERSON where PERSON_ID=?
12:10:09,598 DEBUG AbstractEntityPersister:2540 -  Identity insert: insert into PERSON (age, firstname, lastname) values (?, ?, ?)
12:10:09,629 DEBUG EntityLoader:79 - Static select for entity events.Person: select person0_.PERSON_ID as PERSON1_0_0_, person0_.age as age0_0_, person0_.firstname as firstname0_0_, person0_.lastname as lastname0_0_ from PERSON person0_ where person0_.PERSON_ID=?
12:10:09,645 DEBUG EntityLoader:79 - Static select for entity events.Person: select person0_.PERSON_ID as PERSON1_0_0_, person0_.age as age0_0_, person0_.firstname as firstname0_0_, person0_.lastname as lastname0_0_ from PERSON person0_ where person0_.PERSON_ID=?
12:10:09,645 DEBUG EntityLoader:79 - Static select for entity events.Person: select person0_.PERSON_ID as PERSON1_0_0_, person0_.age as age0_0_, person0_.firstname as firstname0_0_, person0_.lastname as lastname0_0_ from PERSON person0_ where person0_.PERSON_ID=?
12:10:09,645 DEBUG EntityLoader:79 - Static select for entity events.Person: select person0_.PERSON_ID as PERSON1_0_0_, person0_.age as age0_0_, person0_.firstname as firstname0_0_, person0_.lastname as lastname0_0_ from PERSON person0_ where person0_.PERSON_ID=?
12:10:09,661 DEBUG EntityLoader:34 - Static select for action ACTION_MERGE on entity events.Person: select person0_.PERSON_ID as PERSON1_0_0_, person0_.age as age0_0_, person0_.firstname as firstname0_0_, person0_.lastname as lastname0_0_ from PERSON person0_ where person0_.PERSON_ID=?
12:10:09,661 DEBUG EntityLoader:34 - Static select for action ACTION_REFRESH on entity events.Person: select person0_.PERSON_ID as PERSON1_0_0_, person0_.age as age0_0_, person0_.firstname as firstname0_0_, person0_.lastname as lastname0_0_ from PERSON person0_ where person0_.PERSON_ID=?
12:10:09,661 DEBUG SessionFactoryObjectFactory:39 - initializing class SessionFactoryObjectFactory
12:10:09,661 DEBUG SessionFactoryObjectFactory:76 - registered: 8a81c0d10b8f124b010b8f124e7d0000 (unnamed)
12:10:09,661  INFO SessionFactoryObjectFactory:82 - Not binding factory to JNDI, no JNDI name configured
12:10:09,661 DEBUG SessionFactoryImpl:305 - instantiated session factory
12:10:09,676 DEBUG Configuration:1039 - processing extends queue
12:10:09,676 DEBUG Configuration:1043 - processing collection mappings
12:10:09,676 DEBUG Configuration:1054 - processing native query and ResultSetMapping mappings
12:10:09,676 DEBUG Configuration:1062 - processing association property references
12:10:09,676 DEBUG Configuration:1084 - processing foreign key constraints
12:10:09,676 DEBUG Configuration:1039 - processing extends queue
12:10:09,676 DEBUG Configuration:1043 - processing collection mappings
12:10:09,676 DEBUG Configuration:1054 - processing native query and ResultSetMapping mappings
12:10:09,692 DEBUG Configuration:1062 - processing association property references
12:10:09,692 DEBUG Configuration:1084 - processing foreign key constraints
12:10:09,692  INFO SchemaExport:152 - Running hbm2ddl schema export
12:10:09,692 DEBUG SchemaExport:168 - import file not found: /import.sql
12:10:09,692  INFO SchemaExport:177 - exporting generated schema to database
12:10:09,692 DEBUG DriverManagerConnectionProvider:93 - total checked-out connections: 0
12:10:09,692 DEBUG DriverManagerConnectionProvider:99 - using pooled JDBC connection, pool size: 0
12:10:09,692 DEBUG SchemaExport:301 - drop table PERSON
12:10:09,692 DEBUG SchemaExport:301 - create table PERSON (PERSON_ID numeric(19,0) identity not null, age int null, firstname varchar(255) null, lastname varchar(255) null, primary key (PERSON_ID))
12:10:09,707  INFO SchemaExport:194 - schema export complete
12:10:09,723 DEBUG DriverManagerConnectionProvider:129 - returning connection to pool, pool size: 1
12:10:09,723 DEBUG SessionFactoryImpl:387 - Checking 0 named HQL queries
12:10:09,723 DEBUG SessionFactoryImpl:407 - Checking 0 named SQL queries
12:10:09,786 DEBUG SessionImpl:222 - opened session at timestamp: 4706945473552384
12:10:09,973 DEBUG ThreadLocalSessionContext:290 - allowing method [beginTransaction] in non-transacted context
12:10:09,973 DEBUG ThreadLocalSessionContext:300 - allowing proxied method [beginTransaction] to proceed to real session
12:10:09,973 DEBUG JDBCTransaction:54 - begin
12:10:09,973 DEBUG ConnectionManager:415 - opening JDBC connection
12:10:09,973 DEBUG DriverManagerConnectionProvider:93 - total checked-out connections: 0
12:10:09,973 DEBUG DriverManagerConnectionProvider:99 - using pooled JDBC connection, pool size: 0
12:10:09,973 DEBUG JDBCTransaction:59 - current autocommit status: false
12:10:09,973 DEBUG JDBCContext:203 - after transaction begin
12:10:09,973 DEBUG ThreadLocalSessionContext:300 - allowing proxied method [save] to proceed to real session
12:10:09,973 DEBUG DefaultSaveOrUpdateEventListener:161 - saving transient instance
12:10:09,989 DEBUG AbstractSaveEventListener:152 - saving [events.Person#<null>]
12:10:09,989 DEBUG AbstractSaveEventListener:240 - executing insertions
12:10:10,020 DEBUG AbstractSaveEventListener:289 - executing identity-insert immediately
12:10:10,020 DEBUG AbstractEntityPersister:2030 - Inserting entity: events.Person (native id)
12:10:10,020 DEBUG AbstractBatcher:358 - about to open PreparedStatement (open PreparedStatements: 0, globally: 0)
12:10:10,020 DEBUG SQL:393 - insert into PERSON (age, firstname, lastname) values (?, ?, ?)
Hibernate: insert into PERSON (age, firstname, lastname) values (?, ?, ?)
12:10:10,020 DEBUG AbstractBatcher:476 - preparing statement
12:10:10,036 DEBUG AbstractEntityPersister:1905 - Dehydrating entity: [events.Person#<null>]
12:10:10,036 DEBUG IntegerType:80 - binding '0' to parameter: 1
12:10:10,036 DEBUG StringType:80 - binding 'Vor' to parameter: 2
12:10:10,036 DEBUG StringType:80 - binding 'Nach' to parameter: 3
12:10:10,067 DEBUG IdentifierGeneratorFactory:37 - Natively generated identity: 1
12:10:10,067 DEBUG AbstractBatcher:366 - about to close PreparedStatement (open PreparedStatements: 1, globally: 1)
12:10:10,067 DEBUG AbstractBatcher:525 - closing statement
12:10:10,082 DEBUG ThreadLocalSessionContext:300 - allowing proxied method [getTransaction] to proceed to real session
12:10:10,082 DEBUG JDBCTransaction:103 - commit
12:10:10,082 DEBUG SessionImpl:339 - automatically flushing session
12:10:10,082 DEBUG AbstractFlushingEventListener:58 - flushing session
12:10:10,082 DEBUG AbstractFlushingEventListener:111 - processing flush-time cascades
12:10:10,082 DEBUG AbstractFlushingEventListener:153 - dirty checking collections
12:10:10,082 DEBUG AbstractFlushingEventListener:170 - Flushing entities and processing referenced collections
12:10:10,098 DEBUG AbstractFlushingEventListener:209 - Processing unreferenced collections
12:10:10,098 DEBUG AbstractFlushingEventListener:223 - Scheduling collection removes/(re)creates/updates
12:10:10,098 DEBUG AbstractFlushingEventListener:85 - Flushed: 0 insertions, 0 updates, 0 deletions to 1 objects
12:10:10,098 DEBUG AbstractFlushingEventListener:91 - Flushed: 0 (re)creations, 0 updates, 0 removals to 0 collections
12:10:10,098 DEBUG Printer:83 - listing entities:
12:10:10,098 DEBUG Printer:90 - events.Person{lastname=Nach, age=0, firstname=Vor, id=1}
12:10:10,098 DEBUG AbstractFlushingEventListener:289 - executing flush
12:10:10,098 DEBUG ConnectionManager:463 - registering flush begin
12:10:10,098 DEBUG ConnectionManager:472 - registering flush end
12:10:10,098 DEBUG AbstractFlushingEventListener:320 - post flush
12:10:10,098 DEBUG JDBCContext:194 - before transaction completion
12:10:10,098 DEBUG SessionImpl:395 - before transaction completion
12:10:10,098 DEBUG JDBCTransaction:116 - committed JDBC Connection
12:10:10,098 DEBUG JDBCContext:208 - after transaction completion
12:10:10,098 DEBUG ConnectionManager:398 - aggressively releasing JDBC connection
12:10:10,098 DEBUG ConnectionManager:435 - releasing JDBC connection [ (open PreparedStatements: 0, globally: 0) (open ResultSets: 0, globally: 0)]
12:10:10,098 DEBUG DriverManagerConnectionProvider:129 - returning connection to pool, pool size: 1
12:10:10,098 DEBUG SessionImpl:424 - after transaction completion
12:10:10,098 DEBUG SessionImpl:355 - automatically closing session
12:10:10,098 DEBUG SessionImpl:275 - closing session
12:10:10,098 DEBUG ConnectionManager:369 - connection already null in cleanup : no action
12:10:10,098 DEBUG SessionImpl:222 - opened session at timestamp: 4706945474961408
12:10:10,114 DEBUG ThreadLocalSessionContext:290 - allowing method [beginTransaction] in non-transacted context
12:10:10,114 DEBUG ThreadLocalSessionContext:300 - allowing proxied method [beginTransaction] to proceed to real session
12:10:10,114 DEBUG JDBCTransaction:54 - begin
12:10:10,114 DEBUG ConnectionManager:415 - opening JDBC connection
12:10:10,114 DEBUG DriverManagerConnectionProvider:93 - total checked-out connections: 0
12:10:10,114 DEBUG DriverManagerConnectionProvider:99 - using pooled JDBC connection, pool size: 0
12:10:10,114 DEBUG JDBCTransaction:59 - current autocommit status: false
12:10:10,114 DEBUG JDBCContext:203 - after transaction begin
12:10:10,114 DEBUG ThreadLocalSessionContext:300 - allowing proxied method [load] to proceed to real session
12:10:10,114 DEBUG DefaultLoadEventListener:154 - loading entity: [events.Person#1]
12:10:10,114 DEBUG DefaultLoadEventListener:235 - creating new proxy for entity
12:10:10,192 DEBUG SessionImpl:825 - initializing proxy: [events.Person#1]
12:10:10,192 DEBUG DefaultLoadEventListener:309 - attempting to resolve: [events.Person#1]
12:10:10,192 DEBUG ReadWriteCache:75 - Cache lookup: events.Person#1
12:10:10,192 DEBUG EhCache:69 - key: events.Person#1
12:10:10,192 DEBUG EhCache:78 - Element for events.Person#1 is null
12:10:10,192 DEBUG ReadWriteCache:91 - Cache miss: events.Person#1
12:10:10,192 DEBUG DefaultLoadEventListener:345 - object not resolved in any cache: [events.Person#1]
12:10:10,207 DEBUG AbstractEntityPersister:2814 - Fetching entity: [events.Person#1]
12:10:10,207 DEBUG Loader:1777 - loading entity: [events.Person#1]
12:10:10,207 DEBUG AbstractBatcher:358 - about to open PreparedStatement (open PreparedStatements: 0, globally: 0)
12:10:10,207 DEBUG SQL:393 - select person0_.PERSON_ID as PERSON1_0_0_, person0_.age as age0_0_, person0_.firstname as firstname0_0_, person0_.lastname as lastname0_0_ from PERSON person0_ where person0_.PERSON_ID=?
Hibernate: select person0_.PERSON_ID as PERSON1_0_0_, person0_.age as age0_0_, person0_.firstname as firstname0_0_, person0_.lastname as lastname0_0_ from PERSON person0_ where person0_.PERSON_ID=?
12:10:10,207 DEBUG AbstractBatcher:476 - preparing statement
12:10:10,207 DEBUG LongType:80 - binding '1' to parameter: 1
12:10:10,207 DEBUG AbstractBatcher:374 - about to open ResultSet (open ResultSets: 0, globally: 0)
12:10:10,207 DEBUG Loader:682 - processing result set
12:10:10,207 DEBUG Loader:687 - result set row: 0
12:10:10,207 DEBUG Loader:1164 - result row: EntityKey[events.Person#1]
12:10:10,207 DEBUG Loader:1347 - Initializing object from ResultSet: [events.Person#1]
12:10:10,239 DEBUG AbstractEntityPersister:1944 - Hydrating entity: [events.Person#1]
12:10:10,239 DEBUG IntegerType:122 - returning '0' as column: age0_0_
12:10:10,239 DEBUG StringType:122 - returning 'Vor' as column: firstname0_0_
12:10:10,239 DEBUG StringType:122 - returning 'Nach' as column: lastname0_0_
12:10:10,254 DEBUG Loader:709 - done processing result set (1 rows)
12:10:10,254 DEBUG AbstractBatcher:381 - about to close ResultSet (open ResultSets: 1, globally: 1)
12:10:10,254 DEBUG AbstractBatcher:366 - about to close PreparedStatement (open PreparedStatements: 1, globally: 1)
12:10:10,254 DEBUG AbstractBatcher:525 - closing statement
12:10:10,254 DEBUG Loader:839 - total objects hydrated: 1
12:10:10,254 DEBUG TwoPhaseLoad:107 - resolving associations for [events.Person#1]
12:10:10,254 DEBUG TwoPhaseLoad:135 - adding entity to second-level cache: [events.Person#1]
12:10:10,270 DEBUG ReadWriteCache:148 - Caching: events.Person#1
12:10:10,270 DEBUG EhCache:69 - key: events.Person#1
12:10:10,270 DEBUG EhCache:78 - Element for events.Person#1 is null
12:10:10,270 DEBUG ReadWriteCache:160 - Cached: events.Person#1
12:10:10,270 DEBUG TwoPhaseLoad:206 - done materializing entity [events.Person#1]
12:10:10,270 DEBUG StatefulPersistenceContext:748 - initializing non-lazy collections
12:10:10,270 DEBUG Loader:1808 - done entity load
12:10:10,270 DEBUG ThreadLocalSessionContext:300 - allowing proxied method [save] to proceed to real session
12:10:10,270 DEBUG DefaultSaveOrUpdateEventListener:105 - ignoring persistent instance
12:10:10,270 DEBUG DefaultSaveOrUpdateEventListener:142 - object already associated with session: [events.Person#1]
12:10:10,286 DEBUG ThreadLocalSessionContext:300 - allowing proxied method [flush] to proceed to real session
12:10:10,286 DEBUG AbstractFlushingEventListener:58 - flushing session
12:10:10,286 DEBUG AbstractFlushingEventListener:111 - processing flush-time cascades
12:10:10,286 DEBUG AbstractFlushingEventListener:153 - dirty checking collections
12:10:10,286 DEBUG AbstractFlushingEventListener:170 - Flushing entities and processing referenced collections
12:10:10,286 DEBUG AbstractEntityPersister:2960 - events.Person.age is dirty
12:10:10,286 DEBUG DefaultFlushEntityEventListener:229 - Updating entity: [events.Person#1]
12:10:10,286 DEBUG AbstractFlushingEventListener:209 - Processing unreferenced collections
12:10:10,286 DEBUG AbstractFlushingEventListener:223 - Scheduling collection removes/(re)creates/updates
12:10:10,286 DEBUG AbstractFlushingEventListener:85 - Flushed: 0 insertions, 1 updates, 0 deletions to 1 objects
12:10:10,286 DEBUG AbstractFlushingEventListener:91 - Flushed: 0 (re)creations, 0 updates, 0 removals to 0 collections
12:10:10,286 DEBUG Printer:83 - listing entities:
12:10:10,286 DEBUG Printer:90 - events.Person{lastname=Nach, age=10, firstname=Vor, id=1}
12:10:10,286 DEBUG AbstractFlushingEventListener:289 - executing flush
12:10:10,286 DEBUG ConnectionManager:463 - registering flush begin
12:10:10,286 DEBUG ReadWriteCache:113 - Invalidating: events.Person#1
12:10:10,286 DEBUG EhCache:69 - key: events.Person#1
12:10:10,301 DEBUG AbstractEntityPersister:2211 - Updating entity: [events.Person#1]
12:10:10,301 DEBUG AbstractBatcher:358 - about to open PreparedStatement (open PreparedStatements: 0, globally: 0)
12:10:10,301 DEBUG SQL:393 - update PERSON set age=?, firstname=?, lastname=? where PERSON_ID=?
Hibernate: update PERSON set age=?, firstname=?, lastname=? where PERSON_ID=?
12:10:10,301 DEBUG AbstractBatcher:476 - preparing statement
12:10:10,301 DEBUG AbstractEntityPersister:1905 - Dehydrating entity: [events.Person#1]
12:10:10,301 DEBUG IntegerType:80 - binding '10' to parameter: 1
12:10:10,301 DEBUG StringType:80 - binding 'Vor' to parameter: 2
12:10:10,301 DEBUG StringType:80 - binding 'Nach' to parameter: 3
12:10:10,301 DEBUG LongType:80 - binding '1' to parameter: 4
12:10:10,301 DEBUG AbstractBatcher:28 - Adding to batch
12:10:10,301 DEBUG AbstractBatcher:55 - Executing batch size: 1
12:10:10,301 DEBUG AbstractBatcher:366 - about to close PreparedStatement (open PreparedStatements: 1, globally: 1)
12:10:10,301 DEBUG AbstractBatcher:525 - closing statement
12:10:10,301 DEBUG ConnectionManager:472 - registering flush end
12:10:10,301 DEBUG AbstractFlushingEventListener:320 - post flush
12:10:10,317 DEBUG ThreadLocalSessionContext:300 - allowing proxied method [createQuery] to proceed to real session
12:10:10,317 DEBUG QueryPlanCache:69 - unable to locate HQL query plan in cache; generating (update Person set age = 20)
12:10:10,426 DEBUG QueryTranslatorImpl:245 - parse() - HQL: update events.Person set age = 20
12:10:10,442 DEBUG AST:261 - --- HQL AST ---
 \-[UPDATE] 'update'
    +-[FROM] 'FROM'
    |  \-[RANGE] 'RANGE'
    |     \-[DOT] '.'
    |        +-[IDENT] 'events'
    |        \-[IDENT] 'Person'
    \-[SET] 'set'
       \-[EQ] '='
          +-[IDENT] 'age'
          \-[NUM_INT] '20'

12:10:10,442 DEBUG ErrorCounter:68 - throwQueryException() : no errors
12:10:10,520 DEBUG HqlSqlBaseWalker:111 - update << begin [level=1, statement=update]
12:10:10,567 DEBUG FromElement:105 - FromClause{level=1} :  events.Person (no alias) -> person0_
12:10:10,567 DEBUG HqlSqlWalker:484 - attempting to resolve property [age] as a non-qualified ref
12:10:10,567 DEBUG FromReferenceNode:51 - Resolved :  {synthetic-alias} -> {synthetic-alias}
12:10:10,567 DEBUG DotNode:541 - getDataType() : age -> org.hibernate.type.IntegerType@6a2f81
12:10:10,567  WARN FromElementType:349 - Using non-qualified column reference [age -> ([age])]
12:10:10,567 DEBUG FromReferenceNode:51 - Resolved :  {synthetic-alias}.age -> age
12:10:10,582 DEBUG HqlSqlBaseWalker:117 - update : finishing up [level=1, statement=update]
12:10:10,582 DEBUG HqlSqlBaseWalker:123 - update >> end [level=1, statement=update]
12:10:10,598 DEBUG AST:231 - --- SQL AST ---
 \-[UPDATE] UpdateStatement: 'update'  querySpaces (PERSON)
    +-[FROM] FromClause: 'FROM' FromClause{level=1, fromElementCounter=1, fromElements=1, fromElementByClassAlias=[], fromElementByTableAlias=[person0_], fromElementsByPath=[], collectionJoinFromElementsByPath=[], impliedElements=[]}
    |  \-[FROM_FRAGMENT] FromElement: 'PERSON' FromElement{explicit,not a collection join,not a fetch join,fetch non-lazy properties,classAlias=null,role=null,tableName=PERSON,tableAlias=person0_,origin=null,colums={,className=events.Person}}
    \-[SET] SqlNode: 'set'
       \-[EQ] BinaryLogicOperatorNode: '='
          +-[DOT] DotNode: 'age' {propertyName=age,dereferenceType=4,propertyPath=age,path={synthetic-alias}.age,tableAlias=person0_,className=events.Person,classAlias=null}
          |  +-[IDENT] IdentNode: '{synthetic-alias}' {originalText={synthetic-alias}}
          |  \-[IDENT] IdentNode: 'age' {originalText=age}
          \-[NUM_INT] LiteralNode: '20'

12:10:10,598 DEBUG ErrorCounter:68 - throwQueryException() : no errors
12:10:10,629 DEBUG ErrorCounter:68 - throwQueryException() : no errors
12:10:10,645 DEBUG HQLQueryPlan:269 - HQL param location recognition took 16 mills (update Person set age = 20)
12:10:10,645 DEBUG QueryPlanCache:75 - located HQL query plan in cache (update Person set age = 20)
12:10:10,645 DEBUG AbstractFlushingEventListener:58 - flushing session
12:10:10,645 DEBUG AbstractFlushingEventListener:111 - processing flush-time cascades
12:10:10,645 DEBUG AbstractFlushingEventListener:153 - dirty checking collections
12:10:10,645 DEBUG AbstractFlushingEventListener:170 - Flushing entities and processing referenced collections
12:10:10,645 DEBUG AbstractFlushingEventListener:209 - Processing unreferenced collections
12:10:10,645 DEBUG AbstractFlushingEventListener:223 - Scheduling collection removes/(re)creates/updates
12:10:10,645 DEBUG AbstractFlushingEventListener:85 - Flushed: 0 insertions, 0 updates, 0 deletions to 1 objects
12:10:10,645 DEBUG AbstractFlushingEventListener:91 - Flushed: 0 (re)creations, 0 updates, 0 removals to 0 collections
12:10:10,645 DEBUG Printer:83 - listing entities:
12:10:10,645 DEBUG Printer:90 - events.Person{lastname=Nach, age=10, firstname=Vor, id=1}
12:10:10,645 DEBUG DefaultAutoFlushEventListener:53 - Dont need to execute flush
12:10:10,645 DEBUG HQLQueryPlan:251 - executeUpdate: update Person set age = 20
12:10:10,645 DEBUG QueryParameters:277 - named parameters: {}
12:10:10,661 DEBUG SessionFactoryImpl:827 - evicting second-level cache: events.Person
12:10:10,661 DEBUG AbstractBatcher:358 - about to open PreparedStatement (open PreparedStatements: 0, globally: 0)
12:10:10,661 DEBUG SQL:393 - update PERSON set age=20
Hibernate: update PERSON set age=20
12:10:10,661 DEBUG AbstractBatcher:476 - preparing statement
12:10:10,661 DEBUG AbstractBatcher:366 - about to close PreparedStatement (open PreparedStatements: 1, globally: 1)
12:10:10,661 DEBUG AbstractBatcher:525 - closing statement
12:10:10,661 DEBUG ThreadLocalSessionContext:300 - allowing proxied method [load] to proceed to real session
12:10:10,661 DEBUG DefaultLoadEventListener:154 - loading entity: [events.Person#1]
12:10:10,661 DEBUG DefaultLoadEventListener:197 - entity proxy found in session cache
10
12:10:10,661 DEBUG ThreadLocalSessionContext:300 - allowing proxied method [getTransaction] to proceed to real session
12:10:10,661 DEBUG JDBCTransaction:103 - commit
12:10:10,661 DEBUG SessionImpl:339 - automatically flushing session
12:10:10,661 DEBUG AbstractFlushingEventListener:58 - flushing session
12:10:10,661 DEBUG AbstractFlushingEventListener:111 - processing flush-time cascades
12:10:10,661 DEBUG AbstractFlushingEventListener:153 - dirty checking collections
12:10:10,676 DEBUG AbstractFlushingEventListener:170 - Flushing entities and processing referenced collections
12:10:10,676 DEBUG AbstractFlushingEventListener:209 - Processing unreferenced collections
12:10:10,676 DEBUG AbstractFlushingEventListener:223 - Scheduling collection removes/(re)creates/updates
12:10:10,676 DEBUG AbstractFlushingEventListener:85 - Flushed: 0 insertions, 0 updates, 0 deletions to 1 objects
12:10:10,676 DEBUG AbstractFlushingEventListener:91 - Flushed: 0 (re)creations, 0 updates, 0 removals to 0 collections
12:10:10,676 DEBUG Printer:83 - listing entities:
12:10:10,676 DEBUG Printer:90 - events.Person{lastname=Nach, age=10, firstname=Vor, id=1}
12:10:10,676 DEBUG AbstractFlushingEventListener:289 - executing flush
12:10:10,676 DEBUG ConnectionManager:463 - registering flush begin
12:10:10,676 DEBUG ConnectionManager:472 - registering flush end
12:10:10,676 DEBUG AbstractFlushingEventListener:320 - post flush
12:10:10,676 DEBUG JDBCContext:194 - before transaction completion
12:10:10,676 DEBUG SessionImpl:395 - before transaction completion
12:10:10,676 DEBUG JDBCTransaction:116 - committed JDBC Connection
12:10:10,676 DEBUG JDBCContext:208 - after transaction completion
12:10:10,676 DEBUG ConnectionManager:398 - aggressively releasing JDBC connection
12:10:10,676 DEBUG ConnectionManager:435 - releasing JDBC connection [ (open PreparedStatements: 0, globally: 0) (open ResultSets: 0, globally: 0)]
12:10:10,676 DEBUG DriverManagerConnectionProvider:129 - returning connection to pool, pool size: 1
12:10:10,676 DEBUG SessionImpl:424 - after transaction completion
12:10:10,676 DEBUG ReadWriteCache:246 - Updating: events.Person#1
12:10:10,676 DEBUG EhCache:69 - key: events.Person#1
12:10:10,676 DEBUG EhCache:78 - Element for events.Person#1 is null
12:10:10,676  WARN ReadWriteCache:214 - An item was expired by the cache while it was locked (increase your cache timeout): events.Person#1
12:10:10,676 DEBUG SessionFactoryImpl:827 - evicting second-level cache: events.Person
12:10:10,676 DEBUG SessionImpl:355 - automatically closing session
12:10:10,692 DEBUG SessionImpl:275 - closing session
12:10:10,692 DEBUG ConnectionManager:369 - connection already null in cleanup : no action
12:10:10,692 DEBUG SessionImpl:222 - opened session at timestamp: 4706945477394432
12:10:10,692 DEBUG ThreadLocalSessionContext:290 - allowing method [beginTransaction] in non-transacted context
12:10:10,692 DEBUG ThreadLocalSessionContext:300 - allowing proxied method [beginTransaction] to proceed to real session
12:10:10,692 DEBUG JDBCTransaction:54 - begin
12:10:10,692 DEBUG ConnectionManager:415 - opening JDBC connection
12:10:10,692 DEBUG DriverManagerConnectionProvider:93 - total checked-out connections: 0
12:10:10,692 DEBUG DriverManagerConnectionProvider:99 - using pooled JDBC connection, pool size: 0
12:10:10,692 DEBUG JDBCTransaction:59 - current autocommit status: false
12:10:10,692 DEBUG JDBCContext:203 - after transaction begin
12:10:10,692 DEBUG ThreadLocalSessionContext:300 - allowing proxied method [load] to proceed to real session
12:10:10,692 DEBUG DefaultLoadEventListener:154 - loading entity: [events.Person#1]
12:10:10,692 DEBUG DefaultLoadEventListener:235 - creating new proxy for entity
12:10:10,692 DEBUG SessionImpl:825 - initializing proxy: [events.Person#1]
12:10:10,692 DEBUG DefaultLoadEventListener:309 - attempting to resolve: [events.Person#1]
12:10:10,692 DEBUG ReadWriteCache:75 - Cache lookup: events.Person#1
12:10:10,692 DEBUG EhCache:69 - key: events.Person#1
12:10:10,692 DEBUG EhCache:78 - Element for events.Person#1 is null
12:10:10,692 DEBUG ReadWriteCache:91 - Cache miss: events.Person#1
12:10:10,692 DEBUG DefaultLoadEventListener:345 - object not resolved in any cache: [events.Person#1]
12:10:10,692 DEBUG AbstractEntityPersister:2814 - Fetching entity: [events.Person#1]
12:10:10,692 DEBUG Loader:1777 - loading entity: [events.Person#1]
12:10:10,692 DEBUG AbstractBatcher:358 - about to open PreparedStatement (open PreparedStatements: 0, globally: 0)
12:10:10,692 DEBUG SQL:393 - select person0_.PERSON_ID as PERSON1_0_0_, person0_.age as age0_0_, person0_.firstname as firstname0_0_, person0_.lastname as lastname0_0_ from PERSON person0_ where person0_.PERSON_ID=?
Hibernate: select person0_.PERSON_ID as PERSON1_0_0_, person0_.age as age0_0_, person0_.firstname as firstname0_0_, person0_.lastname as lastname0_0_ from PERSON person0_ where person0_.PERSON_ID=?
12:10:10,692 DEBUG AbstractBatcher:476 - preparing statement
12:10:10,692 DEBUG LongType:80 - binding '1' to parameter: 1
12:10:10,692 DEBUG AbstractBatcher:374 - about to open ResultSet (open ResultSets: 0, globally: 0)
12:10:10,692 DEBUG Loader:682 - processing result set
12:10:10,692 DEBUG Loader:687 - result set row: 0
12:10:10,692 DEBUG Loader:1164 - result row: EntityKey[events.Person#1]
12:10:10,692 DEBUG Loader:1347 - Initializing object from ResultSet: [events.Person#1]
12:10:10,707 DEBUG AbstractEntityPersister:1944 - Hydrating entity: [events.Person#1]
12:10:10,707 DEBUG IntegerType:122 - returning '20' as column: age0_0_
12:10:10,707 DEBUG StringType:122 - returning 'Vor' as column: firstname0_0_
12:10:10,707 DEBUG StringType:122 - returning 'Nach' as column: lastname0_0_
12:10:10,707 DEBUG Loader:709 - done processing result set (1 rows)
12:10:10,707 DEBUG AbstractBatcher:381 - about to close ResultSet (open ResultSets: 1, globally: 1)
12:10:10,707 DEBUG AbstractBatcher:366 - about to close PreparedStatement (open PreparedStatements: 1, globally: 1)
12:10:10,707 DEBUG AbstractBatcher:525 - closing statement
12:10:10,707 DEBUG Loader:839 - total objects hydrated: 1
12:10:10,707 DEBUG TwoPhaseLoad:107 - resolving associations for [events.Person#1]
12:10:10,707 DEBUG TwoPhaseLoad:135 - adding entity to second-level cache: [events.Person#1]
12:10:10,707 DEBUG ReadWriteCache:148 - Caching: events.Person#1
12:10:10,707 DEBUG EhCache:69 - key: events.Person#1
12:10:10,707 DEBUG EhCache:78 - Element for events.Person#1 is null
12:10:10,707 DEBUG ReadWriteCache:160 - Cached: events.Person#1
12:10:10,707 DEBUG TwoPhaseLoad:206 - done materializing entity [events.Person#1]
12:10:10,707 DEBUG StatefulPersistenceContext:748 - initializing non-lazy collections
12:10:10,707 DEBUG Loader:1808 - done entity load
20
12:10:10,707 DEBUG ThreadLocalSessionContext:300 - allowing proxied method [getTransaction] to proceed to real session
12:10:10,707 DEBUG JDBCTransaction:103 - commit
12:10:10,707 DEBUG SessionImpl:339 - automatically flushing session
12:10:10,707 DEBUG AbstractFlushingEventListener:58 - flushing session
12:10:10,707 DEBUG AbstractFlushingEventListener:111 - processing flush-time cascades
12:10:10,707 DEBUG AbstractFlushingEventListener:153 - dirty checking collections
12:10:10,707 DEBUG AbstractFlushingEventListener:170 - Flushing entities and processing referenced collections
12:10:10,707 DEBUG AbstractFlushingEventListener:209 - Processing unreferenced collections
12:10:10,707 DEBUG AbstractFlushingEventListener:223 - Scheduling collection removes/(re)creates/updates
12:10:10,707 DEBUG AbstractFlushingEventListener:85 - Flushed: 0 insertions, 0 updates, 0 deletions to 1 objects
12:10:10,707 DEBUG AbstractFlushingEventListener:91 - Flushed: 0 (re)creations, 0 updates, 0 removals to 0 collections
12:10:10,707 DEBUG Printer:83 - listing entities:
12:10:10,707 DEBUG Printer:90 - events.Person{lastname=Nach, age=20, firstname=Vor, id=1}
12:10:10,707 DEBUG AbstractFlushingEventListener:289 - executing flush
12:10:10,707 DEBUG ConnectionManager:463 - registering flush begin
12:10:10,707 DEBUG ConnectionManager:472 - registering flush end
12:10:10,723 DEBUG AbstractFlushingEventListener:320 - post flush
12:10:10,723 DEBUG JDBCContext:194 - before transaction completion
12:10:10,723 DEBUG SessionImpl:395 - before transaction completion
12:10:10,723 DEBUG JDBCTransaction:116 - committed JDBC Connection
12:10:10,723 DEBUG JDBCContext:208 - after transaction completion
12:10:10,723 DEBUG ConnectionManager:398 - aggressively releasing JDBC connection
12:10:10,723 DEBUG ConnectionManager:435 - releasing JDBC connection [ (open PreparedStatements: 0, globally: 0) (open ResultSets: 0, globally: 0)]
12:10:10,723 DEBUG DriverManagerConnectionProvider:129 - returning connection to pool, pool size: 1
12:10:10,723 DEBUG SessionImpl:424 - after transaction completion
12:10:10,723 DEBUG SessionImpl:355 - automatically closing session
12:10:10,723 DEBUG SessionImpl:275 - closing session
12:10:10,723 DEBUG ConnectionManager:369 - connection already null in cleanup : no action
