2023-03-23T12:11:26.939+01:00 DEBUG 16100 --- [    Test worker] org.hibernate.orm.query.plan.cache       : Creating and caching NativeQuery ParameterInterpretation - ParameterInterpretationImpl (insert into TAG (id, NAME) values (100, 'NAME for TAG 100')) : {
}
2023-03-23T12:11:26.969+01:00 DEBUG 16100 --- [    Test worker] org.hibernate.SQL                        : insert into TAG (id, NAME) values (100, 'NAME for TAG 100')
Hibernate: insert into TAG (id, NAME) values (100, 'NAME for TAG 100')
2023-03-23T12:11:26.975+01:00 DEBUG 16100 --- [    Test worker] org.hibernate.orm.query.plan.cache       : Creating and caching NativeQuery ParameterInterpretation - ParameterInterpretationImpl (insert into ELEMENT (id, NAME, ID_TAG) values (200, 'NAME for ELEMENT 200', 100)) : {
}
2023-03-23T12:11:26.976+01:00 DEBUG 16100 --- [    Test worker] org.hibernate.SQL                        : insert into ELEMENT (id, NAME, ID_TAG) values (200, 'NAME for ELEMENT 200', 100)
Hibernate: insert into ELEMENT (id, NAME, ID_TAG) values (200, 'NAME for ELEMENT 200', 100)
2023-03-23T12:11:28.039+01:00 DEBUG 16100 --- [    Test worker] o.s.orm.jpa.JpaTransactionManager        : Found thread-bound EntityManager [SessionImpl(640511728<open>)] for JPA transaction
2023-03-23T12:11:28.039+01:00 DEBUG 16100 --- [    Test worker] o.s.orm.jpa.JpaTransactionManager        : Participating in existing transaction
2023-03-23T12:11:28.099+01:00 DEBUG 16100 --- [    Test worker] org.hibernate.orm.sql.exec               : Skipping reading Query result cache data: cache-enabled = false, cache-mode = IGNORE
2023-03-23T12:11:28.148+01:00 DEBUG 16100 --- [    Test worker] org.hibernate.orm.results                : Initializer list
2023-03-23T12:11:28.149+01:00 DEBUG 16100 --- [    Test worker] org.hibernate.orm.results                :     com.example.demo.domain.issue3.Element.tag.{id} -> EmbeddableFetchInitializer(com.example.demo.domain.issue3.Element.tag.{id}) : `class com.example.demo.domain.issue3.PkComposite`@1287228290 (org.hibernate.metamodel.mapping.internal.EmbeddedIdentifierMappingImpl@5048b102)
2023-03-23T12:11:28.151+01:00 DEBUG 16100 --- [    Test worker] org.hibernate.orm.results                :     com.example.demo.domain.issue3.Element.tag.elements -> SelectEagerCollectionInitializer(com.example.demo.domain.issue3.Element.tag.elements)@1178751818 (PluralAttribute(com.example.demo.domain.issue3.Tag.elements))
2023-03-23T12:11:28.151+01:00 DEBUG 16100 --- [    Test worker] org.hibernate.orm.results                :     com.example.demo.domain.issue3.Element.tag.linkedTag.{id} -> EmbeddableFetchInitializer(com.example.demo.domain.issue3.Element.tag.linkedTag.{id}) : `class com.example.demo.domain.issue3.PkComposite`@1354457671 (org.hibernate.metamodel.mapping.internal.EmbeddedIdentifierMappingImpl@5048b102)
2023-03-23T12:11:28.151+01:00 DEBUG 16100 --- [    Test worker] org.hibernate.orm.results                :     com.example.demo.domain.issue3.Element.tag.linkedTag.elements -> SelectEagerCollectionInitializer(com.example.demo.domain.issue3.Element.tag.linkedTag.elements)@2023044840 (PluralAttribute(com.example.demo.domain.issue3.Tag.elements))
2023-03-23T12:11:28.151+01:00 DEBUG 16100 --- [    Test worker] org.hibernate.orm.results                :     com.example.demo.domain.issue3.Element.tag.linkedTag.linkedTag.{fk} -> EmbeddableResultInitializer(com.example.demo.domain.issue3.Element.tag.linkedTag.linkedTag.{fk})@150193556 (EmbeddedAttributeMapping(NavigableRole[com.example.demo.domain.issue3.Tag.id])@1847214056)
2023-03-23T12:11:28.152+01:00 DEBUG 16100 --- [    Test worker] org.hibernate.orm.results                :     com.example.demo.domain.issue3.Element.tag.linkedTag.linkedTag -> EntitySelectFetchInitializer(com.example.demo.domain.issue3.Element.tag.linkedTag.linkedTag)@1698218294 (ToOneAttributeMapping(NavigableRole[com.example.demo.domain.issue3.Tag.linkedTag])@877365519)
2023-03-23T12:11:28.152+01:00 DEBUG 16100 --- [    Test worker] org.hibernate.orm.results                :     com.example.demo.domain.issue3.Element.tag.linkedTag -> EntityJoinedFetchInitializer(com.example.demo.domain.issue3.Element.tag.linkedTag)@578954615 (ToOneAttributeMapping(NavigableRole[com.example.demo.domain.issue3.Tag.linkedTag])@877365519)
2023-03-23T12:11:28.152+01:00 DEBUG 16100 --- [    Test worker] org.hibernate.orm.results                :     com.example.demo.domain.issue3.Element.tag.{fk} -> EmbeddableResultInitializer(com.example.demo.domain.issue3.Element.tag.{fk})@500738992 (EmbeddedAttributeMapping(NavigableRole[com.example.demo.domain.issue3.Tag.id])@1053485132)
2023-03-23T12:11:28.152+01:00 DEBUG 16100 --- [    Test worker] org.hibernate.orm.results                :     com.example.demo.domain.issue3.Element.tag -> EntityJoinedFetchInitializer(com.example.demo.domain.issue3.Element.tag)@1445010795 (ToOneAttributeMapping(NavigableRole[com.example.demo.domain.issue3.Element.tag])@1698378565)
2023-03-23T12:11:28.152+01:00 DEBUG 16100 --- [    Test worker] org.hibernate.orm.results                :     com.example.demo.domain.issue3.Element -> EntityResultInitializer(com.example.demo.domain.issue3.Element)@1030132089 (SingleTableEntityPersister(com.example.demo.domain.issue3.Element))
2023-03-23T12:11:28.159+01:00 DEBUG 16100 --- [    Test worker] org.hibernate.SQL                        : select e1_0.id,e1_0.name,e1_0.id_tag,t1_0.id,l1_0.id_tag_linked,l1_0.name,t1_0.name from element e1_0 join tag t1_0 on t1_0.id=e1_0.id_tag left join tag l1_0 on l1_0.id=t1_0.id_tag_linked where e1_0.id=?
Hibernate: select e1_0.id,e1_0.name,e1_0.id_tag,t1_0.id,l1_0.id_tag_linked,l1_0.name,t1_0.name from element e1_0 join tag t1_0 on t1_0.id=e1_0.id_tag left join tag l1_0 on l1_0.id=t1_0.id_tag_linked where e1_0.id=?
2023-03-23T12:11:28.175+01:00 DEBUG 16100 --- [    Test worker] o.h.o.r.l.o.h.o.r.loading.embeddable     : Initializing composite instance [com.example.demo.domain.issue3.Element.tag.linkedTag.{id}]
2023-03-23T12:11:28.175+01:00 DEBUG 16100 --- [    Test worker] org.hibernate.orm.results                : Extracted JDBC value [3] - [100]
2023-03-23T12:11:28.177+01:00 DEBUG 16100 --- [    Test worker] o.h.o.r.l.o.h.o.r.loading.embeddable     : Created composite instance [com.example.demo.domain.issue3.Element.tag.linkedTag.{id}] : com.example.demo.domain.issue3.PkComposite@6cf22b65
2023-03-23T12:11:28.177+01:00 DEBUG 16100 --- [    Test worker] o.h.o.r.l.o.h.o.r.loading.embeddable     : Created composite instance [com.example.demo.domain.issue3.Element.tag.linkedTag.{id}]
2023-03-23T12:11:28.177+01:00 DEBUG 16100 --- [    Test worker] o.hibernate.orm.results.loading.entity   : (EntityJoinedFetchInitializer) Hydrated EntityKey (com.example.demo.domain.issue3.Element.tag.linkedTag): com.example.demo.domain.issue3.PkComposite@6cf22b65
2023-03-23T12:11:28.177+01:00 DEBUG 16100 --- [    Test worker] o.h.o.r.l.o.h.o.r.loading.embeddable     : Initializing composite instance [com.example.demo.domain.issue3.Element.tag.{id}]
2023-03-23T12:11:28.177+01:00 DEBUG 16100 --- [    Test worker] org.hibernate.orm.results                : Extracted JDBC value [3] - [100]
2023-03-23T12:11:28.177+01:00 DEBUG 16100 --- [    Test worker] o.h.o.r.l.o.h.o.r.loading.embeddable     : Created composite instance [com.example.demo.domain.issue3.Element.tag.{id}] : com.example.demo.domain.issue3.PkComposite@37e61d
2023-03-23T12:11:28.177+01:00 DEBUG 16100 --- [    Test worker] o.h.o.r.l.o.h.o.r.loading.embeddable     : Created composite instance [com.example.demo.domain.issue3.Element.tag.{id}]
2023-03-23T12:11:28.178+01:00 DEBUG 16100 --- [    Test worker] o.hibernate.orm.results.loading.entity   : (EntityJoinedFetchInitializer) Hydrated EntityKey (com.example.demo.domain.issue3.Element.tag): com.example.demo.domain.issue3.PkComposite@37e61d
2023-03-23T12:11:28.178+01:00 DEBUG 16100 --- [    Test worker] o.h.o.r.l.o.h.o.r.loading.embeddable     : Initializing composite instance [com.example.demo.domain.issue3.Element.tag.{fk}]
2023-03-23T12:11:28.178+01:00 DEBUG 16100 --- [    Test worker] org.hibernate.orm.results                : Extracted JDBC value [2] - [100]
2023-03-23T12:11:28.178+01:00 DEBUG 16100 --- [    Test worker] o.h.o.r.l.o.h.o.r.loading.embeddable     : Created composite instance [com.example.demo.domain.issue3.Element.tag.{fk}] : com.example.demo.domain.issue3.PkComposite@3f740bd3
2023-03-23T12:11:28.178+01:00 DEBUG 16100 --- [    Test worker] o.h.o.r.l.o.h.o.r.loading.embeddable     : Created composite instance [com.example.demo.domain.issue3.Element.tag.{fk}]
2023-03-23T12:11:28.178+01:00 DEBUG 16100 --- [    Test worker] o.hibernate.orm.results.loading.entity   : (EntityResultInitializer) Hydrated EntityKey (com.example.demo.domain.issue3.Element): com.example.demo.domain.issue3.PkComposite@3a08eec3
2023-03-23T12:11:28.179+01:00 DEBUG 16100 --- [    Test worker] o.h.o.r.l.o.h.o.r.loading.collection     : (SelectEagerCollectionInitializer) Current row collection key : com.example.demo.domain.issue3.Element.tag.elements#com.example.demo.domain.issue3.PkComposite@37e61d
2023-03-23T12:11:28.180+01:00 DEBUG 16100 --- [    Test worker] o.h.o.r.l.o.h.o.r.loading.collection     : (SelectEagerCollectionInitializer) Current row collection key : com.example.demo.domain.issue3.Element.tag.linkedTag.elements#com.example.demo.domain.issue3.PkComposite@6cf22b65
2023-03-23T12:11:28.211+01:00 DEBUG 16100 --- [    Test worker] o.hibernate.orm.results.loading.entity   : (EntityJoinedFetchInitializer) Created new entity instance [com.example.demo.domain.issue3.Element.tag.linkedTag#com.example.demo.domain.issue3.PkComposite@6cf22b65] : 1130508577
2023-03-23T12:11:28.212+01:00 DEBUG 16100 --- [    Test worker] o.hibernate.orm.results.loading.entity   : (EntityJoinedFetchInitializer) Found existing loading entry [com.example.demo.domain.issue3.Element.tag#com.example.demo.domain.issue3.PkComposite@37e61d] - using loading instance
2023-03-23T12:11:28.212+01:00 DEBUG 16100 --- [    Test worker] o.hibernate.orm.results.loading.entity   : (EntityJoinedFetchInitializer) Entity [com.example.demo.domain.issue3.Element.tag#com.example.demo.domain.issue3.PkComposite@37e61d] being loaded by another initializer [EntityJoinedFetchInitializer(com.example.demo.domain.issue3.Element.tag.linkedTag)] - skipping processing
2023-03-23T12:11:28.212+01:00 DEBUG 16100 --- [    Test worker] o.hibernate.orm.results.loading.entity   : (EntityResultInitializer) Created new entity instance [com.example.demo.domain.issue3.Element#com.example.demo.domain.issue3.PkComposite@3a08eec3] : 1099038981
2023-03-23T12:11:28.212+01:00 DEBUG 16100 --- [    Test worker] o.h.o.r.l.o.h.o.r.loading.embeddable     : Initializing composite instance [com.example.demo.domain.issue3.Element.tag.{id}]
2023-03-23T12:11:28.212+01:00 DEBUG 16100 --- [    Test worker] org.hibernate.orm.results                : Extracted JDBC value [3] - [100]
2023-03-23T12:11:28.212+01:00 DEBUG 16100 --- [    Test worker] o.h.o.r.l.o.h.o.r.loading.embeddable     : Initializing composite instance [com.example.demo.domain.issue3.Element.tag.linkedTag.{id}]
2023-03-23T12:11:28.213+01:00 DEBUG 16100 --- [    Test worker] org.hibernate.orm.results                : Extracted JDBC value [3] - [100]
2023-03-23T12:11:28.213+01:00 DEBUG 16100 --- [    Test worker] o.h.o.r.l.o.h.o.r.loading.embeddable     : Initializing composite instance [com.example.demo.domain.issue3.Element.tag.linkedTag.linkedTag.{fk}]
2023-03-23T12:11:28.213+01:00 DEBUG 16100 --- [    Test worker] org.hibernate.orm.results                : Extracted JDBC value [4] - [null]
2023-03-23T12:11:28.213+01:00 DEBUG 16100 --- [    Test worker] o.h.o.r.l.o.h.o.r.loading.embeddable     : Created composite instance [com.example.demo.domain.issue3.Element.tag.linkedTag.linkedTag.{fk}]
2023-03-23T12:11:28.213+01:00 DEBUG 16100 --- [    Test worker] o.h.o.r.l.o.h.o.r.loading.embeddable     : Skipping parent injection for null embeddable [com.example.demo.domain.issue3.Element.tag.linkedTag.linkedTag.{fk}]
2023-03-23T12:11:28.213+01:00 DEBUG 16100 --- [    Test worker] o.h.o.r.l.o.h.o.r.loading.embeddable     : Initializing composite instance [com.example.demo.domain.issue3.Element.tag.linkedTag.linkedTag.{fk}]
2023-03-23T12:11:28.215+01:00 DEBUG 16100 --- [    Test worker] org.hibernate.orm.results                : Extracted JDBC value [5] - [null]
2023-03-23T12:11:28.224+01:00 DEBUG 16100 --- [    Test worker] o.hibernate.orm.results.loading.entity   : (EntityJoinedFetchInitializer) Done materializing entityInstance : com.example.demo.domain.issue3.Element.tag.linkedTag#com.example.demo.domain.issue3.PkComposite@6cf22b65
2023-03-23T12:11:28.224+01:00 DEBUG 16100 --- [    Test worker] o.h.o.r.l.o.h.o.r.loading.embeddable     : Initializing composite instance [com.example.demo.domain.issue3.Element.tag.{fk}]
2023-03-23T12:11:28.224+01:00 DEBUG 16100 --- [    Test worker] org.hibernate.orm.results                : Extracted JDBC value [2] - [100]
2023-03-23T12:11:28.225+01:00 DEBUG 16100 --- [    Test worker] org.hibernate.orm.results                : Extracted JDBC value [1] - [NAME for ELEMENT 200]
2023-03-23T12:11:28.225+01:00 DEBUG 16100 --- [    Test worker] o.hibernate.orm.results.loading.entity   : (EntityResultInitializer) Done materializing entityInstance : com.example.demo.domain.issue3.Element#com.example.demo.domain.issue3.PkComposite@3a08eec3
2023-03-23T12:11:28.225+01:00 DEBUG 16100 --- [    Test worker] org.hibernate.orm.results.loading        : Calling top-level assembler (0 / 1) : org.hibernate.sql.results.graph.entity.internal.EntityAssembler@51516c3f
2023-03-23T12:11:28.230+01:00 DEBUG 16100 --- [    Test worker] org.hibernate.orm.sql.ast.create         : Created new SQL alias : e1_0
2023-03-23T12:11:28.231+01:00 DEBUG 16100 --- [    Test worker] org.hibernate.orm.sql.ast.create         : Registration of TableGroup [org.hibernate.sql.ast.tree.from.OneToManyTableGroup@2bb42c81] with identifierForTableGroup [com.example.demo.domain.issue3.Tag.elements] for NavigablePath [com.example.demo.domain.issue3.Tag.elements] 
2023-03-23T12:11:28.231+01:00 DEBUG 16100 --- [    Test worker] org.hibernate.orm.sql.ast.create         : Registration of TableGroup [StandardTableGroup(com.example.demo.domain.issue3.Tag.elements.{element})] with identifierForTableGroup [com.example.demo.domain.issue3.Tag.elements.{element}] for NavigablePath [com.example.demo.domain.issue3.Tag.elements.{element}] 
2023-03-23T12:11:28.231+01:00 DEBUG 16100 --- [    Test worker] org.hibernate.orm.sql.ast.create         : Registration of TableGroup [StandardVirtualTableGroup(com.example.demo.domain.issue3.Tag.elements.{fk})] with identifierForTableGroup [com.example.demo.domain.issue3.Tag.elements.{fk}] for NavigablePath [com.example.demo.domain.issue3.Tag.elements.{fk}] 
2023-03-23T12:11:28.231+01:00 DEBUG 16100 --- [    Test worker] org.hibernate.orm.sql.ast.create         : Registration of TableGroup [StandardVirtualTableGroup(com.example.demo.domain.issue3.Tag.elements.{element}.{id})] with identifierForTableGroup [com.example.demo.domain.issue3.Tag.elements.{element}.{id}] for NavigablePath [com.example.demo.domain.issue3.Tag.elements.{element}.{id}] 
2023-03-23T12:11:28.231+01:00 DEBUG 16100 --- [    Test worker] org.hibernate.orm.sql.ast.create         : Registration of TableGroup [StandardVirtualTableGroup(com.example.demo.domain.issue3.Tag.elements.{element}.tag.{fk})] with identifierForTableGroup [com.example.demo.domain.issue3.Tag.elements.{element}.tag.{fk}] for NavigablePath [com.example.demo.domain.issue3.Tag.elements.{element}.tag.{fk}] 
2023-03-23T12:11:28.233+01:00 DEBUG 16100 --- [    Test worker] org.hibernate.orm.results.graph.AST      : DomainResult Graph:
 \-CollectionDomainResult [com.example.demo.domain.issue3.Tag.elements]

2023-03-23T12:11:28.233+01:00 DEBUG 16100 --- [    Test worker] org.hibernate.orm.sql.ast.tree           : SQL AST Tree:
    SelectStatement {
      FromClause {
        OneToManyTableGroup (e1 : com.example.demo.domain.issue3.Tag.elements) {
          primaryTableReference : element as e1_0
          TableGroupJoins {
             join StandardVirtualTableGroup (null : com.example.demo.domain.issue3.Tag.elements.{fk}) {
              primaryTableReference : element as e1_0
            }
             join StandardVirtualTableGroup (null : com.example.demo.domain.issue3.Tag.elements.{element}.{id}) {
              primaryTableReference : element as e1_0
            }
             join StandardVirtualTableGroup (null : com.example.demo.domain.issue3.Tag.elements.{element}.tag.{fk}) {
              primaryTableReference : element as e1_0
            }
          }
        }
      }
    }

2023-03-23T12:11:28.240+01:00 DEBUG 16100 --- [    Test worker] org.hibernate.orm.sql.exec               : Skipping reading Query result cache data: cache-enabled = false, cache-mode = IGNORE
2023-03-23T12:11:28.244+01:00 DEBUG 16100 --- [    Test worker] org.hibernate.orm.results                : Initializer list
2023-03-23T12:11:28.244+01:00 DEBUG 16100 --- [    Test worker] org.hibernate.orm.results                :     com.example.demo.domain.issue3.Tag.elements.{fk} -> EmbeddableResultInitializer(com.example.demo.domain.issue3.Tag.elements.{fk})@1582038853 (EmbeddedAttributeMapping(NavigableRole[com.example.demo.domain.issue3.Tag.id])@1053485132)
2023-03-23T12:11:28.245+01:00 DEBUG 16100 --- [    Test worker] org.hibernate.orm.results                :     com.example.demo.domain.issue3.Tag.elements.{element}.{id} -> EmbeddableFetchInitializer(com.example.demo.domain.issue3.Tag.elements.{element}.{id}) : `class com.example.demo.domain.issue3.PkComposite`@610500837 (org.hibernate.metamodel.mapping.internal.EmbeddedIdentifierMappingImpl@225d6a4)
2023-03-23T12:11:28.245+01:00 DEBUG 16100 --- [    Test worker] org.hibernate.orm.results                :     com.example.demo.domain.issue3.Tag.elements.{element}.tag.{fk} -> EmbeddableResultInitializer(com.example.demo.domain.issue3.Tag.elements.{element}.tag.{fk})@1312745519 (EmbeddedAttributeMapping(NavigableRole[com.example.demo.domain.issue3.Tag.id])@1053485132)
2023-03-23T12:11:28.245+01:00 DEBUG 16100 --- [    Test worker] org.hibernate.orm.results                :     com.example.demo.domain.issue3.Tag.elements.{element}.tag -> EntitySelectFetchInitializer(com.example.demo.domain.issue3.Tag.elements.{element}.tag)@1326356346 (ToOneAttributeMapping(NavigableRole[com.example.demo.domain.issue3.Element.tag])@1698378565)
2023-03-23T12:11:28.245+01:00 DEBUG 16100 --- [    Test worker] org.hibernate.orm.results                :     com.example.demo.domain.issue3.Tag.elements.{element} -> EntityJoinedFetchInitializer(com.example.demo.domain.issue3.Tag.elements.{element})@2010272470 (EntityCollectionPart(com.example.demo.domain.issue3.Tag.elements#{element})@1533946494)
2023-03-23T12:11:28.245+01:00 DEBUG 16100 --- [    Test worker] org.hibernate.orm.results                :     com.example.demo.domain.issue3.Tag.elements -> BagInitializer(com.example.demo.domain.issue3.Tag.elements)@1646845612 (PluralAttribute(com.example.demo.domain.issue3.Tag.elements))
2023-03-23T12:11:28.245+01:00 DEBUG 16100 --- [    Test worker] org.hibernate.SQL                        : select e1_0.id_tag,e1_0.id,e1_0.name from element e1_0 where e1_0.id_tag=?
Hibernate: select e1_0.id_tag,e1_0.id,e1_0.name from element e1_0 where e1_0.id_tag=?
2023-03-23T12:11:28.248+01:00 DEBUG 16100 --- [    Test worker] o.h.o.r.l.o.h.o.r.loading.embeddable     : Initializing composite instance [com.example.demo.domain.issue3.Tag.elements.{element}.{id}]
2023-03-23T12:11:28.249+01:00 DEBUG 16100 --- [    Test worker] org.hibernate.orm.results                : Extracted JDBC value [1] - [200]
2023-03-23T12:11:28.249+01:00 DEBUG 16100 --- [    Test worker] o.h.o.r.l.o.h.o.r.loading.embeddable     : Created composite instance [com.example.demo.domain.issue3.Tag.elements.{element}.{id}] : com.example.demo.domain.issue3.PkComposite@16107de0
2023-03-23T12:11:28.249+01:00 DEBUG 16100 --- [    Test worker] o.h.o.r.l.o.h.o.r.loading.embeddable     : Created composite instance [com.example.demo.domain.issue3.Tag.elements.{element}.{id}]
2023-03-23T12:11:28.249+01:00 DEBUG 16100 --- [    Test worker] o.hibernate.orm.results.loading.entity   : (EntityJoinedFetchInitializer) Hydrated EntityKey (com.example.demo.domain.issue3.Tag.elements.{element}): com.example.demo.domain.issue3.PkComposite@16107de0
2023-03-23T12:11:28.249+01:00 DEBUG 16100 --- [    Test worker] o.h.o.r.l.o.h.o.r.loading.embeddable     : Initializing composite instance [com.example.demo.domain.issue3.Tag.elements.{fk}]
2023-03-23T12:11:28.249+01:00 DEBUG 16100 --- [    Test worker] org.hibernate.orm.results                : Extracted JDBC value [0] - [100]
2023-03-23T12:11:28.249+01:00 DEBUG 16100 --- [    Test worker] o.h.o.r.l.o.h.o.r.loading.embeddable     : Created composite instance [com.example.demo.domain.issue3.Tag.elements.{fk}] : com.example.demo.domain.issue3.PkComposite@32691c30
2023-03-23T12:11:28.249+01:00 DEBUG 16100 --- [    Test worker] o.h.o.r.l.o.h.o.r.loading.embeddable     : Created composite instance [com.example.demo.domain.issue3.Tag.elements.{fk}]
2023-03-23T12:11:28.249+01:00 DEBUG 16100 --- [    Test worker] o.h.o.r.l.o.h.o.r.loading.collection     : (BagInitializer) Current row collection key : com.example.demo.domain.issue3.Tag.elements#com.example.demo.domain.issue3.PkComposite@32691c30
2023-03-23T12:11:28.249+01:00 DEBUG 16100 --- [    Test worker] o.h.o.r.l.o.h.o.r.loading.embeddable     : Initializing composite instance [com.example.demo.domain.issue3.Tag.elements.{fk}]
2023-03-23T12:11:28.249+01:00 DEBUG 16100 --- [    Test worker] org.hibernate.orm.results                : Extracted JDBC value [0] - [100]
2023-03-23T12:11:28.252+01:00 DEBUG 16100 --- [    Test worker] o.h.o.r.l.o.h.o.r.loading.collection     : (BagInitializer) Responsible for loading collection [com.example.demo.domain.issue3.Tag.elements#com.example.demo.domain.issue3.PkComposite@32691c30] : org.hibernate.collection.spi.PersistentBag@1843420945
2023-03-23T12:11:28.252+01:00 DEBUG 16100 --- [    Test worker] o.h.o.r.l.o.h.o.r.loading.embeddable     : Initializing composite instance [com.example.demo.domain.issue3.Tag.elements.{fk}]
2023-03-23T12:11:28.253+01:00 DEBUG 16100 --- [    Test worker] org.hibernate.orm.results                : Extracted JDBC value [0] - [100]
2023-03-23T12:11:28.253+01:00 DEBUG 16100 --- [    Test worker] o.h.o.r.l.o.h.o.r.loading.embeddable     : Initializing composite instance [com.example.demo.domain.issue3.Tag.elements.{element}.{id}]
2023-03-23T12:11:28.253+01:00 DEBUG 16100 --- [    Test worker] org.hibernate.orm.results                : Extracted JDBC value [1] - [200]
2023-03-23T12:11:28.253+01:00 DEBUG 16100 --- [    Test worker] o.h.o.r.l.o.h.o.r.loading.embeddable     : Initializing composite instance [com.example.demo.domain.issue3.Tag.elements.{element}.tag.{fk}]
2023-03-23T12:11:28.253+01:00 DEBUG 16100 --- [    Test worker] org.hibernate.orm.results                : Extracted JDBC value [0] - [100]
2023-03-23T12:11:28.253+01:00 DEBUG 16100 --- [    Test worker] o.h.o.r.l.o.h.o.r.loading.embeddable     : Created composite instance [com.example.demo.domain.issue3.Tag.elements.{element}.tag.{fk}] : com.example.demo.domain.issue3.PkComposite@11f80670
2023-03-23T12:11:28.253+01:00 DEBUG 16100 --- [    Test worker] o.h.o.r.l.o.h.o.r.loading.embeddable     : Created composite instance [com.example.demo.domain.issue3.Tag.elements.{element}.tag.{fk}]
2023-03-23T12:11:28.253+01:00 DEBUG 16100 --- [    Test worker] o.h.o.r.l.o.h.o.r.loading.embeddable     : Initializing composite instance [com.example.demo.domain.issue3.Tag.elements.{element}.tag.{fk}]
2023-03-23T12:11:28.253+01:00 DEBUG 16100 --- [    Test worker] org.hibernate.orm.results                : Extracted JDBC value [0] - [100]
2023-03-23T12:11:28.254+01:00 DEBUG 16100 --- [    Test worker] o.h.o.r.l.o.h.o.r.loading.collection     : (BagInitializer) Reading element from row for collection [com.example.demo.domain.issue3.Tag.elements#com.example.demo.domain.issue3.PkComposite@32691c30] -> org.hibernate.collection.spi.PersistentBag@1843420945
2023-03-23T12:11:28.254+01:00 DEBUG 16100 --- [    Test worker] org.hibernate.orm.results.loading        : Calling top-level assembler (0 / 1) : org.hibernate.sql.results.graph.collection.internal.EagerCollectionAssembler@6519cd8a
2023-03-23T12:11:28.258+01:00 DEBUG 16100 --- [    Test worker] o.h.sql.results.internal.ResultsHelper   : Collection fully initialized: [com.example.demo.domain.issue3.Tag.elements#component[id]{id=100}]
2023-03-23T12:11:28.271+01:00 DEBUG 16100 --- [    Test worker] org.springframework.test.context.cache   : Spring test ApplicationContext cache statistics: [DefaultContextCache@f20f100 size = 1, maxSize = 32, parentContextCount = 0, hitCount = 6, missCount = 1]
2023-03-23T12:11:28.272+01:00 DEBUG 16100 --- [    Test worker] org.springframework.test.context.cache   : Spring test ApplicationContext cache statistics: [DefaultContextCache@f20f100 size = 1, maxSize = 32, parentContextCount = 0, hitCount = 7, missCount = 1]
2023-03-23T12:11:28.274+01:00 DEBUG 16100 --- [    Test worker] org.springframework.test.context.cache   : Spring test ApplicationContext cache statistics: [DefaultContextCache@f20f100 size = 1, maxSize = 32, parentContextCount = 0, hitCount = 8, missCount = 1]
2023-03-23T12:11:28.274+01:00 DEBUG 16100 --- [    Test worker] org.springframework.test.context.cache   : Spring test ApplicationContext cache statistics: [DefaultContextCache@f20f100 size = 1, maxSize = 32, parentContextCount = 0, hitCount = 9, missCount = 1]
2023-03-23T12:11:28.276+01:00 DEBUG 16100 --- [    Test worker] org.springframework.test.context.cache   : Spring test ApplicationContext cache statistics: [DefaultContextCache@f20f100 size = 1, maxSize = 32, parentContextCount = 0, hitCount = 10, missCount = 1]
2023-03-23T12:11:28.279+01:00 DEBUG 16100 --- [    Test worker] org.springframework.test.context.cache   : Spring test ApplicationContext cache statistics: [DefaultContextCache@f20f100 size = 1, maxSize = 32, parentContextCount = 0, hitCount = 11, missCount = 1]
2023-03-23T12:11:28.281+01:00 DEBUG 16100 --- [    Test worker] o.s.orm.jpa.JpaTransactionManager        : Initiating transaction rollback
2023-03-23T12:11:28.282+01:00 DEBUG 16100 --- [    Test worker] o.s.orm.jpa.JpaTransactionManager        : Rolling back JPA transaction on EntityManager [SessionImpl(640511728<open>)]
2023-03-23T12:11:28.282+01:00 DEBUG 16100 --- [    Test worker] o.h.e.t.internal.TransactionImpl         : rolling back
2023-03-23T12:11:28.286+01:00 DEBUG 16100 --- [    Test worker] org.postgresql.jdbc.PgConnection         :   setAutoCommit = true
2023-03-23T12:11:28.291+01:00 DEBUG 16100 --- [    Test worker] o.s.orm.jpa.JpaTransactionManager        : Closing JPA EntityManager [SessionImpl(640511728<open>)] after transaction
2023-03-23T12:11:28.292+01:00 DEBUG 16100 --- [    Test worker] o.s.t.c.transaction.TransactionContext   : Rolled back transaction (1) for test class [com.example.demo.Issue3Test]; test method [issue3_name_not_filled]
2023-03-23T12:11:28.293+01:00 DEBUG 16100 --- [    Test worker] tractDirtiesContextTestExecutionListener : After test method: class [Issue3Test], method [issue3_name_not_filled], class annotated with @DirtiesContext [false] with mode [null], method annotated with @DirtiesContext [false] with mode [null]

Tag name is null ! ==> expected: not <null>
org.opentest4j.AssertionFailedError: Tag name is null ! ==> expected: not <null>
	at app//org.junit.jupiter.api.AssertionFailureBuilder.build(AssertionFailureBuilder.java:152)
	at app//org.junit.jupiter.api.AssertionFailureBuilder.buildAndThrow(AssertionFailureBuilder.java:132)
	at app//org.junit.jupiter.api.AssertNotNull.failNull(AssertNotNull.java:49)
	at app//org.junit.jupiter.api.AssertNotNull.assertNotNull(AssertNotNull.java:35)
	at app//org.junit.jupiter.api.Assertions.assertNotNull(Assertions.java:309)
	at app//com.example.demo.Issue3Test.issue3_name_not_filled(Issue3Test.java:37)
	at java.base@17.0.5/jdk.internal.reflect.NativeMethodAccessorImpl.invoke0(Native Method)
	at java.base@17.0.5/jdk.internal.reflect.NativeMethodAccessorImpl.invoke(NativeMethodAccessorImpl.java:77)
	at java.base@17.0.5/jdk.internal.reflect.DelegatingMethodAccessorImpl.invoke(DelegatingMethodAccessorImpl.java:43)
	at java.base@17.0.5/java.lang.reflect.Method.invoke(Method.java:568)
	at app//org.junit.platform.commons.util.ReflectionUtils.invokeMethod(ReflectionUtils.java:727)
	at app//org.junit.jupiter.engine.execution.MethodInvocation.proceed(MethodInvocation.java:60)
	at app//org.junit.jupiter.engine.execution.InvocationInterceptorChain$ValidatingInvocation.proceed(InvocationInterceptorChain.java:131)
	at app//org.junit.jupiter.engine.extension.TimeoutExtension.intercept(TimeoutExtension.java:156)
	at app//org.junit.jupiter.engine.extension.TimeoutExtension.interceptTestableMethod(TimeoutExtension.java:147)
	at app//org.junit.jupiter.engine.extension.TimeoutExtension.interceptTestMethod(TimeoutExtension.java:86)
	at app//org.junit.jupiter.engine.execution.InterceptingExecutableInvoker$ReflectiveInterceptorCall.lambda$ofVoidMethod$0(InterceptingExecutableInvoker.java:103)
	at app//org.junit.jupiter.engine.execution.InterceptingExecutableInvoker.lambda$invoke$0(InterceptingExecutableInvoker.java:93)
	at app//org.junit.jupiter.engine.execution.InvocationInterceptorChain$InterceptedInvocation.proceed(InvocationInterceptorChain.java:106)
	at app//org.junit.jupiter.engine.execution.InvocationInterceptorChain.proceed(InvocationInterceptorChain.java:64)
	at app//org.junit.jupiter.engine.execution.InvocationInterceptorChain.chainAndInvoke(InvocationInterceptorChain.java:45)
	at app//org.junit.jupiter.engine.execution.InvocationInterceptorChain.invoke(InvocationInterceptorChain.java:37)
	at app//org.junit.jupiter.engine.execution.InterceptingExecutableInvoker.invoke(InterceptingExecutableInvoker.java:92)
	at app//org.junit.jupiter.engine.execution.InterceptingExecutableInvoker.invoke(InterceptingExecutableInvoker.java:86)
	at app//org.junit.jupiter.engine.descriptor.TestMethodTestDescriptor.lambda$invokeTestMethod$7(TestMethodTestDescriptor.java:217)
	at app//org.junit.platform.engine.support.hierarchical.ThrowableCollector.execute(ThrowableCollector.java:73)
	at app//org.junit.jupiter.engine.descriptor.TestMethodTestDescriptor.invokeTestMethod(TestMethodTestDescriptor.java:213)
	at app//org.junit.jupiter.engine.descriptor.TestMethodTestDescriptor.execute(TestMethodTestDescriptor.java:138)
	at app//org.junit.jupiter.engine.descriptor.TestMethodTestDescriptor.execute(TestMethodTestDescriptor.java:68)
	at app//org.junit.platform.engine.support.hierarchical.NodeTestTask.lambda$executeRecursively$6(NodeTestTask.java:151)
	at app//org.junit.platform.engine.support.hierarchical.ThrowableCollector.execute(ThrowableCollector.java:73)
	at app//org.junit.platform.engine.support.hierarchical.NodeTestTask.lambda$executeRecursively$8(NodeTestTask.java:141)
	at app//org.junit.platform.engine.support.hierarchical.Node.around(Node.java:137)
	at app//org.junit.platform.engine.support.hierarchical.NodeTestTask.lambda$executeRecursively$9(NodeTestTask.java:139)
	at app//org.junit.platform.engine.support.hierarchical.ThrowableCollector.execute(ThrowableCollector.java:73)
	at app//org.junit.platform.engine.support.hierarchical.NodeTestTask.executeRecursively(NodeTestTask.java:138)
	at app//org.junit.platform.engine.support.hierarchical.NodeTestTask.execute(NodeTestTask.java:95)
	at java.base@17.0.5/java.util.ArrayList.forEach(ArrayList.java:1511)
	at app//org.junit.platform.engine.support.hierarchical.SameThreadHierarchicalTestExecutorService.invokeAll(SameThreadHierarchicalTestExecutorService.java:41)
	at app//org.junit.platform.engine.support.hierarchical.NodeTestTask.lambda$executeRecursively$6(NodeTestTask.java:155)
	at app//org.junit.platform.engine.support.hierarchical.ThrowableCollector.execute(ThrowableCollector.java:73)
	at app//org.junit.platform.engine.support.hierarchical.NodeTestTask.lambda$executeRecursively$8(NodeTestTask.java:141)
	at app//org.junit.platform.engine.support.hierarchical.Node.around(Node.java:137)
	at app//org.junit.platform.engine.support.hierarchical.NodeTestTask.lambda$executeRecursively$9(NodeTestTask.java:139)
	at app//org.junit.platform.engine.support.hierarchical.ThrowableCollector.execute(ThrowableCollector.java:73)
	at app//org.junit.platform.engine.support.hierarchical.NodeTestTask.executeRecursively(NodeTestTask.java:138)
	at app//org.junit.platform.engine.support.hierarchical.NodeTestTask.execute(NodeTestTask.java:95)
	at java.base@17.0.5/java.util.ArrayList.forEach(ArrayList.java:1511)
	at app//org.junit.platform.engine.support.hierarchical.SameThreadHierarchicalTestExecutorService.invokeAll(SameThreadHierarchicalTestExecutorService.java:41)
	at app//org.junit.platform.engine.support.hierarchical.NodeTestTask.lambda$executeRecursively$6(NodeTestTask.java:155)
	at app//org.junit.platform.engine.support.hierarchical.ThrowableCollector.execute(ThrowableCollector.java:73)
	at app//org.junit.platform.engine.support.hierarchical.NodeTestTask.lambda$executeRecursively$8(NodeTestTask.java:141)
	at app//org.junit.platform.engine.support.hierarchical.Node.around(Node.java:137)
	at app//org.junit.platform.engine.support.hierarchical.NodeTestTask.lambda$executeRecursively$9(NodeTestTask.java:139)
	at app//org.junit.platform.engine.support.hierarchical.ThrowableCollector.execute(ThrowableCollector.java:73)
	at app//org.junit.platform.engine.support.hierarchical.NodeTestTask.executeRecursively(NodeTestTask.java:138)
	at app//org.junit.platform.engine.support.hierarchical.NodeTestTask.execute(NodeTestTask.java:95)
	at app//org.junit.platform.engine.support.hierarchical.SameThreadHierarchicalTestExecutorService.submit(SameThreadHierarchicalTestExecutorService.java:35)
	at app//org.junit.platform.engine.support.hierarchical.HierarchicalTestExecutor.execute(HierarchicalTestExecutor.java:57)
	at app//org.junit.platform.engine.support.hierarchical.HierarchicalTestEngine.execute(HierarchicalTestEngine.java:54)
	at org.junit.platform.launcher.core.EngineExecutionOrchestrator.execute(EngineExecutionOrchestrator.java:107)
	at org.junit.platform.launcher.core.EngineExecutionOrchestrator.execute(EngineExecutionOrchestrator.java:88)
	at org.junit.platform.launcher.core.EngineExecutionOrchestrator.lambda$execute$0(EngineExecutionOrchestrator.java:54)
	at org.junit.platform.launcher.core.EngineExecutionOrchestrator.withInterceptedStreams(EngineExecutionOrchestrator.java:67)
	at org.junit.platform.launcher.core.EngineExecutionOrchestrator.execute(EngineExecutionOrchestrator.java:52)
	at org.junit.platform.launcher.core.DefaultLauncher.execute(DefaultLauncher.java:114)
	at org.junit.platform.launcher.core.DefaultLauncher.execute(DefaultLauncher.java:86)
	at org.junit.platform.launcher.core.DefaultLauncherSession$DelegatingLauncher.execute(DefaultLauncherSession.java:86)
	at org.junit.platform.launcher.core.SessionPerRequestLauncher.execute(SessionPerRequestLauncher.java:53)
	at org.gradle.api.internal.tasks.testing.junitplatform.JUnitPlatformTestClassProcessor$CollectAllTestClassesExecutor.processAllTestClasses(JUnitPlatformTestClassProcessor.java:99)
	at org.gradle.api.internal.tasks.testing.junitplatform.JUnitPlatformTestClassProcessor$CollectAllTestClassesExecutor.access$000(JUnitPlatformTestClassProcessor.java:79)
	at org.gradle.api.internal.tasks.testing.junitplatform.JUnitPlatformTestClassProcessor.stop(JUnitPlatformTestClassProcessor.java:75)
	at org.gradle.api.internal.tasks.testing.SuiteTestClassProcessor.stop(SuiteTestClassProcessor.java:61)
	at java.base@17.0.5/jdk.internal.reflect.NativeMethodAccessorImpl.invoke0(Native Method)
	at java.base@17.0.5/jdk.internal.reflect.NativeMethodAccessorImpl.invoke(NativeMethodAccessorImpl.java:77)
	at java.base@17.0.5/jdk.internal.reflect.DelegatingMethodAccessorImpl.invoke(DelegatingMethodAccessorImpl.java:43)
	at java.base@17.0.5/java.lang.reflect.Method.invoke(Method.java:568)
	at org.gradle.internal.dispatch.ReflectionDispatch.dispatch(ReflectionDispatch.java:36)
	at org.gradle.internal.dispatch.ReflectionDispatch.dispatch(ReflectionDispatch.java:24)
	at org.gradle.internal.dispatch.ContextClassLoaderDispatch.dispatch(ContextClassLoaderDispatch.java:33)
	at org.gradle.internal.dispatch.ProxyDispatchAdapter$DispatchingInvocationHandler.invoke(ProxyDispatchAdapter.java:94)
	at jdk.proxy2/jdk.proxy2.$Proxy5.stop(Unknown Source)
	at org.gradle.api.internal.tasks.testing.worker.TestWorker$3.run(TestWorker.java:193)
	at org.gradle.api.internal.tasks.testing.worker.TestWorker.executeAndMaintainThreadName(TestWorker.java:129)
	at org.gradle.api.internal.tasks.testing.worker.TestWorker.execute(TestWorker.java:100)
	at org.gradle.api.internal.tasks.testing.worker.TestWorker.execute(TestWorker.java:60)
	at org.gradle.process.internal.worker.child.ActionExecutionWorker.execute(ActionExecutionWorker.java:56)
	at org.gradle.process.internal.worker.child.SystemApplicationClassLoaderWorker.call(SystemApplicationClassLoaderWorker.java:133)
	at org.gradle.process.internal.worker.child.SystemApplicationClassLoaderWorker.call(SystemApplicationClassLoaderWorker.java:71)
	at app//worker.org.gradle.process.internal.worker.GradleWorkerMain.run(GradleWorkerMain.java:69)
	at app//worker.org.gradle.process.internal.worker.GradleWorkerMain.main(GradleWorkerMain.java:74)

