[INFO] Scanning for projects...
[WARNING] 
[WARNING] Some problems were encountered while building the effective model for hibernatest:hibernatest:jar:0.0.1-SNAPSHOT
[WARNING] 'build.plugins.plugin.version' for org.apache.maven.plugins:maven-enforcer-plugin is missing. @ line 38, column 12
[WARNING] 
[WARNING] It is highly recommended to fix these problems because they threaten the stability of your build.
[WARNING] 
[WARNING] For this reason, future Maven versions might no longer support building such malformed projects.
[WARNING] 
[INFO]                                                                         
[INFO] ------------------------------------------------------------------------
[INFO] Building hibernatest 0.0.1-SNAPSHOT
[INFO] ------------------------------------------------------------------------
[INFO] 
[INFO] --- maven-enforcer-plugin:1.4.1:enforce (default) @ hibernatest ---
[INFO] 
[INFO] --- maven-resources-plugin:2.6:resources (default-resources) @ hibernatest ---
[INFO] Using 'UTF-8' encoding to copy filtered resources.
[INFO] Copying 0 resource
[INFO] 
[INFO] --- maven-compiler-plugin:3.1:compile (default-compile) @ hibernatest ---
[INFO] Nothing to compile - all classes are up to date
[INFO] 
[INFO] --- maven-resources-plugin:2.6:testResources (default-testResources) @ hibernatest ---
[INFO] Using 'UTF-8' encoding to copy filtered resources.
[INFO] skip non existing resourceDirectory /home/osboxes/hibernate-test/src/test/resources
[INFO] 
[INFO] --- maven-compiler-plugin:3.1:testCompile (default-testCompile) @ hibernatest ---
[INFO] Changes detected - recompiling the module!
[INFO] Compiling 1 source file to /home/osboxes/hibernate-test/target/test-classes
[INFO] 
[INFO] --- maven-surefire-plugin:2.17:test (default-test) @ hibernatest ---
[INFO] Surefire report directory: /home/osboxes/hibernate-test/target/surefire-reports

-------------------------------------------------------
 T E S T S
-------------------------------------------------------
Running org.hibernate.test.schemaupdate.CapitalCaseTableNameTest
01:31:59.716 [main] DEBUG org.jboss.logging - Logging Provider: org.hibernate.testing.logger.TestableLoggerProvider found via service loader
01:31:59.803 [main] INFO  org.hibernate.Version - HHH000412: Hibernate Core {5.0.0.Final}
01:31:59.814 [main] INFO  org.hibernate.cfg.Environment - HHH000206: hibernate.properties not found
01:31:59.823 [main] INFO  org.hibernate.cfg.Environment - HHH000021: Bytecode provider name : javassist
01:31:59.862 [main] INFO  org.hibernate.dialect.Dialect - HHH000400: Using dialect: org.hibernate.testing.junit4.CustomRunner$2
01:32:00.337 [main] INFO  o.h.testing.junit4.CustomRunner - BeforeClass: org.hibernate.test.schemaupdate.CapitalCaseTableNameTest
01:32:00.348 [main] DEBUG o.h.internal.SessionFactoryRegistry - Initializing SessionFactoryRegistry : org.hibernate.internal.SessionFactoryRegistry@f759d7
01:32:00.355 [main] INFO  o.h.testing.junit4.CustomRunner - Test: testUpdateSchema
01:32:00.386 [main] DEBUG o.h.i.internal.IntegratorServiceImpl - Adding Integrator [org.hibernate.cfg.beanvalidation.BeanValidationIntegrator].
01:32:00.396 [main] DEBUG o.h.i.internal.IntegratorServiceImpl - Adding Integrator [org.hibernate.secure.spi.JaccIntegrator].
01:32:00.400 [main] DEBUG o.h.i.internal.IntegratorServiceImpl - Adding Integrator [org.hibernate.cache.internal.CollectionCacheInvalidator].
01:32:00.723 [main] DEBUG o.h.service.spi.ServiceBinding - Overriding existing service binding [org.hibernate.secure.spi.JaccService]
01:32:00.864 [main] DEBUG o.h.c.i.RegionFactoryInitiator - Cache region factory : org.hibernate.cache.internal.NoCachingRegionFactory
01:32:00.900 [main] INFO  o.h.annotations.common.Version - HCANN000001: Hibernate Commons Annotations {5.0.0.Final}
01:32:00.935 [main] DEBUG org.hibernate.type.BasicTypeRegistry - Adding type registration boolean -> org.hibernate.type.BooleanType@4b8173
01:32:00.937 [main] DEBUG org.hibernate.type.BasicTypeRegistry - Adding type registration boolean -> org.hibernate.type.BooleanType@4b8173
01:32:00.939 [main] DEBUG org.hibernate.type.BasicTypeRegistry - Adding type registration java.lang.Boolean -> org.hibernate.type.BooleanType@4b8173
01:32:00.941 [main] DEBUG org.hibernate.type.BasicTypeRegistry - Adding type registration numeric_boolean -> org.hibernate.type.NumericBooleanType@10e8f8e
01:32:00.942 [main] DEBUG org.hibernate.type.BasicTypeRegistry - Adding type registration true_false -> org.hibernate.type.TrueFalseType@1046283
01:32:00.943 [main] DEBUG org.hibernate.type.BasicTypeRegistry - Adding type registration yes_no -> org.hibernate.type.YesNoType@1d03f44
01:32:00.944 [main] DEBUG org.hibernate.type.BasicTypeRegistry - Adding type registration byte -> org.hibernate.type.ByteType@1626d54
01:32:00.945 [main] DEBUG org.hibernate.type.BasicTypeRegistry - Adding type registration byte -> org.hibernate.type.ByteType@1626d54
01:32:00.947 [main] DEBUG org.hibernate.type.BasicTypeRegistry - Adding type registration java.lang.Byte -> org.hibernate.type.ByteType@1626d54
01:32:00.949 [main] DEBUG org.hibernate.type.BasicTypeRegistry - Adding type registration character -> org.hibernate.type.CharacterType@63f509
01:32:00.954 [main] DEBUG org.hibernate.type.BasicTypeRegistry - Adding type registration char -> org.hibernate.type.CharacterType@63f509
01:32:00.955 [main] DEBUG org.hibernate.type.BasicTypeRegistry - Adding type registration java.lang.Character -> org.hibernate.type.CharacterType@63f509
01:32:00.957 [main] DEBUG org.hibernate.type.BasicTypeRegistry - Adding type registration short -> org.hibernate.type.ShortType@4784bc
01:32:00.959 [main] DEBUG org.hibernate.type.BasicTypeRegistry - Adding type registration short -> org.hibernate.type.ShortType@4784bc
01:32:00.960 [main] DEBUG org.hibernate.type.BasicTypeRegistry - Adding type registration java.lang.Short -> org.hibernate.type.ShortType@4784bc
01:32:00.962 [main] DEBUG org.hibernate.type.BasicTypeRegistry - Adding type registration integer -> org.hibernate.type.IntegerType@b7ac2f
01:32:00.963 [main] DEBUG org.hibernate.type.BasicTypeRegistry - Adding type registration int -> org.hibernate.type.IntegerType@b7ac2f
01:32:00.964 [main] DEBUG org.hibernate.type.BasicTypeRegistry - Adding type registration java.lang.Integer -> org.hibernate.type.IntegerType@b7ac2f
01:32:00.965 [main] DEBUG org.hibernate.type.BasicTypeRegistry - Adding type registration long -> org.hibernate.type.LongType@56f20
01:32:00.966 [main] DEBUG org.hibernate.type.BasicTypeRegistry - Adding type registration long -> org.hibernate.type.LongType@56f20
01:32:00.970 [main] DEBUG org.hibernate.type.BasicTypeRegistry - Adding type registration java.lang.Long -> org.hibernate.type.LongType@56f20
01:32:00.974 [main] DEBUG org.hibernate.type.BasicTypeRegistry - Adding type registration float -> org.hibernate.type.FloatType@10b0854
01:32:00.979 [main] DEBUG org.hibernate.type.BasicTypeRegistry - Adding type registration float -> org.hibernate.type.FloatType@10b0854
01:32:00.982 [main] DEBUG org.hibernate.type.BasicTypeRegistry - Adding type registration java.lang.Float -> org.hibernate.type.FloatType@10b0854
01:32:00.984 [main] DEBUG org.hibernate.type.BasicTypeRegistry - Adding type registration double -> org.hibernate.type.DoubleType@1bb07ed
01:32:00.985 [main] DEBUG org.hibernate.type.BasicTypeRegistry - Adding type registration double -> org.hibernate.type.DoubleType@1bb07ed
01:32:00.986 [main] DEBUG org.hibernate.type.BasicTypeRegistry - Adding type registration java.lang.Double -> org.hibernate.type.DoubleType@1bb07ed
01:32:00.993 [main] DEBUG org.hibernate.type.BasicTypeRegistry - Adding type registration big_decimal -> org.hibernate.type.BigDecimalType@e41621
01:32:00.996 [main] DEBUG org.hibernate.type.BasicTypeRegistry - Adding type registration java.math.BigDecimal -> org.hibernate.type.BigDecimalType@e41621
01:32:00.998 [main] DEBUG org.hibernate.type.BasicTypeRegistry - Adding type registration big_integer -> org.hibernate.type.BigIntegerType@13d0772
01:32:00.999 [main] DEBUG org.hibernate.type.BasicTypeRegistry - Adding type registration java.math.BigInteger -> org.hibernate.type.BigIntegerType@13d0772
01:32:01.002 [main] DEBUG org.hibernate.type.BasicTypeRegistry - Adding type registration string -> org.hibernate.type.StringType@67f029
01:32:01.003 [main] DEBUG org.hibernate.type.BasicTypeRegistry - Adding type registration java.lang.String -> org.hibernate.type.StringType@67f029
01:32:01.008 [main] DEBUG org.hibernate.type.BasicTypeRegistry - Adding type registration nstring -> org.hibernate.type.StringNVarcharType@9cd3b1
01:32:01.011 [main] DEBUG org.hibernate.type.BasicTypeRegistry - Adding type registration ncharacter -> org.hibernate.type.CharacterNCharType@400542
01:32:01.013 [main] DEBUG org.hibernate.type.BasicTypeRegistry - Adding type registration url -> org.hibernate.type.UrlType@180cfdd
01:32:01.015 [main] DEBUG org.hibernate.type.BasicTypeRegistry - Adding type registration java.net.URL -> org.hibernate.type.UrlType@180cfdd
01:32:01.017 [main] DEBUG org.hibernate.type.BasicTypeRegistry - Adding type registration date -> org.hibernate.type.DateType@b85f9
01:32:01.023 [main] DEBUG org.hibernate.type.BasicTypeRegistry - Adding type registration java.sql.Date -> org.hibernate.type.DateType@b85f9
01:32:01.024 [main] DEBUG org.hibernate.type.BasicTypeRegistry - Adding type registration time -> org.hibernate.type.TimeType@1355449
01:32:01.025 [main] DEBUG org.hibernate.type.BasicTypeRegistry - Adding type registration java.sql.Time -> org.hibernate.type.TimeType@1355449
01:32:01.028 [main] DEBUG org.hibernate.type.BasicTypeRegistry - Adding type registration timestamp -> org.hibernate.type.TimestampType@1353778
01:32:01.029 [main] DEBUG org.hibernate.type.BasicTypeRegistry - Adding type registration java.sql.Timestamp -> org.hibernate.type.TimestampType@1353778
01:32:01.029 [main] DEBUG org.hibernate.type.BasicTypeRegistry - Adding type registration java.util.Date -> org.hibernate.type.TimestampType@1353778
01:32:01.036 [main] DEBUG org.hibernate.type.BasicTypeRegistry - Adding type registration dbtimestamp -> org.hibernate.type.DbTimestampType@28ffa4
01:32:01.041 [main] DEBUG org.hibernate.type.BasicTypeRegistry - Adding type registration calendar -> org.hibernate.type.CalendarType@ae9b55
01:32:01.042 [main] DEBUG org.hibernate.type.BasicTypeRegistry - Adding type registration java.util.Calendar -> org.hibernate.type.CalendarType@ae9b55
01:32:01.047 [main] DEBUG org.hibernate.type.BasicTypeRegistry - Adding type registration java.util.GregorianCalendar -> org.hibernate.type.CalendarType@ae9b55
01:32:01.049 [main] DEBUG org.hibernate.type.BasicTypeRegistry - Adding type registration calendar_date -> org.hibernate.type.CalendarDateType@1700915
01:32:01.051 [main] DEBUG org.hibernate.type.BasicTypeRegistry - Adding type registration locale -> org.hibernate.type.LocaleType@1de60b4
01:32:01.056 [main] DEBUG org.hibernate.type.BasicTypeRegistry - Adding type registration java.util.Locale -> org.hibernate.type.LocaleType@1de60b4
01:32:01.059 [main] DEBUG org.hibernate.type.BasicTypeRegistry - Adding type registration currency -> org.hibernate.type.CurrencyType@267ef4
01:32:01.070 [main] DEBUG org.hibernate.type.BasicTypeRegistry - Adding type registration java.util.Currency -> org.hibernate.type.CurrencyType@267ef4
01:32:01.074 [main] DEBUG org.hibernate.type.BasicTypeRegistry - Adding type registration timezone -> org.hibernate.type.TimeZoneType@ee2816
01:32:01.077 [main] DEBUG org.hibernate.type.BasicTypeRegistry - Adding type registration java.util.TimeZone -> org.hibernate.type.TimeZoneType@ee2816
01:32:01.078 [main] DEBUG org.hibernate.type.BasicTypeRegistry - Adding type registration class -> org.hibernate.type.ClassType@1d7b7bf
01:32:01.084 [main] DEBUG org.hibernate.type.BasicTypeRegistry - Adding type registration java.lang.Class -> org.hibernate.type.ClassType@1d7b7bf
01:32:01.089 [main] DEBUG org.hibernate.type.BasicTypeRegistry - Adding type registration uuid-binary -> org.hibernate.type.UUIDBinaryType@15eaaf1
01:32:01.090 [main] DEBUG org.hibernate.type.BasicTypeRegistry - Adding type registration java.util.UUID -> org.hibernate.type.UUIDBinaryType@15eaaf1
01:32:01.096 [main] DEBUG org.hibernate.type.BasicTypeRegistry - Adding type registration uuid-char -> org.hibernate.type.UUIDCharType@30a9b0
01:32:01.100 [main] DEBUG org.hibernate.type.BasicTypeRegistry - Adding type registration binary -> org.hibernate.type.BinaryType@1df84b8
01:32:01.101 [main] DEBUG org.hibernate.type.BasicTypeRegistry - Adding type registration byte[] -> org.hibernate.type.BinaryType@1df84b8
01:32:01.102 [main] DEBUG org.hibernate.type.BasicTypeRegistry - Adding type registration [B -> org.hibernate.type.BinaryType@1df84b8
01:32:01.107 [main] DEBUG org.hibernate.type.BasicTypeRegistry - Adding type registration wrapper-binary -> org.hibernate.type.WrapperBinaryType@139b2f3
01:32:01.111 [main] DEBUG org.hibernate.type.BasicTypeRegistry - Adding type registration Byte[] -> org.hibernate.type.WrapperBinaryType@139b2f3
01:32:01.112 [main] DEBUG org.hibernate.type.BasicTypeRegistry - Adding type registration [Ljava.lang.Byte; -> org.hibernate.type.WrapperBinaryType@139b2f3
01:32:01.113 [main] DEBUG org.hibernate.type.BasicTypeRegistry - Adding type registration image -> org.hibernate.type.ImageType@1a69b07
01:32:01.118 [main] DEBUG org.hibernate.type.BasicTypeRegistry - Adding type registration characters -> org.hibernate.type.CharArrayType@82df6a
01:32:01.122 [main] DEBUG org.hibernate.type.BasicTypeRegistry - Adding type registration char[] -> org.hibernate.type.CharArrayType@82df6a
01:32:01.123 [main] DEBUG org.hibernate.type.BasicTypeRegistry - Adding type registration [C -> org.hibernate.type.CharArrayType@82df6a
01:32:01.124 [main] DEBUG org.hibernate.type.BasicTypeRegistry - Adding type registration wrapper-characters -> org.hibernate.type.CharacterArrayType@1197a46
01:32:01.128 [main] DEBUG org.hibernate.type.BasicTypeRegistry - Adding type registration [Ljava.lang.Character; -> org.hibernate.type.CharacterArrayType@1197a46
01:32:01.133 [main] DEBUG org.hibernate.type.BasicTypeRegistry - Adding type registration Character[] -> org.hibernate.type.CharacterArrayType@1197a46
01:32:01.134 [main] DEBUG org.hibernate.type.BasicTypeRegistry - Adding type registration text -> org.hibernate.type.TextType@16be97c
01:32:01.136 [main] DEBUG org.hibernate.type.BasicTypeRegistry - Adding type registration ntext -> org.hibernate.type.NTextType@a638b5
01:32:01.140 [main] DEBUG org.hibernate.type.BasicTypeRegistry - Adding type registration blob -> org.hibernate.type.BlobType@17d444
01:32:01.144 [main] DEBUG org.hibernate.type.BasicTypeRegistry - Adding type registration java.sql.Blob -> org.hibernate.type.BlobType@17d444
01:32:01.145 [main] DEBUG org.hibernate.type.BasicTypeRegistry - Adding type registration materialized_blob -> org.hibernate.type.MaterializedBlobType@a8564a
01:32:01.147 [main] DEBUG org.hibernate.type.BasicTypeRegistry - Adding type registration clob -> org.hibernate.type.ClobType@b472aa
01:32:01.150 [main] DEBUG org.hibernate.type.BasicTypeRegistry - Adding type registration java.sql.Clob -> org.hibernate.type.ClobType@b472aa
01:32:01.151 [main] DEBUG org.hibernate.type.BasicTypeRegistry - Adding type registration nclob -> org.hibernate.type.NClobType@1368b99
01:32:01.156 [main] DEBUG org.hibernate.type.BasicTypeRegistry - Adding type registration java.sql.NClob -> org.hibernate.type.NClobType@1368b99
01:32:01.157 [main] DEBUG org.hibernate.type.BasicTypeRegistry - Adding type registration materialized_clob -> org.hibernate.type.MaterializedClobType@125dc0f
01:32:01.159 [main] DEBUG org.hibernate.type.BasicTypeRegistry - Adding type registration materialized_nclob -> org.hibernate.type.MaterializedNClobType@111c2a7
01:32:01.163 [main] DEBUG org.hibernate.type.BasicTypeRegistry - Adding type registration serializable -> org.hibernate.type.SerializableType@c3c60d
01:32:01.178 [main] DEBUG org.hibernate.type.BasicTypeRegistry - Adding type registration object -> org.hibernate.type.ObjectType@bbffcd
01:32:01.186 [main] DEBUG org.hibernate.type.BasicTypeRegistry - Adding type registration java.lang.Object -> org.hibernate.type.ObjectType@bbffcd
01:32:01.188 [main] DEBUG org.hibernate.type.BasicTypeRegistry - Adding type registration imm_date -> org.hibernate.type.AdaptedImmutableType@151f06e
01:32:01.195 [main] DEBUG org.hibernate.type.BasicTypeRegistry - Adding type registration imm_time -> org.hibernate.type.AdaptedImmutableType@d7259e
01:32:01.196 [main] DEBUG org.hibernate.type.BasicTypeRegistry - Adding type registration imm_timestamp -> org.hibernate.type.AdaptedImmutableType@eaa59a
01:32:01.198 [main] DEBUG org.hibernate.type.BasicTypeRegistry - Adding type registration imm_dbtimestamp -> org.hibernate.type.AdaptedImmutableType@27b02d
01:32:01.204 [main] DEBUG org.hibernate.type.BasicTypeRegistry - Adding type registration imm_calendar -> org.hibernate.type.AdaptedImmutableType@47e447
01:32:01.206 [main] DEBUG org.hibernate.type.BasicTypeRegistry - Adding type registration imm_calendar_date -> org.hibernate.type.AdaptedImmutableType@1fbdac4
01:32:01.208 [main] DEBUG org.hibernate.type.BasicTypeRegistry - Adding type registration imm_binary -> org.hibernate.type.AdaptedImmutableType@407114
01:32:01.210 [main] DEBUG org.hibernate.type.BasicTypeRegistry - Adding type registration imm_serializable -> org.hibernate.type.AdaptedImmutableType@1ef1869
01:32:01.865 [main] DEBUG o.h.e.j.e.i.JdbcEnvironmentInitiator - Database ->
       name : MySQL
    version : 5.5.5-10.0.21-MariaDB
      major : 5
      minor : 5
01:32:01.867 [main] DEBUG o.h.e.j.e.i.JdbcEnvironmentInitiator - Driver ->
       name : MySQL Connector Java
    version : mysql-connector-java-5.1.36 ( Revision: 4fc1f969f740409a4e03750316df2c0e429f3dc8 )
      major : 5
      minor : 1
01:32:01.868 [main] DEBUG o.h.e.j.e.i.JdbcEnvironmentInitiator - JDBC version : 4.0
01:32:01.892 [main] INFO  org.hibernate.dialect.Dialect - HHH000400: Using dialect: org.hibernate.dialect.MySQLDialect
01:32:01.944 [main] DEBUG o.h.e.j.c.i.StandardRefCursorSupport - Unexpected error trying to gauge level of JDBC REF_CURSOR support : null
01:32:02.040 [main] DEBUG o.h.e.j.e.s.IdentifierHelperBuilder - JDBC driver metadata reported database stores quoted identifiers in more than one case
01:32:02.057 [main] DEBUG o.h.e.j.e.s.IdentifierHelperBuilder - IdentifierCaseStrategy for both quoted and unquoted identifiers was set to the same strategy [MIXED]; that will likely lead to problems in schema update and validation if using quoted identifiers
01:32:02.270 [main] DEBUG o.h.i.f.i.DefaultIdentifierGeneratorFactory - Registering IdentifierGenerator strategy [uuid2] -> [org.hibernate.id.UUIDGenerator]
01:32:02.272 [main] DEBUG o.h.i.f.i.DefaultIdentifierGeneratorFactory - Registering IdentifierGenerator strategy [guid] -> [org.hibernate.id.GUIDGenerator]
01:32:02.279 [main] DEBUG o.h.i.f.i.DefaultIdentifierGeneratorFactory - Registering IdentifierGenerator strategy [uuid] -> [org.hibernate.id.UUIDHexGenerator]
01:32:02.281 [main] DEBUG o.h.i.f.i.DefaultIdentifierGeneratorFactory - Registering IdentifierGenerator strategy [uuid.hex] -> [org.hibernate.id.UUIDHexGenerator]
01:32:02.285 [main] DEBUG o.h.i.f.i.DefaultIdentifierGeneratorFactory - Registering IdentifierGenerator strategy [assigned] -> [org.hibernate.id.Assigned]
01:32:02.288 [main] DEBUG o.h.i.f.i.DefaultIdentifierGeneratorFactory - Registering IdentifierGenerator strategy [identity] -> [org.hibernate.id.IdentityGenerator]
01:32:02.291 [main] DEBUG o.h.i.f.i.DefaultIdentifierGeneratorFactory - Registering IdentifierGenerator strategy [select] -> [org.hibernate.id.SelectGenerator]
01:32:02.295 [main] DEBUG o.h.i.f.i.DefaultIdentifierGeneratorFactory - Registering IdentifierGenerator strategy [sequence] -> [org.hibernate.id.enhanced.SequenceStyleGenerator]
01:32:02.297 [main] DEBUG o.h.i.f.i.DefaultIdentifierGeneratorFactory - Registering IdentifierGenerator strategy [seqhilo] -> [org.hibernate.id.SequenceHiLoGenerator]
01:32:02.299 [main] DEBUG o.h.i.f.i.DefaultIdentifierGeneratorFactory - Registering IdentifierGenerator strategy [increment] -> [org.hibernate.id.IncrementGenerator]
01:32:02.305 [main] DEBUG o.h.i.f.i.DefaultIdentifierGeneratorFactory - Registering IdentifierGenerator strategy [foreign] -> [org.hibernate.id.ForeignGenerator]
01:32:02.312 [main] DEBUG o.h.i.f.i.DefaultIdentifierGeneratorFactory - Registering IdentifierGenerator strategy [sequence-identity] -> [org.hibernate.id.SequenceIdentityGenerator]
01:32:02.316 [main] DEBUG o.h.i.f.i.DefaultIdentifierGeneratorFactory - Registering IdentifierGenerator strategy [enhanced-sequence] -> [org.hibernate.id.enhanced.SequenceStyleGenerator]
01:32:02.321 [main] DEBUG o.h.i.f.i.DefaultIdentifierGeneratorFactory - Registering IdentifierGenerator strategy [enhanced-table] -> [org.hibernate.id.enhanced.TableGenerator]
01:32:02.410 [main] DEBUG o.h.boot.model.relational.Namespace - Created database namespace [logicalName=Name{catalog=null, schema=null}, physicalName=Name{catalog=null, schema=null}]
01:32:02.522 [main] DEBUG org.hibernate.cfg.AnnotationBinder - Binding entity from annotated class: org.hibernate.test.schemaupdate.MyEntity
01:32:02.598 [main] DEBUG org.hibernate.cfg.Ejb3Column - Binding column: Ejb3DiscriminatorColumn{logicalColumnName'DTYPE', discriminatorTypeName='string'}
01:32:02.625 [main] DEBUG o.h.cfg.annotations.EntityBinder - Import with entity name MyEntity
01:32:02.633 [main] DEBUG o.h.cfg.annotations.EntityBinder - Bind entity org.hibernate.test.schemaupdate.MyEntity on table MyEntity
01:32:02.689 [main] DEBUG org.hibernate.cfg.Ejb3Column - Binding column: Ejb3Column{table=org.hibernate.mapping.Table(MyEntity), mappingColumn=id, insertable=true, updatable=true, unique=false}
01:32:02.696 [main] DEBUG o.h.cfg.annotations.PropertyBinder - MetadataSourceProcessor property id with lazy=false
01:32:02.700 [main] DEBUG o.h.cfg.AbstractPropertyHolder - Attempting to locate auto-apply AttributeConverter for property [org.hibernate.test.schemaupdate.MyEntity:id]
01:32:02.705 [main] DEBUG o.h.c.annotations.SimpleValueBinder - building SimpleValue for id
01:32:02.711 [main] DEBUG o.h.cfg.annotations.PropertyBinder - Building property id
01:32:02.721 [main] DEBUG o.h.c.annotations.SimpleValueBinder - Starting fillSimpleValue for id
01:32:02.734 [main] DEBUG o.h.i.internal.IntegratorServiceImpl - Adding Integrator [org.hibernate.cfg.beanvalidation.BeanValidationIntegrator].
01:32:02.735 [main] DEBUG o.h.i.internal.IntegratorServiceImpl - Adding Integrator [org.hibernate.secure.spi.JaccIntegrator].
01:32:02.736 [main] DEBUG o.h.i.internal.IntegratorServiceImpl - Adding Integrator [org.hibernate.cache.internal.CollectionCacheInvalidator].
01:32:02.769 [main] DEBUG org.hibernate.cfg.Configuration - Building session factory using provided StandardServiceRegistry
01:32:02.775 [main] DEBUG org.hibernate.type.BasicTypeRegistry - Adding type registration boolean -> org.hibernate.type.BooleanType@4b8173
01:32:02.777 [main] DEBUG org.hibernate.type.BasicTypeRegistry - Adding type registration boolean -> org.hibernate.type.BooleanType@4b8173
01:32:02.778 [main] DEBUG org.hibernate.type.BasicTypeRegistry - Adding type registration java.lang.Boolean -> org.hibernate.type.BooleanType@4b8173
01:32:02.779 [main] DEBUG org.hibernate.type.BasicTypeRegistry - Adding type registration numeric_boolean -> org.hibernate.type.NumericBooleanType@10e8f8e
01:32:02.780 [main] DEBUG org.hibernate.type.BasicTypeRegistry - Adding type registration true_false -> org.hibernate.type.TrueFalseType@1046283
01:32:02.782 [main] DEBUG org.hibernate.type.BasicTypeRegistry - Adding type registration yes_no -> org.hibernate.type.YesNoType@1d03f44
01:32:02.784 [main] DEBUG org.hibernate.type.BasicTypeRegistry - Adding type registration byte -> org.hibernate.type.ByteType@1626d54
01:32:02.789 [main] DEBUG org.hibernate.type.BasicTypeRegistry - Adding type registration byte -> org.hibernate.type.ByteType@1626d54
01:32:02.794 [main] DEBUG org.hibernate.type.BasicTypeRegistry - Adding type registration java.lang.Byte -> org.hibernate.type.ByteType@1626d54
01:32:02.795 [main] DEBUG org.hibernate.type.BasicTypeRegistry - Adding type registration character -> org.hibernate.type.CharacterType@63f509
01:32:02.796 [main] DEBUG org.hibernate.type.BasicTypeRegistry - Adding type registration char -> org.hibernate.type.CharacterType@63f509
01:32:02.797 [main] DEBUG org.hibernate.type.BasicTypeRegistry - Adding type registration java.lang.Character -> org.hibernate.type.CharacterType@63f509
01:32:02.798 [main] DEBUG org.hibernate.type.BasicTypeRegistry - Adding type registration short -> org.hibernate.type.ShortType@4784bc
01:32:02.800 [main] DEBUG org.hibernate.type.BasicTypeRegistry - Adding type registration short -> org.hibernate.type.ShortType@4784bc
01:32:02.804 [main] DEBUG org.hibernate.type.BasicTypeRegistry - Adding type registration java.lang.Short -> org.hibernate.type.ShortType@4784bc
01:32:02.807 [main] DEBUG org.hibernate.type.BasicTypeRegistry - Adding type registration integer -> org.hibernate.type.IntegerType@b7ac2f
01:32:02.809 [main] DEBUG org.hibernate.type.BasicTypeRegistry - Adding type registration int -> org.hibernate.type.IntegerType@b7ac2f
01:32:02.810 [main] DEBUG org.hibernate.type.BasicTypeRegistry - Adding type registration java.lang.Integer -> org.hibernate.type.IntegerType@b7ac2f
01:32:02.812 [main] DEBUG org.hibernate.type.BasicTypeRegistry - Adding type registration long -> org.hibernate.type.LongType@56f20
01:32:02.813 [main] DEBUG org.hibernate.type.BasicTypeRegistry - Adding type registration long -> org.hibernate.type.LongType@56f20
01:32:02.818 [main] DEBUG org.hibernate.type.BasicTypeRegistry - Adding type registration java.lang.Long -> org.hibernate.type.LongType@56f20
01:32:02.819 [main] DEBUG org.hibernate.type.BasicTypeRegistry - Adding type registration float -> org.hibernate.type.FloatType@10b0854
01:32:02.822 [main] DEBUG org.hibernate.type.BasicTypeRegistry - Adding type registration float -> org.hibernate.type.FloatType@10b0854
01:32:02.823 [main] DEBUG org.hibernate.type.BasicTypeRegistry - Adding type registration java.lang.Float -> org.hibernate.type.FloatType@10b0854
01:32:02.824 [main] DEBUG org.hibernate.type.BasicTypeRegistry - Adding type registration double -> org.hibernate.type.DoubleType@1bb07ed
01:32:02.825 [main] DEBUG org.hibernate.type.BasicTypeRegistry - Adding type registration double -> org.hibernate.type.DoubleType@1bb07ed
01:32:02.826 [main] DEBUG org.hibernate.type.BasicTypeRegistry - Adding type registration java.lang.Double -> org.hibernate.type.DoubleType@1bb07ed
01:32:02.827 [main] DEBUG org.hibernate.type.BasicTypeRegistry - Adding type registration big_decimal -> org.hibernate.type.BigDecimalType@e41621
01:32:02.828 [main] DEBUG org.hibernate.type.BasicTypeRegistry - Adding type registration java.math.BigDecimal -> org.hibernate.type.BigDecimalType@e41621
01:32:02.829 [main] DEBUG org.hibernate.type.BasicTypeRegistry - Adding type registration big_integer -> org.hibernate.type.BigIntegerType@13d0772
01:32:02.831 [main] DEBUG org.hibernate.type.BasicTypeRegistry - Adding type registration java.math.BigInteger -> org.hibernate.type.BigIntegerType@13d0772
01:32:02.832 [main] DEBUG org.hibernate.type.BasicTypeRegistry - Adding type registration string -> org.hibernate.type.StringType@67f029
01:32:02.834 [main] DEBUG org.hibernate.type.BasicTypeRegistry - Adding type registration java.lang.String -> org.hibernate.type.StringType@67f029
01:32:02.836 [main] DEBUG org.hibernate.type.BasicTypeRegistry - Adding type registration nstring -> org.hibernate.type.StringNVarcharType@9cd3b1
01:32:02.837 [main] DEBUG org.hibernate.type.BasicTypeRegistry - Adding type registration ncharacter -> org.hibernate.type.CharacterNCharType@400542
01:32:02.838 [main] DEBUG org.hibernate.type.BasicTypeRegistry - Adding type registration url -> org.hibernate.type.UrlType@180cfdd
01:32:02.840 [main] DEBUG org.hibernate.type.BasicTypeRegistry - Adding type registration java.net.URL -> org.hibernate.type.UrlType@180cfdd
01:32:02.842 [main] DEBUG org.hibernate.type.BasicTypeRegistry - Adding type registration date -> org.hibernate.type.DateType@b85f9
01:32:02.845 [main] DEBUG org.hibernate.type.BasicTypeRegistry - Adding type registration java.sql.Date -> org.hibernate.type.DateType@b85f9
01:32:02.846 [main] DEBUG org.hibernate.type.BasicTypeRegistry - Adding type registration time -> org.hibernate.type.TimeType@1355449
01:32:02.847 [main] DEBUG org.hibernate.type.BasicTypeRegistry - Adding type registration java.sql.Time -> org.hibernate.type.TimeType@1355449
01:32:02.849 [main] DEBUG org.hibernate.type.BasicTypeRegistry - Adding type registration timestamp -> org.hibernate.type.TimestampType@1353778
01:32:02.851 [main] DEBUG org.hibernate.type.BasicTypeRegistry - Adding type registration java.sql.Timestamp -> org.hibernate.type.TimestampType@1353778
01:32:02.852 [main] DEBUG org.hibernate.type.BasicTypeRegistry - Adding type registration java.util.Date -> org.hibernate.type.TimestampType@1353778
01:32:02.853 [main] DEBUG org.hibernate.type.BasicTypeRegistry - Adding type registration dbtimestamp -> org.hibernate.type.DbTimestampType@28ffa4
01:32:02.854 [main] DEBUG org.hibernate.type.BasicTypeRegistry - Adding type registration calendar -> org.hibernate.type.CalendarType@ae9b55
01:32:02.857 [main] DEBUG org.hibernate.type.BasicTypeRegistry - Adding type registration java.util.Calendar -> org.hibernate.type.CalendarType@ae9b55
01:32:02.860 [main] DEBUG org.hibernate.type.BasicTypeRegistry - Adding type registration java.util.GregorianCalendar -> org.hibernate.type.CalendarType@ae9b55
01:32:02.867 [main] DEBUG org.hibernate.type.BasicTypeRegistry - Adding type registration calendar_date -> org.hibernate.type.CalendarDateType@1700915
01:32:02.873 [main] DEBUG org.hibernate.type.BasicTypeRegistry - Adding type registration locale -> org.hibernate.type.LocaleType@1de60b4
01:32:02.874 [main] DEBUG org.hibernate.type.BasicTypeRegistry - Adding type registration java.util.Locale -> org.hibernate.type.LocaleType@1de60b4
01:32:02.876 [main] DEBUG org.hibernate.type.BasicTypeRegistry - Adding type registration currency -> org.hibernate.type.CurrencyType@267ef4
01:32:02.877 [main] DEBUG org.hibernate.type.BasicTypeRegistry - Adding type registration java.util.Currency -> org.hibernate.type.CurrencyType@267ef4
01:32:02.883 [main] DEBUG org.hibernate.type.BasicTypeRegistry - Adding type registration timezone -> org.hibernate.type.TimeZoneType@ee2816
01:32:02.885 [main] DEBUG org.hibernate.type.BasicTypeRegistry - Adding type registration java.util.TimeZone -> org.hibernate.type.TimeZoneType@ee2816
01:32:02.886 [main] DEBUG org.hibernate.type.BasicTypeRegistry - Adding type registration class -> org.hibernate.type.ClassType@1d7b7bf
01:32:02.887 [main] DEBUG org.hibernate.type.BasicTypeRegistry - Adding type registration java.lang.Class -> org.hibernate.type.ClassType@1d7b7bf
01:32:02.888 [main] DEBUG org.hibernate.type.BasicTypeRegistry - Adding type registration uuid-binary -> org.hibernate.type.UUIDBinaryType@15eaaf1
01:32:02.889 [main] DEBUG org.hibernate.type.BasicTypeRegistry - Adding type registration java.util.UUID -> org.hibernate.type.UUIDBinaryType@15eaaf1
01:32:02.890 [main] DEBUG org.hibernate.type.BasicTypeRegistry - Adding type registration uuid-char -> org.hibernate.type.UUIDCharType@30a9b0
01:32:02.891 [main] DEBUG org.hibernate.type.BasicTypeRegistry - Adding type registration binary -> org.hibernate.type.BinaryType@1df84b8
01:32:02.892 [main] DEBUG org.hibernate.type.BasicTypeRegistry - Adding type registration byte[] -> org.hibernate.type.BinaryType@1df84b8
01:32:02.893 [main] DEBUG org.hibernate.type.BasicTypeRegistry - Adding type registration [B -> org.hibernate.type.BinaryType@1df84b8
01:32:02.896 [main] DEBUG org.hibernate.type.BasicTypeRegistry - Adding type registration wrapper-binary -> org.hibernate.type.WrapperBinaryType@139b2f3
01:32:02.897 [main] DEBUG org.hibernate.type.BasicTypeRegistry - Adding type registration Byte[] -> org.hibernate.type.WrapperBinaryType@139b2f3
01:32:02.900 [main] DEBUG org.hibernate.type.BasicTypeRegistry - Adding type registration [Ljava.lang.Byte; -> org.hibernate.type.WrapperBinaryType@139b2f3
01:32:02.901 [main] DEBUG org.hibernate.type.BasicTypeRegistry - Adding type registration image -> org.hibernate.type.ImageType@1a69b07
01:32:02.902 [main] DEBUG org.hibernate.type.BasicTypeRegistry - Adding type registration characters -> org.hibernate.type.CharArrayType@82df6a
01:32:02.904 [main] DEBUG org.hibernate.type.BasicTypeRegistry - Adding type registration char[] -> org.hibernate.type.CharArrayType@82df6a
01:32:02.905 [main] DEBUG org.hibernate.type.BasicTypeRegistry - Adding type registration [C -> org.hibernate.type.CharArrayType@82df6a
01:32:02.907 [main] DEBUG org.hibernate.type.BasicTypeRegistry - Adding type registration wrapper-characters -> org.hibernate.type.CharacterArrayType@1197a46
01:32:02.909 [main] DEBUG org.hibernate.type.BasicTypeRegistry - Adding type registration [Ljava.lang.Character; -> org.hibernate.type.CharacterArrayType@1197a46
01:32:02.911 [main] DEBUG org.hibernate.type.BasicTypeRegistry - Adding type registration Character[] -> org.hibernate.type.CharacterArrayType@1197a46
01:32:02.912 [main] DEBUG org.hibernate.type.BasicTypeRegistry - Adding type registration text -> org.hibernate.type.TextType@16be97c
01:32:02.913 [main] DEBUG org.hibernate.type.BasicTypeRegistry - Adding type registration ntext -> org.hibernate.type.NTextType@a638b5
01:32:02.914 [main] DEBUG org.hibernate.type.BasicTypeRegistry - Adding type registration blob -> org.hibernate.type.BlobType@17d444
01:32:02.915 [main] DEBUG org.hibernate.type.BasicTypeRegistry - Adding type registration java.sql.Blob -> org.hibernate.type.BlobType@17d444
01:32:02.916 [main] DEBUG org.hibernate.type.BasicTypeRegistry - Adding type registration materialized_blob -> org.hibernate.type.MaterializedBlobType@a8564a
01:32:02.917 [main] DEBUG org.hibernate.type.BasicTypeRegistry - Adding type registration clob -> org.hibernate.type.ClobType@b472aa
01:32:02.926 [main] DEBUG org.hibernate.type.BasicTypeRegistry - Adding type registration java.sql.Clob -> org.hibernate.type.ClobType@b472aa
01:32:02.927 [main] DEBUG org.hibernate.type.BasicTypeRegistry - Adding type registration nclob -> org.hibernate.type.NClobType@1368b99
01:32:02.928 [main] DEBUG org.hibernate.type.BasicTypeRegistry - Adding type registration java.sql.NClob -> org.hibernate.type.NClobType@1368b99
01:32:02.929 [main] DEBUG org.hibernate.type.BasicTypeRegistry - Adding type registration materialized_clob -> org.hibernate.type.MaterializedClobType@125dc0f
01:32:02.930 [main] DEBUG org.hibernate.type.BasicTypeRegistry - Adding type registration materialized_nclob -> org.hibernate.type.MaterializedNClobType@111c2a7
01:32:02.931 [main] DEBUG org.hibernate.type.BasicTypeRegistry - Adding type registration serializable -> org.hibernate.type.SerializableType@c3c60d
01:32:02.932 [main] DEBUG org.hibernate.type.BasicTypeRegistry - Adding type registration object -> org.hibernate.type.ObjectType@bbffcd
01:32:02.933 [main] DEBUG org.hibernate.type.BasicTypeRegistry - Adding type registration java.lang.Object -> org.hibernate.type.ObjectType@bbffcd
01:32:02.938 [main] DEBUG org.hibernate.type.BasicTypeRegistry - Adding type registration imm_date -> org.hibernate.type.AdaptedImmutableType@11cfb87
01:32:02.940 [main] DEBUG org.hibernate.type.BasicTypeRegistry - Adding type registration imm_time -> org.hibernate.type.AdaptedImmutableType@21330f
01:32:02.943 [main] DEBUG org.hibernate.type.BasicTypeRegistry - Adding type registration imm_timestamp -> org.hibernate.type.AdaptedImmutableType@f43c82
01:32:02.944 [main] DEBUG org.hibernate.type.BasicTypeRegistry - Adding type registration imm_dbtimestamp -> org.hibernate.type.AdaptedImmutableType@1b6b9cd
01:32:02.945 [main] DEBUG org.hibernate.type.BasicTypeRegistry - Adding type registration imm_calendar -> org.hibernate.type.AdaptedImmutableType@10ab13f
01:32:02.950 [main] DEBUG org.hibernate.type.BasicTypeRegistry - Adding type registration imm_calendar_date -> org.hibernate.type.AdaptedImmutableType@b2475a
01:32:02.951 [main] DEBUG org.hibernate.type.BasicTypeRegistry - Adding type registration imm_binary -> org.hibernate.type.AdaptedImmutableType@1857fe2
01:32:02.952 [main] DEBUG org.hibernate.type.BasicTypeRegistry - Adding type registration imm_serializable -> org.hibernate.type.AdaptedImmutableType@115d60e
01:32:02.954 [main] DEBUG o.h.boot.model.relational.Namespace - Created database namespace [logicalName=Name{catalog=null, schema=null}, physicalName=Name{catalog=null, schema=null}]
01:32:03.062 [main] DEBUG o.h.internal.SessionFactoryImpl - Building session factory
01:32:03.072 [main] DEBUG org.hibernate.cfg.Settings - SessionFactory name : null
01:32:03.073 [main] DEBUG org.hibernate.cfg.Settings - Automatic flush during beforeCompletion(): disabled
01:32:03.074 [main] DEBUG org.hibernate.cfg.Settings - Automatic session close at end of transaction: disabled
01:32:03.079 [main] DEBUG org.hibernate.cfg.Settings - Statistics: disabled
01:32:03.080 [main] DEBUG org.hibernate.cfg.Settings - Deleted entity synthetic identifier rollback: disabled
01:32:03.081 [main] DEBUG org.hibernate.cfg.Settings - Default entity-mode: pojo
01:32:03.086 [main] DEBUG org.hibernate.cfg.Settings - Check Nullability in Core (should be disabled when Bean Validation is on): enabled
01:32:03.089 [main] DEBUG org.hibernate.cfg.Settings - Allow initialization of lazy state outside session : disabled
01:32:03.091 [main] DEBUG org.hibernate.cfg.Settings - Using BatchFetchStyle : LEGACY
01:32:03.095 [main] DEBUG org.hibernate.cfg.Settings - Default batch fetch size: -1
01:32:03.097 [main] DEBUG org.hibernate.cfg.Settings - Maximum outer join fetch depth: 2
01:32:03.098 [main] DEBUG org.hibernate.cfg.Settings - Default null ordering: NONE
01:32:03.106 [main] DEBUG org.hibernate.cfg.Settings - Order SQL updates by primary key: disabled
01:32:03.112 [main] DEBUG org.hibernate.cfg.Settings - Order SQL inserts for batching: disabled
01:32:03.115 [main] DEBUG org.hibernate.cfg.Settings - multi-tenancy strategy : NONE
01:32:03.124 [main] DEBUG org.hibernate.cfg.Settings - JTA Track by Thread: enabled
01:32:03.125 [main] DEBUG org.hibernate.cfg.Settings - Query language substitutions: {}
01:32:03.126 [main] DEBUG org.hibernate.cfg.Settings - JPA query language strict compliance: disabled
01:32:03.132 [main] DEBUG org.hibernate.cfg.Settings - Named query checking : enabled
01:32:03.133 [main] DEBUG org.hibernate.cfg.Settings - Second-level cache: enabled
01:32:03.135 [main] DEBUG org.hibernate.cfg.Settings - Second-level query cache: disabled
01:32:03.141 [main] DEBUG org.hibernate.cfg.Settings - Second-level query cache factory: org.hibernate.cache.internal.StandardQueryCacheFactory@804139
01:32:03.144 [main] DEBUG org.hibernate.cfg.Settings - Second-level cache region prefix: null
01:32:03.147 [main] DEBUG org.hibernate.cfg.Settings - Optimize second-level cache for minimal puts: disabled
01:32:03.151 [main] DEBUG org.hibernate.cfg.Settings - Structured second-level cache entries: disabled
01:32:03.153 [main] DEBUG org.hibernate.cfg.Settings - Second-level cache direct-reference entries: disabled
01:32:03.154 [main] DEBUG org.hibernate.cfg.Settings - Automatic eviction of collection cache: disabled
01:32:03.155 [main] DEBUG org.hibernate.cfg.Settings - JDBC batch size: 15
01:32:03.160 [main] DEBUG org.hibernate.cfg.Settings - JDBC batch updates for versioned data: enabled
01:32:03.161 [main] DEBUG org.hibernate.cfg.Settings - Scrollable result sets: enabled
01:32:03.162 [main] DEBUG org.hibernate.cfg.Settings - Wrap result sets: disabled
01:32:03.163 [main] DEBUG org.hibernate.cfg.Settings - JDBC3 getGeneratedKeys(): enabled
01:32:03.165 [main] DEBUG org.hibernate.cfg.Settings - JDBC result set fetch size: null
01:32:03.166 [main] DEBUG org.hibernate.cfg.Settings - Connection release mode: ON_CLOSE
01:32:03.171 [main] DEBUG org.hibernate.cfg.Settings - Generate SQL with comments: disabled
01:32:03.387 [main] DEBUG o.h.internal.SessionFactoryImpl - Session factory constructed with filter configurations : {}
01:32:03.393 [main] DEBUG o.h.internal.SessionFactoryImpl - Instantiating session factory with properties: {java.runtime.name=OpenJDK Runtime Environment, java.vm.version=25.45-b02, sun.boot.library.path=/usr/lib/jvm/java-1.8.0-openjdk-1.8.0.45-36.b13.fc22.i386/jre/lib/i386, hibernate.boot.CfgXmlAccessService.key=org.hibernate.boot.cfgxml.spi.LoadedConfig@114a7d4, java.vm.vendor=Oracle Corporation, java.vendor.url=http://java.oracle.com/, path.separator=:, java.vm.name=OpenJDK Server VM, file.encoding.pkg=sun.io, sun.os.patch.level=unknown, user.country=US, sun.java.launcher=SUN_STANDARD, java.vm.specification.name=Java Virtual Machine Specification, user.dir=/home/osboxes/hibernate-test, java.runtime.version=1.8.0_45-b13, java.awt.graphicsenv=sun.awt.X11GraphicsEnvironment, basedir=/home/osboxes/hibernate-test, os.arch=i386, java.endorsed.dirs=/usr/lib/jvm/java-1.8.0-openjdk-1.8.0.45-36.b13.fc22.i386/jre/lib/endorsed, surefire.real.class.path=/home/osboxes/hibernate-test/target/surefire/surefirebooter8746759799199068026.jar, java.io.tmpdir=/tmp, line.separator=
, java.vm.specification.vendor=Oracle Corporation, os.name=Linux, sun.jnu.encoding=UTF-8, hibernate.connection.datasource=com.mysql.jdbc.jdbc2.optional.MysqlDataSource@e7a6b2, java.library.path=/usr/java/packages/lib/i386:/lib:/usr/lib, surefire.test.class.path=/home/osboxes/hibernate-test/target/test-classes:/home/osboxes/hibernate-test/target/classes:/home/osboxes/.m2/repository/org/springframework/boot/spring-boot-starter-data-jpa/1.2.5.RELEASE/spring-boot-starter-data-jpa-1.2.5.RELEASE.jar:/home/osboxes/.m2/repository/org/springframework/boot/spring-boot-starter/1.2.5.RELEASE/spring-boot-starter-1.2.5.RELEASE.jar:/home/osboxes/.m2/repository/org/springframework/boot/spring-boot/1.2.5.RELEASE/spring-boot-1.2.5.RELEASE.jar:/home/osboxes/.m2/repository/org/springframework/boot/spring-boot-autoconfigure/1.2.5.RELEASE/spring-boot-autoconfigure-1.2.5.RELEASE.jar:/home/osboxes/.m2/repository/org/springframework/boot/spring-boot-starter-logging/1.2.5.RELEASE/spring-boot-starter-logging-1.2.5.RELEASE.jar:/home/osboxes/.m2/repository/org/slf4j/jul-to-slf4j/1.7.12/jul-to-slf4j-1.7.12.jar:/home/osboxes/.m2/repository/org/slf4j/log4j-over-slf4j/1.7.12/log4j-over-slf4j-1.7.12.jar:/home/osboxes/.m2/repository/ch/qos/logback/logback-classic/1.1.3/logback-classic-1.1.3.jar:/home/osboxes/.m2/repository/ch/qos/logback/logback-core/1.1.3/logback-core-1.1.3.jar:/home/osboxes/.m2/repository/org/yaml/snakeyaml/1.14/snakeyaml-1.14.jar:/home/osboxes/.m2/repository/org/springframework/boot/spring-boot-starter-aop/1.2.5.RELEASE/spring-boot-starter-aop-1.2.5.RELEASE.jar:/home/osboxes/.m2/repository/org/springframework/spring-aop/4.1.7.RELEASE/spring-aop-4.1.7.RELEASE.jar:/home/osboxes/.m2/repository/aopalliance/aopalliance/1.0/aopalliance-1.0.jar:/home/osboxes/.m2/repository/org/aspectj/aspectjrt/1.8.6/aspectjrt-1.8.6.jar:/home/osboxes/.m2/repository/org/aspectj/aspectjweaver/1.8.6/aspectjweaver-1.8.6.jar:/home/osboxes/.m2/repository/org/springframework/spring-core/4.1.7.RELEASE/spring-core-4.1.7.RELEASE.jar:/home/osboxes/.m2/repository/org/springframework/boot/spring-boot-starter-jdbc/1.2.5.RELEASE/spring-boot-starter-jdbc-1.2.5.RELEASE.jar:/home/osboxes/.m2/repository/org/springframework/spring-jdbc/4.1.7.RELEASE/spring-jdbc-4.1.7.RELEASE.jar:/home/osboxes/.m2/repository/org/apache/tomcat/tomcat-jdbc/8.0.23/tomcat-jdbc-8.0.23.jar:/home/osboxes/.m2/repository/org/apache/tomcat/tomcat-juli/8.0.23/tomcat-juli-8.0.23.jar:/home/osboxes/.m2/repository/org/springframework/spring-tx/4.1.7.RELEASE/spring-tx-4.1.7.RELEASE.jar:/home/osboxes/.m2/repository/org/hibernate/hibernate-entitymanager/5.0.0.Final/hibernate-entitymanager-5.0.0.Final.jar:/home/osboxes/.m2/repository/dom4j/dom4j/1.6.1/dom4j-1.6.1.jar:/home/osboxes/.m2/repository/xml-apis/xml-apis/1.0.b2/xml-apis-1.0.b2.jar:/home/osboxes/.m2/repository/org/hibernate/common/hibernate-commons-annotations/5.0.0.Final/hibernate-commons-annotations-5.0.0.Final.jar:/home/osboxes/.m2/repository/org/hibernate/javax/persistence/hibernate-jpa-2.1-api/1.0.0.Final/hibernate-jpa-2.1-api-1.0.0.Final.jar:/home/osboxes/.m2/repository/org/apache/geronimo/specs/geronimo-jta_1.1_spec/1.1.1/geronimo-jta_1.1_spec-1.1.1.jar:/home/osboxes/.m2/repository/org/javassist/javassist/3.18.1-GA/javassist-3.18.1-GA.jar:/home/osboxes/.m2/repository/javax/transaction/javax.transaction-api/1.2/javax.transaction-api-1.2.jar:/home/osboxes/.m2/repository/org/springframework/spring-orm/4.1.7.RELEASE/spring-orm-4.1.7.RELEASE.jar:/home/osboxes/.m2/repository/org/springframework/spring-beans/4.1.7.RELEASE/spring-beans-4.1.7.RELEASE.jar:/home/osboxes/.m2/repository/org/springframework/data/spring-data-jpa/1.7.3.RELEASE/spring-data-jpa-1.7.3.RELEASE.jar:/home/osboxes/.m2/repository/org/springframework/data/spring-data-commons/1.9.3.RELEASE/spring-data-commons-1.9.3.RELEASE.jar:/home/osboxes/.m2/repository/org/springframework/spring-context/4.1.7.RELEASE/spring-context-4.1.7.RELEASE.jar:/home/osboxes/.m2/repository/org/springframework/spring-expression/4.1.7.RELEASE/spring-expression-4.1.7.RELEASE.jar:/home/osboxes/.m2/repository/org/slf4j/slf4j-api/1.7.12/slf4j-api-1.7.12.jar:/home/osboxes/.m2/repository/org/slf4j/jcl-over-slf4j/1.7.12/jcl-over-slf4j-1.7.12.jar:/home/osboxes/.m2/repository/org/springframework/spring-aspects/4.1.7.RELEASE/spring-aspects-4.1.7.RELEASE.jar:/home/osboxes/.m2/repository/org/hibernate/hibernate-testing/5.0.0.Final/hibernate-testing-5.0.0.Final.jar:/home/osboxes/.m2/repository/org/jboss/logging/jboss-logging/3.3.0.Final/jboss-logging-3.3.0.Final.jar:/home/osboxes/.m2/repository/org/hibernate/hibernate-core/5.0.0.Final/hibernate-core-5.0.0.Final.jar:/home/osboxes/.m2/repository/antlr/antlr/2.7.7/antlr-2.7.7.jar:/home/osboxes/.m2/repository/org/jboss/jandex/1.2.2.Final/jandex-1.2.2.Final.jar:/home/osboxes/.m2/repository/junit/junit/4.12/junit-4.12.jar:/home/osboxes/.m2/repository/org/hamcrest/hamcrest-core/1.3/hamcrest-core-1.3.jar:/home/osboxes/.m2/repository/org/jboss/byteman/byteman/2.1.2/byteman-2.1.2.jar:/home/osboxes/.m2/repository/org/jboss/byteman/byteman-install/2.1.2/byteman-install-2.1.2.jar:/usr/lib/jvm/java-1.8.0-openjdk-1.8.0.45-36.b13.fc22.i386/jre/../lib/tools.jar:/home/osboxes/.m2/repository/org/jboss/byteman/byteman-bmunit/2.1.2/byteman-bmunit-2.1.2.jar:/home/osboxes/.m2/repository/org/jboss/byteman/byteman-submit/2.1.2/byteman-submit-2.1.2.jar:/home/osboxes/.m2/repository/com/experlog/xapool/1.5.0/xapool-1.5.0.jar:/home/osboxes/.m2/repository/log4j/log4j/1.2.17/log4j-1.2.17.jar:/home/osboxes/.m2/repository/org/jboss/jbossts/jbossjta/4.16.4.Final/jbossjta-4.16.4.Final.jar:/home/osboxes/.m2/repository/mysql/mysql-connector-java/5.1.36/mysql-connector-java-5.1.36.jar:, java.class.version=52.0, java.specification.name=Java Platform API Specification, sun.management.compiler=HotSpot Tiered Compilers, os.version=4.0.4-301.fc22.i686, user.home=/home/osboxes, user.timezone=America/New_York, java.awt.printerjob=sun.print.PSPrinterJob, file.encoding=UTF-8, java.specification.version=1.8, user.name=osboxes, java.class.path=/home/osboxes/hibernate-test/target/test-classes:/home/osboxes/hibernate-test/target/classes:/home/osboxes/.m2/repository/org/springframework/boot/spring-boot-starter-data-jpa/1.2.5.RELEASE/spring-boot-starter-data-jpa-1.2.5.RELEASE.jar:/home/osboxes/.m2/repository/org/springframework/boot/spring-boot-starter/1.2.5.RELEASE/spring-boot-starter-1.2.5.RELEASE.jar:/home/osboxes/.m2/repository/org/springframework/boot/spring-boot/1.2.5.RELEASE/spring-boot-1.2.5.RELEASE.jar:/home/osboxes/.m2/repository/org/springframework/boot/spring-boot-autoconfigure/1.2.5.RELEASE/spring-boot-autoconfigure-1.2.5.RELEASE.jar:/home/osboxes/.m2/repository/org/springframework/boot/spring-boot-starter-logging/1.2.5.RELEASE/spring-boot-starter-logging-1.2.5.RELEASE.jar:/home/osboxes/.m2/repository/org/slf4j/jul-to-slf4j/1.7.12/jul-to-slf4j-1.7.12.jar:/home/osboxes/.m2/repository/org/slf4j/log4j-over-slf4j/1.7.12/log4j-over-slf4j-1.7.12.jar:/home/osboxes/.m2/repository/ch/qos/logback/logback-classic/1.1.3/logback-classic-1.1.3.jar:/home/osboxes/.m2/repository/ch/qos/logback/logback-core/1.1.3/logback-core-1.1.3.jar:/home/osboxes/.m2/repository/org/yaml/snakeyaml/1.14/snakeyaml-1.14.jar:/home/osboxes/.m2/repository/org/springframework/boot/spring-boot-starter-aop/1.2.5.RELEASE/spring-boot-starter-aop-1.2.5.RELEASE.jar:/home/osboxes/.m2/repository/org/springframework/spring-aop/4.1.7.RELEASE/spring-aop-4.1.7.RELEASE.jar:/home/osboxes/.m2/repository/aopalliance/aopalliance/1.0/aopalliance-1.0.jar:/home/osboxes/.m2/repository/org/aspectj/aspectjrt/1.8.6/aspectjrt-1.8.6.jar:/home/osboxes/.m2/repository/org/aspectj/aspectjweaver/1.8.6/aspectjweaver-1.8.6.jar:/home/osboxes/.m2/repository/org/springframework/spring-core/4.1.7.RELEASE/spring-core-4.1.7.RELEASE.jar:/home/osboxes/.m2/repository/org/springframework/boot/spring-boot-starter-jdbc/1.2.5.RELEASE/spring-boot-starter-jdbc-1.2.5.RELEASE.jar:/home/osboxes/.m2/repository/org/springframework/spring-jdbc/4.1.7.RELEASE/spring-jdbc-4.1.7.RELEASE.jar:/home/osboxes/.m2/repository/org/apache/tomcat/tomcat-jdbc/8.0.23/tomcat-jdbc-8.0.23.jar:/home/osboxes/.m2/repository/org/apache/tomcat/tomcat-juli/8.0.23/tomcat-juli-8.0.23.jar:/home/osboxes/.m2/repository/org/springframework/spring-tx/4.1.7.RELEASE/spring-tx-4.1.7.RELEASE.jar:/home/osboxes/.m2/repository/org/hibernate/hibernate-entitymanager/5.0.0.Final/hibernate-entitymanager-5.0.0.Final.jar:/home/osboxes/.m2/repository/dom4j/dom4j/1.6.1/dom4j-1.6.1.jar:/home/osboxes/.m2/repository/xml-apis/xml-apis/1.0.b2/xml-apis-1.0.b2.jar:/home/osboxes/.m2/repository/org/hibernate/common/hibernate-commons-annotations/5.0.0.Final/hibernate-commons-annotations-5.0.0.Final.jar:/home/osboxes/.m2/repository/org/hibernate/javax/persistence/hibernate-jpa-2.1-api/1.0.0.Final/hibernate-jpa-2.1-api-1.0.0.Final.jar:/home/osboxes/.m2/repository/org/apache/geronimo/specs/geronimo-jta_1.1_spec/1.1.1/geronimo-jta_1.1_spec-1.1.1.jar:/home/osboxes/.m2/repository/org/javassist/javassist/3.18.1-GA/javassist-3.18.1-GA.jar:/home/osboxes/.m2/repository/javax/transaction/javax.transaction-api/1.2/javax.transaction-api-1.2.jar:/home/osboxes/.m2/repository/org/springframework/spring-orm/4.1.7.RELEASE/spring-orm-4.1.7.RELEASE.jar:/home/osboxes/.m2/repository/org/springframework/spring-beans/4.1.7.RELEASE/spring-beans-4.1.7.RELEASE.jar:/home/osboxes/.m2/repository/org/springframework/data/spring-data-jpa/1.7.3.RELEASE/spring-data-jpa-1.7.3.RELEASE.jar:/home/osboxes/.m2/repository/org/springframework/data/spring-data-commons/1.9.3.RELEASE/spring-data-commons-1.9.3.RELEASE.jar:/home/osboxes/.m2/repository/org/springframework/spring-context/4.1.7.RELEASE/spring-context-4.1.7.RELEASE.jar:/home/osboxes/.m2/repository/org/springframework/spring-expression/4.1.7.RELEASE/spring-expression-4.1.7.RELEASE.jar:/home/osboxes/.m2/repository/org/slf4j/slf4j-api/1.7.12/slf4j-api-1.7.12.jar:/home/osboxes/.m2/repository/org/slf4j/jcl-over-slf4j/1.7.12/jcl-over-slf4j-1.7.12.jar:/home/osboxes/.m2/repository/org/springframework/spring-aspects/4.1.7.RELEASE/spring-aspects-4.1.7.RELEASE.jar:/home/osboxes/.m2/repository/org/hibernate/hibernate-testing/5.0.0.Final/hibernate-testing-5.0.0.Final.jar:/home/osboxes/.m2/repository/org/jboss/logging/jboss-logging/3.3.0.Final/jboss-logging-3.3.0.Final.jar:/home/osboxes/.m2/repository/org/hibernate/hibernate-core/5.0.0.Final/hibernate-core-5.0.0.Final.jar:/home/osboxes/.m2/repository/antlr/antlr/2.7.7/antlr-2.7.7.jar:/home/osboxes/.m2/repository/org/jboss/jandex/1.2.2.Final/jandex-1.2.2.Final.jar:/home/osboxes/.m2/repository/junit/junit/4.12/junit-4.12.jar:/home/osboxes/.m2/repository/org/hamcrest/hamcrest-core/1.3/hamcrest-core-1.3.jar:/home/osboxes/.m2/repository/org/jboss/byteman/byteman/2.1.2/byteman-2.1.2.jar:/home/osboxes/.m2/repository/org/jboss/byteman/byteman-install/2.1.2/byteman-install-2.1.2.jar:/usr/lib/jvm/java-1.8.0-openjdk-1.8.0.45-36.b13.fc22.i386/jre/../lib/tools.jar:/home/osboxes/.m2/repository/org/jboss/byteman/byteman-bmunit/2.1.2/byteman-bmunit-2.1.2.jar:/home/osboxes/.m2/repository/org/jboss/byteman/byteman-submit/2.1.2/byteman-submit-2.1.2.jar:/home/osboxes/.m2/repository/com/experlog/xapool/1.5.0/xapool-1.5.0.jar:/home/osboxes/.m2/repository/log4j/log4j/1.2.17/log4j-1.2.17.jar:/home/osboxes/.m2/repository/org/jboss/jbossts/jbossjta/4.16.4.Final/jbossjta-4.16.4.Final.jar:/home/osboxes/.m2/repository/mysql/mysql-connector-java/5.1.36/mysql-connector-java-5.1.36.jar:, hibernate.bytecode.use_reflection_optimizer=false, java.vm.specification.version=1.8, sun.arch.data.model=32, sun.java.command=/home/osboxes/hibernate-test/target/surefire/surefirebooter8746759799199068026.jar /home/osboxes/hibernate-test/target/surefire/surefire6648136048402333061tmp /home/osboxes/hibernate-test/target/surefire/surefire_08213659165537824392tmp, java.home=/usr/lib/jvm/java-1.8.0-openjdk-1.8.0.45-36.b13.fc22.i386/jre, hibernate.dialect=org.hibernate.dialect.MySQLDialect, user.language=en, java.specification.vendor=Oracle Corporation, awt.toolkit=sun.awt.X11.XToolkit, java.vm.info=mixed mode, java.version=1.8.0_45, java.ext.dirs=/usr/lib/jvm/java-1.8.0-openjdk-1.8.0.45-36.b13.fc22.i386/jre/lib/ext:/usr/java/packages/lib/ext, sun.boot.class.path=/usr/lib/jvm/java-1.8.0-openjdk-1.8.0.45-36.b13.fc22.i386/jre/lib/resources.jar:/usr/lib/jvm/java-1.8.0-openjdk-1.8.0.45-36.b13.fc22.i386/jre/lib/rt.jar:/usr/lib/jvm/java-1.8.0-openjdk-1.8.0.45-36.b13.fc22.i386/jre/lib/sunrsasign.jar:/usr/lib/jvm/java-1.8.0-openjdk-1.8.0.45-36.b13.fc22.i386/jre/lib/jsse.jar:/usr/lib/jvm/java-1.8.0-openjdk-1.8.0.45-36.b13.fc22.i386/jre/lib/jce.jar:/usr/lib/jvm/java-1.8.0-openjdk-1.8.0.45-36.b13.fc22.i386/jre/lib/charsets.jar:/usr/lib/jvm/java-1.8.0-openjdk-1.8.0.45-36.b13.fc22.i386/jre/lib/jfr.jar:/usr/lib/jvm/java-1.8.0-openjdk-1.8.0.45-36.b13.fc22.i386/jre/classes, java.vendor=Oracle Corporation, localRepository=/home/osboxes/.m2/repository, file.separator=/, java.vendor.url.bug=http://bugreport.sun.com/bugreport/, sun.io.unicode.encoding=UnicodeLittle, sun.cpu.endian=little, sun.desktop=gnome, sun.cpu.isalist=}
01:32:03.442 [main] DEBUG o.h.secure.spi.JaccIntegrator - Skipping JACC integration as it was not enabled
01:32:03.466 [main] DEBUG o.h.internal.SessionFactoryImpl - Instantiated session factory
01:32:03.473 [main] DEBUG o.h.e.t.j.p.i.JtaPlatformInitiator - No JtaPlatform was specified, checking resolver
01:32:03.475 [main] DEBUG o.h.e.t.j.p.i.JtaPlatformResolverInitiator - No JtaPlatformResolver was specified, using default [org.hibernate.engine.transaction.jta.platform.internal.StandardJtaPlatformResolver]
01:32:03.668 [main] DEBUG o.h.internal.NamedQueryRepository - Checking 0 named HQL queries
01:32:03.672 [main] DEBUG o.h.internal.NamedQueryRepository - Checking 0 named SQL queries
01:32:03.674 [main] DEBUG o.h.internal.SessionFactoryRegistry - Registering SessionFactory: 32b57905-034e-45c1-91e9-c47d7a75046b (<unnamed>)
01:32:03.675 [main] DEBUG o.h.internal.SessionFactoryRegistry - Not binding SessionFactory to JNDI, no JNDI name configured
01:32:03.836 [main] DEBUG o.h.s.internal.StatisticsInitiator - Statistics initialized [enabled=false]
01:32:03.892 [main] DEBUG org.hibernate.SQL - drop table if exists myentity
01:32:03.980 [main] DEBUG org.hibernate.SQL - create table myentity (id integer not null, primary key (id))
********* Starting SchemaExport for START-UP *************************
01:32:04.121 [main] INFO  o.h.tool.hbm2ddl.SchemaExport - HHH000227: Running hbm2ddl schema export
01:32:04.127 [main] DEBUG o.h.tool.hbm2ddl.SchemaExport - Import file not found: /import.sql
01:32:04.157 [main] DEBUG org.hibernate.SQL - drop table if exists MyEntity
drop table if exists MyEntity
01:32:04.190 [main] DEBUG org.hibernate.SQL - create table MyEntity (id integer not null, primary key (id))
create table MyEntity (id integer not null, primary key (id))
01:32:04.252 [main] INFO  o.h.tool.hbm2ddl.SchemaExport - HHH000230: Schema export complete
********* Completed SchemaExport for START-UP *************************
01:32:04.264 [main] INFO  o.h.tool.hbm2ddl.SchemaUpdate - HHH000228: Running hbm2ddl schema update
01:32:04.365 [main] INFO  o.h.t.s.e.i.InformationExtractorJdbcDatabaseMetaDataImpl - HHH000263: More than one table found: MyEntity
01:32:04.368 [main] DEBUG o.h.i.internal.IntegratorServiceImpl - Adding Integrator [org.hibernate.cfg.beanvalidation.BeanValidationIntegrator].
01:32:04.369 [main] DEBUG o.h.i.internal.IntegratorServiceImpl - Adding Integrator [org.hibernate.secure.spi.JaccIntegrator].
01:32:04.370 [main] DEBUG o.h.i.internal.IntegratorServiceImpl - Adding Integrator [org.hibernate.cache.internal.CollectionCacheInvalidator].
01:32:04.377 [main] DEBUG org.hibernate.cfg.Configuration - Building session factory using provided StandardServiceRegistry
01:32:04.380 [main] DEBUG org.hibernate.type.BasicTypeRegistry - Adding type registration boolean -> org.hibernate.type.BooleanType@4b8173
01:32:04.390 [main] DEBUG org.hibernate.type.BasicTypeRegistry - Adding type registration boolean -> org.hibernate.type.BooleanType@4b8173
01:32:04.394 [main] DEBUG org.hibernate.type.BasicTypeRegistry - Adding type registration java.lang.Boolean -> org.hibernate.type.BooleanType@4b8173
01:32:04.397 [main] DEBUG org.hibernate.type.BasicTypeRegistry - Adding type registration numeric_boolean -> org.hibernate.type.NumericBooleanType@10e8f8e
01:32:04.401 [main] DEBUG org.hibernate.type.BasicTypeRegistry - Adding type registration true_false -> org.hibernate.type.TrueFalseType@1046283
01:32:04.402 [main] DEBUG org.hibernate.type.BasicTypeRegistry - Adding type registration yes_no -> org.hibernate.type.YesNoType@1d03f44
01:32:04.405 [main] DEBUG org.hibernate.type.BasicTypeRegistry - Adding type registration byte -> org.hibernate.type.ByteType@1626d54
01:32:04.411 [main] DEBUG org.hibernate.type.BasicTypeRegistry - Adding type registration byte -> org.hibernate.type.ByteType@1626d54
01:32:04.412 [main] DEBUG org.hibernate.type.BasicTypeRegistry - Adding type registration java.lang.Byte -> org.hibernate.type.ByteType@1626d54
01:32:04.413 [main] DEBUG org.hibernate.type.BasicTypeRegistry - Adding type registration character -> org.hibernate.type.CharacterType@63f509
01:32:04.414 [main] DEBUG org.hibernate.type.BasicTypeRegistry - Adding type registration char -> org.hibernate.type.CharacterType@63f509
01:32:04.415 [main] DEBUG org.hibernate.type.BasicTypeRegistry - Adding type registration java.lang.Character -> org.hibernate.type.CharacterType@63f509
01:32:04.416 [main] DEBUG org.hibernate.type.BasicTypeRegistry - Adding type registration short -> org.hibernate.type.ShortType@4784bc
01:32:04.422 [main] DEBUG org.hibernate.type.BasicTypeRegistry - Adding type registration short -> org.hibernate.type.ShortType@4784bc
01:32:04.423 [main] DEBUG org.hibernate.type.BasicTypeRegistry - Adding type registration java.lang.Short -> org.hibernate.type.ShortType@4784bc
01:32:04.424 [main] DEBUG org.hibernate.type.BasicTypeRegistry - Adding type registration integer -> org.hibernate.type.IntegerType@b7ac2f
01:32:04.428 [main] DEBUG org.hibernate.type.BasicTypeRegistry - Adding type registration int -> org.hibernate.type.IntegerType@b7ac2f
01:32:04.430 [main] DEBUG org.hibernate.type.BasicTypeRegistry - Adding type registration java.lang.Integer -> org.hibernate.type.IntegerType@b7ac2f
01:32:04.432 [main] DEBUG org.hibernate.type.BasicTypeRegistry - Adding type registration long -> org.hibernate.type.LongType@56f20
01:32:04.435 [main] DEBUG org.hibernate.type.BasicTypeRegistry - Adding type registration long -> org.hibernate.type.LongType@56f20
01:32:04.436 [main] DEBUG org.hibernate.type.BasicTypeRegistry - Adding type registration java.lang.Long -> org.hibernate.type.LongType@56f20
01:32:04.441 [main] DEBUG org.hibernate.type.BasicTypeRegistry - Adding type registration float -> org.hibernate.type.FloatType@10b0854
01:32:04.443 [main] DEBUG org.hibernate.type.BasicTypeRegistry - Adding type registration float -> org.hibernate.type.FloatType@10b0854
01:32:04.444 [main] DEBUG org.hibernate.type.BasicTypeRegistry - Adding type registration java.lang.Float -> org.hibernate.type.FloatType@10b0854
01:32:04.446 [main] DEBUG org.hibernate.type.BasicTypeRegistry - Adding type registration double -> org.hibernate.type.DoubleType@1bb07ed
01:32:04.448 [main] DEBUG org.hibernate.type.BasicTypeRegistry - Adding type registration double -> org.hibernate.type.DoubleType@1bb07ed
01:32:04.450 [main] DEBUG org.hibernate.type.BasicTypeRegistry - Adding type registration java.lang.Double -> org.hibernate.type.DoubleType@1bb07ed
01:32:04.451 [main] DEBUG org.hibernate.type.BasicTypeRegistry - Adding type registration big_decimal -> org.hibernate.type.BigDecimalType@e41621
01:32:04.452 [main] DEBUG org.hibernate.type.BasicTypeRegistry - Adding type registration java.math.BigDecimal -> org.hibernate.type.BigDecimalType@e41621
01:32:04.454 [main] DEBUG org.hibernate.type.BasicTypeRegistry - Adding type registration big_integer -> org.hibernate.type.BigIntegerType@13d0772
01:32:04.455 [main] DEBUG org.hibernate.type.BasicTypeRegistry - Adding type registration java.math.BigInteger -> org.hibernate.type.BigIntegerType@13d0772
01:32:04.456 [main] DEBUG org.hibernate.type.BasicTypeRegistry - Adding type registration string -> org.hibernate.type.StringType@67f029
01:32:04.457 [main] DEBUG org.hibernate.type.BasicTypeRegistry - Adding type registration java.lang.String -> org.hibernate.type.StringType@67f029
01:32:04.458 [main] DEBUG org.hibernate.type.BasicTypeRegistry - Adding type registration nstring -> org.hibernate.type.StringNVarcharType@9cd3b1
01:32:04.461 [main] DEBUG org.hibernate.type.BasicTypeRegistry - Adding type registration ncharacter -> org.hibernate.type.CharacterNCharType@400542
01:32:04.462 [main] DEBUG org.hibernate.type.BasicTypeRegistry - Adding type registration url -> org.hibernate.type.UrlType@180cfdd
01:32:04.463 [main] DEBUG org.hibernate.type.BasicTypeRegistry - Adding type registration java.net.URL -> org.hibernate.type.UrlType@180cfdd
01:32:04.464 [main] DEBUG org.hibernate.type.BasicTypeRegistry - Adding type registration date -> org.hibernate.type.DateType@b85f9
01:32:04.465 [main] DEBUG org.hibernate.type.BasicTypeRegistry - Adding type registration java.sql.Date -> org.hibernate.type.DateType@b85f9
01:32:04.466 [main] DEBUG org.hibernate.type.BasicTypeRegistry - Adding type registration time -> org.hibernate.type.TimeType@1355449
01:32:04.467 [main] DEBUG org.hibernate.type.BasicTypeRegistry - Adding type registration java.sql.Time -> org.hibernate.type.TimeType@1355449
01:32:04.468 [main] DEBUG org.hibernate.type.BasicTypeRegistry - Adding type registration timestamp -> org.hibernate.type.TimestampType@1353778
01:32:04.477 [main] DEBUG org.hibernate.type.BasicTypeRegistry - Adding type registration java.sql.Timestamp -> org.hibernate.type.TimestampType@1353778
01:32:04.478 [main] DEBUG org.hibernate.type.BasicTypeRegistry - Adding type registration java.util.Date -> org.hibernate.type.TimestampType@1353778
01:32:04.479 [main] DEBUG org.hibernate.type.BasicTypeRegistry - Adding type registration dbtimestamp -> org.hibernate.type.DbTimestampType@28ffa4
01:32:04.480 [main] DEBUG org.hibernate.type.BasicTypeRegistry - Adding type registration calendar -> org.hibernate.type.CalendarType@ae9b55
01:32:04.483 [main] DEBUG org.hibernate.type.BasicTypeRegistry - Adding type registration java.util.Calendar -> org.hibernate.type.CalendarType@ae9b55
01:32:04.484 [main] DEBUG org.hibernate.type.BasicTypeRegistry - Adding type registration java.util.GregorianCalendar -> org.hibernate.type.CalendarType@ae9b55
01:32:04.487 [main] DEBUG org.hibernate.type.BasicTypeRegistry - Adding type registration calendar_date -> org.hibernate.type.CalendarDateType@1700915
01:32:04.489 [main] DEBUG org.hibernate.type.BasicTypeRegistry - Adding type registration locale -> org.hibernate.type.LocaleType@1de60b4
01:32:04.490 [main] DEBUG org.hibernate.type.BasicTypeRegistry - Adding type registration java.util.Locale -> org.hibernate.type.LocaleType@1de60b4
01:32:04.495 [main] DEBUG org.hibernate.type.BasicTypeRegistry - Adding type registration currency -> org.hibernate.type.CurrencyType@267ef4
01:32:04.496 [main] DEBUG org.hibernate.type.BasicTypeRegistry - Adding type registration java.util.Currency -> org.hibernate.type.CurrencyType@267ef4
01:32:04.497 [main] DEBUG org.hibernate.type.BasicTypeRegistry - Adding type registration timezone -> org.hibernate.type.TimeZoneType@ee2816
01:32:04.498 [main] DEBUG org.hibernate.type.BasicTypeRegistry - Adding type registration java.util.TimeZone -> org.hibernate.type.TimeZoneType@ee2816
01:32:04.499 [main] DEBUG org.hibernate.type.BasicTypeRegistry - Adding type registration class -> org.hibernate.type.ClassType@1d7b7bf
01:32:04.500 [main] DEBUG org.hibernate.type.BasicTypeRegistry - Adding type registration java.lang.Class -> org.hibernate.type.ClassType@1d7b7bf
01:32:04.501 [main] DEBUG org.hibernate.type.BasicTypeRegistry - Adding type registration uuid-binary -> org.hibernate.type.UUIDBinaryType@15eaaf1
01:32:04.512 [main] DEBUG org.hibernate.type.BasicTypeRegistry - Adding type registration java.util.UUID -> org.hibernate.type.UUIDBinaryType@15eaaf1
01:32:04.516 [main] DEBUG org.hibernate.type.BasicTypeRegistry - Adding type registration uuid-char -> org.hibernate.type.UUIDCharType@30a9b0
01:32:04.520 [main] DEBUG org.hibernate.type.BasicTypeRegistry - Adding type registration binary -> org.hibernate.type.BinaryType@1df84b8
01:32:04.525 [main] DEBUG org.hibernate.type.BasicTypeRegistry - Adding type registration byte[] -> org.hibernate.type.BinaryType@1df84b8
01:32:04.526 [main] DEBUG org.hibernate.type.BasicTypeRegistry - Adding type registration [B -> org.hibernate.type.BinaryType@1df84b8
01:32:04.527 [main] DEBUG org.hibernate.type.BasicTypeRegistry - Adding type registration wrapper-binary -> org.hibernate.type.WrapperBinaryType@139b2f3
01:32:04.528 [main] DEBUG org.hibernate.type.BasicTypeRegistry - Adding type registration Byte[] -> org.hibernate.type.WrapperBinaryType@139b2f3
01:32:04.529 [main] DEBUG org.hibernate.type.BasicTypeRegistry - Adding type registration [Ljava.lang.Byte; -> org.hibernate.type.WrapperBinaryType@139b2f3
01:32:04.530 [main] DEBUG org.hibernate.type.BasicTypeRegistry - Adding type registration image -> org.hibernate.type.ImageType@1a69b07
01:32:04.532 [main] DEBUG org.hibernate.type.BasicTypeRegistry - Adding type registration characters -> org.hibernate.type.CharArrayType@82df6a
01:32:04.533 [main] DEBUG org.hibernate.type.BasicTypeRegistry - Adding type registration char[] -> org.hibernate.type.CharArrayType@82df6a
01:32:04.535 [main] DEBUG org.hibernate.type.BasicTypeRegistry - Adding type registration [C -> org.hibernate.type.CharArrayType@82df6a
01:32:04.537 [main] DEBUG org.hibernate.type.BasicTypeRegistry - Adding type registration wrapper-characters -> org.hibernate.type.CharacterArrayType@1197a46
01:32:04.538 [main] DEBUG org.hibernate.type.BasicTypeRegistry - Adding type registration [Ljava.lang.Character; -> org.hibernate.type.CharacterArrayType@1197a46
01:32:04.540 [main] DEBUG org.hibernate.type.BasicTypeRegistry - Adding type registration Character[] -> org.hibernate.type.CharacterArrayType@1197a46
01:32:04.544 [main] DEBUG org.hibernate.type.BasicTypeRegistry - Adding type registration text -> org.hibernate.type.TextType@16be97c
01:32:04.545 [main] DEBUG org.hibernate.type.BasicTypeRegistry - Adding type registration ntext -> org.hibernate.type.NTextType@a638b5
01:32:04.546 [main] DEBUG org.hibernate.type.BasicTypeRegistry - Adding type registration blob -> org.hibernate.type.BlobType@17d444
01:32:04.547 [main] DEBUG org.hibernate.type.BasicTypeRegistry - Adding type registration java.sql.Blob -> org.hibernate.type.BlobType@17d444
01:32:04.548 [main] DEBUG org.hibernate.type.BasicTypeRegistry - Adding type registration materialized_blob -> org.hibernate.type.MaterializedBlobType@a8564a
01:32:04.549 [main] DEBUG org.hibernate.type.BasicTypeRegistry - Adding type registration clob -> org.hibernate.type.ClobType@b472aa
01:32:04.556 [main] DEBUG org.hibernate.type.BasicTypeRegistry - Adding type registration java.sql.Clob -> org.hibernate.type.ClobType@b472aa
01:32:04.558 [main] DEBUG org.hibernate.type.BasicTypeRegistry - Adding type registration nclob -> org.hibernate.type.NClobType@1368b99
01:32:04.561 [main] DEBUG org.hibernate.type.BasicTypeRegistry - Adding type registration java.sql.NClob -> org.hibernate.type.NClobType@1368b99
01:32:04.567 [main] DEBUG org.hibernate.type.BasicTypeRegistry - Adding type registration materialized_clob -> org.hibernate.type.MaterializedClobType@125dc0f
01:32:04.574 [main] DEBUG org.hibernate.type.BasicTypeRegistry - Adding type registration materialized_nclob -> org.hibernate.type.MaterializedNClobType@111c2a7
01:32:04.575 [main] DEBUG org.hibernate.type.BasicTypeRegistry - Adding type registration serializable -> org.hibernate.type.SerializableType@c3c60d
01:32:04.576 [main] DEBUG org.hibernate.type.BasicTypeRegistry - Adding type registration object -> org.hibernate.type.ObjectType@bbffcd
01:32:04.578 [main] DEBUG org.hibernate.type.BasicTypeRegistry - Adding type registration java.lang.Object -> org.hibernate.type.ObjectType@bbffcd
01:32:04.584 [main] DEBUG org.hibernate.type.BasicTypeRegistry - Adding type registration imm_date -> org.hibernate.type.AdaptedImmutableType@17c473a
01:32:04.589 [main] DEBUG org.hibernate.type.BasicTypeRegistry - Adding type registration imm_time -> org.hibernate.type.AdaptedImmutableType@4bd84a
01:32:04.594 [main] DEBUG org.hibernate.type.BasicTypeRegistry - Adding type registration imm_timestamp -> org.hibernate.type.AdaptedImmutableType@8c94da
01:32:04.597 [main] DEBUG org.hibernate.type.BasicTypeRegistry - Adding type registration imm_dbtimestamp -> org.hibernate.type.AdaptedImmutableType@62b5bc
01:32:04.598 [main] DEBUG org.hibernate.type.BasicTypeRegistry - Adding type registration imm_calendar -> org.hibernate.type.AdaptedImmutableType@1de625d
01:32:04.599 [main] DEBUG org.hibernate.type.BasicTypeRegistry - Adding type registration imm_calendar_date -> org.hibernate.type.AdaptedImmutableType@15779e4
01:32:04.601 [main] DEBUG org.hibernate.type.BasicTypeRegistry - Adding type registration imm_binary -> org.hibernate.type.AdaptedImmutableType@1fd0d10
01:32:04.605 [main] DEBUG org.hibernate.type.BasicTypeRegistry - Adding type registration imm_serializable -> org.hibernate.type.AdaptedImmutableType@d9d86
01:32:04.607 [main] DEBUG o.h.boot.model.relational.Namespace - Created database namespace [logicalName=Name{catalog=null, schema=null}, physicalName=Name{catalog=null, schema=null}]
01:32:04.610 [main] DEBUG o.h.internal.SessionFactoryImpl - Building session factory
01:32:04.614 [main] DEBUG org.hibernate.cfg.Settings - SessionFactory name : null
01:32:04.615 [main] DEBUG org.hibernate.cfg.Settings - Automatic flush during beforeCompletion(): disabled
01:32:04.616 [main] DEBUG org.hibernate.cfg.Settings - Automatic session close at end of transaction: disabled
01:32:04.617 [main] DEBUG org.hibernate.cfg.Settings - Statistics: disabled
01:32:04.621 [main] DEBUG org.hibernate.cfg.Settings - Deleted entity synthetic identifier rollback: disabled
01:32:04.622 [main] DEBUG org.hibernate.cfg.Settings - Default entity-mode: pojo
01:32:04.623 [main] DEBUG org.hibernate.cfg.Settings - Check Nullability in Core (should be disabled when Bean Validation is on): enabled
01:32:04.624 [main] DEBUG org.hibernate.cfg.Settings - Allow initialization of lazy state outside session : disabled
01:32:04.625 [main] DEBUG org.hibernate.cfg.Settings - Using BatchFetchStyle : LEGACY
01:32:04.626 [main] DEBUG org.hibernate.cfg.Settings - Default batch fetch size: -1
01:32:04.627 [main] DEBUG org.hibernate.cfg.Settings - Maximum outer join fetch depth: 2
01:32:04.628 [main] DEBUG org.hibernate.cfg.Settings - Default null ordering: NONE
01:32:04.632 [main] DEBUG org.hibernate.cfg.Settings - Order SQL updates by primary key: disabled
01:32:04.633 [main] DEBUG org.hibernate.cfg.Settings - Order SQL inserts for batching: disabled
01:32:04.635 [main] DEBUG org.hibernate.cfg.Settings - multi-tenancy strategy : NONE
01:32:04.637 [main] DEBUG org.hibernate.cfg.Settings - JTA Track by Thread: enabled
01:32:04.642 [main] DEBUG org.hibernate.cfg.Settings - Query language substitutions: {}
01:32:04.643 [main] DEBUG org.hibernate.cfg.Settings - JPA query language strict compliance: disabled
01:32:04.644 [main] DEBUG org.hibernate.cfg.Settings - Named query checking : enabled
01:32:04.645 [main] DEBUG org.hibernate.cfg.Settings - Second-level cache: enabled
01:32:04.646 [main] DEBUG org.hibernate.cfg.Settings - Second-level query cache: disabled
01:32:04.647 [main] DEBUG org.hibernate.cfg.Settings - Second-level query cache factory: org.hibernate.cache.internal.StandardQueryCacheFactory@804139
01:32:04.648 [main] DEBUG org.hibernate.cfg.Settings - Second-level cache region prefix: null
01:32:04.649 [main] DEBUG org.hibernate.cfg.Settings - Optimize second-level cache for minimal puts: disabled
01:32:04.650 [main] DEBUG org.hibernate.cfg.Settings - Structured second-level cache entries: disabled
01:32:04.651 [main] DEBUG org.hibernate.cfg.Settings - Second-level cache direct-reference entries: disabled
01:32:04.656 [main] DEBUG org.hibernate.cfg.Settings - Automatic eviction of collection cache: disabled
01:32:04.656 [main] DEBUG org.hibernate.cfg.Settings - JDBC batch size: 15
01:32:04.656 [main] DEBUG org.hibernate.cfg.Settings - JDBC batch updates for versioned data: enabled
01:32:04.656 [main] DEBUG org.hibernate.cfg.Settings - Scrollable result sets: enabled
01:32:04.660 [main] DEBUG org.hibernate.cfg.Settings - Wrap result sets: disabled
01:32:04.661 [main] DEBUG org.hibernate.cfg.Settings - JDBC3 getGeneratedKeys(): enabled
01:32:04.662 [main] DEBUG org.hibernate.cfg.Settings - JDBC result set fetch size: null
01:32:04.664 [main] DEBUG org.hibernate.cfg.Settings - Connection release mode: ON_CLOSE
01:32:04.669 [main] DEBUG org.hibernate.cfg.Settings - Generate SQL with comments: disabled
01:32:04.671 [main] DEBUG o.h.internal.SessionFactoryImpl - Session factory constructed with filter configurations : {}
01:32:04.679 [main] DEBUG o.h.internal.SessionFactoryImpl - Instantiating session factory with properties: {java.runtime.name=OpenJDK Runtime Environment, java.vm.version=25.45-b02, sun.boot.library.path=/usr/lib/jvm/java-1.8.0-openjdk-1.8.0.45-36.b13.fc22.i386/jre/lib/i386, hibernate.boot.CfgXmlAccessService.key=org.hibernate.boot.cfgxml.spi.LoadedConfig@114a7d4, java.vm.vendor=Oracle Corporation, java.vendor.url=http://java.oracle.com/, path.separator=:, java.vm.name=OpenJDK Server VM, file.encoding.pkg=sun.io, sun.os.patch.level=unknown, user.country=US, sun.java.launcher=SUN_STANDARD, java.vm.specification.name=Java Virtual Machine Specification, user.dir=/home/osboxes/hibernate-test, java.runtime.version=1.8.0_45-b13, java.awt.graphicsenv=sun.awt.X11GraphicsEnvironment, basedir=/home/osboxes/hibernate-test, os.arch=i386, java.endorsed.dirs=/usr/lib/jvm/java-1.8.0-openjdk-1.8.0.45-36.b13.fc22.i386/jre/lib/endorsed, surefire.real.class.path=/home/osboxes/hibernate-test/target/surefire/surefirebooter8746759799199068026.jar, java.io.tmpdir=/tmp, line.separator=
, java.vm.specification.vendor=Oracle Corporation, os.name=Linux, sun.jnu.encoding=UTF-8, hibernate.connection.datasource=com.mysql.jdbc.jdbc2.optional.MysqlDataSource@e7a6b2, java.library.path=/usr/java/packages/lib/i386:/lib:/usr/lib, surefire.test.class.path=/home/osboxes/hibernate-test/target/test-classes:/home/osboxes/hibernate-test/target/classes:/home/osboxes/.m2/repository/org/springframework/boot/spring-boot-starter-data-jpa/1.2.5.RELEASE/spring-boot-starter-data-jpa-1.2.5.RELEASE.jar:/home/osboxes/.m2/repository/org/springframework/boot/spring-boot-starter/1.2.5.RELEASE/spring-boot-starter-1.2.5.RELEASE.jar:/home/osboxes/.m2/repository/org/springframework/boot/spring-boot/1.2.5.RELEASE/spring-boot-1.2.5.RELEASE.jar:/home/osboxes/.m2/repository/org/springframework/boot/spring-boot-autoconfigure/1.2.5.RELEASE/spring-boot-autoconfigure-1.2.5.RELEASE.jar:/home/osboxes/.m2/repository/org/springframework/boot/spring-boot-starter-logging/1.2.5.RELEASE/spring-boot-starter-logging-1.2.5.RELEASE.jar:/home/osboxes/.m2/repository/org/slf4j/jul-to-slf4j/1.7.12/jul-to-slf4j-1.7.12.jar:/home/osboxes/.m2/repository/org/slf4j/log4j-over-slf4j/1.7.12/log4j-over-slf4j-1.7.12.jar:/home/osboxes/.m2/repository/ch/qos/logback/logback-classic/1.1.3/logback-classic-1.1.3.jar:/home/osboxes/.m2/repository/ch/qos/logback/logback-core/1.1.3/logback-core-1.1.3.jar:/home/osboxes/.m2/repository/org/yaml/snakeyaml/1.14/snakeyaml-1.14.jar:/home/osboxes/.m2/repository/org/springframework/boot/spring-boot-starter-aop/1.2.5.RELEASE/spring-boot-starter-aop-1.2.5.RELEASE.jar:/home/osboxes/.m2/repository/org/springframework/spring-aop/4.1.7.RELEASE/spring-aop-4.1.7.RELEASE.jar:/home/osboxes/.m2/repository/aopalliance/aopalliance/1.0/aopalliance-1.0.jar:/home/osboxes/.m2/repository/org/aspectj/aspectjrt/1.8.6/aspectjrt-1.8.6.jar:/home/osboxes/.m2/repository/org/aspectj/aspectjweaver/1.8.6/aspectjweaver-1.8.6.jar:/home/osboxes/.m2/repository/org/springframework/spring-core/4.1.7.RELEASE/spring-core-4.1.7.RELEASE.jar:/home/osboxes/.m2/repository/org/springframework/boot/spring-boot-starter-jdbc/1.2.5.RELEASE/spring-boot-starter-jdbc-1.2.5.RELEASE.jar:/home/osboxes/.m2/repository/org/springframework/spring-jdbc/4.1.7.RELEASE/spring-jdbc-4.1.7.RELEASE.jar:/home/osboxes/.m2/repository/org/apache/tomcat/tomcat-jdbc/8.0.23/tomcat-jdbc-8.0.23.jar:/home/osboxes/.m2/repository/org/apache/tomcat/tomcat-juli/8.0.23/tomcat-juli-8.0.23.jar:/home/osboxes/.m2/repository/org/springframework/spring-tx/4.1.7.RELEASE/spring-tx-4.1.7.RELEASE.jar:/home/osboxes/.m2/repository/org/hibernate/hibernate-entitymanager/5.0.0.Final/hibernate-entitymanager-5.0.0.Final.jar:/home/osboxes/.m2/repository/dom4j/dom4j/1.6.1/dom4j-1.6.1.jar:/home/osboxes/.m2/repository/xml-apis/xml-apis/1.0.b2/xml-apis-1.0.b2.jar:/home/osboxes/.m2/repository/org/hibernate/common/hibernate-commons-annotations/5.0.0.Final/hibernate-commons-annotations-5.0.0.Final.jar:/home/osboxes/.m2/repository/org/hibernate/javax/persistence/hibernate-jpa-2.1-api/1.0.0.Final/hibernate-jpa-2.1-api-1.0.0.Final.jar:/home/osboxes/.m2/repository/org/apache/geronimo/specs/geronimo-jta_1.1_spec/1.1.1/geronimo-jta_1.1_spec-1.1.1.jar:/home/osboxes/.m2/repository/org/javassist/javassist/3.18.1-GA/javassist-3.18.1-GA.jar:/home/osboxes/.m2/repository/javax/transaction/javax.transaction-api/1.2/javax.transaction-api-1.2.jar:/home/osboxes/.m2/repository/org/springframework/spring-orm/4.1.7.RELEASE/spring-orm-4.1.7.RELEASE.jar:/home/osboxes/.m2/repository/org/springframework/spring-beans/4.1.7.RELEASE/spring-beans-4.1.7.RELEASE.jar:/home/osboxes/.m2/repository/org/springframework/data/spring-data-jpa/1.7.3.RELEASE/spring-data-jpa-1.7.3.RELEASE.jar:/home/osboxes/.m2/repository/org/springframework/data/spring-data-commons/1.9.3.RELEASE/spring-data-commons-1.9.3.RELEASE.jar:/home/osboxes/.m2/repository/org/springframework/spring-context/4.1.7.RELEASE/spring-context-4.1.7.RELEASE.jar:/home/osboxes/.m2/repository/org/springframework/spring-expression/4.1.7.RELEASE/spring-expression-4.1.7.RELEASE.jar:/home/osboxes/.m2/repository/org/slf4j/slf4j-api/1.7.12/slf4j-api-1.7.12.jar:/home/osboxes/.m2/repository/org/slf4j/jcl-over-slf4j/1.7.12/jcl-over-slf4j-1.7.12.jar:/home/osboxes/.m2/repository/org/springframework/spring-aspects/4.1.7.RELEASE/spring-aspects-4.1.7.RELEASE.jar:/home/osboxes/.m2/repository/org/hibernate/hibernate-testing/5.0.0.Final/hibernate-testing-5.0.0.Final.jar:/home/osboxes/.m2/repository/org/jboss/logging/jboss-logging/3.3.0.Final/jboss-logging-3.3.0.Final.jar:/home/osboxes/.m2/repository/org/hibernate/hibernate-core/5.0.0.Final/hibernate-core-5.0.0.Final.jar:/home/osboxes/.m2/repository/antlr/antlr/2.7.7/antlr-2.7.7.jar:/home/osboxes/.m2/repository/org/jboss/jandex/1.2.2.Final/jandex-1.2.2.Final.jar:/home/osboxes/.m2/repository/junit/junit/4.12/junit-4.12.jar:/home/osboxes/.m2/repository/org/hamcrest/hamcrest-core/1.3/hamcrest-core-1.3.jar:/home/osboxes/.m2/repository/org/jboss/byteman/byteman/2.1.2/byteman-2.1.2.jar:/home/osboxes/.m2/repository/org/jboss/byteman/byteman-install/2.1.2/byteman-install-2.1.2.jar:/usr/lib/jvm/java-1.8.0-openjdk-1.8.0.45-36.b13.fc22.i386/jre/../lib/tools.jar:/home/osboxes/.m2/repository/org/jboss/byteman/byteman-bmunit/2.1.2/byteman-bmunit-2.1.2.jar:/home/osboxes/.m2/repository/org/jboss/byteman/byteman-submit/2.1.2/byteman-submit-2.1.2.jar:/home/osboxes/.m2/repository/com/experlog/xapool/1.5.0/xapool-1.5.0.jar:/home/osboxes/.m2/repository/log4j/log4j/1.2.17/log4j-1.2.17.jar:/home/osboxes/.m2/repository/org/jboss/jbossts/jbossjta/4.16.4.Final/jbossjta-4.16.4.Final.jar:/home/osboxes/.m2/repository/mysql/mysql-connector-java/5.1.36/mysql-connector-java-5.1.36.jar:, java.class.version=52.0, java.specification.name=Java Platform API Specification, sun.management.compiler=HotSpot Tiered Compilers, os.version=4.0.4-301.fc22.i686, user.home=/home/osboxes, user.timezone=America/New_York, java.awt.printerjob=sun.print.PSPrinterJob, file.encoding=UTF-8, java.specification.version=1.8, user.name=osboxes, java.class.path=/home/osboxes/hibernate-test/target/test-classes:/home/osboxes/hibernate-test/target/classes:/home/osboxes/.m2/repository/org/springframework/boot/spring-boot-starter-data-jpa/1.2.5.RELEASE/spring-boot-starter-data-jpa-1.2.5.RELEASE.jar:/home/osboxes/.m2/repository/org/springframework/boot/spring-boot-starter/1.2.5.RELEASE/spring-boot-starter-1.2.5.RELEASE.jar:/home/osboxes/.m2/repository/org/springframework/boot/spring-boot/1.2.5.RELEASE/spring-boot-1.2.5.RELEASE.jar:/home/osboxes/.m2/repository/org/springframework/boot/spring-boot-autoconfigure/1.2.5.RELEASE/spring-boot-autoconfigure-1.2.5.RELEASE.jar:/home/osboxes/.m2/repository/org/springframework/boot/spring-boot-starter-logging/1.2.5.RELEASE/spring-boot-starter-logging-1.2.5.RELEASE.jar:/home/osboxes/.m2/repository/org/slf4j/jul-to-slf4j/1.7.12/jul-to-slf4j-1.7.12.jar:/home/osboxes/.m2/repository/org/slf4j/log4j-over-slf4j/1.7.12/log4j-over-slf4j-1.7.12.jar:/home/osboxes/.m2/repository/ch/qos/logback/logback-classic/1.1.3/logback-classic-1.1.3.jar:/home/osboxes/.m2/repository/ch/qos/logback/logback-core/1.1.3/logback-core-1.1.3.jar:/home/osboxes/.m2/repository/org/yaml/snakeyaml/1.14/snakeyaml-1.14.jar:/home/osboxes/.m2/repository/org/springframework/boot/spring-boot-starter-aop/1.2.5.RELEASE/spring-boot-starter-aop-1.2.5.RELEASE.jar:/home/osboxes/.m2/repository/org/springframework/spring-aop/4.1.7.RELEASE/spring-aop-4.1.7.RELEASE.jar:/home/osboxes/.m2/repository/aopalliance/aopalliance/1.0/aopalliance-1.0.jar:/home/osboxes/.m2/repository/org/aspectj/aspectjrt/1.8.6/aspectjrt-1.8.6.jar:/home/osboxes/.m2/repository/org/aspectj/aspectjweaver/1.8.6/aspectjweaver-1.8.6.jar:/home/osboxes/.m2/repository/org/springframework/spring-core/4.1.7.RELEASE/spring-core-4.1.7.RELEASE.jar:/home/osboxes/.m2/repository/org/springframework/boot/spring-boot-starter-jdbc/1.2.5.RELEASE/spring-boot-starter-jdbc-1.2.5.RELEASE.jar:/home/osboxes/.m2/repository/org/springframework/spring-jdbc/4.1.7.RELEASE/spring-jdbc-4.1.7.RELEASE.jar:/home/osboxes/.m2/repository/org/apache/tomcat/tomcat-jdbc/8.0.23/tomcat-jdbc-8.0.23.jar:/home/osboxes/.m2/repository/org/apache/tomcat/tomcat-juli/8.0.23/tomcat-juli-8.0.23.jar:/home/osboxes/.m2/repository/org/springframework/spring-tx/4.1.7.RELEASE/spring-tx-4.1.7.RELEASE.jar:/home/osboxes/.m2/repository/org/hibernate/hibernate-entitymanager/5.0.0.Final/hibernate-entitymanager-5.0.0.Final.jar:/home/osboxes/.m2/repository/dom4j/dom4j/1.6.1/dom4j-1.6.1.jar:/home/osboxes/.m2/repository/xml-apis/xml-apis/1.0.b2/xml-apis-1.0.b2.jar:/home/osboxes/.m2/repository/org/hibernate/common/hibernate-commons-annotations/5.0.0.Final/hibernate-commons-annotations-5.0.0.Final.jar:/home/osboxes/.m2/repository/org/hibernate/javax/persistence/hibernate-jpa-2.1-api/1.0.0.Final/hibernate-jpa-2.1-api-1.0.0.Final.jar:/home/osboxes/.m2/repository/org/apache/geronimo/specs/geronimo-jta_1.1_spec/1.1.1/geronimo-jta_1.1_spec-1.1.1.jar:/home/osboxes/.m2/repository/org/javassist/javassist/3.18.1-GA/javassist-3.18.1-GA.jar:/home/osboxes/.m2/repository/javax/transaction/javax.transaction-api/1.2/javax.transaction-api-1.2.jar:/home/osboxes/.m2/repository/org/springframework/spring-orm/4.1.7.RELEASE/spring-orm-4.1.7.RELEASE.jar:/home/osboxes/.m2/repository/org/springframework/spring-beans/4.1.7.RELEASE/spring-beans-4.1.7.RELEASE.jar:/home/osboxes/.m2/repository/org/springframework/data/spring-data-jpa/1.7.3.RELEASE/spring-data-jpa-1.7.3.RELEASE.jar:/home/osboxes/.m2/repository/org/springframework/data/spring-data-commons/1.9.3.RELEASE/spring-data-commons-1.9.3.RELEASE.jar:/home/osboxes/.m2/repository/org/springframework/spring-context/4.1.7.RELEASE/spring-context-4.1.7.RELEASE.jar:/home/osboxes/.m2/repository/org/springframework/spring-expression/4.1.7.RELEASE/spring-expression-4.1.7.RELEASE.jar:/home/osboxes/.m2/repository/org/slf4j/slf4j-api/1.7.12/slf4j-api-1.7.12.jar:/home/osboxes/.m2/repository/org/slf4j/jcl-over-slf4j/1.7.12/jcl-over-slf4j-1.7.12.jar:/home/osboxes/.m2/repository/org/springframework/spring-aspects/4.1.7.RELEASE/spring-aspects-4.1.7.RELEASE.jar:/home/osboxes/.m2/repository/org/hibernate/hibernate-testing/5.0.0.Final/hibernate-testing-5.0.0.Final.jar:/home/osboxes/.m2/repository/org/jboss/logging/jboss-logging/3.3.0.Final/jboss-logging-3.3.0.Final.jar:/home/osboxes/.m2/repository/org/hibernate/hibernate-core/5.0.0.Final/hibernate-core-5.0.0.Final.jar:/home/osboxes/.m2/repository/antlr/antlr/2.7.7/antlr-2.7.7.jar:/home/osboxes/.m2/repository/org/jboss/jandex/1.2.2.Final/jandex-1.2.2.Final.jar:/home/osboxes/.m2/repository/junit/junit/4.12/junit-4.12.jar:/home/osboxes/.m2/repository/org/hamcrest/hamcrest-core/1.3/hamcrest-core-1.3.jar:/home/osboxes/.m2/repository/org/jboss/byteman/byteman/2.1.2/byteman-2.1.2.jar:/home/osboxes/.m2/repository/org/jboss/byteman/byteman-install/2.1.2/byteman-install-2.1.2.jar:/usr/lib/jvm/java-1.8.0-openjdk-1.8.0.45-36.b13.fc22.i386/jre/../lib/tools.jar:/home/osboxes/.m2/repository/org/jboss/byteman/byteman-bmunit/2.1.2/byteman-bmunit-2.1.2.jar:/home/osboxes/.m2/repository/org/jboss/byteman/byteman-submit/2.1.2/byteman-submit-2.1.2.jar:/home/osboxes/.m2/repository/com/experlog/xapool/1.5.0/xapool-1.5.0.jar:/home/osboxes/.m2/repository/log4j/log4j/1.2.17/log4j-1.2.17.jar:/home/osboxes/.m2/repository/org/jboss/jbossts/jbossjta/4.16.4.Final/jbossjta-4.16.4.Final.jar:/home/osboxes/.m2/repository/mysql/mysql-connector-java/5.1.36/mysql-connector-java-5.1.36.jar:, hibernate.bytecode.use_reflection_optimizer=false, java.vm.specification.version=1.8, sun.arch.data.model=32, sun.java.command=/home/osboxes/hibernate-test/target/surefire/surefirebooter8746759799199068026.jar /home/osboxes/hibernate-test/target/surefire/surefire6648136048402333061tmp /home/osboxes/hibernate-test/target/surefire/surefire_08213659165537824392tmp, java.home=/usr/lib/jvm/java-1.8.0-openjdk-1.8.0.45-36.b13.fc22.i386/jre, hibernate.dialect=org.hibernate.dialect.MySQLDialect, user.language=en, java.specification.vendor=Oracle Corporation, awt.toolkit=sun.awt.X11.XToolkit, java.vm.info=mixed mode, java.version=1.8.0_45, java.ext.dirs=/usr/lib/jvm/java-1.8.0-openjdk-1.8.0.45-36.b13.fc22.i386/jre/lib/ext:/usr/java/packages/lib/ext, sun.boot.class.path=/usr/lib/jvm/java-1.8.0-openjdk-1.8.0.45-36.b13.fc22.i386/jre/lib/resources.jar:/usr/lib/jvm/java-1.8.0-openjdk-1.8.0.45-36.b13.fc22.i386/jre/lib/rt.jar:/usr/lib/jvm/java-1.8.0-openjdk-1.8.0.45-36.b13.fc22.i386/jre/lib/sunrsasign.jar:/usr/lib/jvm/java-1.8.0-openjdk-1.8.0.45-36.b13.fc22.i386/jre/lib/jsse.jar:/usr/lib/jvm/java-1.8.0-openjdk-1.8.0.45-36.b13.fc22.i386/jre/lib/jce.jar:/usr/lib/jvm/java-1.8.0-openjdk-1.8.0.45-36.b13.fc22.i386/jre/lib/charsets.jar:/usr/lib/jvm/java-1.8.0-openjdk-1.8.0.45-36.b13.fc22.i386/jre/lib/jfr.jar:/usr/lib/jvm/java-1.8.0-openjdk-1.8.0.45-36.b13.fc22.i386/jre/classes, java.vendor=Oracle Corporation, localRepository=/home/osboxes/.m2/repository, file.separator=/, java.vendor.url.bug=http://bugreport.sun.com/bugreport/, sun.io.unicode.encoding=UnicodeLittle, sun.cpu.endian=little, sun.desktop=gnome, sun.cpu.isalist=}
01:32:04.682 [main] DEBUG o.h.secure.spi.JaccIntegrator - Skipping JACC integration as it was not enabled
01:32:04.683 [main] DEBUG o.h.internal.SessionFactoryImpl - Instantiated session factory
01:32:04.686 [main] DEBUG o.h.internal.NamedQueryRepository - Checking 0 named HQL queries
01:32:04.688 [main] DEBUG o.h.internal.NamedQueryRepository - Checking 0 named SQL queries
01:32:04.693 [main] DEBUG o.h.internal.SessionFactoryRegistry - Registering SessionFactory: d6c95550-ea17-44de-afd5-784263c672f5 (<unnamed>)
01:32:04.696 [main] DEBUG o.h.internal.SessionFactoryRegistry - Not binding SessionFactory to JNDI, no JNDI name configured
01:32:04.697 [main] DEBUG o.h.s.internal.StatisticsInitiator - Statistics initialized [enabled=false]
01:32:04.699 [main] DEBUG org.hibernate.SQL - drop table if exists myentity
********* Starting SchemaExport (drop) for TEAR-DOWN *************************
01:32:04.768 [main] INFO  o.h.tool.hbm2ddl.SchemaExport - HHH000227: Running hbm2ddl schema export
01:32:04.770 [main] DEBUG o.h.tool.hbm2ddl.SchemaExport - Import file not found: /import.sql
01:32:04.808 [main] DEBUG org.hibernate.SQL - drop table if exists MyEntity
drop table if exists MyEntity
01:32:04.847 [main] INFO  o.h.tool.hbm2ddl.SchemaExport - HHH000230: Schema export complete
********* Completed SchemaExport (drop) for TEAR-DOWN *************************
01:32:04.853 [main] DEBUG o.h.b.r.i.BootstrapServiceRegistryImpl - Implicitly destroying Boot-strap registry on de-registration of all child ServiceRegistries
01:32:04.910 [main] WARN  o.h.testing.junit4.TestClassMetadata - Open SessionFactory instances found after completion of test class [org.hibernate.test.schemaupdate.CapitalCaseTableNameTest]; closing them
01:32:04.910 [main] DEBUG o.h.internal.SessionFactoryImpl - HHH000031: Closing
01:32:04.921 [main] DEBUG o.h.internal.SessionFactoryImpl - HHH000031: Closing
Tests run: 1, Failures: 0, Errors: 1, Skipped: 0, Time elapsed: 6.013 sec <<< FAILURE! - in org.hibernate.test.schemaupdate.CapitalCaseTableNameTest
testUpdateSchema(org.hibernate.test.schemaupdate.CapitalCaseTableNameTest)  Time elapsed: 4.533 sec  <<< ERROR!
java.lang.NullPointerException: null
	at org.hibernate.tool.schema.extract.internal.InformationExtractorJdbcDatabaseMetaDataImpl.processGetTableResults(InformationExtractorJdbcDatabaseMetaDataImpl.java:352)
	at org.hibernate.tool.schema.extract.internal.InformationExtractorJdbcDatabaseMetaDataImpl.locateTableInNamespace(InformationExtractorJdbcDatabaseMetaDataImpl.java:315)
	at org.hibernate.tool.schema.extract.internal.InformationExtractorJdbcDatabaseMetaDataImpl.getTable(InformationExtractorJdbcDatabaseMetaDataImpl.java:210)
	at org.hibernate.tool.schema.extract.internal.DatabaseInformationImpl.getTableInformation(DatabaseInformationImpl.java:105)
	at org.hibernate.tool.schema.internal.SchemaMigratorImpl.doMigrationToTargets(SchemaMigratorImpl.java:129)
	at org.hibernate.tool.schema.internal.SchemaMigratorImpl.doMigration(SchemaMigratorImpl.java:59)
	at org.hibernate.tool.hbm2ddl.SchemaUpdate.execute(SchemaUpdate.java:129)
	at org.hibernate.tool.hbm2ddl.SchemaUpdate.execute(SchemaUpdate.java:97)
	at org.hibernate.test.schemaupdate.CapitalCaseTableNameTest.testUpdateSchema(CapitalCaseTableNameTest.java:83)


Results :

Tests in error: 
  CapitalCaseTableNameTest.testUpdateSchema:83  NullPointer

Tests run: 1, Failures: 0, Errors: 1, Skipped: 0

[INFO] ------------------------------------------------------------------------
[INFO] BUILD FAILURE
[INFO] ------------------------------------------------------------------------
[INFO] Total time: 23.278 s
[INFO] Finished at: 2015-08-30T01:32:07-04:00
[INFO] Final Memory: 20M/49M
[INFO] ------------------------------------------------------------------------
[ERROR] Failed to execute goal org.apache.maven.plugins:maven-surefire-plugin:2.17:test (default-test) on project hibernatest: There are test failures.
[ERROR] 
[ERROR] Please refer to /home/osboxes/hibernate-test/target/surefire-reports for the individual test results.
[ERROR] -> [Help 1]
[ERROR] 
[ERROR] To see the full stack trace of the errors, re-run Maven with the -e switch.
[ERROR] Re-run Maven using the -X switch to enable full debug logging.
[ERROR] 
[ERROR] For more information about the errors and possible solutions, please read the following articles:
[ERROR] [Help 1] http://cwiki.apache.org/confluence/display/MAVEN/MojoFailureException
