11:05:01,526 DEBUG [org.hibernate.internal.util.EntityPrinter] (default task-4) Listing entities:
11:05:01,526 DEBUG [org.hibernate.internal.util.EntityPrinter] (default task-4) hu.netfone.crm.mvno.model.TelekomInterimProxyKenyelmiSzolgaltatasEntity{implicit=false, excelName=Adományvonal tiltó szolgáltatás (AdományTILT), name=Adományvonal tiltó szolgáltatás (AdományTILT), id=1, mvnoOffer=<uninitialized>}
11:05:01,526 DEBUG [org.hibernate.internal.util.EntityPrinter] (default task-4) hu.netfone.model.SzolgaltatasCsomagErtekesithetoKeszulekArKategoria{id=1101215, arKategoria=hu.netfone.crm.mobilkeszulek.model.ErtekesithetoKeszulekArKategoria#2, szolgaltatasCsomag=hu.netfone.model.SzolgaltatasCsomagokEntity#1101215}
11:05:01,526 DEBUG [org.hibernate.internal.SessionImpl] (default task-4) Initializing proxy: [hu.netfone.crm.mvno.model.MvnoOpcio#2026]
11:05:01,526 DEBUG [org.hibernate.SQL] (default task-4) select mvnoopcio0_.id as id1_245_0_, mvnoopcio0_.aktiv as aktiv2_245_0_, mvnoopcio0_.breakdown_code_2 as breakdow3_245_0_, mvnoopcio0_.cug_merete as cug_mere4_245_0_, mvnoopcio0_.cug_zona_id as cug_zona5_245_0_, mvnoopcio0_.feladhato as feladhat6_245_0_, mvnoopcio0_.forgalomtol as forgalom7_245_0_, mvnoopcio0_.forgalomtol_cdrenkent as forgalom8_245_0_, mvnoopcio0_.forgalomtol_egyseg as forgalom9_245_0_, mvnoopcio0_.gyakori as gyakori10_245_0_, mvnoopcio0_.hatarozott_idotartam_ho as hataroz11_245_0_, mvnoopcio0_.idohatar as idohata12_245_0_, mvnoopcio0_.internet as interne13_245_0_, mvnoopcio0_.jutalek_tipus as jutalek14_245_0_, mvnoopcio0_.kedvezmeny as kedvezm15_245_0_, mvnoopcio0_.kell_internet as kell_in16_245_0_, mvnoopcio0_.megjelenitesi_sorrend as megjele17_245_0_, mvnoopcio0_.megnevezes as megneve18_245_0_, mvnoopcio0_.mukodesi_mod as mukodes19_245_0_, mvnoopcio0_.sms_code as sms_cod20_245_0_, mvnoopcio0_.szamlazasi_mod as szamlaz21_245_0_, mvnoopcio0_.univerzalis as univerz22_245_0_, mvnoopcio0_1_.telekom_interim_adatcsomag_id as telekom_1_383_0_, telekomint1_.id as id1_382_1_, telekomint1_.excel_name as excel_na2_382_1_, telekomint1_.name as name3_382_1_ from mvno_opcio mvnoopcio0_ left outer join telekom_interim_proxy_adatcsomag_opcio mvnoopcio0_1_ on mvnoopcio0_.id=mvnoopcio0_1_.mvno_opcio_id left outer join telekom_interim_proxy_adatcsomag telekomint1_ on mvnoopcio0_1_.telekom_interim_adatcsomag_id=telekomint1_.id where mvnoopcio0_.id=?
11:05:01,528 DEBUG [org.hibernate.loader.plan.exec.process.internal.ResultSetProcessorImpl] (default task-4) Starting ResultSet row #0
11:05:01,528 DEBUG [org.hibernate.loader.plan.exec.process.internal.EntityReferenceInitializerImpl] (default task-4) On call to EntityIdentifierReaderImpl#resolve, EntityKey was already known; should only happen on root returns with an optional identifier specified
11:05:01,529 DEBUG [org.hibernate.engine.internal.TwoPhaseLoad] (default task-4) Resolving associations for [hu.netfone.crm.mvno.model.MvnoOpcio#2026]
11:05:01,529 DEBUG [org.hibernate.engine.internal.TwoPhaseLoad] (default task-4) Done materializing entity [hu.netfone.crm.mvno.model.MvnoOpcio#2026]
11:05:01,529 DEBUG [org.hibernate.resource.jdbc.internal.ResourceRegistryStandardImpl] (default task-4) HHH000387: ResultSet's statement was not registered
11:05:01,529 DEBUG [org.hibernate.resource.jdbc.internal.LogicalConnectionManagedImpl] (default task-4) Initiating JDBC connection release from afterStatement
11:05:01,529 DEBUG [org.hibernate.loader.entity.plan.AbstractLoadPlanBasedEntityLoader] (default task-4) Done entity load : hu.netfone.crm.mvno.model.MvnoOpcio#2026
11:05:01,530 DEBUG [org.hibernate.internal.SessionImpl] (default task-4) Initializing proxy: [hu.netfone.crm.mvno.model.MvnoOpcio#992070]
11:05:01,530 DEBUG [org.hibernate.SQL] (default task-4) select mvnoopcio0_.id as id1_245_0_, mvnoopcio0_.aktiv as aktiv2_245_0_, mvnoopcio0_.breakdown_code_2 as breakdow3_245_0_, mvnoopcio0_.cug_merete as cug_mere4_245_0_, mvnoopcio0_.cug_zona_id as cug_zona5_245_0_, mvnoopcio0_.feladhato as feladhat6_245_0_, mvnoopcio0_.forgalomtol as forgalom7_245_0_, mvnoopcio0_.forgalomtol_cdrenkent as forgalom8_245_0_, mvnoopcio0_.forgalomtol_egyseg as forgalom9_245_0_, mvnoopcio0_.gyakori as gyakori10_245_0_, mvnoopcio0_.hatarozott_idotartam_ho as hataroz11_245_0_, mvnoopcio0_.idohatar as idohata12_245_0_, mvnoopcio0_.internet as interne13_245_0_, mvnoopcio0_.jutalek_tipus as jutalek14_245_0_, mvnoopcio0_.kedvezmeny as kedvezm15_245_0_, mvnoopcio0_.kell_internet as kell_in16_245_0_, mvnoopcio0_.megjelenitesi_sorrend as megjele17_245_0_, mvnoopcio0_.megnevezes as megneve18_245_0_, mvnoopcio0_.mukodesi_mod as mukodes19_245_0_, mvnoopcio0_.sms_code as sms_cod20_245_0_, mvnoopcio0_.szamlazasi_mod as szamlaz21_245_0_, mvnoopcio0_.univerzalis as univerz22_245_0_, mvnoopcio0_1_.telekom_interim_adatcsomag_id as telekom_1_383_0_, telekomint1_.id as id1_382_1_, telekomint1_.excel_name as excel_na2_382_1_, telekomint1_.name as name3_382_1_ from mvno_opcio mvnoopcio0_ left outer join telekom_interim_proxy_adatcsomag_opcio mvnoopcio0_1_ on mvnoopcio0_.id=mvnoopcio0_1_.mvno_opcio_id left outer join telekom_interim_proxy_adatcsomag telekomint1_ on mvnoopcio0_1_.telekom_interim_adatcsomag_id=telekomint1_.id where mvnoopcio0_.id=?
11:05:01,532 DEBUG [org.hibernate.loader.plan.exec.process.internal.ResultSetProcessorImpl] (default task-4) Starting ResultSet row #0
11:05:01,532 DEBUG [org.hibernate.loader.plan.exec.process.internal.EntityReferenceInitializerImpl] (default task-4) On call to EntityIdentifierReaderImpl#resolve, EntityKey was already known; should only happen on root returns with an optional identifier specified
11:05:01,532 DEBUG [org.hibernate.engine.internal.TwoPhaseLoad] (default task-4) Resolving associations for [hu.netfone.crm.mvno.model.MvnoOpcio#992070]
11:05:01,532 DEBUG [org.hibernate.engine.internal.TwoPhaseLoad] (default task-4) Done materializing entity [hu.netfone.crm.mvno.model.MvnoOpcio#992070]
11:05:01,532 DEBUG [org.hibernate.resource.jdbc.internal.ResourceRegistryStandardImpl] (default task-4) HHH000387: ResultSet's statement was not registered
11:05:01,533 DEBUG [org.hibernate.resource.jdbc.internal.LogicalConnectionManagedImpl] (default task-4) Initiating JDBC connection release from afterStatement
11:05:01,533 DEBUG [org.hibernate.loader.entity.plan.AbstractLoadPlanBasedEntityLoader] (default task-4) Done entity load : hu.netfone.crm.mvno.model.MvnoOpcio#992070
11:05:01,533 DEBUG [org.hibernate.internal.SessionImpl] (default task-4) Initializing proxy: [hu.netfone.crm.mvno.model.MvnoOpcio#2145]
11:05:01,533 DEBUG [org.hibernate.SQL] (default task-4) select mvnoopcio0_.id as id1_245_0_, mvnoopcio0_.aktiv as aktiv2_245_0_, mvnoopcio0_.breakdown_code_2 as breakdow3_245_0_, mvnoopcio0_.cug_merete as cug_mere4_245_0_, mvnoopcio0_.cug_zona_id as cug_zona5_245_0_, mvnoopcio0_.feladhato as feladhat6_245_0_, mvnoopcio0_.forgalomtol as forgalom7_245_0_, mvnoopcio0_.forgalomtol_cdrenkent as forgalom8_245_0_, mvnoopcio0_.forgalomtol_egyseg as forgalom9_245_0_, mvnoopcio0_.gyakori as gyakori10_245_0_, mvnoopcio0_.hatarozott_idotartam_ho as hataroz11_245_0_, mvnoopcio0_.idohatar as idohata12_245_0_, mvnoopcio0_.internet as interne13_245_0_, mvnoopcio0_.jutalek_tipus as jutalek14_245_0_, mvnoopcio0_.kedvezmeny as kedvezm15_245_0_, mvnoopcio0_.kell_internet as kell_in16_245_0_, mvnoopcio0_.megjelenitesi_sorrend as megjele17_245_0_, mvnoopcio0_.megnevezes as megneve18_245_0_, mvnoopcio0_.mukodesi_mod as mukodes19_245_0_, mvnoopcio0_.sms_code as sms_cod20_245_0_, mvnoopcio0_.szamlazasi_mod as szamlaz21_245_0_, mvnoopcio0_.univerzalis as univerz22_245_0_, mvnoopcio0_1_.telekom_interim_adatcsomag_id as telekom_1_383_0_, telekomint1_.id as id1_382_1_, telekomint1_.excel_name as excel_na2_382_1_, telekomint1_.name as name3_382_1_ from mvno_opcio mvnoopcio0_ left outer join telekom_interim_proxy_adatcsomag_opcio mvnoopcio0_1_ on mvnoopcio0_.id=mvnoopcio0_1_.mvno_opcio_id left outer join telekom_interim_proxy_adatcsomag telekomint1_ on mvnoopcio0_1_.telekom_interim_adatcsomag_id=telekomint1_.id where mvnoopcio0_.id=?
11:05:01,535 DEBUG [org.hibernate.loader.plan.exec.process.internal.ResultSetProcessorImpl] (default task-4) Starting ResultSet row #0
11:05:01,535 DEBUG [org.hibernate.loader.plan.exec.process.internal.EntityReferenceInitializerImpl] (default task-4) On call to EntityIdentifierReaderImpl#resolve, EntityKey was already known; should only happen on root returns with an optional identifier specified
11:05:01,535 DEBUG [org.hibernate.engine.internal.TwoPhaseLoad] (default task-4) Resolving associations for [hu.netfone.crm.mvno.model.MvnoOpcio#2145]
11:05:01,536 DEBUG [org.hibernate.engine.internal.TwoPhaseLoad] (default task-4) Done materializing entity [hu.netfone.crm.mvno.model.MvnoOpcio#2145]
11:05:01,536 DEBUG [org.hibernate.resource.jdbc.internal.ResourceRegistryStandardImpl] (default task-4) HHH000387: ResultSet's statement was not registered
11:05:01,536 DEBUG [org.hibernate.resource.jdbc.internal.LogicalConnectionManagedImpl] (default task-4) Initiating JDBC connection release from afterStatement
11:05:01,536 DEBUG [org.hibernate.loader.entity.plan.AbstractLoadPlanBasedEntityLoader] (default task-4) Done entity load : hu.netfone.crm.mvno.model.MvnoOpcio#2145
11:05:01,536 DEBUG [org.hibernate.internal.util.EntityPrinter] (default task-4) hu.netfone.crm.mvno.model.MvnoBillingAgreement{behajtasEgyiranyusitasOpcio=hu.netfone.crm.mvno.model.MvnoOpcio#2026, mvnoOpcioi=<uninitialized>, szerzodesSzuneteltetesOpcio=hu.netfone.crm.mvno.model.MvnoOpcio#2145, hotlimitEmeltDijasBarOpcio=null, behajtasFelfuggesztesOpcio=null, radiusRoamingDataBarOpcio=hu.netfone.crm.mvno.model.MvnoOpcio#992070, mvnoDefaultUniverzalisOpcioi=<uninitialized>, mvnoDijcsomagBillingAgreements=<uninitialized>, provider=vodafone, leiras=Üzleti MVNO, name=MVNO_UZLETI, implicitOfferek=<uninitialized>, id=1, hotlimitNormalBarOpcio=null}
11:05:01,540 DEBUG [org.hibernate.engine.transaction.internal.TransactionImpl] (default task-4) On TransactionImpl creation, JpaCompliance#isJpaTransactionComplianceEnabled == true
11:05:01,551 ERROR [org.hibernate.internal.ExceptionMapperStandardImpl] (default task-4) HHH000346: Error during managed flush [null]
11:05:01,552 WARN  [com.arjuna.ats.arjuna] (default task-4) ARJUNA012125: TwoPhaseCoordinator.beforeCompletion - failed for SynchronizationImple< 0:ffffc0a805e6:700e886c:5c541906:23a, org.wildfly.transaction.client.AbstractTransaction$AssociatingSynchronization@3d8b391c >: java.util.ConcurrentModificationException
	at java.base/java.util.HashMap$HashIterator.nextNode(HashMap.java:1493)
	at java.base/java.util.HashMap$EntryIterator.next(HashMap.java:1526)
	at java.base/java.util.HashMap$EntryIterator.next(HashMap.java:1524)
	at org.hibernate@5.3.7.Final//org.hibernate.internal.util.EntityPrinter.toString(EntityPrinter.java:104)
	at org.hibernate@5.3.7.Final//org.hibernate.event.internal.AbstractFlushingEventListener.logFlushResults(AbstractFlushingEventListener.java:129)
	at org.hibernate@5.3.7.Final//org.hibernate.event.internal.AbstractFlushingEventListener.flushEverythingToExecutions(AbstractFlushingEventListener.java:105)
	at org.hibernate@5.3.7.Final//org.hibernate.event.internal.DefaultFlushEventListener.onFlush(DefaultFlushEventListener.java:38)
	at org.hibernate@5.3.7.Final//org.hibernate.internal.SessionImpl.doFlush(SessionImpl.java:1454)
	at org.hibernate@5.3.7.Final//org.hibernate.internal.SessionImpl.managedFlush(SessionImpl.java:511)
	at org.hibernate@5.3.7.Final//org.hibernate.internal.SessionImpl.flushBeforeTransactionCompletion(SessionImpl.java:3283)
	at org.hibernate@5.3.7.Final//org.hibernate.internal.SessionImpl.beforeTransactionCompletion(SessionImpl.java:2479)
	at org.hibernate@5.3.7.Final//org.hibernate.engine.jdbc.internal.JdbcCoordinatorImpl.beforeTransactionCompletion(JdbcCoordinatorImpl.java:473)
	at org.hibernate@5.3.7.Final//org.hibernate.resource.transaction.backend.jta.internal.JtaTransactionCoordinatorImpl.beforeCompletion(JtaTransactionCoordinatorImpl.java:352)
	at org.hibernate@5.3.7.Final//org.hibernate.resource.transaction.backend.jta.internal.synchronization.SynchronizationCallbackCoordinatorNonTrackingImpl.beforeCompletion(SynchronizationCallbackCoordinatorNonTrackingImpl.java:47)
	at org.hibernate@5.3.7.Final//org.hibernate.resource.transaction.backend.jta.internal.synchronization.RegisteredSynchronization.beforeCompletion(RegisteredSynchronization.java:37)
	at org.jboss.as.transactions@15.0.1.Final//org.jboss.as.txn.service.internal.tsr.JCAOrderedLastSynchronizationList.beforeCompletion(JCAOrderedLastSynchronizationList.java:113)
	at org.wildfly.transaction.client@1.1.2.Final//org.wildfly.transaction.client.AbstractTransaction.performConsumer(AbstractTransaction.java:236)
	at org.wildfly.transaction.client@1.1.2.Final//org.wildfly.transaction.client.AbstractTransaction.performConsumer(AbstractTransaction.java:247)
	at org.wildfly.transaction.client@1.1.2.Final//org.wildfly.transaction.client.AbstractTransaction$AssociatingSynchronization.beforeCompletion(AbstractTransaction.java:292)
	at org.jboss.jts//com.arjuna.ats.internal.jta.resources.arjunacore.SynchronizationImple.beforeCompletion(SynchronizationImple.java:76)
	at org.jboss.jts//com.arjuna.ats.arjuna.coordinator.TwoPhaseCoordinator.beforeCompletion(TwoPhaseCoordinator.java:360)
	at org.jboss.jts//com.arjuna.ats.arjuna.coordinator.TwoPhaseCoordinator.end(TwoPhaseCoordinator.java:91)
	at org.jboss.jts//com.arjuna.ats.arjuna.AtomicAction.commit(AtomicAction.java:162)
	at org.jboss.jts//com.arjuna.ats.internal.jta.transaction.arjunacore.TransactionImple.commitAndDisassociate(TransactionImple.java:1288)
	at org.jboss.jts//com.arjuna.ats.internal.jta.transaction.arjunacore.BaseTransaction.commit(BaseTransaction.java:126)
	at org.jboss.jts.integration//com.arjuna.ats.jbossatx.BaseTransactionManagerDelegate.commit(BaseTransactionManagerDelegate.java:89)
	at org.wildfly.transaction.client@1.1.2.Final//org.wildfly.transaction.client.LocalTransaction.commitAndDissociate(LocalTransaction.java:77)
	at org.wildfly.transaction.client@1.1.2.Final//org.wildfly.transaction.client.ContextTransactionManager.commit(ContextTransactionManager.java:71)
	at org.jboss.as.ejb3@15.0.1.Final//org.jboss.as.ejb3.tx.CMTTxInterceptor.endTransaction(CMTTxInterceptor.java:88)
	at org.jboss.as.ejb3@15.0.1.Final//org.jboss.as.ejb3.tx.CMTTxInterceptor.invokeInOurTx(CMTTxInterceptor.java:261)
	at org.jboss.as.ejb3@15.0.1.Final//org.jboss.as.ejb3.tx.CMTTxInterceptor.requiresNew(CMTTxInterceptor.java:380)
	at org.jboss.as.ejb3@15.0.1.Final//org.jboss.as.ejb3.tx.CMTTxInterceptor.processInvocation(CMTTxInterceptor.java:146)
	at org.jboss.invocation@1.5.1.Final//org.jboss.invocation.InterceptorContext.proceed(InterceptorContext.java:422)
	at org.jboss.invocation@1.5.1.Final//org.jboss.invocation.InterceptorContext$Invocation.proceed(InterceptorContext.java:509)
	at org.jboss.weld.core@3.0.5.Final//org.jboss.weld.module.ejb.AbstractEJBRequestScopeActivationInterceptor.aroundInvoke(AbstractEJBRequestScopeActivationInterceptor.java:72)
	at org.jboss.as.weld.common@15.0.1.Final//org.jboss.as.weld.ejb.EjbRequestScopeActivationInterceptor.processInvocation(EjbRequestScopeActivationInterceptor.java:89)
	at org.jboss.invocation@1.5.1.Final//org.jboss.invocation.InterceptorContext.proceed(InterceptorContext.java:422)
	at org.jboss.as.ejb3@15.0.1.Final//org.jboss.as.ejb3.component.interceptors.CurrentInvocationContextInterceptor.processInvocation(CurrentInvocationContextInterceptor.java:41)
	at org.jboss.invocation@1.5.1.Final//org.jboss.invocation.InterceptorContext.proceed(InterceptorContext.java:422)
	at org.jboss.as.ejb3@15.0.1.Final//org.jboss.as.ejb3.component.invocationmetrics.WaitTimeInterceptor.processInvocation(WaitTimeInterceptor.java:47)
	at org.jboss.invocation@1.5.1.Final//org.jboss.invocation.InterceptorContext.proceed(InterceptorContext.java:422)
	at org.jboss.as.ejb3@15.0.1.Final//org.jboss.as.ejb3.security.SecurityContextInterceptor.processInvocation(SecurityContextInterceptor.java:100)
	at org.jboss.invocation@1.5.1.Final//org.jboss.invocation.InterceptorContext.proceed(InterceptorContext.java:422)
	at org.jboss.as.ejb3@15.0.1.Final//org.jboss.as.ejb3.deployment.processors.StartupAwaitInterceptor.processInvocation(StartupAwaitInterceptor.java:22)
	at org.jboss.invocation@1.5.1.Final//org.jboss.invocation.InterceptorContext.proceed(InterceptorContext.java:422)
	at org.jboss.as.ejb3@15.0.1.Final//org.jboss.as.ejb3.component.interceptors.ShutDownInterceptorFactory$1.processInvocation(ShutDownInterceptorFactory.java:64)
	at org.jboss.invocation@1.5.1.Final//org.jboss.invocation.InterceptorContext.proceed(InterceptorContext.java:422)
	at org.jboss.as.ejb3@15.0.1.Final//org.jboss.as.ejb3.component.interceptors.LoggingInterceptor.processInvocation(LoggingInterceptor.java:67)
	at org.jboss.invocation@1.5.1.Final//org.jboss.invocation.InterceptorContext.proceed(InterceptorContext.java:422)
	at org.jboss.as.ee@15.0.1.Final//org.jboss.as.ee.component.NamespaceContextInterceptor.processInvocation(NamespaceContextInterceptor.java:50)
	at org.jboss.invocation@1.5.1.Final//org.jboss.invocation.InterceptorContext.proceed(InterceptorContext.java:422)
	at org.jboss.invocation@1.5.1.Final//org.jboss.invocation.ContextClassLoaderInterceptor.processInvocation(ContextClassLoaderInterceptor.java:60)
	at org.jboss.invocation@1.5.1.Final//org.jboss.invocation.InterceptorContext.proceed(InterceptorContext.java:422)
	at org.jboss.invocation@1.5.1.Final//org.jboss.invocation.InterceptorContext.run(InterceptorContext.java:438)
	at org.wildfly.security.elytron-private@1.7.0.Final//org.wildfly.security.manager.WildFlySecurityManager.doChecked(WildFlySecurityManager.java:618)
	at org.jboss.invocation@1.5.1.Final//org.jboss.invocation.AccessCheckingInterceptor.processInvocation(AccessCheckingInterceptor.java:57)
	at org.jboss.invocation@1.5.1.Final//org.jboss.invocation.InterceptorContext.proceed(InterceptorContext.java:422)
	at org.jboss.invocation@1.5.1.Final//org.jboss.invocation.ChainedInterceptor.processInvocation(ChainedInterceptor.java:53)
	at org.jboss.as.ee@15.0.1.Final//org.jboss.as.ee.component.ViewService$View.invoke(ViewService.java:198)
	at org.jboss.as.ee@15.0.1.Final//org.jboss.as.ee.component.ViewDescription$1.processInvocation(ViewDescription.java:185)
	at org.jboss.as.ee@15.0.1.Final//org.jboss.as.ee.component.ProxyInvocationHandler.invoke(ProxyInvocationHandler.java:81)
	at deployment.support.war//hu.netfone.crm.mvno.MvnoDijcsomagLogic$$$view187.loadBySzerzodes(Unknown Source)
	at deployment.support.war//hu.netfone.crm.mvno.MvnoDijcsomagEpackKedvezmenyLogic.getAktualisBySzerzodesId(MvnoDijcsomagEpackKedvezmenyLogic.java:124)
	at java.base/jdk.internal.reflect.NativeMethodAccessorImpl.invoke0(Native Method)
	at java.base/jdk.internal.reflect.NativeMethodAccessorImpl.invoke(NativeMethodAccessorImpl.java:62)
	at java.base/jdk.internal.reflect.DelegatingMethodAccessorImpl.invoke(DelegatingMethodAccessorImpl.java:43)
	at java.base/java.lang.reflect.Method.invoke(Method.java:566)
	at org.jboss.as.ee@15.0.1.Final//org.jboss.as.ee.component.ManagedReferenceMethodInterceptor.processInvocation(ManagedReferenceMethodInterceptor.java:52)
	at org.jboss.invocation@1.5.1.Final//org.jboss.invocation.InterceptorContext.proceed(InterceptorContext.java:422)
	at org.jboss.invocation@1.5.1.Final//org.jboss.invocation.InterceptorContext$Invocation.proceed(InterceptorContext.java:509)
	at org.jboss.as.weld.common@15.0.1.Final//org.jboss.as.weld.interceptors.Jsr299BindingsInterceptor.delegateInterception(Jsr299BindingsInterceptor.java:79)
	at org.jboss.as.weld.common@15.0.1.Final//org.jboss.as.weld.interceptors.Jsr299BindingsInterceptor.doMethodInterception(Jsr299BindingsInterceptor.java:89)
	at org.jboss.as.weld.common@15.0.1.Final//org.jboss.as.weld.interceptors.Jsr299BindingsInterceptor.processInvocation(Jsr299BindingsInterceptor.java:102)
	at org.jboss.as.ee@15.0.1.Final//org.jboss.as.ee.component.interceptors.UserInterceptorFactory$1.processInvocation(UserInterceptorFactory.java:63)
	at org.jboss.invocation@1.5.1.Final//org.jboss.invocation.InterceptorContext.proceed(InterceptorContext.java:422)
	at org.jboss.as.ejb3@15.0.1.Final//org.jboss.as.ejb3.component.invocationmetrics.ExecutionTimeInterceptor.processInvocation(ExecutionTimeInterceptor.java:43)
	at org.jboss.invocation@1.5.1.Final//org.jboss.invocation.InterceptorContext.proceed(InterceptorContext.java:422)
	at org.jboss.as.jpa@15.0.1.Final//org.jboss.as.jpa.interceptor.SBInvocationInterceptor.processInvocation(SBInvocationInterceptor.java:47)
	at org.jboss.invocation@1.5.1.Final//org.jboss.invocation.InterceptorContext.proceed(InterceptorContext.java:422)
	at org.jboss.as.ee@15.0.1.Final//org.jboss.as.ee.concurrent.ConcurrentContextInterceptor.processInvocation(ConcurrentContextInterceptor.java:45)
	at org.jboss.invocation@1.5.1.Final//org.jboss.invocation.InterceptorContext.proceed(InterceptorContext.java:422)
	at org.jboss.invocation@1.5.1.Final//org.jboss.invocation.InitialInterceptor.processInvocation(InitialInterceptor.java:40)
	at org.jboss.invocation@1.5.1.Final//org.jboss.invocation.InterceptorContext.proceed(InterceptorContext.java:422)
	at org.jboss.invocation@1.5.1.Final//org.jboss.invocation.ChainedInterceptor.processInvocation(ChainedInterceptor.java:53)
	at org.jboss.as.ee@15.0.1.Final//org.jboss.as.ee.component.interceptors.ComponentDispatcherInterceptor.processInvocation(ComponentDispatcherInterceptor.java:52)
	at org.jboss.invocation@1.5.1.Final//org.jboss.invocation.InterceptorContext.proceed(InterceptorContext.java:422)
	at org.jboss.as.ejb3@15.0.1.Final//org.jboss.as.ejb3.component.pool.PooledInstanceInterceptor.processInvocation(PooledInstanceInterceptor.java:51)
	at org.jboss.invocation@1.5.1.Final//org.jboss.invocation.InterceptorContext.proceed(InterceptorContext.java:422)
	at org.jboss.as.ejb3@15.0.1.Final//org.jboss.as.ejb3.component.interceptors.AdditionalSetupInterceptor.processInvocation(AdditionalSetupInterceptor.java:54)
	at org.jboss.invocation@1.5.1.Final//org.jboss.invocation.InterceptorContext.proceed(InterceptorContext.java:422)
	at org.jboss.as.ejb3@15.0.1.Final//org.jboss.as.ejb3.tx.CMTTxInterceptor.invokeInCallerTx(CMTTxInterceptor.java:185)
	at org.jboss.as.ejb3@15.0.1.Final//org.jboss.as.ejb3.tx.CMTTxInterceptor.required(CMTTxInterceptor.java:364)
	at org.jboss.as.ejb3@15.0.1.Final//org.jboss.as.ejb3.tx.CMTTxInterceptor.processInvocation(CMTTxInterceptor.java:144)
	at org.jboss.invocation@1.5.1.Final//org.jboss.invocation.InterceptorContext.proceed(InterceptorContext.java:422)
	at org.jboss.invocation@1.5.1.Final//org.jboss.invocation.InterceptorContext$Invocation.proceed(InterceptorContext.java:509)
	at org.jboss.weld.core@3.0.5.Final//org.jboss.weld.module.ejb.AbstractEJBRequestScopeActivationInterceptor.aroundInvoke(AbstractEJBRequestScopeActivationInterceptor.java:72)
	at org.jboss.as.weld.common@15.0.1.Final//org.jboss.as.weld.ejb.EjbRequestScopeActivationInterceptor.processInvocation(EjbRequestScopeActivationInterceptor.java:89)
	at org.jboss.invocation@1.5.1.Final//org.jboss.invocation.InterceptorContext.proceed(InterceptorContext.java:422)
	at org.jboss.as.ejb3@15.0.1.Final//org.jboss.as.ejb3.component.interceptors.CurrentInvocationContextInterceptor.processInvocation(CurrentInvocationContextInterceptor.java:41)
	at org.jboss.invocation@1.5.1.Final//org.jboss.invocation.InterceptorContext.proceed(InterceptorContext.java:422)
	at org.jboss.as.ejb3@15.0.1.Final//org.jboss.as.ejb3.component.invocationmetrics.WaitTimeInterceptor.processInvocation(WaitTimeInterceptor.java:47)
	at org.jboss.invocation@1.5.1.Final//org.jboss.invocation.InterceptorContext.proceed(InterceptorContext.java:422)
	at org.jboss.as.ejb3@15.0.1.Final//org.jboss.as.ejb3.security.SecurityContextInterceptor.processInvocation(SecurityContextInterceptor.java:100)
	at org.jboss.invocation@1.5.1.Final//org.jboss.invocation.InterceptorContext.proceed(InterceptorContext.java:422)
	at org.jboss.as.ejb3@15.0.1.Final//org.jboss.as.ejb3.deployment.processors.StartupAwaitInterceptor.processInvocation(StartupAwaitInterceptor.java:22)
	at org.jboss.invocation@1.5.1.Final//org.jboss.invocation.InterceptorContext.proceed(InterceptorContext.java:422)
	at org.jboss.as.ejb3@15.0.1.Final//org.jboss.as.ejb3.component.interceptors.ShutDownInterceptorFactory$1.processInvocation(ShutDownInterceptorFactory.java:64)
	at org.jboss.invocation@1.5.1.Final//org.jboss.invocation.InterceptorContext.proceed(InterceptorContext.java:422)
	at org.jboss.as.ejb3@15.0.1.Final//org.jboss.as.ejb3.component.interceptors.LoggingInterceptor.processInvocation(LoggingInterceptor.java:67)
	at org.jboss.invocation@1.5.1.Final//org.jboss.invocation.InterceptorContext.proceed(InterceptorContext.java:422)
	at org.jboss.as.ee@15.0.1.Final//org.jboss.as.ee.component.NamespaceContextInterceptor.processInvocation(NamespaceContextInterceptor.java:50)
	at org.jboss.invocation@1.5.1.Final//org.jboss.invocation.InterceptorContext.proceed(InterceptorContext.java:422)
	at org.jboss.invocation@1.5.1.Final//org.jboss.invocation.ContextClassLoaderInterceptor.processInvocation(ContextClassLoaderInterceptor.java:60)
	at org.jboss.invocation@1.5.1.Final//org.jboss.invocation.InterceptorContext.proceed(InterceptorContext.java:422)
	at org.jboss.invocation@1.5.1.Final//org.jboss.invocation.InterceptorContext.run(InterceptorContext.java:438)
	at org.wildfly.security.elytron-private@1.7.0.Final//org.wildfly.security.manager.WildFlySecurityManager.doChecked(WildFlySecurityManager.java:618)
	at org.jboss.invocation@1.5.1.Final//org.jboss.invocation.AccessCheckingInterceptor.processInvocation(AccessCheckingInterceptor.java:57)
	at org.jboss.invocation@1.5.1.Final//org.jboss.invocation.InterceptorContext.proceed(InterceptorContext.java:422)
	at org.jboss.invocation@1.5.1.Final//org.jboss.invocation.ChainedInterceptor.processInvocation(ChainedInterceptor.java:53)
	at org.jboss.as.ee@15.0.1.Final//org.jboss.as.ee.component.ViewService$View.invoke(ViewService.java:198)
	at org.jboss.as.ee@15.0.1.Final//org.jboss.as.ee.component.ViewDescription$1.processInvocation(ViewDescription.java:185)
	at org.jboss.as.ee@15.0.1.Final//org.jboss.as.ee.component.ProxyInvocationHandler.invoke(ProxyInvocationHandler.java:81)
	at deployment.support.war//hu.netfone.crm.mvno.MvnoDijcsomagEpackKedvezmenyLogic$$$view140.getAktualisBySzerzodesId(Unknown Source)
	at deployment.support.war//hu.netfone.ejb.SzerzodesEpackStatuszLogic.felvehetoEpackKedvezmeny(SzerzodesEpackStatuszLogic.java:102)
	at java.base/jdk.internal.reflect.NativeMethodAccessorImpl.invoke0(Native Method)
	at java.base/jdk.internal.reflect.NativeMethodAccessorImpl.invoke(NativeMethodAccessorImpl.java:62)
	at java.base/jdk.internal.reflect.DelegatingMethodAccessorImpl.invoke(DelegatingMethodAccessorImpl.java:43)
	at java.base/java.lang.reflect.Method.invoke(Method.java:566)
	at org.jboss.as.ee@15.0.1.Final//org.jboss.as.ee.component.ManagedReferenceMethodInterceptor.processInvocation(ManagedReferenceMethodInterceptor.java:52)
	at org.jboss.invocation@1.5.1.Final//org.jboss.invocation.InterceptorContext.proceed(InterceptorContext.java:422)
	at org.jboss.invocation@1.5.1.Final//org.jboss.invocation.InterceptorContext$Invocation.proceed(InterceptorContext.java:509)
	at org.jboss.as.weld.common@15.0.1.Final//org.jboss.as.weld.interceptors.Jsr299BindingsInterceptor.delegateInterception(Jsr299BindingsInterceptor.java:79)
	at org.jboss.as.weld.common@15.0.1.Final//org.jboss.as.weld.interceptors.Jsr299BindingsInterceptor.doMethodInterception(Jsr299BindingsInterceptor.java:89)
	at org.jboss.as.weld.common@15.0.1.Final//org.jboss.as.weld.interceptors.Jsr299BindingsInterceptor.processInvocation(Jsr299BindingsInterceptor.java:102)
	at org.jboss.as.ee@15.0.1.Final//org.jboss.as.ee.component.interceptors.UserInterceptorFactory$1.processInvocation(UserInterceptorFactory.java:63)
	at org.jboss.invocation@1.5.1.Final//org.jboss.invocation.InterceptorContext.proceed(InterceptorContext.java:422)
	at org.jboss.as.ejb3@15.0.1.Final//org.jboss.as.ejb3.component.invocationmetrics.ExecutionTimeInterceptor.processInvocation(ExecutionTimeInterceptor.java:43)
	at org.jboss.invocation@1.5.1.Final//org.jboss.invocation.InterceptorContext.proceed(InterceptorContext.java:422)
	at org.jboss.as.jpa@15.0.1.Final//org.jboss.as.jpa.interceptor.SBInvocationInterceptor.processInvocation(SBInvocationInterceptor.java:47)
	at org.jboss.invocation@1.5.1.Final//org.jboss.invocation.InterceptorContext.proceed(InterceptorContext.java:422)
	at org.jboss.as.ee@15.0.1.Final//org.jboss.as.ee.concurrent.ConcurrentContextInterceptor.processInvocation(ConcurrentContextInterceptor.java:45)
	at org.jboss.invocation@1.5.1.Final//org.jboss.invocation.InterceptorContext.proceed(InterceptorContext.java:422)
	at org.jboss.invocation@1.5.1.Final//org.jboss.invocation.InitialInterceptor.processInvocation(InitialInterceptor.java:40)
	at org.jboss.invocation@1.5.1.Final//org.jboss.invocation.InterceptorContext.proceed(InterceptorContext.java:422)
	at org.jboss.invocation@1.5.1.Final//org.jboss.invocation.ChainedInterceptor.processInvocation(ChainedInterceptor.java:53)
	at org.jboss.as.ee@15.0.1.Final//org.jboss.as.ee.component.interceptors.ComponentDispatcherInterceptor.processInvocation(ComponentDispatcherInterceptor.java:52)
	at org.jboss.invocation@1.5.1.Final//org.jboss.invocation.InterceptorContext.proceed(InterceptorContext.java:422)
	at org.jboss.as.ejb3@15.0.1.Final//org.jboss.as.ejb3.component.pool.PooledInstanceInterceptor.processInvocation(PooledInstanceInterceptor.java:51)
	at org.jboss.invocation@1.5.1.Final//org.jboss.invocation.InterceptorContext.proceed(InterceptorContext.java:422)
	at org.jboss.as.ejb3@15.0.1.Final//org.jboss.as.ejb3.component.interceptors.AdditionalSetupInterceptor.processInvocation(AdditionalSetupInterceptor.java:54)
	at org.jboss.invocation@1.5.1.Final//org.jboss.invocation.InterceptorContext.proceed(InterceptorContext.java:422)
	at org.jboss.as.ejb3@15.0.1.Final//org.jboss.as.ejb3.tx.CMTTxInterceptor.invokeInOurTx(CMTTxInterceptor.java:237)
	at org.jboss.as.ejb3@15.0.1.Final//org.jboss.as.ejb3.tx.CMTTxInterceptor.required(CMTTxInterceptor.java:362)
	at org.jboss.as.ejb3@15.0.1.Final//org.jboss.as.ejb3.tx.CMTTxInterceptor.processInvocation(CMTTxInterceptor.java:144)
	at org.jboss.invocation@1.5.1.Final//org.jboss.invocation.InterceptorContext.proceed(InterceptorContext.java:422)
	at org.jboss.invocation@1.5.1.Final//org.jboss.invocation.InterceptorContext$Invocation.proceed(InterceptorContext.java:509)
	at org.jboss.weld.core@3.0.5.Final//org.jboss.weld.module.ejb.AbstractEJBRequestScopeActivationInterceptor.aroundInvoke(AbstractEJBRequestScopeActivationInterceptor.java:72)
	at org.jboss.as.weld.common@15.0.1.Final//org.jboss.as.weld.ejb.EjbRequestScopeActivationInterceptor.processInvocation(EjbRequestScopeActivationInterceptor.java:89)
	at org.jboss.invocation@1.5.1.Final//org.jboss.invocation.InterceptorContext.proceed(InterceptorContext.java:422)
	at org.jboss.as.ejb3@15.0.1.Final//org.jboss.as.ejb3.component.interceptors.CurrentInvocationContextInterceptor.processInvocation(CurrentInvocationContextInterceptor.java:41)
	at org.jboss.invocation@1.5.1.Final//org.jboss.invocation.InterceptorContext.proceed(InterceptorContext.java:422)
	at org.jboss.as.ejb3@15.0.1.Final//org.jboss.as.ejb3.component.invocationmetrics.WaitTimeInterceptor.processInvocation(WaitTimeInterceptor.java:47)
	at org.jboss.invocation@1.5.1.Final//org.jboss.invocation.InterceptorContext.proceed(InterceptorContext.java:422)
	at org.jboss.as.ejb3@15.0.1.Final//org.jboss.as.ejb3.security.SecurityContextInterceptor.processInvocation(SecurityContextInterceptor.java:100)
	at org.jboss.invocation@1.5.1.Final//org.jboss.invocation.InterceptorContext.proceed(InterceptorContext.java:422)
	at org.jboss.as.ejb3@15.0.1.Final//org.jboss.as.ejb3.deployment.processors.StartupAwaitInterceptor.processInvocation(StartupAwaitInterceptor.java:22)
	at org.jboss.invocation@1.5.1.Final//org.jboss.invocation.InterceptorContext.proceed(InterceptorContext.java:422)
	at org.jboss.as.ejb3@15.0.1.Final//org.jboss.as.ejb3.component.interceptors.ShutDownInterceptorFactory$1.processInvocation(ShutDownInterceptorFactory.java:64)
	at org.jboss.invocation@1.5.1.Final//org.jboss.invocation.InterceptorContext.proceed(InterceptorContext.java:422)
	at org.jboss.as.ejb3@15.0.1.Final//org.jboss.as.ejb3.component.interceptors.LoggingInterceptor.processInvocation(LoggingInterceptor.java:67)
	at org.jboss.invocation@1.5.1.Final//org.jboss.invocation.InterceptorContext.proceed(InterceptorContext.java:422)
	at org.jboss.as.ee@15.0.1.Final//org.jboss.as.ee.component.NamespaceContextInterceptor.processInvocation(NamespaceContextInterceptor.java:50)
	at org.jboss.invocation@1.5.1.Final//org.jboss.invocation.InterceptorContext.proceed(InterceptorContext.java:422)
	at org.jboss.invocation@1.5.1.Final//org.jboss.invocation.ContextClassLoaderInterceptor.processInvocation(ContextClassLoaderInterceptor.java:60)
	at org.jboss.invocation@1.5.1.Final//org.jboss.invocation.InterceptorContext.proceed(InterceptorContext.java:422)
	at org.jboss.invocation@1.5.1.Final//org.jboss.invocation.InterceptorContext.run(InterceptorContext.java:438)
	at org.wildfly.security.elytron-private@1.7.0.Final//org.wildfly.security.manager.WildFlySecurityManager.doChecked(WildFlySecurityManager.java:618)
	at org.jboss.invocation@1.5.1.Final//org.jboss.invocation.AccessCheckingInterceptor.processInvocation(AccessCheckingInterceptor.java:57)
	at org.jboss.invocation@1.5.1.Final//org.jboss.invocation.InterceptorContext.proceed(InterceptorContext.java:422)
	at org.jboss.invocation@1.5.1.Final//org.jboss.invocation.ChainedInterceptor.processInvocation(ChainedInterceptor.java:53)
	at org.jboss.as.ee@15.0.1.Final//org.jboss.as.ee.component.ViewService$View.invoke(ViewService.java:198)
	at org.jboss.as.ee@15.0.1.Final//org.jboss.as.ee.component.ViewDescription$1.processInvocation(ViewDescription.java:185)
	at org.jboss.as.ee@15.0.1.Final//org.jboss.as.ee.component.ProxyInvocationHandler.invoke(ProxyInvocationHandler.java:81)
	at deployment.support.war//hu.netfone.ejb.SzerzodesEpackStatuszLogic$$$view200.felvehetoEpackKedvezmeny(Unknown Source)
	at org.apache.jsp.nfcrm.szerzodes_005fedit_jsp._jspService(szerzodes_005fedit_jsp.java:534)
	at io.undertow.jsp@2.0.7.Final//org.apache.jasper.runtime.HttpJspBase.service(HttpJspBase.java:70)
	at javax.servlet.api@1.0.0.Final//javax.servlet.http.HttpServlet.service(HttpServlet.java:791)
	at io.undertow.jsp@2.0.7.Final//org.apache.jasper.servlet.JspServletWrapper.service(JspServletWrapper.java:433)
	at io.undertow.jsp@2.0.7.Final//org.apache.jasper.servlet.JspServlet.serviceJspFile(JspServlet.java:403)
	at io.undertow.jsp@2.0.7.Final//org.apache.jasper.servlet.JspServlet.service(JspServlet.java:347)
	at javax.servlet.api@1.0.0.Final//javax.servlet.http.HttpServlet.service(HttpServlet.java:791)
	at io.undertow.servlet@2.0.15.Final//io.undertow.servlet.handlers.ServletHandler.handleRequest(ServletHandler.java:74)
	at io.undertow.servlet@2.0.15.Final//io.undertow.servlet.handlers.FilterHandler$FilterChainImpl.doFilter(FilterHandler.java:129)
	at deployment.support.war//hu.netfone.util.ThreadContextFilter.doFilter(ThreadContextFilter.java:29)
	at io.undertow.servlet@2.0.15.Final//io.undertow.servlet.core.ManagedFilter.doFilter(ManagedFilter.java:61)
	at io.undertow.servlet@2.0.15.Final//io.undertow.servlet.handlers.FilterHandler$FilterChainImpl.doFilter(FilterHandler.java:131)
	at io.opentracing.contrib.opentracing-jaxrs2//io.opentracing.contrib.jaxrs2.server.SpanFinishingFilter.doFilter(SpanFinishingFilter.java:55)
	at io.undertow.servlet@2.0.15.Final//io.undertow.servlet.core.ManagedFilter.doFilter(ManagedFilter.java:61)
	at io.undertow.servlet@2.0.15.Final//io.undertow.servlet.handlers.FilterHandler$FilterChainImpl.doFilter(FilterHandler.java:131)
	at io.undertow.servlet@2.0.15.Final//io.undertow.servlet.handlers.FilterHandler.handleRequest(FilterHandler.java:84)
	at io.undertow.servlet@2.0.15.Final//io.undertow.servlet.handlers.security.ServletSecurityRoleHandler.handleRequest(ServletSecurityRoleHandler.java:62)
	at io.undertow.jsp@2.0.7.Final//io.undertow.jsp.JspFileHandler.handleRequest(JspFileHandler.java:32)
	at io.undertow.servlet@2.0.15.Final//io.undertow.servlet.handlers.ServletChain$1.handleRequest(ServletChain.java:68)
	at io.undertow.servlet@2.0.15.Final//io.undertow.servlet.handlers.ServletDispatchingHandler.handleRequest(ServletDispatchingHandler.java:36)
	at org.wildfly.extension.undertow@15.0.1.Final//org.wildfly.extension.undertow.security.SecurityContextAssociationHandler.handleRequest(SecurityContextAssociationHandler.java:78)
	at io.undertow.core@2.0.15.Final//io.undertow.server.handlers.PredicateHandler.handleRequest(PredicateHandler.java:43)
	at io.undertow.servlet@2.0.15.Final//io.undertow.servlet.handlers.security.SSLInformationAssociationHandler.handleRequest(SSLInformationAssociationHandler.java:132)
	at io.undertow.servlet@2.0.15.Final//io.undertow.servlet.handlers.security.ServletAuthenticationCallHandler.handleRequest(ServletAuthenticationCallHandler.java:57)
	at io.undertow.core@2.0.15.Final//io.undertow.server.handlers.DisableCacheHandler.handleRequest(DisableCacheHandler.java:33)
	at io.undertow.core@2.0.15.Final//io.undertow.server.handlers.PredicateHandler.handleRequest(PredicateHandler.java:43)
	at io.undertow.core@2.0.15.Final//io.undertow.security.handlers.AuthenticationConstraintHandler.handleRequest(AuthenticationConstraintHandler.java:53)
	at io.undertow.core@2.0.15.Final//io.undertow.security.handlers.AbstractConfidentialityHandler.handleRequest(AbstractConfidentialityHandler.java:46)
	at io.undertow.servlet@2.0.15.Final//io.undertow.servlet.handlers.security.ServletConfidentialityConstraintHandler.handleRequest(ServletConfidentialityConstraintHandler.java:64)
	at io.undertow.servlet@2.0.15.Final//io.undertow.servlet.handlers.security.ServletSecurityConstraintHandler.handleRequest(ServletSecurityConstraintHandler.java:59)
	at io.undertow.core@2.0.15.Final//io.undertow.security.handlers.AuthenticationMechanismsHandler.handleRequest(AuthenticationMechanismsHandler.java:60)
	at io.undertow.servlet@2.0.15.Final//io.undertow.servlet.handlers.security.CachedAuthenticatedSessionHandler.handleRequest(CachedAuthenticatedSessionHandler.java:77)
	at io.undertow.core@2.0.15.Final//io.undertow.security.handlers.NotificationReceiverHandler.handleRequest(NotificationReceiverHandler.java:50)
	at io.undertow.core@2.0.15.Final//io.undertow.security.handlers.AbstractSecurityContextAssociationHandler.handleRequest(AbstractSecurityContextAssociationHandler.java:43)
	at io.undertow.core@2.0.15.Final//io.undertow.server.handlers.PredicateHandler.handleRequest(PredicateHandler.java:43)
	at org.wildfly.extension.undertow@15.0.1.Final//org.wildfly.extension.undertow.security.jacc.JACCContextIdHandler.handleRequest(JACCContextIdHandler.java:61)
	at io.undertow.core@2.0.15.Final//io.undertow.server.handlers.PredicateHandler.handleRequest(PredicateHandler.java:43)
	at org.wildfly.extension.undertow@15.0.1.Final//org.wildfly.extension.undertow.security.jaspi.JASPICSecureResponseHandler.handleRequest(JASPICSecureResponseHandler.java:48)
	at org.wildfly.extension.undertow@15.0.1.Final//org.wildfly.extension.undertow.deployment.GlobalRequestControllerHandler.handleRequest(GlobalRequestControllerHandler.java:68)
	at io.undertow.core@2.0.15.Final//io.undertow.server.handlers.PredicateHandler.handleRequest(PredicateHandler.java:43)
	at io.undertow.servlet@2.0.15.Final//io.undertow.servlet.handlers.ServletInitialHandler.handleFirstRequest(ServletInitialHandler.java:292)
	at io.undertow.servlet@2.0.15.Final//io.undertow.servlet.handlers.ServletInitialHandler.access$100(ServletInitialHandler.java:81)
	at io.undertow.servlet@2.0.15.Final//io.undertow.servlet.handlers.ServletInitialHandler$2.call(ServletInitialHandler.java:138)
	at io.undertow.servlet@2.0.15.Final//io.undertow.servlet.handlers.ServletInitialHandler$2.call(ServletInitialHandler.java:135)
	at io.undertow.servlet@2.0.15.Final//io.undertow.servlet.core.ServletRequestContextThreadSetupAction$1.call(ServletRequestContextThreadSetupAction.java:48)
	at io.undertow.servlet@2.0.15.Final//io.undertow.servlet.core.ContextClassLoaderSetupAction$1.call(ContextClassLoaderSetupAction.java:43)
	at org.wildfly.extension.undertow@15.0.1.Final//org.wildfly.extension.undertow.security.SecurityContextThreadSetupAction.lambda$create$0(SecurityContextThreadSetupAction.java:105)
	at org.wildfly.extension.undertow@15.0.1.Final//org.wildfly.extension.undertow.deployment.UndertowDeploymentInfoService$UndertowThreadSetupAction.lambda$create$0(UndertowDeploymentInfoService.java:1502)
	at org.wildfly.extension.undertow@15.0.1.Final//org.wildfly.extension.undertow.deployment.UndertowDeploymentInfoService$UndertowThreadSetupAction.lambda$create$0(UndertowDeploymentInfoService.java:1502)
	at org.wildfly.extension.undertow@15.0.1.Final//org.wildfly.extension.undertow.deployment.UndertowDeploymentInfoService$UndertowThreadSetupAction.lambda$create$0(UndertowDeploymentInfoService.java:1502)
	at org.wildfly.extension.undertow@15.0.1.Final//org.wildfly.extension.undertow.deployment.UndertowDeploymentInfoService$UndertowThreadSetupAction.lambda$create$0(UndertowDeploymentInfoService.java:1502)
	at org.wildfly.extension.undertow@15.0.1.Final//org.wildfly.extension.undertow.deployment.UndertowDeploymentInfoService$UndertowThreadSetupAction.lambda$create$0(UndertowDeploymentInfoService.java:1502)
	at io.undertow.servlet@2.0.15.Final//io.undertow.servlet.handlers.ServletInitialHandler.dispatchRequest(ServletInitialHandler.java:272)
	at io.undertow.servlet@2.0.15.Final//io.undertow.servlet.handlers.ServletInitialHandler.access$000(ServletInitialHandler.java:81)
	at io.undertow.servlet@2.0.15.Final//io.undertow.servlet.handlers.ServletInitialHandler$1.handleRequest(ServletInitialHandler.java:104)
	at io.undertow.core@2.0.15.Final//io.undertow.server.Connectors.executeRootHandler(Connectors.java:360)
	at io.undertow.core@2.0.15.Final//io.undertow.server.HttpServerExchange$1.run(HttpServerExchange.java:830)
	at org.jboss.threads@2.3.2.Final//org.jboss.threads.ContextClassLoaderSavingRunnable.run(ContextClassLoaderSavingRunnable.java:35)
	at org.jboss.threads@2.3.2.Final//org.jboss.threads.EnhancedQueueExecutor.safeRun(EnhancedQueueExecutor.java:1985)
	at org.jboss.threads@2.3.2.Final//org.jboss.threads.EnhancedQueueExecutor$ThreadBody.doRunTask(EnhancedQueueExecutor.java:1487)
	at org.jboss.threads@2.3.2.Final//org.jboss.threads.EnhancedQueueExecutor$ThreadBody.run(EnhancedQueueExecutor.java:1378)
	at java.base/java.lang.Thread.run(Thread.java:834)

