11:38:15,702 DEBUG [org.hibernate.cache.spi.UpdateTimestampsCache] (default task-14) [MyEntity] last update timestamp: 1508405883285, result set timestamp: 1508405887405
11:38:15,718 TRACE [org.infinispan.interceptors.InvocationContextInterceptor] (default task-14) Invoked with command ClearCommand{flags=null} and InvocationContext [org.infinispan.context.impl.ClearInvocationContext@6900be2c]
11:38:15,718 TRACE [org.infinispan.interceptors.CallInterceptor] (default task-14) Executing command: ClearCommand{flags=null}.
11:38:15,720 TRACE [org.infinispan.remoting.rpc.RpcManagerImpl] (default task-14) papegaaij invoking ClearCommand{flags=null} to recipient list [papegaaij, papegaaij] with options RpcOptions{timeout=10000, unit=MILLISECONDS, deliverOrder=NONE, responseFilter=null, responseMode=SYNCHRONOUS_IGNORE_LEAVERS, skipReplicationQueue=false}
11:38:15,720 TRACE [org.infinispan.remoting.rpc.RpcManagerImpl] (default task-14) Topology id missing on command ClearCommand{flags=null}, setting it to 3
11:38:15,720 TRACE [org.infinispan.remoting.transport.jgroups.JGroupsTransport] (default task-14) dests=[papegaaij, papegaaij], command=SingleRpcCommand{cacheName='cachetest-1.0.war#primary.nl.topicus.MyEntity', command=ClearCommand{flags=null}}, mode=SYNCHRONOUS_IGNORE_LEAVERS, timeout=10000
11:38:15,720 TRACE [org.infinispan.remoting.transport.jgroups.CommandAwareRpcDispatcher] (default task-14) Replication task sending SingleRpcCommand{cacheName='cachetest-1.0.war#primary.nl.topicus.MyEntity', command=ClearCommand{flags=null}} to addresses [papegaaij] with response mode GET_ALL
11:38:15,720 TRACE [org.infinispan.commons.marshall.AdaptiveBufferSizePredictor] (default task-14) Next predicted buffer size for object type 'org.infinispan.commands.remote.SingleRpcCommand' will be 1408
11:38:15,720 TRACE [org.infinispan.marshall.core.VersionAwareMarshaller] (default task-14) Wrote version 510
11:38:15,720 TRACE [org.infinispan.commons.marshall.AdaptiveBufferSizePredictor] (default task-14) Next predicted buffer size for object type 'org.infinispan.commands.remote.SingleRpcCommand' will be 512
11:38:15,720 TRACE [org.infinispan.marshall.core.VersionAwareMarshaller] (default task-14) Wrote version 510
11:38:15,720 TRACE [org.infinispan.commons.marshall.jboss.AbstractJBossMarshaller] (default task-14) Stop marshaller
11:38:15,720 TRACE [org.infinispan.commons.marshall.jboss.AbstractJBossMarshaller] (default task-14) Stop marshaller
11:38:15,723 TRACE [org.infinispan.commons.marshall.jboss.AbstractJBossMarshaller] (thread-20) Start unmarshaller after retrieving marshaller from thread local
11:38:15,723 TRACE [org.infinispan.marshall.core.VersionAwareMarshaller] (thread-20) Read version 510
11:38:15,723 TRACE [org.infinispan.commons.marshall.jboss.AbstractJBossMarshaller] (thread-20) Stop unmarshaller
11:38:15,723 TRACE [org.infinispan.remoting.transport.jgroups.JGroupsTransport] (thread-20) Responses: Responses{
papegaaij: sender=papegaaij, received=true, suspected=false}
11:38:15,723 TRACE [org.infinispan.remoting.rpc.RpcManagerImpl] (thread-20) Response(s) to ClearCommand{flags=null} is {papegaaij=SuccessfulResponse{responseValue=null} }
11:38:15,723 TRACE [org.infinispan.statetransfer.StateConsumerImpl] (default task-14) Stop keeping track of changed keys for state transfer
11:38:15,723 TRACE [org.infinispan.statetransfer.CommitManager] (default task-14) Set track to PUT_FOR_STATE_TRANSFER = false
11:38:15,723 TRACE [org.infinispan.statetransfer.CommitManager] (default task-14) Tracking is disabled. Clear tracker: {}
11:38:15,723 DEBUG [org.infinispan.xsite.statetransfer.XSiteStateConsumerImpl] (default task-14) Ending state transfer from null
11:38:15,723 TRACE [org.infinispan.statetransfer.CommitManager] (default task-14) Set track to PUT_FOR_X_SITE_STATE_TRANSFER = false
11:38:15,723 TRACE [org.infinispan.statetransfer.CommitManager] (default task-14) Tracking is disabled. Clear tracker: {}
11:38:15,724 TRACE [org.infinispan.interceptors.EntryWrappingInterceptor] (default task-14) About to commit entry ClearCacheEntry{}
11:38:15,724 TRACE [org.infinispan.container.DefaultDataContainer] (default task-14) Clearing data container
11:38:15,724 TRACE [org.infinispan.interceptors.EntryWrappingInterceptor] (default task-14) The return value is null
11:38:15,724 DEBUG [org.hibernate.cache.spi.UpdateTimestampsCache] (default task-14) Pre-invalidating space [MyEntity], timestamp: 1508405955724
11:38:15,724 TRACE [org.infinispan.interceptors.InvocationContextInterceptor] (default task-14) Invoked with command PutKeyValueCommand{key=MyEntity, value=1508405955724, flags=[SKIP_LOCKING, FORCE_ASYNCHRONOUS, SKIP_CACHE_LOAD, SKIP_REMOTE_LOOKUP], putIfAbsent=false, valueMatcher=MATCH_ALWAYS, metadata=EmbeddedExpirableMetadata{lifespan=-1, maxIdle=-1, version=null}, successful=true} and InvocationContext [org.infinispan.context.SingleKeyNonTxInvocationContext@7c0f613c]
11:38:15,724 TRACE [org.infinispan.statetransfer.StateTransferInterceptor] (default task-14) handleNonTxWriteCommand for command PutKeyValueCommand{key=MyEntity, value=1508405955724, flags=[SKIP_LOCKING, FORCE_ASYNCHRONOUS, SKIP_CACHE_LOAD, SKIP_REMOTE_LOOKUP], putIfAbsent=false, valueMatcher=MATCH_ALWAYS, metadata=EmbeddedExpirableMetadata{lifespan=-1, maxIdle=-1, version=null}, successful=true}, topology id -1
11:38:15,724 TRACE [org.infinispan.interceptors.EntryWrappingInterceptor] (default task-14) Wrapping entry 'MyEntity'? false
11:38:15,724 TRACE [org.infinispan.interceptors.CallInterceptor] (default task-14) Executing command: PutKeyValueCommand{key=MyEntity, value=1508405955724, flags=[SKIP_LOCKING, FORCE_ASYNCHRONOUS, SKIP_CACHE_LOAD, SKIP_REMOTE_LOOKUP], putIfAbsent=false, valueMatcher=MATCH_ALWAYS, metadata=EmbeddedExpirableMetadata{lifespan=-1, maxIdle=-1, version=null}, successful=true}.
11:38:15,724 TRACE [org.infinispan.interceptors.distribution.BaseDistributionInterceptor] (default task-14) Command topology id is 3, current topology id is 3, successful? true
11:38:15,724 TRACE [org.infinispan.interceptors.distribution.BaseDistributionInterceptor] (default task-14) I'm not the primary owner, so sending the command to the primary owner(papegaaij) in order to be forwarded
11:38:15,724 TRACE [org.infinispan.remoting.rpc.RpcManagerImpl] (default task-14) papegaaij invoking PutKeyValueCommand{key=MyEntity, value=1508405955724, flags=[SKIP_LOCKING, FORCE_ASYNCHRONOUS, SKIP_CACHE_LOAD, SKIP_REMOTE_LOOKUP], putIfAbsent=false, valueMatcher=MATCH_ALWAYS, metadata=EmbeddedExpirableMetadata{lifespan=-1, maxIdle=-1, version=null}, successful=true} to recipient list [papegaaij] with options RpcOptions{timeout=15000, unit=MILLISECONDS, deliverOrder=PER_SENDER, responseFilter=null, responseMode=ASYNCHRONOUS, skipReplicationQueue=false}
11:38:15,725 TRACE [org.infinispan.remoting.transport.jgroups.JGroupsTransport] (default task-14) dests=[papegaaij], command=SingleRpcCommand{cacheName='cachetest-1.0.war#primary.org.hibernate.cache.spi.UpdateTimestampsCache', command=PutKeyValueCommand{key=MyEntity, value=1508405955724, flags=[SKIP_LOCKING, FORCE_ASYNCHRONOUS, SKIP_CACHE_LOAD, SKIP_REMOTE_LOOKUP], putIfAbsent=false, valueMatcher=MATCH_ALWAYS, metadata=EmbeddedExpirableMetadata{lifespan=-1, maxIdle=-1, version=null}, successful=true}}, mode=ASYNCHRONOUS, timeout=15000
11:38:15,725 TRACE [org.infinispan.remoting.transport.jgroups.CommandAwareRpcDispatcher] (default task-14) Replication task sending SingleRpcCommand{cacheName='cachetest-1.0.war#primary.org.hibernate.cache.spi.UpdateTimestampsCache', command=PutKeyValueCommand{key=MyEntity, value=1508405955724, flags=[SKIP_LOCKING, FORCE_ASYNCHRONOUS, SKIP_CACHE_LOAD, SKIP_REMOTE_LOOKUP], putIfAbsent=false, valueMatcher=MATCH_ALWAYS, metadata=EmbeddedExpirableMetadata{lifespan=-1, maxIdle=-1, version=null}, successful=true}} to single recipient papegaaij with response mode GET_NONE
11:38:15,725 TRACE [org.infinispan.commons.marshall.AdaptiveBufferSizePredictor] (default task-14) Next predicted buffer size for object type 'org.infinispan.commands.remote.SingleRpcCommand' will be 1408
11:38:15,725 TRACE [org.infinispan.marshall.core.VersionAwareMarshaller] (default task-14) Wrote version 510
11:38:15,725 TRACE [org.infinispan.commons.marshall.AdaptiveBufferSizePredictor] (default task-14) Next predicted buffer size for object type 'org.infinispan.commands.remote.SingleRpcCommand' will be 512
11:38:15,725 TRACE [org.infinispan.marshall.core.VersionAwareMarshaller] (default task-14) Wrote version 510
11:38:15,725 TRACE [org.infinispan.commons.marshall.jboss.AbstractJBossMarshaller] (default task-14) Stop marshaller
11:38:15,725 TRACE [org.infinispan.commons.marshall.jboss.AbstractJBossMarshaller] (default task-14) Stop marshaller
11:38:15,725 TRACE [org.infinispan.remoting.rpc.RpcManagerImpl] (default task-14) Response(s) to PutKeyValueCommand{key=MyEntity, value=1508405955724, flags=[SKIP_LOCKING, FORCE_ASYNCHRONOUS, SKIP_CACHE_LOAD, SKIP_REMOTE_LOOKUP], putIfAbsent=false, valueMatcher=MATCH_ALWAYS, metadata=EmbeddedExpirableMetadata{lifespan=-1, maxIdle=-1, version=null}, successful=true} is {}
11:38:15,725 TRACE [org.infinispan.interceptors.EntryWrappingInterceptor] (default task-14) The return value is null
11:38:15,725 TRACE [org.infinispan.util.concurrent.locks.impl.DefaultLockManager] (default task-14) Release locks for keys=[]. owner=CommandUUID{address=papegaaij, id=43}
11:38:15,726 DEBUG [org.hibernate.SQL] (default task-14) update MyEntity set value=1289063559 where id=100
11:38:15,727 TRACE [org.infinispan.commons.marshall.jboss.AbstractJBossMarshaller] (thread-2) Start unmarshaller after retrieving marshaller from thread local
11:38:15,727 TRACE [org.infinispan.marshall.core.VersionAwareMarshaller] (thread-2) Read version 510
11:38:15,727 TRACE [org.infinispan.commons.marshall.jboss.AbstractJBossMarshaller] (thread-2) Start unmarshaller after retrieving marshaller from factory
11:38:15,727 TRACE [org.infinispan.marshall.core.VersionAwareMarshaller] (thread-2) Read version 510
11:38:15,727 TRACE [org.infinispan.commons.marshall.jboss.AbstractJBossMarshaller] (thread-2) Stop unmarshaller
11:38:15,727 TRACE [org.infinispan.commons.marshall.jboss.AbstractJBossMarshaller] (thread-2) Stop unmarshaller
11:38:15,727 TRACE [org.infinispan.remoting.inboundhandler.GlobalInboundInvocationHandler] (thread-2) Attempting to execute CacheRpcCommand: SingleRpcCommand{cacheName='cachetest-1.0.war#primary.org.hibernate.cache.spi.UpdateTimestampsCache', command=PutKeyValueCommand{key=MyEntity, value=1508405955724, flags=[SKIP_LOCKING, FORCE_ASYNCHRONOUS, SKIP_CACHE_LOAD, SKIP_REMOTE_LOOKUP], putIfAbsent=false, valueMatcher=MATCH_ALWAYS, metadata=EmbeddedExpirableMetadata{lifespan=-1, maxIdle=-1, version=null}, successful=true}} [sender=papegaaij]
11:38:15,727 TRACE [org.infinispan.remoting.inboundhandler.NonTotalOrderPerCacheInboundInvocationHandler] (thread-2) Calling perform() on SingleRpcCommand{cacheName='cachetest-1.0.war#primary.org.hibernate.cache.spi.UpdateTimestampsCache', command=PutKeyValueCommand{key=MyEntity, value=1508405955724, flags=[SKIP_LOCKING, FORCE_ASYNCHRONOUS, SKIP_CACHE_LOAD, SKIP_REMOTE_LOOKUP], putIfAbsent=false, valueMatcher=MATCH_ALWAYS, metadata=EmbeddedExpirableMetadata{lifespan=-1, maxIdle=-1, version=null}, successful=true}}
11:38:15,727 TRACE [org.infinispan.commands.remote.BaseRpcInvokingCommand] (thread-2) Invoking command PutKeyValueCommand{key=MyEntity, value=1508405955724, flags=[SKIP_LOCKING, FORCE_ASYNCHRONOUS, SKIP_CACHE_LOAD, SKIP_REMOTE_LOOKUP], putIfAbsent=false, valueMatcher=MATCH_ALWAYS, metadata=EmbeddedExpirableMetadata{lifespan=-1, maxIdle=-1, version=null}, successful=true}, with originLocal flag set to false
11:38:15,727 TRACE [org.infinispan.interceptors.InvocationContextInterceptor] (thread-2) Invoked with command PutKeyValueCommand{key=MyEntity, value=1508405955724, flags=[SKIP_LOCKING, FORCE_ASYNCHRONOUS, SKIP_CACHE_LOAD, SKIP_REMOTE_LOOKUP], putIfAbsent=false, valueMatcher=MATCH_ALWAYS, metadata=EmbeddedExpirableMetadata{lifespan=-1, maxIdle=-1, version=null}, successful=true} and InvocationContext [org.infinispan.context.SingleKeyNonTxInvocationContext@437d4297]
11:38:15,727 TRACE [org.infinispan.statetransfer.StateTransferInterceptor] (thread-2) handleNonTxWriteCommand for command PutKeyValueCommand{key=MyEntity, value=1508405955724, flags=[SKIP_LOCKING, FORCE_ASYNCHRONOUS, SKIP_CACHE_LOAD, SKIP_REMOTE_LOOKUP], putIfAbsent=false, valueMatcher=MATCH_ALWAYS, metadata=EmbeddedExpirableMetadata{lifespan=-1, maxIdle=-1, version=null}, successful=true}, topology id 3
11:38:15,728 TRACE [org.infinispan.interceptors.EntryWrappingInterceptor] (thread-2) Wrapping entry 'MyEntity'? true
11:38:15,728 TRACE [org.infinispan.container.EntryFactoryImpl] (thread-2) Exists in context? null 
11:38:15,728 TRACE [org.infinispan.container.EntryFactoryImpl] (thread-2) Retrieved from container ImmortalCacheEntry{key=MyEntity, value=1508405883285} (ignoreOwnership=false, isLocal=true)
11:38:15,728 TRACE [org.infinispan.container.EntryFactoryImpl] (thread-2) Creating new entry for key MyEntity
11:38:15,728 TRACE [org.infinispan.container.EntryFactoryImpl] (thread-2) Updated context entry ReadCommittedEntry(637202b8){key=MyEntity, value=1508405883285, oldValue=null, isCreated=false, isChanged=false, isRemoved=false, isValid=true, isExpired=false, skipRemoteGet=false, metadata=EmbeddedMetadata{version=null}}
11:38:15,728 DEBUG [org.hibernate.cache.spi.UpdateTimestampsCache] (default task-14) [MyEntity] last update timestamp: 1508405883285, result set timestamp: 1508405887405
11:38:15,728 TRACE [org.infinispan.interceptors.CallInterceptor] (thread-2) Executing command: PutKeyValueCommand{key=MyEntity, value=1508405955724, flags=[SKIP_LOCKING, FORCE_ASYNCHRONOUS, SKIP_CACHE_LOAD, SKIP_REMOTE_LOOKUP], putIfAbsent=false, valueMatcher=MATCH_ALWAYS, metadata=EmbeddedExpirableMetadata{lifespan=-1, maxIdle=-1, version=null}, successful=true}.
11:38:15,728 TRACE [org.infinispan.interceptors.distribution.BaseDistributionInterceptor] (thread-2) Command topology id is 3, current topology id is 3, successful? true
11:38:15,728 TRACE [org.infinispan.interceptors.EntryWrappingInterceptor] (thread-2) About to commit entry ReadCommittedEntry(637202b8){key=MyEntity, value=1508405955724, oldValue=1508405883285, isCreated=false, isChanged=true, isRemoved=false, isValid=true, isExpired=false, skipRemoteGet=false, metadata=EmbeddedExpirableMetadata{lifespan=-1, maxIdle=-1, version=null}}
11:38:15,728 TRACE [org.infinispan.statetransfer.CommitManager] (thread-2) Trying to commit. Key=MyEntity. Operation Flag=null, L1 invalidation=false
11:38:15,728 TRACE [org.infinispan.statetransfer.CommitManager] (thread-2) Committing key=MyEntity. It is a L1 invalidation or a normal put and no tracking is enabled!
11:38:15,728 TRACE [org.infinispan.container.entries.ReadCommittedEntry] (thread-2) Updating entry (key=MyEntity removed=false valid=true changed=true created=false value=1508405955724 metadata=EmbeddedExpirableMetadata{lifespan=-1, maxIdle=-1, version=null}, providedMetadata=EmbeddedExpirableMetadata{lifespan=-1, maxIdle=-1, version=null})
11:38:15,728 TRACE [org.infinispan.container.DefaultDataContainer] (thread-2) Creating new ICE for writing. Existing=ImmortalCacheEntry{key=MyEntity, value=1508405883285}, metadata=EmbeddedExpirableMetadata{lifespan=-1, maxIdle=-1, version=null}, new value=1508405955724
11:38:15,728 TRACE [org.infinispan.container.DefaultDataContainer] (thread-2) Store ImmortalCacheEntry{key=MyEntity, value=1508405955724} in container
11:38:15,728 TRACE [org.infinispan.interceptors.EntryWrappingInterceptor] (thread-2) The return value is 1508405883285
11:38:15,728 TRACE [org.infinispan.util.concurrent.locks.impl.DefaultLockManager] (thread-2) Release locks for keys=[]. owner=CommandUUID{address=papegaaij, id=43}
11:38:15,728 TRACE [org.infinispan.remoting.responses.DefaultResponseGenerator] (thread-2) Ignoring non-null response for command SingleRpcCommand{cacheName='cachetest-1.0.war#primary.org.hibernate.cache.spi.UpdateTimestampsCache', command=PutKeyValueCommand{key=MyEntity, value=1508405955724, flags=[SKIP_LOCKING, FORCE_ASYNCHRONOUS, SKIP_CACHE_LOAD, SKIP_REMOTE_LOOKUP], putIfAbsent=false, valueMatcher=MATCH_ALWAYS, metadata=EmbeddedExpirableMetadata{lifespan=-1, maxIdle=-1, version=null}, successful=true}}: 1508405883285
11:38:15,746 DEBUG [org.hibernate.cache.spi.UpdateTimestampsCache] (default task-14) Invalidating space [MyEntity], timestamp: 1508405895746
11:38:15,746 TRACE [org.infinispan.interceptors.InvocationContextInterceptor] (default task-14) Invoked with command PutKeyValueCommand{key=MyEntity, value=1508405895746, flags=[SKIP_LOCKING, FORCE_ASYNCHRONOUS, SKIP_CACHE_LOAD, SKIP_REMOTE_LOOKUP], putIfAbsent=false, valueMatcher=MATCH_ALWAYS, metadata=EmbeddedExpirableMetadata{lifespan=-1, maxIdle=-1, version=null}, successful=true} and InvocationContext [org.infinispan.context.SingleKeyNonTxInvocationContext@5b5212d6]
11:38:15,746 TRACE [org.infinispan.statetransfer.StateTransferInterceptor] (default task-14) handleNonTxWriteCommand for command PutKeyValueCommand{key=MyEntity, value=1508405895746, flags=[SKIP_LOCKING, FORCE_ASYNCHRONOUS, SKIP_CACHE_LOAD, SKIP_REMOTE_LOOKUP], putIfAbsent=false, valueMatcher=MATCH_ALWAYS, metadata=EmbeddedExpirableMetadata{lifespan=-1, maxIdle=-1, version=null}, successful=true}, topology id -1
11:38:15,746 TRACE [org.infinispan.interceptors.EntryWrappingInterceptor] (default task-14) Wrapping entry 'MyEntity'? false
11:38:15,746 TRACE [org.infinispan.interceptors.CallInterceptor] (default task-14) Executing command: PutKeyValueCommand{key=MyEntity, value=1508405895746, flags=[SKIP_LOCKING, FORCE_ASYNCHRONOUS, SKIP_CACHE_LOAD, SKIP_REMOTE_LOOKUP], putIfAbsent=false, valueMatcher=MATCH_ALWAYS, metadata=EmbeddedExpirableMetadata{lifespan=-1, maxIdle=-1, version=null}, successful=true}.
11:38:15,746 TRACE [org.infinispan.interceptors.distribution.BaseDistributionInterceptor] (default task-14) Command topology id is 3, current topology id is 3, successful? true
11:38:15,746 TRACE [org.infinispan.interceptors.distribution.BaseDistributionInterceptor] (default task-14) I'm not the primary owner, so sending the command to the primary owner(papegaaij) in order to be forwarded
11:38:15,747 TRACE [org.infinispan.remoting.rpc.RpcManagerImpl] (default task-14) papegaaij invoking PutKeyValueCommand{key=MyEntity, value=1508405895746, flags=[SKIP_LOCKING, FORCE_ASYNCHRONOUS, SKIP_CACHE_LOAD, SKIP_REMOTE_LOOKUP], putIfAbsent=false, valueMatcher=MATCH_ALWAYS, metadata=EmbeddedExpirableMetadata{lifespan=-1, maxIdle=-1, version=null}, successful=true} to recipient list [papegaaij] with options RpcOptions{timeout=15000, unit=MILLISECONDS, deliverOrder=PER_SENDER, responseFilter=null, responseMode=ASYNCHRONOUS, skipReplicationQueue=false}
11:38:15,747 TRACE [org.infinispan.remoting.transport.jgroups.JGroupsTransport] (default task-14) dests=[papegaaij], command=SingleRpcCommand{cacheName='cachetest-1.0.war#primary.org.hibernate.cache.spi.UpdateTimestampsCache', command=PutKeyValueCommand{key=MyEntity, value=1508405895746, flags=[SKIP_LOCKING, FORCE_ASYNCHRONOUS, SKIP_CACHE_LOAD, SKIP_REMOTE_LOOKUP], putIfAbsent=false, valueMatcher=MATCH_ALWAYS, metadata=EmbeddedExpirableMetadata{lifespan=-1, maxIdle=-1, version=null}, successful=true}}, mode=ASYNCHRONOUS, timeout=15000
11:38:15,747 TRACE [org.infinispan.remoting.transport.jgroups.CommandAwareRpcDispatcher] (default task-14) Replication task sending SingleRpcCommand{cacheName='cachetest-1.0.war#primary.org.hibernate.cache.spi.UpdateTimestampsCache', command=PutKeyValueCommand{key=MyEntity, value=1508405895746, flags=[SKIP_LOCKING, FORCE_ASYNCHRONOUS, SKIP_CACHE_LOAD, SKIP_REMOTE_LOOKUP], putIfAbsent=false, valueMatcher=MATCH_ALWAYS, metadata=EmbeddedExpirableMetadata{lifespan=-1, maxIdle=-1, version=null}, successful=true}} to single recipient papegaaij with response mode GET_NONE
11:38:15,747 TRACE [org.infinispan.commons.marshall.AdaptiveBufferSizePredictor] (default task-14) Next predicted buffer size for object type 'org.infinispan.commands.remote.SingleRpcCommand' will be 1280
11:38:15,747 TRACE [org.infinispan.marshall.core.VersionAwareMarshaller] (default task-14) Wrote version 510
11:38:15,747 TRACE [org.infinispan.commons.marshall.AdaptiveBufferSizePredictor] (default task-14) Next predicted buffer size for object type 'org.infinispan.commands.remote.SingleRpcCommand' will be 512
11:38:15,747 TRACE [org.infinispan.marshall.core.VersionAwareMarshaller] (default task-14) Wrote version 510
11:38:15,747 TRACE [org.infinispan.commons.marshall.jboss.AbstractJBossMarshaller] (default task-14) Stop marshaller
11:38:15,747 TRACE [org.infinispan.commons.marshall.jboss.AbstractJBossMarshaller] (default task-14) Stop marshaller
11:38:15,747 TRACE [org.infinispan.remoting.rpc.RpcManagerImpl] (default task-14) Response(s) to PutKeyValueCommand{key=MyEntity, value=1508405895746, flags=[SKIP_LOCKING, FORCE_ASYNCHRONOUS, SKIP_CACHE_LOAD, SKIP_REMOTE_LOOKUP], putIfAbsent=false, valueMatcher=MATCH_ALWAYS, metadata=EmbeddedExpirableMetadata{lifespan=-1, maxIdle=-1, version=null}, successful=true} is {}
11:38:15,747 TRACE [org.infinispan.interceptors.EntryWrappingInterceptor] (default task-14) The return value is null
11:38:15,747 TRACE [org.infinispan.util.concurrent.locks.impl.DefaultLockManager] (default task-14) Release locks for keys=[]. owner=CommandUUID{address=papegaaij, id=44}
11:38:15,749 TRACE [org.infinispan.commons.marshall.jboss.AbstractJBossMarshaller] (thread-2) Start unmarshaller after retrieving marshaller from thread local
11:38:15,749 TRACE [org.infinispan.marshall.core.VersionAwareMarshaller] (thread-2) Read version 510
11:38:15,749 TRACE [org.infinispan.commons.marshall.jboss.AbstractJBossMarshaller] (thread-2) Start unmarshaller after retrieving marshaller from factory
11:38:15,749 TRACE [org.infinispan.marshall.core.VersionAwareMarshaller] (thread-2) Read version 510
11:38:15,750 TRACE [org.infinispan.commons.marshall.jboss.AbstractJBossMarshaller] (thread-2) Stop unmarshaller
11:38:15,750 TRACE [org.infinispan.commons.marshall.jboss.AbstractJBossMarshaller] (thread-2) Stop unmarshaller
11:38:15,750 TRACE [org.infinispan.remoting.inboundhandler.GlobalInboundInvocationHandler] (thread-2) Attempting to execute CacheRpcCommand: SingleRpcCommand{cacheName='cachetest-1.0.war#primary.org.hibernate.cache.spi.UpdateTimestampsCache', command=PutKeyValueCommand{key=MyEntity, value=1508405895746, flags=[SKIP_LOCKING, FORCE_ASYNCHRONOUS, SKIP_CACHE_LOAD, SKIP_REMOTE_LOOKUP], putIfAbsent=false, valueMatcher=MATCH_ALWAYS, metadata=EmbeddedExpirableMetadata{lifespan=-1, maxIdle=-1, version=null}, successful=true}} [sender=papegaaij]
11:38:15,750 TRACE [org.infinispan.remoting.inboundhandler.NonTotalOrderPerCacheInboundInvocationHandler] (thread-2) Calling perform() on SingleRpcCommand{cacheName='cachetest-1.0.war#primary.org.hibernate.cache.spi.UpdateTimestampsCache', command=PutKeyValueCommand{key=MyEntity, value=1508405895746, flags=[SKIP_LOCKING, FORCE_ASYNCHRONOUS, SKIP_CACHE_LOAD, SKIP_REMOTE_LOOKUP], putIfAbsent=false, valueMatcher=MATCH_ALWAYS, metadata=EmbeddedExpirableMetadata{lifespan=-1, maxIdle=-1, version=null}, successful=true}}
11:38:15,750 TRACE [org.infinispan.commands.remote.BaseRpcInvokingCommand] (thread-2) Invoking command PutKeyValueCommand{key=MyEntity, value=1508405895746, flags=[SKIP_LOCKING, FORCE_ASYNCHRONOUS, SKIP_CACHE_LOAD, SKIP_REMOTE_LOOKUP], putIfAbsent=false, valueMatcher=MATCH_ALWAYS, metadata=EmbeddedExpirableMetadata{lifespan=-1, maxIdle=-1, version=null}, successful=true}, with originLocal flag set to false
11:38:15,750 TRACE [org.infinispan.interceptors.InvocationContextInterceptor] (thread-2) Invoked with command PutKeyValueCommand{key=MyEntity, value=1508405895746, flags=[SKIP_LOCKING, FORCE_ASYNCHRONOUS, SKIP_CACHE_LOAD, SKIP_REMOTE_LOOKUP], putIfAbsent=false, valueMatcher=MATCH_ALWAYS, metadata=EmbeddedExpirableMetadata{lifespan=-1, maxIdle=-1, version=null}, successful=true} and InvocationContext [org.infinispan.context.SingleKeyNonTxInvocationContext@3f9b8311]
11:38:15,750 TRACE [org.infinispan.statetransfer.StateTransferInterceptor] (thread-2) handleNonTxWriteCommand for command PutKeyValueCommand{key=MyEntity, value=1508405895746, flags=[SKIP_LOCKING, FORCE_ASYNCHRONOUS, SKIP_CACHE_LOAD, SKIP_REMOTE_LOOKUP], putIfAbsent=false, valueMatcher=MATCH_ALWAYS, metadata=EmbeddedExpirableMetadata{lifespan=-1, maxIdle=-1, version=null}, successful=true}, topology id 3
11:38:15,750 TRACE [org.infinispan.interceptors.EntryWrappingInterceptor] (thread-2) Wrapping entry 'MyEntity'? true
11:38:15,750 TRACE [org.infinispan.container.EntryFactoryImpl] (thread-2) Exists in context? null 
11:38:15,750 TRACE [org.infinispan.container.EntryFactoryImpl] (thread-2) Retrieved from container ImmortalCacheEntry{key=MyEntity, value=1508405955724} (ignoreOwnership=false, isLocal=true)
11:38:15,750 TRACE [org.infinispan.container.EntryFactoryImpl] (thread-2) Creating new entry for key MyEntity
11:38:15,750 TRACE [org.infinispan.container.EntryFactoryImpl] (thread-2) Updated context entry ReadCommittedEntry(14e60772){key=MyEntity, value=1508405955724, oldValue=null, isCreated=false, isChanged=false, isRemoved=false, isValid=true, isExpired=false, skipRemoteGet=false, metadata=EmbeddedMetadata{version=null}}
11:38:15,750 TRACE [org.infinispan.interceptors.CallInterceptor] (thread-2) Executing command: PutKeyValueCommand{key=MyEntity, value=1508405895746, flags=[SKIP_LOCKING, FORCE_ASYNCHRONOUS, SKIP_CACHE_LOAD, SKIP_REMOTE_LOOKUP], putIfAbsent=false, valueMatcher=MATCH_ALWAYS, metadata=EmbeddedExpirableMetadata{lifespan=-1, maxIdle=-1, version=null}, successful=true}.
11:38:15,750 TRACE [org.infinispan.interceptors.distribution.BaseDistributionInterceptor] (thread-2) Command topology id is 3, current topology id is 3, successful? true
11:38:15,750 TRACE [org.infinispan.interceptors.EntryWrappingInterceptor] (thread-2) About to commit entry ReadCommittedEntry(14e60772){key=MyEntity, value=1508405895746, oldValue=1508405955724, isCreated=false, isChanged=true, isRemoved=false, isValid=true, isExpired=false, skipRemoteGet=false, metadata=EmbeddedExpirableMetadata{lifespan=-1, maxIdle=-1, version=null}}
11:38:15,750 TRACE [org.infinispan.statetransfer.CommitManager] (thread-2) Trying to commit. Key=MyEntity. Operation Flag=null, L1 invalidation=false
11:38:15,750 TRACE [org.infinispan.statetransfer.CommitManager] (thread-2) Committing key=MyEntity. It is a L1 invalidation or a normal put and no tracking is enabled!
11:38:15,750 TRACE [org.infinispan.container.entries.ReadCommittedEntry] (thread-2) Updating entry (key=MyEntity removed=false valid=true changed=true created=false value=1508405895746 metadata=EmbeddedExpirableMetadata{lifespan=-1, maxIdle=-1, version=null}, providedMetadata=EmbeddedExpirableMetadata{lifespan=-1, maxIdle=-1, version=null})
11:38:15,750 TRACE [org.infinispan.container.DefaultDataContainer] (thread-2) Creating new ICE for writing. Existing=ImmortalCacheEntry{key=MyEntity, value=1508405955724}, metadata=EmbeddedExpirableMetadata{lifespan=-1, maxIdle=-1, version=null}, new value=1508405895746
11:38:15,750 TRACE [org.infinispan.container.DefaultDataContainer] (thread-2) Store ImmortalCacheEntry{key=MyEntity, value=1508405895746} in container
11:38:15,751 TRACE [org.infinispan.interceptors.EntryWrappingInterceptor] (thread-2) The return value is 1508405955724
11:38:15,751 TRACE [org.infinispan.util.concurrent.locks.impl.DefaultLockManager] (thread-2) Release locks for keys=[]. owner=CommandUUID{address=papegaaij, id=44}
11:38:15,751 TRACE [org.infinispan.remoting.responses.DefaultResponseGenerator] (thread-2) Ignoring non-null response for command SingleRpcCommand{cacheName='cachetest-1.0.war#primary.org.hibernate.cache.spi.UpdateTimestampsCache', command=PutKeyValueCommand{key=MyEntity, value=1508405895746, flags=[SKIP_LOCKING, FORCE_ASYNCHRONOUS, SKIP_CACHE_LOAD, SKIP_REMOTE_LOOKUP], putIfAbsent=false, valueMatcher=MATCH_ALWAYS, metadata=EmbeddedExpirableMetadata{lifespan=-1, maxIdle=-1, version=null}, successful=true}}: 1508405955724
11:38:36,877 TRACE [org.infinispan.transaction.impl.TransactionTable] (timeout-thread--p9-t1) About to cleanup remote transactions older than 60000 ms
11:38:36,911 TRACE [org.infinispan.expiration.impl.ClusterExpirationManager] (expiration-thread--p18-t1) Purging data container of expired entries
11:38:36,911 TRACE [org.infinispan.expiration.impl.ClusterExpirationManager] (expiration-thread--p18-t1) Purging data container completed in 0 milliseconds
11:38:38,497 TRACE [org.infinispan.expiration.impl.ExpirationManagerImpl] (expiration-thread--p22-t1) Purging data container of expired entries
11:38:38,497 TRACE [org.infinispan.expiration.impl.ExpirationManagerImpl] (expiration-thread--p22-t1) Purging data container completed in 0 milliseconds
11:38:38,746 TRACE [org.infinispan.expiration.impl.ExpirationManagerImpl] (expiration-thread--p22-t1) Purging data container of expired entries
11:38:38,746 TRACE [org.infinispan.expiration.impl.ExpirationManagerImpl] (expiration-thread--p22-t1) Purging data container completed in 0 milliseconds
11:38:39,059 TRACE [org.infinispan.expiration.impl.ExpirationManagerImpl] (expiration-thread--p22-t1) Purging data container of expired entries
11:38:39,059 TRACE [org.infinispan.expiration.impl.ExpirationManagerImpl] (expiration-thread--p22-t1) Purging data container completed in 0 milliseconds
