23 Jan 2015 15:57:12,983 [TRACE] localhost-startStop-1 [localhost-startStop-1] ST KEY : [0] java.util.ServiceConfigurationError: org.hibernate.integrator.spi.Integrator: Provider com.elitecore.nvsmx.policydesigner.listeners.PreInsertListeners could not be instantiated: java.lang.ClassCastException
	at java.util.ServiceLoader.fail(ServiceLoader.java:207)
	at java.util.ServiceLoader.access$100(ServiceLoader.java:164)
	at java.util.ServiceLoader$LazyIterator.next(ServiceLoader.java:353)
	at java.util.ServiceLoader$1.next(ServiceLoader.java:421)
	at org.hibernate.boot.registry.classloading.internal.ClassLoaderServiceImpl.loadJavaServices(ClassLoaderServiceImpl.java:339)
	at org.hibernate.integrator.internal.IntegratorServiceImpl.<init>(IntegratorServiceImpl.java:57)
	at org.hibernate.boot.registry.BootstrapServiceRegistryBuilder.build(BootstrapServiceRegistryBuilder.java:247)
	at org.hibernate.boot.registry.StandardServiceRegistryBuilder.<init>(StandardServiceRegistryBuilder.java:73)
	at com.elitecore.nvsmx.policydesigner.model.HibernateSessionFactory.buildSessionFactory(HibernateSessionFactory.java:59)
	at com.elitecore.nvsmx.policydesigner.listeners.NVSMXContextInitializer.contextInitialized(NVSMXContextInitializer.java:68)
	at org.apache.catalina.core.StandardContext.listenerStart(StandardContext.java:4887)
	at org.apache.catalina.core.StandardContext.startInternal(StandardContext.java:5381)
	at org.apache.catalina.util.LifecycleBase.start(LifecycleBase.java:150)
	at org.apache.catalina.core.ContainerBase$StartChild.call(ContainerBase.java:1559)
	at org.apache.catalina.core.ContainerBase$StartChild.call(ContainerBase.java:1549)
	at java.util.concurrent.FutureTask$Sync.innerRun(FutureTask.java:303)
	at java.util.concurrent.FutureTask.run(FutureTask.java:138)
	at java.util.concurrent.ThreadPoolExecutor$Worker.runTask(ThreadPoolExecutor.java:886)
	at java.util.concurrent.ThreadPoolExecutor$Worker.run(ThreadPoolExecutor.java:908)
	at java.lang.Thread.run(Thread.java:619)
Caused by: java.lang.ClassCastException
	at java.lang.Class.cast(Class.java:2990)
	at java.util.ServiceLoader$LazyIterator.next(ServiceLoader.java:345)
	... 17 more

23 Jan 2015 15:57:12,983 [TRACE] localhost-startStop-1 [NVSMX-CNTXT-INIT] ST KEY : [1] com.elitecore.core.commons.InitializationFailedException: Error while initializing Hibernate Session factory,Reason : org.hibernate.integrator.spi.Integrator: Provider com.elitecore.nvsmx.policydesigner.listeners.PreInsertListeners could not be instantiated: java.lang.ClassCastException
	at com.elitecore.nvsmx.policydesigner.model.HibernateSessionFactory.buildSessionFactory(HibernateSessionFactory.java:74)
	at com.elitecore.nvsmx.policydesigner.listeners.NVSMXContextInitializer.contextInitialized(NVSMXContextInitializer.java:68)
	at org.apache.catalina.core.StandardContext.listenerStart(StandardContext.java:4887)
	at org.apache.catalina.core.StandardContext.startInternal(StandardContext.java:5381)
	at org.apache.catalina.util.LifecycleBase.start(LifecycleBase.java:150)
	at org.apache.catalina.core.ContainerBase$StartChild.call(ContainerBase.java:1559)
	at org.apache.catalina.core.ContainerBase$StartChild.call(ContainerBase.java:1549)
	at java.util.concurrent.FutureTask$Sync.innerRun(FutureTask.java:303)
	at java.util.concurrent.FutureTask.run(FutureTask.java:138)
	at java.util.concurrent.ThreadPoolExecutor$Worker.runTask(ThreadPoolExecutor.java:886)
	at java.util.concurrent.ThreadPoolExecutor$Worker.run(ThreadPoolExecutor.java:908)
	at java.lang.Thread.run(Thread.java:619)
Caused by: java.util.ServiceConfigurationError: org.hibernate.integrator.spi.Integrator: Provider com.elitecore.nvsmx.policydesigner.listeners.PreInsertListeners could not be instantiated: java.lang.ClassCastException
	at java.util.ServiceLoader.fail(ServiceLoader.java:207)
	at java.util.ServiceLoader.access$100(ServiceLoader.java:164)
	at java.util.ServiceLoader$LazyIterator.next(ServiceLoader.java:353)
	at java.util.ServiceLoader$1.next(ServiceLoader.java:421)
	at org.hibernate.boot.registry.classloading.internal.ClassLoaderServiceImpl.loadJavaServices(ClassLoaderServiceImpl.java:339)
	at org.hibernate.integrator.internal.IntegratorServiceImpl.<init>(IntegratorServiceImpl.java:57)
	at org.hibernate.boot.registry.BootstrapServiceRegistryBuilder.build(BootstrapServiceRegistryBuilder.java:247)
	at org.hibernate.boot.registry.StandardServiceRegistryBuilder.<init>(StandardServiceRegistryBuilder.java:73)
	at com.elitecore.nvsmx.policydesigner.model.HibernateSessionFactory.buildSessionFactory(HibernateSessionFactory.java:59)
	... 11 more
Caused by: java.lang.ClassCastException
	at java.lang.Class.cast(Class.java:2990)
	at java.util.ServiceLoader$LazyIterator.next(ServiceLoader.java:345)
	... 17 more

