------Start of DE processing------ = [03/12/2021, 08:23:16:886 CET]
Exception = java.lang.UnsupportedOperationException
Source = com.ibm.ws.jpa.container.v21.cdi.internal.BeanManagerInvocationHandler
probeid = 85
Stack Dump = java.lang.UnsupportedOperationException: No current bean manager found in CDI service
	at com.ibm.ws.jpa.container.v21.cdi.internal.BeanManagerInvocationHandler.getTarget(BeanManagerInvocationHandler.java:101)
	at com.ibm.ws.jpa.container.v21.cdi.internal.BeanManagerInvocationHandler.invoke(BeanManagerInvocationHandler.java:78)
	at com.sun.proxy.$Proxy54.createAnnotatedType(Unknown Source)
	at org.hibernate.resource.beans.container.internal.JpaCompliantLifecycleStrategy$BeanImpl.initialize(JpaCompliantLifecycleStrategy.java:109)
	at org.hibernate.resource.beans.container.internal.CdiBeanContainerImmediateAccessImpl.createBean(CdiBeanContainerImmediateAccessImpl.java:43)
	at org.hibernate.resource.beans.container.spi.AbstractCdiBeanContainer.createBean(AbstractCdiBeanContainer.java:64)
	at org.hibernate.resource.beans.container.spi.AbstractCdiBeanContainer.getBean(AbstractCdiBeanContainer.java:38)
	at org.hibernate.id.factory.internal.DefaultIdentifierGeneratorFactory.createIdentifierGenerator(DefaultIdentifierGeneratorFactory.java:125)
	at org.hibernate.mapping.SimpleValue.createIdentifierGenerator(SimpleValue.java:356)
	at org.hibernate.boot.internal.InFlightMetadataCollectorImpl.handleIdentifierValueBinding(InFlightMetadataCollectorImpl.java:2301)
	at org.hibernate.boot.internal.InFlightMetadataCollectorImpl.processExportableProducers(InFlightMetadataCollectorImpl.java:2266)
	at org.hibernate.boot.internal.InFlightMetadataCollectorImpl.buildMetadataInstance(InFlightMetadataCollectorImpl.java:2224)
	at org.hibernate.boot.model.process.spi.MetadataBuildingProcess.complete(MetadataBuildingProcess.java:324)
	at org.hibernate.jpa.boot.internal.EntityManagerFactoryBuilderImpl.metadata(EntityManagerFactoryBuilderImpl.java:1460)
	at org.hibernate.jpa.boot.internal.EntityManagerFactoryBuilderImpl.build(EntityManagerFactoryBuilderImpl.java:1494)
	at org.hibernate.jpa.HibernatePersistenceProvider.createContainerEntityManagerFactory(HibernatePersistenceProvider.java:141)
	at com.ibm.ws.jpa.management.JPAPUnitInfo.createEMFactory(JPAPUnitInfo.java:919)
	at com.ibm.ws.jpa.management.JPAPUnitInfo.initialize(JPAPUnitInfo.java:766)
	at com.ibm.ws.jpa.management.JPAPxmlInfo.extractPersistenceUnits(JPAPxmlInfo.java:182)
	at com.ibm.ws.jpa.management.JPAScopeInfo.processPersistenceUnit(JPAScopeInfo.java:88)
	at com.ibm.ws.jpa.management.JPAApplInfo.addPersistenceUnits(JPAApplInfo.java:119)
	at com.ibm.ws.jpa.container.osgi.internal.JPAComponentImpl.processEJBModulePersistenceXml(JPAComponentImpl.java:603)
	at com.ibm.ws.jpa.container.osgi.internal.JPAComponentImpl.applicationStarting(JPAComponentImpl.java:333)
	at com.ibm.ws.container.service.state.internal.ApplicationStateManager.fireStarting(ApplicationStateManager.java:51)
	at com.ibm.ws.container.service.state.internal.StateChangeServiceImpl.fireApplicationStarting(StateChangeServiceImpl.java:50)
	at com.ibm.ws.app.manager.module.internal.SimpleDeployedAppInfoBase.preDeployApp(SimpleDeployedAppInfoBase.java:547)
	at com.ibm.ws.app.manager.module.internal.SimpleDeployedAppInfoBase.installApp(SimpleDeployedAppInfoBase.java:508)
	at com.ibm.ws.app.manager.module.internal.DeployedAppInfoBase.deployApp(DeployedAppInfoBase.java:349)
	at com.ibm.ws.app.manager.ear.internal.EARApplicationHandlerImpl.install(EARApplicationHandlerImpl.java:77)
	at com.ibm.ws.app.manager.internal.statemachine.StartAction.execute(StartAction.java:149)
	at com.ibm.ws.app.manager.internal.statemachine.ApplicationStateMachineImpl.enterState(ApplicationStateMachineImpl.java:1352)
	at com.ibm.ws.app.manager.internal.statemachine.ApplicationStateMachineImpl.run(ApplicationStateMachineImpl.java:897)
	at com.ibm.ws.threading.internal.ExecutorServiceImpl$RunnableWrapper.run(ExecutorServiceImpl.java:238)
	at java.base/java.util.concurrent.ThreadPoolExecutor.runWorker(ThreadPoolExecutor.java:1128)
	at java.base/java.util.concurrent.ThreadPoolExecutor$Worker.run(ThreadPoolExecutor.java:628)
	at java.base/java.lang.Thread.run(Thread.java:829)

Dump of callerThis
Object type = com.ibm.ws.jpa.container.v21.cdi.internal.BeanManagerInvocationHandler
  tc = class com.ibm.websphere.ras.TraceComponent@4f9fcc30
    strings[0] = "TraceComponent[com.ibm.ws.jpa.container.v21.cdi.internal.BeanManagerInvocationHandler,class com.ibm.ws.jpa.container.v21.cdi.internal.BeanManagerInvocationHandler,[],null,null]"
  cdiService = class com.ibm.ws.cdi.liberty.CDIRuntimeImpl@7231786b
    tc = class com.ibm.websphere.ras.TraceComponent@1e17dff8
      strings[0] = "TraceComponent[com.ibm.ws.cdi.liberty.CDIRuntimeImpl,class com.ibm.ws.cdi.liberty.CDIRuntimeImpl,[JCDI],com.ibm.ws.cdi.internal.resources.CDI,null]"
    metaDataSlotServiceSR = class com.ibm.wsspi.kernel.service.utils.AtomicServiceReference@53366b8e
      referenceName = "metaDataSlotService"
      tuple = class java.util.concurrent.atomic.AtomicReference@36a14a91
      serialVersionUID = 2226592364007985000
      $$$tc$$$ = class com.ibm.websphere.ras.TraceComponent@3a6b16ee
    ejbEndpointServiceSR = class com.ibm.wsspi.kernel.service.utils.AtomicServiceReference@1d947815
      referenceName = "ejbEndpointService"
      tuple = class java.util.concurrent.atomic.AtomicReference@6ee82af3
      serialVersionUID = 2226592364007985000
      $$$tc$$$ = class com.ibm.websphere.ras.TraceComponent@3a6b16ee
    classLoadingSRRef = class com.ibm.wsspi.kernel.service.utils.AtomicServiceReference@360b650a
      referenceName = "classLoadingService"
      tuple = class java.util.concurrent.atomic.AtomicReference@1d200649
      serialVersionUID = 2226592364007985000
      $$$tc$$$ = class com.ibm.websphere.ras.TraceComponent@3a6b16ee
    ejbServices = class com.ibm.wsspi.kernel.service.utils.AtomicServiceReference@4f80a180
      referenceName = "ejbServices"
      tuple = class java.util.concurrent.atomic.AtomicReference@6af13f5d
      serialVersionUID = 2226592364007985000
      $$$tc$$$ = class com.ibm.websphere.ras.TraceComponent@3a6b16ee
    transactionService = class com.ibm.wsspi.kernel.service.utils.AtomicServiceReference@2f0ac9e5
      referenceName = "transactionService"
      tuple = class java.util.concurrent.atomic.AtomicReference@3f61a109
      serialVersionUID = 2226592364007985000
      $$$tc$$$ = class com.ibm.websphere.ras.TraceComponent@3a6b16ee
    securityServices = class com.ibm.wsspi.kernel.service.utils.AtomicServiceReference@11e048c1
      referenceName = "securityServices"
      tuple = class java.util.concurrent.atomic.AtomicReference@7750c354
      serialVersionUID = 2226592364007985000
      $$$tc$$$ = class com.ibm.websphere.ras.TraceComponent@3a6b16ee
    extensionsSR = class com.ibm.wsspi.kernel.service.utils.ConcurrentServiceReferenceSet@7c2e4cc2
      referenceName = "extensionService"
      contextRef = class java.util.concurrent.atomic.AtomicReference@264c9714
      elementMap = class java.util.LinkedHashMap@38ebcd36
      elementSet = class java.util.concurrent.ConcurrentSkipListSet@1ee67b33
      elementSetUnsorted = false
      serialVersionUID = 756240983881166148
      $$$tc$$$ = class com.ibm.websphere.ras.TraceComponent@5930b52c
    spiExtensionsSR = class com.ibm.wsspi.kernel.service.utils.ConcurrentServiceReferenceSet@36686e66
      referenceName = "spiExtensionService"
      contextRef = class java.util.concurrent.atomic.AtomicReference@42a96375
      elementMap = class java.util.LinkedHashMap@7376f8e3
      elementSet = class java.util.concurrent.ConcurrentSkipListSet@5e376285
      elementSetUnsorted = false
      serialVersionUID = 756240983881166148
      $$$tc$$$ = class com.ibm.websphere.ras.TraceComponent@5930b52c
    containerFactorySRRef = class com.ibm.wsspi.kernel.service.utils.AtomicServiceReference@4f54dcaf
      referenceName = "containerFactory"
      tuple = class java.util.concurrent.atomic.AtomicReference@47acca5
      serialVersionUID = 2226592364007985000
      $$$tc$$$ = class com.ibm.websphere.ras.TraceComponent@3a6b16ee
    adaptableModuleFactorySRRef = class com.ibm.wsspi.kernel.service.utils.AtomicServiceReference@5c6123c4
      referenceName = "adaptableModuleFactory"
      tuple = class java.util.concurrent.atomic.AtomicReference@4b90167
      serialVersionUID = 2226592364007985000
      $$$tc$$$ = class com.ibm.websphere.ras.TraceComponent@3a6b16ee
    injectionEngineServiceRef = class com.ibm.wsspi.kernel.service.utils.AtomicServiceReference@52273cd6
      referenceName = "injectionEngine"
      tuple = class java.util.concurrent.atomic.AtomicReference@7dd775c6
      serialVersionUID = 2226592364007985000
      $$$tc$$$ = class com.ibm.websphere.ras.TraceComponent@3a6b16ee
    scheduledExecutorServiceRef = class com.ibm.wsspi.kernel.service.utils.AtomicServiceReference@27c973aa
      referenceName = "scheduledExecutorService"
      tuple = class java.util.concurrent.atomic.AtomicReference@758226e0
      serialVersionUID = 2226592364007985000
      $$$tc$$$ = class com.ibm.websphere.ras.TraceComponent@3a6b16ee
    executorServiceRef = class com.ibm.wsspi.kernel.service.utils.AtomicServiceReference@4e117258
      referenceName = "executorService"
      tuple = class java.util.concurrent.atomic.AtomicReference@2d838dbe
      serialVersionUID = 2226592364007985000
      $$$tc$$$ = class com.ibm.websphere.ras.TraceComponent@3a6b16ee
    managedExecutorServiceRef = class com.ibm.wsspi.kernel.service.utils.AtomicServiceReference@1b3b175d
      referenceName = "managedExecutorService"
      tuple = class java.util.concurrent.atomic.AtomicReference@1be62529
      serialVersionUID = 2226592364007985000
      $$$tc$$$ = class com.ibm.websphere.ras.TraceComponent@3a6b16ee
    containerConfigRef = class com.ibm.wsspi.kernel.service.utils.AtomicServiceReference@70914960
      referenceName = "containerConfig"
      tuple = class java.util.concurrent.atomic.AtomicReference@1bb39537
      serialVersionUID = 2226592364007985000
      $$$tc$$$ = class com.ibm.websphere.ras.TraceComponent@3a6b16ee
    resourceRefConfigFactoryRef = class com.ibm.wsspi.kernel.service.utils.AtomicServiceReference@1c2920fb
      referenceName = "resourceRefConfigFactory"
      tuple = class java.util.concurrent.atomic.AtomicReference@7eeba537
      serialVersionUID = 2226592364007985000
      $$$tc$$$ = class com.ibm.websphere.ras.TraceComponent@3a6b16ee
    deferredMetaDataFactoryRef = class com.ibm.wsspi.kernel.service.utils.AtomicServiceReference@59ef1294
      referenceName = "cdiDeferredMetaDataFactoryImpl"
      tuple = class java.util.concurrent.atomic.AtomicReference@4245e0a9
      serialVersionUID = 2226592364007985000
      $$$tc$$$ = class com.ibm.websphere.ras.TraceComponent@3a6b16ee
    applicationSlot = class com.ibm.ws.runtime.metadata.MetaDataSlotImpl@1a2d670b
      id = 3
      destroyed = false
      metadataIntf = class java.lang.Class@15dc93e5
      manager = class com.ibm.ws.container.service.metadata.internal.ApplicationMetaDataManager@7a7b9a12
      bundle = class org.eclipse.osgi.internal.framework.EquinoxBundle@16b288fa
    isClientProcess = false
    runtimeFactory = class com.ibm.ws.cdi.internal.archive.liberty.RuntimeFactory@608df767
      services = class com.ibm.ws.cdi.liberty.CDIRuntimeImpl@7231786b
      applications = class java.util.concurrent.ConcurrentHashMap@509e3719
      serialVersionUID = -4454616462077940377
      $$$tc$$$ = class com.ibm.websphere.ras.TraceComponent@2a6b7594
    proxyServices = class com.ibm.ws.cdi.proxy.ProxyServicesImpl@35f62d75
      serialVersionUID = -7369589418872664615
      $$$tc$$$ = class com.ibm.websphere.ras.TraceComponent@274445ba
      WELD_PACKAGES = class org.eclipse.osgi.util.ManifestElement[1]
      CLASS_LOADER_FOR_SYSTEM_CLASSES = class org.eclipse.osgi.internal.loader.EquinoxClassLoader@6726cffe
      loaderMap = class com.ibm.ws.cdi.proxy.AbstractProxyServices$3@18286b7d
      serialVersionUID = -4294199391817608652
      $$$tc$$$ = class com.ibm.websphere.ras.TraceComponent@1cc88962
    appTccls = class java.util.concurrent.ConcurrentHashMap@14ace2ed
      serialVersionUID = "/* Could not access serialVersionUID */"
      MAXIMUM_CAPACITY = "/* Could not access MAXIMUM_CAPACITY */"
      DEFAULT_CAPACITY = "/* Could not access DEFAULT_CAPACITY */"
      MAX_ARRAY_SIZE = "/* Could not access MAX_ARRAY_SIZE */"
      DEFAULT_CONCURRENCY_LEVEL = "/* Could not access DEFAULT_CONCURRENCY_LEVEL */"
      LOAD_FACTOR = "/* Could not access LOAD_FACTOR */"
      TREEIFY_THRESHOLD = "/* Could not access TREEIFY_THRESHOLD */"
      UNTREEIFY_THRESHOLD = "/* Could not access UNTREEIFY_THRESHOLD */"
      MIN_TREEIFY_CAPACITY = "/* Could not access MIN_TREEIFY_CAPACITY */"
      MIN_TRANSFER_STRIDE = "/* Could not access MIN_TRANSFER_STRIDE */"
      RESIZE_STAMP_BITS = "/* Could not access RESIZE_STAMP_BITS */"
      MAX_RESIZERS = "/* Could not access MAX_RESIZERS */"
      RESIZE_STAMP_SHIFT = "/* Could not access RESIZE_STAMP_SHIFT */"
      MOVED = "/* Could not access MOVED */"
      TREEBIN = "/* Could not access TREEBIN */"
      RESERVED = "/* Could not access RESERVED */"
      HASH_BITS = "/* Could not access HASH_BITS */"
      NCPU = "/* Could not access NCPU */"
      serialPersistentFields = "/* Could not access serialPersistentFields */"
      table = "/* Could not access table */"
      nextTable = "/* Could not access nextTable */"
      baseCount = "/* Could not access baseCount */"
      sizeCtl = "/* Could not access sizeCtl */"
      transferIndex = "/* Could not access transferIndex */"
      cellsBusy = "/* Could not access cellsBusy */"
      counterCells = "/* Could not access counterCells */"
      keySet = "/* Could not access keySet */"
      values = "/* Could not access values */"
      entrySet = "/* Could not access entrySet */"
      U = "/* Could not access U */"
      SIZECTL = "/* Could not access SIZECTL */"
      TRANSFERINDEX = "/* Could not access TRANSFERINDEX */"
      BASECOUNT = "/* Could not access BASECOUNT */"
      CELLSBUSY = "/* Could not access CELLSBUSY */"
      CELLVALUE = "/* Could not access CELLVALUE */"
      ABASE = "/* Could not access ABASE */"
      ASHIFT = "/* Could not access ASHIFT */"
      keySet = "/* Could not access keySet */"
      values = "/* Could not access values */"
    serialVersionUID = 6266056952601457608
    cdiContainer = class com.ibm.ws.cdi.impl.CDIContainerImpl@65c8ca4c
      tc = class com.ibm.websphere.ras.TraceComponent@5bb41e5a
      CLASSLOADER = class org.eclipse.osgi.internal.loader.EquinoxClassLoader@7a827475
      EXTENSION_API_CLASSES = "api.classes"
      EXTENSION_BEAN_DEFINING_ANNOTATIONS = "bean.defining.annotations"
      EXTENSION_APP_BDAS_VISIBLE = "application.bdas.visible"
      EXTENSION_CLASSES_ONLY_MODE = "extension.classes.only"
      EXTENSION_API_CLASSES_SEPARATOR = ";"
      runtimeExtensionMap = class java.util.HashMap@4af91554
      probeExtensionArchive = null
      currentDeployment = class java.lang.ThreadLocal@372028b6
      cdiRuntime = class com.ibm.ws.cdi.liberty.CDIRuntimeImpl@7231786b
      WELD_DISABLE_BEANSXML_VALIDATING = "org.jboss.weld.xml.disableValidating"
      serialVersionUID = 1204499492802664347
    serialVersionUID = -3685775177967064433
    $$$tc$$$ = class com.ibm.websphere.ras.TraceComponent@18eeed5e
      strings[0] = "TraceComponent[com.ibm.ws.cdi.impl.AbstractCDIRuntime,class com.ibm.ws.cdi.impl.AbstractCDIRuntime,[JCDI],com.ibm.ws.cdi.internal.resources.CDI,null]"
  target = null
  extendedBeanManager = null
  serialVersionUID = -6062966338264471293

Dump of objectArray[0]
Object type = java.lang.String
  String value = "<sensitive java.lang.Object>"

Dump of objectArray[1]
Object type = java.lang.reflect.Method
  clazz = "/* Could not access clazz */"
  slot = "/* Could not access slot */"
  name = "/* Could not access name */"
  returnType = "/* Could not access returnType */"
  parameterTypes = "/* Could not access parameterTypes */"
  exceptionTypes = "/* Could not access exceptionTypes */"
  modifiers = "/* Could not access modifiers */"
  signature = "/* Could not access signature */"
  genericInfo = "/* Could not access genericInfo */"
  annotations = "/* Could not access annotations */"
  parameterAnnotations = "/* Could not access parameterAnnotations */"
  annotationDefault = "/* Could not access annotationDefault */"
  methodAccessor = "/* Could not access methodAccessor */"
  root = "/* Could not access root */"
  hasRealParameterData = "/* Could not access hasRealParameterData */"
  parameters = "/* Could not access parameters */"
  declaredAnnotations = "/* Could not access declaredAnnotations */"
  override = "/* Could not access override */"
  reflectionFactory = "/* Could not access reflectionFactory */"
  securityCheckCache = "/* Could not access securityCheckCache */"
  printStackWhenAccessFails = "/* Could not access printStackWhenAccessFails */"
  printStackPropertiesSet = "/* Could not access printStackPropertiesSet */"

Dump of objectArray[2]
Object type = java.lang.String
  String value = "<sensitive java.lang.Object[]>"