17:44:06,231 INFO  [org.jboss.as.connector.subsystems.datasources] (Controller Boot Thread) JBAS010403: Deploying JDBC-compliant driver class org.h2.Driver (version 1.2)
17:44:06,275 INFO  [org.jboss.as.clustering.infinispan.subsystem] (Controller Boot Thread) Activating Infinispan subsystem.
17:44:06,314 INFO  [org.jboss.as.jacorb] (Controller Boot Thread) Activating JacORB Subsystem
17:44:06,378 INFO  [org.jboss.as.naming] (Controller Boot Thread) JBAS011800: Activating Naming Subsystem
17:44:06,382 INFO  [org.jboss.as.naming] (MSC service thread 1-4) JBAS011802: Starting Naming Service
17:44:06,383 INFO  [org.jboss.as.mail.extension.MailSessionAdd] (MSC service thread 1-1) Bound mail session [java:jboss/mail/Default]
17:44:06,389 INFO  [org.jboss.as.osgi] (Controller Boot Thread) JBAS011910: Activating OSGi Subsystem
17:44:06,397 INFO  [org.jboss.as.security] (Controller Boot Thread) Activating Security Subsystem
17:44:06,401 INFO  [org.jboss.remoting] (MSC service thread 1-7) JBoss Remoting version 3.2.0.Beta2
17:44:06,417 INFO  [org.xnio] (MSC service thread 1-7) XNIO Version 3.0.0.Beta3
17:44:06,453 INFO  [org.xnio.nio] (MSC service thread 1-7) XNIO NIO Implementation Version 3.0.0.Beta3
17:44:06,586 INFO  [org.jboss.as.webservices] (Controller Boot Thread) Activating WebServices Extension
17:44:06,589 INFO  [org.apache.catalina.core.AprLifecycleListener] (MSC service thread 1-5) The Apache Tomcat Native library which allows optimal performance in production environments was not found on the java.library.path: /home/bmaxwell/applications/java/jdk1.6.0_23_x64/jre/lib/amd64/server:/home/bmaxwell/applications/java/jdk1.6.0_23_x64/jre/lib/amd64:/home/bmaxwell/applications/java/jdk1.6.0_23_x64/jre/../lib/amd64:/usr/java/packages/lib/amd64:/usr/lib64:/lib64:/lib:/usr/lib
17:44:06,620 INFO  [org.jboss.as.ee] (Controller Boot Thread) Activating EE subsystem
17:44:06,638 INFO  [org.jboss.as.jmx.JMXConnectorService] (MSC service thread 1-7) Starting remote JMX connector
17:44:06,708 INFO  [org.jboss.as.remoting] (MSC service thread 1-6) Listening on /127.0.0.1:9999
17:44:06,714 INFO  [org.jboss.ws.common.management.AbstractServerConfig] (MSC service thread 1-8) JBoss Web Services - Stack CXF Server 4.0.0.Beta4
17:44:06,864 INFO  [org.apache.coyote.http11.Http11Protocol] (MSC service thread 1-4) Starting Coyote HTTP/1.1 on http-bmaxwell-127.0.0.1-8080
17:44:06,949 INFO  [org.jboss.as.connector] (MSC service thread 1-5) JBAS010408: Starting JCS Subsystem (JBoss IronJacamar 1.0.4.Final)
17:44:06,985 INFO  [org.jboss.as.connector.subsystems.datasources] (MSC service thread 1-7) JBAS010400: Bound data source [java:jboss/datasources/ExampleDS]
17:44:07,025 INFO  [org.jboss.as.jacorb] (MSC service thread 1-2) CORBA ORB Service Started
17:44:07,054 INFO  [org.hornetq.core.server.impl.HornetQServerImpl] (MSC service thread 1-6) live server is starting with configuration HornetQ Configuration (clustered=false,backup=false,sharedStore=true,journalDirectory=/home/bmaxwell/applications/servers/jboss-as-7.1.0.Alpha2-SNAPSHOT/standalone/data/messagingjournal,bindingsDirectory=/home/bmaxwell/applications/servers/jboss-as-7.1.0.Alpha2-SNAPSHOT/standalone/data/messagingbindings,largeMessagesDirectory=/home/bmaxwell/applications/servers/jboss-as-7.1.0.Alpha2-SNAPSHOT/standalone/data/messaginglargemessages,pagingDirectory=/home/bmaxwell/applications/servers/jboss-as-7.1.0.Alpha2-SNAPSHOT/standalone/data/messagingpaging)
17:44:07,109 WARNING [org.hornetq.core.server.impl.HornetQServerImpl] (MSC service thread 1-6) Security risk! It has been detected that the cluster admin user and password have not been changed from the installation default. Please see the HornetQ user guide, cluster chapter, for instructions on how to do this.
17:44:07,138 INFO  [org.jboss.as.deployment.connector] (MSC service thread 1-4) JBAS010406: Registered connection factory java:/JmsXA
17:44:07,142 INFO  [org.jboss.as.deployment.connector] (MSC service thread 1-8) JBAS010401: Bound JCA ConnectionFactory [java:/JmsXA]
17:44:07,150 INFO  [org.hornetq.ra.HornetQResourceAdapter] (MSC service thread 1-4) HornetQ resource adaptor started
17:44:07,150 INFO  [org.jboss.as.connector.services.ResourceAdapterActivatorService$ResourceAdapterActivator] (MSC service thread 1-4) IJ020002: Deployed: file://RaActivatorhornetq-ra
17:44:07,247 INFO  [org.jboss.as.jacorb] (MSC service thread 1-7) CORBA Naming Service Started
17:44:07,329 INFO  [org.hornetq.core.remoting.impl.netty.NettyAcceptor] (MSC service thread 1-6) Started Netty Acceptor version 3.2.3.Final-r${buildNumber} bmaxwell:5455 for CORE protocol
17:44:07,339 INFO  [org.hornetq.core.remoting.impl.netty.NettyAcceptor] (MSC service thread 1-6) Started Netty Acceptor version 3.2.3.Final-r${buildNumber} bmaxwell:5445 for CORE protocol
17:44:07,340 INFO  [org.hornetq.core.server.impl.HornetQServerImpl] (MSC service thread 1-6) Server is now live
17:44:07,341 INFO  [org.hornetq.core.server.impl.HornetQServerImpl] (MSC service thread 1-6) HornetQ Server version 2.2.7.Final (HQ_2_2_7_FINAL_AS7, 121) [b1ea6fb8-eb10-11e0-a9be-0024d76971a0] started
17:44:07,366 INFO  [org.jboss.as.messaging] (MSC service thread 1-6) JBAS011601: Bound messaging object to jndi name java:/ConnectionFactory
17:44:07,367 INFO  [org.jboss.as.messaging] (MSC service thread 1-1) JBAS011601: Bound messaging object to jndi name java:/RemoteConnectionFactory
17:44:07,368 INFO  [org.hornetq.core.server.impl.HornetQServerImpl] (MSC service thread 1-4) trying to deploy queue jms.queue.testQueue
17:44:07,443 INFO  [org.jboss.as.messaging] (MSC service thread 1-4) JBAS011601: Bound messaging object to jndi name java:/queue/test
17:44:07,444 INFO  [org.hornetq.core.server.impl.HornetQServerImpl] (MSC service thread 1-3) trying to deploy queue jms.topic.testTopic
17:44:07,471 INFO  [org.jboss.as.messaging] (MSC service thread 1-3) JBAS011601: Bound messaging object to jndi name java:/topic/test
17:44:07,711 INFO  [org.jboss.as.deployment] (MSC service thread 1-2) Started FileSystemDeploymentService for directory /home/bmaxwell/applications/servers/jboss-as-7.1.0.Alpha2-SNAPSHOT/standalone/deployments
17:44:08,120 INFO  [org.jboss.as.controller] (Controller Boot Thread) Service status report
   New missing/unsatisfied dependencies:
      service jboss.jdbc-driver.ojdbc6_jar (missing)

17:44:08,125 ERROR [org.jboss.as] (Controller Boot Thread) JBoss AS 7.1.0.Alpha2-SNAPSHOT "Ahoy!" started (with errors) in 3411ms - Started 133 of 198 services (6 services failed or missing dependencies, 59 services are passive or on-demand)
17:44:08,135 INFO  [org.jboss.as.server.deployment] (MSC service thread 1-3) Starting deployment of "ojdbc6.jar"
17:44:08,384 INFO  [org.jboss.as.connector.deployers.jdbc] (MSC service thread 1-3) JBAS010403: Deploying JDBC-compliant driver class oracle.jdbc.OracleDriver (version 11.2)
17:44:08,390 INFO  [org.jboss.as.connector.subsystems.datasources] (MSC service thread 1-8) JBAS010400: Bound data source [java:jboss/datasources/OracleDS-adeprep]
17:44:08,390 INFO  [org.jboss.as.connector.subsystems.datasources] (MSC service thread 1-8) JBAS010400: Bound data source [java:jboss/datasources/ExampleOracleDS]
17:44:08,426 INFO  [org.jboss.as.server.controller] (DeploymentScanner-threads - 2) Deployed "ojdbc6.jar"
17:44:08,426 INFO  [org.jboss.as.controller] (DeploymentScanner-threads - 2) Service status report
   Newly corrected services:
      service jboss.jdbc-driver.ojdbc6_jar (now available)

17:44:18,462 INFO  [org.jboss.as.server.deployment] (MSC service thread 1-6) Starting deployment of "hhh-6705.war"
17:44:18,564 INFO  [org.jboss.jpa] (MSC service thread 1-2) JBAS011401: Read persistence.xml for hhh-6705
17:44:18,806 INFO  [org.jboss.jpa] (MSC service thread 1-3) JBAS011402: Starting Persistence Unit Service 'hhh-6705.war#hhh-6705'
17:44:18,889 INFO  [org.hibernate.annotations.common.Version] (MSC service thread 1-3) HCANN000001: Hibernate Commons Annotations {4.0.0.CR2}
17:44:18,893 INFO  [org.hibernate.Version] (MSC service thread 1-3) HHH000412: Hibernate Core {4.0.0.CR4}
17:44:18,894 INFO  [org.hibernate.cfg.Environment] (MSC service thread 1-3) HHH000206: hibernate.properties not found
17:44:18,895 INFO  [org.hibernate.cfg.Environment] (MSC service thread 1-3) HHH000021: Bytecode provider name : javassist
17:44:18,909 INFO  [org.hibernate.ejb.Ejb3Configuration] (MSC service thread 1-3) HHH000204: Processing PersistenceUnitInfo [
	name: hhh-6705
	...]
17:44:19,020 INFO  [org.hibernate.service.jdbc.connections.internal.ConnectionProviderInitiator] (MSC service thread 1-3) HHH000130: Instantiating explicit connection provider: org.hibernate.ejb.connection.InjectedDataSourceConnectionProvider
17:44:19,565 INFO  [org.hibernate.dialect.Dialect] (MSC service thread 1-3) HHH000400: Using dialect: org.hibernate.dialect.Oracle9iDialect
17:44:19,582 INFO  [org.hibernate.engine.transaction.internal.TransactionFactoryInitiator] (MSC service thread 1-3) HHH000268: Transaction strategy: org.hibernate.engine.transaction.internal.jdbc.JdbcTransactionFactory
17:44:19,586 INFO  [org.hibernate.hql.internal.ast.ASTQueryTranslatorFactory] (MSC service thread 1-3) HHH000397: Using ASTQueryTranslatorFactory
17:44:19,631 INFO  [org.hibernate.validator.util.Version] (MSC service thread 1-3) Hibernate Validator 4.2.0.Final
17:44:19,797 INFO  [org.hibernate.tool.hbm2ddl.SchemaUpdate] (MSC service thread 1-3) HHH000228: Running hbm2ddl schema update
17:44:19,797 INFO  [org.hibernate.tool.hbm2ddl.SchemaUpdate] (MSC service thread 1-3) HHH000102: Fetching database metadata
17:44:19,853 INFO  [org.hibernate.tool.hbm2ddl.SchemaUpdate] (MSC service thread 1-3) HHH000396: Updating schema
17:44:19,891 INFO  [java.sql.DatabaseMetaData] (MSC service thread 1-3) HHH000262: Table not found: TestEntity
17:44:19,893 INFO  [java.sql.DatabaseMetaData] (MSC service thread 1-3) HHH000262: Table not found: TestEntity
17:44:19,898 ERROR [org.hibernate.tool.hbm2ddl.SchemaUpdate] (MSC service thread 1-3) HHH000388: Unsuccessful: create table TestEntity (Id number(19,0) not null, BoolObject boolean, BoolPrim boolean, primary key (Id))
17:44:19,898 ERROR [org.hibernate.tool.hbm2ddl.SchemaUpdate] (MSC service thread 1-3) ORA-00902: invalid datatype

17:44:19,898 INFO  [org.hibernate.tool.hbm2ddl.SchemaUpdate] (MSC service thread 1-3) HHH000232: Schema update complete
17:44:19,898 WARN  [org.hibernate.internal.SessionFactoryImpl] (MSC service thread 1-3) HHH000008: JTASessionContext being used with JDBCTransactionFactory; auto-flush will not operate correctly with getCurrentSession()
17:44:19,980 INFO  [com.jboss.examples.jpa.servlet.TestcaseServlet] (MSC service thread 1-7) init(ServletConfig) - calling doTestcase()
17:44:20,106 INFO  [org.hibernate.dialect.Dialect] (MSC service thread 1-7) HHH000400: Using dialect: org.hibernate.dialect.Oracle9iDialect
17:44:20,108 WARN  [org.hibernate.service.jta.platform.internal.JtaPlatformInitiator] (MSC service thread 1-7) HHH000427: Using deprecated org.hibernate.transaction.TransactionManagerLookup strategy [hibernate.transaction.manager_lookup_class], use newer org.hibernate.service.jta.platform.spi.JtaPlatform strategy instead [hibernate.transaction.jta.platform]
17:44:20,108 INFO  [org.hibernate.service.jta.platform.internal.JtaPlatformInitiator] (MSC service thread 1-7) HHH000428: Encountered legacy TransactionManagerLookup specified; convert to newer org.hibernate.service.jta.platform.spi.JtaPlatform contract specified via hibernate.transaction.jta.platform setting
17:44:20,108 INFO  [org.hibernate.engine.transaction.internal.TransactionFactoryInitiator] (MSC service thread 1-7) HHH000268: Transaction strategy: org.hibernate.engine.transaction.internal.jdbc.JdbcTransactionFactory
17:44:20,109 INFO  [org.hibernate.hql.internal.ast.ASTQueryTranslatorFactory] (MSC service thread 1-7) HHH000397: Using ASTQueryTranslatorFactory
17:44:20,120 INFO  [org.hibernate.tool.hbm2ddl.SchemaUpdate] (MSC service thread 1-7) HHH000228: Running hbm2ddl schema update
17:44:20,120 INFO  [org.hibernate.tool.hbm2ddl.SchemaUpdate] (MSC service thread 1-7) HHH000102: Fetching database metadata
17:44:20,165 INFO  [org.hibernate.tool.hbm2ddl.SchemaUpdate] (MSC service thread 1-7) HHH000396: Updating schema
17:44:20,168 INFO  [java.sql.DatabaseMetaData] (MSC service thread 1-7) HHH000262: Table not found: TestEntity
17:44:20,170 INFO  [java.sql.DatabaseMetaData] (MSC service thread 1-7) HHH000262: Table not found: TestEntity
17:44:20,172 ERROR [org.hibernate.tool.hbm2ddl.SchemaUpdate] (MSC service thread 1-7) HHH000388: Unsuccessful: create table TestEntity (Id number(19,0) not null, BoolObject boolean, BoolPrim boolean, primary key (Id))
17:44:20,172 ERROR [org.hibernate.tool.hbm2ddl.SchemaUpdate] (MSC service thread 1-7) ORA-00902: invalid datatype

17:44:20,172 INFO  [org.hibernate.tool.hbm2ddl.SchemaUpdate] (MSC service thread 1-7) HHH000232: Schema update complete
17:44:20,173 WARN  [org.hibernate.internal.SessionFactoryImpl] (MSC service thread 1-7) HHH000008: JTASessionContext being used with JDBCTransactionFactory; auto-flush will not operate correctly with getCurrentSession()
17:44:20,227 INFO  [com.jboss.examples.jpa.servlet.TestcaseServlet] (MSC service thread 1-7) Trying to addEntity: com.jboss.examples.jpa.model.TestEntity@261be469
17:44:20,300 WARN  [org.hibernate.engine.jdbc.spi.SqlExceptionHelper] (MSC service thread 1-7) SQL Error: 942, SQLState: 42000
17:44:20,300 ERROR [org.hibernate.engine.jdbc.spi.SqlExceptionHelper] (MSC service thread 1-7) ORA-00942: table or view does not exist

17:44:20,302 ERROR [org.apache.catalina.core.ContainerBase.[jboss.web].[default-host].[/hhh-6705]] (MSC service thread 1-7) StandardWrapper.Throwable: javax.persistence.RollbackException: Error while committing the transaction
	at org.hibernate.ejb.TransactionImpl.commit(TransactionImpl.java:90) [hibernate-entitymanager-4.0.0.CR4.jar:4.0.0.CR4]
	at com.jboss.examples.jpa.servlet.TestcaseServlet.addEntity(TestcaseServlet.java:63) [classes:]
	at com.jboss.examples.jpa.servlet.TestcaseServlet.doTestcase(TestcaseServlet.java:50) [classes:]
	at com.jboss.examples.jpa.servlet.TestcaseServlet.init(TestcaseServlet.java:31) [classes:]
	at org.apache.catalina.core.StandardWrapper.loadServlet(StandardWrapper.java:1202) [jbossweb-7.0.1.Final.jar:7.1.0.Alpha2-SNAPSHOT]
	at org.apache.catalina.core.StandardWrapper.load(StandardWrapper.java:1102) [jbossweb-7.0.1.Final.jar:7.1.0.Alpha2-SNAPSHOT]
	at org.apache.catalina.core.StandardContext.loadOnStartup(StandardContext.java:3631) [jbossweb-7.0.1.Final.jar:7.1.0.Alpha2-SNAPSHOT]
	at org.apache.catalina.core.StandardContext.start(StandardContext.java:3844) [jbossweb-7.0.1.Final.jar:7.1.0.Alpha2-SNAPSHOT]
	at org.jboss.as.web.deployment.WebDeploymentService.start(WebDeploymentService.java:77) [jboss-as-web-7.1.0.Alpha2-SNAPSHOT.jar:7.1.0.Alpha2-SNAPSHOT]
	at org.jboss.msc.service.ServiceControllerImpl$StartTask.startService(ServiceControllerImpl.java:1824)
	at org.jboss.msc.service.ServiceControllerImpl$StartTask.run(ServiceControllerImpl.java:1759)
	at java.util.concurrent.ThreadPoolExecutor$Worker.runTask(ThreadPoolExecutor.java:886) [:1.6.0_23]
	at java.util.concurrent.ThreadPoolExecutor$Worker.run(ThreadPoolExecutor.java:908) [:1.6.0_23]
	at java.lang.Thread.run(Thread.java:662) [:1.6.0_23]
Caused by: javax.persistence.PersistenceException: org.hibernate.exception.SQLGrammarException: ORA-00942: table or view does not exist

	at org.hibernate.ejb.AbstractEntityManagerImpl.convert(AbstractEntityManagerImpl.java:1347) [hibernate-entitymanager-4.0.0.CR4.jar:4.0.0.CR4]
	at org.hibernate.ejb.AbstractEntityManagerImpl.convert(AbstractEntityManagerImpl.java:1280) [hibernate-entitymanager-4.0.0.CR4.jar:4.0.0.CR4]
	at org.hibernate.ejb.TransactionImpl.commit(TransactionImpl.java:78) [hibernate-entitymanager-4.0.0.CR4.jar:4.0.0.CR4]
	... 13 more
Caused by: org.hibernate.exception.SQLGrammarException: ORA-00942: table or view does not exist

	at org.hibernate.exception.internal.SQLStateConverter.convert(SQLStateConverter.java:100) [hibernate-core-4.0.0.CR4.jar:4.0.0.CR4]
	at org.hibernate.engine.jdbc.spi.SqlExceptionHelper.convert(SqlExceptionHelper.java:124) [hibernate-core-4.0.0.CR4.jar:4.0.0.CR4]
	at org.hibernate.engine.jdbc.spi.SqlExceptionHelper.convert(SqlExceptionHelper.java:109) [hibernate-core-4.0.0.CR4.jar:4.0.0.CR4]
	at org.hibernate.engine.jdbc.internal.proxy.AbstractStatementProxyHandler.continueInvocation(AbstractStatementProxyHandler.java:131) [hibernate-core-4.0.0.CR4.jar:4.0.0.CR4]
	at org.hibernate.engine.jdbc.internal.proxy.AbstractProxyHandler.invoke(AbstractProxyHandler.java:80) [hibernate-core-4.0.0.CR4.jar:4.0.0.CR4]
	at $Proxy43.executeUpdate(Unknown Source)	at org.hibernate.engine.jdbc.batch.internal.NonBatchingBatch.addToBatch(NonBatchingBatch.java:56) [hibernate-core-4.0.0.CR4.jar:4.0.0.CR4]
	at org.hibernate.persister.entity.AbstractEntityPersister.insert(AbstractEntityPersister.java:2839) [hibernate-core-4.0.0.CR4.jar:4.0.0.CR4]
	at org.hibernate.persister.entity.AbstractEntityPersister.insert(AbstractEntityPersister.java:3276) [hibernate-core-4.0.0.CR4.jar:4.0.0.CR4]
	at org.hibernate.action.internal.EntityInsertAction.execute(EntityInsertAction.java:80) [hibernate-core-4.0.0.CR4.jar:4.0.0.CR4]
	at org.hibernate.engine.spi.ActionQueue.execute(ActionQueue.java:273) [hibernate-core-4.0.0.CR4.jar:4.0.0.CR4]
	at org.hibernate.engine.spi.ActionQueue.executeActions(ActionQueue.java:265) [hibernate-core-4.0.0.CR4.jar:4.0.0.CR4]
	at org.hibernate.engine.spi.ActionQueue.executeActions(ActionQueue.java:186) [hibernate-core-4.0.0.CR4.jar:4.0.0.CR4]
	at org.hibernate.event.internal.AbstractFlushingEventListener.performExecutions(AbstractFlushingEventListener.java:344) [hibernate-core-4.0.0.CR4.jar:4.0.0.CR4]
	at org.hibernate.event.internal.DefaultFlushEventListener.onFlush(DefaultFlushEventListener.java:50) [hibernate-core-4.0.0.CR4.jar:4.0.0.CR4]
	at org.hibernate.internal.SessionImpl.flush(SessionImpl.java:1084) [hibernate-core-4.0.0.CR4.jar:4.0.0.CR4]
	at org.hibernate.internal.SessionImpl.managedFlush(SessionImpl.java:319) [hibernate-core-4.0.0.CR4.jar:4.0.0.CR4]
	at org.hibernate.engine.transaction.internal.jdbc.JdbcTransaction.beforeTransactionCommit(JdbcTransaction.java:100) [hibernate-core-4.0.0.CR4.jar:4.0.0.CR4]
	at org.hibernate.engine.transaction.spi.AbstractTransactionImpl.commit(AbstractTransactionImpl.java:173) [hibernate-core-4.0.0.CR4.jar:4.0.0.CR4]
	at org.hibernate.ejb.TransactionImpl.commit(TransactionImpl.java:73) [hibernate-entitymanager-4.0.0.CR4.jar:4.0.0.CR4]
	... 13 more
Caused by: java.sql.SQLSyntaxErrorException: ORA-00942: table or view does not exist

	at oracle.jdbc.driver.T4CTTIoer.processError(T4CTTIoer.java:439)
	at oracle.jdbc.driver.T4CTTIoer.processError(T4CTTIoer.java:395)
	at oracle.jdbc.driver.T4C8Oall.processError(T4C8Oall.java:802)
	at oracle.jdbc.driver.T4CTTIfun.receive(T4CTTIfun.java:436)
	at oracle.jdbc.driver.T4CTTIfun.doRPC(T4CTTIfun.java:186)
	at oracle.jdbc.driver.T4C8Oall.doOALL(T4C8Oall.java:521)
	at oracle.jdbc.driver.T4CPreparedStatement.doOall8(T4CPreparedStatement.java:205)
	at oracle.jdbc.driver.T4CPreparedStatement.executeForRows(T4CPreparedStatement.java:1008)
	at oracle.jdbc.driver.OracleStatement.doExecuteWithTimeout(OracleStatement.java:1307)
	at oracle.jdbc.driver.OraclePreparedStatement.executeInternal(OraclePreparedStatement.java:3449)
	at oracle.jdbc.driver.OraclePreparedStatement.executeUpdate(OraclePreparedStatement.java:3530)
	at oracle.jdbc.driver.OraclePreparedStatementWrapper.executeUpdate(OraclePreparedStatementWrapper.java:1350)
	at org.jboss.jca.adapters.jdbc.WrappedPreparedStatement.executeUpdate(WrappedPreparedStatement.java:493)
	at sun.reflect.NativeMethodAccessorImpl.invoke0(Native Method) [:1.6.0_23]
	at sun.reflect.NativeMethodAccessorImpl.invoke(NativeMethodAccessorImpl.java:39) [:1.6.0_23]
	at sun.reflect.DelegatingMethodAccessorImpl.invoke(DelegatingMethodAccessorImpl.java:25) [:1.6.0_23]
	at java.lang.reflect.Method.invoke(Method.java:597) [:1.6.0_23]
	at org.hibernate.engine.jdbc.internal.proxy.AbstractStatementProxyHandler.continueInvocation(AbstractStatementProxyHandler.java:124) [hibernate-core-4.0.0.CR4.jar:4.0.0.CR4]
	... 29 more

17:44:20,306 ERROR [org.apache.catalina.core.ContainerBase.[jboss.web].[default-host].[/hhh-6705]] (MSC service thread 1-7) Servlet /hhh-6705 threw load() exception: java.sql.SQLSyntaxErrorException: ORA-00942: table or view does not exist

	at oracle.jdbc.driver.T4CTTIoer.processError(T4CTTIoer.java:439)
	at oracle.jdbc.driver.T4CTTIoer.processError(T4CTTIoer.java:395)
	at oracle.jdbc.driver.T4C8Oall.processError(T4C8Oall.java:802)
	at oracle.jdbc.driver.T4CTTIfun.receive(T4CTTIfun.java:436)
	at oracle.jdbc.driver.T4CTTIfun.doRPC(T4CTTIfun.java:186)
	at oracle.jdbc.driver.T4C8Oall.doOALL(T4C8Oall.java:521)
	at oracle.jdbc.driver.T4CPreparedStatement.doOall8(T4CPreparedStatement.java:205)
	at oracle.jdbc.driver.T4CPreparedStatement.executeForRows(T4CPreparedStatement.java:1008)
	at oracle.jdbc.driver.OracleStatement.doExecuteWithTimeout(OracleStatement.java:1307)
	at oracle.jdbc.driver.OraclePreparedStatement.executeInternal(OraclePreparedStatement.java:3449)
	at oracle.jdbc.driver.OraclePreparedStatement.executeUpdate(OraclePreparedStatement.java:3530)
	at oracle.jdbc.driver.OraclePreparedStatementWrapper.executeUpdate(OraclePreparedStatementWrapper.java:1350)
	at org.jboss.jca.adapters.jdbc.WrappedPreparedStatement.executeUpdate(WrappedPreparedStatement.java:493)
	at sun.reflect.NativeMethodAccessorImpl.invoke0(Native Method) [:1.6.0_23]
	at sun.reflect.NativeMethodAccessorImpl.invoke(NativeMethodAccessorImpl.java:39) [:1.6.0_23]
	at sun.reflect.DelegatingMethodAccessorImpl.invoke(DelegatingMethodAccessorImpl.java:25) [:1.6.0_23]
	at java.lang.reflect.Method.invoke(Method.java:597) [:1.6.0_23]
	at org.hibernate.engine.jdbc.internal.proxy.AbstractStatementProxyHandler.continueInvocation(AbstractStatementProxyHandler.java:124) [hibernate-core-4.0.0.CR4.jar:4.0.0.CR4]
	at org.hibernate.engine.jdbc.internal.proxy.AbstractProxyHandler.invoke(AbstractProxyHandler.java:80) [hibernate-core-4.0.0.CR4.jar:4.0.0.CR4]
	at $Proxy43.executeUpdate(Unknown Source)	at org.hibernate.engine.jdbc.batch.internal.NonBatchingBatch.addToBatch(NonBatchingBatch.java:56) [hibernate-core-4.0.0.CR4.jar:4.0.0.CR4]
	at org.hibernate.persister.entity.AbstractEntityPersister.insert(AbstractEntityPersister.java:2839) [hibernate-core-4.0.0.CR4.jar:4.0.0.CR4]
	at org.hibernate.persister.entity.AbstractEntityPersister.insert(AbstractEntityPersister.java:3276) [hibernate-core-4.0.0.CR4.jar:4.0.0.CR4]
	at org.hibernate.action.internal.EntityInsertAction.execute(EntityInsertAction.java:80) [hibernate-core-4.0.0.CR4.jar:4.0.0.CR4]
	at org.hibernate.engine.spi.ActionQueue.execute(ActionQueue.java:273) [hibernate-core-4.0.0.CR4.jar:4.0.0.CR4]
	at org.hibernate.engine.spi.ActionQueue.executeActions(ActionQueue.java:265) [hibernate-core-4.0.0.CR4.jar:4.0.0.CR4]
	at org.hibernate.engine.spi.ActionQueue.executeActions(ActionQueue.java:186) [hibernate-core-4.0.0.CR4.jar:4.0.0.CR4]
	at org.hibernate.event.internal.AbstractFlushingEventListener.performExecutions(AbstractFlushingEventListener.java:344) [hibernate-core-4.0.0.CR4.jar:4.0.0.CR4]
	at org.hibernate.event.internal.DefaultFlushEventListener.onFlush(DefaultFlushEventListener.java:50) [hibernate-core-4.0.0.CR4.jar:4.0.0.CR4]
	at org.hibernate.internal.SessionImpl.flush(SessionImpl.java:1084) [hibernate-core-4.0.0.CR4.jar:4.0.0.CR4]
	at org.hibernate.internal.SessionImpl.managedFlush(SessionImpl.java:319) [hibernate-core-4.0.0.CR4.jar:4.0.0.CR4]
	at org.hibernate.engine.transaction.internal.jdbc.JdbcTransaction.beforeTransactionCommit(JdbcTransaction.java:100) [hibernate-core-4.0.0.CR4.jar:4.0.0.CR4]
	at org.hibernate.engine.transaction.spi.AbstractTransactionImpl.commit(AbstractTransactionImpl.java:173) [hibernate-core-4.0.0.CR4.jar:4.0.0.CR4]
	at org.hibernate.ejb.TransactionImpl.commit(TransactionImpl.java:73) [hibernate-entitymanager-4.0.0.CR4.jar:4.0.0.CR4]
	at com.jboss.examples.jpa.servlet.TestcaseServlet.addEntity(TestcaseServlet.java:63) [classes:]
	at com.jboss.examples.jpa.servlet.TestcaseServlet.doTestcase(TestcaseServlet.java:50) [classes:]
	at com.jboss.examples.jpa.servlet.TestcaseServlet.init(TestcaseServlet.java:31) [classes:]
	at org.apache.catalina.core.StandardWrapper.loadServlet(StandardWrapper.java:1202) [jbossweb-7.0.1.Final.jar:7.1.0.Alpha2-SNAPSHOT]
	at org.apache.catalina.core.StandardWrapper.load(StandardWrapper.java:1102) [jbossweb-7.0.1.Final.jar:7.1.0.Alpha2-SNAPSHOT]
	at org.apache.catalina.core.StandardContext.loadOnStartup(StandardContext.java:3631) [jbossweb-7.0.1.Final.jar:7.1.0.Alpha2-SNAPSHOT]
	at org.apache.catalina.core.StandardContext.start(StandardContext.java:3844) [jbossweb-7.0.1.Final.jar:7.1.0.Alpha2-SNAPSHOT]
	at org.jboss.as.web.deployment.WebDeploymentService.start(WebDeploymentService.java:77) [jboss-as-web-7.1.0.Alpha2-SNAPSHOT.jar:7.1.0.Alpha2-SNAPSHOT]
	at org.jboss.msc.service.ServiceControllerImpl$StartTask.startService(ServiceControllerImpl.java:1824)
	at org.jboss.msc.service.ServiceControllerImpl$StartTask.run(ServiceControllerImpl.java:1759)
	at java.util.concurrent.ThreadPoolExecutor$Worker.runTask(ThreadPoolExecutor.java:886) [:1.6.0_23]
	at java.util.concurrent.ThreadPoolExecutor$Worker.run(ThreadPoolExecutor.java:908) [:1.6.0_23]
	at java.lang.Thread.run(Thread.java:662) [:1.6.0_23]

17:44:20,314 INFO  [org.jboss.web] (MSC service thread 1-7) registering web context: /hhh-6705
17:44:20,332 INFO  [org.jboss.as.server.controller] (DeploymentScanner-threads - 1) Deployed "hhh-6705.war"
17:44:22,740 INFO  [org.jboss.as.osgi] (MSC service thread 1-5) JBAS011921: Stopping OSGi Framework
17:44:22,745 INFO  [org.apache.coyote.http11.Http11Protocol] (MSC service thread 1-1) Stopping Coyote HTTP/1.1 on http-bmaxwell-127.0.0.1-8080
17:44:22,755 INFO  [org.jboss.as.messaging] (MSC service thread 1-3) JBAS011605: Unbound messaging object to jndi name java:/topic/test
17:44:22,763 INFO  [org.jboss.as.deployment.connector] (MSC service thread 1-5) JBAS010410: Unbound JCA ConnectionFactory [java:/JmsXA]
