2018-09-12 20:06:03.708 [main] INFO  org.hibernate.jpa.internal.util.LogHelper : HHH000204: Processing PersistenceUnitInfo [
	name: Mastering-Hibernate
	...]
2018-09-12 20:06:03.782 [main] INFO  org.hibernate.Version : HHH000412: Hibernate Core {5.3.6.Final}
2018-09-12 20:06:03.783 [main] INFO  org.hibernate.cfg.Environment : HHH000206: hibernate.properties not found
2018-09-12 20:06:03.927 [main] INFO  org.hibernate.annotations.common.Version : HCANN000001: Hibernate Commons Annotations {5.0.4.Final}
2018-09-12 20:06:04.273 [main] INFO  org.hibernate.engine.jdbc.connections.internal.ConnectionProviderInitiator : HHH000130: Instantiating explicit connection provider: org.hibernate.hikaricp.internal.HikariCPConnectionProvider
2018-09-12 20:06:04.288 [main] INFO  com.zaxxer.hikari.HikariDataSource : Working-Theory - Started.
2018-09-12 20:06:04.481 [main] INFO  org.hibernate.dialect.Dialect : HHH000400: Using dialect: org.hibernate.dialect.PostgreSQL95Dialect
2018-09-12 20:06:04.685 [main] INFO  org.hibernate.engine.jdbc.env.internal.LobCreatorBuilderImpl : HHH000424: Disabling contextual LOB creation as createClob() method threw error : java.lang.reflect.InvocationTargetException
2018-09-12 20:06:04.697 [main] INFO  org.hibernate.type.BasicTypeRegistry : HHH000270: Type registration [java.util.UUID] overrides previous : org.hibernate.type.UUIDBinaryType@2caa5d7c
Hibernate: DROP TABLE IF EXISTS application_configurations CASCADE
Hibernate: CREATE TABLE application_configurations (id BIGSERIAL NOT NULL PRIMARY KEY)
2018-09-12 20:06:05.154 [main] INFO  org.hibernate.tool.schema.internal.SchemaCreatorImpl : HHH000476: Executing import script 'org.hibernate.tool.schema.internal.exec.ScriptSourceInputNonExistentImpl@6f5d0190'
Hibernate: select nextval ('application_configurations_id_seq')
Hibernate: select nextval ('application_configurations_id_seq')
2018-09-12 20:06:05.236 [main] INFO  in.workingtheory.hibernate.SequenceGeneratorTest : Generated Id : 1
2018-09-12 20:06:05.237 [main] INFO  in.workingtheory.hibernate.SequenceGeneratorTest : Generated Id : 2
Hibernate: select nextval ('application_configurations_id_seq')
2018-09-12 20:06:05.237 [main] INFO  in.workingtheory.hibernate.SequenceGeneratorTest : Generated Id : -46
2018-09-12 20:06:05.238 [main] INFO  in.workingtheory.hibernate.SequenceGeneratorTest : Generated Id : -45
2018-09-12 20:06:05.238 [main] INFO  in.workingtheory.hibernate.SequenceGeneratorTest : Generated Id : -44