18:11:43,152 INFO  [AbstractJBossASServerBase] Server Configuration:

	JBOSS_HOME URL: file:/opt/jboss-6.0.0.Final/
	Bootstrap: $JBOSS_HOME/server/mds-trunk/conf/bootstrap.xml
	Common Base: $JBOSS_HOME/common/
	Common Library: $JBOSS_HOME/common/lib/
	Server Name: mds-trunk
	Server Base: $JBOSS_HOME/server/
	Server Library: $JBOSS_HOME/server/mds-trunk/lib/
	Server Config: $JBOSS_HOME/server/mds-trunk/conf/
	Server Home: $JBOSS_HOME/server/mds-trunk/
	Server Data: $JBOSS_HOME/server/mds-trunk/data
	Server Log: $JBOSS_HOME/server/mds-trunk/log/
	Server Temp: $JBOSS_HOME/server/mds-trunk/tmp

18:11:43,155 INFO  [AbstractServer] Starting: JBossAS [6.0.0.Final "Neo"]
18:11:45,376 INFO  [ServerInfo] Java version: 1.6.0_23,Sun Microsystems Inc.
18:11:45,376 INFO  [ServerInfo] Java Runtime: Java(TM) SE Runtime Environment (build 1.6.0_23-b05)
18:11:45,376 INFO  [ServerInfo] Java VM: Java HotSpot(TM) Server VM 19.0-b09,Sun Microsystems Inc.
18:11:45,376 INFO  [ServerInfo] OS-System: Linux 2.6.32-26-generic-pae,i386
18:11:45,377 INFO  [ServerInfo] VM arguments: -Xms128m -Xmx512m -XX:MaxPermSize=256m -Dorg.jboss.resolver.warning=true -Dsun.rmi.dgc.client.gcInterval=3600000 -Dsun.rmi.dgc.server.gcInterval=3600000 -Djava.net.preferIPv4Stack=true -Dprogram.name=run.sh -Djava.library.path=/opt/jboss-6.0.0.Final/bin/native/lib -Djava.endorsed.dirs=/opt/jboss-6.0.0.Final/lib/endorsed 
18:11:45,377 DEBUG [ServerInfo] Full System Properties Dump
18:11:45,378 DEBUG [ServerInfo]     file.encoding: UTF-8
18:11:45,378 DEBUG [ServerInfo]     file.encoding.pkg: sun.io
18:11:45,378 DEBUG [ServerInfo]     file.separator: /
18:11:45,378 DEBUG [ServerInfo]     java.awt.graphicsenv: sun.awt.X11GraphicsEnvironment
18:11:45,378 DEBUG [ServerInfo]     java.awt.printerjob: sun.print.PSPrinterJob
18:11:45,378 DEBUG [ServerInfo]     java.class.path: /opt/jboss-6.0.0.Final/bin/run.jar:/opt/java/lib/tools.jar
18:11:45,379 DEBUG [ServerInfo]     java.class.version: 50.0
18:11:45,379 DEBUG [ServerInfo]     java.endorsed.dirs: /opt/jboss-6.0.0.Final/lib/endorsed
18:11:45,379 DEBUG [ServerInfo]     java.ext.dirs: /opt/jdk1.6.0_23/jre/lib/ext:/usr/java/packages/lib/ext
18:11:45,379 DEBUG [ServerInfo]     java.home: /opt/jdk1.6.0_23/jre
18:11:45,379 DEBUG [ServerInfo]     java.io.tmpdir: /tmp
18:11:45,379 DEBUG [ServerInfo]     java.library.path: /opt/jboss-6.0.0.Final/bin/native/lib
18:11:45,379 DEBUG [ServerInfo]     java.net.preferIPv4Stack: true
18:11:45,379 DEBUG [ServerInfo]     java.protocol.handler.pkgs: org.jboss.net.protocol|org.jboss.vfs.protocol
18:11:45,380 DEBUG [ServerInfo]     java.rmi.server.RMIClassLoaderSpi: org.jboss.system.JBossRMIClassLoader
18:11:45,380 DEBUG [ServerInfo]     java.rmi.server.hostname: 127.0.0.1
18:11:45,380 DEBUG [ServerInfo]     java.runtime.name: Java(TM) SE Runtime Environment
18:11:45,380 DEBUG [ServerInfo]     java.runtime.version: 1.6.0_23-b05
18:11:45,380 DEBUG [ServerInfo]     java.specification.name: Java Platform API Specification
18:11:45,380 DEBUG [ServerInfo]     java.specification.vendor: Sun Microsystems Inc.
18:11:45,380 DEBUG [ServerInfo]     java.specification.version: 1.6
18:11:45,381 DEBUG [ServerInfo]     java.util.logging.manager: org.jboss.logmanager.LogManager
18:11:45,381 DEBUG [ServerInfo]     java.vendor: Sun Microsystems Inc.
18:11:45,381 DEBUG [ServerInfo]     java.vendor.url: http://java.sun.com/
18:11:45,381 DEBUG [ServerInfo]     java.vendor.url.bug: http://java.sun.com/cgi-bin/bugreport.cgi
18:11:45,381 DEBUG [ServerInfo]     java.version: 1.6.0_23
18:11:45,381 DEBUG [ServerInfo]     java.vm.info: mixed mode
18:11:45,381 DEBUG [ServerInfo]     java.vm.name: Java HotSpot(TM) Server VM
18:11:45,382 DEBUG [ServerInfo]     java.vm.specification.name: Java Virtual Machine Specification
18:11:45,382 DEBUG [ServerInfo]     java.vm.specification.vendor: Sun Microsystems Inc.
18:11:45,382 DEBUG [ServerInfo]     java.vm.specification.version: 1.0
18:11:45,382 DEBUG [ServerInfo]     java.vm.vendor: Sun Microsystems Inc.
18:11:45,382 DEBUG [ServerInfo]     java.vm.version: 19.0-b09
18:11:45,382 DEBUG [ServerInfo]     javax.management.builder.initial: org.jboss.mx.server.MBeanServerBuilderImpl
18:11:45,382 DEBUG [ServerInfo]     jboss.bind.address: 127.0.0.1
18:11:45,382 DEBUG [ServerInfo]     jboss.boot.server.log.dir: /opt/jboss-6.0.0.Final/server/mds-trunk/log
18:11:45,383 DEBUG [ServerInfo]     jboss.bootstrap.home.url: file:/opt/jboss-6.0.0.Final/server/mds-trunk/conf/
18:11:45,383 DEBUG [ServerInfo]     jboss.bootstrap.name: bootstrap.xml
18:11:45,383 DEBUG [ServerInfo]     jboss.bootstrap.url: file:/opt/jboss-6.0.0.Final/server/mds-trunk/conf/bootstrap.xml
18:11:45,383 DEBUG [ServerInfo]     jboss.common.base.url: file:/opt/jboss-6.0.0.Final/common/
18:11:45,383 DEBUG [ServerInfo]     jboss.common.lib.url: file:/opt/jboss-6.0.0.Final/common/lib/
18:11:45,383 DEBUG [ServerInfo]     jboss.home: /opt/jboss-6.0.0.Final
18:11:45,383 DEBUG [ServerInfo]     jboss.home.dir: /opt/jboss-6.0.0.Final
18:11:45,383 DEBUG [ServerInfo]     jboss.home.url: file:/opt/jboss-6.0.0.Final/
18:11:45,384 DEBUG [ServerInfo]     jboss.host.name: navarsete
18:11:45,384 DEBUG [ServerInfo]     jboss.lib.url: file:/opt/jboss-6.0.0.Final/lib/
18:11:45,384 DEBUG [ServerInfo]     jboss.native.dir: /opt/jboss-6.0.0.Final/server/mds-trunk/tmp/native
18:11:45,384 DEBUG [ServerInfo]     jboss.native.load: false
18:11:45,384 DEBUG [ServerInfo]     jboss.node.name: navarsete
18:11:45,384 DEBUG [ServerInfo]     jboss.partition.name: DefaultPartition
18:11:45,384 DEBUG [ServerInfo]     jboss.platform.mbeanserver: true
18:11:45,385 DEBUG [ServerInfo]     jboss.qualified.host.name: navarsete
18:11:45,385 DEBUG [ServerInfo]     jboss.server.base.dir: /opt/jboss-6.0.0.Final/server
18:11:45,385 DEBUG [ServerInfo]     jboss.server.base.url: file:/opt/jboss-6.0.0.Final/server/
18:11:45,385 DEBUG [ServerInfo]     jboss.server.config.url: file:/opt/jboss-6.0.0.Final/server/mds-trunk/conf/
18:11:45,385 DEBUG [ServerInfo]     jboss.server.data.dir: /opt/jboss-6.0.0.Final/server/mds-trunk/data
18:11:45,386 DEBUG [ServerInfo]     jboss.server.home.dir: /opt/jboss-6.0.0.Final/server/mds-trunk
18:11:45,386 DEBUG [ServerInfo]     jboss.server.home.url: file:/opt/jboss-6.0.0.Final/server/mds-trunk/
18:11:45,386 DEBUG [ServerInfo]     jboss.server.lib.url: file:/opt/jboss-6.0.0.Final/server/mds-trunk/lib/
18:11:45,386 DEBUG [ServerInfo]     jboss.server.log.dir: /opt/jboss-6.0.0.Final/server/mds-trunk/log
18:11:45,386 DEBUG [ServerInfo]     jboss.server.name: mds-trunk
18:11:45,387 DEBUG [ServerInfo]     jboss.server.temp.dir: /opt/jboss-6.0.0.Final/server/mds-trunk/tmp
18:11:45,388 DEBUG [ServerInfo]     jboss.vfs.forceCopy: true
18:11:45,388 DEBUG [ServerInfo]     jbossmx.loader.repository.class: org.jboss.mx.loading.UnifiedLoaderRepository3
18:11:45,388 DEBUG [ServerInfo]     jgroups.bind_addr: 127.0.0.1
18:11:45,388 DEBUG [ServerInfo]     line.separator: 

18:11:45,388 DEBUG [ServerInfo]     log4j.defaultInitOverride: true
18:11:45,388 DEBUG [ServerInfo]     org.jboss.deployers.spi.deployer.matchers.NameIgnoreMechanism: org.jboss.deployers.spi.deployer.helpers.DummyNameIgnoreMechanism
18:11:45,388 DEBUG [ServerInfo]     org.jboss.logging.Logger.pluginClass: org.jboss.logging.logmanager.LoggerPluginImpl
18:11:45,388 DEBUG [ServerInfo]     org.jboss.reflect.spi.TypeInfoFactory: org.jboss.reflect.plugins.introspection.IntrospectionTypeInfoFactory
18:11:45,388 DEBUG [ServerInfo]     org.jboss.resolver.warning: true
18:11:45,388 DEBUG [ServerInfo]     os.arch: i386
18:11:45,389 DEBUG [ServerInfo]     os.name: Linux
18:11:45,389 DEBUG [ServerInfo]     os.version: 2.6.32-26-generic-pae
18:11:45,389 DEBUG [ServerInfo]     path.separator: :
18:11:45,389 DEBUG [ServerInfo]     program.name: run.sh
18:11:45,389 DEBUG [ServerInfo]     sun.arch.data.model: 32
18:11:45,389 DEBUG [ServerInfo]     sun.boot.class.path: /opt/jboss-6.0.0.Final/lib/endorsed/jboss-jaxws-api_2.2_spec.jar:/opt/jboss-6.0.0.Final/lib/endorsed/activation.jar:/opt/jboss-6.0.0.Final/lib/endorsed/jboss-annotations-api_1.1_spec.jar:/opt/jboss-6.0.0.Final/lib/endorsed/stax-api.jar:/opt/jboss-6.0.0.Final/lib/endorsed/jbossws-cxf-factories.jar:/opt/jboss-6.0.0.Final/lib/endorsed/jboss-jaxb-api_2.2_spec.jar:/opt/jdk1.6.0_23/jre/lib/resources.jar:/opt/jdk1.6.0_23/jre/lib/rt.jar:/opt/jdk1.6.0_23/jre/lib/sunrsasign.jar:/opt/jdk1.6.0_23/jre/lib/jsse.jar:/opt/jdk1.6.0_23/jre/lib/jce.jar:/opt/jdk1.6.0_23/jre/lib/charsets.jar:/opt/jdk1.6.0_23/jre/lib/modules/jdk.boot.jar:/opt/jdk1.6.0_23/jre/classes
18:11:45,389 DEBUG [ServerInfo]     sun.boot.library.path: /opt/jdk1.6.0_23/jre/lib/i386
18:11:45,389 DEBUG [ServerInfo]     sun.cpu.endian: little
18:11:45,389 DEBUG [ServerInfo]     sun.cpu.isalist: 
18:11:45,389 DEBUG [ServerInfo]     sun.desktop: gnome
18:11:45,389 DEBUG [ServerInfo]     sun.io.unicode.encoding: UnicodeLittle
18:11:45,390 DEBUG [ServerInfo]     sun.java.launcher: SUN_STANDARD
18:11:45,390 DEBUG [ServerInfo]     sun.jnu.encoding: UTF-8
18:11:45,390 DEBUG [ServerInfo]     sun.management.compiler: HotSpot Tiered Compilers
18:11:45,390 DEBUG [ServerInfo]     sun.os.patch.level: unknown
18:11:45,390 DEBUG [ServerInfo]     sun.rmi.dgc.client.gcInterval: 3600000
18:11:45,390 DEBUG [ServerInfo]     sun.rmi.dgc.server.gcInterval: 3600000
18:11:45,390 DEBUG [ServerInfo]     user.country: US
18:11:45,390 DEBUG [ServerInfo]     user.dir: /opt/jboss-6.0.0.Final/bin
18:11:45,390 DEBUG [ServerInfo]     user.home: /home/viggo
18:11:45,390 DEBUG [ServerInfo]     user.language: en
18:11:45,390 DEBUG [ServerInfo]     user.name: viggo
18:11:45,394 DEBUG [ServerInfo]     user.timezone: Europe/Oslo
18:11:45,394 DEBUG [ServerInfo]     xb.builder.repeatableParticleHandlers: false
18:11:45,394 DEBUG [ServerInfo]     xb.builder.useUnorderedSequence: true
18:11:45,422 INFO  [JMXKernel] Legacy JMX core initialized
18:11:51,121 INFO  [AbstractServerConfig] JBoss Web Services - Stack CXF Server 3.4.1.GA
18:11:52,085 INFO  [JSFImplManagementDeployer] Initialized 3 JSF configurations: [Mojarra-1.2, MyFaces-2.0, Mojarra-2.0]
18:12:04,394 INFO  [PersistenceUnitValueMetaData] iDependOn persistence.unit:unitName=jboss-ejb3-timerservice-mk2.jar#timerdb
18:12:04,668 INFO  [Ejb3DependenciesDeployer] Encountered deployment AbstractVFSDeploymentContext@9202430{vfs:///opt/jboss-6.0.0.Final/server/mds-trunk/deploy/mds-ear-1.3.1-SNAPSHOT.ear/mds-biz-ejb-1.3.1-SNAPSHOT.jar/}
18:12:04,668 INFO  [Ejb3DependenciesDeployer] Encountered deployment AbstractVFSDeploymentContext@9202430{vfs:///opt/jboss-6.0.0.Final/server/mds-trunk/deploy/mds-ear-1.3.1-SNAPSHOT.ear/mds-biz-ejb-1.3.1-SNAPSHOT.jar/}
18:12:06,667 INFO  [JMXConnector] starting JMXConnector on host 127.0.0.1:1090
18:12:06,838 INFO  [MailService] Mail Service bound to java:/Mail
18:12:07,663 INFO  [HornetQServerImpl] live server is starting..
18:12:07,782 INFO  [JournalStorageManager] Using AIO Journal
18:12:07,832 WARNING [HornetQServerImpl] Security risk! It has been detected that the cluster admin user and password have not been changed from the installation default. Please see the HornetQ user guide, cluster chapter, for instructions on how to do this.
18:12:08,463 INFO  [NettyAcceptor] Started Netty Acceptor version 3.2.1.Final-r2319 127.0.0.1:5455 for CORE protocol
18:12:08,464 INFO  [NettyAcceptor] Started Netty Acceptor version 3.2.1.Final-r2319 127.0.0.1:5445 for CORE protocol
18:12:08,465 INFO  [HornetQServerImpl] HornetQ Server version 2.1.2.Final (Colmeia, 120) started
18:12:08,544 INFO  [WebService] Using RMI server codebase: http://127.0.0.1:8083/
18:12:08,807 INFO  [jbossatx] ARJUNA-32010 JBossTS Recovery Service (tag: JBOSSTS_4_14_0_Final) - JBoss Inc.
18:12:08,898 INFO  [arjuna] ARJUNA-12324 Start RecoveryActivators
18:12:08,927 INFO  [arjuna] ARJUNA-12296 ExpiredEntryMonitor running at Sat, 12 Feb 2011 18:12:08
18:12:08,990 INFO  [arjuna] ARJUNA-12310 Recovery manager listening on endpoint 127.0.0.1:4712
18:12:08,991 INFO  [arjuna] ARJUNA-12344 RecoveryManagerImple is ready on port 4712
18:12:08,991 INFO  [jbossatx] ARJUNA-32013 Starting transaction recovery manager
18:12:09,013 INFO  [arjuna] ARJUNA-12163 Starting service com.arjuna.ats.arjuna.recovery.ActionStatusService on port 4713
18:12:09,013 INFO  [arjuna] ARJUNA-12337 TransactionStatusManagerItem host: 127.0.0.1 port: 4713
18:12:09,023 INFO  [arjuna] ARJUNA-12170 TransactionStatusManager started on port 4713 and host 127.0.0.1 with service com.arjuna.ats.arjuna.recovery.ActionStatusService
18:12:09,067 INFO  [jbossatx] ARJUNA-32017 JBossTS Transaction Service (JTA version - tag: JBOSSTS_4_14_0_Final) - JBoss Inc.
18:12:09,111 INFO  [arjuna] ARJUNA-12202 registering bean jboss.jta:type=ObjectStore.
18:12:09,368 INFO  [AprLifecycleListener] The Apache Tomcat Native library which allows optimal performance in production environments was not found on the java.library.path: /opt/jboss-6.0.0.Final/bin/native/lib
18:12:10,063 INFO  [TomcatDeployment] deploy, ctxPath=/invoker
18:12:10,572 INFO  [ModClusterService] Initializing mod_cluster 1.1.0.Final
18:12:10,657 INFO  [RARDeployment] Required license terms exist, view vfs:/opt/jboss-6.0.0.Final/server/mds-trunk/deploy/jboss-local-jdbc.rar/META-INF/ra.xml
18:12:10,680 INFO  [RARDeployment] Required license terms exist, view vfs:/opt/jboss-6.0.0.Final/server/mds-trunk/deploy/jboss-xa-jdbc.rar/META-INF/ra.xml
18:12:10,695 INFO  [RARDeployment] Required license terms exist, view vfs:/opt/jboss-6.0.0.Final/server/mds-trunk/deploy/jms-ra.rar/META-INF/ra.xml
18:12:10,720 INFO  [HornetQResourceAdapter] HornetQ resource adaptor started
18:12:10,734 INFO  [RARDeployment] Required license terms exist, view vfs:/opt/jboss-6.0.0.Final/server/mds-trunk/deploy/mail-ra.rar/META-INF/ra.xml
18:12:10,753 INFO  [RARDeployment] Required license terms exist, view vfs:/opt/jboss-6.0.0.Final/server/mds-trunk/deploy/quartz-ra.rar/META-INF/ra.xml
18:12:10,941 INFO  [SimpleThreadPool] Job execution threads will use class loader of thread: Thread-2
18:12:11,003 INFO  [SchedulerSignalerImpl] Initialized Scheduler Signaller of type: class org.quartz.core.SchedulerSignalerImpl
18:12:11,003 INFO  [QuartzScheduler] Quartz Scheduler v.1.8.3 created.
18:12:11,005 INFO  [RAMJobStore] RAMJobStore initialized.
18:12:11,007 INFO  [QuartzScheduler] Scheduler meta-data: Quartz Scheduler (v1.8.3) 'JBossQuartzScheduler' with instanceId 'NON_CLUSTERED'
  Scheduler class: 'org.quartz.core.QuartzScheduler' - running locally.
  NOT STARTED.
  Currently in standby mode.
  Number of jobs executed: 0
  Using thread pool 'org.quartz.simpl.SimpleThreadPool' - with 10 threads.
  Using job-store 'org.quartz.simpl.RAMJobStore' - which does not support persistence. and is not clustered.

18:12:11,007 INFO  [StdSchedulerFactory] Quartz scheduler 'JBossQuartzScheduler' initialized from an externally opened InputStream.
18:12:11,008 INFO  [StdSchedulerFactory] Quartz scheduler version: 1.8.3
18:12:11,008 INFO  [QuartzScheduler] Scheduler JBossQuartzScheduler_$_NON_CLUSTERED started.
18:12:12,397 INFO  [ConnectionFactoryBindingService] Bound ConnectionManager 'jboss.jca:service=DataSourceBinding,name=DefaultDS' to JNDI name 'java:DefaultDS'
18:12:12,398 INFO  [PersistenceUnitDeployment] Starting persistence unit persistence.unit:unitName=jboss-ejb3-timerservice-mk2.jar#timerdb
18:12:13,169 INFO  [Version] Hibernate Commons Annotations 3.2.0.Final
18:12:13,180 INFO  [Environment] Hibernate 3.6.0.Final
18:12:13,182 INFO  [Environment] hibernate.properties not found
18:12:13,188 INFO  [Environment] Bytecode provider name : javassist
18:12:13,192 INFO  [Environment] using JDK 1.4 java.sql.Timestamp handling
18:12:13,342 INFO  [Version] Hibernate EntityManager 3.6.0.Final
18:12:13,382 INFO  [Ejb3Configuration] Processing PersistenceUnitInfo [
	name: timerdb
	...]
18:12:13,397 WARN  [Ejb3Configuration] Persistence provider caller does not implement the EJB3 spec correctly.PersistenceUnitInfo.getNewTempClassLoader() is null.
18:12:13,469 INFO  [AnnotationBinder] Binding entity from annotated class: org.jboss.ejb3.timerservice.mk2.persistence.TimerEntity
18:12:13,526 INFO  [EntityBinder] Bind entity org.jboss.ejb3.timerservice.mk2.persistence.TimerEntity on table timer
18:12:13,613 INFO  [AnnotationBinder] Binding entity from annotated class: org.jboss.ejb3.timerservice.mk2.persistence.TimeoutMethod
18:12:13,619 INFO  [EntityBinder] Bind entity org.jboss.ejb3.timerservice.mk2.persistence.TimeoutMethod on table timeout_method
18:12:13,662 INFO  [AnnotationBinder] Binding entity from annotated class: org.jboss.ejb3.timerservice.mk2.persistence.CalendarTimerEntity
18:12:13,663 INFO  [EntityBinder] Bind entity org.jboss.ejb3.timerservice.mk2.persistence.CalendarTimerEntity on table calendar_timer
18:12:13,703 INFO  [Version] Hibernate Validator 3.1.0.GA
18:12:13,779 INFO  [Version] Hibernate Validator 4.1.0.Final
18:12:13,799 INFO  [DefaultTraversableResolver] Instantiated an instance of org.hibernate.validator.engine.resolver.JPATraversableResolver.
18:12:13,942 INFO  [DefaultTraversableResolver] Instantiated an instance of org.hibernate.validator.engine.resolver.JPATraversableResolver.
18:12:13,946 INFO  [DefaultTraversableResolver] Instantiated an instance of org.hibernate.validator.engine.resolver.JPATraversableResolver.
18:12:13,952 INFO  [HibernateSearchEventListenerRegister] Unable to find org.hibernate.search.event.FullTextIndexEventListener on the classpath. Hibernate Search is not enabled.
18:12:13,966 INFO  [ConnectionProviderFactory] Initializing connection provider: org.hibernate.ejb.connection.InjectedDataSourceConnectionProvider
18:12:13,972 INFO  [InjectedDataSourceConnectionProvider] Using provided datasource
18:12:14,207 INFO  [SettingsFactory] Database ->
       name : HSQL Database Engine
    version : 1.8.0
      major : 1
      minor : 8
18:12:14,208 INFO  [SettingsFactory] Driver ->
       name : HSQL Database Engine Driver
    version : 1.8.0
      major : 1
      minor : 8
18:12:14,253 INFO  [Dialect] Using dialect: org.hibernate.dialect.HSQLDialect
18:12:14,280 INFO  [JdbcSupportLoader] Disabling contextual LOB creation as JDBC driver reported JDBC version [3] less than 4
18:12:14,288 INFO  [TransactionFactoryFactory] Transaction strategy: org.hibernate.ejb.transaction.JoinableCMTTransactionFactory
18:12:14,290 INFO  [TransactionManagerLookupFactory] instantiating TransactionManagerLookup: org.hibernate.transaction.JBossTransactionManagerLookup
18:12:14,295 INFO  [TransactionManagerLookupFactory] instantiated TransactionManagerLookup
18:12:14,295 INFO  [SettingsFactory] Automatic flush during beforeCompletion(): disabled
18:12:14,295 INFO  [SettingsFactory] Automatic session close at end of transaction: disabled
18:12:14,295 INFO  [SettingsFactory] JDBC batch size: 15
18:12:14,295 INFO  [SettingsFactory] JDBC batch updates for versioned data: disabled
18:12:14,296 INFO  [SettingsFactory] Scrollable result sets: enabled
18:12:14,296 INFO  [SettingsFactory] JDBC3 getGeneratedKeys(): disabled
18:12:14,296 INFO  [SettingsFactory] Connection release mode: auto
18:12:14,301 INFO  [SettingsFactory] Default batch fetch size: 1
18:12:14,301 INFO  [SettingsFactory] Generate SQL with comments: disabled
18:12:14,301 INFO  [SettingsFactory] Order SQL updates by primary key: disabled
18:12:14,301 INFO  [SettingsFactory] Order SQL inserts for batching: disabled
18:12:14,302 INFO  [SettingsFactory] Query translator: org.hibernate.hql.ast.ASTQueryTranslatorFactory
18:12:14,314 INFO  [ASTQueryTranslatorFactory] Using ASTQueryTranslatorFactory
18:12:14,314 INFO  [SettingsFactory] Query language substitutions: {}
18:12:14,314 INFO  [SettingsFactory] JPA-QL strict compliance: enabled
18:12:14,314 INFO  [SettingsFactory] Second-level cache: enabled
18:12:14,315 INFO  [SettingsFactory] Query cache: disabled
18:12:14,316 INFO  [SettingsFactory] Cache region factory : org.hibernate.cache.impl.bridge.RegionFactoryCacheProviderBridge
18:12:14,321 INFO  [RegionFactoryCacheProviderBridge] Cache provider: org.hibernate.cache.HashtableCacheProvider
18:12:14,323 INFO  [SettingsFactory] Optimize cache for minimal puts: disabled
18:12:14,323 INFO  [SettingsFactory] Cache region prefix: persistence.unit:unitName=jboss-ejb3-timerservice-mk2.jar#timerdb
18:12:14,323 INFO  [SettingsFactory] Structured second-level cache entries: disabled
18:12:14,338 INFO  [SettingsFactory] Statistics: disabled
18:12:14,338 INFO  [SettingsFactory] Deleted entity synthetic identifier rollback: disabled
18:12:14,338 INFO  [SettingsFactory] Default entity-mode: pojo
18:12:14,338 INFO  [SettingsFactory] Named query checking : enabled
18:12:14,338 INFO  [SettingsFactory] Check Nullability in Core (should be disabled when Bean Validation is on): disabled
18:12:14,393 INFO  [SessionFactoryImpl] building session factory
18:12:14,716 INFO  [SessionFactoryObjectFactory] Factory name: persistence.unit:unitName=jboss-ejb3-timerservice-mk2.jar#timerdb
18:12:14,717 INFO  [NamingHelper] JNDI InitialContext properties:{java.naming.factory.initial=org.jnp.interfaces.NamingContextFactory, java.naming.factory.url.pkgs=org.jboss.naming:org.jnp.interfaces}
18:12:14,719 INFO  [SessionFactoryObjectFactory] Bound factory to JNDI name: persistence.unit:unitName=jboss-ejb3-timerservice-mk2.jar#timerdb
18:12:14,719 WARN  [SessionFactoryObjectFactory] InitialContext did not implement EventContext
18:12:14,726 INFO  [SchemaUpdate] Running hbm2ddl schema update
18:12:14,726 INFO  [SchemaUpdate] fetching database metadata
18:12:14,740 INFO  [SchemaUpdate] updating schema
18:12:14,743 INFO  [DefaultTraversableResolver] Instantiated an instance of org.hibernate.validator.engine.resolver.JPATraversableResolver.
18:12:14,760 INFO  [DatabaseMetadata] table not found: TimeoutMethod_methodParams
18:12:14,761 INFO  [DatabaseMetadata] table not found: calendar_timer
18:12:14,762 INFO  [DatabaseMetadata] table not found: timeout_method
18:12:14,763 INFO  [DatabaseMetadata] table not found: timer
18:12:14,765 INFO  [DatabaseMetadata] table not found: TimeoutMethod_methodParams
18:12:14,766 INFO  [DatabaseMetadata] table not found: calendar_timer
18:12:14,767 INFO  [DatabaseMetadata] table not found: timeout_method
18:12:14,768 INFO  [DatabaseMetadata] table not found: timer
18:12:14,775 INFO  [SchemaUpdate] schema update complete
18:12:14,778 INFO  [NamingHelper] JNDI InitialContext properties:{java.naming.factory.initial=org.jnp.interfaces.NamingContextFactory, java.naming.factory.url.pkgs=org.jboss.naming:org.jnp.interfaces}
18:12:15,022 INFO  [ConnectionFactoryBindingService] Bound ConnectionManager 'jboss.jca:service=ConnectionFactoryBinding,name=JmsXA' to JNDI name 'java:JmsXA'
18:12:15,043 INFO  [ConnectionFactoryBindingService] Bound ConnectionManager 'jboss.jca:service=DataSourceBinding,name=mds/MDSDS' to JNDI name 'java:mds/MDSDS'
18:12:15,252 INFO  [xnio] XNIO Version 2.1.0.CR2
18:12:15,261 INFO  [nio] XNIO NIO Implementation Version 2.1.0.CR2
18:12:15,464 INFO  [remoting] JBoss Remoting version 3.1.0.Beta2
18:12:15,568 INFO  [TomcatDeployment] deploy, ctxPath=/
18:12:15,603 INFO  [TomcatDeployment] deploy, ctxPath=/cargocpc
18:12:15,675 INFO  [BeanInstantiatorDeployerBase] Installed org.jboss.ejb3.instantiator.impl.Ejb31SpecBeanInstantiator@67be00 into MC at org.jboss.ejb.bean.instantiator/mds-ear-1.3.1-SNAPSHOT/mds-biz-ejb-1.3.1-SNAPSHOT/MasterDataBean
18:12:15,676 INFO  [BeanInstantiatorDeployerBase] Installed org.jboss.ejb3.instantiator.impl.Ejb31SpecBeanInstantiator@67be00 into MC at org.jboss.ejb.bean.instantiator/mds-ear-1.3.1-SNAPSHOT/mds-biz-ejb-1.3.1-SNAPSHOT/MDDValidatorBean
18:12:15,676 INFO  [BeanInstantiatorDeployerBase] Installed org.jboss.ejb3.instantiator.impl.Ejb31SpecBeanInstantiator@67be00 into MC at org.jboss.ejb.bean.instantiator/mds-ear-1.3.1-SNAPSHOT/mds-biz-ejb-1.3.1-SNAPSHOT/RbacBean
18:12:15,677 INFO  [BeanInstantiatorDeployerBase] Installed org.jboss.ejb3.instantiator.impl.Ejb31SpecBeanInstantiator@67be00 into MC at org.jboss.ejb.bean.instantiator/mds-ear-1.3.1-SNAPSHOT/mds-biz-ejb-1.3.1-SNAPSHOT/MasterDataXMLValidatorBean
18:12:15,692 WARN  [InterceptorInfoRepository] EJBTHREE-1852: InterceptorInfoRepository is deprecated
18:12:16,551 INFO  [JBossASKernel] Created KernelDeployment for: mds-biz-ejb-1.3.1-SNAPSHOT.jar
18:12:16,554 INFO  [JBossASKernel] installing bean: jboss.j2ee:ear=mds-ear-1.3.1-SNAPSHOT.ear,jar=mds-biz-ejb-1.3.1-SNAPSHOT.jar,name=MasterDataXMLValidatorBean,service=EJB3
18:12:16,554 INFO  [JBossASKernel]   with dependencies:
18:12:16,554 INFO  [JBossASKernel]   and demands:
18:12:16,555 INFO  [JBossASKernel] 	jboss.ejb:service=EJBTimerService; Required: Described
18:12:16,555 INFO  [JBossASKernel] 	jboss-switchboard:appName=mds-ear-1.3.1-SNAPSHOT,module=mds-biz-ejb-1.3.1-SNAPSHOT,name=MasterDataXMLValidatorBean; Required: Create
18:12:16,555 INFO  [JBossASKernel]   and supplies:
18:12:16,555 INFO  [JBossASKernel] 	jndi:MasterDataXMLValidatorBean
18:12:16,555 INFO  [JBossASKernel] 	jndi:mds-ear-1.3.1-SNAPSHOT/MasterDataXMLValidatorBean/local-com.tracetracker.mds.adm.business.MasterDataXMLValidatorLocal
18:12:16,555 INFO  [JBossASKernel] 	Class:com.tracetracker.mds.adm.business.MasterDataXMLValidatorLocal
18:12:16,555 INFO  [JBossASKernel] 	jndi:mds-ear-1.3.1-SNAPSHOT/MasterDataXMLValidatorBean/local
18:12:16,586 INFO  [JBossASKernel] Added bean(jboss.j2ee:ear=mds-ear-1.3.1-SNAPSHOT.ear,jar=mds-biz-ejb-1.3.1-SNAPSHOT.jar,name=MasterDataXMLValidatorBean,service=EJB3) to KernelDeployment of: mds-biz-ejb-1.3.1-SNAPSHOT.jar
18:12:16,595 INFO  [JBossASKernel] installing bean: jboss.j2ee:ear=mds-ear-1.3.1-SNAPSHOT.ear,jar=mds-biz-ejb-1.3.1-SNAPSHOT.jar,name=MDDValidatorBean,service=EJB3
18:12:16,595 INFO  [JBossASKernel]   with dependencies:
18:12:16,595 INFO  [JBossASKernel]   and demands:
18:12:16,595 INFO  [JBossASKernel] 	jboss.ejb:service=EJBTimerService; Required: Described
18:12:16,595 INFO  [JBossASKernel] 	jboss-injector:topLevelUnit=mds-ear-1.3.1-SNAPSHOT.ear,unit=mds-biz-ejb-1.3.1-SNAPSHOT.jar,bean=MDDValidatorBean; Required: Described
18:12:16,595 INFO  [JBossASKernel] 	jboss-switchboard:appName=mds-ear-1.3.1-SNAPSHOT,module=mds-biz-ejb-1.3.1-SNAPSHOT,name=MDDValidatorBean; Required: Create
18:12:16,595 INFO  [JBossASKernel] 	persistence.unit:unitName=mds-ear-1.3.1-SNAPSHOT.ear/mds-biz-ejb-1.3.1-SNAPSHOT.jar#mdsPU; Required: Described
18:12:16,596 INFO  [JBossASKernel]   and supplies:
18:12:16,596 INFO  [JBossASKernel] 	jndi:mds-ear-1.3.1-SNAPSHOT/MDDValidatorBean/local-com.tracetracker.mds.adm.business.MDDValidatorLocal
18:12:16,596 INFO  [JBossASKernel] 	jndi:MDDValidatorBean
18:12:16,596 INFO  [JBossASKernel] 	jndi:mds-ear-1.3.1-SNAPSHOT/MDDValidatorBean/local
18:12:16,596 INFO  [JBossASKernel] 	Class:com.tracetracker.mds.adm.business.MDDValidatorLocal
18:12:16,596 INFO  [JBossASKernel] Added bean(jboss.j2ee:ear=mds-ear-1.3.1-SNAPSHOT.ear,jar=mds-biz-ejb-1.3.1-SNAPSHOT.jar,name=MDDValidatorBean,service=EJB3) to KernelDeployment of: mds-biz-ejb-1.3.1-SNAPSHOT.jar
18:12:16,597 INFO  [JBossASKernel] installing bean: jboss.j2ee:ear=mds-ear-1.3.1-SNAPSHOT.ear,jar=mds-biz-ejb-1.3.1-SNAPSHOT.jar,name=MasterDataBean,service=EJB3
18:12:16,597 INFO  [JBossASKernel]   with dependencies:
18:12:16,597 INFO  [JBossASKernel]   and demands:
18:12:16,597 INFO  [JBossASKernel] 	jboss.ejb:service=EJBTimerService; Required: Described
18:12:16,597 INFO  [JBossASKernel] 	persistence.unit:unitName=mds-ear-1.3.1-SNAPSHOT.ear/mds-biz-ejb-1.3.1-SNAPSHOT.jar#mdsPU; Required: Described
18:12:16,597 INFO  [JBossASKernel] 	jboss-switchboard:appName=mds-ear-1.3.1-SNAPSHOT,module=mds-biz-ejb-1.3.1-SNAPSHOT,name=MasterDataBean; Required: Create
18:12:16,597 INFO  [JBossASKernel] 	jboss-injector:topLevelUnit=mds-ear-1.3.1-SNAPSHOT.ear,unit=mds-biz-ejb-1.3.1-SNAPSHOT.jar,bean=MasterDataBean; Required: Described
18:12:16,597 INFO  [JBossASKernel]   and supplies:
18:12:16,597 INFO  [JBossASKernel] 	jndi:mds-ear-1.3.1-SNAPSHOT/MasterDataBean/local
18:12:16,598 INFO  [JBossASKernel] 	jndi:MasterDataBean
18:12:16,598 INFO  [JBossASKernel] 	Class:com.tracetracker.mds.adm.business.MasterDataLocal
18:12:16,598 INFO  [JBossASKernel] 	jndi:mds-ear-1.3.1-SNAPSHOT/MasterDataBean/local-com.tracetracker.mds.adm.business.MasterDataLocal
18:12:16,598 INFO  [JBossASKernel] Added bean(jboss.j2ee:ear=mds-ear-1.3.1-SNAPSHOT.ear,jar=mds-biz-ejb-1.3.1-SNAPSHOT.jar,name=MasterDataBean,service=EJB3) to KernelDeployment of: mds-biz-ejb-1.3.1-SNAPSHOT.jar
18:12:16,598 INFO  [JBossASKernel] installing bean: jboss.j2ee:ear=mds-ear-1.3.1-SNAPSHOT.ear,jar=mds-biz-ejb-1.3.1-SNAPSHOT.jar,name=RbacBean,service=EJB3
18:12:16,599 INFO  [JBossASKernel]   with dependencies:
18:12:16,599 INFO  [JBossASKernel]   and demands:
18:12:16,599 INFO  [JBossASKernel] 	jboss.ejb:service=EJBTimerService; Required: Described
18:12:16,599 INFO  [JBossASKernel] 	persistence.unit:unitName=mds-ear-1.3.1-SNAPSHOT.ear/mds-biz-ejb-1.3.1-SNAPSHOT.jar#mdsPU; Required: Described
18:12:16,599 INFO  [JBossASKernel] 	jboss-switchboard:appName=mds-ear-1.3.1-SNAPSHOT,module=mds-biz-ejb-1.3.1-SNAPSHOT,name=RbacBean; Required: Create
18:12:16,599 INFO  [JBossASKernel] 	jboss-injector:topLevelUnit=mds-ear-1.3.1-SNAPSHOT.ear,unit=mds-biz-ejb-1.3.1-SNAPSHOT.jar,bean=RbacBean; Required: Described
18:12:16,599 INFO  [JBossASKernel]   and supplies:
18:12:16,599 INFO  [JBossASKernel] 	jndi:RbacBean
18:12:16,599 INFO  [JBossASKernel] 	Class:com.tracetracker.mds.adm.business.RbacLocal
18:12:16,599 INFO  [JBossASKernel] 	jndi:mds-ear-1.3.1-SNAPSHOT/RbacBean/local
18:12:16,599 INFO  [JBossASKernel] 	jndi:mds-ear-1.3.1-SNAPSHOT/RbacBean/local-com.tracetracker.mds.adm.business.RbacLocal
18:12:16,600 INFO  [JBossASKernel] Added bean(jboss.j2ee:ear=mds-ear-1.3.1-SNAPSHOT.ear,jar=mds-biz-ejb-1.3.1-SNAPSHOT.jar,name=RbacBean,service=EJB3) to KernelDeployment of: mds-biz-ejb-1.3.1-SNAPSHOT.jar
18:12:18,202 INFO  [PersistenceUnitDeployment] Starting persistence unit persistence.unit:unitName=mds-ear-1.3.1-SNAPSHOT.ear/mds-biz-ejb-1.3.1-SNAPSHOT.jar#mdsPU
18:12:18,204 INFO  [Ejb3Configuration] Processing PersistenceUnitInfo [
	name: mdsPU
	...]
18:12:18,206 WARN  [Ejb3Configuration] Persistence provider caller does not implement the EJB3 spec correctly.PersistenceUnitInfo.getNewTempClassLoader() is null.
18:12:18,353 INFO  [HbmBinder] Mapping class: com.tracetracker.mds.adm.domain.VocabularyElement -> VocabularyElement
18:12:18,379 INFO  [HbmBinder] Mapping collection: com.tracetracker.mds.adm.domain.VocabularyElement.children -> VocabularyElementChildren
18:12:18,379 INFO  [HbmBinder] Mapping class: com.tracetracker.mds.adm.domain.Attribute -> Attribute
18:12:18,380 INFO  [HbmBinder] Mapping collection: com.tracetracker.mds.adm.domain.Attribute.extensionAttributes -> Attribute_Attr
18:12:18,381 INFO  [HbmBinder] Mapping class: com.tracetracker.mds.adm.domain.Rbac -> Rbac
18:12:18,394 INFO  [HbmBinder] Mapping class: com.tracetracker.mds.adm.domain.Vocabulary -> Vocabulary
18:12:18,394 INFO  [AnnotationBinder] Binding entity from annotated class: com.tracetracker.mds.adm.domain.MDDLob
18:12:18,395 INFO  [EntityBinder] Bind entity com.tracetracker.mds.adm.domain.MDDLob on table MDDLob
18:12:18,395 INFO  [HbmBinder] Mapping collection: com.tracetracker.mds.adm.domain.VocabularyElement.attributes -> Attribute
18:12:18,402 INFO  [DefaultTraversableResolver] Instantiated an instance of org.hibernate.validator.engine.resolver.JPATraversableResolver.
18:12:18,421 INFO  [DefaultTraversableResolver] Instantiated an instance of org.hibernate.validator.engine.resolver.JPATraversableResolver.
18:12:18,423 INFO  [DefaultTraversableResolver] Instantiated an instance of org.hibernate.validator.engine.resolver.JPATraversableResolver.
18:12:18,424 INFO  [HibernateSearchEventListenerRegister] Unable to find org.hibernate.search.event.FullTextIndexEventListener on the classpath. Hibernate Search is not enabled.
18:12:18,425 INFO  [ConnectionProviderFactory] Initializing connection provider: org.hibernate.ejb.connection.InjectedDataSourceConnectionProvider
18:12:18,425 INFO  [InjectedDataSourceConnectionProvider] Using provided datasource
18:12:18,646 INFO  [SettingsFactory] Database ->
       name : PostgreSQL
    version : 8.4.7
      major : 8
      minor : 4
18:12:18,646 INFO  [SettingsFactory] Driver ->
       name : PostgreSQL Native Driver
    version : PostgreSQL 8.3 JDBC3 with SSL (build 603)
      major : 8
      minor : 3
18:12:18,647 INFO  [Dialect] Using dialect: com.tracetracker.mds.adm.da.hibernate.MDSPostgreSQLDialect
18:12:18,657 ERROR [AbstractKernelController] Error installing to Start: name=persistence.unit:unitName=mds-ear-1.3.1-SNAPSHOT.ear/mds-biz-ejb-1.3.1-SNAPSHOT.jar#mdsPU state=Create: java.lang.NoSuchFieldError: INTEGER
	at com.tracetracker.mds.adm.da.hibernate.MDSPostgreSQLDialect.<init>(MDSPostgreSQLDialect.java:25)
	at sun.reflect.NativeConstructorAccessorImpl.newInstance0(Native Method) [:1.6.0_23]
	at sun.reflect.NativeConstructorAccessorImpl.newInstance(NativeConstructorAccessorImpl.java:39) [:1.6.0_23]
	at sun.reflect.DelegatingConstructorAccessorImpl.newInstance(DelegatingConstructorAccessorImpl.java:27) [:1.6.0_23]
	at java.lang.reflect.Constructor.newInstance(Constructor.java:513) [:1.6.0_23]
	at java.lang.Class.newInstance0(Class.java:355) [:1.6.0_23]
	at java.lang.Class.newInstance(Class.java:308) [:1.6.0_23]
	at org.hibernate.dialect.resolver.DialectFactory.constructDialect(DialectFactory.java:156) [:3.6.0.Final]
	at org.hibernate.dialect.resolver.DialectFactory.buildDialect(DialectFactory.java:99) [:3.6.0.Final]
	at org.hibernate.cfg.SettingsFactory.buildSettings(SettingsFactory.java:130) [:3.6.0.Final]
	at org.hibernate.cfg.Configuration.buildSettingsInternal(Configuration.java:2833) [:3.6.0.Final]
	at org.hibernate.cfg.Configuration.buildSettings(Configuration.java:2829) [:3.6.0.Final]
	at org.hibernate.cfg.Configuration.buildSessionFactory(Configuration.java:1840) [:3.6.0.Final]
	at org.hibernate.ejb.Ejb3Configuration.buildEntityManagerFactory(Ejb3Configuration.java:902) [:3.6.0.Final]
	at org.hibernate.ejb.HibernatePersistence.createContainerEntityManagerFactory(HibernatePersistence.java:74) [:3.6.0.Final]
	at org.jboss.jpa.builder.DefaultCEMFBuilder.build(DefaultCEMFBuilder.java:47) [:1.0.2-alpha-3]
	at org.jboss.as.jpa.scanner.HackCEMFBuilder.build(HackCEMFBuilder.java:49) [:6.0.0.Final]
	at org.jboss.jpa.deployment.PersistenceUnitDeployment.start(PersistenceUnitDeployment.java:275) [:1.0.2-alpha-3]
	at sun.reflect.NativeMethodAccessorImpl.invoke0(Native Method) [:1.6.0_23]
	at sun.reflect.NativeMethodAccessorImpl.invoke(NativeMethodAccessorImpl.java:39) [:1.6.0_23]
	at sun.reflect.DelegatingMethodAccessorImpl.invoke(DelegatingMethodAccessorImpl.java:25) [:1.6.0_23]
	at java.lang.reflect.Method.invoke(Method.java:597) [:1.6.0_23]
	at org.jboss.reflect.plugins.introspection.ReflectionUtils.invoke(ReflectionUtils.java:60) [jboss-reflect.jar:2.2.0.GA]
	at org.jboss.reflect.plugins.introspection.ReflectMethodInfoImpl.invoke(ReflectMethodInfoImpl.java:168) [jboss-reflect.jar:2.2.0.GA]
	at org.jboss.joinpoint.plugins.BasicMethodJoinPoint.dispatch(BasicMethodJoinPoint.java:66) [jboss-reflect.jar:2.2.0.GA]
	at org.jboss.kernel.plugins.dependency.KernelControllerContextAction$JoinpointDispatchWrapper.execute(KernelControllerContextAction.java:257) [jboss-kernel.jar:2.2.0.GA]
	at org.jboss.kernel.plugins.dependency.ExecutionWrapper.execute(ExecutionWrapper.java:47) [jboss-kernel.jar:2.2.0.GA]
	at org.jboss.kernel.plugins.dependency.KernelControllerContextAction.dispatchExecutionWrapper(KernelControllerContextAction.java:125) [jboss-kernel.jar:2.2.0.GA]
	at org.jboss.kernel.plugins.dependency.KernelControllerContextAction.dispatchJoinPoint(KernelControllerContextAction.java:72) [jboss-kernel.jar:2.2.0.GA]
	at org.jboss.kernel.plugins.dependency.LifecycleAction.installActionInternal(LifecycleAction.java:202) [jboss-kernel.jar:2.2.0.GA]
	at org.jboss.kernel.plugins.dependency.InstallsAwareAction.installAction(InstallsAwareAction.java:54) [jboss-kernel.jar:2.2.0.GA]
	at org.jboss.kernel.plugins.dependency.InstallsAwareAction.installAction(InstallsAwareAction.java:42) [jboss-kernel.jar:2.2.0.GA]
	at org.jboss.dependency.plugins.action.SimpleControllerContextAction.simpleInstallAction(SimpleControllerContextAction.java:62) [jboss-dependency.jar:2.2.0.GA]
	at org.jboss.dependency.plugins.action.AccessControllerContextAction.install(AccessControllerContextAction.java:71) [jboss-dependency.jar:2.2.0.GA]
	at org.jboss.dependency.plugins.AbstractControllerContextActions.install(AbstractControllerContextActions.java:51) [jboss-dependency.jar:2.2.0.GA]
	at org.jboss.dependency.plugins.AbstractControllerContext.install(AbstractControllerContext.java:379) [jboss-dependency.jar:2.2.0.GA]
	at org.jboss.dependency.plugins.AbstractController.install(AbstractController.java:2044) [jboss-dependency.jar:2.2.0.GA]
	at org.jboss.dependency.plugins.AbstractController.incrementState(AbstractController.java:1083) [jboss-dependency.jar:2.2.0.GA]
	at org.jboss.dependency.plugins.AbstractController.executeOrIncrementStateDirectly(AbstractController.java:1322) [jboss-dependency.jar:2.2.0.GA]
	at org.jboss.dependency.plugins.AbstractController.resolveContexts(AbstractController.java:1246) [jboss-dependency.jar:2.2.0.GA]
	at org.jboss.dependency.plugins.AbstractController.resolveContexts(AbstractController.java:1139) [jboss-dependency.jar:2.2.0.GA]
	at org.jboss.dependency.plugins.AbstractController.install(AbstractController.java:894) [jboss-dependency.jar:2.2.0.GA]
	at org.jboss.dependency.plugins.AbstractController.install(AbstractController.java:641) [jboss-dependency.jar:2.2.0.GA]
	at org.jboss.deployers.vfs.deployer.kernel.BeanMetaDataDeployer.deploy(BeanMetaDataDeployer.java:182) [:2.2.0.GA]
	at org.jboss.deployers.vfs.deployer.kernel.BeanMetaDataDeployer.deploy(BeanMetaDataDeployer.java:58) [:2.2.0.GA]
	at org.jboss.deployers.spi.deployer.helpers.AbstractSimpleRealDeployer.internalDeploy(AbstractSimpleRealDeployer.java:62) [:2.2.0.GA]
	at org.jboss.deployers.spi.deployer.helpers.AbstractRealDeployer.deploy(AbstractRealDeployer.java:55) [:2.2.0.GA]
	at org.jboss.deployers.plugins.deployers.DeployerWrapper.deploy(DeployerWrapper.java:179) [:2.2.0.GA]
	at org.jboss.deployers.plugins.deployers.DeployersImpl.doDeploy(DeployersImpl.java:1832) [:2.2.0.GA]
	at org.jboss.deployers.plugins.deployers.DeployersImpl.doInstallParentFirst(DeployersImpl.java:1550) [:2.2.0.GA]
	at org.jboss.deployers.plugins.deployers.DeployersImpl.doInstallParentFirst(DeployersImpl.java:1571) [:2.2.0.GA]
	at org.jboss.deployers.plugins.deployers.DeployersImpl.doInstallParentFirst(DeployersImpl.java:1603) [:2.2.0.GA]
	at org.jboss.deployers.plugins.deployers.DeployersImpl.install(DeployersImpl.java:1491) [:2.2.0.GA]
	at org.jboss.dependency.plugins.AbstractControllerContext.install(AbstractControllerContext.java:379) [jboss-dependency.jar:2.2.0.GA]
	at org.jboss.dependency.plugins.AbstractController.install(AbstractController.java:2044) [jboss-dependency.jar:2.2.0.GA]
	at org.jboss.dependency.plugins.AbstractController.incrementState(AbstractController.java:1083) [jboss-dependency.jar:2.2.0.GA]
	at org.jboss.dependency.plugins.AbstractController.executeOrIncrementStateDirectly(AbstractController.java:1322) [jboss-dependency.jar:2.2.0.GA]
	at org.jboss.dependency.plugins.AbstractController.resolveContexts(AbstractController.java:1246) [jboss-dependency.jar:2.2.0.GA]
	at org.jboss.dependency.plugins.AbstractController.resolveContexts(AbstractController.java:1139) [jboss-dependency.jar:2.2.0.GA]
	at org.jboss.dependency.plugins.AbstractController.change(AbstractController.java:939) [jboss-dependency.jar:2.2.0.GA]
	at org.jboss.dependency.plugins.AbstractController.change(AbstractController.java:654) [jboss-dependency.jar:2.2.0.GA]
	at org.jboss.deployers.plugins.deployers.DeployersImpl.change(DeployersImpl.java:1983) [:2.2.0.GA]
	at org.jboss.deployers.plugins.deployers.DeployersImpl.process(DeployersImpl.java:1076) [:2.2.0.GA]
	at org.jboss.deployers.plugins.main.MainDeployerImpl.process(MainDeployerImpl.java:679) [:2.2.0.GA]
	at org.jboss.system.server.profileservice.deployers.MainDeployerPlugin.process(MainDeployerPlugin.java:106) [:6.0.0.Final]
	at org.jboss.profileservice.dependency.ProfileControllerContext$DelegateDeployer.process(ProfileControllerContext.java:143) [:0.2.2]
	at org.jboss.profileservice.dependency.ProfileDeployAction.deploy(ProfileDeployAction.java:151) [:0.2.2]
	at org.jboss.profileservice.dependency.ProfileDeployAction.installActionInternal(ProfileDeployAction.java:94) [:0.2.2]
	at org.jboss.kernel.plugins.dependency.InstallsAwareAction.installAction(InstallsAwareAction.java:54) [jboss-kernel.jar:2.2.0.GA]
	at org.jboss.kernel.plugins.dependency.InstallsAwareAction.installAction(InstallsAwareAction.java:42) [jboss-kernel.jar:2.2.0.GA]
	at org.jboss.dependency.plugins.action.SimpleControllerContextAction.simpleInstallAction(SimpleControllerContextAction.java:62) [jboss-dependency.jar:2.2.0.GA]
	at org.jboss.dependency.plugins.action.AccessControllerContextAction.install(AccessControllerContextAction.java:71) [jboss-dependency.jar:2.2.0.GA]
	at org.jboss.dependency.plugins.AbstractControllerContextActions.install(AbstractControllerContextActions.java:51) [jboss-dependency.jar:2.2.0.GA]
	at org.jboss.dependency.plugins.AbstractControllerContext.install(AbstractControllerContext.java:379) [jboss-dependency.jar:2.2.0.GA]
	at org.jboss.dependency.plugins.AbstractController.install(AbstractController.java:2044) [jboss-dependency.jar:2.2.0.GA]
	at org.jboss.dependency.plugins.AbstractController.incrementState(AbstractController.java:1083) [jboss-dependency.jar:2.2.0.GA]
	at org.jboss.dependency.plugins.AbstractController.executeOrIncrementStateDirectly(AbstractController.java:1322) [jboss-dependency.jar:2.2.0.GA]
	at org.jboss.dependency.plugins.AbstractController.resolveContexts(AbstractController.java:1246) [jboss-dependency.jar:2.2.0.GA]
	at org.jboss.dependency.plugins.AbstractController.resolveContexts(AbstractController.java:1139) [jboss-dependency.jar:2.2.0.GA]
	at org.jboss.dependency.plugins.AbstractController.change(AbstractController.java:939) [jboss-dependency.jar:2.2.0.GA]
	at org.jboss.dependency.plugins.AbstractController.change(AbstractController.java:654) [jboss-dependency.jar:2.2.0.GA]
	at org.jboss.profileservice.dependency.ProfileActivationWrapper$BasicProfileActivation.start(ProfileActivationWrapper.java:190) [:0.2.2]
	at org.jboss.profileservice.dependency.ProfileActivationWrapper.start(ProfileActivationWrapper.java:87) [:0.2.2]
	at org.jboss.profileservice.dependency.ProfileActivationService.activateProfile(ProfileActivationService.java:215) [:0.2.2]
	at org.jboss.profileservice.dependency.ProfileActivationService.activate(ProfileActivationService.java:159) [:0.2.2]
	at org.jboss.profileservice.bootstrap.AbstractProfileServiceBootstrap.activate(AbstractProfileServiceBootstrap.java:112) [:0.2.2]
	at org.jboss.profileservice.resolver.BasicResolverFactory$ProfileResolverFacade.deploy(BasicResolverFactory.java:87) [:0.2.2]
	at org.jboss.profileservice.bootstrap.AbstractProfileServiceBootstrap.start(AbstractProfileServiceBootstrap.java:91) [:0.2.2]
	at org.jboss.system.server.profileservice.bootstrap.BasicProfileServiceBootstrap.start(BasicProfileServiceBootstrap.java:132) [:6.0.0.Final]
	at org.jboss.system.server.profileservice.bootstrap.BasicProfileServiceBootstrap.start(BasicProfileServiceBootstrap.java:56) [:6.0.0.Final]
	at org.jboss.bootstrap.impl.base.server.AbstractServer.startBootstraps(AbstractServer.java:827) [jboss-bootstrap-impl-base.jar:2.1.0-alpha-5]
	at org.jboss.bootstrap.impl.base.server.AbstractServer$StartServerTask.run(AbstractServer.java:417) [jboss-bootstrap-impl-base.jar:2.1.0-alpha-5]
	at java.lang.Thread.run(Thread.java:662) [:1.6.0_23]

18:12:18,687 INFO  [SessionSpecContainer] Starting jboss.j2ee:ear=mds-ear-1.3.1-SNAPSHOT.ear,jar=mds-biz-ejb-1.3.1-SNAPSHOT.jar,name=MasterDataXMLValidatorBean,service=EJB3
18:12:18,705 INFO  [EJBContainer] STARTED EJB: com.tracetracker.mds.adm.business.MasterDataXMLValidatorBean ejbName: MasterDataXMLValidatorBean
18:12:18,743 INFO  [JndiSessionRegistrarBase] Binding the following Entries in Global JNDI:

	mds-ear-1.3.1-SNAPSHOT/MasterDataXMLValidatorBean/local - EJB3.x Default Local Business Interface
	mds-ear-1.3.1-SNAPSHOT/MasterDataXMLValidatorBean/local-com.tracetracker.mds.adm.business.MasterDataXMLValidatorLocal - EJB3.x Local Business Interface

18:12:18,748 WARN  [TimerServiceContainer] EJBTHREE-2193: using deprecated TimerServiceFactory for restoring timers
18:12:19,197 INFO  [service] Removing bootstrap log handlers
18:12:37,071 INFO  [service] Restored bootstrap log handlers
18:12:37,092 INFO  [SessionSpecContainer] Stopping jboss.j2ee:ear=mds-ear-1.3.1-SNAPSHOT.ear,jar=mds-biz-ejb-1.3.1-SNAPSHOT.jar,name=MasterDataXMLValidatorBean,service=EJB3
18:12:37,101 INFO  [EJBContainer] STOPPED EJB: com.tracetracker.mds.adm.business.MasterDataXMLValidatorBean ejbName: MasterDataXMLValidatorBean
18:12:37,133 INFO  [BeanInstantiatorDeployerBase] Uninstalled org.jboss.ejb3.instantiator.impl.Ejb31SpecBeanInstantiator@67be00 from MC at org.jboss.ejb.bean.instantiator/mds-ear-1.3.1-SNAPSHOT/mds-biz-ejb-1.3.1-SNAPSHOT/MasterDataBean
18:12:37,134 INFO  [BeanInstantiatorDeployerBase] Uninstalled org.jboss.ejb3.instantiator.impl.Ejb31SpecBeanInstantiator@67be00 from MC at org.jboss.ejb.bean.instantiator/mds-ear-1.3.1-SNAPSHOT/mds-biz-ejb-1.3.1-SNAPSHOT/MDDValidatorBean
18:12:37,135 INFO  [BeanInstantiatorDeployerBase] Uninstalled org.jboss.ejb3.instantiator.impl.Ejb31SpecBeanInstantiator@67be00 from MC at org.jboss.ejb.bean.instantiator/mds-ear-1.3.1-SNAPSHOT/mds-biz-ejb-1.3.1-SNAPSHOT/RbacBean
18:12:37,135 INFO  [BeanInstantiatorDeployerBase] Uninstalled org.jboss.ejb3.instantiator.impl.Ejb31SpecBeanInstantiator@67be00 from MC at org.jboss.ejb.bean.instantiator/mds-ear-1.3.1-SNAPSHOT/mds-biz-ejb-1.3.1-SNAPSHOT/MasterDataXMLValidatorBean
18:12:37,137 INFO  [TomcatDeployment] undeploy, ctxPath=/cargocpc
18:12:37,162 INFO  [TomcatDeployment] undeploy, ctxPath=/
18:12:37,211 INFO  [ConnectionFactoryBindingService] Unbound ConnectionManager 'jboss.jca:service=DataSourceBinding,name=mds/MDSDS' from JNDI name 'java:mds/MDSDS'
18:12:37,233 INFO  [ConnectionFactoryBindingService] Unbound ConnectionManager 'jboss.jca:service=ConnectionFactoryBinding,name=JmsXA' from JNDI name 'java:JmsXA'
18:12:37,247 INFO  [PersistenceUnitDeployment] Stopping persistence unit persistence.unit:unitName=jboss-ejb3-timerservice-mk2.jar#timerdb
18:12:37,249 INFO  [SessionFactoryImpl] closing
18:12:37,252 INFO  [SessionFactoryObjectFactory] Unbinding factory from JNDI name: persistence.unit:unitName=jboss-ejb3-timerservice-mk2.jar#timerdb
18:12:37,252 INFO  [NamingHelper] JNDI InitialContext properties:{java.naming.factory.initial=org.jnp.interfaces.NamingContextFactory, java.naming.factory.url.pkgs=org.jboss.naming:org.jnp.interfaces}
18:12:37,252 INFO  [SessionFactoryObjectFactory] Unbound factory from JNDI name: persistence.unit:unitName=jboss-ejb3-timerservice-mk2.jar#timerdb
18:12:37,255 INFO  [ConnectionFactoryBindingService] Unbound ConnectionManager 'jboss.jca:service=DataSourceBinding,name=DefaultDS' from JNDI name 'java:DefaultDS'
18:12:37,419 INFO  [HypersonicDatabase] Database standalone closed clean
18:12:37,422 INFO  [QuartzScheduler] Scheduler JBossQuartzScheduler_$_NON_CLUSTERED shutting down.
18:12:37,422 INFO  [QuartzScheduler] Scheduler JBossQuartzScheduler_$_NON_CLUSTERED paused.
18:12:37,423 INFO  [QuartzScheduler] Scheduler JBossQuartzScheduler_$_NON_CLUSTERED shutdown complete.
18:12:37,430 INFO  [HornetQResourceAdapter] HornetQ resource adapter stopped
18:12:37,465 INFO  [TomcatDeployment] undeploy, ctxPath=/invoker
18:12:37,475 INFO  [jbossatx] ARJUNA-32018 Destroying TransactionManagerService
18:12:37,480 INFO  [jbossatx] ARJUNA-32014 Stopping transaction recovery manager
18:12:37,559 INFO  [HornetQServerImpl] HornetQ Server version 2.1.2.Final (Colmeia, 120) stopped
18:12:37,647 INFO  [MailService] Mail service 'java:/Mail' removed from JNDI
18:12:37,663 INFO  [JMXConnector] JMXConnector stopped
18:12:39,398 INFO  [AbstractServer] Stopped: JBossAS [6.0.0.Final "Neo"] in 2s:446ms
