2023-01-04T10:49:05.079+01:00 TRACE 11422 --- [inWS-ReadThread] org.hibernate.orm.results                : Registering initializer : EmbeddableFetchInitializer(be.duncanc.discordmodbot.data.entities.GuildWarnPoints.{id}) : `class be.duncanc.discordmodbot.data.entities.GuildWarnPoints`
2023-01-04T10:49:05.080+01:00 TRACE 11422 --- [inWS-ReadThread] org.hibernate.orm.results                : Registering initializer : EmbeddableFetchInitializer(be.duncanc.discordmodbot.data.entities.GuildWarnPoints.{id}) : `class be.duncanc.discordmodbot.data.entities.GuildWarnPoints`
2023-01-04T10:49:05.081+01:00 TRACE 11422 --- [inWS-ReadThread] org.hibernate.orm.results                : Registering initializer : EmbeddableResultInitializer(be.duncanc.discordmodbot.data.entities.GuildWarnPoints.points.{fk-target})
2023-01-04T10:49:05.081+01:00 TRACE 11422 --- [inWS-ReadThread] org.hibernate.orm.results                : Registering initializer : EmbeddableResultInitializer(be.duncanc.discordmodbot.data.entities.GuildWarnPoints.points.{fk})
2023-01-04T10:49:05.083+01:00 TRACE 11422 --- [inWS-ReadThread] org.hibernate.orm.results                : Registering initializer : EntityJoinedFetchInitializer(be.duncanc.discordmodbot.data.entities.GuildWarnPoints.points.{element})
2023-01-04T10:49:05.084+01:00 TRACE 11422 --- [inWS-ReadThread] org.hibernate.orm.results                : Registering initializer : SetInitializer(be.duncanc.discordmodbot.data.entities.GuildWarnPoints.points)
2023-01-04T10:49:05.085+01:00 TRACE 11422 --- [inWS-ReadThread] org.hibernate.orm.results                : Registering initializer : EntityResultInitializer(be.duncanc.discordmodbot.data.entities.GuildWarnPoints)
2023-01-04T10:49:05.085+01:00 DEBUG 11422 --- [inWS-ReadThread] org.hibernate.orm.results                : Initializer list
2023-01-04T10:49:05.085+01:00 DEBUG 11422 --- [inWS-ReadThread] org.hibernate.orm.results                :     be.duncanc.discordmodbot.data.entities.GuildWarnPoints.{id} -> EmbeddableFetchInitializer(be.duncanc.discordmodbot.data.entities.GuildWarnPoints.{id}) : `class be.duncanc.discordmodbot.data.entities.GuildWarnPoints`@1549132441 (EmbeddedAttributeMapping(NavigableRole[be.duncanc.discordmodbot.data.entities.GuildWarnPoints])@96512063)
2023-01-04T10:49:05.085+01:00 DEBUG 11422 --- [inWS-ReadThread] org.hibernate.orm.results                :     be.duncanc.discordmodbot.data.entities.GuildWarnPoints.points.{fk-target} -> EmbeddableResultInitializer(be.duncanc.discordmodbot.data.entities.GuildWarnPoints.points.{fk-target})@1058378418 (org.hibernate.metamodel.mapping.internal.NonAggregatedIdentifierMappingImpl@1a6cffa0)
2023-01-04T10:49:05.085+01:00 DEBUG 11422 --- [inWS-ReadThread] org.hibernate.orm.results                :     be.duncanc.discordmodbot.data.entities.GuildWarnPoints.points.{fk} -> EmbeddableResultInitializer(be.duncanc.discordmodbot.data.entities.GuildWarnPoints.points.{fk})@1776191326 (EmbeddedAttributeMapping(NavigableRole[be.duncanc.discordmodbot.data.entities.GuildWarnPoints.{id}])@1776245514)
2023-01-04T10:49:05.085+01:00 DEBUG 11422 --- [inWS-ReadThread] org.hibernate.orm.results                :     be.duncanc.discordmodbot.data.entities.GuildWarnPoints.points.{element} -> EntityJoinedFetchInitializer(be.duncanc.discordmodbot.data.entities.GuildWarnPoints.points.{element})@2051851393 (EntityCollectionPart(NavigableRole[be.duncanc.discordmodbot.data.entities.GuildWarnPoints.points#{element}])@119584151)
2023-01-04T10:49:05.085+01:00 DEBUG 11422 --- [inWS-ReadThread] org.hibernate.orm.results                :     be.duncanc.discordmodbot.data.entities.GuildWarnPoints.points -> SetInitializer(be.duncanc.discordmodbot.data.entities.GuildWarnPoints.points)@442050138 (PluralAttribute(be.duncanc.discordmodbot.data.entities.GuildWarnPoints.points))
2023-01-04T10:49:05.085+01:00 DEBUG 11422 --- [inWS-ReadThread] org.hibernate.orm.results                :     be.duncanc.discordmodbot.data.entities.GuildWarnPoints -> EntityResultInitializer(be.duncanc.discordmodbot.data.entities.GuildWarnPoints)@156055824 (SingleTableEntityPersister(be.duncanc.discordmodbot.data.entities.GuildWarnPoints))
2023-01-04T10:49:05.085+01:00 DEBUG 11422 --- [inWS-ReadThread] org.hibernate.SQL                        : select g1_0.guild_id,g1_0.user_id,p1_0.guild_warn_points_user_id,p1_0.guild_warn_points_guild_id,p1_1.id,p1_1.creation_date,p1_1.creator_id,p1_1.expire_date,p1_1.points,p1_1.reason from guild_warn_points g1_0 left join (user_has_warn_points p1_0 join user_warn_points p1_1 on p1_1.id=p1_0.points_id) on g1_0.guild_id=p1_0.guild_warn_points_user_id and g1_0.user_id=p1_0.guild_warn_points_guild_id where (g1_0.guild_id,g1_0.user_id) in((?,?))
2023-01-04T10:49:05.088+01:00 TRACE 11422 --- [inWS-ReadThread] org.hibernate.orm.jdbc.bind              : binding parameter [1] as [BIGINT] - [160450060436504578]
2023-01-04T10:49:05.088+01:00 TRACE 11422 --- [inWS-ReadThread] org.hibernate.orm.jdbc.bind              : binding parameter [2] as [BIGINT] - [316924712703754240]
2023-01-04T10:49:10.179+01:00 DEBUG 11422 --- [inWS-ReadThread] org.hibernate.orm.sql.ast.create         : Created new SQL alias : g1_0
2023-01-04T10:49:10.179+01:00 DEBUG 11422 --- [inWS-ReadThread] org.hibernate.orm.sql.ast.create         : Registration of TableGroup [StandardTableGroup(be.duncanc.discordmodbot.data.entities.GuildWarnPoints)] with identifierForTableGroup [be.duncanc.discordmodbot.data.entities.GuildWarnPoints] for NavigablePath [be.duncanc.discordmodbot.data.entities.GuildWarnPoints] 
2023-01-04T10:49:10.179+01:00 DEBUG 11422 --- [inWS-ReadThread] org.hibernate.orm.sql.ast.create         : Registration of TableGroup [StandardVirtualTableGroup(be.duncanc.discordmodbot.data.entities.GuildWarnPoints.{id})] with identifierForTableGroup [be.duncanc.discordmodbot.data.entities.GuildWarnPoints.{id}] for NavigablePath [be.duncanc.discordmodbot.data.entities.GuildWarnPoints.{id}] 
2023-01-04T10:49:10.180+01:00 DEBUG 11422 --- [inWS-ReadThread] org.hibernate.orm.sql.ast.create         : Created new SQL alias : p1_0
2023-01-04T10:49:10.180+01:00 DEBUG 11422 --- [inWS-ReadThread] org.hibernate.orm.sql.ast.create         : Registration of TableGroup [CollectionTableGroup(be.duncanc.discordmodbot.data.entities.GuildWarnPoints.points)] with identifierForTableGroup [be.duncanc.discordmodbot.data.entities.GuildWarnPoints.points] for NavigablePath [be.duncanc.discordmodbot.data.entities.GuildWarnPoints.points] 
2023-01-04T10:49:10.180+01:00 DEBUG 11422 --- [inWS-ReadThread] org.hibernate.orm.sql.ast.create         : Registration of TableGroup [StandardVirtualTableGroup(be.duncanc.discordmodbot.data.entities.GuildWarnPoints.points.{fk-target})] with identifierForTableGroup [be.duncanc.discordmodbot.data.entities.GuildWarnPoints.points.{fk-target}] for NavigablePath [be.duncanc.discordmodbot.data.entities.GuildWarnPoints.points.{fk-target}] 
2023-01-04T10:49:10.180+01:00 DEBUG 11422 --- [inWS-ReadThread] org.hibernate.orm.sql.ast.create         : Registration of TableGroup [StandardVirtualTableGroup(be.duncanc.discordmodbot.data.entities.GuildWarnPoints.points.{fk})] with identifierForTableGroup [be.duncanc.discordmodbot.data.entities.GuildWarnPoints.points.{fk}] for NavigablePath [be.duncanc.discordmodbot.data.entities.GuildWarnPoints.points.{fk}] 
2023-01-04T10:49:10.180+01:00 DEBUG 11422 --- [inWS-ReadThread] org.hibernate.orm.sql.ast.create         : Registration of TableGroup [org.hibernate.sql.ast.tree.from.LazyTableGroup@420c5843] with identifierForTableGroup [be.duncanc.discordmodbot.data.entities.GuildWarnPoints.points.{element}] for NavigablePath [be.duncanc.discordmodbot.data.entities.GuildWarnPoints.points.{element}] 
2023-01-04T10:49:10.180+01:00 DEBUG 11422 --- [inWS-ReadThread] org.hibernate.orm.sql.ast.create         : Created new SQL alias : p1_1
2023-01-04T10:49:10.181+01:00 DEBUG 11422 --- [inWS-ReadThread] org.hibernate.orm.results.graph.AST      : DomainResult Graph:
 \-EntityResultImpl [be.duncanc.discordmodbot.data.entities.GuildWarnPoints]
 |  +-EmbeddableFetchImpl [be.duncanc.discordmodbot.data.entities.GuildWarnPoints.{id}]
 |  |  +-BasicFetch [be.duncanc.discordmodbot.data.entities.GuildWarnPoints.{id}.guildId]
 |  |  \-BasicFetch [be.duncanc.discordmodbot.data.entities.GuildWarnPoints.{id}.userId]
 |  \-EagerCollectionFetch [be.duncanc.discordmodbot.data.entities.GuildWarnPoints.points]
 |  |  \-EntityFetchJoinedImpl [be.duncanc.discordmodbot.data.entities.GuildWarnPoints.points.{element}]

2023-01-04T10:49:10.181+01:00 TRACE 11422 --- [inWS-ReadThread] org.hibernate.orm.results.graph.AST      : Stack trace calling DomainResultGraphPrinter

java.lang.Exception: null
	at org.hibernate.sql.results.graph.DomainResultGraphPrinter.visitDomainResults(DomainResultGraphPrinter.java:72) ~[hibernate-core-6.1.6.Final.jar:6.1.6.Final]
	at org.hibernate.sql.results.graph.DomainResultGraphPrinter.logDomainResultGraph(DomainResultGraphPrinter.java:48) ~[hibernate-core-6.1.6.Final.jar:6.1.6.Final]
	at org.hibernate.sql.results.graph.DomainResultGraphPrinter.logDomainResultGraph(DomainResultGraphPrinter.java:39) ~[hibernate-core-6.1.6.Final.jar:6.1.6.Final]
	at org.hibernate.sql.ast.spi.AbstractSqlAstTranslator.translateSelect(AbstractSqlAstTranslator.java:704) ~[hibernate-core-6.1.6.Final.jar:6.1.6.Final]
	at org.hibernate.sql.ast.spi.AbstractSqlAstTranslator.translate(AbstractSqlAstTranslator.java:645) ~[hibernate-core-6.1.6.Final.jar:6.1.6.Final]
	at org.hibernate.loader.ast.internal.SingleIdLoadPlan.<init>(SingleIdLoadPlan.java:67) ~[hibernate-core-6.1.6.Final.jar:6.1.6.Final]
	at org.hibernate.loader.ast.internal.SingleIdEntityLoaderStandardImpl.createLoadPlan(SingleIdEntityLoaderStandardImpl.java:195) ~[hibernate-core-6.1.6.Final.jar:6.1.6.Final]
	at org.hibernate.loader.ast.internal.SingleIdEntityLoaderStandardImpl.resolveLoadPlan(SingleIdEntityLoaderStandardImpl.java:120) ~[hibernate-core-6.1.6.Final.jar:6.1.6.Final]
	at org.hibernate.loader.ast.internal.SingleIdEntityLoaderStandardImpl.load(SingleIdEntityLoaderStandardImpl.java:66) ~[hibernate-core-6.1.6.Final.jar:6.1.6.Final]
	at org.hibernate.persister.entity.AbstractEntityPersister.doLoad(AbstractEntityPersister.java:4401) ~[hibernate-core-6.1.6.Final.jar:6.1.6.Final]
	at org.hibernate.persister.entity.AbstractEntityPersister.load(AbstractEntityPersister.java:4391) ~[hibernate-core-6.1.6.Final.jar:6.1.6.Final]
	at org.hibernate.event.internal.DefaultLoadEventListener.loadFromDatasource(DefaultLoadEventListener.java:597) ~[hibernate-core-6.1.6.Final.jar:6.1.6.Final]
	at org.hibernate.event.internal.DefaultLoadEventListener.doLoad(DefaultLoadEventListener.java:570) ~[hibernate-core-6.1.6.Final.jar:6.1.6.Final]
	at org.hibernate.event.internal.DefaultLoadEventListener.load(DefaultLoadEventListener.java:224) ~[hibernate-core-6.1.6.Final.jar:6.1.6.Final]
	at org.hibernate.event.internal.DefaultLoadEventListener.proxyOrLoad(DefaultLoadEventListener.java:363) ~[hibernate-core-6.1.6.Final.jar:6.1.6.Final]
	at org.hibernate.event.internal.DefaultLoadEventListener.doOnLoad(DefaultLoadEventListener.java:113) ~[hibernate-core-6.1.6.Final.jar:6.1.6.Final]
	at org.hibernate.event.internal.DefaultLoadEventListener.onLoad(DefaultLoadEventListener.java:75) ~[hibernate-core-6.1.6.Final.jar:6.1.6.Final]
	at org.hibernate.event.service.internal.EventListenerGroupImpl.fireEventOnEachListener(EventListenerGroupImpl.java:118) ~[hibernate-core-6.1.6.Final.jar:6.1.6.Final]
	at org.hibernate.internal.SessionImpl.fireLoadNoChecks(SessionImpl.java:1244) ~[hibernate-core-6.1.6.Final.jar:6.1.6.Final]
	at org.hibernate.internal.SessionImpl.fireLoad(SessionImpl.java:1232) ~[hibernate-core-6.1.6.Final.jar:6.1.6.Final]
	at org.hibernate.loader.access.IdentifierLoadAccessImpl.doLoad(IdentifierLoadAccessImpl.java:195) ~[hibernate-core-6.1.6.Final.jar:6.1.6.Final]
	at org.hibernate.loader.access.IdentifierLoadAccessImpl.lambda$load$1(IdentifierLoadAccessImpl.java:161) ~[hibernate-core-6.1.6.Final.jar:6.1.6.Final]
	at org.hibernate.loader.access.IdentifierLoadAccessImpl.perform(IdentifierLoadAccessImpl.java:108) ~[hibernate-core-6.1.6.Final.jar:6.1.6.Final]
	at org.hibernate.loader.access.IdentifierLoadAccessImpl.load(IdentifierLoadAccessImpl.java:161) ~[hibernate-core-6.1.6.Final.jar:6.1.6.Final]
	at org.hibernate.internal.SessionImpl.get(SessionImpl.java:1028) ~[hibernate-core-6.1.6.Final.jar:6.1.6.Final]
	at org.hibernate.event.internal.DefaultMergeEventListener.lambda$entityIsDetached$0(DefaultMergeEventListener.java:344) ~[hibernate-core-6.1.6.Final.jar:6.1.6.Final]
	at org.hibernate.engine.spi.LoadQueryInfluencers.fromInternalFetchProfile(LoadQueryInfluencers.java:79) ~[hibernate-core-6.1.6.Final.jar:6.1.6.Final]
	at org.hibernate.event.internal.DefaultMergeEventListener.entityIsDetached(DefaultMergeEventListener.java:342) ~[hibernate-core-6.1.6.Final.jar:6.1.6.Final]
	at org.hibernate.event.internal.DefaultMergeEventListener.onMerge(DefaultMergeEventListener.java:178) ~[hibernate-core-6.1.6.Final.jar:6.1.6.Final]
	at org.hibernate.event.internal.DefaultMergeEventListener.onMerge(DefaultMergeEventListener.java:81) ~[hibernate-core-6.1.6.Final.jar:6.1.6.Final]
	at org.hibernate.event.service.internal.EventListenerGroupImpl.fireEventOnEachListener(EventListenerGroupImpl.java:107) ~[hibernate-core-6.1.6.Final.jar:6.1.6.Final]
	at org.hibernate.internal.SessionImpl.fireMerge(SessionImpl.java:830) ~[hibernate-core-6.1.6.Final.jar:6.1.6.Final]
	at org.hibernate.internal.SessionImpl.merge(SessionImpl.java:816) ~[hibernate-core-6.1.6.Final.jar:6.1.6.Final]
	at java.base/jdk.internal.reflect.NativeMethodAccessorImpl.invoke0(Native Method) ~[na:na]
	at java.base/jdk.internal.reflect.NativeMethodAccessorImpl.invoke(NativeMethodAccessorImpl.java:77) ~[na:na]
	at java.base/jdk.internal.reflect.DelegatingMethodAccessorImpl.invoke(DelegatingMethodAccessorImpl.java:43) ~[na:na]
	at java.base/java.lang.reflect.Method.invoke(Method.java:568) ~[na:na]
	at org.springframework.orm.jpa.SharedEntityManagerCreator$SharedEntityManagerInvocationHandler.invoke(SharedEntityManagerCreator.java:307) ~[spring-orm-6.0.3.jar:6.0.3]
	at jdk.proxy2/jdk.proxy2.$Proxy123.merge(Unknown Source) ~[na:na]
	at org.springframework.data.jpa.repository.support.SimpleJpaRepository.save(SimpleJpaRepository.java:613) ~[spring-data-jpa-3.0.0.jar:3.0.0]
	at java.base/jdk.internal.reflect.NativeMethodAccessorImpl.invoke0(Native Method) ~[na:na]
	at java.base/jdk.internal.reflect.NativeMethodAccessorImpl.invoke(NativeMethodAccessorImpl.java:77) ~[na:na]
	at java.base/jdk.internal.reflect.DelegatingMethodAccessorImpl.invoke(DelegatingMethodAccessorImpl.java:43) ~[na:na]
	at java.base/java.lang.reflect.Method.invoke(Method.java:568) ~[na:na]
	at org.springframework.data.repository.core.support.RepositoryMethodInvoker$RepositoryFragmentMethodInvoker.lambda$new$0(RepositoryMethodInvoker.java:288) ~[spring-data-commons-3.0.0.jar:3.0.0]
	at org.springframework.data.repository.core.support.RepositoryMethodInvoker.doInvoke(RepositoryMethodInvoker.java:136) ~[spring-data-commons-3.0.0.jar:3.0.0]
	at org.springframework.data.repository.core.support.RepositoryMethodInvoker.invoke(RepositoryMethodInvoker.java:120) ~[spring-data-commons-3.0.0.jar:3.0.0]
	at org.springframework.data.repository.core.support.RepositoryComposition$RepositoryFragments.invoke(RepositoryComposition.java:516) ~[spring-data-commons-3.0.0.jar:3.0.0]
	at org.springframework.data.repository.core.support.RepositoryComposition.invoke(RepositoryComposition.java:285) ~[spring-data-commons-3.0.0.jar:3.0.0]
	at org.springframework.data.repository.core.support.RepositoryFactorySupport$ImplementationMethodExecutionInterceptor.invoke(RepositoryFactorySupport.java:628) ~[spring-data-commons-3.0.0.jar:3.0.0]
	at org.springframework.aop.framework.ReflectiveMethodInvocation.proceed(ReflectiveMethodInvocation.java:184) ~[spring-aop-6.0.3.jar:6.0.3]
	at org.springframework.data.repository.core.support.QueryExecutorMethodInterceptor.doInvoke(QueryExecutorMethodInterceptor.java:168) ~[spring-data-commons-3.0.0.jar:3.0.0]
	at org.springframework.data.repository.core.support.QueryExecutorMethodInterceptor.invoke(QueryExecutorMethodInterceptor.java:143) ~[spring-data-commons-3.0.0.jar:3.0.0]
	at org.springframework.aop.framework.ReflectiveMethodInvocation.proceed(ReflectiveMethodInvocation.java:184) ~[spring-aop-6.0.3.jar:6.0.3]
	at org.springframework.data.projection.DefaultMethodInvokingMethodInterceptor.invoke(DefaultMethodInvokingMethodInterceptor.java:77) ~[spring-data-commons-3.0.0.jar:3.0.0]
	at org.springframework.aop.framework.ReflectiveMethodInvocation.proceed(ReflectiveMethodInvocation.java:184) ~[spring-aop-6.0.3.jar:6.0.3]
	at org.springframework.transaction.interceptor.TransactionInterceptor$1.proceedWithInvocation(TransactionInterceptor.java:123) ~[spring-tx-6.0.3.jar:6.0.3]
	at org.springframework.transaction.interceptor.TransactionAspectSupport.invokeWithinTransaction(TransactionAspectSupport.java:388) ~[spring-tx-6.0.3.jar:6.0.3]
	at org.springframework.transaction.interceptor.TransactionInterceptor.invoke(TransactionInterceptor.java:119) ~[spring-tx-6.0.3.jar:6.0.3]
	at org.springframework.aop.framework.ReflectiveMethodInvocation.proceed(ReflectiveMethodInvocation.java:184) ~[spring-aop-6.0.3.jar:6.0.3]
	at org.springframework.dao.support.PersistenceExceptionTranslationInterceptor.invoke(PersistenceExceptionTranslationInterceptor.java:137) ~[spring-tx-6.0.3.jar:6.0.3]
	at org.springframework.aop.framework.ReflectiveMethodInvocation.proceed(ReflectiveMethodInvocation.java:184) ~[spring-aop-6.0.3.jar:6.0.3]
	at org.springframework.data.jpa.repository.support.CrudMethodMetadataPostProcessor$CrudMethodMetadataPopulatingMethodInterceptor.invoke(CrudMethodMetadataPostProcessor.java:163) ~[spring-data-jpa-3.0.0.jar:3.0.0]
	at org.springframework.aop.framework.ReflectiveMethodInvocation.proceed(ReflectiveMethodInvocation.java:184) ~[spring-aop-6.0.3.jar:6.0.3]
	at org.springframework.aop.interceptor.ExposeInvocationInterceptor.invoke(ExposeInvocationInterceptor.java:97) ~[spring-aop-6.0.3.jar:6.0.3]
	at org.springframework.aop.framework.ReflectiveMethodInvocation.proceed(ReflectiveMethodInvocation.java:184) ~[spring-aop-6.0.3.jar:6.0.3]
	at org.springframework.data.repository.core.support.MethodInvocationValidator.invoke(MethodInvocationValidator.java:94) ~[spring-data-commons-3.0.0.jar:3.0.0]
	at org.springframework.aop.framework.ReflectiveMethodInvocation.proceed(ReflectiveMethodInvocation.java:184) ~[spring-aop-6.0.3.jar:6.0.3]
	at org.springframework.aop.framework.JdkDynamicAopProxy.invoke(JdkDynamicAopProxy.java:218) ~[spring-aop-6.0.3.jar:6.0.3]
	at jdk.proxy2/jdk.proxy2.$Proxy136.save(Unknown Source) ~[na:na]
	at be.duncanc.discordmodbot.data.services.GuildWarnPointsService.addWarningToUser(GuildWarnPointsService.kt:20) ~[main/:na]
	at java.base/jdk.internal.reflect.NativeMethodAccessorImpl.invoke0(Native Method) ~[na:na]
	at java.base/jdk.internal.reflect.NativeMethodAccessorImpl.invoke(NativeMethodAccessorImpl.java:77) ~[na:na]
	at java.base/jdk.internal.reflect.DelegatingMethodAccessorImpl.invoke(DelegatingMethodAccessorImpl.java:43) ~[na:na]
	at java.base/java.lang.reflect.Method.invoke(Method.java:568) ~[na:na]
	at org.springframework.aop.support.AopUtils.invokeJoinpointUsingReflection(AopUtils.java:343) ~[spring-aop-6.0.3.jar:6.0.3]
	at org.springframework.aop.framework.ReflectiveMethodInvocation.invokeJoinpoint(ReflectiveMethodInvocation.java:196) ~[spring-aop-6.0.3.jar:6.0.3]
	at org.springframework.aop.framework.ReflectiveMethodInvocation.proceed(ReflectiveMethodInvocation.java:163) ~[spring-aop-6.0.3.jar:6.0.3]
	at org.springframework.aop.framework.CglibAopProxy$CglibMethodInvocation.proceed(CglibAopProxy.java:752) ~[spring-aop-6.0.3.jar:6.0.3]
	at org.springframework.transaction.interceptor.TransactionInterceptor$1.proceedWithInvocation(TransactionInterceptor.java:123) ~[spring-tx-6.0.3.jar:6.0.3]
	at org.springframework.transaction.interceptor.TransactionAspectSupport.invokeWithinTransaction(TransactionAspectSupport.java:388) ~[spring-tx-6.0.3.jar:6.0.3]
	at org.springframework.transaction.interceptor.TransactionInterceptor.invoke(TransactionInterceptor.java:119) ~[spring-tx-6.0.3.jar:6.0.3]
	at org.springframework.aop.framework.ReflectiveMethodInvocation.proceed(ReflectiveMethodInvocation.java:184) ~[spring-aop-6.0.3.jar:6.0.3]
	at org.springframework.aop.framework.CglibAopProxy$CglibMethodInvocation.proceed(CglibAopProxy.java:752) ~[spring-aop-6.0.3.jar:6.0.3]
	at org.springframework.aop.framework.CglibAopProxy$DynamicAdvisedInterceptor.intercept(CglibAopProxy.java:703) ~[spring-aop-6.0.3.jar:6.0.3]
	at be.duncanc.discordmodbot.data.services.GuildWarnPointsService$$SpringCGLIB$$0.addWarningToUser(<generated>) ~[main/:na]
	at be.duncanc.discordmodbot.bot.sequences.AddWarnPoints$AddPointsSequence.processSequence(AddWarnPoints.kt:195) ~[main/:na]
	at be.duncanc.discordmodbot.bot.sequences.AddWarnPoints$AddPointsSequence.onMessageReceivedDuringSequence(AddWarnPoints.kt:177) ~[main/:na]
	at be.duncanc.discordmodbot.bot.sequences.Sequence.onMessageReceived(Sequence.kt:107) ~[main/:na]
	at net.dv8tion.jda.api.hooks.ListenerAdapter.onEvent(ListenerAdapter.java:483) ~[JDA-4.4.0_352.jar:4.4.0_352]
	at net.dv8tion.jda.api.hooks.InterfacedEventManager.handle(InterfacedEventManager.java:96) ~[JDA-4.4.0_352.jar:4.4.0_352]
	at net.dv8tion.jda.internal.hooks.EventManagerProxy.handleInternally(EventManagerProxy.java:88) ~[JDA-4.4.0_352.jar:4.4.0_352]
	at net.dv8tion.jda.internal.hooks.EventManagerProxy.handle(EventManagerProxy.java:70) ~[JDA-4.4.0_352.jar:4.4.0_352]
	at net.dv8tion.jda.internal.JDAImpl.handleEvent(JDAImpl.java:160) ~[JDA-4.4.0_352.jar:4.4.0_352]
	at net.dv8tion.jda.internal.handle.MessageCreateHandler.handleInternally(MessageCreateHandler.java:123) ~[JDA-4.4.0_352.jar:4.4.0_352]
	at net.dv8tion.jda.internal.handle.SocketHandler.handle(SocketHandler.java:36) ~[JDA-4.4.0_352.jar:4.4.0_352]
	at net.dv8tion.jda.internal.requests.WebSocketClient.onDispatch(WebSocketClient.java:952) ~[JDA-4.4.0_352.jar:4.4.0_352]
	at net.dv8tion.jda.internal.requests.WebSocketClient.onEvent(WebSocketClient.java:839) ~[JDA-4.4.0_352.jar:4.4.0_352]
	at net.dv8tion.jda.internal.requests.WebSocketClient.handleEvent(WebSocketClient.java:817) ~[JDA-4.4.0_352.jar:4.4.0_352]
	at net.dv8tion.jda.internal.requests.WebSocketClient.onBinaryMessage(WebSocketClient.java:991) ~[JDA-4.4.0_352.jar:4.4.0_352]
	at com.neovisionaries.ws.client.ListenerManager.callOnBinaryMessage(ListenerManager.java:385) ~[nv-websocket-client-2.14.jar:na]
	at com.neovisionaries.ws.client.ReadingThread.callOnBinaryMessage(ReadingThread.java:276) ~[nv-websocket-client-2.14.jar:na]
	at com.neovisionaries.ws.client.ReadingThread.handleBinaryFrame(ReadingThread.java:996) ~[nv-websocket-client-2.14.jar:na]
	at com.neovisionaries.ws.client.ReadingThread.handleFrame(ReadingThread.java:755) ~[nv-websocket-client-2.14.jar:na]
	at com.neovisionaries.ws.client.ReadingThread.main(ReadingThread.java:108) ~[nv-websocket-client-2.14.jar:na]
	at com.neovisionaries.ws.client.ReadingThread.runMain(ReadingThread.java:64) ~[nv-websocket-client-2.14.jar:na]
	at com.neovisionaries.ws.client.WebSocketThread.run(WebSocketThread.java:45) ~[nv-websocket-client-2.14.jar:na]

2023-01-04T10:49:10.182+01:00 DEBUG 11422 --- [inWS-ReadThread] org.hibernate.orm.sql.ast.tree           : SQL AST Tree:
    SelectStatement {
      FromClause {
        StandardTableGroup (g1 : be.duncanc.discordmodbot.data.entities.GuildWarnPoints) {
          primaryTableReference : guild_warn_points as g1_0
          TableGroupJoins {
             join StandardVirtualTableGroup (null : be.duncanc.discordmodbot.data.entities.GuildWarnPoints.{id}) {
              primaryTableReference : guild_warn_points as g1_0
            }
            left  join CollectionTableGroup (p1 : be.duncanc.discordmodbot.data.entities.GuildWarnPoints.points) {
              primaryTableReference : user_has_warn_points as p1_0
              NestedTableGroupJoins {
                 join LazyTableGroup (p1 : be.duncanc.discordmodbot.data.entities.GuildWarnPoints.points.{element}) {
                  primaryTableReference : user_warn_points as p1_1
                }
              }
              TableGroupJoins {
                 join StandardVirtualTableGroup (null : be.duncanc.discordmodbot.data.entities.GuildWarnPoints.points.{fk}) {
                  primaryTableReference : user_has_warn_points as p1_0
                }
              }
            }
             join StandardVirtualTableGroup (null : be.duncanc.discordmodbot.data.entities.GuildWarnPoints.points.{fk-target}) {
              primaryTableReference : guild_warn_points as g1_0
            }
          }
        }
      }
    }

2023-01-04T10:49:10.182+01:00 DEBUG 11422 --- [inWS-ReadThread] org.hibernate.orm.sql.exec               : Skipping reading Query result cache data: cache-enabled = false, cache-mode = IGNORE
2023-01-04T10:49:10.182+01:00 TRACE 11422 --- [inWS-ReadThread] org.hibernate.orm.results                : Registering initializer : EmbeddableFetchInitializer(be.duncanc.discordmodbot.data.entities.GuildWarnPoints.{id}) : `class be.duncanc.discordmodbot.data.entities.GuildWarnPoints`
2023-01-04T10:49:10.182+01:00 TRACE 11422 --- [inWS-ReadThread] org.hibernate.orm.results                : Registering initializer : EmbeddableFetchInitializer(be.duncanc.discordmodbot.data.entities.GuildWarnPoints.{id}) : `class be.duncanc.discordmodbot.data.entities.GuildWarnPoints`
2023-01-04T10:49:10.182+01:00 TRACE 11422 --- [inWS-ReadThread] org.hibernate.orm.results                : Registering initializer : EmbeddableResultInitializer(be.duncanc.discordmodbot.data.entities.GuildWarnPoints.points.{fk-target})
2023-01-04T10:49:10.182+01:00 TRACE 11422 --- [inWS-ReadThread] org.hibernate.orm.results                : Registering initializer : EmbeddableResultInitializer(be.duncanc.discordmodbot.data.entities.GuildWarnPoints.points.{fk})
2023-01-04T10:49:10.182+01:00 TRACE 11422 --- [inWS-ReadThread] org.hibernate.orm.results                : Registering initializer : EntityJoinedFetchInitializer(be.duncanc.discordmodbot.data.entities.GuildWarnPoints.points.{element})
2023-01-04T10:49:10.182+01:00 TRACE 11422 --- [inWS-ReadThread] org.hibernate.orm.results                : Registering initializer : SetInitializer(be.duncanc.discordmodbot.data.entities.GuildWarnPoints.points)
2023-01-04T10:49:10.182+01:00 TRACE 11422 --- [inWS-ReadThread] org.hibernate.orm.results                : Registering initializer : EntityResultInitializer(be.duncanc.discordmodbot.data.entities.GuildWarnPoints)
2023-01-04T10:49:10.182+01:00 DEBUG 11422 --- [inWS-ReadThread] org.hibernate.orm.results                : Initializer list
2023-01-04T10:49:10.182+01:00 DEBUG 11422 --- [inWS-ReadThread] org.hibernate.orm.results                :     be.duncanc.discordmodbot.data.entities.GuildWarnPoints.{id} -> EmbeddableFetchInitializer(be.duncanc.discordmodbot.data.entities.GuildWarnPoints.{id}) : `class be.duncanc.discordmodbot.data.entities.GuildWarnPoints`@1131029527 (EmbeddedAttributeMapping(NavigableRole[be.duncanc.discordmodbot.data.entities.GuildWarnPoints])@96512063)
2023-01-04T10:49:10.182+01:00 DEBUG 11422 --- [inWS-ReadThread] org.hibernate.orm.results                :     be.duncanc.discordmodbot.data.entities.GuildWarnPoints.points.{fk-target} -> EmbeddableResultInitializer(be.duncanc.discordmodbot.data.entities.GuildWarnPoints.points.{fk-target})@1988306693 (org.hibernate.metamodel.mapping.internal.NonAggregatedIdentifierMappingImpl@1a6cffa0)
2023-01-04T10:49:10.182+01:00 DEBUG 11422 --- [inWS-ReadThread] org.hibernate.orm.results                :     be.duncanc.discordmodbot.data.entities.GuildWarnPoints.points.{fk} -> EmbeddableResultInitializer(be.duncanc.discordmodbot.data.entities.GuildWarnPoints.points.{fk})@829698210 (EmbeddedAttributeMapping(NavigableRole[be.duncanc.discordmodbot.data.entities.GuildWarnPoints.{id}])@1776245514)
2023-01-04T10:49:10.183+01:00 DEBUG 11422 --- [inWS-ReadThread] org.hibernate.orm.results                :     be.duncanc.discordmodbot.data.entities.GuildWarnPoints.points.{element} -> EntityJoinedFetchInitializer(be.duncanc.discordmodbot.data.entities.GuildWarnPoints.points.{element})@1996851182 (EntityCollectionPart(NavigableRole[be.duncanc.discordmodbot.data.entities.GuildWarnPoints.points#{element}])@119584151)
2023-01-04T10:49:10.183+01:00 DEBUG 11422 --- [inWS-ReadThread] org.hibernate.orm.results                :     be.duncanc.discordmodbot.data.entities.GuildWarnPoints.points -> SetInitializer(be.duncanc.discordmodbot.data.entities.GuildWarnPoints.points)@1700618117 (PluralAttribute(be.duncanc.discordmodbot.data.entities.GuildWarnPoints.points))
2023-01-04T10:49:10.183+01:00 DEBUG 11422 --- [inWS-ReadThread] org.hibernate.orm.results                :     be.duncanc.discordmodbot.data.entities.GuildWarnPoints -> EntityResultInitializer(be.duncanc.discordmodbot.data.entities.GuildWarnPoints)@168421156 (SingleTableEntityPersister(be.duncanc.discordmodbot.data.entities.GuildWarnPoints))
2023-01-04T10:49:10.183+01:00 DEBUG 11422 --- [inWS-ReadThread] org.hibernate.SQL                        : select g1_0.guild_id,g1_0.user_id,p1_0.guild_warn_points_user_id,p1_0.guild_warn_points_guild_id,p1_1.id,p1_1.creation_date,p1_1.creator_id,p1_1.expire_date,p1_1.points,p1_1.reason from guild_warn_points g1_0 left join (user_has_warn_points p1_0 join user_warn_points p1_1 on p1_1.id=p1_0.points_id) on g1_0.guild_id=p1_0.guild_warn_points_user_id and g1_0.user_id=p1_0.guild_warn_points_guild_id where (g1_0.guild_id,g1_0.user_id) in((?,?))
2023-01-04T10:49:10.183+01:00 TRACE 11422 --- [inWS-ReadThread] org.hibernate.orm.jdbc.bind              : binding parameter [1] as [BIGINT] - [160450060436504578]
2023-01-04T10:49:10.183+01:00 TRACE 11422 --- [inWS-ReadThread] org.hibernate.orm.jdbc.bind              : binding parameter [2] as [BIGINT] - [316924712703754240]
2023-01-04T10:49:10.196+01:00 DEBUG 11422 --- [inWS-ReadThread] org.hibernate.orm.sql.ast.create         : Created new SQL alias : u1_0
2023-01-04T10:49:10.196+01:00 DEBUG 11422 --- [inWS-ReadThread] org.hibernate.orm.sql.ast.create         : Registration of TableGroup [StandardTableGroup(be.duncanc.discordmodbot.data.entities.UserWarnPoints)] with identifierForTableGroup [be.duncanc.discordmodbot.data.entities.UserWarnPoints] for NavigablePath [be.duncanc.discordmodbot.data.entities.UserWarnPoints] 
2023-01-04T10:49:10.196+01:00 DEBUG 11422 --- [inWS-ReadThread] org.hibernate.orm.results.graph.AST      : DomainResult Graph:
 \-EntityResultImpl [be.duncanc.discordmodbot.data.entities.UserWarnPoints]
 |  +-BasicFetch [be.duncanc.discordmodbot.data.entities.UserWarnPoints.creationDate]
 |  +-BasicFetch [be.duncanc.discordmodbot.data.entities.UserWarnPoints.creatorId]
 |  +-BasicFetch [be.duncanc.discordmodbot.data.entities.UserWarnPoints.expireDate]
 |  +-BasicFetch [be.duncanc.discordmodbot.data.entities.UserWarnPoints.points]
 |  \-BasicFetch [be.duncanc.discordmodbot.data.entities.UserWarnPoints.reason]

2023-01-04T10:49:10.196+01:00 TRACE 11422 --- [inWS-ReadThread] org.hibernate.orm.results.graph.AST      : Stack trace calling DomainResultGraphPrinter

java.lang.Exception: null
	at org.hibernate.sql.results.graph.DomainResultGraphPrinter.visitDomainResults(DomainResultGraphPrinter.java:72) ~[hibernate-core-6.1.6.Final.jar:6.1.6.Final]
	at org.hibernate.sql.results.graph.DomainResultGraphPrinter.logDomainResultGraph(DomainResultGraphPrinter.java:48) ~[hibernate-core-6.1.6.Final.jar:6.1.6.Final]
	at org.hibernate.sql.results.graph.DomainResultGraphPrinter.logDomainResultGraph(DomainResultGraphPrinter.java:39) ~[hibernate-core-6.1.6.Final.jar:6.1.6.Final]
	at org.hibernate.sql.ast.spi.AbstractSqlAstTranslator.translateSelect(AbstractSqlAstTranslator.java:704) ~[hibernate-core-6.1.6.Final.jar:6.1.6.Final]
	at org.hibernate.sql.ast.spi.AbstractSqlAstTranslator.translate(AbstractSqlAstTranslator.java:645) ~[hibernate-core-6.1.6.Final.jar:6.1.6.Final]
	at org.hibernate.loader.ast.internal.SingleIdLoadPlan.<init>(SingleIdLoadPlan.java:67) ~[hibernate-core-6.1.6.Final.jar:6.1.6.Final]
	at org.hibernate.loader.ast.internal.SingleIdEntityLoaderStandardImpl.createLoadPlan(SingleIdEntityLoaderStandardImpl.java:195) ~[hibernate-core-6.1.6.Final.jar:6.1.6.Final]
	at org.hibernate.loader.ast.internal.SingleIdEntityLoaderStandardImpl.resolveLoadPlan(SingleIdEntityLoaderStandardImpl.java:120) ~[hibernate-core-6.1.6.Final.jar:6.1.6.Final]
	at org.hibernate.loader.ast.internal.SingleIdEntityLoaderStandardImpl.load(SingleIdEntityLoaderStandardImpl.java:66) ~[hibernate-core-6.1.6.Final.jar:6.1.6.Final]
	at org.hibernate.persister.entity.AbstractEntityPersister.doLoad(AbstractEntityPersister.java:4401) ~[hibernate-core-6.1.6.Final.jar:6.1.6.Final]
	at org.hibernate.persister.entity.AbstractEntityPersister.load(AbstractEntityPersister.java:4391) ~[hibernate-core-6.1.6.Final.jar:6.1.6.Final]
	at org.hibernate.event.internal.DefaultLoadEventListener.loadFromDatasource(DefaultLoadEventListener.java:597) ~[hibernate-core-6.1.6.Final.jar:6.1.6.Final]
	at org.hibernate.event.internal.DefaultLoadEventListener.doLoad(DefaultLoadEventListener.java:570) ~[hibernate-core-6.1.6.Final.jar:6.1.6.Final]
	at org.hibernate.event.internal.DefaultLoadEventListener.load(DefaultLoadEventListener.java:224) ~[hibernate-core-6.1.6.Final.jar:6.1.6.Final]
	at org.hibernate.event.internal.DefaultLoadEventListener.proxyOrLoad(DefaultLoadEventListener.java:363) ~[hibernate-core-6.1.6.Final.jar:6.1.6.Final]
	at org.hibernate.event.internal.DefaultLoadEventListener.doOnLoad(DefaultLoadEventListener.java:113) ~[hibernate-core-6.1.6.Final.jar:6.1.6.Final]
	at org.hibernate.event.internal.DefaultLoadEventListener.onLoad(DefaultLoadEventListener.java:75) ~[hibernate-core-6.1.6.Final.jar:6.1.6.Final]
	at org.hibernate.event.service.internal.EventListenerGroupImpl.fireEventOnEachListener(EventListenerGroupImpl.java:118) ~[hibernate-core-6.1.6.Final.jar:6.1.6.Final]
	at org.hibernate.internal.SessionImpl.fireLoadNoChecks(SessionImpl.java:1244) ~[hibernate-core-6.1.6.Final.jar:6.1.6.Final]
	at org.hibernate.internal.SessionImpl.fireLoad(SessionImpl.java:1232) ~[hibernate-core-6.1.6.Final.jar:6.1.6.Final]
	at org.hibernate.loader.access.IdentifierLoadAccessImpl.doLoad(IdentifierLoadAccessImpl.java:195) ~[hibernate-core-6.1.6.Final.jar:6.1.6.Final]
	at org.hibernate.loader.access.IdentifierLoadAccessImpl.lambda$load$1(IdentifierLoadAccessImpl.java:161) ~[hibernate-core-6.1.6.Final.jar:6.1.6.Final]
	at org.hibernate.loader.access.IdentifierLoadAccessImpl.perform(IdentifierLoadAccessImpl.java:108) ~[hibernate-core-6.1.6.Final.jar:6.1.6.Final]
	at org.hibernate.loader.access.IdentifierLoadAccessImpl.load(IdentifierLoadAccessImpl.java:161) ~[hibernate-core-6.1.6.Final.jar:6.1.6.Final]
	at org.hibernate.internal.SessionImpl.get(SessionImpl.java:1028) ~[hibernate-core-6.1.6.Final.jar:6.1.6.Final]
	at org.hibernate.event.internal.DefaultMergeEventListener.lambda$entityIsDetached$0(DefaultMergeEventListener.java:344) ~[hibernate-core-6.1.6.Final.jar:6.1.6.Final]
	at org.hibernate.engine.spi.LoadQueryInfluencers.fromInternalFetchProfile(LoadQueryInfluencers.java:79) ~[hibernate-core-6.1.6.Final.jar:6.1.6.Final]
	at org.hibernate.event.internal.DefaultMergeEventListener.entityIsDetached(DefaultMergeEventListener.java:342) ~[hibernate-core-6.1.6.Final.jar:6.1.6.Final]
	at org.hibernate.event.internal.DefaultMergeEventListener.onMerge(DefaultMergeEventListener.java:178) ~[hibernate-core-6.1.6.Final.jar:6.1.6.Final]
	at org.hibernate.event.service.internal.EventListenerGroupImpl.fireEventOnEachListener(EventListenerGroupImpl.java:118) ~[hibernate-core-6.1.6.Final.jar:6.1.6.Final]
	at org.hibernate.internal.SessionImpl.fireMerge(SessionImpl.java:851) ~[hibernate-core-6.1.6.Final.jar:6.1.6.Final]
	at org.hibernate.internal.SessionImpl.merge(SessionImpl.java:822) ~[hibernate-core-6.1.6.Final.jar:6.1.6.Final]
	at org.hibernate.engine.spi.CascadingActions$6.cascade(CascadingActions.java:264) ~[hibernate-core-6.1.6.Final.jar:6.1.6.Final]
	at org.hibernate.engine.spi.CascadingActions$6.cascade(CascadingActions.java:254) ~[hibernate-core-6.1.6.Final.jar:6.1.6.Final]
	at org.hibernate.engine.internal.Cascade.cascadeToOne(Cascade.java:513) ~[hibernate-core-6.1.6.Final.jar:6.1.6.Final]
	at org.hibernate.engine.internal.Cascade.cascadeAssociation(Cascade.java:434) ~[hibernate-core-6.1.6.Final.jar:6.1.6.Final]
	at org.hibernate.engine.internal.Cascade.cascadeProperty(Cascade.java:220) ~[hibernate-core-6.1.6.Final.jar:6.1.6.Final]
	at org.hibernate.engine.internal.Cascade.cascadeCollectionElements(Cascade.java:547) ~[hibernate-core-6.1.6.Final.jar:6.1.6.Final]
	at org.hibernate.engine.internal.Cascade.cascadeCollection(Cascade.java:477) ~[hibernate-core-6.1.6.Final.jar:6.1.6.Final]
	at org.hibernate.engine.internal.Cascade.cascadeAssociation(Cascade.java:437) ~[hibernate-core-6.1.6.Final.jar:6.1.6.Final]
	at org.hibernate.engine.internal.Cascade.cascadeProperty(Cascade.java:220) ~[hibernate-core-6.1.6.Final.jar:6.1.6.Final]
	at org.hibernate.engine.internal.Cascade.cascade(Cascade.java:153) ~[hibernate-core-6.1.6.Final.jar:6.1.6.Final]
	at org.hibernate.event.internal.AbstractSaveEventListener.cascadeAfterSave(AbstractSaveEventListener.java:474) ~[hibernate-core-6.1.6.Final.jar:6.1.6.Final]
	at org.hibernate.event.internal.DefaultMergeEventListener.entityIsTransient(DefaultMergeEventListener.java:253) ~[hibernate-core-6.1.6.Final.jar:6.1.6.Final]
	at org.hibernate.event.internal.DefaultMergeEventListener.entityIsDetached(DefaultMergeEventListener.java:356) ~[hibernate-core-6.1.6.Final.jar:6.1.6.Final]
	at org.hibernate.event.internal.DefaultMergeEventListener.onMerge(DefaultMergeEventListener.java:178) ~[hibernate-core-6.1.6.Final.jar:6.1.6.Final]
	at org.hibernate.event.internal.DefaultMergeEventListener.onMerge(DefaultMergeEventListener.java:81) ~[hibernate-core-6.1.6.Final.jar:6.1.6.Final]
	at org.hibernate.event.service.internal.EventListenerGroupImpl.fireEventOnEachListener(EventListenerGroupImpl.java:107) ~[hibernate-core-6.1.6.Final.jar:6.1.6.Final]
	at org.hibernate.internal.SessionImpl.fireMerge(SessionImpl.java:830) ~[hibernate-core-6.1.6.Final.jar:6.1.6.Final]
	at org.hibernate.internal.SessionImpl.merge(SessionImpl.java:816) ~[hibernate-core-6.1.6.Final.jar:6.1.6.Final]
	at java.base/jdk.internal.reflect.NativeMethodAccessorImpl.invoke0(Native Method) ~[na:na]
	at java.base/jdk.internal.reflect.NativeMethodAccessorImpl.invoke(NativeMethodAccessorImpl.java:77) ~[na:na]
	at java.base/jdk.internal.reflect.DelegatingMethodAccessorImpl.invoke(DelegatingMethodAccessorImpl.java:43) ~[na:na]
	at java.base/java.lang.reflect.Method.invoke(Method.java:568) ~[na:na]
	at org.springframework.orm.jpa.SharedEntityManagerCreator$SharedEntityManagerInvocationHandler.invoke(SharedEntityManagerCreator.java:307) ~[spring-orm-6.0.3.jar:6.0.3]
	at jdk.proxy2/jdk.proxy2.$Proxy123.merge(Unknown Source) ~[na:na]
	at org.springframework.data.jpa.repository.support.SimpleJpaRepository.save(SimpleJpaRepository.java:613) ~[spring-data-jpa-3.0.0.jar:3.0.0]
	at java.base/jdk.internal.reflect.NativeMethodAccessorImpl.invoke0(Native Method) ~[na:na]
	at java.base/jdk.internal.reflect.NativeMethodAccessorImpl.invoke(NativeMethodAccessorImpl.java:77) ~[na:na]
	at java.base/jdk.internal.reflect.DelegatingMethodAccessorImpl.invoke(DelegatingMethodAccessorImpl.java:43) ~[na:na]
	at java.base/java.lang.reflect.Method.invoke(Method.java:568) ~[na:na]
	at org.springframework.data.repository.core.support.RepositoryMethodInvoker$RepositoryFragmentMethodInvoker.lambda$new$0(RepositoryMethodInvoker.java:288) ~[spring-data-commons-3.0.0.jar:3.0.0]
	at org.springframework.data.repository.core.support.RepositoryMethodInvoker.doInvoke(RepositoryMethodInvoker.java:136) ~[spring-data-commons-3.0.0.jar:3.0.0]
	at org.springframework.data.repository.core.support.RepositoryMethodInvoker.invoke(RepositoryMethodInvoker.java:120) ~[spring-data-commons-3.0.0.jar:3.0.0]
	at org.springframework.data.repository.core.support.RepositoryComposition$RepositoryFragments.invoke(RepositoryComposition.java:516) ~[spring-data-commons-3.0.0.jar:3.0.0]
	at org.springframework.data.repository.core.support.RepositoryComposition.invoke(RepositoryComposition.java:285) ~[spring-data-commons-3.0.0.jar:3.0.0]
	at org.springframework.data.repository.core.support.RepositoryFactorySupport$ImplementationMethodExecutionInterceptor.invoke(RepositoryFactorySupport.java:628) ~[spring-data-commons-3.0.0.jar:3.0.0]
	at org.springframework.aop.framework.ReflectiveMethodInvocation.proceed(ReflectiveMethodInvocation.java:184) ~[spring-aop-6.0.3.jar:6.0.3]
	at org.springframework.data.repository.core.support.QueryExecutorMethodInterceptor.doInvoke(QueryExecutorMethodInterceptor.java:168) ~[spring-data-commons-3.0.0.jar:3.0.0]
	at org.springframework.data.repository.core.support.QueryExecutorMethodInterceptor.invoke(QueryExecutorMethodInterceptor.java:143) ~[spring-data-commons-3.0.0.jar:3.0.0]
	at org.springframework.aop.framework.ReflectiveMethodInvocation.proceed(ReflectiveMethodInvocation.java:184) ~[spring-aop-6.0.3.jar:6.0.3]
	at org.springframework.data.projection.DefaultMethodInvokingMethodInterceptor.invoke(DefaultMethodInvokingMethodInterceptor.java:77) ~[spring-data-commons-3.0.0.jar:3.0.0]
	at org.springframework.aop.framework.ReflectiveMethodInvocation.proceed(ReflectiveMethodInvocation.java:184) ~[spring-aop-6.0.3.jar:6.0.3]
	at org.springframework.transaction.interceptor.TransactionInterceptor$1.proceedWithInvocation(TransactionInterceptor.java:123) ~[spring-tx-6.0.3.jar:6.0.3]
	at org.springframework.transaction.interceptor.TransactionAspectSupport.invokeWithinTransaction(TransactionAspectSupport.java:388) ~[spring-tx-6.0.3.jar:6.0.3]
	at org.springframework.transaction.interceptor.TransactionInterceptor.invoke(TransactionInterceptor.java:119) ~[spring-tx-6.0.3.jar:6.0.3]
	at org.springframework.aop.framework.ReflectiveMethodInvocation.proceed(ReflectiveMethodInvocation.java:184) ~[spring-aop-6.0.3.jar:6.0.3]
	at org.springframework.dao.support.PersistenceExceptionTranslationInterceptor.invoke(PersistenceExceptionTranslationInterceptor.java:137) ~[spring-tx-6.0.3.jar:6.0.3]
	at org.springframework.aop.framework.ReflectiveMethodInvocation.proceed(ReflectiveMethodInvocation.java:184) ~[spring-aop-6.0.3.jar:6.0.3]
	at org.springframework.data.jpa.repository.support.CrudMethodMetadataPostProcessor$CrudMethodMetadataPopulatingMethodInterceptor.invoke(CrudMethodMetadataPostProcessor.java:163) ~[spring-data-jpa-3.0.0.jar:3.0.0]
	at org.springframework.aop.framework.ReflectiveMethodInvocation.proceed(ReflectiveMethodInvocation.java:184) ~[spring-aop-6.0.3.jar:6.0.3]
	at org.springframework.aop.interceptor.ExposeInvocationInterceptor.invoke(ExposeInvocationInterceptor.java:97) ~[spring-aop-6.0.3.jar:6.0.3]
	at org.springframework.aop.framework.ReflectiveMethodInvocation.proceed(ReflectiveMethodInvocation.java:184) ~[spring-aop-6.0.3.jar:6.0.3]
	at org.springframework.data.repository.core.support.MethodInvocationValidator.invoke(MethodInvocationValidator.java:94) ~[spring-data-commons-3.0.0.jar:3.0.0]
	at org.springframework.aop.framework.ReflectiveMethodInvocation.proceed(ReflectiveMethodInvocation.java:184) ~[spring-aop-6.0.3.jar:6.0.3]
	at org.springframework.aop.framework.JdkDynamicAopProxy.invoke(JdkDynamicAopProxy.java:218) ~[spring-aop-6.0.3.jar:6.0.3]
	at jdk.proxy2/jdk.proxy2.$Proxy136.save(Unknown Source) ~[na:na]
	at be.duncanc.discordmodbot.data.services.GuildWarnPointsService.addWarningToUser(GuildWarnPointsService.kt:20) ~[main/:na]
	at java.base/jdk.internal.reflect.NativeMethodAccessorImpl.invoke0(Native Method) ~[na:na]
	at java.base/jdk.internal.reflect.NativeMethodAccessorImpl.invoke(NativeMethodAccessorImpl.java:77) ~[na:na]
	at java.base/jdk.internal.reflect.DelegatingMethodAccessorImpl.invoke(DelegatingMethodAccessorImpl.java:43) ~[na:na]
	at java.base/java.lang.reflect.Method.invoke(Method.java:568) ~[na:na]
	at org.springframework.aop.support.AopUtils.invokeJoinpointUsingReflection(AopUtils.java:343) ~[spring-aop-6.0.3.jar:6.0.3]
	at org.springframework.aop.framework.ReflectiveMethodInvocation.invokeJoinpoint(ReflectiveMethodInvocation.java:196) ~[spring-aop-6.0.3.jar:6.0.3]
	at org.springframework.aop.framework.ReflectiveMethodInvocation.proceed(ReflectiveMethodInvocation.java:163) ~[spring-aop-6.0.3.jar:6.0.3]
	at org.springframework.aop.framework.CglibAopProxy$CglibMethodInvocation.proceed(CglibAopProxy.java:752) ~[spring-aop-6.0.3.jar:6.0.3]
	at org.springframework.transaction.interceptor.TransactionInterceptor$1.proceedWithInvocation(TransactionInterceptor.java:123) ~[spring-tx-6.0.3.jar:6.0.3]
	at org.springframework.transaction.interceptor.TransactionAspectSupport.invokeWithinTransaction(TransactionAspectSupport.java:388) ~[spring-tx-6.0.3.jar:6.0.3]
	at org.springframework.transaction.interceptor.TransactionInterceptor.invoke(TransactionInterceptor.java:119) ~[spring-tx-6.0.3.jar:6.0.3]
	at org.springframework.aop.framework.ReflectiveMethodInvocation.proceed(ReflectiveMethodInvocation.java:184) ~[spring-aop-6.0.3.jar:6.0.3]
	at org.springframework.aop.framework.CglibAopProxy$CglibMethodInvocation.proceed(CglibAopProxy.java:752) ~[spring-aop-6.0.3.jar:6.0.3]
	at org.springframework.aop.framework.CglibAopProxy$DynamicAdvisedInterceptor.intercept(CglibAopProxy.java:703) ~[spring-aop-6.0.3.jar:6.0.3]
	at be.duncanc.discordmodbot.data.services.GuildWarnPointsService$$SpringCGLIB$$0.addWarningToUser(<generated>) ~[main/:na]
	at be.duncanc.discordmodbot.bot.sequences.AddWarnPoints$AddPointsSequence.processSequence(AddWarnPoints.kt:195) ~[main/:na]
	at be.duncanc.discordmodbot.bot.sequences.AddWarnPoints$AddPointsSequence.onMessageReceivedDuringSequence(AddWarnPoints.kt:177) ~[main/:na]
	at be.duncanc.discordmodbot.bot.sequences.Sequence.onMessageReceived(Sequence.kt:107) ~[main/:na]
	at net.dv8tion.jda.api.hooks.ListenerAdapter.onEvent(ListenerAdapter.java:483) ~[JDA-4.4.0_352.jar:4.4.0_352]
	at net.dv8tion.jda.api.hooks.InterfacedEventManager.handle(InterfacedEventManager.java:96) ~[JDA-4.4.0_352.jar:4.4.0_352]
	at net.dv8tion.jda.internal.hooks.EventManagerProxy.handleInternally(EventManagerProxy.java:88) ~[JDA-4.4.0_352.jar:4.4.0_352]
	at net.dv8tion.jda.internal.hooks.EventManagerProxy.handle(EventManagerProxy.java:70) ~[JDA-4.4.0_352.jar:4.4.0_352]
	at net.dv8tion.jda.internal.JDAImpl.handleEvent(JDAImpl.java:160) ~[JDA-4.4.0_352.jar:4.4.0_352]
	at net.dv8tion.jda.internal.handle.MessageCreateHandler.handleInternally(MessageCreateHandler.java:123) ~[JDA-4.4.0_352.jar:4.4.0_352]
	at net.dv8tion.jda.internal.handle.SocketHandler.handle(SocketHandler.java:36) ~[JDA-4.4.0_352.jar:4.4.0_352]
	at net.dv8tion.jda.internal.requests.WebSocketClient.onDispatch(WebSocketClient.java:952) ~[JDA-4.4.0_352.jar:4.4.0_352]
	at net.dv8tion.jda.internal.requests.WebSocketClient.onEvent(WebSocketClient.java:839) ~[JDA-4.4.0_352.jar:4.4.0_352]
	at net.dv8tion.jda.internal.requests.WebSocketClient.handleEvent(WebSocketClient.java:817) ~[JDA-4.4.0_352.jar:4.4.0_352]
	at net.dv8tion.jda.internal.requests.WebSocketClient.onBinaryMessage(WebSocketClient.java:991) ~[JDA-4.4.0_352.jar:4.4.0_352]
	at com.neovisionaries.ws.client.ListenerManager.callOnBinaryMessage(ListenerManager.java:385) ~[nv-websocket-client-2.14.jar:na]
	at com.neovisionaries.ws.client.ReadingThread.callOnBinaryMessage(ReadingThread.java:276) ~[nv-websocket-client-2.14.jar:na]
	at com.neovisionaries.ws.client.ReadingThread.handleBinaryFrame(ReadingThread.java:996) ~[nv-websocket-client-2.14.jar:na]
	at com.neovisionaries.ws.client.ReadingThread.handleFrame(ReadingThread.java:755) ~[nv-websocket-client-2.14.jar:na]
	at com.neovisionaries.ws.client.ReadingThread.main(ReadingThread.java:108) ~[nv-websocket-client-2.14.jar:na]
	at com.neovisionaries.ws.client.ReadingThread.runMain(ReadingThread.java:64) ~[nv-websocket-client-2.14.jar:na]
	at com.neovisionaries.ws.client.WebSocketThread.run(WebSocketThread.java:45) ~[nv-websocket-client-2.14.jar:na]

2023-01-04T10:49:10.197+01:00 DEBUG 11422 --- [inWS-ReadThread] org.hibernate.orm.sql.ast.tree           : SQL AST Tree:
    SelectStatement {
      FromClause {
        StandardTableGroup (u1 : be.duncanc.discordmodbot.data.entities.UserWarnPoints) {
          primaryTableReference : user_warn_points as u1_0
        }
      }
    }

2023-01-04T10:49:10.197+01:00 DEBUG 11422 --- [inWS-ReadThread] org.hibernate.orm.sql.exec               : Skipping reading Query result cache data: cache-enabled = false, cache-mode = IGNORE
2023-01-04T10:49:10.197+01:00 TRACE 11422 --- [inWS-ReadThread] org.hibernate.orm.results                : Registering initializer : EntityResultInitializer(be.duncanc.discordmodbot.data.entities.UserWarnPoints)
2023-01-04T10:49:10.197+01:00 DEBUG 11422 --- [inWS-ReadThread] org.hibernate.orm.results                : Initializer list
2023-01-04T10:49:10.197+01:00 DEBUG 11422 --- [inWS-ReadThread] org.hibernate.orm.results                :     be.duncanc.discordmodbot.data.entities.UserWarnPoints -> EntityResultInitializer(be.duncanc.discordmodbot.data.entities.UserWarnPoints)@1211001145 (SingleTableEntityPersister(be.duncanc.discordmodbot.data.entities.UserWarnPoints))
2023-01-04T10:49:10.197+01:00 DEBUG 11422 --- [inWS-ReadThread] org.hibernate.SQL                        : select u1_0.id,u1_0.creation_date,u1_0.creator_id,u1_0.expire_date,u1_0.points,u1_0.reason from user_warn_points u1_0 where u1_0.id=?
2023-01-04T10:49:10.197+01:00 TRACE 11422 --- [inWS-ReadThread] org.hibernate.orm.jdbc.bind              : binding parameter [1] as [UUID] - [e6796542-d209-49ff-876f-023c3b4f4745]
2023-01-04T10:49:10.228+01:00 DEBUG 11422 --- [inWS-ReadThread] org.hibernate.SQL                        : insert into guild_warn_points (guild_id, user_id) values (?, ?)
2023-01-04T10:49:10.228+01:00 TRACE 11422 --- [inWS-ReadThread] org.hibernate.orm.jdbc.bind              : binding parameter [1] as [BIGINT] - [160450060436504578]
2023-01-04T10:49:10.228+01:00 TRACE 11422 --- [inWS-ReadThread] org.hibernate.orm.jdbc.bind              : binding parameter [2] as [BIGINT] - [316924712703754240]
2023-01-04T10:49:10.235+01:00 DEBUG 11422 --- [inWS-ReadThread] org.hibernate.SQL                        : insert into user_warn_points (creation_date, creator_id, expire_date, points, reason, id) values (?, ?, ?, ?, ?, ?)
2023-01-04T10:49:10.235+01:00 TRACE 11422 --- [inWS-ReadThread] org.hibernate.orm.jdbc.bind              : binding parameter [1] as [TIMESTAMP] - [2023-01-04T10:49:05.074294+01:00]
2023-01-04T10:49:10.236+01:00 TRACE 11422 --- [inWS-ReadThread] org.hibernate.orm.jdbc.bind              : binding parameter [2] as [BIGINT] - [159419654148718593]
2023-01-04T10:49:10.236+01:00 TRACE 11422 --- [inWS-ReadThread] org.hibernate.orm.jdbc.bind              : binding parameter [3] as [TIMESTAMP] - [2023-02-03T10:49:02.571074+01:00]
2023-01-04T10:49:10.236+01:00 TRACE 11422 --- [inWS-ReadThread] org.hibernate.orm.jdbc.bind              : binding parameter [4] as [INTEGER] - [1]
2023-01-04T10:49:10.236+01:00 TRACE 11422 --- [inWS-ReadThread] org.hibernate.orm.jdbc.bind              : binding parameter [5] as [VARCHAR] - [test]
2023-01-04T10:49:10.236+01:00 TRACE 11422 --- [inWS-ReadThread] org.hibernate.orm.jdbc.bind              : binding parameter [6] as [UUID] - [e6796542-d209-49ff-876f-023c3b4f4745]
2023-01-04T10:49:10.240+01:00 DEBUG 11422 --- [inWS-ReadThread] org.hibernate.SQL                        : insert into user_has_warn_points (guild_warn_points_user_id, guild_warn_points_guild_id, points_id) values (?, ?, ?)
2023-01-04T10:49:10.240+01:00 TRACE 11422 --- [inWS-ReadThread] org.hibernate.orm.jdbc.bind              : binding parameter [1] as [BIGINT] - [160450060436504578]
2023-01-04T10:49:10.240+01:00 TRACE 11422 --- [inWS-ReadThread] org.hibernate.orm.jdbc.bind              : binding parameter [2] as [BIGINT] - [316924712703754240]
2023-01-04T10:49:10.240+01:00 TRACE 11422 --- [inWS-ReadThread] org.hibernate.orm.jdbc.bind              : binding parameter [3] as [UUID] - [e6796542-d209-49ff-876f-023c3b4f4745]
2023-01-04T10:49:10.243+01:00  WARN 11422 --- [inWS-ReadThread] o.h.engine.jdbc.spi.SqlExceptionHelper   : SQL Error: 23506, SQLState: 23506
2023-01-04T10:49:10.244+01:00 ERROR 11422 --- [inWS-ReadThread] o.h.engine.jdbc.spi.SqlExceptionHelper   : Referential integrity constraint violation: "fkc40ohaed91dh2r2rak16229ps: public.user_has_warn_points FOREIGN KEY(guild_warn_points_user_id, guild_warn_points_guild_id) REFERENCES public.guild_warn_points(user_id, guild_id) (160450060436504578, 316924712703754240)"; SQL statement:
insert into user_has_warn_points (guild_warn_points_user_id, guild_warn_points_guild_id, points_id) values (?, ?, ?) [23506-214]
2023-01-04T10:49:10.245+01:00  INFO 11422 --- [inWS-ReadThread] o.h.e.j.b.internal.AbstractBatchImpl     : HHH000010: On release of batch it still contained JDBC statements
2023-01-04T10:49:13.481+01:00  INFO 11422 --- [inWS-ReadThread] b.d.d.bot.sequences.Sequence             : A sequence was terminated due to an exception

org.springframework.dao.DataIntegrityViolationException: could not execute statement; SQL [n/a]; constraint [fkc40ohaed91dh2r2rak16229ps]
	at org.springframework.orm.jpa.vendor.HibernateJpaDialect.convertHibernateAccessException(HibernateJpaDialect.java:270) ~[spring-orm-6.0.3.jar:6.0.3]
	at org.springframework.orm.jpa.vendor.HibernateJpaDialect.translateExceptionIfPossible(HibernateJpaDialect.java:233) ~[spring-orm-6.0.3.jar:6.0.3]
	at org.springframework.orm.jpa.JpaTransactionManager.doCommit(JpaTransactionManager.java:566) ~[spring-orm-6.0.3.jar:6.0.3]
	at org.springframework.transaction.support.AbstractPlatformTransactionManager.processCommit(AbstractPlatformTransactionManager.java:743) ~[spring-tx-6.0.3.jar:6.0.3]
	at org.springframework.transaction.support.AbstractPlatformTransactionManager.commit(AbstractPlatformTransactionManager.java:711) ~[spring-tx-6.0.3.jar:6.0.3]
	at org.springframework.transaction.interceptor.TransactionAspectSupport.commitTransactionAfterReturning(TransactionAspectSupport.java:654) ~[spring-tx-6.0.3.jar:6.0.3]
	at org.springframework.transaction.interceptor.TransactionAspectSupport.invokeWithinTransaction(TransactionAspectSupport.java:407) ~[spring-tx-6.0.3.jar:6.0.3]
	at org.springframework.transaction.interceptor.TransactionInterceptor.invoke(TransactionInterceptor.java:119) ~[spring-tx-6.0.3.jar:6.0.3]
	at org.springframework.aop.framework.ReflectiveMethodInvocation.proceed(ReflectiveMethodInvocation.java:184) ~[spring-aop-6.0.3.jar:6.0.3]
	at org.springframework.aop.framework.CglibAopProxy$CglibMethodInvocation.proceed(CglibAopProxy.java:752) ~[spring-aop-6.0.3.jar:6.0.3]
	at org.springframework.aop.framework.CglibAopProxy$DynamicAdvisedInterceptor.intercept(CglibAopProxy.java:703) ~[spring-aop-6.0.3.jar:6.0.3]
	at be.duncanc.discordmodbot.data.services.GuildWarnPointsService$$SpringCGLIB$$0.addWarningToUser(<generated>) ~[main/:na]
	at be.duncanc.discordmodbot.bot.sequences.AddWarnPoints$AddPointsSequence.processSequence(AddWarnPoints.kt:195) ~[main/:na]
	at be.duncanc.discordmodbot.bot.sequences.AddWarnPoints$AddPointsSequence.onMessageReceivedDuringSequence(AddWarnPoints.kt:177) ~[main/:na]
	at be.duncanc.discordmodbot.bot.sequences.Sequence.onMessageReceived(Sequence.kt:107) ~[main/:na]
	at net.dv8tion.jda.api.hooks.ListenerAdapter.onEvent(ListenerAdapter.java:483) ~[JDA-4.4.0_352.jar:4.4.0_352]
	at net.dv8tion.jda.api.hooks.InterfacedEventManager.handle(InterfacedEventManager.java:96) ~[JDA-4.4.0_352.jar:4.4.0_352]
	at net.dv8tion.jda.internal.hooks.EventManagerProxy.handleInternally(EventManagerProxy.java:88) ~[JDA-4.4.0_352.jar:4.4.0_352]
	at net.dv8tion.jda.internal.hooks.EventManagerProxy.handle(EventManagerProxy.java:70) ~[JDA-4.4.0_352.jar:4.4.0_352]
	at net.dv8tion.jda.internal.JDAImpl.handleEvent(JDAImpl.java:160) ~[JDA-4.4.0_352.jar:4.4.0_352]
	at net.dv8tion.jda.internal.handle.MessageCreateHandler.handleInternally(MessageCreateHandler.java:123) ~[JDA-4.4.0_352.jar:4.4.0_352]
	at net.dv8tion.jda.internal.handle.SocketHandler.handle(SocketHandler.java:36) ~[JDA-4.4.0_352.jar:4.4.0_352]
	at net.dv8tion.jda.internal.requests.WebSocketClient.onDispatch(WebSocketClient.java:952) ~[JDA-4.4.0_352.jar:4.4.0_352]
	at net.dv8tion.jda.internal.requests.WebSocketClient.onEvent(WebSocketClient.java:839) ~[JDA-4.4.0_352.jar:4.4.0_352]
	at net.dv8tion.jda.internal.requests.WebSocketClient.handleEvent(WebSocketClient.java:817) ~[JDA-4.4.0_352.jar:4.4.0_352]
	at net.dv8tion.jda.internal.requests.WebSocketClient.onBinaryMessage(WebSocketClient.java:991) ~[JDA-4.4.0_352.jar:4.4.0_352]
	at com.neovisionaries.ws.client.ListenerManager.callOnBinaryMessage(ListenerManager.java:385) ~[nv-websocket-client-2.14.jar:na]
	at com.neovisionaries.ws.client.ReadingThread.callOnBinaryMessage(ReadingThread.java:276) ~[nv-websocket-client-2.14.jar:na]
	at com.neovisionaries.ws.client.ReadingThread.handleBinaryFrame(ReadingThread.java:996) ~[nv-websocket-client-2.14.jar:na]
	at com.neovisionaries.ws.client.ReadingThread.handleFrame(ReadingThread.java:755) ~[nv-websocket-client-2.14.jar:na]
	at com.neovisionaries.ws.client.ReadingThread.main(ReadingThread.java:108) ~[nv-websocket-client-2.14.jar:na]
	at com.neovisionaries.ws.client.ReadingThread.runMain(ReadingThread.java:64) ~[nv-websocket-client-2.14.jar:na]
	at com.neovisionaries.ws.client.WebSocketThread.run(WebSocketThread.java:45) ~[nv-websocket-client-2.14.jar:na]
Caused by: org.hibernate.exception.ConstraintViolationException: could not execute statement
	at org.hibernate.exception.internal.SQLExceptionTypeDelegate.convert(SQLExceptionTypeDelegate.java:60) ~[hibernate-core-6.1.6.Final.jar:6.1.6.Final]
	at org.hibernate.exception.internal.StandardSQLExceptionConverter.convert(StandardSQLExceptionConverter.java:56) ~[hibernate-core-6.1.6.Final.jar:6.1.6.Final]
	at org.hibernate.engine.jdbc.spi.SqlExceptionHelper.convert(SqlExceptionHelper.java:109) ~[hibernate-core-6.1.6.Final.jar:6.1.6.Final]
	at org.hibernate.engine.jdbc.spi.SqlExceptionHelper.convert(SqlExceptionHelper.java:95) ~[hibernate-core-6.1.6.Final.jar:6.1.6.Final]
	at org.hibernate.engine.jdbc.internal.ResultSetReturnImpl.executeUpdate(ResultSetReturnImpl.java:200) ~[hibernate-core-6.1.6.Final.jar:6.1.6.Final]
	at org.hibernate.engine.jdbc.batch.internal.NonBatchingBatch.addToBatch(NonBatchingBatch.java:39) ~[hibernate-core-6.1.6.Final.jar:6.1.6.Final]
	at org.hibernate.persister.collection.AbstractCollectionPersister.recreate(AbstractCollectionPersister.java:1478) ~[hibernate-core-6.1.6.Final.jar:6.1.6.Final]
	at org.hibernate.action.internal.CollectionRecreateAction.execute(CollectionRecreateAction.java:47) ~[hibernate-core-6.1.6.Final.jar:6.1.6.Final]
	at org.hibernate.engine.spi.ActionQueue.executeActions(ActionQueue.java:612) ~[hibernate-core-6.1.6.Final.jar:6.1.6.Final]
	at org.hibernate.engine.spi.ActionQueue.lambda$executeActions$1(ActionQueue.java:483) ~[hibernate-core-6.1.6.Final.jar:6.1.6.Final]
	at java.base/java.util.LinkedHashMap.forEach(LinkedHashMap.java:721) ~[na:na]
	at org.hibernate.engine.spi.ActionQueue.executeActions(ActionQueue.java:480) ~[hibernate-core-6.1.6.Final.jar:6.1.6.Final]
	at org.hibernate.event.internal.AbstractFlushingEventListener.performExecutions(AbstractFlushingEventListener.java:329) ~[hibernate-core-6.1.6.Final.jar:6.1.6.Final]
	at org.hibernate.event.internal.DefaultFlushEventListener.onFlush(DefaultFlushEventListener.java:39) ~[hibernate-core-6.1.6.Final.jar:6.1.6.Final]
	at org.hibernate.event.service.internal.EventListenerGroupImpl.fireEventOnEachListener(EventListenerGroupImpl.java:107) ~[hibernate-core-6.1.6.Final.jar:6.1.6.Final]
	at org.hibernate.internal.SessionImpl.doFlush(SessionImpl.java:1425) ~[hibernate-core-6.1.6.Final.jar:6.1.6.Final]
	at org.hibernate.internal.SessionImpl.managedFlush(SessionImpl.java:477) ~[hibernate-core-6.1.6.Final.jar:6.1.6.Final]
	at org.hibernate.internal.SessionImpl.flushBeforeTransactionCompletion(SessionImpl.java:2234) ~[hibernate-core-6.1.6.Final.jar:6.1.6.Final]
	at org.hibernate.internal.SessionImpl.beforeTransactionCompletion(SessionImpl.java:1930) ~[hibernate-core-6.1.6.Final.jar:6.1.6.Final]
	at org.hibernate.engine.jdbc.internal.JdbcCoordinatorImpl.beforeTransactionCompletion(JdbcCoordinatorImpl.java:439) ~[hibernate-core-6.1.6.Final.jar:6.1.6.Final]
	at org.hibernate.resource.transaction.backend.jdbc.internal.JdbcResourceLocalTransactionCoordinatorImpl.beforeCompletionCallback(JdbcResourceLocalTransactionCoordinatorImpl.java:183) ~[hibernate-core-6.1.6.Final.jar:6.1.6.Final]
	at org.hibernate.resource.transaction.backend.jdbc.internal.JdbcResourceLocalTransactionCoordinatorImpl$TransactionDriverControlImpl.commit(JdbcResourceLocalTransactionCoordinatorImpl.java:281) ~[hibernate-core-6.1.6.Final.jar:6.1.6.Final]
	at org.hibernate.engine.transaction.internal.TransactionImpl.commit(TransactionImpl.java:101) ~[hibernate-core-6.1.6.Final.jar:6.1.6.Final]
	at org.springframework.orm.jpa.JpaTransactionManager.doCommit(JpaTransactionManager.java:562) ~[spring-orm-6.0.3.jar:6.0.3]
	... 30 common frames omitted
Caused by: org.h2.jdbc.JdbcSQLIntegrityConstraintViolationException: Referential integrity constraint violation: "fkc40ohaed91dh2r2rak16229ps: public.user_has_warn_points FOREIGN KEY(guild_warn_points_user_id, guild_warn_points_guild_id) REFERENCES public.guild_warn_points(user_id, guild_id) (160450060436504578, 316924712703754240)"; SQL statement:
insert into user_has_warn_points (guild_warn_points_user_id, guild_warn_points_guild_id, points_id) values (?, ?, ?) [23506-214]
	at org.h2.message.DbException.getJdbcSQLException(DbException.java:508) ~[h2-2.1.214.jar:2.1.214]
	at org.h2.message.DbException.getJdbcSQLException(DbException.java:477) ~[h2-2.1.214.jar:2.1.214]
	at org.h2.message.DbException.get(DbException.java:223) ~[h2-2.1.214.jar:2.1.214]
	at org.h2.message.DbException.get(DbException.java:199) ~[h2-2.1.214.jar:2.1.214]
	at org.h2.constraint.ConstraintReferential.checkRowOwnTable(ConstraintReferential.java:311) ~[h2-2.1.214.jar:2.1.214]
	at org.h2.constraint.ConstraintReferential.checkRow(ConstraintReferential.java:252) ~[h2-2.1.214.jar:2.1.214]
	at org.h2.table.Table.fireConstraints(Table.java:1172) ~[h2-2.1.214.jar:2.1.214]
	at org.h2.table.Table.fireAfterRow(Table.java:1190) ~[h2-2.1.214.jar:2.1.214]
	at org.h2.command.dml.Insert.insertRows(Insert.java:188) ~[h2-2.1.214.jar:2.1.214]
	at org.h2.command.dml.Insert.update(Insert.java:135) ~[h2-2.1.214.jar:2.1.214]
	at org.h2.command.dml.DataChangeStatement.update(DataChangeStatement.java:74) ~[h2-2.1.214.jar:2.1.214]
	at org.h2.command.CommandContainer.update(CommandContainer.java:169) ~[h2-2.1.214.jar:2.1.214]
	at org.h2.command.Command.executeUpdate(Command.java:252) ~[h2-2.1.214.jar:2.1.214]
	at org.h2.jdbc.JdbcPreparedStatement.executeUpdateInternal(JdbcPreparedStatement.java:209) ~[h2-2.1.214.jar:2.1.214]
	at org.h2.jdbc.JdbcPreparedStatement.executeUpdate(JdbcPreparedStatement.java:169) ~[h2-2.1.214.jar:2.1.214]
	at com.zaxxer.hikari.pool.ProxyPreparedStatement.executeUpdate(ProxyPreparedStatement.java:61) ~[HikariCP-5.0.1.jar:na]
	at com.zaxxer.hikari.pool.HikariProxyPreparedStatement.executeUpdate(HikariProxyPreparedStatement.java) ~[HikariCP-5.0.1.jar:na]
	at org.hibernate.engine.jdbc.internal.ResultSetReturnImpl.executeUpdate(ResultSetReturnImpl.java:197) ~[hibernate-core-6.1.6.Final.jar:6.1.6.Final]
	... 49 common frames omitted

Disconnected from the target VM, address: '127.0.0.1:52278', transport: 'socket'
2023-01-04T10:49:19.160+01:00  INFO 11422 --- [ionShutdownHook] j.LocalContainerEntityManagerFactoryBean : Closing JPA EntityManagerFactory for persistence unit 'default'
2023-01-04T10:49:19.163+01:00  INFO 11422 --- [ionShutdownHook] com.zaxxer.hikari.HikariDataSource       : HikariPool-1 - Shutdown initiated...
2023-01-04T10:49:19.165+01:00  INFO 11422 --- [ionShutdownHook] com.zaxxer.hikari.HikariDataSource       : HikariPool-1 - Shutdown completed.

Process finished with exit code 130 (interrupted by signal 2: SIGINT)