2010-04-29 11:36:48 org.hibernate.cfg.annotations.Version <clinit>
INFO: Hibernate Annotations 3.5.0-Final
2010-04-29 11:36:48 org.hibernate.cfg.Environment <clinit>
INFO: Hibernate 3.5.0-Final
2010-04-29 11:36:48 org.hibernate.cfg.Environment <clinit>
INFO: hibernate.properties not found
2010-04-29 11:36:48 org.hibernate.cfg.Environment buildBytecodeProvider
INFO: Bytecode provider name : javassist
2010-04-29 11:36:48 org.hibernate.cfg.Environment <clinit>
INFO: using JDK 1.4 java.sql.Timestamp handling
2010-04-29 11:36:48 org.hibernate.annotations.common.Version <clinit>
INFO: Hibernate Commons Annotations 3.2.0.Final
2010-04-29 11:36:48 org.hibernate.ejb.Version <clinit>
INFO: Hibernate EntityManager 3.5.0-Final
2010-04-29 11:36:49 org.hibernate.cfg.AnnotationBinder bindClass
INFO: Binding entity from annotated class: hhh5168.Book
2010-04-29 11:36:49 org.hibernate.cfg.annotations.EntityBinder bindTable
INFO: Bind entity hhh5168.Book on table Book
2010-04-29 11:36:49 org.hibernate.cfg.AnnotationBinder bindClass
INFO: Binding entity from annotated class: hhh5168.Category
2010-04-29 11:36:49 org.hibernate.cfg.annotations.EntityBinder bindTable
INFO: Bind entity hhh5168.Category on table Category
2010-04-29 11:36:49 org.hibernate.cfg.annotations.CollectionBinder bindOneToManySecondPass
INFO: Mapping collection: hhh5168.Category.books -> Book
2010-04-29 11:36:49 org.hibernate.cfg.AnnotationConfiguration applyHibernateValidatorLegacyConstraintsOnDDL
INFO: Hibernate Validator not found: ignoring
2010-04-29 11:36:49 org.hibernate.cfg.search.HibernateSearchEventListenerRegister enableHibernateSearch
INFO: Unable to find org.hibernate.search.event.FullTextIndexEventListener on the classpath. Hibernate Search is not enabled.
2010-04-29 11:36:49 org.hibernate.connection.DriverManagerConnectionProvider configure
INFO: Using Hibernate built-in connection pool (not for production use!)
2010-04-29 11:36:49 org.hibernate.connection.DriverManagerConnectionProvider configure
INFO: Hibernate connection pool size: 20
2010-04-29 11:36:49 org.hibernate.connection.DriverManagerConnectionProvider configure
INFO: autocommit mode: true
2010-04-29 11:36:49 org.hibernate.connection.DriverManagerConnectionProvider configure
INFO: using driver: com.ibm.db2.jcc.DB2Driver at URL: jdbc:db2://[...]
2010-04-29 11:36:49 org.hibernate.connection.DriverManagerConnectionProvider configure
INFO: connection properties: {user=[...], password=[...], autocommit=true, release_mode=auto}
2010-04-29 11:36:54 org.hibernate.cfg.SettingsFactory buildSettings
INFO: RDBMS: DB2/NT, version: SQL09013
2010-04-29 11:36:54 org.hibernate.cfg.SettingsFactory buildSettings
INFO: JDBC driver: IBM DB2 JDBC Universal Driver Architecture, version: 3.4.65
2010-04-29 11:36:55 org.hibernate.dialect.Dialect <init>
INFO: Using dialect: org.hibernate.dialect.DB2Dialect
2010-04-29 11:36:55 org.hibernate.engine.jdbc.JdbcSupportLoader useContextualLobCreation
INFO: Disabling contextual LOB creation as JDBC driver reported JDBC version [3] less than 4
2010-04-29 11:36:55 org.hibernate.transaction.TransactionFactoryFactory buildTransactionFactory
INFO: Transaction strategy: org.hibernate.transaction.JDBCTransactionFactory
2010-04-29 11:36:55 org.hibernate.transaction.TransactionManagerLookupFactory getTransactionManagerLookup
INFO: No TransactionManagerLookup configured (in JTA environment, use of read-write or transactional second-level cache is not recommended)
2010-04-29 11:36:55 org.hibernate.cfg.SettingsFactory buildSettings
INFO: Automatic flush during beforeCompletion(): disabled
2010-04-29 11:36:55 org.hibernate.cfg.SettingsFactory buildSettings
INFO: Automatic session close at end of transaction: disabled
2010-04-29 11:36:55 org.hibernate.cfg.SettingsFactory buildSettings
INFO: Scrollable result sets: enabled
2010-04-29 11:36:55 org.hibernate.cfg.SettingsFactory buildSettings
INFO: JDBC3 getGeneratedKeys(): enabled
2010-04-29 11:36:55 org.hibernate.cfg.SettingsFactory buildSettings
INFO: Connection release mode: auto
2010-04-29 11:36:55 org.hibernate.cfg.SettingsFactory buildSettings
INFO: Default batch fetch size: 1
2010-04-29 11:36:55 org.hibernate.cfg.SettingsFactory buildSettings
INFO: Generate SQL with comments: disabled
2010-04-29 11:36:55 org.hibernate.cfg.SettingsFactory buildSettings
INFO: Order SQL updates by primary key: disabled
2010-04-29 11:36:55 org.hibernate.cfg.SettingsFactory buildSettings
INFO: Order SQL inserts for batching: disabled
2010-04-29 11:36:55 org.hibernate.cfg.SettingsFactory createQueryTranslatorFactory
INFO: Query translator: org.hibernate.hql.ast.ASTQueryTranslatorFactory
2010-04-29 11:36:55 org.hibernate.hql.ast.ASTQueryTranslatorFactory <init>
INFO: Using ASTQueryTranslatorFactory
2010-04-29 11:36:55 org.hibernate.cfg.SettingsFactory buildSettings
INFO: Query language substitutions: {}
2010-04-29 11:36:55 org.hibernate.cfg.SettingsFactory buildSettings
INFO: JPA-QL strict compliance: enabled
2010-04-29 11:36:55 org.hibernate.cfg.SettingsFactory buildSettings
INFO: Second-level cache: enabled
2010-04-29 11:36:55 org.hibernate.cfg.SettingsFactory buildSettings
INFO: Query cache: disabled
2010-04-29 11:36:55 org.hibernate.cfg.SettingsFactory createRegionFactory
INFO: Cache region factory : org.hibernate.cache.impl.NoCachingRegionFactory
2010-04-29 11:36:55 org.hibernate.cfg.SettingsFactory buildSettings
INFO: Optimize cache for minimal puts: disabled
2010-04-29 11:36:55 org.hibernate.cfg.SettingsFactory buildSettings
INFO: Structured second-level cache entries: disabled
2010-04-29 11:36:55 org.hibernate.cfg.SettingsFactory buildSettings
INFO: Statistics: disabled
2010-04-29 11:36:55 org.hibernate.cfg.SettingsFactory buildSettings
INFO: Deleted entity synthetic identifier rollback: disabled
2010-04-29 11:36:55 org.hibernate.cfg.SettingsFactory buildSettings
INFO: Default entity-mode: pojo
2010-04-29 11:36:55 org.hibernate.cfg.SettingsFactory buildSettings
INFO: Named query checking : enabled
2010-04-29 11:36:55 org.hibernate.cfg.SettingsFactory buildSettings
INFO: Check Nullability in Core (should be disabled when Bean Validation is on): enabled
2010-04-29 11:36:55 org.hibernate.impl.SessionFactoryImpl <init>
INFO: building session factory
2010-04-29 11:36:55 org.hibernate.impl.SessionFactoryObjectFactory addInstance
INFO: Not binding factory to JNDI, no JNDI name configured
2010-04-29 11:36:55 org.hibernate.tool.hbm2ddl.SchemaExport execute
INFO: Running hbm2ddl schema export
2010-04-29 11:36:55 org.hibernate.tool.hbm2ddl.SchemaExport execute
INFO: exporting generated schema to database
2010-04-29 11:36:55 org.hibernate.tool.hbm2ddl.SchemaExport execute
INFO: schema export complete
2010-04-29 11:36:55 org.hibernate.util.JDBCExceptionReporter logExceptions
WARNING: SQL Error: -104, SQLState: 42601
2010-04-29 11:36:55 org.hibernate.util.JDBCExceptionReporter logExceptions
SEVERE: DB2 SQL error: SQLCODE: -104, SQLSTATE: 42601, SQLERRMC: cross;e0_ from Book book0_;)
2010-04-29 11:36:55 org.hibernate.util.JDBCExceptionReporter logExceptions
WARNING: SQL Error: -727, SQLState: 56098
2010-04-29 11:36:55 org.hibernate.util.JDBCExceptionReporter logExceptions
SEVERE: DB2 SQL error: SQLCODE: -727, SQLSTATE: 56098, SQLERRMC: 2;-104;42601;cross|e0_ from Book book0_|)
2010-04-29 11:36:55 org.hibernate.util.JDBCExceptionReporter logExceptions
WARNING: SQL Error: -727, SQLState: 56098
2010-04-29 11:36:55 org.hibernate.util.JDBCExceptionReporter logExceptions
SEVERE: DB2 SQL error: SQLCODE: -727, SQLSTATE: 56098, SQLERRMC: 2;-104;42601;cross|e0_ from Book book0_|)
Exception in thread "main" javax.persistence.PersistenceException: org.hibernate.exception.SQLGrammarException: could not execute query
	at org.hibernate.ejb.AbstractEntityManagerImpl.convert(AbstractEntityManagerImpl.java:1179)
	at org.hibernate.ejb.AbstractEntityManagerImpl.convert(AbstractEntityManagerImpl.java:1112)
	at org.hibernate.ejb.QueryImpl.getSingleResult(QueryImpl.java:297)
	at hhh5168.HHH5168.read(HHH5168.java:32)
	at hhh5168.HHH5168.main(HHH5168.java:16)
Caused by: org.hibernate.exception.SQLGrammarException: could not execute query
	at org.hibernate.exception.SQLStateConverter.convert(SQLStateConverter.java:92)
	at org.hibernate.exception.JDBCExceptionHelper.convert(JDBCExceptionHelper.java:66)
	at org.hibernate.loader.Loader.doList(Loader.java:2297)
	at org.hibernate.loader.Loader.listIgnoreQueryCache(Loader.java:2172)
	at org.hibernate.loader.Loader.list(Loader.java:2167)
	at org.hibernate.loader.hql.QueryLoader.list(QueryLoader.java:448)
	at org.hibernate.hql.ast.QueryTranslatorImpl.list(QueryTranslatorImpl.java:363)
	at org.hibernate.engine.query.HQLQueryPlan.performList(HQLQueryPlan.java:196)
	at org.hibernate.impl.SessionImpl.list(SessionImpl.java:1258)
	at org.hibernate.impl.QueryImpl.list(QueryImpl.java:102)
	at org.hibernate.ejb.QueryImpl.getSingleResult(QueryImpl.java:264)
	... 2 more
Caused by: com.ibm.db2.jcc.b.SqlException: DB2 SQL error: SQLCODE: -104, SQLSTATE: 42601, SQLERRMC: cross;e0_ from Book book0_;)
	at com.ibm.db2.jcc.b.hh.c(hh.java:1662)
	at com.ibm.db2.jcc.b.hh.d(hh.java:1650)
	at com.ibm.db2.jcc.b.hh.a(hh.java:1219)
	at com.ibm.db2.jcc.c.db.g(db.java:139)
	at com.ibm.db2.jcc.c.db.a(db.java:39)
	at com.ibm.db2.jcc.c.t.a(t.java:34)
	at com.ibm.db2.jcc.c.sb.f(sb.java:142)
	at com.ibm.db2.jcc.b.hh.n(hh.java:1190)
	at com.ibm.db2.jcc.b.ih.eb(ih.java:1997)
	at com.ibm.db2.jcc.b.ih.d(ih.java:2439)
	at com.ibm.db2.jcc.b.ih.V(ih.java:492)
	at com.ibm.db2.jcc.b.ih.executeQuery(ih.java:475)
	at org.hibernate.jdbc.AbstractBatcher.getResultSet(AbstractBatcher.java:208)
	at org.hibernate.loader.Loader.getResultSet(Loader.java:1849)
	at org.hibernate.loader.Loader.doQuery(Loader.java:718)
	at org.hibernate.loader.Loader.doQueryAndInitializeNonLazyCollections(Loader.java:270)
	at org.hibernate.loader.Loader.doList(Loader.java:2294)
	... 10 more
