[5/23/07 17:08:17:181 GMT-07:00] 0000003b EJBContainerI I   WSVR0057I: EJB jar started: ecasServerEjb.jar
[5/23/07 17:08:17:268 GMT-07:00] 0000003b WebGroup      A   SRVE0169I: Loading Web Module: HTTP router for ecasServerEjb.jar.
[5/23/07 17:08:22:471 GMT-07:00] 0000003b VirtualHost   I   SRVE0250I: Web Module HTTP router for ecasServerEjb.jar has been bound to default_host[*:9084,*:80,*:9447,*:5060,*:5061,*:443].
[5/23/07 17:08:22:515 GMT-07:00] 0000003b ApplicationMg A   WSVR0221I: Application started: crjupdsm_e-Courier
[5/23/07 17:09:04:207 GMT-07:00] 00000024 SystemOut     O delegate class name: com.aciworldwide.ecourier.auth.websphere.WebSphereUsernamePasswordLoginModule
[5/23/07 17:09:04:207 GMT-07:00] 00000024 SystemOut     O Using the current thread class loader
[5/23/07 17:09:04:405 GMT-07:00] 00000024 SystemOut     O DEBUG: (Wed May 23 17:09:04 GMT-07:00 2007) <com.aciworldwide.ecourier.auth.AbstractEcourierLoginModule>[debugTrace] - initialize() - method entry.
[5/23/07 17:09:04:585 GMT-07:00] 00000024 SystemOut     O DEBUG: (Wed May 23 17:09:04 GMT-07:00 2007) <com.aciworldwide.ecourier.auth.AbstractEcourierLoginModule>[debugTrace] - login() - method entry
[5/23/07 17:09:04:764 GMT-07:00] 00000024 SystemOut     O DEBUG: (Wed May 23 17:09:04 GMT-07:00 2007) <com.aciworldwide.ecourier.auth.AuthtableLoginModule>[doCustomLogin] - doCustomLogin - method entry
[5/23/07 17:09:04:950 GMT-07:00] 00000024 SystemOut     O DEBUG: (Wed May 23 17:09:04 GMT-07:00 2007) <com.aciworldwide.ecourier.auth.AuthtableLoginModule>[validateCredentials] - validateCredentials - method entry
[5/23/07 17:09:05:135 GMT-07:00] 00000024 SystemOut     O DEBUG: (Wed May 23 17:09:04 GMT-07:00 2007) <com.aciworldwide.ecourier.auth.AbstractEcourierLoginModule>[debugTrace] - Validating credentials for user Administrator in issuer crjupdsm
[5/23/07 17:09:05:559 GMT-07:00] 00000024 SystemOut     O DEBUG: (Wed May 23 17:09:05 GMT-07:00 2007) <com.aciworldwide.ecourier.auth.AuthtableLoginModule>[validateCredentials] - validateCredentials - method exit
[5/23/07 17:09:05:742 GMT-07:00] 00000024 SystemOut     O DEBUG: (Wed May 23 17:09:05 GMT-07:00 2007) <com.aciworldwide.ecourier.auth.AbstractEcourierLoginModule>[debugTrace] - login successful
[5/23/07 17:09:05:926 GMT-07:00] 00000024 SystemOut     O DEBUG: (Wed May 23 17:09:05 GMT-07:00 2007) <com.aciworldwide.ecourier.auth.AuthtableLoginModule>[doCustomLogin] - doCustomLogin - method exit
[5/23/07 17:09:06:106 GMT-07:00] 00000024 SystemOut     O DEBUG: (Wed May 23 17:09:05 GMT-07:00 2007) <com.aciworldwide.ecourier.auth.AbstractEcourierLoginModule>[debugTrace] - login() - wrote shared state map entries for successful authentication.
[5/23/07 17:09:06:106 GMT-07:00] 00000024 SystemOut     O delegate class name: com.aciworldwide.ecourier.auth.websphere.WebSphereSAMLLoginModule
[5/23/07 17:09:06:107 GMT-07:00] 00000024 SystemOut     O Using the current thread class loader
[5/23/07 17:09:06:286 GMT-07:00] 00000024 SystemOut     O DEBUG: (Wed May 23 17:09:06 GMT-07:00 2007) <com.aciworldwide.ecourier.auth.AbstractEcourierLoginModule>[debugTrace] - initialize() - method entry.
[5/23/07 17:09:06:470 GMT-07:00] 00000024 SystemOut     O DEBUG: (Wed May 23 17:09:06 GMT-07:00 2007) <com.aciworldwide.ecourier.auth.AbstractEcourierLoginModule>[debugTrace] - login() - method entry
[5/23/07 17:09:06:471 GMT-07:00] 00000024 SystemOut     O delegate class name: com.aciworldwide.ecourier.auth.websphere.WebSphereEcourierPolicyLoginModule
[5/23/07 17:09:06:471 GMT-07:00] 00000024 SystemOut     O Using the current thread class loader
[5/23/07 17:09:06:653 GMT-07:00] 00000024 SystemOut     O DEBUG: (Wed May 23 17:09:06 GMT-07:00 2007) <com.aciworldwide.ecourier.auth.AbstractEcourierLoginModule>[debugTrace] - initialize() - method entry.
[5/23/07 17:09:06:833 GMT-07:00] 00000024 SystemOut     O DEBUG: (Wed May 23 17:09:06 GMT-07:00 2007) <com.aciworldwide.ecourier.auth.AbstractEcourierLoginModule>[debugTrace] - login() - method entry
[5/23/07 17:09:07:019 GMT-07:00] 00000024 SystemOut     O DEBUG: (Wed May 23 17:09:06 GMT-07:00 2007) <com.aciworldwide.ecourier.auth.AbstractEcourierLoginModule>[debugTrace] - login() - method entry.
[5/23/07 17:09:07:235 GMT-07:00] 00000024 SystemOut     O DEBUG: (Wed May 23 17:09:07 GMT-07:00 2007) <com.aciworldwide.ecourier.auth.EcourierPolicyLoginModule>[login] - login - method exit
[5/23/07 17:09:07:424 GMT-07:00] 00000024 SystemOut     O DEBUG: (Wed May 23 17:09:07 GMT-07:00 2007) <com.aciworldwide.ecourier.auth.AbstractEcourierLoginModule>[debugTrace] - Got e-Courier user com.aciworldwide.ecourier.auth.EcourierUser@24a624a6 from the shared state.
[5/23/07 17:09:07:615 GMT-07:00] 00000024 SystemOut     O DEBUG: (Wed May 23 17:09:07 GMT-07:00 2007) <com.aciworldwide.ecourier.auth.AbstractEcourierLoginModule>[debugTrace] - Remapping group IDs using template "cn=${ecourier_role_id},o=defaultwimfilebasedrealm"
[5/23/07 17:09:07:810 GMT-07:00] 00000024 SystemOut     O DEBUG: (Wed May 23 17:09:07 GMT-07:00 2007) <com.aciworldwide.ecourier.auth.AbstractEcourierLoginModule>[debugTrace] - Stored credentials for crjupdsm/2 in shared state.
[5/23/07 17:09:08:019 GMT-07:00] 00000024 SystemOut     O DEBUG: (Wed May 23 17:09:07 GMT-07:00 2007) <com.aciworldwide.ecourier.auth.AbstractEcourierLoginModule>[debugTrace] - commit() - method entry.
[5/23/07 17:09:08:207 GMT-07:00] 00000024 SystemOut     O DEBUG: (Wed May 23 17:09:08 GMT-07:00 2007) <com.aciworldwide.ecourier.auth.AbstractEcourierLoginModule>[debugTrace] - commit() - method entry.
[5/23/07 17:09:08:398 GMT-07:00] 00000024 SystemOut     O DEBUG: (Wed May 23 17:09:08 GMT-07:00 2007) <com.aciworldwide.ecourier.auth.AbstractEcourierLoginModule>[debugTrace] - commit() - method entry.
[5/23/07 17:09:08:589 GMT-07:00] 00000024 SystemOut     O DEBUG: (Wed May 23 17:09:08 GMT-07:00 2007) <com.aciworldwide.ecourier.auth.AbstractEcourierLoginModule>[debugTrace] - shared state contains: [com.aciworldwide.ecourier.security.authentication.issuerId, com.aciworldwide.ecourier.security.authentication.principalType, com.ibm.wsspi.security.token.wsSingleSignonToken, com.aciworldwide.ecourier.security.authentication.loginOk, com.ibm.wsspi.security.token.wsAuthorizationToken, WSCredential, WSPrincipal, com.aciworldwide.ecourier.security.authentication.userId, com.aciworldwide.ecourier.security.authentication.loginAttempted, com.ibm.wsspi.security.cred.propertiesObject, com.ibm.wsspi.security.token.wsAuthenticationToken, Callback, com.aciworldwide.ecourier.security.authentication.principal]
[5/23/07 17:09:08:776 GMT-07:00] 00000024 SystemOut     O DEBUG: (Wed May 23 17:09:08 GMT-07:00 2007) <com.aciworldwide.ecourier.auth.EcourierPolicyLoginModule>[commit] - commit - method exit
[5/23/07 17:09:15:179 GMT-07:00] 00000024 Environment   I org.hibernate.cfg.Environment <clinit> Hibernate 3.2.4.sp1
[5/23/07 17:09:15:222 GMT-07:00] 00000024 Environment   I org.hibernate.cfg.Environment <clinit> loaded properties from resource hibernate.properties: {hibernate.bytecode.use_reflection_optimizer=false}
[5/23/07 17:09:15:264 GMT-07:00] 00000024 Environment   I org.hibernate.cfg.Environment buildBytecodeProvider Bytecode provider name : cglib
[5/23/07 17:09:15:306 GMT-07:00] 00000024 Environment   I org.hibernate.cfg.Environment <clinit> using JDK 1.4 java.sql.Timestamp handling
[5/23/07 17:09:15:423 GMT-07:00] 00000024 Configuration I org.hibernate.cfg.Configuration configure configuring from url: wsjar:file:/opt/IBM/WAS61/AppServer/profiles/Ecourier38/installedApps/gigerNode02Cell/crjupdsm_e-Courier.ear/ecasIssuerOptions.jar!/ecourier_hibernate.cfg.xml
[5/23/07 17:09:15:531 GMT-07:00] 00000024 Configuration I org.hibernate.cfg.Configuration doConfigure Configured SessionFactory: null
[5/23/07 17:09:15:572 GMT-07:00] 00000024 Configuration I org.hibernate.cfg.Configuration addClass Reading mappings from resource: com/aciworldwide/ecourier/dsmv2/data/DsmDocumentEventValue.hbm.xml
[5/23/07 17:09:15:602 GMT-07:00] 00000024 Configuration I org.hibernate.cfg.Configuration addResource Reading mappings from resource: com/aciworldwide/ecourier/dsmv2/data/DsmDocumentEventValue.hbm.xml
[5/23/07 17:09:15:758 GMT-07:00] 00000024 HbmBinder     I org.hibernate.cfg.HbmBinder bindRootPersistentClassCommonValues Mapping class: com.aciworldwide.ecourier.dsmv2.data.DsmDocumentEventValue -> dsm_document_event
[5/23/07 17:09:15:851 GMT-07:00] 00000024 Configuration I org.hibernate.cfg.Configuration addClass Reading mappings from resource: com/aciworldwide/ecourier/dsmv2/data/DsmDocumentValue.hbm.xml
[5/23/07 17:09:15:882 GMT-07:00] 00000024 Configuration I org.hibernate.cfg.Configuration addResource Reading mappings from resource: com/aciworldwide/ecourier/dsmv2/data/DsmDocumentValue.hbm.xml
[5/23/07 17:09:16:026 GMT-07:00] 00000024 HbmBinder     I org.hibernate.cfg.HbmBinder bindRootPersistentClassCommonValues Mapping class: com.aciworldwide.ecourier.dsmv2.data.DsmDocumentValue -> dsm_document
[5/23/07 17:09:16:061 GMT-07:00] 00000024 Configuration I org.hibernate.cfg.Configuration addClass Reading mappings from resource: com/aciworldwide/ecourier/dsmv2/data/DsmApplicationDataValue.hbm.xml
[5/23/07 17:09:16:092 GMT-07:00] 00000024 Configuration I org.hibernate.cfg.Configuration addResource Reading mappings from resource: com/aciworldwide/ecourier/dsmv2/data/DsmApplicationDataValue.hbm.xml
[5/23/07 17:09:16:229 GMT-07:00] 00000024 HbmBinder     I org.hibernate.cfg.HbmBinder bindRootPersistentClassCommonValues Mapping class: com.aciworldwide.ecourier.dsmv2.data.DsmApplicationDataValue -> dsm_application_data
[5/23/07 17:09:16:268 GMT-07:00] 00000024 Configuration I org.hibernate.cfg.Configuration addClass Reading mappings from resource: com/aciworldwide/ecourier/dsmv2/data/DsmDocumentEventPropertyValue.hbm.xml
[5/23/07 17:09:16:299 GMT-07:00] 00000024 Configuration I org.hibernate.cfg.Configuration addResource Reading mappings from resource: com/aciworldwide/ecourier/dsmv2/data/DsmDocumentEventPropertyValue.hbm.xml
[5/23/07 17:09:16:427 GMT-07:00] 00000024 HbmBinder     I org.hibernate.cfg.HbmBinder bindRootPersistentClassCommonValues Mapping class: com.aciworldwide.ecourier.dsmv2.data.DsmDocumentEventPropertyValue -> dsm_document_event_property
[5/23/07 17:09:16:461 GMT-07:00] 00000024 Configuration I org.hibernate.cfg.Configuration addClass Reading mappings from resource: com/aciworldwide/ecourier/dsmv2/data/DsmApplicationDataPropertyValue.hbm.xml
[5/23/07 17:09:16:492 GMT-07:00] 00000024 Configuration I org.hibernate.cfg.Configuration addResource Reading mappings from resource: com/aciworldwide/ecourier/dsmv2/data/DsmApplicationDataPropertyValue.hbm.xml
[5/23/07 17:09:16:618 GMT-07:00] 00000024 HbmBinder     I org.hibernate.cfg.HbmBinder bindRootPersistentClassCommonValues Mapping class: com.aciworldwide.ecourier.dsmv2.data.DsmApplicationDataPropertyValue -> dsm_application_data_property
[5/23/07 17:09:16:650 GMT-07:00] 00000024 Configuration I org.hibernate.cfg.Configuration addClass Reading mappings from resource: com/aciworldwide/ecourier/dsmv2/data/DsmDocumentPropertyValue.hbm.xml
[5/23/07 17:09:16:681 GMT-07:00] 00000024 Configuration I org.hibernate.cfg.Configuration addResource Reading mappings from resource: com/aciworldwide/ecourier/dsmv2/data/DsmDocumentPropertyValue.hbm.xml
[5/23/07 17:09:16:808 GMT-07:00] 00000024 HbmBinder     I org.hibernate.cfg.HbmBinder bindRootPersistentClassCommonValues Mapping class: com.aciworldwide.ecourier.dsmv2.data.DsmDocumentPropertyValue -> dsm_document_property
[5/23/07 17:09:16:839 GMT-07:00] 00000024 Configuration I org.hibernate.cfg.Configuration addClass Reading mappings from resource: com/aciworldwide/ecourier/dsmv2/data/DsmRawDataValue.hbm.xml
[5/23/07 17:09:16:870 GMT-07:00] 00000024 Configuration I org.hibernate.cfg.Configuration addResource Reading mappings from resource: com/aciworldwide/ecourier/dsmv2/data/DsmRawDataValue.hbm.xml
[5/23/07 17:09:17:010 GMT-07:00] 00000024 HbmBinder     I org.hibernate.cfg.HbmBinder bindRootPersistentClassCommonValues Mapping class: com.aciworldwide.ecourier.dsmv2.data.DsmRawDataValue -> dsm_raw_data
[5/23/07 17:09:17:042 GMT-07:00] 00000024 Configuration I org.hibernate.cfg.Configuration addClass Reading mappings from resource: com/aciworldwide/ecourier/dsmv2/data/DsmRawDataPropertyValue.hbm.xml
[5/23/07 17:09:17:073 GMT-07:00] 00000024 Configuration I org.hibernate.cfg.Configuration addResource Reading mappings from resource: com/aciworldwide/ecourier/dsmv2/data/DsmRawDataPropertyValue.hbm.xml
[5/23/07 17:09:17:200 GMT-07:00] 00000024 HbmBinder     I org.hibernate.cfg.HbmBinder bindRootPersistentClassCommonValues Mapping class: com.aciworldwide.ecourier.dsmv2.data.DsmRawDataPropertyValue -> dsm_raw_data_property
[5/23/07 17:09:17:232 GMT-07:00] 00000024 HbmBinder     I org.hibernate.cfg.HbmBinder bindCollectionSecondPass Mapping collection: com.aciworldwide.ecourier.dsmv2.data.DsmDocumentEventValue.properties -> dsm_document_event_property
[5/23/07 17:09:17:265 GMT-07:00] 00000024 HbmBinder     I org.hibernate.cfg.HbmBinder bindCollectionSecondPass Mapping collection: com.aciworldwide.ecourier.dsmv2.data.DsmDocumentValue.properties -> dsm_document_property
[5/23/07 17:09:17:296 GMT-07:00] 00000024 HbmBinder     I org.hibernate.cfg.HbmBinder bindCollectionSecondPass Mapping collection: com.aciworldwide.ecourier.dsmv2.data.DsmDocumentValue.events -> dsm_document_event
[5/23/07 17:09:17:327 GMT-07:00] 00000024 HbmBinder     I org.hibernate.cfg.HbmBinder bindCollectionSecondPass Mapping collection: com.aciworldwide.ecourier.dsmv2.data.DsmApplicationDataValue.properties -> dsm_application_data_property
[5/23/07 17:09:17:358 GMT-07:00] 00000024 HbmBinder     I org.hibernate.cfg.HbmBinder bindCollectionSecondPass Mapping collection: com.aciworldwide.ecourier.dsmv2.data.DsmApplicationDataValue.documents -> dsm_document
[5/23/07 17:09:17:389 GMT-07:00] 00000024 HbmBinder     I org.hibernate.cfg.HbmBinder bindCollectionSecondPass Mapping collection: com.aciworldwide.ecourier.dsmv2.data.DsmRawDataValue.applicationData -> dsm_application_data
[5/23/07 17:09:17:420 GMT-07:00] 00000024 HbmBinder     I org.hibernate.cfg.HbmBinder bindCollectionSecondPass Mapping collection: com.aciworldwide.ecourier.dsmv2.data.DsmRawDataValue.properties -> dsm_raw_data_property
[5/23/07 17:09:17:493 GMT-07:00] 00000024 NamingHelper  I org.hibernate.util.NamingHelper getInitialContext JNDI InitialContext properties:{}
[5/23/07 17:09:17:530 GMT-07:00] 00000024 DatasourceCon I org.hibernate.connection.DatasourceConnectionProvider configure Using datasource: jdbc/ecourier-crjupdsmDS
[5/23/07 17:09:17:561 GMT-07:00] 00000024 SettingsFacto I org.hibernate.cfg.SettingsFactory buildSettings RDBMS: Oracle, version: Oracle9i Release 9.2.0.4.0 - Production
JServer Release 9.2.0.4.0 - Production
[5/23/07 17:09:17:592 GMT-07:00] 00000024 SettingsFacto I org.hibernate.cfg.SettingsFactory buildSettings JDBC driver: Oracle JDBC driver, version: 9.2.0.6.0
[5/23/07 17:09:17:643 GMT-07:00] 00000024 Dialect       I org.hibernate.dialect.Dialect <init> Using dialect: org.hibernate.dialect.Oracle9Dialect
[5/23/07 17:09:17:680 GMT-07:00] 00000024 TransactionFa I org.hibernate.transaction.TransactionFactoryFactory buildTransactionFactory Transaction strategy: org.hibernate.transaction.CMTTransactionFactory
[5/23/07 17:09:17:714 GMT-07:00] 00000024 TransactionMa I org.hibernate.transaction.TransactionManagerLookupFactory getTransactionManagerLookup instantiating TransactionManagerLookup: com.aciworldwide.ecourier.utility.hibernate.extensions.WebSphereExtendedJTATransactionLookup
[5/23/07 17:09:17:746 GMT-07:00] 00000024 TransactionMa I org.hibernate.transaction.TransactionManagerLookupFactory getTransactionManagerLookup instantiated TransactionManagerLookup
[5/23/07 17:09:17:777 GMT-07:00] 00000024 SettingsFacto I org.hibernate.cfg.SettingsFactory buildSettings Automatic flush during beforeCompletion(): enabled
[5/23/07 17:09:17:808 GMT-07:00] 00000024 SettingsFacto I org.hibernate.cfg.SettingsFactory buildSettings Automatic session close at end of transaction: enabled
[5/23/07 17:09:17:841 GMT-07:00] 00000024 SettingsFacto I org.hibernate.cfg.SettingsFactory buildSettings Scrollable result sets: enabled
[5/23/07 17:09:17:872 GMT-07:00] 00000024 SettingsFacto I org.hibernate.cfg.SettingsFactory buildSettings JDBC3 getGeneratedKeys(): disabled
[5/23/07 17:09:17:903 GMT-07:00] 00000024 SettingsFacto I org.hibernate.cfg.SettingsFactory buildSettings Connection release mode: auto
[5/23/07 17:09:17:935 GMT-07:00] 00000024 SettingsFacto I org.hibernate.cfg.SettingsFactory buildSettings Maximum outer join fetch depth: 3
[5/23/07 17:09:17:968 GMT-07:00] 00000024 SettingsFacto I org.hibernate.cfg.SettingsFactory buildSettings Default batch fetch size: 1
[5/23/07 17:09:18:003 GMT-07:00] 00000024 SettingsFacto I org.hibernate.cfg.SettingsFactory buildSettings Generate SQL with comments: disabled
[5/23/07 17:09:18:036 GMT-07:00] 00000024 SettingsFacto I org.hibernate.cfg.SettingsFactory buildSettings Order SQL updates by primary key: enabled
[5/23/07 17:09:18:067 GMT-07:00] 00000024 SettingsFacto I org.hibernate.cfg.SettingsFactory buildSettings Order SQL inserts for batching: disabled
[5/23/07 17:09:18:098 GMT-07:00] 00000024 SettingsFacto I org.hibernate.cfg.SettingsFactory createQueryTranslatorFactory Query translator: org.hibernate.hql.ast.ASTQueryTranslatorFactory
[5/23/07 17:09:18:138 GMT-07:00] 00000024 ASTQueryTrans I org.hibernate.hql.ast.ASTQueryTranslatorFactory <init> Using ASTQueryTranslatorFactory
[5/23/07 17:09:18:169 GMT-07:00] 00000024 SettingsFacto I org.hibernate.cfg.SettingsFactory buildSettings Query language substitutions: {}
[5/23/07 17:09:18:200 GMT-07:00] 00000024 SettingsFacto I org.hibernate.cfg.SettingsFactory buildSettings JPA-QL strict compliance: disabled
[5/23/07 17:09:18:231 GMT-07:00] 00000024 SettingsFacto I org.hibernate.cfg.SettingsFactory buildSettings Second-level cache: enabled
[5/23/07 17:09:18:262 GMT-07:00] 00000024 SettingsFacto I org.hibernate.cfg.SettingsFactory buildSettings Query cache: disabled
[5/23/07 17:09:18:293 GMT-07:00] 00000024 SettingsFacto I org.hibernate.cfg.SettingsFactory createCacheProvider Cache provider: org.hibernate.cache.NoCacheProvider
[5/23/07 17:09:18:324 GMT-07:00] 00000024 SettingsFacto I org.hibernate.cfg.SettingsFactory buildSettings Optimize cache for minimal puts: disabled
[5/23/07 17:09:18:355 GMT-07:00] 00000024 SettingsFacto I org.hibernate.cfg.SettingsFactory buildSettings Structured second-level cache entries: disabled
[5/23/07 17:09:18:389 GMT-07:00] 00000024 SettingsFacto I org.hibernate.cfg.SettingsFactory buildSettings Echoing all SQL to stdout
[5/23/07 17:09:18:420 GMT-07:00] 00000024 SettingsFacto I org.hibernate.cfg.SettingsFactory buildSettings Statistics: disabled
[5/23/07 17:09:18:452 GMT-07:00] 00000024 SettingsFacto I org.hibernate.cfg.SettingsFactory buildSettings Deleted entity synthetic identifier rollback: disabled
[5/23/07 17:09:18:482 GMT-07:00] 00000024 SettingsFacto I org.hibernate.cfg.SettingsFactory buildSettings Default entity-mode: pojo
[5/23/07 17:09:18:513 GMT-07:00] 00000024 SettingsFacto I org.hibernate.cfg.SettingsFactory buildSettings Named query checking : enabled
[5/23/07 17:09:18:578 GMT-07:00] 00000024 SessionFactor I org.hibernate.impl.SessionFactoryImpl <init> building session factory
[5/23/07 17:09:19:141 GMT-07:00] 00000024 SessionFactor I org.hibernate.impl.SessionFactoryObjectFactory addInstance Not binding factory to JNDI, no JNDI name configured
[5/23/07 17:09:19:183 GMT-07:00] 00000024 NamingHelper  I org.hibernate.util.NamingHelper getInitialContext JNDI InitialContext properties:{}
[5/23/07 17:09:19:249 GMT-07:00] 00000024 NamingHelper  I org.hibernate.util.NamingHelper getInitialContext JNDI InitialContext properties:{}
[5/23/07 17:09:19:284 GMT-07:00] 00000024 NamingHelper  I org.hibernate.util.NamingHelper getInitialContext JNDI InitialContext properties:{}
[5/23/07 17:09:19:300 GMT-07:00] 00000024 SystemOut     O Hibernate: select dsmdocumen0_.document_id as document1_1_0_, dsmdocumen0_.application_data_id as applicat2_1_0_, dsmdocumen0_.parent_document_id as parent3_1_0_, dsmdocumen0_.channel_type as channel4_1_0_, dsmdocumen0_.physical_channel_type as physical5_1_0_, dsmdocumen0_.message_id as message6_1_0_, dsmdocumen0_.destination_address as destinat7_1_0_, dsmdocumen0_.document_definition_id as document8_1_0_, dsmdocumen0_.user_id as user9_1_0_, dsmdocumen0_.account_class as account10_1_0_, dsmdocumen0_.account_number as account11_1_0_, dsmdocumen0_.job_id as job12_1_0_, dsmdocumen0_.creation_date as creation13_1_0_ from dsm_document dsmdocumen0_ where dsmdocumen0_.document_id=?
[5/23/07 17:09:19:356 GMT-07:00] 00000024 NamingHelper  I org.hibernate.util.NamingHelper getInitialContext JNDI InitialContext properties:{}
[5/23/07 17:09:19:361 GMT-07:00] 00000024 SystemOut     O Hibernate: select events0_.document_id as document2_1_, events0_.document_event_id as document1_1_, events0_.document_event_id as document1_0_0_, events0_.document_id as document2_0_0_, events0_.document_event_type as document3_0_0_, events0_.description as descript4_0_0_, events0_.event_date as event5_0_0_ from dsm_document_event events0_ where events0_.document_id=? order by events0_.event_date desc
[5/23/07 17:09:19:371 GMT-07:00] 00000024 SystemOut     O Hibernate: select properties0_.document_event_id as document1_1_, properties0_.property_name as property2_1_, properties0_.document_event_id as document1_3_0_, properties0_.property_name as property2_3_0_, properties0_.property_value as property3_3_0_ from dsm_document_event_property properties0_ where properties0_.document_event_id=?
[5/23/07 17:09:19:376 GMT-07:00] 00000024 SystemOut     O Hibernate: select properties0_.document_event_id as document1_1_, properties0_.property_name as property2_1_, properties0_.document_event_id as document1_3_0_, properties0_.property_name as property2_3_0_, properties0_.property_value as property3_3_0_ from dsm_document_event_property properties0_ where properties0_.document_event_id=?
[5/23/07 17:09:19:479 GMT-07:00] 00000025 NamingHelper  I org.hibernate.util.NamingHelper getInitialContext JNDI InitialContext properties:{}
[5/23/07 17:09:19:513 GMT-07:00] 00000025 NamingHelper  I org.hibernate.util.NamingHelper getInitialContext JNDI InitialContext properties:{}
[5/23/07 17:09:19:547 GMT-07:00] 00000025 NamingHelper  I org.hibernate.util.NamingHelper getInitialContext JNDI InitialContext properties:{}
[5/23/07 17:09:19:552 GMT-07:00] 00000025 SystemOut     O Hibernate: select dsmdocumen0_.document_id as document1_1_0_, dsmdocumen0_.application_data_id as applicat2_1_0_, dsmdocumen0_.parent_document_id as parent3_1_0_, dsmdocumen0_.channel_type as channel4_1_0_, dsmdocumen0_.physical_channel_type as physical5_1_0_, dsmdocumen0_.message_id as message6_1_0_, dsmdocumen0_.destination_address as destinat7_1_0_, dsmdocumen0_.document_definition_id as document8_1_0_, dsmdocumen0_.user_id as user9_1_0_, dsmdocumen0_.account_class as account10_1_0_, dsmdocumen0_.account_number as account11_1_0_, dsmdocumen0_.job_id as job12_1_0_, dsmdocumen0_.creation_date as creation13_1_0_ from dsm_document dsmdocumen0_ where dsmdocumen0_.document_id=?
[5/23/07 17:09:19:586 GMT-07:00] 00000025 NamingHelper  I org.hibernate.util.NamingHelper getInitialContext JNDI InitialContext properties:{}
[5/23/07 17:09:19:621 GMT-07:00] 00000025 NamingHelper  I org.hibernate.util.NamingHelper getInitialContext JNDI InitialContext properties:{}
[5/23/07 17:09:19:627 GMT-07:00] 00000025 SystemOut     O Hibernate: select events0_.document_id as document2_1_, events0_.document_event_id as document1_1_, events0_.document_event_id as document1_0_0_, events0_.document_id as document2_0_0_, events0_.document_event_type as document3_0_0_, events0_.description as descript4_0_0_, events0_.event_date as event5_0_0_ from dsm_document_event events0_ where events0_.document_id=? order by events0_.event_date desc
[5/23/07 17:09:19:633 GMT-07:00] 00000025 SystemOut     O Hibernate: select dsmdocumen_.document_event_id, dsmdocumen_.document_id as document2_0_, dsmdocumen_.document_event_type as document3_0_, dsmdocumen_.description as descript4_0_, dsmdocumen_.event_date as event5_0_ from dsm_document_event dsmdocumen_ where dsmdocumen_.document_event_id=?
[5/23/07 17:09:19:701 GMT-07:00] 00000025 NamingHelper  I org.hibernate.util.NamingHelper getInitialContext JNDI InitialContext properties:{}
[5/23/07 17:09:19:877 GMT-07:00] 00000025 javaURLContex E   NMSV0310E: A JNDI operation on a "java:" name cannot be completed because the server runtime is not able to associate the operation's thread with any J2EE application component. This condition can occur when the JNDI client using the "java:" name is not executed on the thread of a server application request. Make sure that a J2EE application does not execute JNDI operations on "java:" names within static code blocks or in threads created by that J2EE application. Such code does not necessarily run on the thread of a server application request and therefore is not supported by JNDI operations on "java:" names. Exception stack trace: 
javax.naming.ConfigurationException [Root exception is javax.naming.NameNotFoundException: Name comp/websphere not found in context "java:".]
	at com.ibm.ws.naming.java.javaURLContextImpl.throwConfigurationExceptionWithDefaultJavaNS(javaURLContextImpl.java:411)
	at com.ibm.ws.naming.java.javaURLContextImpl.lookup(javaURLContextImpl.java:388)
	at com.ibm.ws.naming.java.javaURLContextRoot.lookup(javaURLContextRoot.java:204)
	at com.ibm.ws.naming.java.javaURLContextRoot.lookup(javaURLContextRoot.java:144)
	at javax.naming.InitialContext.lookup(InitialContext.java:363)
	at com.aciworldwide.ecourier.utility.hibernate.extensions.WebSphereExtendedJTATransactionLookup$TransactionManagerAdapter$TransactionAdapter.getExtendedJTATransaction(WebSphereExtendedJTATransactionLookup.java:126)
	at com.aciworldwide.ecourier.utility.hibernate.extensions.WebSphereExtendedJTATransactionLookup$TransactionManagerAdapter$TransactionAdapter.getLocalId(WebSphereExtendedJTATransactionLookup.java:191)
	at com.aciworldwide.ecourier.utility.hibernate.extensions.WebSphereExtendedJTATransactionLookup$TransactionManagerAdapter$TransactionAdapter.getStatus(WebSphereExtendedJTATransactionLookup.java:216)
	at org.hibernate.util.JTAHelper.isTransactionInProgress(JTAHelper.java:44)
	at org.hibernate.transaction.CMTTransactionFactory.isTransactionInProgress(CMTTransactionFactory.java:47)
	at org.hibernate.jdbc.JDBCContext.isTransactionInProgress(JDBCContext.java:187)
	at org.hibernate.event.def.AbstractSaveEventListener.performSaveOrReplicate(AbstractSaveEventListener.java:240)
	at org.hibernate.event.def.AbstractSaveEventListener.performSave(AbstractSaveEventListener.java:181)
	at org.hibernate.event.def.AbstractSaveEventListener.saveWithGeneratedId(AbstractSaveEventListener.java:121)
	at org.hibernate.event.def.DefaultSaveOrUpdateEventListener.saveWithGeneratedOrRequestedId(DefaultSaveOrUpdateEventListener.java:187)
	at org.hibernate.event.def.DefaultSaveOrUpdateEventListener.entityIsTransient(DefaultSaveOrUpdateEventListener.java:172)
	at org.hibernate.event.def.DefaultSaveOrUpdateEventListener.performSaveOrUpdate(DefaultSaveOrUpdateEventListener.java:94)
	at org.hibernate.event.def.DefaultSaveOrUpdateEventListener.onSaveOrUpdate(DefaultSaveOrUpdateEventListener.java:70)
	at org.hibernate.impl.SessionImpl.fireSaveOrUpdate(SessionImpl.java:507)
	at org.hibernate.impl.SessionImpl.saveOrUpdate(SessionImpl.java:499)
	at org.hibernate.engine.CascadingAction$1.cascade(CascadingAction.java:218)
	at org.hibernate.engine.Cascade.cascadeToOne(Cascade.java:268)
	at org.hibernate.engine.Cascade.cascadeAssociation(Cascade.java:216)
	at org.hibernate.engine.Cascade.cascadeProperty(Cascade.java:169)
	at org.hibernate.engine.Cascade.cascadeCollectionElements(Cascade.java:296)
	at org.hibernate.engine.Cascade.cascadeCollection(Cascade.java:242)
	at org.hibernate.engine.Cascade.cascadeAssociation(Cascade.java:219)
	at org.hibernate.engine.Cascade.cascadeProperty(Cascade.java:169)
	at org.hibernate.engine.Cascade.cascade(Cascade.java:130)
	at org.hibernate.event.def.AbstractFlushingEventListener.cascadeOnFlush(AbstractFlushingEventListener.java:131)
	at org.hibernate.event.def.AbstractFlushingEventListener.prepareEntityFlushes(AbstractFlushingEventListener.java:122)
	at org.hibernate.event.def.AbstractFlushingEventListener.flushEverythingToExecutions(AbstractFlushingEventListener.java:65)
	at org.hibernate.event.def.DefaultFlushEventListener.onFlush(DefaultFlushEventListener.java:26)
	at org.hibernate.impl.SessionImpl.flush(SessionImpl.java:1000)
	at org.hibernate.impl.SessionImpl.managedFlush(SessionImpl.java:338)
	at org.hibernate.transaction.CacheSynchronization.beforeCompletion(CacheSynchronization.java:59)
	at com.aciworldwide.ecourier.utility.hibernate.extensions.WebSphereExtendedJTATransactionLookup$TransactionManagerAdapter$TransactionAdapter$1.invoke(WebSphereExtendedJTATransactionLookup.java:151)
	at $Proxy4.beforeCompletion(Unknown Source)
	at com.ibm.ws.jtaextensions.SynchronizationCallbackWrapper.beforeCompletion(SynchronizationCallbackWrapper.java:65)
	at com.ibm.ws.Transaction.JTA.RegisteredSyncs.distributeBefore(RegisteredSyncs.java:240)
	at com.ibm.ws.Transaction.JTA.TransactionImpl.prePrepare(TransactionImpl.java:2373)
	at com.ibm.ws.Transaction.JTA.TransactionImpl.stage1CommitProcessing(TransactionImpl.java:1606)
	at com.ibm.ws.Transaction.JTA.TransactionImpl.processCommit(TransactionImpl.java:1577)
	at com.ibm.ws.Transaction.JTA.TransactionImpl.commit(TransactionImpl.java:1512)
	at com.ibm.ws.Transaction.JTA.TranManagerImpl.commit(TranManagerImpl.java:237)
	at com.ibm.ws.Transaction.JTA.TranManagerSet.commit(TranManagerSet.java:162)
	at com.ibm.ejs.csi.TranStrategy.commit(TranStrategy.java:756)
	at com.ibm.ejs.csi.TranStrategy.postInvoke(TranStrategy.java:181)
	at com.ibm.ejs.csi.TransactionControlImpl.postInvoke(TransactionControlImpl.java:581)
	at com.ibm.ejs.container.EJSContainer.postInvoke(EJSContainer.java:3893)
	at com.ibm.ejs.container.EJSContainer.postInvoke(EJSContainer.java:3715)
	at com.aciworldwide.ecourier.management.ejb.remote.EJSRemoteStatelessDocumentManager_dff32e35.addTrackingEvent(Unknown Source)
	at com.aciworldwide.ecourier.management.ejb.remote._EJSRemoteStatelessDocumentManager_dff32e35_Tie.addTrackingEvent(_EJSRemoteStatelessDocumentManager_dff32e35_Tie.java:228)
	at com.aciworldwide.ecourier.management.ejb.remote._EJSRemoteStatelessDocumentManager_dff32e35_Tie._invoke(_EJSRemoteStatelessDocumentManager_dff32e35_Tie.java:119)
	at com.ibm.CORBA.iiop.ServerDelegate.dispatchInvokeHandler(ServerDelegate.java:613)
	at com.ibm.CORBA.iiop.ServerDelegate.dispatch(ServerDelegate.java:466)
	at com.ibm.rmi.iiop.ORB.process(ORB.java:503)
	at com.ibm.CORBA.iiop.ORB.process(ORB.java:1552)
	at com.ibm.rmi.iiop.Connection.respondTo(Connection.java:2673)
	at com.ibm.rmi.iiop.Connection.doWork(Connection.java:2551)
	at com.ibm.rmi.iiop.WorkUnitImpl.doWork(WorkUnitImpl.java:62)
	at com.ibm.ejs.oa.pool.PooledThread.run(ThreadPool.java:118)
	at com.ibm.ws.util.ThreadPool$Worker.run(ThreadPool.java:1469)
Caused by: javax.naming.NameNotFoundException: Name comp/websphere not found in context "java:".
	at com.ibm.ws.naming.ipbase.NameSpace.getParentCtxInternal(NameSpace.java:1767)
	at com.ibm.ws.naming.ipbase.NameSpace.lookupInternal(NameSpace.java:1083)
	at com.ibm.ws.naming.ipbase.NameSpace.lookup(NameSpace.java:991)
	at com.ibm.ws.naming.urlbase.UrlContextImpl.lookup(UrlContextImpl.java:1263)
	at com.ibm.ws.naming.java.javaURLContextImpl.lookup(javaURLContextImpl.java:384)
	... 61 more
 
[5/23/07 17:09:19:884 GMT-07:00] 00000025 RegisteredSyn E   WTRN0074E: Exception caught from before_completion synchronization operation: java.lang.UnsupportedOperationException
	at com.aciworldwide.ecourier.utility.hibernate.extensions.WebSphereExtendedJTATransactionLookup$TransactionManagerAdapter$TransactionAdapter.setRollbackOnly(WebSphereExtendedJTATransactionLookup.java:226)
	at org.hibernate.transaction.CacheSynchronization.setRollbackOnly(CacheSynchronization.java:73)
	at org.hibernate.transaction.CacheSynchronization.beforeCompletion(CacheSynchronization.java:63)
	at com.aciworldwide.ecourier.utility.hibernate.extensions.WebSphereExtendedJTATransactionLookup$TransactionManagerAdapter$TransactionAdapter$1.invoke(WebSphereExtendedJTATransactionLookup.java:151)
	at $Proxy4.beforeCompletion(Unknown Source)
	at com.ibm.ws.jtaextensions.SynchronizationCallbackWrapper.beforeCompletion(SynchronizationCallbackWrapper.java:65)
	at com.ibm.ws.Transaction.JTA.RegisteredSyncs.distributeBefore(RegisteredSyncs.java:240)
	at com.ibm.ws.Transaction.JTA.TransactionImpl.prePrepare(TransactionImpl.java:2373)
	at com.ibm.ws.Transaction.JTA.TransactionImpl.stage1CommitProcessing(TransactionImpl.java:1606)
	at com.ibm.ws.Transaction.JTA.TransactionImpl.processCommit(TransactionImpl.java:1577)
	at com.ibm.ws.Transaction.JTA.TransactionImpl.commit(TransactionImpl.java:1512)
	at com.ibm.ws.Transaction.JTA.TranManagerImpl.commit(TranManagerImpl.java:237)
	at com.ibm.ws.Transaction.JTA.TranManagerSet.commit(TranManagerSet.java:162)
	at com.ibm.ejs.csi.TranStrategy.commit(TranStrategy.java:756)
	at com.ibm.ejs.csi.TranStrategy.postInvoke(TranStrategy.java:181)
	at com.ibm.ejs.csi.TransactionControlImpl.postInvoke(TransactionControlImpl.java:581)
	at com.ibm.ejs.container.EJSContainer.postInvoke(EJSContainer.java:3893)
	at com.ibm.ejs.container.EJSContainer.postInvoke(EJSContainer.java:3715)
	at com.aciworldwide.ecourier.management.ejb.remote.EJSRemoteStatelessDocumentManager_dff32e35.addTrackingEvent(Unknown Source)
	at com.aciworldwide.ecourier.management.ejb.remote._EJSRemoteStatelessDocumentManager_dff32e35_Tie.addTrackingEvent(_EJSRemoteStatelessDocumentManager_dff32e35_Tie.java:228)
	at com.aciworldwide.ecourier.management.ejb.remote._EJSRemoteStatelessDocumentManager_dff32e35_Tie._invoke(_EJSRemoteStatelessDocumentManager_dff32e35_Tie.java:119)
	at com.ibm.CORBA.iiop.ServerDelegate.dispatchInvokeHandler(ServerDelegate.java:613)
	at com.ibm.CORBA.iiop.ServerDelegate.dispatch(ServerDelegate.java:466)
	at com.ibm.rmi.iiop.ORB.process(ORB.java:503)
	at com.ibm.CORBA.iiop.ORB.process(ORB.java:1552)
	at com.ibm.rmi.iiop.Connection.respondTo(Connection.java:2673)
	at com.ibm.rmi.iiop.Connection.doWork(Connection.java:2551)
	at com.ibm.rmi.iiop.WorkUnitImpl.doWork(WorkUnitImpl.java:62)
	at com.ibm.ejs.oa.pool.PooledThread.run(ThreadPool.java:118)
	at com.ibm.ws.util.ThreadPool$Worker.run(ThreadPool.java:1469)

