[INFO] Scanning for projects...
[INFO] Reactor build order: 
[INFO]   Hibernate Core Parent POM
[INFO]   Hibernate Core
[INFO]   Hibernate Testing
[INFO]   Hibernate Ehcache Integration
[INFO]   Hibernate JBossCache Integration
[INFO]   Hibernate OSCache Integration
[INFO]   Hibernate SwarmCache Integration
[INFO]   Hibernate C3P0 ConnectionProvider
[INFO]   Hibernate Proxool ConnectionProvider
[INFO]   Hibernate Commons Annotations
[INFO]   Hibernate Annotations
[INFO]   Hibernate Entitity Manager
[INFO]   Hibernate Envers
[INFO]   Hibernate JMX Module
[INFO]   Hibernate Testsuite
[INFO]   Hibernate Tutorials
[INFO]   Hibernate Example
[INFO]   Hibernate Web Tutorial
[INFO]   Hibernate Maven Plugin
[INFO]   Hibernate Release Notes
[INFO]   Hibernate Manual
[INFO]   Hibernate Envers Manual
[INFO]   Hibernate Core - Documentation
[INFO]   Hibernate Distribution
[INFO]   Hibernate Core Aggregator
WAGON_VERSION: 1.0-beta-2
[INFO] ------------------------------------------------------------------------
[INFO] Building Hibernate Core Parent POM
[INFO]    task-segment: [clean, install]
[INFO] ------------------------------------------------------------------------
[INFO] [clean:clean]
[INFO] [enforcer:enforce {execution: enforce-java}]
[INFO] [site:attach-descriptor]
[INFO] [install:install]
[INFO] Installing /home/stefan/programmierung/java/hibernate/core/parent/pom.xml to /home/stefan/.m2/repository/org/hibernate/hibernate-parent/3.5.0-SNAPSHOT/hibernate-parent-3.5.0-SNAPSHOT.pom
[INFO] ------------------------------------------------------------------------
[INFO] Building Hibernate Core
[INFO]    task-segment: [clean, install]
[INFO] ------------------------------------------------------------------------
[INFO] [clean:clean]
[INFO] Deleting directory /home/stefan/programmierung/java/hibernate/core/core/target
[INFO] [enforcer:enforce {execution: enforce-java}]
[INFO] [antlr:generate {execution: default}]
[INFO] Using Antlr grammar: /home/stefan/programmierung/java/hibernate/core/core/src/main/antlr/hql.g
ANTLR Parser Generator   Version 2.7.6 (2005-12-22)   1989-2005

[INFO] Using Antlr grammar: /home/stefan/programmierung/java/hibernate/core/core/src/main/antlr/hql-sql.g
ANTLR Parser Generator   Version 2.7.6 (2005-12-22)   1989-2005

[INFO] Using Antlr grammar: /home/stefan/programmierung/java/hibernate/core/core/src/main/antlr/sql-gen.g
ANTLR Parser Generator   Version 2.7.6 (2005-12-22)   1989-2005

[INFO] Using Antlr grammar: /home/stefan/programmierung/java/hibernate/core/core/src/main/antlr/order-by.g
ANTLR Parser Generator   Version 2.7.6 (2005-12-22)   1989-2005

[INFO] Using Antlr grammar: /home/stefan/programmierung/java/hibernate/core/core/src/main/antlr/order-by-render.g
ANTLR Parser Generator   Version 2.7.6 (2005-12-22)   1989-2005

[INFO] [resources:resources]
[INFO] Using default encoding to copy filtered resources.
[INFO] [compiler:compile]
[INFO] Compiling 1153 source files to /home/stefan/programmierung/java/hibernate/core/core/target/classes
[INFO] ------------------------------------------------------------------------
[ERROR] BUILD FAILURE
[INFO] ------------------------------------------------------------------------
[INFO] Compilation failure

/home/stefan/programmierung/java/hibernate/core/core/src/main/java/org/hibernate/jdbc/ResultSetWrapper.java:[53,7] org.hibernate.jdbc.ResultSetWrapper is not abstract and does not override abstract method updateNClob(java.lang.String,java.io.Reader) in java.sql.ResultSet

/home/stefan/programmierung/java/hibernate/core/core/src/main/java/org/hibernate/lob/SerializableBlob.java:[36,7] org.hibernate.lob.SerializableBlob is not abstract and does not override abstract method getBinaryStream(long,long) in java.sql.Blob

/home/stefan/programmierung/java/hibernate/core/core/src/main/java/org/hibernate/lob/ClobImpl.java:[41,7] org.hibernate.lob.ClobImpl is not abstract and does not override abstract method getCharacterStream(long,long) in java.sql.Clob

/home/stefan/programmierung/java/hibernate/core/core/src/main/java/org/hibernate/lob/BlobImpl.java:[39,7] org.hibernate.lob.BlobImpl is not abstract and does not override abstract method getBinaryStream(long,long) in java.sql.Blob

/home/stefan/programmierung/java/hibernate/core/core/src/main/java/org/hibernate/lob/SerializableClob.java:[38,7] org.hibernate.lob.SerializableClob is not abstract and does not override abstract method getCharacterStream(long,long) in java.sql.Clob


[INFO] ------------------------------------------------------------------------
[INFO] For more information, run Maven with the -e switch
[INFO] ------------------------------------------------------------------------
[INFO] Total time: 17 seconds
[INFO] Finished at: Sat Jul 25 12:07:57 CEST 2009
[INFO] Final Memory: 36M/288M
[INFO] ------------------------------------------------------------------------
