!SESSION 2006-01-18 09:44:29.39 ------------------------------------------------
eclipse.buildId=M20050929-0840
java.version=1.5.0_04
java.vendor=Sun Microsystems Inc.
BootLoader constants: OS=win32, ARCH=x86, WS=win32, NL=en_GB
Command-line arguments:  -os win32 -ws win32 -arch x86

!ENTRY org.hibernate.eclipse 1 20000 2006-01-18 09:44:36.165
!MESSAGE INFO main org.hibernate.eclipse.HibernatePlugin - HibernatePlugin Started

!ENTRY org.hibernate.eclipse 1 20000 2006-01-18 09:44:43.680
!MESSAGE INFO ModalContext org.hibernate.cfg.reveng.OverrideRepository - Override file: D:\Data\Eclipse\ActivityDbModel\src\activityDb_hibernate.reveng.xml

!ENTRY org.hibernate.eclipse 1 10000 2006-01-18 09:44:43.727
!MESSAGE DEBUG ModalContext org.hibernate.util.DTDEntityResolver - trying to locate http://hibernate.sourceforge.net/hibernate-reverse-engineering-3.0.dtd in classpath under org/hibernate/

!ENTRY org.hibernate.eclipse 1 10000 2006-01-18 09:44:43.727
!MESSAGE DEBUG ModalContext org.hibernate.util.DTDEntityResolver - found http://hibernate.sourceforge.net/hibernate-reverse-engineering-3.0.dtd in classpath

!ENTRY org.hibernate.eclipse 1 20000 2006-01-18 09:44:43.774
!MESSAGE INFO ModalContext org.hibernate.cfg.Environment - Hibernate 3.1 rc3

!ENTRY org.hibernate.eclipse 1 20000 2006-01-18 09:44:43.790
!MESSAGE INFO ModalContext org.hibernate.cfg.Environment - hibernate.properties not found

!ENTRY org.hibernate.eclipse 1 20000 2006-01-18 09:44:43.805
!MESSAGE INFO ModalContext org.hibernate.cfg.Environment - using CGLIB reflection optimizer

!ENTRY org.hibernate.eclipse 1 20000 2006-01-18 09:44:43.805
!MESSAGE INFO ModalContext org.hibernate.cfg.Environment - using JDK 1.4 java.sql.Timestamp handling

!ENTRY org.hibernate.eclipse 1 10000 2006-01-18 09:44:43.852
!MESSAGE DEBUG ModalContext org.hibernate.util.DTDEntityResolver - trying to locate http://hibernate.sourceforge.net/hibernate-configuration-3.0.dtd in classpath under org/hibernate/

!ENTRY org.hibernate.eclipse 1 10000 2006-01-18 09:44:43.852
!MESSAGE DEBUG ModalContext org.hibernate.util.DTDEntityResolver - found http://hibernate.sourceforge.net/hibernate-configuration-3.0.dtd in classpath

!ENTRY org.hibernate.eclipse 1 20000 2006-01-18 09:44:43.868
!MESSAGE INFO ModalContext org.hibernate.cfg.Configuration - configuring from XML document

!ENTRY org.hibernate.eclipse 1 10000 2006-01-18 09:44:43.868
!MESSAGE DEBUG ModalContext org.hibernate.cfg.Configuration - hibernate.cache.provider_class=org.hibernate.cache.NoCacheProvider

!ENTRY org.hibernate.eclipse 1 10000 2006-01-18 09:44:43.899
!MESSAGE DEBUG ModalContext org.hibernate.cfg.Configuration - hibernate.cglib.use_reflection_optimizer=true

!ENTRY org.hibernate.eclipse 1 10000 2006-01-18 09:44:43.915
!MESSAGE DEBUG ModalContext org.hibernate.cfg.Configuration - hibernate.connection.driver_class=net.sourceforge.jtds.jdbc.Driver

!ENTRY org.hibernate.eclipse 1 10000 2006-01-18 09:44:43.915
!MESSAGE DEBUG ModalContext org.hibernate.cfg.Configuration - hibernate.connection.password=Xpassword

!ENTRY org.hibernate.eclipse 1 10000 2006-01-18 09:44:43.915
!MESSAGE DEBUG ModalContext org.hibernate.cfg.Configuration - hibernate.connection.pool_size=1

!ENTRY org.hibernate.eclipse 1 10000 2006-01-18 09:44:43.915
!MESSAGE DEBUG ModalContext org.hibernate.cfg.Configuration - hibernate.connection.url=jdbc:jtds:sqlserver://localhost/actservSQL

!ENTRY org.hibernate.eclipse 1 10000 2006-01-18 09:44:43.915
!MESSAGE DEBUG ModalContext org.hibernate.cfg.Configuration - hibernate.connection.username=Xuser

!ENTRY org.hibernate.eclipse 1 10000 2006-01-18 09:44:43.915
!MESSAGE DEBUG ModalContext org.hibernate.cfg.Configuration - hibernate.current_session_context_class=thread

!ENTRY org.hibernate.eclipse 1 10000 2006-01-18 09:44:43.930
!MESSAGE DEBUG ModalContext org.hibernate.cfg.Configuration - hibernate.default_catalog=actservSQL

!ENTRY org.hibernate.eclipse 1 10000 2006-01-18 09:44:43.930
!MESSAGE DEBUG ModalContext org.hibernate.cfg.Configuration - hibernate.default_schema=dbo

!ENTRY org.hibernate.eclipse 1 10000 2006-01-18 09:44:43.930
!MESSAGE DEBUG ModalContext org.hibernate.cfg.Configuration - hibernate.dialect=org.hibernate.dialect.SQLServerDialect

!ENTRY org.hibernate.eclipse 1 10000 2006-01-18 09:44:43.930
!MESSAGE DEBUG ModalContext org.hibernate.cfg.Configuration - hibernate.show_sql=true

!ENTRY org.hibernate.eclipse 1 20000 2006-01-18 09:44:43.930
!MESSAGE INFO ModalContext org.hibernate.cfg.Configuration - Configured SessionFactory: null

!ENTRY org.hibernate.eclipse 1 10000 2006-01-18 09:44:43.946
!MESSAGE DEBUG ModalContext org.hibernate.cfg.Configuration - properties: {java.vendor=Sun Microsystems Inc., org.osgi.supports.framework.extension=true, hibernate.connection.url=jdbc:jtds:sqlserver://localhost/actservSQL, sun.management.compiler=HotSpot Client Compiler, osgi.framework.beginningstartlevel=1, os.name=Windows XP, sun.boot.class.path=C:\Program Files\Java\jdk1.5.0_04\jre\lib\rt.jar;C:\Program Files\Java\jdk1.5.0_04\jre\lib\i18n.jar;C:\Program Files\Java\jdk1.5.0_04\jre\lib\sunrsasign.jar;C:\Program Files\Java\jdk1.5.0_04\jre\lib\jsse.jar;C:\Program Files\Java\jdk1.5.0_04\jre\lib\jce.jar;C:\Program Files\Java\jdk1.5.0_04\jre\lib\charsets.jar;C:\Program Files\Java\jdk1.5.0_04\jre\classes, hibernate.current_session_context_class=thread, osgi.ws=win32, sun.desktop=windows, java.vm.specification.vendor=Sun Microsystems Inc., java.runtime.version=1.5.0_04-b05, osgi.instance.area=file:/D:/Data/Eclipse/, hibernate.cache.provider_class=org.hibernate.cache.NoCacheProvider, user.name=peterd, org.osgi.framework.system.packages=javax.accessibility,javax.activity,javax.crypto,javax.crypto.interfaces,javax.crypto.spec,javax.imageio,javax.imageio.event,javax.imageio.metadata,javax.imageio.plugins.bmp,javax.imageio.plugins.jpeg,javax.imageio.spi,javax.imageio.stream,javax.management,javax.management.loading,javax.management.modelmbean,javax.management.monitor,javax.management.openmbean,javax.management.relation,javax.management.remote,javax.management.remote.rmi,javax.management.timer,javax.naming,javax.naming.directory,javax.naming.event,javax.naming.ldap,javax.naming.spi,javax.net,javax.net.ssl,javax.print,javax.print.attribute,javax.print.attribute.standard,javax.print.event,javax.rmi,javax.rmi.CORBA,javax.rmi.ssl,javax.security.auth,javax.security.auth.callback,javax.security.auth.kerberos,javax.security.auth.login,javax.security.auth.spi,javax.security.auth.x500,javax.security.cert,javax.security.sasl,javax.sound.midi,javax.sound.midi.spi,javax.sound.sampled,javax.sound.sampled.spi,javax.sql,javax.sql.rowset,javax.sql.rowset.serial,javax.sql.rowset.spi,javax.swing,javax.swing.border,javax.swing.colorchooser,javax.swing.event,javax.swing.filechooser,javax.swing.plaf,javax.swing.plaf.basic,javax.swing.plaf.metal,javax.swing.plaf.multi,javax.swing.plaf.synth,javax.swing.table,javax.swing.text,javax.swing.text.html,javax.swing.text.html.parser,javax.swing.text.rtf,javax.swing.tree,javax.swing.undo,javax.transaction,javax.transaction.xa,javax.xml,javax.xml.datatype,javax.xml.namespace,javax.xml.parsers,javax.xml.transform,javax.xml.transform.dom,javax.xml.transform.sax,javax.xml.transform.stream,javax.xml.validation,javax.xml.xpath,org.ietf.jgss,org.omg.CORBA,org.omg.CORBA_2_3,org.omg.CORBA_2_3.portable,org.omg.CORBA.DynAnyPackage,org.omg.CORBA.ORBPackage,org.omg.CORBA.portable,org.omg.CORBA.TypeCodePackage,org.omg.CosNaming,org.omg.CosNaming.NamingContextExtPackage,org.omg.CosNaming.NamingContextPackage,org.omg.Dynamic,org.omg.DynamicAny,org.omg.DynamicAny.DynAnyFactoryPackage,org.omg.DynamicAny.DynAnyPackage,org.omg.IOP,org.omg.IOP.CodecFactoryPackage,org.omg.IOP.CodecPackage,org.omg.Messaging,org.omg.PortableInterceptor,org.omg.PortableInterceptor.ORBInitInfoPackage,org.omg.PortableServer,org.omg.PortableServer.CurrentPackage,org.omg.PortableServer.POAManagerPackage,org.omg.PortableServer.POAPackage,org.omg.PortableServer.portable,org.omg.PortableServer.ServantLocatorPackage,org.omg.SendingContext,org.omg.stub.java.rmi,org.w3c.dom,org.w3c.dom.bootstrap,org.w3c.dom.events,org.w3c.dom.ls,org.xml.sax,org.xml.sax.ext,org.xml.sax.helpers, org.osgi.framework.language=en, user.language=en, org.osgi.framework.processor=x86, osgi.syspath=d:\Apps\Eclipse-3.1.1\plugins, sun.boot.library.path=C:\Program Files\Java\jdk1.5.0_04\jre\bin, osgi.manifest.cache=d:\Apps\Eclipse-3.1.1\configuration\org.eclipse.osgi\manifests, eof=eof, org.osgi.framework.bootdelegation=*, java.version=1.5.0_04, org.osgi.framework.os.name=WindowsXP, user.timezone=Europe/London, sun.arch.data.model=32, osgi.bundles=org.eclipse.core.runtime@2:start, org.eclipse.update.configurator@3:start, java.endorsed.dirs=C:\Program Files\Java\jdk1.5.0_04\jre\lib\endorsed, sun.cpu.isalist=, sun.jnu.encoding=Cp1252, eclipse.application=org.eclipse.ui.ide.workbench, file.encoding.pkg=sun.io, org.osgi.framework.vendor=Eclipse, file.separator=\, java.specification.name=Java Platform API Specification, hibernate.cglib.use_reflection_optimizer=true, java.class.version=49.0, user.country=GB, java.home=C:\Program Files\Java\jdk1.5.0_04\jre, osgi.os=win32, eclipse.commands=-os
win32
-ws
win32
-arch
x86
-launcher
D:\Apps\Eclipse-3.1.1\eclipse.exe
-name
Eclipse
-showsplash
600
-exitdata
270_2c
-vm
C:\Program Files\Java\jdk1.5.0_04\bin\javaw.exe
, java.vm.info=mixed mode, osgi.splashLocation=d:\Apps\Eclipse-3.1.1\plugins\org.eclipse.platform_3.1.1\splash.bmp, os.version=5.1, osgi.arch=x86, path.separator=;, java.vm.version=1.5.0_04-b05, hibernate.connection.password=Xpassword, user.variant=, osgi.framework.shape=jar, java.awt.printerjob=sun.awt.windows.WPrinterJob, osgi.instance.area.default=file:/C:/Documents and Settings/peterd/workspace/, sun.io.unicode.encoding=UnicodeLittle, org.osgi.framework.version=1.3.0, awt.toolkit=sun.awt.windows.WToolkit, hibernate.connection.username=Xuser, osgi.install.area=file:/d:/Apps/Eclipse-3.1.1/, osgi.framework=file:/d:/Apps/Eclipse-3.1.1/plugins/org.eclipse.osgi_3.1.1.jar, user.home=C:\Documents and Settings\peterd, osgi.bundlestore=d:\Apps\Eclipse-3.1.1\configuration\org.eclipse.osgi\bundles, osgi.splashPath=platform:/base/plugins/org.eclipse.platform, java.specification.vendor=Sun Microsystems Inc., osgi.nl=en_GB, java.library.path=C:\Program Files\Java\jdk1.5.0_04\bin;.;C:\WINDOWS\system32;C:\WINDOWS;C:\WINDOWS\system32;C:\WINDOWS;C:\WINDOWS\System32\Wbem;D:\Apps\NetSNMP\bin;C:\Program Files\Rational\Common;D:\Apps\cvsnt;D:\Apps\Python24;D:\Apps\Tcl\bin;C:\Program Files\Microsoft SQL Server\80\Tools\Binn\;D:\Apps\SSH_cli;R:\Tools\Unix\bin;C:\Program Files\Bitvise Tunnelier;D:\Apps\apache-ant-1.6.5\bin;C:\Program Files\Java\jdk1.5.0_04\bin, java.vendor.url=http://java.sun.com/, eclipse.startTime=1137577469039, org.osgi.framework.os.version=5.1, hibernate.connection.driver_class=net.sourceforge.jtds.jdbc.Driver, java.vm.vendor=Sun Microsystems Inc., hibernate.dialect=org.hibernate.dialect.SQLServerDialect, java.runtime.name=Java(TM) 2 Runtime Environment, Standard Edition, java.class.path=D:\Apps\Eclipse-3.1.1\startup.jar, eclipse.vm=C:\Program Files\Java\jdk1.5.0_04\bin\javaw.exe, java.vm.specification.name=Java Virtual Machine Specification, java.vm.specification.version=1.0, sun.cpu.endian=little, sun.os.patch.level=Service Pack 2, org.eclipse.jdt.debug.ui.scrapbookActive=false, java.io.tmpdir=C:\DOCUME~1\peterd\LOCALS~1\Temp\, java.vendor.url.bug=http://java.sun.com/cgi-bin/bugreport.cgi, hibernate.default_schema=dbo, eclipse.product=org.eclipse.sdk.ide, os.arch=x86, java.awt.graphicsenv=sun.awt.Win32GraphicsEnvironment, java.ext.dirs=C:\Program Files\Java\jdk1.5.0_04\jre\lib\ext, user.dir=D:\Apps\Eclipse-3.1.1, line.separator=
, java.vm.name=Java HotSpot(TM) Client VM, file.encoding=Cp1252, osgi.framework.version=3.1.1, eclipse.buildId=M20050929-0840, eclipse.vmargs=-Xms40m
-Xmx256m
-jar
D:\Apps\Eclipse-3.1.1\startup.jar
, hibernate.default_catalog=actservSQL, java.specification.version=1.5, org.osgi.framework.executionenvironment=J2SE-1.5, hibernate.show_sql=true, hibernate.connection.pool_size=1, osgi.logfile=D:\Data\Eclipse\.metadata\.log, osgi.configuration.area=file:/d:/Apps/Eclipse-3.1.1/configuration/}

!ENTRY org.hibernate.eclipse 1 20000 2006-01-18 09:44:43.977
!MESSAGE INFO ModalContext org.hibernate.connection.DriverManagerConnectionProvider - Using Hibernate built-in connection pool (not for production use!)

!ENTRY org.hibernate.eclipse 1 20000 2006-01-18 09:44:43.977
!MESSAGE INFO ModalContext org.hibernate.connection.DriverManagerConnectionProvider - Hibernate connection pool size: 1

!ENTRY org.hibernate.eclipse 1 20000 2006-01-18 09:44:43.977
!MESSAGE INFO ModalContext org.hibernate.connection.DriverManagerConnectionProvider - autocommit mode: false

!ENTRY org.hibernate.eclipse 1 20000 2006-01-18 09:44:43.977
!MESSAGE INFO ModalContext org.hibernate.connection.DriverManagerConnectionProvider - using driver: net.sourceforge.jtds.jdbc.Driver at URL: jdbc:jtds:sqlserver://localhost/actservSQL

!ENTRY org.hibernate.eclipse 1 20000 2006-01-18 09:44:43.993
!MESSAGE INFO ModalContext org.hibernate.connection.DriverManagerConnectionProvider - connection properties: {user=Xuser, password=Xpassword}

!ENTRY org.hibernate.eclipse 1 10000 2006-01-18 09:44:43.993
!MESSAGE DEBUG ModalContext org.hibernate.connection.DriverManagerConnectionProvider - total checked-out connections: 0

!ENTRY org.hibernate.eclipse 1 10000 2006-01-18 09:44:43.993
!MESSAGE DEBUG ModalContext org.hibernate.connection.DriverManagerConnectionProvider - opening new JDBC connection

!ENTRY org.hibernate.eclipse 1 10000 2006-01-18 09:44:44.165
!MESSAGE DEBUG ModalContext org.hibernate.connection.DriverManagerConnectionProvider - created connection to: jdbc:jtds:sqlserver://localhost/actservSQL, Isolation Level: 2

!ENTRY org.hibernate.eclipse 1 20000 2006-01-18 09:44:44.180
!MESSAGE INFO ModalContext org.hibernate.cfg.SettingsFactory - RDBMS: Microsoft SQL Server, version: 08.00.0760

!ENTRY org.hibernate.eclipse 1 20000 2006-01-18 09:44:44.180
!MESSAGE INFO ModalContext org.hibernate.cfg.SettingsFactory - JDBC driver: jTDS Type 4 JDBC Driver for MS SQL Server and Sybase, version: 1.2

!ENTRY org.hibernate.eclipse 1 10000 2006-01-18 09:44:44.180
!MESSAGE DEBUG ModalContext org.hibernate.connection.DriverManagerConnectionProvider - returning connection to pool, pool size: 1

!ENTRY org.hibernate.eclipse 1 20000 2006-01-18 09:44:44.212
!MESSAGE INFO ModalContext org.hibernate.dialect.Dialect - Using dialect: org.hibernate.dialect.SQLServerDialect

!ENTRY org.hibernate.eclipse 1 20000 2006-01-18 09:44:44.227
!MESSAGE INFO ModalContext org.hibernate.transaction.TransactionFactoryFactory - Using default transaction strategy (direct JDBC transactions)

!ENTRY org.hibernate.eclipse 1 20000 2006-01-18 09:44:44.243
!MESSAGE INFO ModalContext org.hibernate.transaction.TransactionManagerLookupFactory - No TransactionManagerLookup configured (in JTA environment, use of read-write or transactional second-level cache is not recommended)

!ENTRY org.hibernate.eclipse 1 20000 2006-01-18 09:44:44.243
!MESSAGE INFO ModalContext org.hibernate.cfg.SettingsFactory - Automatic flush during beforeCompletion(): disabled

!ENTRY org.hibernate.eclipse 1 20000 2006-01-18 09:44:44.243
!MESSAGE INFO ModalContext org.hibernate.cfg.SettingsFactory - Automatic session close at end of transaction: disabled

!ENTRY org.hibernate.eclipse 1 20000 2006-01-18 09:44:44.243
!MESSAGE INFO ModalContext org.hibernate.cfg.SettingsFactory - Scrollable result sets: enabled

!ENTRY org.hibernate.eclipse 1 10000 2006-01-18 09:44:44.259
!MESSAGE DEBUG ModalContext org.hibernate.cfg.SettingsFactory - Wrap result sets: disabled

!ENTRY org.hibernate.eclipse 1 20000 2006-01-18 09:44:44.259
!MESSAGE INFO ModalContext org.hibernate.cfg.SettingsFactory - JDBC3 getGeneratedKeys(): enabled

!ENTRY org.hibernate.eclipse 1 20000 2006-01-18 09:44:44.259
!MESSAGE INFO ModalContext org.hibernate.cfg.SettingsFactory - Connection release mode: auto

!ENTRY org.hibernate.eclipse 1 20000 2006-01-18 09:44:44.259
!MESSAGE INFO ModalContext org.hibernate.cfg.SettingsFactory - Default schema: dbo

!ENTRY org.hibernate.eclipse 1 20000 2006-01-18 09:44:44.259
!MESSAGE INFO ModalContext org.hibernate.cfg.SettingsFactory - Default catalog: actservSQL

!ENTRY org.hibernate.eclipse 1 20000 2006-01-18 09:44:44.274
!MESSAGE INFO ModalContext org.hibernate.cfg.SettingsFactory - Default batch fetch size: 1

!ENTRY org.hibernate.eclipse 1 20000 2006-01-18 09:44:44.274
!MESSAGE INFO ModalContext org.hibernate.cfg.SettingsFactory - Generate SQL with comments: disabled

!ENTRY org.hibernate.eclipse 1 20000 2006-01-18 09:44:44.274
!MESSAGE INFO ModalContext org.hibernate.cfg.SettingsFactory - Order SQL updates by primary key: disabled

!ENTRY org.hibernate.eclipse 1 20000 2006-01-18 09:44:44.274
!MESSAGE INFO ModalContext org.hibernate.cfg.SettingsFactory - Query translator: org.hibernate.hql.ast.ASTQueryTranslatorFactory

!ENTRY org.hibernate.eclipse 1 20000 2006-01-18 09:44:44.274
!MESSAGE INFO ModalContext org.hibernate.hql.ast.ASTQueryTranslatorFactory - Using ASTQueryTranslatorFactory

!ENTRY org.hibernate.eclipse 1 20000 2006-01-18 09:44:44.290
!MESSAGE INFO ModalContext org.hibernate.cfg.SettingsFactory - Query language substitutions: {}

!ENTRY org.hibernate.eclipse 1 20000 2006-01-18 09:44:44.290
!MESSAGE INFO ModalContext org.hibernate.cfg.SettingsFactory - Second-level cache: enabled

!ENTRY org.hibernate.eclipse 1 20000 2006-01-18 09:44:44.290
!MESSAGE INFO ModalContext org.hibernate.cfg.SettingsFactory - Query cache: disabled

!ENTRY org.hibernate.eclipse 1 20000 2006-01-18 09:44:44.305
!MESSAGE INFO ModalContext org.hibernate.cfg.SettingsFactory - Cache provider: org.hibernate.cache.NoCacheProvider

!ENTRY org.hibernate.eclipse 1 20000 2006-01-18 09:44:44.305
!MESSAGE INFO ModalContext org.hibernate.cfg.SettingsFactory - Optimize cache for minimal puts: disabled

!ENTRY org.hibernate.eclipse 1 20000 2006-01-18 09:44:44.305
!MESSAGE INFO ModalContext org.hibernate.cfg.SettingsFactory - Structured second-level cache entries: disabled

!ENTRY org.hibernate.eclipse 1 10000 2006-01-18 09:44:44.305
!MESSAGE DEBUG ModalContext org.hibernate.exception.SQLExceptionConverterFactory - Using dialect defined converter

!ENTRY org.hibernate.eclipse 1 20000 2006-01-18 09:44:44.321
!MESSAGE INFO ModalContext org.hibernate.cfg.SettingsFactory - Echoing all SQL to stdout

!ENTRY org.hibernate.eclipse 1 20000 2006-01-18 09:44:44.321
!MESSAGE INFO ModalContext org.hibernate.cfg.SettingsFactory - Statistics: disabled

!ENTRY org.hibernate.eclipse 1 20000 2006-01-18 09:44:44.321
!MESSAGE INFO ModalContext org.hibernate.cfg.SettingsFactory - Deleted entity synthetic identifier rollback: disabled

!ENTRY org.hibernate.eclipse 1 20000 2006-01-18 09:44:44.321
!MESSAGE INFO ModalContext org.hibernate.cfg.SettingsFactory - Default entity-mode: pojo

!ENTRY org.hibernate.eclipse 1 10000 2006-01-18 09:44:44.337
!MESSAGE DEBUG ModalContext org.hibernate.cfg.reveng.dialect.JDBCMetaDataDialect - getTables(actservSQL.dbo.null)

!ENTRY org.hibernate.eclipse 1 10000 2006-01-18 09:44:44.337
!MESSAGE DEBUG ModalContext org.hibernate.connection.DriverManagerConnectionProvider - total checked-out connections: 0

!ENTRY org.hibernate.eclipse 1 10000 2006-01-18 09:44:44.352
!MESSAGE DEBUG ModalContext org.hibernate.connection.DriverManagerConnectionProvider - using pooled JDBC connection, pool size: 0

!ENTRY org.hibernate.eclipse 1 10000 2006-01-18 09:44:44.368
!MESSAGE DEBUG ModalContext org.hibernate.cfg.JDBCBinder - Table org.hibernate.cfg.reveng.TableIdentifier(actservSQL.dbo.sysconstraints) excluded by strategy

!ENTRY org.hibernate.eclipse 1 10000 2006-01-18 09:44:44.368
!MESSAGE DEBUG ModalContext org.hibernate.cfg.JDBCBinder - Table org.hibernate.cfg.reveng.TableIdentifier(actservSQL.dbo.syssegments) excluded by strategy

!ENTRY org.hibernate.eclipse 1 10000 2006-01-18 09:44:44.368
!MESSAGE DEBUG ModalContext org.hibernate.cfg.JDBCBinder - Adding table Account of type TABLE

!ENTRY org.hibernate.eclipse 1 10000 2006-01-18 09:44:44.384
!MESSAGE DEBUG ModalContext org.hibernate.cfg.JDBCBinder - Adding table Activity of type TABLE

!ENTRY org.hibernate.eclipse 1 10000 2006-01-18 09:44:44.384
!MESSAGE DEBUG ModalContext org.hibernate.cfg.JDBCBinder - Adding table Authorisation of type TABLE

!ENTRY org.hibernate.eclipse 1 10000 2006-01-18 09:44:44.384
!MESSAGE DEBUG ModalContext org.hibernate.cfg.JDBCBinder - Adding table AuthorisationItem of type TABLE

!ENTRY org.hibernate.eclipse 1 10000 2006-01-18 09:44:44.384
!MESSAGE DEBUG ModalContext org.hibernate.cfg.JDBCBinder - Adding table AuthorisationStage of type TABLE

!ENTRY org.hibernate.eclipse 1 10000 2006-01-18 09:44:44.384
!MESSAGE DEBUG ModalContext org.hibernate.cfg.JDBCBinder - Adding table AuthorisationStageName of type TABLE

!ENTRY org.hibernate.eclipse 1 10000 2006-01-18 09:44:44.399
!MESSAGE DEBUG ModalContext org.hibernate.cfg.JDBCBinder - Adding table Contacts of type TABLE

!ENTRY org.hibernate.eclipse 1 10000 2006-01-18 09:44:44.399
!MESSAGE DEBUG ModalContext org.hibernate.cfg.JDBCBinder - Adding table CustomerPurchaseOrder of type TABLE

!ENTRY org.hibernate.eclipse 1 10000 2006-01-18 09:44:44.399
!MESSAGE DEBUG ModalContext org.hibernate.cfg.JDBCBinder - Adding table MaterialCost of type TABLE

!ENTRY org.hibernate.eclipse 1 10000 2006-01-18 09:44:44.399
!MESSAGE DEBUG ModalContext org.hibernate.cfg.JDBCBinder - Adding table PaymentMilestone of type TABLE

!ENTRY org.hibernate.eclipse 1 10000 2006-01-18 09:44:44.399
!MESSAGE DEBUG ModalContext org.hibernate.cfg.JDBCBinder - Adding table Service of type TABLE

!ENTRY org.hibernate.eclipse 1 10000 2006-01-18 09:44:44.399
!MESSAGE DEBUG ModalContext org.hibernate.cfg.JDBCBinder - Adding table ServiceRole of type TABLE

!ENTRY org.hibernate.eclipse 1 10000 2006-01-18 09:44:44.415
!MESSAGE DEBUG ModalContext org.hibernate.cfg.JDBCBinder - Adding table ServiceStaffCost of type TABLE

!ENTRY org.hibernate.eclipse 1 10000 2006-01-18 09:44:44.415
!MESSAGE DEBUG ModalContext org.hibernate.cfg.JDBCBinder - Adding table ServiceType of type TABLE

!ENTRY org.hibernate.eclipse 1 10000 2006-01-18 09:44:44.415
!MESSAGE DEBUG ModalContext org.hibernate.cfg.JDBCBinder - Adding table Staff of type TABLE

!ENTRY org.hibernate.eclipse 1 10000 2006-01-18 09:44:44.430
!MESSAGE DEBUG ModalContext org.hibernate.cfg.JDBCBinder - Adding table StaffCostRate of type TABLE

!ENTRY org.hibernate.eclipse 1 10000 2006-01-18 09:44:44.430
!MESSAGE DEBUG ModalContext org.hibernate.cfg.JDBCBinder - Finding columns for Account

!ENTRY org.hibernate.eclipse 1 10000 2006-01-18 09:44:44.430
!MESSAGE DEBUG ModalContext org.hibernate.cfg.reveng.dialect.JDBCMetaDataDialect - getColumns(actservSQL.dbo.Account.null)

!ENTRY org.hibernate.eclipse 1 10000 2006-01-18 09:44:44.446
!MESSAGE DEBUG ModalContext org.hibernate.cfg.reveng.dialect.JDBCMetaDataDialect - getPrimaryKeys(actservSQL.dbo.Account)

!ENTRY org.hibernate.eclipse 1 10000 2006-01-18 09:44:44.446
!MESSAGE DEBUG ModalContext org.hibernate.cfg.JDBCBinder - primary key for org.hibernate.mapping.Table(Account) -> org.hibernate.mapping.PrimaryKey(Account[org.hibernate.mapping.Column(AccountID)]) as aaaaaAccount_PK

!ENTRY org.hibernate.eclipse 1 10000 2006-01-18 09:44:44.446
!MESSAGE DEBUG ModalContext org.hibernate.cfg.reveng.dialect.JDBCMetaDataDialect - getIndexInfo(actservSQL.dbo.Account)

!ENTRY org.hibernate.eclipse 1 10000 2006-01-18 09:44:44.462
!MESSAGE DEBUG ModalContext org.hibernate.cfg.JDBCBinder - Finding columns for Activity

!ENTRY org.hibernate.eclipse 1 10000 2006-01-18 09:44:44.462
!MESSAGE DEBUG ModalContext org.hibernate.cfg.reveng.dialect.JDBCMetaDataDialect - getColumns(actservSQL.dbo.Activity.null)

!ENTRY org.hibernate.eclipse 1 10000 2006-01-18 09:44:44.477
!MESSAGE DEBUG ModalContext org.hibernate.cfg.reveng.dialect.JDBCMetaDataDialect - getPrimaryKeys(actservSQL.dbo.Activity)

!ENTRY org.hibernate.eclipse 1 10000 2006-01-18 09:44:44.477
!MESSAGE DEBUG ModalContext org.hibernate.cfg.JDBCBinder - primary key for org.hibernate.mapping.Table(Activity) -> org.hibernate.mapping.PrimaryKey(Activity[org.hibernate.mapping.Column(ActivityID)]) as aaaaaActivity_PK

!ENTRY org.hibernate.eclipse 1 10000 2006-01-18 09:44:44.477
!MESSAGE DEBUG ModalContext org.hibernate.cfg.reveng.dialect.JDBCMetaDataDialect - getIndexInfo(actservSQL.dbo.Activity)

!ENTRY org.hibernate.eclipse 1 10000 2006-01-18 09:44:44.493
!MESSAGE DEBUG ModalContext org.hibernate.cfg.JDBCBinder - Finding columns for Authorisation

!ENTRY org.hibernate.eclipse 1 10000 2006-01-18 09:44:44.493
!MESSAGE DEBUG ModalContext org.hibernate.cfg.reveng.dialect.JDBCMetaDataDialect - getColumns(actservSQL.dbo.Authorisation.null)

!ENTRY org.hibernate.eclipse 1 10000 2006-01-18 09:44:44.493
!MESSAGE DEBUG ModalContext org.hibernate.cfg.reveng.dialect.JDBCMetaDataDialect - getPrimaryKeys(actservSQL.dbo.Authorisation)

!ENTRY org.hibernate.eclipse 1 10000 2006-01-18 09:44:44.509
!MESSAGE DEBUG ModalContext org.hibernate.cfg.JDBCBinder - primary key for org.hibernate.mapping.Table(Authorisation) -> org.hibernate.mapping.PrimaryKey(Authorisation[org.hibernate.mapping.Column(AuthorisationID)]) as aaaaaAuthorisation_PK

!ENTRY org.hibernate.eclipse 1 10000 2006-01-18 09:44:44.509
!MESSAGE DEBUG ModalContext org.hibernate.cfg.reveng.dialect.JDBCMetaDataDialect - getIndexInfo(actservSQL.dbo.Authorisation)

!ENTRY org.hibernate.eclipse 1 10000 2006-01-18 09:44:44.524
!MESSAGE DEBUG ModalContext org.hibernate.cfg.JDBCBinder - Finding columns for AuthorisationItem

!ENTRY org.hibernate.eclipse 1 10000 2006-01-18 09:44:44.540
!MESSAGE DEBUG ModalContext org.hibernate.cfg.reveng.dialect.JDBCMetaDataDialect - getColumns(actservSQL.dbo.AuthorisationItem.null)

!ENTRY org.hibernate.eclipse 1 10000 2006-01-18 09:44:44.540
!MESSAGE DEBUG ModalContext org.hibernate.cfg.reveng.dialect.JDBCMetaDataDialect - getPrimaryKeys(actservSQL.dbo.AuthorisationItem)

!ENTRY org.hibernate.eclipse 1 10000 2006-01-18 09:44:44.555
!MESSAGE DEBUG ModalContext org.hibernate.cfg.JDBCBinder - primary key for org.hibernate.mapping.Table(AuthorisationItem) -> org.hibernate.mapping.PrimaryKey(AuthorisationItem[org.hibernate.mapping.Column(AuthorisationItemID)]) as aaaaaAuthorisationItem_PK

!ENTRY org.hibernate.eclipse 1 10000 2006-01-18 09:44:44.555
!MESSAGE DEBUG ModalContext org.hibernate.cfg.reveng.dialect.JDBCMetaDataDialect - getIndexInfo(actservSQL.dbo.AuthorisationItem)

!ENTRY org.hibernate.eclipse 1 10000 2006-01-18 09:44:44.555
!MESSAGE DEBUG ModalContext org.hibernate.cfg.JDBCBinder - Finding columns for AuthorisationStage

!ENTRY org.hibernate.eclipse 1 10000 2006-01-18 09:44:44.555
!MESSAGE DEBUG ModalContext org.hibernate.cfg.reveng.dialect.JDBCMetaDataDialect - getColumns(actservSQL.dbo.AuthorisationStage.null)

!ENTRY org.hibernate.eclipse 1 10000 2006-01-18 09:44:44.571
!MESSAGE DEBUG ModalContext org.hibernate.cfg.reveng.dialect.JDBCMetaDataDialect - getPrimaryKeys(actservSQL.dbo.AuthorisationStage)

!ENTRY org.hibernate.eclipse 1 10000 2006-01-18 09:44:44.571
!MESSAGE DEBUG ModalContext org.hibernate.cfg.JDBCBinder - primary key for org.hibernate.mapping.Table(AuthorisationStage) -> org.hibernate.mapping.PrimaryKey(AuthorisationStage[org.hibernate.mapping.Column(AuthorisationStageID)]) as aaaaaAuthorisationStage_PK

!ENTRY org.hibernate.eclipse 1 10000 2006-01-18 09:44:44.571
!MESSAGE DEBUG ModalContext org.hibernate.cfg.reveng.dialect.JDBCMetaDataDialect - getIndexInfo(actservSQL.dbo.AuthorisationStage)

!ENTRY org.hibernate.eclipse 1 10000 2006-01-18 09:44:44.602
!MESSAGE DEBUG ModalContext org.hibernate.cfg.JDBCBinder - Finding columns for AuthorisationStageName

!ENTRY org.hibernate.eclipse 1 10000 2006-01-18 09:44:44.602
!MESSAGE DEBUG ModalContext org.hibernate.cfg.reveng.dialect.JDBCMetaDataDialect - getColumns(actservSQL.dbo.AuthorisationStageName.null)

!ENTRY org.hibernate.eclipse 1 10000 2006-01-18 09:44:44.602
!MESSAGE DEBUG ModalContext org.hibernate.cfg.reveng.dialect.JDBCMetaDataDialect - getPrimaryKeys(actservSQL.dbo.AuthorisationStageName)

!ENTRY org.hibernate.eclipse 1 10000 2006-01-18 09:44:44.618
!MESSAGE DEBUG ModalContext org.hibernate.cfg.JDBCBinder - primary key for org.hibernate.mapping.Table(AuthorisationStageName) -> org.hibernate.mapping.PrimaryKey(AuthorisationStageName[org.hibernate.mapping.Column(AuthorisationStageNameID)]) as aaaaaAuthorisationStageName_PK

!ENTRY org.hibernate.eclipse 1 10000 2006-01-18 09:44:44.618
!MESSAGE DEBUG ModalContext org.hibernate.cfg.reveng.dialect.JDBCMetaDataDialect - getIndexInfo(actservSQL.dbo.AuthorisationStageName)

!ENTRY org.hibernate.eclipse 1 10000 2006-01-18 09:44:44.618
!MESSAGE DEBUG ModalContext org.hibernate.cfg.JDBCBinder - Finding columns for Contacts

!ENTRY org.hibernate.eclipse 1 10000 2006-01-18 09:44:44.618
!MESSAGE DEBUG ModalContext org.hibernate.cfg.reveng.dialect.JDBCMetaDataDialect - getColumns(actservSQL.dbo.Contacts.null)

!ENTRY org.hibernate.eclipse 1 10000 2006-01-18 09:44:44.634
!MESSAGE DEBUG ModalContext org.hibernate.cfg.reveng.dialect.JDBCMetaDataDialect - getPrimaryKeys(actservSQL.dbo.Contacts)

!ENTRY org.hibernate.eclipse 1 10000 2006-01-18 09:44:44.634
!MESSAGE DEBUG ModalContext org.hibernate.cfg.JDBCBinder - primary key for org.hibernate.mapping.Table(Contacts) -> org.hibernate.mapping.PrimaryKey(Contacts[org.hibernate.mapping.Column(ContactID)]) as aaaaaContacts_PK

!ENTRY org.hibernate.eclipse 1 10000 2006-01-18 09:44:44.649
!MESSAGE DEBUG ModalContext org.hibernate.cfg.reveng.dialect.JDBCMetaDataDialect - getIndexInfo(actservSQL.dbo.Contacts)

!ENTRY org.hibernate.eclipse 1 10000 2006-01-18 09:44:44.649
!MESSAGE DEBUG ModalContext org.hibernate.cfg.JDBCBinder - Finding columns for CustomerPurchaseOrder

!ENTRY org.hibernate.eclipse 1 10000 2006-01-18 09:44:44.649
!MESSAGE DEBUG ModalContext org.hibernate.cfg.reveng.dialect.JDBCMetaDataDialect - getColumns(actservSQL.dbo.CustomerPurchaseOrder.null)

!ENTRY org.hibernate.eclipse 1 10000 2006-01-18 09:44:44.665
!MESSAGE DEBUG ModalContext org.hibernate.cfg.reveng.dialect.JDBCMetaDataDialect - getPrimaryKeys(actservSQL.dbo.CustomerPurchaseOrder)

!ENTRY org.hibernate.eclipse 1 10000 2006-01-18 09:44:44.665
!MESSAGE DEBUG ModalContext org.hibernate.cfg.JDBCBinder - primary key for org.hibernate.mapping.Table(CustomerPurchaseOrder) -> org.hibernate.mapping.PrimaryKey(CustomerPurchaseOrder[org.hibernate.mapping.Column(CustomerPurchaseOrderID)]) as aaaaaCustomerPurchaseOrder_PK

!ENTRY org.hibernate.eclipse 1 10000 2006-01-18 09:44:44.665
!MESSAGE DEBUG ModalContext org.hibernate.cfg.reveng.dialect.JDBCMetaDataDialect - getIndexInfo(actservSQL.dbo.CustomerPurchaseOrder)

!ENTRY org.hibernate.eclipse 1 10000 2006-01-18 09:44:44.680
!MESSAGE DEBUG ModalContext org.hibernate.cfg.JDBCBinder - Finding columns for MaterialCost

!ENTRY org.hibernate.eclipse 1 10000 2006-01-18 09:44:44.680
!MESSAGE DEBUG ModalContext org.hibernate.cfg.reveng.dialect.JDBCMetaDataDialect - getColumns(actservSQL.dbo.MaterialCost.null)

!ENTRY org.hibernate.eclipse 1 10000 2006-01-18 09:44:44.680
!MESSAGE DEBUG ModalContext org.hibernate.cfg.reveng.dialect.JDBCMetaDataDialect - getPrimaryKeys(actservSQL.dbo.MaterialCost)

!ENTRY org.hibernate.eclipse 1 10000 2006-01-18 09:44:44.696
!MESSAGE DEBUG ModalContext org.hibernate.cfg.JDBCBinder - primary key for org.hibernate.mapping.Table(MaterialCost) -> org.hibernate.mapping.PrimaryKey(MaterialCost[org.hibernate.mapping.Column(MaterialCostID)]) as aaaaaMaterialCost_PK

!ENTRY org.hibernate.eclipse 1 10000 2006-01-18 09:44:44.696
!MESSAGE DEBUG ModalContext org.hibernate.cfg.reveng.dialect.JDBCMetaDataDialect - getIndexInfo(actservSQL.dbo.MaterialCost)

!ENTRY org.hibernate.eclipse 1 10000 2006-01-18 09:44:44.696
!MESSAGE DEBUG ModalContext org.hibernate.cfg.JDBCBinder - Finding columns for PaymentMilestone

!ENTRY org.hibernate.eclipse 1 10000 2006-01-18 09:44:44.696
!MESSAGE DEBUG ModalContext org.hibernate.cfg.reveng.dialect.JDBCMetaDataDialect - getColumns(actservSQL.dbo.PaymentMilestone.null)

!ENTRY org.hibernate.eclipse 1 10000 2006-01-18 09:44:44.712
!MESSAGE DEBUG ModalContext org.hibernate.cfg.reveng.dialect.JDBCMetaDataDialect - getPrimaryKeys(actservSQL.dbo.PaymentMilestone)

!ENTRY org.hibernate.eclipse 1 10000 2006-01-18 09:44:44.712
!MESSAGE DEBUG ModalContext org.hibernate.cfg.JDBCBinder - primary key for org.hibernate.mapping.Table(PaymentMilestone) -> org.hibernate.mapping.PrimaryKey(PaymentMilestone[org.hibernate.mapping.Column(PaymentMilestoneID)]) as aaaaaPaymentMilestone_PK

!ENTRY org.hibernate.eclipse 1 10000 2006-01-18 09:44:44.712
!MESSAGE DEBUG ModalContext org.hibernate.cfg.reveng.dialect.JDBCMetaDataDialect - getIndexInfo(actservSQL.dbo.PaymentMilestone)

!ENTRY org.hibernate.eclipse 1 10000 2006-01-18 09:44:44.727
!MESSAGE DEBUG ModalContext org.hibernate.cfg.JDBCBinder - Finding columns for Service

!ENTRY org.hibernate.eclipse 1 10000 2006-01-18 09:44:44.727
!MESSAGE DEBUG ModalContext org.hibernate.cfg.reveng.dialect.JDBCMetaDataDialect - getColumns(actservSQL.dbo.Service.null)

!ENTRY org.hibernate.eclipse 1 10000 2006-01-18 09:44:44.727
!MESSAGE DEBUG ModalContext org.hibernate.cfg.reveng.dialect.JDBCMetaDataDialect - getPrimaryKeys(actservSQL.dbo.Service)

!ENTRY org.hibernate.eclipse 1 10000 2006-01-18 09:44:44.743
!MESSAGE DEBUG ModalContext org.hibernate.cfg.JDBCBinder - primary key for org.hibernate.mapping.Table(Service) -> org.hibernate.mapping.PrimaryKey(Service[org.hibernate.mapping.Column(ServiceID)]) as aaaaaService_PK

!ENTRY org.hibernate.eclipse 1 10000 2006-01-18 09:44:44.743
!MESSAGE DEBUG ModalContext org.hibernate.cfg.reveng.dialect.JDBCMetaDataDialect - getIndexInfo(actservSQL.dbo.Service)

!ENTRY org.hibernate.eclipse 1 10000 2006-01-18 09:44:44.759
!MESSAGE DEBUG ModalContext org.hibernate.cfg.JDBCBinder - Finding columns for ServiceRole

!ENTRY org.hibernate.eclipse 1 10000 2006-01-18 09:44:44.759
!MESSAGE DEBUG ModalContext org.hibernate.cfg.reveng.dialect.JDBCMetaDataDialect - getColumns(actservSQL.dbo.ServiceRole.null)

!ENTRY org.hibernate.eclipse 1 10000 2006-01-18 09:44:44.759
!MESSAGE DEBUG ModalContext org.hibernate.cfg.reveng.dialect.JDBCMetaDataDialect - getPrimaryKeys(actservSQL.dbo.ServiceRole)

!ENTRY org.hibernate.eclipse 1 10000 2006-01-18 09:44:44.759
!MESSAGE DEBUG ModalContext org.hibernate.cfg.JDBCBinder - primary key for org.hibernate.mapping.Table(ServiceRole) -> org.hibernate.mapping.PrimaryKey(ServiceRole[org.hibernate.mapping.Column(ServiceRoleID)]) as aaaaaServiceRole_PK

!ENTRY org.hibernate.eclipse 1 10000 2006-01-18 09:44:44.774
!MESSAGE DEBUG ModalContext org.hibernate.cfg.reveng.dialect.JDBCMetaDataDialect - getIndexInfo(actservSQL.dbo.ServiceRole)

!ENTRY org.hibernate.eclipse 1 10000 2006-01-18 09:44:44.774
!MESSAGE DEBUG ModalContext org.hibernate.cfg.JDBCBinder - Finding columns for ServiceStaffCost

!ENTRY org.hibernate.eclipse 1 10000 2006-01-18 09:44:44.774
!MESSAGE DEBUG ModalContext org.hibernate.cfg.reveng.dialect.JDBCMetaDataDialect - getColumns(actservSQL.dbo.ServiceStaffCost.null)

!ENTRY org.hibernate.eclipse 1 10000 2006-01-18 09:44:44.790
!MESSAGE DEBUG ModalContext org.hibernate.cfg.reveng.dialect.JDBCMetaDataDialect - getPrimaryKeys(actservSQL.dbo.ServiceStaffCost)

!ENTRY org.hibernate.eclipse 1 10000 2006-01-18 09:44:44.790
!MESSAGE DEBUG ModalContext org.hibernate.cfg.JDBCBinder - primary key for org.hibernate.mapping.Table(ServiceStaffCost) -> org.hibernate.mapping.PrimaryKey(ServiceStaffCost[org.hibernate.mapping.Column(ServiceStaffCostID)]) as aaaaaServiceStaffCost_PK

!ENTRY org.hibernate.eclipse 1 10000 2006-01-18 09:44:44.790
!MESSAGE DEBUG ModalContext org.hibernate.cfg.reveng.dialect.JDBCMetaDataDialect - getIndexInfo(actservSQL.dbo.ServiceStaffCost)

!ENTRY org.hibernate.eclipse 1 10000 2006-01-18 09:44:44.806
!MESSAGE DEBUG ModalContext org.hibernate.cfg.JDBCBinder - Finding columns for ServiceType

!ENTRY org.hibernate.eclipse 1 10000 2006-01-18 09:44:44.806
!MESSAGE DEBUG ModalContext org.hibernate.cfg.reveng.dialect.JDBCMetaDataDialect - getColumns(actservSQL.dbo.ServiceType.null)

!ENTRY org.hibernate.eclipse 1 10000 2006-01-18 09:44:44.806
!MESSAGE DEBUG ModalContext org.hibernate.cfg.reveng.dialect.JDBCMetaDataDialect - getPrimaryKeys(actservSQL.dbo.ServiceType)

!ENTRY org.hibernate.eclipse 1 10000 2006-01-18 09:44:44.821
!MESSAGE DEBUG ModalContext org.hibernate.cfg.JDBCBinder - primary key for org.hibernate.mapping.Table(ServiceType) -> org.hibernate.mapping.PrimaryKey(ServiceType[org.hibernate.mapping.Column(ServiceTypeID)]) as aaaaaServiceType_PK

!ENTRY org.hibernate.eclipse 1 10000 2006-01-18 09:44:44.821
!MESSAGE DEBUG ModalContext org.hibernate.cfg.reveng.dialect.JDBCMetaDataDialect - getIndexInfo(actservSQL.dbo.ServiceType)

!ENTRY org.hibernate.eclipse 1 10000 2006-01-18 09:44:44.821
!MESSAGE DEBUG ModalContext org.hibernate.cfg.JDBCBinder - Finding columns for Staff

!ENTRY org.hibernate.eclipse 1 10000 2006-01-18 09:44:44.821
!MESSAGE DEBUG ModalContext org.hibernate.cfg.reveng.dialect.JDBCMetaDataDialect - getColumns(actservSQL.dbo.Staff.null)

!ENTRY org.hibernate.eclipse 1 10000 2006-01-18 09:44:44.837
!MESSAGE DEBUG ModalContext org.hibernate.cfg.reveng.dialect.JDBCMetaDataDialect - getPrimaryKeys(actservSQL.dbo.Staff)

!ENTRY org.hibernate.eclipse 1 10000 2006-01-18 09:44:44.837
!MESSAGE DEBUG ModalContext org.hibernate.cfg.JDBCBinder - primary key for org.hibernate.mapping.Table(Staff) -> org.hibernate.mapping.PrimaryKey(Staff[org.hibernate.mapping.Column(StaffID)]) as aaaaaStaff_PK

!ENTRY org.hibernate.eclipse 1 10000 2006-01-18 09:44:44.837
!MESSAGE DEBUG ModalContext org.hibernate.cfg.reveng.dialect.JDBCMetaDataDialect - getIndexInfo(actservSQL.dbo.Staff)

!ENTRY org.hibernate.eclipse 1 10000 2006-01-18 09:44:44.852
!MESSAGE DEBUG ModalContext org.hibernate.cfg.JDBCBinder - Finding columns for StaffCostRate

!ENTRY org.hibernate.eclipse 1 10000 2006-01-18 09:44:44.852
!MESSAGE DEBUG ModalContext org.hibernate.cfg.reveng.dialect.JDBCMetaDataDialect - getColumns(actservSQL.dbo.StaffCostRate.null)

!ENTRY org.hibernate.eclipse 1 10000 2006-01-18 09:44:44.852
!MESSAGE DEBUG ModalContext org.hibernate.cfg.reveng.dialect.JDBCMetaDataDialect - getPrimaryKeys(actservSQL.dbo.StaffCostRate)

!ENTRY org.hibernate.eclipse 1 10000 2006-01-18 09:44:44.868
!MESSAGE DEBUG ModalContext org.hibernate.cfg.JDBCBinder - primary key for org.hibernate.mapping.Table(StaffCostRate) -> org.hibernate.mapping.PrimaryKey(StaffCostRate[org.hibernate.mapping.Column(StaffCostRateID)]) as aaaaaStaffCostRate_PK

!ENTRY org.hibernate.eclipse 1 10000 2006-01-18 09:44:44.868
!MESSAGE DEBUG ModalContext org.hibernate.cfg.reveng.dialect.JDBCMetaDataDialect - getIndexInfo(actservSQL.dbo.StaffCostRate)

!ENTRY org.hibernate.eclipse 1 10000 2006-01-18 09:44:44.868
!MESSAGE DEBUG ModalContext org.hibernate.cfg.JDBCBinder - Calling getExportedKeys on org.hibernate.mapping.Table(Account)

!ENTRY org.hibernate.eclipse 1 10000 2006-01-18 09:44:44.884
!MESSAGE DEBUG ModalContext org.hibernate.cfg.reveng.dialect.JDBCMetaDataDialect - getExportedKeys(actservSQL.dbo.Account)

!ENTRY org.hibernate.eclipse 1 10000 2006-01-18 09:44:44.884
!MESSAGE DEBUG ModalContext org.hibernate.cfg.JDBCBinder - foreign key name: Activity_FK00

!ENTRY org.hibernate.eclipse 1 10000 2006-01-18 09:44:44.884
!MESSAGE DEBUG ModalContext org.hibernate.cfg.JDBCBinder - Calling getExportedKeys on org.hibernate.mapping.Table(Activity)

!ENTRY org.hibernate.eclipse 1 10000 2006-01-18 09:44:44.899
!MESSAGE DEBUG ModalContext org.hibernate.cfg.reveng.dialect.JDBCMetaDataDialect - getExportedKeys(actservSQL.dbo.Activity)

!ENTRY org.hibernate.eclipse 1 10000 2006-01-18 09:44:44.899
!MESSAGE DEBUG ModalContext org.hibernate.cfg.JDBCBinder - foreign key name: CustomerPurchaseOrder_FK00

!ENTRY org.hibernate.eclipse 1 10000 2006-01-18 09:44:44.899
!MESSAGE DEBUG ModalContext org.hibernate.cfg.JDBCBinder - foreign key name: PaymentMilestone_FK00

!ENTRY org.hibernate.eclipse 1 10000 2006-01-18 09:44:44.899
!MESSAGE DEBUG ModalContext org.hibernate.cfg.JDBCBinder - foreign key name: Service_FK00

!ENTRY org.hibernate.eclipse 1 10000 2006-01-18 09:44:44.915
!MESSAGE DEBUG ModalContext org.hibernate.cfg.JDBCBinder - Calling getExportedKeys on org.hibernate.mapping.Table(Authorisation)

!ENTRY org.hibernate.eclipse 1 10000 2006-01-18 09:44:44.915
!MESSAGE DEBUG ModalContext org.hibernate.cfg.reveng.dialect.JDBCMetaDataDialect - getExportedKeys(actservSQL.dbo.Authorisation)

!ENTRY org.hibernate.eclipse 1 10000 2006-01-18 09:44:44.915
!MESSAGE DEBUG ModalContext org.hibernate.cfg.JDBCBinder - foreign key name: AuthorisationItem_FK00

!ENTRY org.hibernate.eclipse 1 10000 2006-01-18 09:44:44.931
!MESSAGE DEBUG ModalContext org.hibernate.cfg.JDBCBinder - foreign key name: AuthorisationStage_FK00

!ENTRY org.hibernate.eclipse 1 10000 2006-01-18 09:44:44.931
!MESSAGE DEBUG ModalContext org.hibernate.cfg.JDBCBinder - Calling getExportedKeys on org.hibernate.mapping.Table(AuthorisationItem)

!ENTRY org.hibernate.eclipse 1 10000 2006-01-18 09:44:44.931
!MESSAGE DEBUG ModalContext org.hibernate.cfg.reveng.dialect.JDBCMetaDataDialect - getExportedKeys(actservSQL.dbo.AuthorisationItem)

!ENTRY org.hibernate.eclipse 1 10000 2006-01-18 09:44:44.931
!MESSAGE DEBUG ModalContext org.hibernate.cfg.JDBCBinder - Calling getExportedKeys on org.hibernate.mapping.Table(AuthorisationStage)

!ENTRY org.hibernate.eclipse 1 10000 2006-01-18 09:44:44.931
!MESSAGE DEBUG ModalContext org.hibernate.cfg.reveng.dialect.JDBCMetaDataDialect - getExportedKeys(actservSQL.dbo.AuthorisationStage)

!ENTRY org.hibernate.eclipse 1 10000 2006-01-18 09:44:44.946
!MESSAGE DEBUG ModalContext org.hibernate.cfg.JDBCBinder - Calling getExportedKeys on org.hibernate.mapping.Table(AuthorisationStageName)

!ENTRY org.hibernate.eclipse 1 10000 2006-01-18 09:44:44.946
!MESSAGE DEBUG ModalContext org.hibernate.cfg.reveng.dialect.JDBCMetaDataDialect - getExportedKeys(actservSQL.dbo.AuthorisationStageName)

!ENTRY org.hibernate.eclipse 1 10000 2006-01-18 09:44:44.946
!MESSAGE DEBUG ModalContext org.hibernate.cfg.JDBCBinder - foreign key name: AuthorisationStage_FK01

!ENTRY org.hibernate.eclipse 1 10000 2006-01-18 09:44:44.962
!MESSAGE DEBUG ModalContext org.hibernate.cfg.JDBCBinder - Calling getExportedKeys on org.hibernate.mapping.Table(Contacts)

!ENTRY org.hibernate.eclipse 1 10000 2006-01-18 09:44:44.962
!MESSAGE DEBUG ModalContext org.hibernate.cfg.reveng.dialect.JDBCMetaDataDialect - getExportedKeys(actservSQL.dbo.Contacts)

!ENTRY org.hibernate.eclipse 1 10000 2006-01-18 09:44:44.962
!MESSAGE DEBUG ModalContext org.hibernate.cfg.JDBCBinder - foreign key name: Activity_FK02

!ENTRY org.hibernate.eclipse 1 10000 2006-01-18 09:44:44.977
!MESSAGE DEBUG ModalContext org.hibernate.cfg.JDBCBinder - foreign key name: Activity_FK01

!ENTRY org.hibernate.eclipse 1 10000 2006-01-18 09:44:44.977
!MESSAGE DEBUG ModalContext org.hibernate.cfg.JDBCBinder - foreign key name: Contacts_FK00

!ENTRY org.hibernate.eclipse 1 10000 2006-01-18 09:44:44.977
!MESSAGE DEBUG ModalContext org.hibernate.cfg.JDBCBinder - Calling getExportedKeys on org.hibernate.mapping.Table(CustomerPurchaseOrder)

!ENTRY org.hibernate.eclipse 1 10000 2006-01-18 09:44:44.977
!MESSAGE DEBUG ModalContext org.hibernate.cfg.reveng.dialect.JDBCMetaDataDialect - getExportedKeys(actservSQL.dbo.CustomerPurchaseOrder)

!ENTRY org.hibernate.eclipse 1 10000 2006-01-18 09:44:44.993
!MESSAGE DEBUG ModalContext org.hibernate.cfg.JDBCBinder - foreign key name: AuthorisationItem_FK01

!ENTRY org.hibernate.eclipse 1 10000 2006-01-18 09:44:44.993
!MESSAGE DEBUG ModalContext org.hibernate.cfg.JDBCBinder - Calling getExportedKeys on org.hibernate.mapping.Table(MaterialCost)

!ENTRY org.hibernate.eclipse 1 10000 2006-01-18 09:44:44.993
!MESSAGE DEBUG ModalContext org.hibernate.cfg.reveng.dialect.JDBCMetaDataDialect - getExportedKeys(actservSQL.dbo.MaterialCost)

!ENTRY org.hibernate.eclipse 1 10000 2006-01-18 09:44:44.993
!MESSAGE DEBUG ModalContext org.hibernate.cfg.JDBCBinder - Calling getExportedKeys on org.hibernate.mapping.Table(PaymentMilestone)

!ENTRY org.hibernate.eclipse 1 10000 2006-01-18 09:44:45.09
!MESSAGE DEBUG ModalContext org.hibernate.cfg.reveng.dialect.JDBCMetaDataDialect - getExportedKeys(actservSQL.dbo.PaymentMilestone)

!ENTRY org.hibernate.eclipse 1 10000 2006-01-18 09:44:45.09
!MESSAGE DEBUG ModalContext org.hibernate.cfg.JDBCBinder - foreign key name: Authorisation_FK00

!ENTRY org.hibernate.eclipse 1 10000 2006-01-18 09:44:45.09
!MESSAGE DEBUG ModalContext org.hibernate.cfg.JDBCBinder - Calling getExportedKeys on org.hibernate.mapping.Table(Service)

!ENTRY org.hibernate.eclipse 1 10000 2006-01-18 09:44:45.09
!MESSAGE DEBUG ModalContext org.hibernate.cfg.reveng.dialect.JDBCMetaDataDialect - getExportedKeys(actservSQL.dbo.Service)

!ENTRY org.hibernate.eclipse 1 10000 2006-01-18 09:44:45.24
!MESSAGE DEBUG ModalContext org.hibernate.cfg.JDBCBinder - foreign key name: MaterialCost_FK00

!ENTRY org.hibernate.eclipse 1 10000 2006-01-18 09:44:45.24
!MESSAGE DEBUG ModalContext org.hibernate.cfg.JDBCBinder - foreign key name: PaymentMilestone_FK01

!ENTRY org.hibernate.eclipse 1 10000 2006-01-18 09:44:45.24
!MESSAGE DEBUG ModalContext org.hibernate.cfg.JDBCBinder - foreign key name: StaffCostRate_FK01

!ENTRY org.hibernate.eclipse 1 10000 2006-01-18 09:44:45.40
!MESSAGE DEBUG ModalContext org.hibernate.cfg.JDBCBinder - Calling getExportedKeys on org.hibernate.mapping.Table(ServiceRole)

!ENTRY org.hibernate.eclipse 1 10000 2006-01-18 09:44:45.40
!MESSAGE DEBUG ModalContext org.hibernate.cfg.reveng.dialect.JDBCMetaDataDialect - getExportedKeys(actservSQL.dbo.ServiceRole)

!ENTRY org.hibernate.eclipse 1 10000 2006-01-18 09:44:45.56
!MESSAGE DEBUG ModalContext org.hibernate.cfg.JDBCBinder - foreign key name: StaffCostRate_FK00

!ENTRY org.hibernate.eclipse 1 10000 2006-01-18 09:44:45.71
!MESSAGE DEBUG ModalContext org.hibernate.cfg.JDBCBinder - Calling getExportedKeys on org.hibernate.mapping.Table(ServiceStaffCost)

!ENTRY org.hibernate.eclipse 1 10000 2006-01-18 09:44:45.71
!MESSAGE DEBUG ModalContext org.hibernate.cfg.reveng.dialect.JDBCMetaDataDialect - getExportedKeys(actservSQL.dbo.ServiceStaffCost)

!ENTRY org.hibernate.eclipse 1 10000 2006-01-18 09:44:45.71
!MESSAGE DEBUG ModalContext org.hibernate.cfg.JDBCBinder - Calling getExportedKeys on org.hibernate.mapping.Table(ServiceType)

!ENTRY org.hibernate.eclipse 1 10000 2006-01-18 09:44:45.71
!MESSAGE DEBUG ModalContext org.hibernate.cfg.reveng.dialect.JDBCMetaDataDialect - getExportedKeys(actservSQL.dbo.ServiceType)

!ENTRY org.hibernate.eclipse 1 10000 2006-01-18 09:44:45.87
!MESSAGE DEBUG ModalContext org.hibernate.cfg.JDBCBinder - foreign key name: Service_FK01

!ENTRY org.hibernate.eclipse 1 10000 2006-01-18 09:44:45.87
!MESSAGE DEBUG ModalContext org.hibernate.cfg.JDBCBinder - Calling getExportedKeys on org.hibernate.mapping.Table(Staff)

!ENTRY org.hibernate.eclipse 1 10000 2006-01-18 09:44:45.87
!MESSAGE DEBUG ModalContext org.hibernate.cfg.reveng.dialect.JDBCMetaDataDialect - getExportedKeys(actservSQL.dbo.Staff)

!ENTRY org.hibernate.eclipse 1 10000 2006-01-18 09:44:45.102
!MESSAGE DEBUG ModalContext org.hibernate.cfg.JDBCBinder - foreign key name: Activity_FK03

!ENTRY org.hibernate.eclipse 1 10000 2006-01-18 09:44:45.102
!MESSAGE DEBUG ModalContext org.hibernate.cfg.JDBCBinder - foreign key name: Authorisation_FK01

!ENTRY org.hibernate.eclipse 1 10000 2006-01-18 09:44:45.102
!MESSAGE DEBUG ModalContext org.hibernate.cfg.JDBCBinder - foreign key name: Contacts_FK02

!ENTRY org.hibernate.eclipse 1 10000 2006-01-18 09:44:45.102
!MESSAGE DEBUG ModalContext org.hibernate.cfg.JDBCBinder - foreign key name: Contacts_FK01

!ENTRY org.hibernate.eclipse 1 10000 2006-01-18 09:44:45.118
!MESSAGE DEBUG ModalContext org.hibernate.cfg.JDBCBinder - foreign key name: Staff_FK00

!ENTRY org.hibernate.eclipse 1 10000 2006-01-18 09:44:45.118
!MESSAGE DEBUG ModalContext org.hibernate.cfg.JDBCBinder - foreign key name: StaffCostRate_FK02

!ENTRY org.hibernate.eclipse 1 10000 2006-01-18 09:44:45.118
!MESSAGE DEBUG ModalContext org.hibernate.cfg.JDBCBinder - Calling getExportedKeys on org.hibernate.mapping.Table(StaffCostRate)

!ENTRY org.hibernate.eclipse 1 10000 2006-01-18 09:44:45.118
!MESSAGE DEBUG ModalContext org.hibernate.cfg.reveng.dialect.JDBCMetaDataDialect - getExportedKeys(actservSQL.dbo.StaffCostRate)

!ENTRY org.hibernate.eclipse 1 10000 2006-01-18 09:44:45.134
!MESSAGE DEBUG ModalContext org.hibernate.cfg.JDBCBinder - foreign key name: ServiceStaffCost_FK00

!ENTRY org.hibernate.eclipse 1 10000 2006-01-18 09:44:45.134
!MESSAGE DEBUG ModalContext org.hibernate.connection.DriverManagerConnectionProvider - returning connection to pool, pool size: 1

!ENTRY org.hibernate.eclipse 1 10000 2006-01-18 09:44:45.134
!MESSAGE DEBUG ModalContext org.hibernate.cfg.reveng.OverrideRepository - columnToHibernateTypeName, explicit mapping found: integer for Table: Account

!ENTRY org.hibernate.eclipse 1 10000 2006-01-18 09:44:45.446
!MESSAGE DEBUG ModalContext org.hibernate.cfg.JDBCBinder - Building property id

!ENTRY org.hibernate.eclipse 1 10000 2006-01-18 09:44:45.462
!MESSAGE DEBUG ModalContext org.hibernate.cfg.JDBCBinder - Cascading id with null

!ENTRY org.hibernate.eclipse 1 10000 2006-01-18 09:44:45.462
!MESSAGE DEBUG ModalContext org.hibernate.cfg.JDBCBinder - Scanning org.hibernate.cfg.reveng.TableIdentifier(Account) for <version>/<timestamp> columns.

!ENTRY org.hibernate.eclipse 1 10000 2006-01-18 09:44:45.477
!MESSAGE DEBUG ModalContext org.hibernate.cfg.JDBCBinder - No columns reported while scanning for <version>/<timestamp> columns in org.hibernate.cfg.reveng.TableIdentifier(Account)

!ENTRY org.hibernate.eclipse 1 10000 2006-01-18 09:44:45.477
!MESSAGE DEBUG ModalContext org.hibernate.cfg.JDBCBinder - Sql type mismatch for Table: Account column: CrmAccountUUID between DB and wanted hibernate type. Sql type set to 1(CHAR) instead of 12(VARCHAR)

!ENTRY org.hibernate.eclipse 1 10000 2006-01-18 09:44:45.477
!MESSAGE DEBUG ModalContext org.hibernate.cfg.JDBCBinder - Building property crmAccountUuid

!ENTRY org.hibernate.eclipse 1 10000 2006-01-18 09:44:45.477
!MESSAGE DEBUG ModalContext org.hibernate.cfg.JDBCBinder - Cascading crmAccountUuid with null

!ENTRY org.hibernate.eclipse 1 10000 2006-01-18 09:44:45.493
!MESSAGE DEBUG ModalContext org.hibernate.cfg.JDBCBinder - Building property accountName

!ENTRY org.hibernate.eclipse 1 10000 2006-01-18 09:44:45.493
!MESSAGE DEBUG ModalContext org.hibernate.cfg.JDBCBinder - Cascading accountName with null

!ENTRY org.hibernate.eclipse 1 10000 2006-01-18 09:44:45.493
!MESSAGE DEBUG ModalContext org.hibernate.cfg.JDBCBinder - Building property phoneFax

!ENTRY org.hibernate.eclipse 1 10000 2006-01-18 09:44:45.493
!MESSAGE DEBUG ModalContext org.hibernate.cfg.JDBCBinder - Cascading phoneFax with null

!ENTRY org.hibernate.eclipse 1 10000 2006-01-18 09:44:45.493
!MESSAGE DEBUG ModalContext org.hibernate.cfg.JDBCBinder - Building property billingAddressStreet

!ENTRY org.hibernate.eclipse 1 10000 2006-01-18 09:44:45.509
!MESSAGE DEBUG ModalContext org.hibernate.cfg.JDBCBinder - Cascading billingAddressStreet with null

!ENTRY org.hibernate.eclipse 1 10000 2006-01-18 09:44:45.509
!MESSAGE DEBUG ModalContext org.hibernate.cfg.JDBCBinder - Building property billingAddressCity

!ENTRY org.hibernate.eclipse 1 10000 2006-01-18 09:44:45.509
!MESSAGE DEBUG ModalContext org.hibernate.cfg.JDBCBinder - Cascading billingAddressCity with null

!ENTRY org.hibernate.eclipse 1 10000 2006-01-18 09:44:45.509
!MESSAGE DEBUG ModalContext org.hibernate.cfg.JDBCBinder - Building property billingAddressState

!ENTRY org.hibernate.eclipse 1 10000 2006-01-18 09:44:45.509
!MESSAGE DEBUG ModalContext org.hibernate.cfg.JDBCBinder - Cascading billingAddressState with null

!ENTRY org.hibernate.eclipse 1 10000 2006-01-18 09:44:45.509
!MESSAGE DEBUG ModalContext org.hibernate.cfg.JDBCBinder - Building property billingAddressPostalCode

!ENTRY org.hibernate.eclipse 1 10000 2006-01-18 09:44:45.524
!MESSAGE DEBUG ModalContext org.hibernate.cfg.JDBCBinder - Cascading billingAddressPostalCode with null

!ENTRY org.hibernate.eclipse 1 10000 2006-01-18 09:44:45.524
!MESSAGE DEBUG ModalContext org.hibernate.cfg.JDBCBinder - Building property billingAddressCountry

!ENTRY org.hibernate.eclipse 1 10000 2006-01-18 09:44:45.524
!MESSAGE DEBUG ModalContext org.hibernate.cfg.JDBCBinder - Cascading billingAddressCountry with null

!ENTRY org.hibernate.eclipse 1 10000 2006-01-18 09:44:45.524
!MESSAGE DEBUG ModalContext org.hibernate.cfg.JDBCBinder - Building property description

!ENTRY org.hibernate.eclipse 1 10000 2006-01-18 09:44:45.524
!MESSAGE DEBUG ModalContext org.hibernate.cfg.JDBCBinder - Cascading description with null

!ENTRY org.hibernate.eclipse 1 10000 2006-01-18 09:44:45.540
!MESSAGE DEBUG ModalContext org.hibernate.cfg.JDBCBinder - Building property phoneOffice

!ENTRY org.hibernate.eclipse 1 10000 2006-01-18 09:44:45.540
!MESSAGE DEBUG ModalContext org.hibernate.cfg.JDBCBinder - Cascading phoneOffice with null

!ENTRY org.hibernate.eclipse 1 10000 2006-01-18 09:44:45.540
!MESSAGE DEBUG ModalContext org.hibernate.cfg.JDBCBinder - Building property phoneAlternate

!ENTRY org.hibernate.eclipse 1 10000 2006-01-18 09:44:45.540
!MESSAGE DEBUG ModalContext org.hibernate.cfg.JDBCBinder - Cascading phoneAlternate with null

!ENTRY org.hibernate.eclipse 1 10000 2006-01-18 09:44:45.556
!MESSAGE DEBUG ModalContext org.hibernate.cfg.JDBCBinder - Building property email1

!ENTRY org.hibernate.eclipse 1 10000 2006-01-18 09:44:45.556
!MESSAGE DEBUG ModalContext org.hibernate.cfg.JDBCBinder - Cascading email1 with null

!ENTRY org.hibernate.eclipse 1 10000 2006-01-18 09:44:45.556
!MESSAGE DEBUG ModalContext org.hibernate.cfg.JDBCBinder - Building property email2

!ENTRY org.hibernate.eclipse 1 10000 2006-01-18 09:44:45.556
!MESSAGE DEBUG ModalContext org.hibernate.cfg.JDBCBinder - Cascading email2 with null

!ENTRY org.hibernate.eclipse 1 10000 2006-01-18 09:44:45.556
!MESSAGE DEBUG ModalContext org.hibernate.cfg.JDBCBinder - Building property website

!ENTRY org.hibernate.eclipse 1 10000 2006-01-18 09:44:45.556
!MESSAGE DEBUG ModalContext org.hibernate.cfg.JDBCBinder - Cascading website with null

!ENTRY org.hibernate.eclipse 1 10000 2006-01-18 09:44:45.571
!MESSAGE DEBUG ModalContext org.hibernate.cfg.JDBCBinder - Building property shippingAddressStreet

!ENTRY org.hibernate.eclipse 1 10000 2006-01-18 09:44:45.571
!MESSAGE DEBUG ModalContext org.hibernate.cfg.JDBCBinder - Cascading shippingAddressStreet with null

!ENTRY org.hibernate.eclipse 1 10000 2006-01-18 09:44:45.571
!MESSAGE DEBUG ModalContext org.hibernate.cfg.JDBCBinder - Building property shippingAddressCity

!ENTRY org.hibernate.eclipse 1 10000 2006-01-18 09:44:45.571
!MESSAGE DEBUG ModalContext org.hibernate.cfg.JDBCBinder - Cascading shippingAddressCity with null

!ENTRY org.hibernate.eclipse 1 10000 2006-01-18 09:44:45.571
!MESSAGE DEBUG ModalContext org.hibernate.cfg.JDBCBinder - Building property shippingAddressState

!ENTRY org.hibernate.eclipse 1 10000 2006-01-18 09:44:45.587
!MESSAGE DEBUG ModalContext org.hibernate.cfg.JDBCBinder - Cascading shippingAddressState with null

!ENTRY org.hibernate.eclipse 1 10000 2006-01-18 09:44:45.587
!MESSAGE DEBUG ModalContext org.hibernate.cfg.JDBCBinder - Building property shippingAddressPostalCode

!ENTRY org.hibernate.eclipse 1 10000 2006-01-18 09:44:45.587
!MESSAGE DEBUG ModalContext org.hibernate.cfg.JDBCBinder - Cascading shippingAddressPostalCode with null

!ENTRY org.hibernate.eclipse 1 10000 2006-01-18 09:44:45.587
!MESSAGE DEBUG ModalContext org.hibernate.cfg.JDBCBinder - Building property shippingAddressCountry

!ENTRY org.hibernate.eclipse 1 10000 2006-01-18 09:44:45.587
!MESSAGE DEBUG ModalContext org.hibernate.cfg.JDBCBinder - Cascading shippingAddressCountry with null

!ENTRY org.hibernate.eclipse 1 10000 2006-01-18 09:44:45.587
!MESSAGE DEBUG ModalContext org.hibernate.cfg.JDBCBinder - Building property isDeleted

!ENTRY org.hibernate.eclipse 1 10000 2006-01-18 09:44:45.602
!MESSAGE DEBUG ModalContext org.hibernate.cfg.JDBCBinder - Cascading isDeleted with null

!ENTRY org.hibernate.eclipse 1 10000 2006-01-18 09:44:45.602
!MESSAGE DEBUG ModalContext org.hibernate.cfg.JDBCBinder - Building property isPurchaseOrderAccount

!ENTRY org.hibernate.eclipse 1 10000 2006-01-18 09:44:45.602
!MESSAGE DEBUG ModalContext org.hibernate.cfg.JDBCBinder - Cascading isPurchaseOrderAccount with null

!ENTRY org.hibernate.eclipse 1 10000 2006-01-18 09:44:45.602
!MESSAGE DEBUG ModalContext org.hibernate.cfg.JDBCBinder - Building property activities

!ENTRY org.hibernate.eclipse 1 10000 2006-01-18 09:44:45.618
!MESSAGE DEBUG ModalContext org.hibernate.cfg.JDBCBinder - Cascading activities with all

!ENTRY org.hibernate.eclipse 1 10000 2006-01-18 09:44:45.618
!MESSAGE DEBUG ModalContext org.hibernate.cfg.reveng.OverrideRepository - columnToHibernateTypeName, explicit mapping found: integer for Table: Activity

!ENTRY org.hibernate.eclipse 1 10000 2006-01-18 09:44:45.618
!MESSAGE DEBUG ModalContext org.hibernate.cfg.JDBCBinder - Building property id

!ENTRY org.hibernate.eclipse 1 10000 2006-01-18 09:44:45.618
!MESSAGE DEBUG ModalContext org.hibernate.cfg.JDBCBinder - Cascading id with null

!ENTRY org.hibernate.eclipse 1 10000 2006-01-18 09:44:45.618
!MESSAGE DEBUG ModalContext org.hibernate.cfg.JDBCBinder - Scanning org.hibernate.cfg.reveng.TableIdentifier(Activity) for <version>/<timestamp> columns.

!ENTRY org.hibernate.eclipse 1 10000 2006-01-18 09:44:45.618
!MESSAGE DEBUG ModalContext org.hibernate.cfg.JDBCBinder - No columns reported while scanning for <version>/<timestamp> columns in org.hibernate.cfg.reveng.TableIdentifier(Activity)

!ENTRY org.hibernate.eclipse 1 10000 2006-01-18 09:44:45.634
!MESSAGE DEBUG ModalContext org.hibernate.cfg.JDBCBinder - Building property contactsByFkPurchaseContact

!ENTRY org.hibernate.eclipse 1 10000 2006-01-18 09:44:45.634
!MESSAGE DEBUG ModalContext org.hibernate.cfg.JDBCBinder - Cascading contactsByFkPurchaseContact with null

!ENTRY org.hibernate.eclipse 1 10000 2006-01-18 09:44:45.634
!MESSAGE DEBUG ModalContext org.hibernate.cfg.JDBCBinder - Building property contactsByFkTechnicalContact

!ENTRY org.hibernate.eclipse 1 10000 2006-01-18 09:44:45.634
!MESSAGE DEBUG ModalContext org.hibernate.cfg.JDBCBinder - Cascading contactsByFkTechnicalContact with null

!ENTRY org.hibernate.eclipse 1 10000 2006-01-18 09:44:45.634
!MESSAGE DEBUG ModalContext org.hibernate.cfg.JDBCBinder - Building property staff

!ENTRY org.hibernate.eclipse 1 10000 2006-01-18 09:44:45.649
!MESSAGE DEBUG ModalContext org.hibernate.cfg.JDBCBinder - Cascading staff with null

!ENTRY org.hibernate.eclipse 1 10000 2006-01-18 09:44:45.649
!MESSAGE DEBUG ModalContext org.hibernate.cfg.JDBCBinder - Building property account

!ENTRY org.hibernate.eclipse 1 10000 2006-01-18 09:44:45.649
!MESSAGE DEBUG ModalContext org.hibernate.cfg.JDBCBinder - Cascading account with null

!ENTRY org.hibernate.eclipse 1 10000 2006-01-18 09:44:45.649
!MESSAGE DEBUG ModalContext org.hibernate.cfg.JDBCBinder - Building property activityNumber

!ENTRY org.hibernate.eclipse 1 10000 2006-01-18 09:44:45.649
!MESSAGE DEBUG ModalContext org.hibernate.cfg.JDBCBinder - Cascading activityNumber with null

!ENTRY org.hibernate.eclipse 1 10000 2006-01-18 09:44:45.665
!MESSAGE DEBUG ModalContext org.hibernate.cfg.JDBCBinder - Building property activityTitle

!ENTRY org.hibernate.eclipse 1 10000 2006-01-18 09:44:45.665
!MESSAGE DEBUG ModalContext org.hibernate.cfg.JDBCBinder - Cascading activityTitle with null

!ENTRY org.hibernate.eclipse 1 10000 2006-01-18 09:44:45.665
!MESSAGE DEBUG ModalContext org.hibernate.cfg.JDBCBinder - Building property activityDescription

!ENTRY org.hibernate.eclipse 1 10000 2006-01-18 09:44:45.665
!MESSAGE DEBUG ModalContext org.hibernate.cfg.JDBCBinder - Cascading activityDescription with null

!ENTRY org.hibernate.eclipse 1 10000 2006-01-18 09:44:45.665
!MESSAGE DEBUG ModalContext org.hibernate.cfg.JDBCBinder - Building property dateCreated

!ENTRY org.hibernate.eclipse 1 10000 2006-01-18 09:44:45.681
!MESSAGE DEBUG ModalContext org.hibernate.cfg.JDBCBinder - Cascading dateCreated with null

!ENTRY org.hibernate.eclipse 1 10000 2006-01-18 09:44:45.681
!MESSAGE DEBUG ModalContext org.hibernate.cfg.JDBCBinder - Building property dateClosed

!ENTRY org.hibernate.eclipse 1 10000 2006-01-18 09:44:45.681
!MESSAGE DEBUG ModalContext org.hibernate.cfg.JDBCBinder - Cascading dateClosed with null

!ENTRY org.hibernate.eclipse 1 10000 2006-01-18 09:44:45.681
!MESSAGE DEBUG ModalContext org.hibernate.cfg.JDBCBinder - Building property services

!ENTRY org.hibernate.eclipse 1 10000 2006-01-18 09:44:45.681
!MESSAGE DEBUG ModalContext org.hibernate.cfg.JDBCBinder - Cascading services with all

!ENTRY org.hibernate.eclipse 1 10000 2006-01-18 09:44:45.696
!MESSAGE DEBUG ModalContext org.hibernate.cfg.JDBCBinder - Building property customerPurchaseOrders

!ENTRY org.hibernate.eclipse 1 10000 2006-01-18 09:44:45.696
!MESSAGE DEBUG ModalContext org.hibernate.cfg.JDBCBinder - Cascading customerPurchaseOrders with all

!ENTRY org.hibernate.eclipse 1 10000 2006-01-18 09:44:45.696
!MESSAGE DEBUG ModalContext org.hibernate.cfg.JDBCBinder - Building property paymentMilestones

!ENTRY org.hibernate.eclipse 1 10000 2006-01-18 09:44:45.696
!MESSAGE DEBUG ModalContext org.hibernate.cfg.JDBCBinder - Cascading paymentMilestones with all

!ENTRY org.hibernate.eclipse 1 10000 2006-01-18 09:44:45.712
!MESSAGE DEBUG ModalContext org.hibernate.cfg.reveng.OverrideRepository - columnToHibernateTypeName, explicit mapping found: integer for Table: Authorisation

!ENTRY org.hibernate.eclipse 1 10000 2006-01-18 09:44:45.712
!MESSAGE DEBUG ModalContext org.hibernate.cfg.JDBCBinder - Building property id

!ENTRY org.hibernate.eclipse 1 10000 2006-01-18 09:44:45.712
!MESSAGE DEBUG ModalContext org.hibernate.cfg.JDBCBinder - Cascading id with null

!ENTRY org.hibernate.eclipse 1 10000 2006-01-18 09:44:45.712
!MESSAGE DEBUG ModalContext org.hibernate.cfg.JDBCBinder - Scanning org.hibernate.cfg.reveng.TableIdentifier(Authorisation) for <version>/<timestamp> columns.

!ENTRY org.hibernate.eclipse 1 10000 2006-01-18 09:44:45.727
!MESSAGE DEBUG ModalContext org.hibernate.cfg.JDBCBinder - No columns reported while scanning for <version>/<timestamp> columns in org.hibernate.cfg.reveng.TableIdentifier(Authorisation)

!ENTRY org.hibernate.eclipse 1 10000 2006-01-18 09:44:45.727
!MESSAGE DEBUG ModalContext org.hibernate.cfg.JDBCBinder - Building property staff

!ENTRY org.hibernate.eclipse 1 10000 2006-01-18 09:44:45.727
!MESSAGE DEBUG ModalContext org.hibernate.cfg.JDBCBinder - Cascading staff with null

!ENTRY org.hibernate.eclipse 1 10000 2006-01-18 09:44:45.727
!MESSAGE DEBUG ModalContext org.hibernate.cfg.JDBCBinder - Building property paymentMilestone

!ENTRY org.hibernate.eclipse 1 10000 2006-01-18 09:44:45.727
!MESSAGE DEBUG ModalContext org.hibernate.cfg.JDBCBinder - Cascading paymentMilestone with null

!ENTRY org.hibernate.eclipse 1 10000 2006-01-18 09:44:45.727
!MESSAGE DEBUG ModalContext org.hibernate.cfg.JDBCBinder - Building property dateCreated

!ENTRY org.hibernate.eclipse 1 10000 2006-01-18 09:44:45.743
!MESSAGE DEBUG ModalContext org.hibernate.cfg.JDBCBinder - Cascading dateCreated with null

!ENTRY org.hibernate.eclipse 1 10000 2006-01-18 09:44:45.743
!MESSAGE DEBUG ModalContext org.hibernate.cfg.JDBCBinder - Building property authorisationText

!ENTRY org.hibernate.eclipse 1 10000 2006-01-18 09:44:45.743
!MESSAGE DEBUG ModalContext org.hibernate.cfg.JDBCBinder - Cascading authorisationText with null

!ENTRY org.hibernate.eclipse 1 10000 2006-01-18 09:44:45.743
!MESSAGE DEBUG ModalContext org.hibernate.cfg.JDBCBinder - Building property authorisationComments

!ENTRY org.hibernate.eclipse 1 10000 2006-01-18 09:44:45.743
!MESSAGE DEBUG ModalContext org.hibernate.cfg.JDBCBinder - Cascading authorisationComments with null

!ENTRY org.hibernate.eclipse 1 10000 2006-01-18 09:44:45.759
!MESSAGE DEBUG ModalContext org.hibernate.cfg.JDBCBinder - Building property dateKilled

!ENTRY org.hibernate.eclipse 1 10000 2006-01-18 09:44:45.759
!MESSAGE DEBUG ModalContext org.hibernate.cfg.JDBCBinder - Cascading dateKilled with null

!ENTRY org.hibernate.eclipse 1 10000 2006-01-18 09:44:45.759
!MESSAGE DEBUG ModalContext org.hibernate.cfg.JDBCBinder - Building property authorisationItems

!ENTRY org.hibernate.eclipse 1 10000 2006-01-18 09:44:45.759
!MESSAGE DEBUG ModalContext org.hibernate.cfg.JDBCBinder - Cascading authorisationItems with all

!ENTRY org.hibernate.eclipse 1 10000 2006-01-18 09:44:45.759
!MESSAGE DEBUG ModalContext org.hibernate.cfg.JDBCBinder - Building property authorisationStages

!ENTRY org.hibernate.eclipse 1 10000 2006-01-18 09:44:45.759
!MESSAGE DEBUG ModalContext org.hibernate.cfg.JDBCBinder - Cascading authorisationStages with all

!ENTRY org.hibernate.eclipse 1 10000 2006-01-18 09:44:45.774
!MESSAGE DEBUG ModalContext org.hibernate.cfg.reveng.OverrideRepository - columnToHibernateTypeName, explicit mapping found: integer for Table: AuthorisationItem

!ENTRY org.hibernate.eclipse 1 10000 2006-01-18 09:44:45.774
!MESSAGE DEBUG ModalContext org.hibernate.cfg.JDBCBinder - Building property id

!ENTRY org.hibernate.eclipse 1 10000 2006-01-18 09:44:45.774
!MESSAGE DEBUG ModalContext org.hibernate.cfg.JDBCBinder - Cascading id with null

!ENTRY org.hibernate.eclipse 1 10000 2006-01-18 09:44:45.774
!MESSAGE DEBUG ModalContext org.hibernate.cfg.JDBCBinder - Scanning org.hibernate.cfg.reveng.TableIdentifier(AuthorisationItem) for <version>/<timestamp> columns.

!ENTRY org.hibernate.eclipse 1 10000 2006-01-18 09:44:45.774
!MESSAGE DEBUG ModalContext org.hibernate.cfg.JDBCBinder - No columns reported while scanning for <version>/<timestamp> columns in org.hibernate.cfg.reveng.TableIdentifier(AuthorisationItem)

!ENTRY org.hibernate.eclipse 1 10000 2006-01-18 09:44:45.774
!MESSAGE DEBUG ModalContext org.hibernate.cfg.JDBCBinder - Building property customerPurchaseOrder

!ENTRY org.hibernate.eclipse 1 10000 2006-01-18 09:44:45.790
!MESSAGE DEBUG ModalContext org.hibernate.cfg.JDBCBinder - Cascading customerPurchaseOrder with null

!ENTRY org.hibernate.eclipse 1 10000 2006-01-18 09:44:45.790
!MESSAGE DEBUG ModalContext org.hibernate.cfg.JDBCBinder - Building property authorisation

!ENTRY org.hibernate.eclipse 1 10000 2006-01-18 09:44:45.790
!MESSAGE DEBUG ModalContext org.hibernate.cfg.JDBCBinder - Cascading authorisation with null

!ENTRY org.hibernate.eclipse 1 10000 2006-01-18 09:44:45.790
!MESSAGE DEBUG ModalContext org.hibernate.cfg.JDBCBinder - Building property authorisationItemText

!ENTRY org.hibernate.eclipse 1 10000 2006-01-18 09:44:45.790
!MESSAGE DEBUG ModalContext org.hibernate.cfg.JDBCBinder - Cascading authorisationItemText with null

!ENTRY org.hibernate.eclipse 1 20000 2006-01-18 09:44:45.806
!MESSAGE INFO ModalContext org.hibernate.connection.DriverManagerConnectionProvider - cleaning up connection pool: jdbc:jtds:sqlserver://localhost/actservSQL
