 2016-02-04 11:49:16.799 [main] DEBUG o.hibernate.cfg.CollectionSecondPass - Second pass for collection: cz.adx.adn.car.lib.domain.event.Event.data 
 2016-02-04 11:49:16.801 [main] DEBUG o.h.cfg.annotations.CollectionBinder - Binding a OneToMany: cz.adx.adn.car.lib.domain.event.Event.data through a foreign key 
 2016-02-04 11:49:16.803 [main] DEBUG o.h.cfg.annotations.CollectionBinder - Mapping collection: cz.adx.adn.car.lib.domain.event.Event.data -> e_event_data 
 2016-02-04 11:57:39.168 [main] WARN  o.s.b.c.e.AnnotationConfigEmbeddedWebApplicationContext - Exception encountered during context initialization - cancelling refresh attempt: org.springframework.beans.factory.BeanCreationException: Error creating bean with name 'runtimeEntityManagerFactory' defined in class path resource [cz/adx/adn/car/config/DatabaseConfig.class]: Invocation of init method failed; nested exception is java.lang.NullPointerException 
 2016-02-04 11:57:39.188 [main] INFO  o.a.catalina.core.StandardService - Stopping service Tomcat 
 2016-02-04 11:57:39.226 [main] ERROR o.s.boot.SpringApplication - Application startup failed 
 
org.springframework.beans.factory.BeanCreationException: Error creating bean with name 'runtimeEntityManagerFactory' defined in class path resource [cz/adx/adn/car/config/DatabaseConfig.class]: Invocation of init method failed; nested exception is java.lang.NullPointerException
	at org.springframework.beans.factory.support.AbstractAutowireCapableBeanFactory.initializeBean(AbstractAutowireCapableBeanFactory.java:1578)
	at org.springframework.beans.factory.support.AbstractAutowireCapableBeanFactory.doCreateBean(AbstractAutowireCapableBeanFactory.java:545)
	at org.springframework.beans.factory.support.AbstractAutowireCapableBeanFactory.createBean(AbstractAutowireCapableBeanFactory.java:482)
	at org.springframework.beans.factory.support.AbstractBeanFactory$1.getObject(AbstractBeanFactory.java:306)
	at org.springframework.beans.factory.support.DefaultSingletonBeanRegistry.getSingleton(DefaultSingletonBeanRegistry.java:230)
	at org.springframework.beans.factory.support.AbstractBeanFactory.doGetBean(AbstractBeanFactory.java:302)
	at org.springframework.beans.factory.support.AbstractBeanFactory.getBean(AbstractBeanFactory.java:197)
	at org.springframework.context.support.AbstractApplicationContext.getBean(AbstractApplicationContext.java:1054)
	at org.springframework.context.support.AbstractApplicationContext.finishBeanFactoryInitialization(AbstractApplicationContext.java:829)
	at org.springframework.context.support.AbstractApplicationContext.refresh(AbstractApplicationContext.java:538)
	at org.springframework.boot.context.embedded.EmbeddedWebApplicationContext.refresh(EmbeddedWebApplicationContext.java:118)
	at org.springframework.boot.SpringApplication.refresh(SpringApplication.java:764)
	at org.springframework.boot.SpringApplication.doRun(SpringApplication.java:357)
	at org.springframework.boot.SpringApplication.run(SpringApplication.java:305)
	at org.springframework.boot.SpringApplication.run(SpringApplication.java:1124)
	at org.springframework.boot.SpringApplication.run(SpringApplication.java:1113)
	at cz.adx.adn.car.AdnCarServer.main(AdnCarServer.java:40)
Caused by: java.lang.NullPointerException: null
	at org.hibernate.cfg.annotations.CollectionBinder.bindCollectionSecondPass(CollectionBinder.java:1461)
	at org.hibernate.cfg.annotations.CollectionBinder.bindOneToManySecondPass(CollectionBinder.java:865)
	at org.hibernate.cfg.annotations.CollectionBinder.bindStarToManySecondPass(CollectionBinder.java:780)
	at org.hibernate.cfg.annotations.CollectionBinder$1.secondPass(CollectionBinder.java:729)
	at org.hibernate.cfg.CollectionSecondPass.doSecondPass(CollectionSecondPass.java:70)
	at org.hibernate.cfg.Configuration.originalSecondPassCompile(Configuration.java:1697)
	at org.hibernate.cfg.Configuration.secondPassCompile(Configuration.java:1426)
	at org.hibernate.cfg.Configuration.buildSessionFactory(Configuration.java:1846)
	at org.hibernate.jpa.boot.internal.EntityManagerFactoryBuilderImpl$4.perform(EntityManagerFactoryBuilderImpl.java:857)
	at org.hibernate.jpa.boot.internal.EntityManagerFactoryBuilderImpl$4.perform(EntityManagerFactoryBuilderImpl.java:850)
	at org.hibernate.boot.registry.classloading.internal.ClassLoaderServiceImpl.withTccl(ClassLoaderServiceImpl.java:425)
	at org.hibernate.jpa.boot.internal.EntityManagerFactoryBuilderImpl.build(EntityManagerFactoryBuilderImpl.java:849)
	at org.springframework.orm.jpa.vendor.SpringHibernateJpaPersistenceProvider.createContainerEntityManagerFactory(SpringHibernateJpaPersistenceProvider.java:60)
	at org.springframework.orm.jpa.LocalContainerEntityManagerFactoryBean.createNativeEntityManagerFactory(LocalContainerEntityManagerFactoryBean.java:343)
	at org.springframework.orm.jpa.AbstractEntityManagerFactoryBean.afterPropertiesSet(AbstractEntityManagerFactoryBean.java:318)
	at org.springframework.beans.factory.support.AbstractAutowireCapableBeanFactory.invokeInitMethods(AbstractAutowireCapableBeanFactory.java:1637)
	at org.springframework.beans.factory.support.AbstractAutowireCapableBeanFactory.initializeBean(AbstractAutowireCapableBeanFactory.java:1574)
	... 16 common frames omitted

2016-02-04 11:57:39.239 [main] WARN  o.s.boot.SpringApplication - Error handling failed (Error creating bean with name 'delegatingApplicationListener' defined in class path resource [org/springframework/security/config/annotation/web/configuration/WebSecurityConfiguration.class]: BeanPostProcessor before instantiation of bean failed; nested exception is org.springframework.beans.factory.BeanCreationException: Error creating bean with name 'org.springframework.transaction.config.internalTransactionAdvisor' defined in class path resource [org/springframework/transaction/annotation/ProxyTransactionManagementConfiguration.class]: Bean instantiation via factory method failed; nested exception is org.springframework.beans.BeanInstantiationException: Failed to instantiate [org.springframework.transaction.interceptor.BeanFactoryTransactionAttributeSourceAdvisor]: Factory method 'transactionAdvisor' threw exception; nested exception is java.lang.NullPointerException) 