2014-02-26 13:47:44,199 [main] DEBUG org.hibernate.loader.entity.plan.EntityLoader - Static select for entity sk.c.domain.C [FORCE]: select c0_.id as id1_4_0_, c0_.name as name2_4_0_ from C c0_ where c0_.id=? for update
2014-02-26 13:47:44,199 [main] DEBUG org.hibernate.loader.plan.build.internal.spaces.QuerySpacesImpl - Adding QuerySpace : uid = <gen:0> -> org.hibernate.loader.plan.build.internal.spaces.EntityQuerySpaceImpl@1a7035a2]
2014-02-26 13:47:44,199 [main] DEBUG org.hibernate.persister.walking.spi.MetamodelGraphWalker - Visiting attribute path : name
2014-02-26 13:47:44,199 [main] DEBUG org.hibernate.loader.plan.build.internal.FetchStyleLoadPlanBuildingAssociationVisitationStrategy - Building LoadPlan...
2014-02-26 13:47:44,199 [main] DEBUG org.hibernate.loader.plan.exec.internal.LoadQueryJoinAndFetchProcessor - processing queryspace <gen:0>
2014-02-26 13:47:44,200 [main] DEBUG org.hibernate.loader.plan.build.spi.LoadPlanTreePrinter - LoadPlan(entity=sk.c.domain.C)
    - Returns
       - EntityReturnImpl(entity=sk.c.domain.C, querySpaceUid=<gen:0>, path=sk.c.domain.C)
    - QuerySpaces
       - EntityQuerySpaceImpl(uid=<gen:0>, entity=sk.c.domain.C)
          - SQL table alias mapping - c0_
          - alias suffix - 0_
          - suffixed key columns - {id1_4_0_}

2014-02-26 13:47:44,200 [main] DEBUG org.hibernate.loader.entity.plan.EntityLoader - Static select for entity sk.c.domain.C [PESSIMISTIC_READ]: select c0_.id as id1_4_0_, c0_.name as name2_4_0_ from C c0_ where c0_.id=? for update
2014-02-26 13:47:44,200 [main] DEBUG org.hibernate.loader.plan.build.internal.spaces.QuerySpacesImpl - Adding QuerySpace : uid = <gen:0> -> org.hibernate.loader.plan.build.internal.spaces.EntityQuerySpaceImpl@48af77fc]
2014-02-26 13:47:44,200 [main] DEBUG org.hibernate.persister.walking.spi.MetamodelGraphWalker - Visiting attribute path : name
2014-02-26 13:47:44,200 [main] DEBUG org.hibernate.loader.plan.build.internal.FetchStyleLoadPlanBuildingAssociationVisitationStrategy - Building LoadPlan...
2014-02-26 13:47:44,200 [main] DEBUG org.hibernate.loader.plan.exec.internal.LoadQueryJoinAndFetchProcessor - processing queryspace <gen:0>
2014-02-26 13:47:44,200 [main] DEBUG org.hibernate.loader.plan.build.spi.LoadPlanTreePrinter - LoadPlan(entity=sk.c.domain.C)
    - Returns
       - EntityReturnImpl(entity=sk.c.domain.C, querySpaceUid=<gen:0>, path=sk.c.domain.C)
    - QuerySpaces
       - EntityQuerySpaceImpl(uid=<gen:0>, entity=sk.c.domain.C)
          - SQL table alias mapping - c0_
          - alias suffix - 0_
          - suffixed key columns - {id1_4_0_}

2014-02-26 13:47:44,200 [main] DEBUG org.hibernate.loader.entity.plan.EntityLoader - Static select for entity sk.c.domain.C [PESSIMISTIC_WRITE]: select c0_.id as id1_4_0_, c0_.name as name2_4_0_ from C c0_ where c0_.id=? for update
2014-02-26 13:47:44,200 [main] DEBUG org.hibernate.loader.plan.build.internal.spaces.QuerySpacesImpl - Adding QuerySpace : uid = <gen:0> -> org.hibernate.loader.plan.build.internal.spaces.EntityQuerySpaceImpl@4496a210]
2014-02-26 13:47:44,201 [main] DEBUG org.hibernate.persister.walking.spi.MetamodelGraphWalker - Visiting attribute path : name
2014-02-26 13:47:44,201 [main] DEBUG org.hibernate.loader.plan.build.internal.FetchStyleLoadPlanBuildingAssociationVisitationStrategy - Building LoadPlan...
2014-02-26 13:47:44,201 [main] DEBUG org.hibernate.loader.plan.exec.internal.LoadQueryJoinAndFetchProcessor - processing queryspace <gen:0>
2014-02-26 13:47:44,201 [main] DEBUG org.hibernate.loader.plan.build.spi.LoadPlanTreePrinter - LoadPlan(entity=sk.c.domain.C)
    - Returns
       - EntityReturnImpl(entity=sk.c.domain.C, querySpaceUid=<gen:0>, path=sk.c.domain.C)
    - QuerySpaces
       - EntityQuerySpaceImpl(uid=<gen:0>, entity=sk.c.domain.C)
          - SQL table alias mapping - c0_
          - alias suffix - 0_
          - suffixed key columns - {id1_4_0_}

2014-02-26 13:47:44,201 [main] DEBUG org.hibernate.loader.entity.plan.EntityLoader - Static select for entity sk.c.domain.C [PESSIMISTIC_FORCE_INCREMENT]: select c0_.id as id1_4_0_, c0_.name as name2_4_0_ from C c0_ where c0_.id=? for update
2014-02-26 13:47:44,201 [main] DEBUG org.hibernate.loader.plan.build.internal.spaces.QuerySpacesImpl - Adding QuerySpace : uid = <gen:0> -> org.hibernate.loader.plan.build.internal.spaces.EntityQuerySpaceImpl@34ebd0be]
2014-02-26 13:47:44,201 [main] DEBUG org.hibernate.persister.walking.spi.MetamodelGraphWalker - Visiting attribute path : name
2014-02-26 13:47:44,201 [main] DEBUG org.hibernate.loader.plan.build.internal.FetchStyleLoadPlanBuildingAssociationVisitationStrategy - Building LoadPlan...
2014-02-26 13:47:44,201 [main] DEBUG org.hibernate.loader.plan.exec.internal.LoadQueryJoinAndFetchProcessor - processing queryspace <gen:0>
2014-02-26 13:47:44,202 [main] DEBUG org.hibernate.loader.plan.build.spi.LoadPlanTreePrinter - LoadPlan(entity=sk.c.domain.C)
    - Returns
       - EntityReturnImpl(entity=sk.c.domain.C, querySpaceUid=<gen:0>, path=sk.c.domain.C)
    - QuerySpaces
       - EntityQuerySpaceImpl(uid=<gen:0>, entity=sk.c.domain.C)
          - SQL table alias mapping - c0_
          - alias suffix - 0_
          - suffixed key columns - {id1_4_0_}

2014-02-26 13:47:44,202 [main] DEBUG org.hibernate.loader.entity.plan.EntityLoader - Static select for entity sk.c.domain.C [OPTIMISTIC]: select c0_.id as id1_4_0_, c0_.name as name2_4_0_ from C c0_ where c0_.id=?
2014-02-26 13:47:44,202 [main] DEBUG org.hibernate.loader.plan.build.internal.spaces.QuerySpacesImpl - Adding QuerySpace : uid = <gen:0> -> org.hibernate.loader.plan.build.internal.spaces.EntityQuerySpaceImpl@25149b95]
2014-02-26 13:47:44,202 [main] DEBUG org.hibernate.persister.walking.spi.MetamodelGraphWalker - Visiting attribute path : name
2014-02-26 13:47:44,202 [main] DEBUG org.hibernate.loader.plan.build.internal.FetchStyleLoadPlanBuildingAssociationVisitationStrategy - Building LoadPlan...
2014-02-26 13:47:44,202 [main] DEBUG org.hibernate.loader.plan.exec.internal.LoadQueryJoinAndFetchProcessor - processing queryspace <gen:0>
2014-02-26 13:47:44,202 [main] DEBUG org.hibernate.loader.plan.build.spi.LoadPlanTreePrinter - LoadPlan(entity=sk.c.domain.C)
    - Returns
       - EntityReturnImpl(entity=sk.c.domain.C, querySpaceUid=<gen:0>, path=sk.c.domain.C)
    - QuerySpaces
       - EntityQuerySpaceImpl(uid=<gen:0>, entity=sk.c.domain.C)
          - SQL table alias mapping - c0_
          - alias suffix - 0_
          - suffixed key columns - {id1_4_0_}

2014-02-26 13:47:44,202 [main] DEBUG org.hibernate.loader.entity.plan.EntityLoader - Static select for entity sk.c.domain.C [OPTIMISTIC_FORCE_INCREMENT]: select c0_.id as id1_4_0_, c0_.name as name2_4_0_ from C c0_ where c0_.id=?
2014-02-26 13:47:44,218 [main] DEBUG org.hibernate.loader.Loader - Static select for action ACTION_MERGE on entity sk.c.domain.C: select c0_.id as id1_4_0_, c0_.name as name2_4_0_ from C c0_ where c0_.id=?
2014-02-26 13:47:44,218 [main] DEBUG org.hibernate.loader.Loader - Static select for action ACTION_REFRESH on entity sk.c.domain.C: select c0_.id as id1_4_0_, c0_.name as name2_4_0_ from C c0_ where c0_.id=?
2014-02-26 13:47:44,218 [main] DEBUG org.hibernate.persister.entity.AbstractEntityPersister - Static SQL for entity: sk.c.domain.A
2014-02-26 13:47:44,218 [main] DEBUG org.hibernate.persister.entity.AbstractEntityPersister -  Version select: select id from A where id =?
2014-02-26 13:47:44,218 [main] DEBUG org.hibernate.persister.entity.AbstractEntityPersister -  Snapshot select: select a_.id, a_.name as name2_0_ from A a_ where a_.id=?
2014-02-26 13:47:44,218 [main] DEBUG org.hibernate.persister.entity.AbstractEntityPersister -  Insert 0: insert into A (name, id) values (?, ?)
2014-02-26 13:47:44,218 [main] DEBUG org.hibernate.persister.entity.AbstractEntityPersister -  Update 0: update A set name=? where id=?
2014-02-26 13:47:44,219 [main] DEBUG org.hibernate.persister.entity.AbstractEntityPersister -  Delete 0: delete from A where id=?
2014-02-26 13:47:44,219 [main] DEBUG org.hibernate.persister.entity.AbstractEntityPersister -  Identity insert: insert into A (id, name) values (null, ?)
2014-02-26 13:47:44,219 [main] DEBUG org.hibernate.loader.plan.build.internal.spaces.QuerySpacesImpl - Adding QuerySpace : uid = <gen:0> -> org.hibernate.loader.plan.build.internal.spaces.EntityQuerySpaceImpl@156a735a]
2014-02-26 13:47:44,219 [main] DEBUG org.hibernate.persister.walking.spi.MetamodelGraphWalker - Visiting attribute path : bs
2014-02-26 13:47:44,223 [main] DEBUG org.hibernate.persister.walking.spi.MetamodelGraphWalker - Visiting attribute path : name
2014-02-26 13:47:44,223 [main] DEBUG org.hibernate.loader.plan.build.internal.FetchStyleLoadPlanBuildingAssociationVisitationStrategy - Building LoadPlan...
2014-02-26 13:47:44,223 [main] DEBUG org.hibernate.loader.plan.exec.internal.LoadQueryJoinAndFetchProcessor - processing queryspace <gen:0>
2014-02-26 13:47:44,224 [main] DEBUG org.hibernate.loader.plan.build.spi.LoadPlanTreePrinter - LoadPlan(entity=sk.c.domain.A)
    - Returns
       - EntityReturnImpl(entity=sk.c.domain.A, querySpaceUid=<gen:0>, path=sk.c.domain.A)
    - QuerySpaces
       - EntityQuerySpaceImpl(uid=<gen:0>, entity=sk.c.domain.A)
          - SQL table alias mapping - a0_
          - alias suffix - 0_
          - suffixed key columns - {id1_0_0_}

2014-02-26 13:47:44,224 [main] DEBUG org.hibernate.loader.entity.plan.EntityLoader - Static select for entity sk.c.domain.A [NONE]: select a0_.id as id1_0_0_, a0_.name as name2_0_0_ from A a0_ where a0_.id=?
2014-02-26 13:47:44,224 [main] DEBUG org.hibernate.loader.plan.build.internal.spaces.QuerySpacesImpl - Adding QuerySpace : uid = <gen:0> -> org.hibernate.loader.plan.build.internal.spaces.EntityQuerySpaceImpl@3e648a53]
2014-02-26 13:47:44,224 [main] DEBUG org.hibernate.persister.walking.spi.MetamodelGraphWalker - Visiting attribute path : bs
2014-02-26 13:47:44,225 [main] DEBUG org.hibernate.persister.walking.spi.MetamodelGraphWalker - Visiting attribute path : name
2014-02-26 13:47:44,225 [main] DEBUG org.hibernate.loader.plan.build.internal.FetchStyleLoadPlanBuildingAssociationVisitationStrategy - Building LoadPlan...
2014-02-26 13:47:44,225 [main] DEBUG org.hibernate.loader.plan.exec.internal.LoadQueryJoinAndFetchProcessor - processing queryspace <gen:0>
2014-02-26 13:47:44,225 [main] DEBUG org.hibernate.loader.plan.build.spi.LoadPlanTreePrinter - LoadPlan(entity=sk.c.domain.A)
    - Returns
       - EntityReturnImpl(entity=sk.c.domain.A, querySpaceUid=<gen:0>, path=sk.c.domain.A)
    - QuerySpaces
       - EntityQuerySpaceImpl(uid=<gen:0>, entity=sk.c.domain.A)
          - SQL table alias mapping - a0_
          - alias suffix - 0_
          - suffixed key columns - {id1_0_0_}

2014-02-26 13:47:44,226 [main] DEBUG org.hibernate.loader.entity.plan.EntityLoader - Static select for entity sk.c.domain.A [READ]: select a0_.id as id1_0_0_, a0_.name as name2_0_0_ from A a0_ where a0_.id=?
2014-02-26 13:47:44,226 [main] DEBUG org.hibernate.loader.plan.build.internal.spaces.QuerySpacesImpl - Adding QuerySpace : uid = <gen:0> -> org.hibernate.loader.plan.build.internal.spaces.EntityQuerySpaceImpl@5d94043f]
2014-02-26 13:47:44,226 [main] DEBUG org.hibernate.persister.walking.spi.MetamodelGraphWalker - Visiting attribute path : bs
2014-02-26 13:47:44,226 [main] DEBUG org.hibernate.persister.walking.spi.MetamodelGraphWalker - Visiting attribute path : name
2014-02-26 13:47:44,226 [main] DEBUG org.hibernate.loader.plan.build.internal.FetchStyleLoadPlanBuildingAssociationVisitationStrategy - Building LoadPlan...
2014-02-26 13:47:44,227 [main] DEBUG org.hibernate.loader.plan.exec.internal.LoadQueryJoinAndFetchProcessor - processing queryspace <gen:0>
2014-02-26 13:47:44,227 [main] DEBUG org.hibernate.loader.plan.build.spi.LoadPlanTreePrinter - LoadPlan(entity=sk.c.domain.A)
    - Returns
       - EntityReturnImpl(entity=sk.c.domain.A, querySpaceUid=<gen:0>, path=sk.c.domain.A)
    - QuerySpaces
       - EntityQuerySpaceImpl(uid=<gen:0>, entity=sk.c.domain.A)
          - SQL table alias mapping - a0_
          - alias suffix - 0_
          - suffixed key columns - {id1_0_0_}

2014-02-26 13:47:44,227 [main] DEBUG org.hibernate.loader.entity.plan.EntityLoader - Static select for entity sk.c.domain.A [UPGRADE]: select a0_.id as id1_0_0_, a0_.name as name2_0_0_ from A a0_ where a0_.id=? for update
2014-02-26 13:47:44,227 [main] DEBUG org.hibernate.loader.plan.build.internal.spaces.QuerySpacesImpl - Adding QuerySpace : uid = <gen:0> -> org.hibernate.loader.plan.build.internal.spaces.EntityQuerySpaceImpl@2a476465]
2014-02-26 13:47:44,228 [main] DEBUG org.hibernate.persister.walking.spi.MetamodelGraphWalker - Visiting attribute path : bs
2014-02-26 13:47:44,228 [main] DEBUG org.hibernate.persister.walking.spi.MetamodelGraphWalker - Visiting attribute path : name
2014-02-26 13:47:44,228 [main] DEBUG org.hibernate.loader.plan.build.internal.FetchStyleLoadPlanBuildingAssociationVisitationStrategy - Building LoadPlan...
2014-02-26 13:47:44,228 [main] DEBUG org.hibernate.loader.plan.exec.internal.LoadQueryJoinAndFetchProcessor - processing queryspace <gen:0>
2014-02-26 13:47:44,229 [main] DEBUG org.hibernate.loader.plan.build.spi.LoadPlanTreePrinter - LoadPlan(entity=sk.c.domain.A)
    - Returns
       - EntityReturnImpl(entity=sk.c.domain.A, querySpaceUid=<gen:0>, path=sk.c.domain.A)
    - QuerySpaces
       - EntityQuerySpaceImpl(uid=<gen:0>, entity=sk.c.domain.A)
          - SQL table alias mapping - a0_
          - alias suffix - 0_
          - suffixed key columns - {id1_0_0_}

2014-02-26 13:47:44,229 [main] DEBUG org.hibernate.loader.entity.plan.EntityLoader - Static select for entity sk.c.domain.A [UPGRADE_NOWAIT]: select a0_.id as id1_0_0_, a0_.name as name2_0_0_ from A a0_ where a0_.id=? for update
2014-02-26 13:47:44,229 [main] DEBUG org.hibernate.loader.plan.build.internal.spaces.QuerySpacesImpl - Adding QuerySpace : uid = <gen:0> -> org.hibernate.loader.plan.build.internal.spaces.EntityQuerySpaceImpl@3bf21475]
2014-02-26 13:47:44,229 [main] DEBUG org.hibernate.persister.walking.spi.MetamodelGraphWalker - Visiting attribute path : bs
2014-02-26 13:47:44,229 [main] DEBUG org.hibernate.persister.walking.spi.MetamodelGraphWalker - Visiting attribute path : name
2014-02-26 13:47:44,230 [main] DEBUG org.hibernate.loader.plan.build.internal.FetchStyleLoadPlanBuildingAssociationVisitationStrategy - Building LoadPlan...
2014-02-26 13:47:44,230 [main] DEBUG org.hibernate.loader.plan.exec.internal.LoadQueryJoinAndFetchProcessor - processing queryspace <gen:0>
2014-02-26 13:47:44,230 [main] DEBUG org.hibernate.loader.plan.build.spi.LoadPlanTreePrinter - LoadPlan(entity=sk.c.domain.A)
    - Returns
       - EntityReturnImpl(entity=sk.c.domain.A, querySpaceUid=<gen:0>, path=sk.c.domain.A)
    - QuerySpaces
       - EntityQuerySpaceImpl(uid=<gen:0>, entity=sk.c.domain.A)
          - SQL table alias mapping - a0_
          - alias suffix - 0_
          - suffixed key columns - {id1_0_0_}

2014-02-26 13:47:44,230 [main] DEBUG org.hibernate.loader.entity.plan.EntityLoader - Static select for entity sk.c.domain.A [UPGRADE_SKIPLOCKED]: select a0_.id as id1_0_0_, a0_.name as name2_0_0_ from A a0_ where a0_.id=? for update
2014-02-26 13:47:44,231 [main] DEBUG org.hibernate.loader.plan.build.internal.spaces.QuerySpacesImpl - Adding QuerySpace : uid = <gen:0> -> org.hibernate.loader.plan.build.internal.spaces.EntityQuerySpaceImpl@42e4527a]
2014-02-26 13:47:44,231 [main] DEBUG org.hibernate.persister.walking.spi.MetamodelGraphWalker - Visiting attribute path : bs
2014-02-26 13:47:44,231 [main] DEBUG org.hibernate.persister.walking.spi.MetamodelGraphWalker - Visiting attribute path : name
2014-02-26 13:47:44,231 [main] DEBUG org.hibernate.loader.plan.build.internal.FetchStyleLoadPlanBuildingAssociationVisitationStrategy - Building LoadPlan...
2014-02-26 13:47:44,231 [main] DEBUG org.hibernate.loader.plan.exec.internal.LoadQueryJoinAndFetchProcessor - processing queryspace <gen:0>
2014-02-26 13:47:44,231 [main] DEBUG org.hibernate.loader.plan.build.spi.LoadPlanTreePrinter - LoadPlan(entity=sk.c.domain.A)
    - Returns
       - EntityReturnImpl(entity=sk.c.domain.A, querySpaceUid=<gen:0>, path=sk.c.domain.A)
    - QuerySpaces
       - EntityQuerySpaceImpl(uid=<gen:0>, entity=sk.c.domain.A)
          - SQL table alias mapping - a0_
          - alias suffix - 0_
          - suffixed key columns - {id1_0_0_}

2014-02-26 13:47:44,231 [main] DEBUG org.hibernate.loader.entity.plan.EntityLoader - Static select for entity sk.c.domain.A [FORCE]: select a0_.id as id1_0_0_, a0_.name as name2_0_0_ from A a0_ where a0_.id=? for update
2014-02-26 13:47:44,231 [main] DEBUG org.hibernate.loader.plan.build.internal.spaces.QuerySpacesImpl - Adding QuerySpace : uid = <gen:0> -> org.hibernate.loader.plan.build.internal.spaces.EntityQuerySpaceImpl@4e69c7b0]
2014-02-26 13:47:44,232 [main] DEBUG org.hibernate.persister.walking.spi.MetamodelGraphWalker - Visiting attribute path : bs
2014-02-26 13:47:44,232 [main] DEBUG org.hibernate.persister.walking.spi.MetamodelGraphWalker - Visiting attribute path : name
2014-02-26 13:47:44,232 [main] DEBUG org.hibernate.loader.plan.build.internal.FetchStyleLoadPlanBuildingAssociationVisitationStrategy - Building LoadPlan...
2014-02-26 13:47:44,232 [main] DEBUG org.hibernate.loader.plan.exec.internal.LoadQueryJoinAndFetchProcessor - processing queryspace <gen:0>
2014-02-26 13:47:44,232 [main] DEBUG org.hibernate.loader.plan.build.spi.LoadPlanTreePrinter - LoadPlan(entity=sk.c.domain.A)
    - Returns
       - EntityReturnImpl(entity=sk.c.domain.A, querySpaceUid=<gen:0>, path=sk.c.domain.A)
    - QuerySpaces
       - EntityQuerySpaceImpl(uid=<gen:0>, entity=sk.c.domain.A)
          - SQL table alias mapping - a0_
          - alias suffix - 0_
          - suffixed key columns - {id1_0_0_}

2014-02-26 13:47:44,232 [main] DEBUG org.hibernate.loader.entity.plan.EntityLoader - Static select for entity sk.c.domain.A [PESSIMISTIC_READ]: select a0_.id as id1_0_0_, a0_.name as name2_0_0_ from A a0_ where a0_.id=? for update
2014-02-26 13:47:44,232 [main] DEBUG org.hibernate.loader.plan.build.internal.spaces.QuerySpacesImpl - Adding QuerySpace : uid = <gen:0> -> org.hibernate.loader.plan.build.internal.spaces.EntityQuerySpaceImpl@4043529b]
2014-02-26 13:47:44,232 [main] DEBUG org.hibernate.persister.walking.spi.MetamodelGraphWalker - Visiting attribute path : bs
2014-02-26 13:47:44,233 [main] DEBUG org.hibernate.persister.walking.spi.MetamodelGraphWalker - Visiting attribute path : name
2014-02-26 13:47:44,233 [main] DEBUG org.hibernate.loader.plan.build.internal.FetchStyleLoadPlanBuildingAssociationVisitationStrategy - Building LoadPlan...
2014-02-26 13:47:44,233 [main] DEBUG org.hibernate.loader.plan.exec.internal.LoadQueryJoinAndFetchProcessor - processing queryspace <gen:0>
2014-02-26 13:47:44,233 [main] DEBUG org.hibernate.loader.plan.build.spi.LoadPlanTreePrinter - LoadPlan(entity=sk.c.domain.A)
    - Returns
       - EntityReturnImpl(entity=sk.c.domain.A, querySpaceUid=<gen:0>, path=sk.c.domain.A)
    - QuerySpaces
       - EntityQuerySpaceImpl(uid=<gen:0>, entity=sk.c.domain.A)
          - SQL table alias mapping - a0_
          - alias suffix - 0_
          - suffixed key columns - {id1_0_0_}

2014-02-26 13:47:44,233 [main] DEBUG org.hibernate.loader.entity.plan.EntityLoader - Static select for entity sk.c.domain.A [PESSIMISTIC_WRITE]: select a0_.id as id1_0_0_, a0_.name as name2_0_0_ from A a0_ where a0_.id=? for update
2014-02-26 13:47:44,233 [main] DEBUG org.hibernate.loader.plan.build.internal.spaces.QuerySpacesImpl - Adding QuerySpace : uid = <gen:0> -> org.hibernate.loader.plan.build.internal.spaces.EntityQuerySpaceImpl@61dda64]
2014-02-26 13:47:44,233 [main] DEBUG org.hibernate.persister.walking.spi.MetamodelGraphWalker - Visiting attribute path : bs
2014-02-26 13:47:44,233 [main] DEBUG org.hibernate.persister.walking.spi.MetamodelGraphWalker - Visiting attribute path : name
2014-02-26 13:47:44,234 [main] DEBUG org.hibernate.loader.plan.build.internal.FetchStyleLoadPlanBuildingAssociationVisitationStrategy - Building LoadPlan...
2014-02-26 13:47:44,234 [main] DEBUG org.hibernate.loader.plan.exec.internal.LoadQueryJoinAndFetchProcessor - processing queryspace <gen:0>
2014-02-26 13:47:44,234 [main] DEBUG org.hibernate.loader.plan.build.spi.LoadPlanTreePrinter - LoadPlan(entity=sk.c.domain.A)
    - Returns
       - EntityReturnImpl(entity=sk.c.domain.A, querySpaceUid=<gen:0>, path=sk.c.domain.A)
    - QuerySpaces
       - EntityQuerySpaceImpl(uid=<gen:0>, entity=sk.c.domain.A)
          - SQL table alias mapping - a0_
          - alias suffix - 0_
          - suffixed key columns - {id1_0_0_}

2014-02-26 13:47:44,234 [main] DEBUG org.hibernate.loader.entity.plan.EntityLoader - Static select for entity sk.c.domain.A [PESSIMISTIC_FORCE_INCREMENT]: select a0_.id as id1_0_0_, a0_.name as name2_0_0_ from A a0_ where a0_.id=? for update
2014-02-26 13:47:44,234 [main] DEBUG org.hibernate.loader.plan.build.internal.spaces.QuerySpacesImpl - Adding QuerySpace : uid = <gen:0> -> org.hibernate.loader.plan.build.internal.spaces.EntityQuerySpaceImpl@55fb382a]
2014-02-26 13:47:44,234 [main] DEBUG org.hibernate.persister.walking.spi.MetamodelGraphWalker - Visiting attribute path : bs
2014-02-26 13:47:44,234 [main] DEBUG org.hibernate.persister.walking.spi.MetamodelGraphWalker - Visiting attribute path : name
2014-02-26 13:47:44,234 [main] DEBUG org.hibernate.loader.plan.build.internal.FetchStyleLoadPlanBuildingAssociationVisitationStrategy - Building LoadPlan...
2014-02-26 13:47:44,235 [main] DEBUG org.hibernate.loader.plan.exec.internal.LoadQueryJoinAndFetchProcessor - processing queryspace <gen:0>
2014-02-26 13:47:44,235 [main] DEBUG org.hibernate.loader.plan.build.spi.LoadPlanTreePrinter - LoadPlan(entity=sk.c.domain.A)
    - Returns
       - EntityReturnImpl(entity=sk.c.domain.A, querySpaceUid=<gen:0>, path=sk.c.domain.A)
    - QuerySpaces
       - EntityQuerySpaceImpl(uid=<gen:0>, entity=sk.c.domain.A)
          - SQL table alias mapping - a0_
          - alias suffix - 0_
          - suffixed key columns - {id1_0_0_}

2014-02-26 13:47:44,235 [main] DEBUG org.hibernate.loader.entity.plan.EntityLoader - Static select for entity sk.c.domain.A [OPTIMISTIC]: select a0_.id as id1_0_0_, a0_.name as name2_0_0_ from A a0_ where a0_.id=?
2014-02-26 13:47:44,235 [main] DEBUG org.hibernate.loader.plan.build.internal.spaces.QuerySpacesImpl - Adding QuerySpace : uid = <gen:0> -> org.hibernate.loader.plan.build.internal.spaces.EntityQuerySpaceImpl@7aa4b228]
2014-02-26 13:47:44,235 [main] DEBUG org.hibernate.persister.walking.spi.MetamodelGraphWalker - Visiting attribute path : bs
2014-02-26 13:47:44,235 [main] DEBUG org.hibernate.persister.walking.spi.MetamodelGraphWalker - Visiting attribute path : name
2014-02-26 13:47:44,235 [main] DEBUG org.hibernate.loader.plan.build.internal.FetchStyleLoadPlanBuildingAssociationVisitationStrategy - Building LoadPlan...
2014-02-26 13:47:44,235 [main] DEBUG org.hibernate.loader.plan.exec.internal.LoadQueryJoinAndFetchProcessor - processing queryspace <gen:0>
2014-02-26 13:47:44,236 [main] DEBUG org.hibernate.loader.plan.build.spi.LoadPlanTreePrinter - LoadPlan(entity=sk.c.domain.A)
    - Returns
       - EntityReturnImpl(entity=sk.c.domain.A, querySpaceUid=<gen:0>, path=sk.c.domain.A)
    - QuerySpaces
       - EntityQuerySpaceImpl(uid=<gen:0>, entity=sk.c.domain.A)
          - SQL table alias mapping - a0_
          - alias suffix - 0_
          - suffixed key columns - {id1_0_0_}

2014-02-26 13:47:44,236 [main] DEBUG org.hibernate.loader.entity.plan.EntityLoader - Static select for entity sk.c.domain.A [OPTIMISTIC_FORCE_INCREMENT]: select a0_.id as id1_0_0_, a0_.name as name2_0_0_ from A a0_ where a0_.id=?
2014-02-26 13:47:44,239 [main] DEBUG org.hibernate.loader.Loader - Static select for action ACTION_MERGE on entity sk.c.domain.A: select a0_.id as id1_0_1_, a0_.name as name2_0_1_, bs1_.A_id as A_id1_0_3_, b2_.id as bs_id2_1_3_, b2_.id as id1_2_0_, b2_.name as name2_2_0_ from A a0_ left outer join A_B bs1_ on a0_.id=bs1_.A_id left outer join B b2_ on bs1_.bs_id=b2_.id where a0_.id=? order by b2_.name
2014-02-26 13:47:44,240 [main] DEBUG org.hibernate.loader.Loader - Static select for action ACTION_REFRESH on entity sk.c.domain.A: select a0_.id as id1_0_1_, a0_.name as name2_0_1_, bs1_.A_id as A_id1_0_3_, b2_.id as bs_id2_1_3_, b2_.id as id1_2_0_, b2_.name as name2_2_0_ from A a0_ left outer join A_B bs1_ on a0_.id=bs1_.A_id left outer join B b2_ on bs1_.bs_id=b2_.id where a0_.id=? order by b2_.name
2014-02-26 13:47:44,240 [main] DEBUG org.hibernate.persister.entity.AbstractEntityPersister - Static SQL for entity: sk.c.domain.B
2014-02-26 13:47:44,240 [main] DEBUG org.hibernate.persister.entity.AbstractEntityPersister -  Version select: select id from B where id =?
2014-02-26 13:47:44,240 [main] DEBUG org.hibernate.persister.entity.AbstractEntityPersister -  Snapshot select: select b_.id, b_.name as name2_2_ from B b_ where b_.id=?
2014-02-26 13:47:44,240 [main] DEBUG org.hibernate.persister.entity.AbstractEntityPersister -  Insert 0: insert into B (name, id) values (?, ?)
2014-02-26 13:47:44,240 [main] DEBUG org.hibernate.persister.entity.AbstractEntityPersister -  Update 0: update B set name=? where id=?
2014-02-26 13:47:44,240 [main] DEBUG org.hibernate.persister.entity.AbstractEntityPersister -  Delete 0: delete from B where id=?
2014-02-26 13:47:44,240 [main] DEBUG org.hibernate.persister.entity.AbstractEntityPersister -  Identity insert: insert into B (id, name) values (null, ?)
2014-02-26 13:47:44,240 [main] DEBUG org.hibernate.loader.plan.build.internal.spaces.QuerySpacesImpl - Adding QuerySpace : uid = <gen:0> -> org.hibernate.loader.plan.build.internal.spaces.EntityQuerySpaceImpl@92c3e9c]
2014-02-26 13:47:44,241 [main] DEBUG org.hibernate.persister.walking.spi.MetamodelGraphWalker - Visiting attribute path : cs
2014-02-26 13:47:44,243 [main] DEBUG org.hibernate.loader.plan.build.internal.spaces.QuerySpacesImpl - Adding QuerySpace : uid = <gen:1> -> org.hibernate.loader.plan.build.internal.spaces.CollectionQuerySpaceImpl@736338c8]
2014-02-26 13:47:44,245 [main] DEBUG org.hibernate.loader.plan.build.internal.spaces.QuerySpacesImpl - Adding QuerySpace : uid = <gen:2> -> org.hibernate.loader.plan.build.internal.spaces.EntityQuerySpaceImpl@738defde]
2014-02-26 13:47:44,246 [main] DEBUG org.hibernate.persister.walking.spi.MetamodelGraphWalker - Visiting attribute path : cs.name
2014-02-26 13:47:44,246 [main] DEBUG org.hibernate.persister.walking.spi.MetamodelGraphWalker - Visiting attribute path : name
2014-02-26 13:47:44,247 [main] DEBUG org.hibernate.loader.plan.build.internal.FetchStyleLoadPlanBuildingAssociationVisitationStrategy - Building LoadPlan...
2014-02-26 13:47:44,247 [main] DEBUG org.hibernate.loader.plan.exec.internal.LoadQueryJoinAndFetchProcessor - processing queryspace <gen:0>
2014-02-26 13:47:44,249 [main] DEBUG org.hibernate.loader.plan.build.spi.LoadPlanTreePrinter - LoadPlan(entity=sk.c.domain.B)
    - Returns
       - EntityReturnImpl(entity=sk.c.domain.B, querySpaceUid=<gen:0>, path=sk.c.domain.B)
          - CollectionAttributeFetchImpl(collection=sk.c.domain.B.cs, querySpaceUid=<gen:1>, path=sk.c.domain.B.cs)
             - (collection element) CollectionFetchableElementEntityGraph(entity=sk.c.domain.C, querySpaceUid=<gen:2>, path=sk.c.domain.B.cs.<elements>)
    - QuerySpaces
       - EntityQuerySpaceImpl(uid=<gen:0>, entity=sk.c.domain.B)
          - SQL table alias mapping - b0_
          - alias suffix - 0_
          - suffixed key columns - {id1_2_0_}
          - JOIN (JoinDefinedByMetadata(cs)) : <gen:0> -> <gen:1>
             - CollectionQuerySpaceImpl(uid=<gen:1>, collection=sk.c.domain.B.cs)
                - SQL table alias mapping - cs1_
                - alias suffix - 1_
                - suffixed key columns - {B_id1_2_1_}
                - entity-element alias suffix - 2_
                - 2_entity-element suffixed key columns - id1_4_2_
                - JOIN (JoinDefinedByMetadata(elements)) : <gen:1> -> <gen:2>
                   - EntityQuerySpaceImpl(uid=<gen:2>, entity=sk.c.domain.C)
                      - SQL table alias mapping - c2_
                      - alias suffix - 2_
                      - suffixed key columns - {id1_4_2_}

2014-02-26 13:47:44,249 [main] DEBUG org.hibernate.loader.entity.plan.EntityLoader - Static select for entity sk.c.domain.B [NONE]: select b0_.id as id1_2_0_, b0_.name as name2_2_0_, cs1_.B_id as B_id1_2_1_, c2_.id as cs_id2_3_1_, c2_.id as id1_4_2_, c2_.name as name2_4_2_ from B b0_ left outer join B_C cs1_ on b0_.id=cs1_.B_id left outer join C c2_ on cs1_.cs_id=c2_.id where b0_.id=? order by cs1_.name
2014-02-26 13:47:44,250 [main] DEBUG org.hibernate.loader.plan.build.internal.spaces.QuerySpacesImpl - Adding QuerySpace : uid = <gen:0> -> org.hibernate.loader.plan.build.internal.spaces.EntityQuerySpaceImpl@1316f155]
2014-02-26 13:47:44,250 [main] DEBUG org.hibernate.persister.walking.spi.MetamodelGraphWalker - Visiting attribute path : cs
2014-02-26 13:47:44,250 [main] DEBUG org.hibernate.loader.plan.build.internal.spaces.QuerySpacesImpl - Adding QuerySpace : uid = <gen:1> -> org.hibernate.loader.plan.build.internal.spaces.CollectionQuerySpaceImpl@3ad74455]
2014-02-26 13:47:44,250 [main] DEBUG org.hibernate.loader.plan.build.internal.spaces.QuerySpacesImpl - Adding QuerySpace : uid = <gen:2> -> org.hibernate.loader.plan.build.internal.spaces.EntityQuerySpaceImpl@ac746a1]
2014-02-26 13:47:44,250 [main] DEBUG org.hibernate.persister.walking.spi.MetamodelGraphWalker - Visiting attribute path : cs.name
2014-02-26 13:47:44,250 [main] DEBUG org.hibernate.persister.walking.spi.MetamodelGraphWalker - Visiting attribute path : name
2014-02-26 13:47:44,250 [main] DEBUG org.hibernate.loader.plan.build.internal.FetchStyleLoadPlanBuildingAssociationVisitationStrategy - Building LoadPlan...
2014-02-26 13:47:44,250 [main] DEBUG org.hibernate.loader.plan.exec.internal.LoadQueryJoinAndFetchProcessor - processing queryspace <gen:0>
2014-02-26 13:47:44,251 [main] DEBUG org.hibernate.loader.plan.build.spi.LoadPlanTreePrinter - LoadPlan(entity=sk.c.domain.B)
    - Returns
       - EntityReturnImpl(entity=sk.c.domain.B, querySpaceUid=<gen:0>, path=sk.c.domain.B)
          - CollectionAttributeFetchImpl(collection=sk.c.domain.B.cs, querySpaceUid=<gen:1>, path=sk.c.domain.B.cs)
             - (collection element) CollectionFetchableElementEntityGraph(entity=sk.c.domain.C, querySpaceUid=<gen:2>, path=sk.c.domain.B.cs.<elements>)
    - QuerySpaces
       - EntityQuerySpaceImpl(uid=<gen:0>, entity=sk.c.domain.B)
          - SQL table alias mapping - b0_
          - alias suffix - 0_
          - suffixed key columns - {id1_2_0_}
          - JOIN (JoinDefinedByMetadata(cs)) : <gen:0> -> <gen:1>
             - CollectionQuerySpaceImpl(uid=<gen:1>, collection=sk.c.domain.B.cs)
                - SQL table alias mapping - cs1_
                - alias suffix - 1_
                - suffixed key columns - {B_id1_2_1_}
                - entity-element alias suffix - 2_
                - 2_entity-element suffixed key columns - id1_4_2_
                - JOIN (JoinDefinedByMetadata(elements)) : <gen:1> -> <gen:2>
                   - EntityQuerySpaceImpl(uid=<gen:2>, entity=sk.c.domain.C)
                      - SQL table alias mapping - c2_
                      - alias suffix - 2_
                      - suffixed key columns - {id1_4_2_}

2014-02-26 13:47:44,252 [main] DEBUG org.hibernate.loader.entity.plan.EntityLoader - Static select for entity sk.c.domain.B [READ]: select b0_.id as id1_2_0_, b0_.name as name2_2_0_, cs1_.B_id as B_id1_2_1_, c2_.id as cs_id2_3_1_, c2_.id as id1_4_2_, c2_.name as name2_4_2_ from B b0_ left outer join B_C cs1_ on b0_.id=cs1_.B_id left outer join C c2_ on cs1_.cs_id=c2_.id where b0_.id=? order by cs1_.name
2014-02-26 13:47:44,252 [main] DEBUG org.hibernate.loader.plan.build.internal.spaces.QuerySpacesImpl - Adding QuerySpace : uid = <gen:0> -> org.hibernate.loader.plan.build.internal.spaces.EntityQuerySpaceImpl@6b9af6e6]
2014-02-26 13:47:44,252 [main] DEBUG org.hibernate.persister.walking.spi.MetamodelGraphWalker - Visiting attribute path : cs
2014-02-26 13:47:44,252 [main] DEBUG org.hibernate.loader.plan.build.internal.spaces.QuerySpacesImpl - Adding QuerySpace : uid = <gen:1> -> org.hibernate.loader.plan.build.internal.spaces.CollectionQuerySpaceImpl@3b3e0204]
2014-02-26 13:47:44,252 [main] DEBUG org.hibernate.loader.plan.build.internal.spaces.QuerySpacesImpl - Adding QuerySpace : uid = <gen:2> -> org.hibernate.loader.plan.build.internal.spaces.EntityQuerySpaceImpl@63f672fe]
2014-02-26 13:47:44,252 [main] DEBUG org.hibernate.persister.walking.spi.MetamodelGraphWalker - Visiting attribute path : name
2014-02-26 13:47:44,252 [main] DEBUG org.hibernate.loader.plan.build.internal.FetchStyleLoadPlanBuildingAssociationVisitationStrategy - Building LoadPlan...
2014-02-26 13:47:44,252 [main] DEBUG org.hibernate.loader.plan.exec.internal.LoadQueryJoinAndFetchProcessor - processing queryspace <gen:0>
2014-02-26 13:47:44,253 [main] DEBUG org.hibernate.loader.plan.build.spi.LoadPlanTreePrinter - LoadPlan(entity=sk.c.domain.B)
    - Returns
       - EntityReturnImpl(entity=sk.c.domain.B, querySpaceUid=<gen:0>, path=sk.c.domain.B)
          - CollectionAttributeFetchImpl(collection=sk.c.domain.B.cs, querySpaceUid=<gen:1>, path=sk.c.domain.B.cs)
             - (collection element) CollectionFetchableElementEntityGraph(entity=sk.c.domain.C, querySpaceUid=<gen:2>, path=sk.c.domain.B.cs.<elements>)
    - QuerySpaces
       - EntityQuerySpaceImpl(uid=<gen:0>, entity=sk.c.domain.B)
          - SQL table alias mapping - b0_
          - alias suffix - 0_
          - suffixed key columns - {id1_2_0_}

2014-02-26 13:47:44,253 [main] DEBUG org.hibernate.loader.entity.plan.EntityLoader - Static select for entity sk.c.domain.B [UPGRADE]: select b0_.id as id1_2_0_, b0_.name as name2_2_0_ from B b0_ where b0_.id=? for update
2014-02-26 13:47:44,253 [main] DEBUG org.hibernate.loader.plan.build.internal.spaces.QuerySpacesImpl - Adding QuerySpace : uid = <gen:0> -> org.hibernate.loader.plan.build.internal.spaces.EntityQuerySpaceImpl@48f7b4f7]
2014-02-26 13:47:44,253 [main] DEBUG org.hibernate.persister.walking.spi.MetamodelGraphWalker - Visiting attribute path : cs
2014-02-26 13:47:44,254 [main] DEBUG org.hibernate.loader.plan.build.internal.spaces.QuerySpacesImpl - Adding QuerySpace : uid = <gen:1> -> org.hibernate.loader.plan.build.internal.spaces.CollectionQuerySpaceImpl@104468e2]
2014-02-26 13:47:44,254 [main] DEBUG org.hibernate.loader.plan.build.internal.spaces.QuerySpacesImpl - Adding QuerySpace : uid = <gen:2> -> org.hibernate.loader.plan.build.internal.spaces.EntityQuerySpaceImpl@7b41d5c5]
2014-02-26 13:47:44,254 [main] DEBUG org.hibernate.persister.walking.spi.MetamodelGraphWalker - Visiting attribute path : name
2014-02-26 13:47:44,254 [main] DEBUG org.hibernate.loader.plan.build.internal.FetchStyleLoadPlanBuildingAssociationVisitationStrategy - Building LoadPlan...
2014-02-26 13:47:44,254 [main] DEBUG org.hibernate.loader.plan.exec.internal.LoadQueryJoinAndFetchProcessor - processing queryspace <gen:0>
2014-02-26 13:47:44,254 [main] DEBUG org.hibernate.loader.plan.build.spi.LoadPlanTreePrinter - LoadPlan(entity=sk.c.domain.B)
    - Returns
       - EntityReturnImpl(entity=sk.c.domain.B, querySpaceUid=<gen:0>, path=sk.c.domain.B)
          - CollectionAttributeFetchImpl(collection=sk.c.domain.B.cs, querySpaceUid=<gen:1>, path=sk.c.domain.B.cs)
             - (collection element) CollectionFetchableElementEntityGraph(entity=sk.c.domain.C, querySpaceUid=<gen:2>, path=sk.c.domain.B.cs.<elements>)
    - QuerySpaces
       - EntityQuerySpaceImpl(uid=<gen:0>, entity=sk.c.domain.B)
          - SQL table alias mapping - b0_
          - alias suffix - 0_
          - suffixed key columns - {id1_2_0_}

2014-02-26 13:47:44,255 [main] DEBUG org.hibernate.loader.entity.plan.EntityLoader - Static select for entity sk.c.domain.B [UPGRADE_NOWAIT]: select b0_.id as id1_2_0_, b0_.name as name2_2_0_ from B b0_ where b0_.id=? for update
2014-02-26 13:47:44,255 [main] DEBUG org.hibernate.loader.plan.build.internal.spaces.QuerySpacesImpl - Adding QuerySpace : uid = <gen:0> -> org.hibernate.loader.plan.build.internal.spaces.EntityQuerySpaceImpl@1f39b7bb]
2014-02-26 13:47:44,255 [main] DEBUG org.hibernate.persister.walking.spi.MetamodelGraphWalker - Visiting attribute path : cs
2014-02-26 13:47:44,255 [main] DEBUG org.hibernate.loader.plan.build.internal.spaces.QuerySpacesImpl - Adding QuerySpace : uid = <gen:1> -> org.hibernate.loader.plan.build.internal.spaces.CollectionQuerySpaceImpl@4363cee2]
2014-02-26 13:47:44,255 [main] DEBUG org.hibernate.loader.plan.build.internal.spaces.QuerySpacesImpl - Adding QuerySpace : uid = <gen:2> -> org.hibernate.loader.plan.build.internal.spaces.EntityQuerySpaceImpl@4da379fe]
2014-02-26 13:47:44,255 [main] DEBUG org.hibernate.persister.walking.spi.MetamodelGraphWalker - Visiting attribute path : name
2014-02-26 13:47:44,255 [main] DEBUG org.hibernate.loader.plan.build.internal.FetchStyleLoadPlanBuildingAssociationVisitationStrategy - Building LoadPlan...
2014-02-26 13:47:44,255 [main] DEBUG org.hibernate.loader.plan.exec.internal.LoadQueryJoinAndFetchProcessor - processing queryspace <gen:0>
2014-02-26 13:47:44,256 [main] DEBUG org.hibernate.loader.plan.build.spi.LoadPlanTreePrinter - LoadPlan(entity=sk.c.domain.B)
    - Returns
       - EntityReturnImpl(entity=sk.c.domain.B, querySpaceUid=<gen:0>, path=sk.c.domain.B)
          - CollectionAttributeFetchImpl(collection=sk.c.domain.B.cs, querySpaceUid=<gen:1>, path=sk.c.domain.B.cs)
             - (collection element) CollectionFetchableElementEntityGraph(entity=sk.c.domain.C, querySpaceUid=<gen:2>, path=sk.c.domain.B.cs.<elements>)
    - QuerySpaces
       - EntityQuerySpaceImpl(uid=<gen:0>, entity=sk.c.domain.B)
          - SQL table alias mapping - b0_
          - alias suffix - 0_
          - suffixed key columns - {id1_2_0_}

2014-02-26 13:47:44,256 [main] DEBUG org.hibernate.loader.entity.plan.EntityLoader - Static select for entity sk.c.domain.B [UPGRADE_SKIPLOCKED]: select b0_.id as id1_2_0_, b0_.name as name2_2_0_ from B b0_ where b0_.id=? for update
2014-02-26 13:47:44,256 [main] DEBUG org.hibernate.loader.plan.build.internal.spaces.QuerySpacesImpl - Adding QuerySpace : uid = <gen:0> -> org.hibernate.loader.plan.build.internal.spaces.EntityQuerySpaceImpl@279e3a84]
2014-02-26 13:47:44,256 [main] DEBUG org.hibernate.persister.walking.spi.MetamodelGraphWalker - Visiting attribute path : cs
2014-02-26 13:47:44,256 [main] DEBUG org.hibernate.loader.plan.build.internal.spaces.QuerySpacesImpl - Adding QuerySpace : uid = <gen:1> -> org.hibernate.loader.plan.build.internal.spaces.CollectionQuerySpaceImpl@54c5145c]
2014-02-26 13:47:44,257 [main] DEBUG org.hibernate.loader.plan.build.internal.spaces.QuerySpacesImpl - Adding QuerySpace : uid = <gen:2> -> org.hibernate.loader.plan.build.internal.spaces.EntityQuerySpaceImpl@56bbcf7e]
2014-02-26 13:47:44,257 [main] DEBUG org.hibernate.persister.walking.spi.MetamodelGraphWalker - Visiting attribute path : name
2014-02-26 13:47:44,257 [main] DEBUG org.hibernate.loader.plan.build.internal.FetchStyleLoadPlanBuildingAssociationVisitationStrategy - Building LoadPlan...
2014-02-26 13:47:44,257 [main] DEBUG org.hibernate.loader.plan.exec.internal.LoadQueryJoinAndFetchProcessor - processing queryspace <gen:0>
2014-02-26 13:47:44,257 [main] DEBUG org.hibernate.loader.plan.build.spi.LoadPlanTreePrinter - LoadPlan(entity=sk.c.domain.B)
    - Returns
       - EntityReturnImpl(entity=sk.c.domain.B, querySpaceUid=<gen:0>, path=sk.c.domain.B)
          - CollectionAttributeFetchImpl(collection=sk.c.domain.B.cs, querySpaceUid=<gen:1>, path=sk.c.domain.B.cs)
             - (collection element) CollectionFetchableElementEntityGraph(entity=sk.c.domain.C, querySpaceUid=<gen:2>, path=sk.c.domain.B.cs.<elements>)
    - QuerySpaces
       - EntityQuerySpaceImpl(uid=<gen:0>, entity=sk.c.domain.B)
          - SQL table alias mapping - b0_
          - alias suffix - 0_
          - suffixed key columns - {id1_2_0_}

2014-02-26 13:47:44,258 [main] DEBUG org.hibernate.loader.entity.plan.EntityLoader - Static select for entity sk.c.domain.B [FORCE]: select b0_.id as id1_2_0_, b0_.name as name2_2_0_ from B b0_ where b0_.id=? for update
2014-02-26 13:47:44,258 [main] DEBUG org.hibernate.loader.plan.build.internal.spaces.QuerySpacesImpl - Adding QuerySpace : uid = <gen:0> -> org.hibernate.loader.plan.build.internal.spaces.EntityQuerySpaceImpl@443385ae]
2014-02-26 13:47:44,258 [main] DEBUG org.hibernate.persister.walking.spi.MetamodelGraphWalker - Visiting attribute path : cs
2014-02-26 13:47:44,258 [main] DEBUG org.hibernate.loader.plan.build.internal.spaces.QuerySpacesImpl - Adding QuerySpace : uid = <gen:1> -> org.hibernate.loader.plan.build.internal.spaces.CollectionQuerySpaceImpl@936db0f]
2014-02-26 13:47:44,258 [main] DEBUG org.hibernate.loader.plan.build.internal.spaces.QuerySpacesImpl - Adding QuerySpace : uid = <gen:2> -> org.hibernate.loader.plan.build.internal.spaces.EntityQuerySpaceImpl@7067ba82]
2014-02-26 13:47:44,258 [main] DEBUG org.hibernate.persister.walking.spi.MetamodelGraphWalker - Visiting attribute path : name
2014-02-26 13:47:44,258 [main] DEBUG org.hibernate.loader.plan.build.internal.FetchStyleLoadPlanBuildingAssociationVisitationStrategy - Building LoadPlan...
2014-02-26 13:47:44,258 [main] DEBUG org.hibernate.loader.plan.exec.internal.LoadQueryJoinAndFetchProcessor - processing queryspace <gen:0>
2014-02-26 13:47:44,259 [main] DEBUG org.hibernate.loader.plan.build.spi.LoadPlanTreePrinter - LoadPlan(entity=sk.c.domain.B)
    - Returns
       - EntityReturnImpl(entity=sk.c.domain.B, querySpaceUid=<gen:0>, path=sk.c.domain.B)
          - CollectionAttributeFetchImpl(collection=sk.c.domain.B.cs, querySpaceUid=<gen:1>, path=sk.c.domain.B.cs)
             - (collection element) CollectionFetchableElementEntityGraph(entity=sk.c.domain.C, querySpaceUid=<gen:2>, path=sk.c.domain.B.cs.<elements>)
    - QuerySpaces
       - EntityQuerySpaceImpl(uid=<gen:0>, entity=sk.c.domain.B)
          - SQL table alias mapping - b0_
          - alias suffix - 0_
          - suffixed key columns - {id1_2_0_}

2014-02-26 13:47:44,259 [main] DEBUG org.hibernate.loader.entity.plan.EntityLoader - Static select for entity sk.c.domain.B [PESSIMISTIC_READ]: select b0_.id as id1_2_0_, b0_.name as name2_2_0_ from B b0_ where b0_.id=? for update
2014-02-26 13:47:44,259 [main] DEBUG org.hibernate.loader.plan.build.internal.spaces.QuerySpacesImpl - Adding QuerySpace : uid = <gen:0> -> org.hibernate.loader.plan.build.internal.spaces.EntityQuerySpaceImpl@2a05e675]
2014-02-26 13:47:44,259 [main] DEBUG org.hibernate.persister.walking.spi.MetamodelGraphWalker - Visiting attribute path : cs
2014-02-26 13:47:44,259 [main] DEBUG org.hibernate.loader.plan.build.internal.spaces.QuerySpacesImpl - Adding QuerySpace : uid = <gen:1> -> org.hibernate.loader.plan.build.internal.spaces.CollectionQuerySpaceImpl@6119882a]
2014-02-26 13:47:44,260 [main] DEBUG org.hibernate.loader.plan.build.internal.spaces.QuerySpacesImpl - Adding QuerySpace : uid = <gen:2> -> org.hibernate.loader.plan.build.internal.spaces.EntityQuerySpaceImpl@533aaf33]
2014-02-26 13:47:44,260 [main] DEBUG org.hibernate.persister.walking.spi.MetamodelGraphWalker - Visiting attribute path : name
2014-02-26 13:47:44,260 [main] DEBUG org.hibernate.loader.plan.build.internal.FetchStyleLoadPlanBuildingAssociationVisitationStrategy - Building LoadPlan...
2014-02-26 13:47:44,260 [main] DEBUG org.hibernate.loader.plan.exec.internal.LoadQueryJoinAndFetchProcessor - processing queryspace <gen:0>
2014-02-26 13:47:44,260 [main] DEBUG org.hibernate.loader.plan.build.spi.LoadPlanTreePrinter - LoadPlan(entity=sk.c.domain.B)
    - Returns
       - EntityReturnImpl(entity=sk.c.domain.B, querySpaceUid=<gen:0>, path=sk.c.domain.B)
          - CollectionAttributeFetchImpl(collection=sk.c.domain.B.cs, querySpaceUid=<gen:1>, path=sk.c.domain.B.cs)
             - (collection element) CollectionFetchableElementEntityGraph(entity=sk.c.domain.C, querySpaceUid=<gen:2>, path=sk.c.domain.B.cs.<elements>)
    - QuerySpaces
       - EntityQuerySpaceImpl(uid=<gen:0>, entity=sk.c.domain.B)
          - SQL table alias mapping - b0_
          - alias suffix - 0_
          - suffixed key columns - {id1_2_0_}

2014-02-26 13:47:44,261 [main] DEBUG org.hibernate.loader.entity.plan.EntityLoader - Static select for entity sk.c.domain.B [PESSIMISTIC_WRITE]: select b0_.id as id1_2_0_, b0_.name as name2_2_0_ from B b0_ where b0_.id=? for update
2014-02-26 13:47:44,261 [main] DEBUG org.hibernate.loader.plan.build.internal.spaces.QuerySpacesImpl - Adding QuerySpace : uid = <gen:0> -> org.hibernate.loader.plan.build.internal.spaces.EntityQuerySpaceImpl@31c467f5]
2014-02-26 13:47:44,261 [main] DEBUG org.hibernate.persister.walking.spi.MetamodelGraphWalker - Visiting attribute path : cs
2014-02-26 13:47:44,261 [main] DEBUG org.hibernate.loader.plan.build.internal.spaces.QuerySpacesImpl - Adding QuerySpace : uid = <gen:1> -> org.hibernate.loader.plan.build.internal.spaces.CollectionQuerySpaceImpl@16cd37ec]
2014-02-26 13:47:44,261 [main] DEBUG org.hibernate.loader.plan.build.internal.spaces.QuerySpacesImpl - Adding QuerySpace : uid = <gen:2> -> org.hibernate.loader.plan.build.internal.spaces.EntityQuerySpaceImpl@7b1272a5]
2014-02-26 13:47:44,261 [main] DEBUG org.hibernate.persister.walking.spi.MetamodelGraphWalker - Visiting attribute path : name
2014-02-26 13:47:44,261 [main] DEBUG org.hibernate.loader.plan.build.internal.FetchStyleLoadPlanBuildingAssociationVisitationStrategy - Building LoadPlan...
2014-02-26 13:47:44,261 [main] DEBUG org.hibernate.loader.plan.exec.internal.LoadQueryJoinAndFetchProcessor - processing queryspace <gen:0>
2014-02-26 13:47:44,262 [main] DEBUG org.hibernate.loader.plan.build.spi.LoadPlanTreePrinter - LoadPlan(entity=sk.c.domain.B)
    - Returns
       - EntityReturnImpl(entity=sk.c.domain.B, querySpaceUid=<gen:0>, path=sk.c.domain.B)
          - CollectionAttributeFetchImpl(collection=sk.c.domain.B.cs, querySpaceUid=<gen:1>, path=sk.c.domain.B.cs)
             - (collection element) CollectionFetchableElementEntityGraph(entity=sk.c.domain.C, querySpaceUid=<gen:2>, path=sk.c.domain.B.cs.<elements>)
    - QuerySpaces
       - EntityQuerySpaceImpl(uid=<gen:0>, entity=sk.c.domain.B)
          - SQL table alias mapping - b0_
          - alias suffix - 0_
          - suffixed key columns - {id1_2_0_}

2014-02-26 13:47:44,262 [main] DEBUG org.hibernate.loader.entity.plan.EntityLoader - Static select for entity sk.c.domain.B [PESSIMISTIC_FORCE_INCREMENT]: select b0_.id as id1_2_0_, b0_.name as name2_2_0_ from B b0_ where b0_.id=? for update
2014-02-26 13:47:44,262 [main] DEBUG org.hibernate.loader.plan.build.internal.spaces.QuerySpacesImpl - Adding QuerySpace : uid = <gen:0> -> org.hibernate.loader.plan.build.internal.spaces.EntityQuerySpaceImpl@7824edc2]
2014-02-26 13:47:44,262 [main] DEBUG org.hibernate.persister.walking.spi.MetamodelGraphWalker - Visiting attribute path : cs
2014-02-26 13:47:44,262 [main] DEBUG org.hibernate.loader.plan.build.internal.spaces.QuerySpacesImpl - Adding QuerySpace : uid = <gen:1> -> org.hibernate.loader.plan.build.internal.spaces.CollectionQuerySpaceImpl@689b7a6a]
2014-02-26 13:47:44,263 [main] DEBUG org.hibernate.loader.plan.build.internal.spaces.QuerySpacesImpl - Adding QuerySpace : uid = <gen:2> -> org.hibernate.loader.plan.build.internal.spaces.EntityQuerySpaceImpl@3781facd]
2014-02-26 13:47:44,263 [main] DEBUG org.hibernate.persister.walking.spi.MetamodelGraphWalker - Visiting attribute path : name
2014-02-26 13:47:44,263 [main] DEBUG org.hibernate.loader.plan.build.internal.FetchStyleLoadPlanBuildingAssociationVisitationStrategy - Building LoadPlan...
2014-02-26 13:47:44,263 [main] DEBUG org.hibernate.loader.plan.exec.internal.LoadQueryJoinAndFetchProcessor - processing queryspace <gen:0>
2014-02-26 13:47:44,263 [main] DEBUG org.hibernate.loader.plan.build.spi.LoadPlanTreePrinter - LoadPlan(entity=sk.c.domain.B)
    - Returns
       - EntityReturnImpl(entity=sk.c.domain.B, querySpaceUid=<gen:0>, path=sk.c.domain.B)
          - CollectionAttributeFetchImpl(collection=sk.c.domain.B.cs, querySpaceUid=<gen:1>, path=sk.c.domain.B.cs)
             - (collection element) CollectionFetchableElementEntityGraph(entity=sk.c.domain.C, querySpaceUid=<gen:2>, path=sk.c.domain.B.cs.<elements>)
    - QuerySpaces
       - EntityQuerySpaceImpl(uid=<gen:0>, entity=sk.c.domain.B)
          - SQL table alias mapping - b0_
          - alias suffix - 0_
          - suffixed key columns - {id1_2_0_}

2014-02-26 13:47:44,264 [main] DEBUG org.hibernate.loader.entity.plan.EntityLoader - Static select for entity sk.c.domain.B [OPTIMISTIC]: select b0_.id as id1_2_0_, b0_.name as name2_2_0_ from B b0_ where b0_.id=?
2014-02-26 13:47:44,264 [main] DEBUG org.hibernate.loader.plan.build.internal.spaces.QuerySpacesImpl - Adding QuerySpace : uid = <gen:0> -> org.hibernate.loader.plan.build.internal.spaces.EntityQuerySpaceImpl@3678c533]
2014-02-26 13:47:44,264 [main] DEBUG org.hibernate.persister.walking.spi.MetamodelGraphWalker - Visiting attribute path : cs
2014-02-26 13:47:44,264 [main] DEBUG org.hibernate.loader.plan.build.internal.spaces.QuerySpacesImpl - Adding QuerySpace : uid = <gen:1> -> org.hibernate.loader.plan.build.internal.spaces.CollectionQuerySpaceImpl@342b76a8]
2014-02-26 13:47:44,264 [main] DEBUG org.hibernate.loader.plan.build.internal.spaces.QuerySpacesImpl - Adding QuerySpace : uid = <gen:2> -> org.hibernate.loader.plan.build.internal.spaces.EntityQuerySpaceImpl@117b2a5a]
2014-02-26 13:47:44,264 [main] DEBUG org.hibernate.persister.walking.spi.MetamodelGraphWalker - Visiting attribute path : name
2014-02-26 13:47:44,264 [main] DEBUG org.hibernate.loader.plan.build.internal.FetchStyleLoadPlanBuildingAssociationVisitationStrategy - Building LoadPlan...
2014-02-26 13:47:44,264 [main] DEBUG org.hibernate.loader.plan.exec.internal.LoadQueryJoinAndFetchProcessor - processing queryspace <gen:0>
2014-02-26 13:47:44,265 [main] DEBUG org.hibernate.loader.plan.build.spi.LoadPlanTreePrinter - LoadPlan(entity=sk.c.domain.B)
    - Returns
       - EntityReturnImpl(entity=sk.c.domain.B, querySpaceUid=<gen:0>, path=sk.c.domain.B)
          - CollectionAttributeFetchImpl(collection=sk.c.domain.B.cs, querySpaceUid=<gen:1>, path=sk.c.domain.B.cs)
             - (collection element) CollectionFetchableElementEntityGraph(entity=sk.c.domain.C, querySpaceUid=<gen:2>, path=sk.c.domain.B.cs.<elements>)
    - QuerySpaces
       - EntityQuerySpaceImpl(uid=<gen:0>, entity=sk.c.domain.B)
          - SQL table alias mapping - b0_
          - alias suffix - 0_
          - suffixed key columns - {id1_2_0_}

2014-02-26 13:47:44,265 [main] DEBUG org.hibernate.loader.entity.plan.EntityLoader - Static select for entity sk.c.domain.B [OPTIMISTIC_FORCE_INCREMENT]: select b0_.id as id1_2_0_, b0_.name as name2_2_0_ from B b0_ where b0_.id=?
2014-02-26 13:47:44,266 [main] DEBUG org.hibernate.loader.Loader - Static select for action ACTION_MERGE on entity sk.c.domain.B: select b0_.id as id1_2_1_, b0_.name as name2_2_1_, cs1_.B_id as B_id1_2_3_, c2_.id as cs_id2_3_3_, c2_.id as id1_4_0_, c2_.name as name2_4_0_ from B b0_ left outer join B_C cs1_ on b0_.id=cs1_.B_id left outer join C c2_ on cs1_.cs_id=c2_.id where b0_.id=? order by c2_.name
2014-02-26 13:47:44,266 [main] DEBUG org.hibernate.loader.Loader - Static select for action ACTION_REFRESH on entity sk.c.domain.B: select b0_.id as id1_2_1_, b0_.name as name2_2_1_, cs1_.B_id as B_id1_2_3_, c2_.id as cs_id2_3_3_, c2_.id as id1_4_0_, c2_.name as name2_4_0_ from B b0_ left outer join B_C cs1_ on b0_.id=cs1_.B_id left outer join C c2_ on cs1_.cs_id=c2_.id where b0_.id=? order by c2_.name
2014-02-26 13:47:44,271 [main] DEBUG org.hibernate.loader.plan.build.internal.spaces.QuerySpacesImpl - Adding QuerySpace : uid = <gen:0> -> org.hibernate.loader.plan.build.internal.spaces.CollectionQuerySpaceImpl@2947640e]
2014-02-26 13:47:44,271 [main] DEBUG org.hibernate.loader.plan.build.internal.spaces.QuerySpacesImpl - Adding QuerySpace : uid = <gen:1> -> org.hibernate.loader.plan.build.internal.spaces.EntityQuerySpaceImpl@df9e84e]
2014-02-26 13:47:44,271 [main] DEBUG org.hibernate.persister.walking.spi.MetamodelGraphWalker - Visiting attribute path : name
2014-02-26 13:47:44,271 [main] DEBUG org.hibernate.loader.plan.build.internal.FetchStyleLoadPlanBuildingAssociationVisitationStrategy - Building LoadPlan...
2014-02-26 13:47:44,273 [main] DEBUG org.hibernate.loader.plan.exec.internal.LoadQueryJoinAndFetchProcessor - processing queryspace <gen:0>
2014-02-26 13:47:44,274 [main] DEBUG org.hibernate.loader.plan.build.spi.LoadPlanTreePrinter - LoadPlan(collection=sk.c.domain.B.cs)
    - Returns
       - CollectionReturnImpl(collection=sk.c.domain.B.cs, querySpaceUid=<gen:0>, path=[sk.c.domain.B.cs])
          - (collection element) CollectionFetchableElementEntityGraph(entity=sk.c.domain.C, querySpaceUid=<gen:1>, path=[sk.c.domain.B.cs].<elements>)
    - QuerySpaces
       - CollectionQuerySpaceImpl(uid=<gen:0>, collection=sk.c.domain.B.cs)
          - SQL table alias mapping - cs0_
          - alias suffix - 0_
          - suffixed key columns - {B_id1_2_0_}
          - entity-element alias suffix - 1_
          - 1_entity-element suffixed key columns - id1_4_1_
          - JOIN (JoinDefinedByMetadata(elements)) : <gen:0> -> <gen:1>
             - EntityQuerySpaceImpl(uid=<gen:1>, entity=sk.c.domain.C)
                - SQL table alias mapping - c1_
                - alias suffix - 1_
                - suffixed key columns - {id1_4_1_}

2014-02-26 13:47:44,274 [main] DEBUG org.hibernate.loader.collection.plan.CollectionLoader - Static select for collection sk.c.domain.B.cs: select cs0_.B_id as B_id1_2_0_, cs0_.cs_id as cs_id2_3_0_, c1_.id as id1_4_1_, c1_.name as name2_4_1_ from B_C cs0_ inner join C c1_ on cs0_.cs_id=c1_.id where cs0_.B_id=? order by c1_.name
2014-02-26 13:47:44,274 [main] DEBUG org.hibernate.loader.plan.build.internal.spaces.QuerySpacesImpl - Adding QuerySpace : uid = <gen:0> -> org.hibernate.loader.plan.build.internal.spaces.CollectionQuerySpaceImpl@5c3e8c76]
2014-02-26 13:47:44,274 [main] DEBUG org.hibernate.loader.plan.build.internal.spaces.QuerySpacesImpl - Adding QuerySpace : uid = <gen:1> -> org.hibernate.loader.plan.build.internal.spaces.EntityQuerySpaceImpl@e77c64a]
2014-02-26 13:47:44,275 [main] DEBUG org.hibernate.persister.walking.spi.MetamodelGraphWalker - Visiting attribute path : cs
2014-02-26 13:47:44,275 [main] DEBUG org.hibernate.loader.plan.build.internal.spaces.QuerySpacesImpl - Adding QuerySpace : uid = <gen:2> -> org.hibernate.loader.plan.build.internal.spaces.CollectionQuerySpaceImpl@46956438]
2014-02-26 13:47:44,275 [main] DEBUG org.hibernate.loader.plan.build.internal.spaces.QuerySpacesImpl - Adding QuerySpace : uid = <gen:3> -> org.hibernate.loader.plan.build.internal.spaces.EntityQuerySpaceImpl@79e6bcbb]
2014-02-26 13:47:44,275 [main] DEBUG org.hibernate.persister.walking.spi.MetamodelGraphWalker - Visiting attribute path : name
2014-02-26 13:47:44,275 [main] DEBUG org.hibernate.loader.plan.build.internal.FetchStyleLoadPlanBuildingAssociationVisitationStrategy - Building LoadPlan...
2014-02-26 13:47:44,275 [main] DEBUG org.hibernate.loader.plan.exec.internal.LoadQueryJoinAndFetchProcessor - processing queryspace <gen:0>
2014-02-26 13:47:44,276 [main] DEBUG org.hibernate.loader.plan.build.spi.LoadPlanTreePrinter - LoadPlan(collection=sk.c.domain.A.bs)
    - Returns
       - CollectionReturnImpl(collection=sk.c.domain.A.bs, querySpaceUid=<gen:0>, path=[sk.c.domain.A.bs])
          - (collection element) CollectionFetchableElementEntityGraph(entity=sk.c.domain.B, querySpaceUid=<gen:1>, path=[sk.c.domain.A.bs].<elements>)
             - CollectionAttributeFetchImpl(collection=sk.c.domain.B.cs, querySpaceUid=<gen:2>, path=[sk.c.domain.A.bs].<elements>.cs)
                - (collection element) CollectionFetchableElementEntityGraph(entity=sk.c.domain.C, querySpaceUid=<gen:3>, path=[sk.c.domain.A.bs].<elements>.cs.<elements>)
    - QuerySpaces
       - CollectionQuerySpaceImpl(uid=<gen:0>, collection=sk.c.domain.A.bs)
          - SQL table alias mapping - bs0_
          - alias suffix - 0_
          - suffixed key columns - {A_id1_0_0_}
          - entity-element alias suffix - 1_
          - 1_entity-element suffixed key columns - id1_2_1_
          - JOIN (JoinDefinedByMetadata(elements)) : <gen:0> -> <gen:1>
             - EntityQuerySpaceImpl(uid=<gen:1>, entity=sk.c.domain.B)
                - SQL table alias mapping - b1_
                - alias suffix - 1_
                - suffixed key columns - {id1_2_1_}

2014-02-26 13:47:44,276 [main] DEBUG org.hibernate.loader.collection.plan.CollectionLoader - Static select for collection sk.c.domain.A.bs: select bs0_.A_id as A_id1_0_0_, bs0_.bs_id as bs_id2_1_0_, b1_.id as id1_2_1_, b1_.name as name2_2_1_ from A_B bs0_ inner join B b1_ on bs0_.bs_id=b1_.id where bs0_.A_id=? order by b1_.name
2014-02-26 13:47:44,278 [main] DEBUG org.hibernate.internal.SessionFactoryRegistry - Initializing SessionFactoryRegistry : org.hibernate.internal.SessionFactoryRegistry@7864dae9
2014-02-26 13:47:44,279 [main] DEBUG org.hibernate.internal.SessionFactoryRegistry - Registering SessionFactory: a3cc4a3b-d703-44e2-9b4b-de963b628a51 (<unnamed>)
2014-02-26 13:47:44,279 [main] DEBUG org.hibernate.internal.SessionFactoryRegistry - Not binding SessionFactory to JNDI, no JNDI name configured
2014-02-26 13:47:44,279 [main] DEBUG org.hibernate.internal.SessionFactoryImpl - Instantiated session factory
2014-02-26 13:47:44,285 [main] DEBUG org.hibernate.cfg.Configuration - Processing hbm.xml files
2014-02-26 13:47:44,285 [main] DEBUG org.hibernate.cfg.Configuration - Process annotated classes
2014-02-26 13:47:44,285 [main] DEBUG org.hibernate.cfg.Configuration - Processing fk mappings (*ToOne and JoinedSubclass)
2014-02-26 13:47:44,285 [main] DEBUG org.hibernate.cfg.Configuration - Processing extends queue
2014-02-26 13:47:44,285 [main] DEBUG org.hibernate.cfg.Configuration - Processing extends queue
2014-02-26 13:47:44,285 [main] DEBUG org.hibernate.cfg.Configuration - Processing collection mappings
2014-02-26 13:47:44,285 [main] DEBUG org.hibernate.cfg.Configuration - Processing native query and ResultSetMapping mappings
2014-02-26 13:47:44,285 [main] DEBUG org.hibernate.cfg.Configuration - Processing association property references
2014-02-26 13:47:44,285 [main] DEBUG org.hibernate.cfg.Configuration - Creating tables' unique integer identifiers
2014-02-26 13:47:44,285 [main] DEBUG org.hibernate.cfg.Configuration - Processing foreign key constraints
2014-02-26 13:47:44,285 [main] DEBUG org.hibernate.cfg.Configuration - Resolving reference to class: sk.c.domain.B
2014-02-26 13:47:44,286 [main] DEBUG org.hibernate.cfg.Configuration - Resolving reference to class: sk.c.domain.A
2014-02-26 13:47:44,286 [main] DEBUG org.hibernate.cfg.Configuration - Resolving reference to class: sk.c.domain.C
2014-02-26 13:47:44,286 [main] DEBUG org.hibernate.cfg.Configuration - Resolving reference to class: sk.c.domain.B
2014-02-26 13:47:44,286 [main] DEBUG org.hibernate.id.factory.internal.DefaultIdentifierGeneratorFactory - Setting dialect [org.hibernate.dialect.H2Dialect]
2014-02-26 13:47:44,287 [main] DEBUG org.hibernate.id.factory.internal.DefaultIdentifierGeneratorFactory - Setting dialect [org.hibernate.dialect.H2Dialect]
2014-02-26 13:47:44,287 [main] DEBUG org.hibernate.id.factory.internal.DefaultIdentifierGeneratorFactory - Setting dialect [org.hibernate.dialect.H2Dialect]
2014-02-26 13:47:44,287 [main] DEBUG org.hibernate.cfg.Configuration - Processing hbm.xml files
2014-02-26 13:47:44,287 [main] DEBUG org.hibernate.cfg.Configuration - Process annotated classes
2014-02-26 13:47:44,287 [main] DEBUG org.hibernate.cfg.Configuration - Processing fk mappings (*ToOne and JoinedSubclass)
2014-02-26 13:47:44,287 [main] DEBUG org.hibernate.cfg.Configuration - Processing extends queue
2014-02-26 13:47:44,287 [main] DEBUG org.hibernate.cfg.Configuration - Processing extends queue
2014-02-26 13:47:44,287 [main] DEBUG org.hibernate.cfg.Configuration - Processing collection mappings
2014-02-26 13:47:44,288 [main] DEBUG org.hibernate.cfg.Configuration - Processing native query and ResultSetMapping mappings
2014-02-26 13:47:44,288 [main] DEBUG org.hibernate.cfg.Configuration - Processing association property references
2014-02-26 13:47:44,288 [main] DEBUG org.hibernate.cfg.Configuration - Creating tables' unique integer identifiers
2014-02-26 13:47:44,288 [main] DEBUG org.hibernate.cfg.Configuration - Processing foreign key constraints
2014-02-26 13:47:44,288 [main] DEBUG org.hibernate.cfg.Configuration - Resolving reference to class: sk.c.domain.B
2014-02-26 13:47:44,288 [main] DEBUG org.hibernate.cfg.Configuration - Resolving reference to class: sk.c.domain.A
2014-02-26 13:47:44,288 [main] DEBUG org.hibernate.cfg.Configuration - Resolving reference to class: sk.c.domain.C
2014-02-26 13:47:44,288 [main] DEBUG org.hibernate.cfg.Configuration - Resolving reference to class: sk.c.domain.B
2014-02-26 13:47:44,288 [main] DEBUG org.hibernate.id.factory.internal.DefaultIdentifierGeneratorFactory - Setting dialect [org.hibernate.dialect.H2Dialect]
2014-02-26 13:47:44,289 [main] DEBUG org.hibernate.id.factory.internal.DefaultIdentifierGeneratorFactory - Setting dialect [org.hibernate.dialect.H2Dialect]
2014-02-26 13:47:44,289 [main] DEBUG org.hibernate.id.factory.internal.DefaultIdentifierGeneratorFactory - Setting dialect [org.hibernate.dialect.H2Dialect]
2014-02-26 13:47:44,289 [main] DEBUG org.hibernate.id.factory.internal.DefaultIdentifierGeneratorFactory - Setting dialect [org.hibernate.dialect.H2Dialect]
2014-02-26 13:47:44,289 [main] DEBUG org.hibernate.id.factory.internal.DefaultIdentifierGeneratorFactory - Setting dialect [org.hibernate.dialect.H2Dialect]
2014-02-26 13:47:44,290 [main] DEBUG org.hibernate.id.factory.internal.DefaultIdentifierGeneratorFactory - Setting dialect [org.hibernate.dialect.H2Dialect]
2014-02-26 13:47:44,291 [main] INFO  org.hibernate.tool.hbm2ddl.SchemaExport - HHH000227: Running hbm2ddl schema export
2014-02-26 13:47:44,293 [main] DEBUG org.hibernate.tool.hbm2ddl.SchemaExport - Import file not found: /import.sql
2014-02-26 13:47:44,340 [main] DEBUG org.hibernate.SQL - 
    alter table A_B 
        drop constraint FK_hgmbru1l196nw8iw7ym1f7imt if exists
2014-02-26 13:47:44,343 [main] DEBUG org.hibernate.SQL - 
    alter table A_B 
        drop constraint FK_dttrflf8op2n3eecmfdapjnkm if exists
2014-02-26 13:47:44,344 [main] DEBUG org.hibernate.SQL - 
    alter table B_C 
        drop constraint FK_lnjdksdllfaencbv115841001 if exists
2014-02-26 13:47:44,344 [main] DEBUG org.hibernate.SQL - 
    alter table B_C 
        drop constraint FK_lew4o7msmssd3fy6m9ptdmlyk if exists
2014-02-26 13:47:44,345 [main] DEBUG org.hibernate.SQL - 
    drop table A if exists
2014-02-26 13:47:44,347 [main] DEBUG org.hibernate.SQL - 
    drop table A_B if exists
2014-02-26 13:47:44,349 [main] DEBUG org.hibernate.SQL - 
    drop table B if exists
2014-02-26 13:47:44,350 [main] DEBUG org.hibernate.SQL - 
    drop table B_C if exists
2014-02-26 13:47:44,351 [main] DEBUG org.hibernate.SQL - 
    drop table C if exists
2014-02-26 13:47:44,353 [main] DEBUG org.hibernate.SQL - 
    create table A (
        id bigint generated by default as identity,
        name varchar(255) not null,
        primary key (id)
    )
2014-02-26 13:47:44,355 [main] DEBUG org.hibernate.SQL - 
    create table A_B (
        A_id bigint not null,
        bs_id bigint not null
    )
2014-02-26 13:47:44,356 [main] DEBUG org.hibernate.SQL - 
    create table B (
        id bigint generated by default as identity,
        name varchar(255) not null,
        primary key (id)
    )
2014-02-26 13:47:44,358 [main] DEBUG org.hibernate.SQL - 
    create table B_C (
        B_id bigint not null,
        cs_id bigint not null
    )
2014-02-26 13:47:44,358 [main] DEBUG org.hibernate.SQL - 
    create table C (
        id bigint generated by default as identity,
        name varchar(255) not null,
        primary key (id)
    )
2014-02-26 13:47:44,360 [main] DEBUG org.hibernate.SQL - 
    alter table A_B 
        add constraint UK_hgmbru1l196nw8iw7ym1f7imt  unique (bs_id)
2014-02-26 13:47:44,361 [main] DEBUG org.hibernate.SQL - 
    alter table B_C 
        add constraint UK_lnjdksdllfaencbv115841001  unique (cs_id)
2014-02-26 13:47:44,362 [main] DEBUG org.hibernate.SQL - 
    alter table A_B 
        add constraint FK_hgmbru1l196nw8iw7ym1f7imt 
        foreign key (bs_id) 
        references B
2014-02-26 13:47:44,368 [main] DEBUG org.hibernate.SQL - 
    alter table A_B 
        add constraint FK_dttrflf8op2n3eecmfdapjnkm 
        foreign key (A_id) 
        references A
2014-02-26 13:47:44,372 [main] DEBUG org.hibernate.SQL - 
    alter table B_C 
        add constraint FK_lnjdksdllfaencbv115841001 
        foreign key (cs_id) 
        references C
2014-02-26 13:47:44,375 [main] DEBUG org.hibernate.SQL - 
    alter table B_C 
        add constraint FK_lew4o7msmssd3fy6m9ptdmlyk 
        foreign key (B_id) 
        references B
2014-02-26 13:47:44,403 [main] INFO  org.hibernate.tool.hbm2ddl.SchemaExport - HHH000230: Schema export complete
2014-02-26 13:47:44,405 [main] DEBUG org.hibernate.internal.NamedQueryRepository - Checking 0 named HQL queries
2014-02-26 13:47:44,405 [main] DEBUG org.hibernate.internal.NamedQueryRepository - Checking 0 named SQL queries
2014-02-26 13:47:44,414 [main] DEBUG org.hibernate.stat.internal.StatisticsInitiator - Statistics initialized [enabled=false]
2014-02-26 13:47:44,631 [main] INFO  org.springframework.beans.factory.config.PropertiesFactoryBean - Loading properties file from class path resource [configuration.properties]
2014-02-26 13:47:44,650 [main] INFO  org.springframework.orm.hibernate4.HibernateTransactionManager - Using DataSource [org.springframework.jdbc.datasource.DriverManagerDataSource@66d2774f] of Hibernate SessionFactory for HibernateTransactionManager
2014-02-26 13:47:44,691 [main] DEBUG org.hibernate.engine.jdbc.internal.LogicalConnectionImpl - Obtaining JDBC connection
2014-02-26 13:47:44,736 [main] DEBUG org.hibernate.engine.jdbc.internal.LogicalConnectionImpl - Obtained JDBC connection
2014-02-26 13:47:44,737 [main] DEBUG org.hibernate.engine.transaction.spi.AbstractTransactionImpl - begin
2014-02-26 13:47:44,737 [main] DEBUG org.hibernate.engine.transaction.internal.jdbc.JdbcTransaction - initial autocommit status: true
2014-02-26 13:47:44,737 [main] DEBUG org.hibernate.engine.transaction.internal.jdbc.JdbcTransaction - disabling autocommit
2014-02-26 13:47:44,774 [main] DEBUG org.hibernate.engine.spi.ActionQueue - Executing identity-insert immediately
2014-02-26 13:47:44,789 [main] DEBUG org.hibernate.SQL - 
    insert 
    into
        A
        (id, name) 
    values
        (null, ?)
2014-02-26 13:47:44,795 [main] DEBUG org.hibernate.id.IdentifierGeneratorHelper - Natively generated identity: 1
2014-02-26 13:47:44,800 [main] DEBUG org.hibernate.engine.spi.ActionQueue - Executing identity-insert immediately
2014-02-26 13:47:44,801 [main] DEBUG org.hibernate.SQL - 
    insert 
    into
        B
        (id, name) 
    values
        (null, ?)
2014-02-26 13:47:44,801 [main] DEBUG org.hibernate.id.IdentifierGeneratorHelper - Natively generated identity: 1
2014-02-26 13:47:44,803 [main] DEBUG org.hibernate.engine.spi.ActionQueue - Executing identity-insert immediately
2014-02-26 13:47:44,804 [main] DEBUG org.hibernate.SQL - 
    insert 
    into
        C
        (id, name) 
    values
        (null, ?)
2014-02-26 13:47:44,804 [main] DEBUG org.hibernate.id.IdentifierGeneratorHelper - Natively generated identity: 1
2014-02-26 13:47:44,806 [main] DEBUG org.hibernate.engine.spi.ActionQueue - Executing identity-insert immediately
2014-02-26 13:47:44,806 [main] DEBUG org.hibernate.SQL - 
    insert 
    into
        C
        (id, name) 
    values
        (null, ?)
2014-02-26 13:47:44,806 [main] DEBUG org.hibernate.id.IdentifierGeneratorHelper - Natively generated identity: 2
2014-02-26 13:47:44,808 [main] DEBUG org.hibernate.engine.spi.ActionQueue - Executing identity-insert immediately
2014-02-26 13:47:44,808 [main] DEBUG org.hibernate.SQL - 
    insert 
    into
        B
        (id, name) 
    values
        (null, ?)
2014-02-26 13:47:44,808 [main] DEBUG org.hibernate.id.IdentifierGeneratorHelper - Natively generated identity: 2
2014-02-26 13:47:44,809 [main] DEBUG org.hibernate.engine.spi.ActionQueue - Executing identity-insert immediately
2014-02-26 13:47:44,809 [main] DEBUG org.hibernate.SQL - 
    insert 
    into
        C
        (id, name) 
    values
        (null, ?)
2014-02-26 13:47:44,809 [main] DEBUG org.hibernate.id.IdentifierGeneratorHelper - Natively generated identity: 3
2014-02-26 13:47:44,810 [main] DEBUG org.hibernate.engine.spi.ActionQueue - Executing identity-insert immediately
2014-02-26 13:47:44,811 [main] DEBUG org.hibernate.SQL - 
    insert 
    into
        B
        (id, name) 
    values
        (null, ?)
2014-02-26 13:47:44,811 [main] DEBUG org.hibernate.id.IdentifierGeneratorHelper - Natively generated identity: 3
2014-02-26 13:47:44,812 [main] DEBUG org.hibernate.engine.spi.ActionQueue - Executing identity-insert immediately
2014-02-26 13:47:44,812 [main] DEBUG org.hibernate.SQL - 
    insert 
    into
        C
        (id, name) 
    values
        (null, ?)
2014-02-26 13:47:44,813 [main] DEBUG org.hibernate.id.IdentifierGeneratorHelper - Natively generated identity: 4
2014-02-26 13:47:44,815 [main] DEBUG org.hibernate.event.internal.EvictVisitor - Evicting collection: [<unreferenced>]
2014-02-26 13:47:44,816 [main] DEBUG org.hibernate.event.internal.EvictVisitor - Evicting collection: [<unreferenced>]
2014-02-26 13:47:44,816 [main] DEBUG org.hibernate.event.internal.EvictVisitor - Evicting collection: [<unreferenced>]
2014-02-26 13:47:44,816 [main] DEBUG org.hibernate.event.internal.EvictVisitor - Evicting collection: [<unreferenced>]
2014-02-26 13:47:44,817 [main] DEBUG org.hibernate.engine.transaction.spi.AbstractTransactionImpl - committing
2014-02-26 13:47:44,818 [main] DEBUG org.hibernate.engine.transaction.internal.jdbc.JdbcTransaction - committed JDBC Connection
2014-02-26 13:47:44,818 [main] DEBUG org.hibernate.engine.transaction.internal.jdbc.JdbcTransaction - re-enabling autocommit
2014-02-26 13:47:44,819 [main] DEBUG org.hibernate.engine.jdbc.internal.LogicalConnectionImpl - Releasing JDBC connection
2014-02-26 13:47:44,831 [main] DEBUG org.hibernate.engine.jdbc.internal.LogicalConnectionImpl - Released JDBC connection
2014-02-26 13:47:44,831 [main] DEBUG org.hibernate.engine.jdbc.internal.LogicalConnectionImpl - Obtaining JDBC connection
2014-02-26 13:47:44,871 [main] DEBUG org.hibernate.engine.jdbc.internal.LogicalConnectionImpl - Obtained JDBC connection
2014-02-26 13:47:44,871 [main] DEBUG org.hibernate.engine.transaction.spi.AbstractTransactionImpl - begin
2014-02-26 13:47:44,871 [main] DEBUG org.hibernate.engine.transaction.internal.jdbc.JdbcTransaction - initial autocommit status: true
2014-02-26 13:47:44,871 [main] DEBUG org.hibernate.engine.transaction.internal.jdbc.JdbcTransaction - disabling autocommit
2014-02-26 13:47:44,889 [main] DEBUG org.hibernate.SQL - 
    select
        a0_.id as id1_0_0_,
        a0_.name as name2_0_0_ 
    from
        A a0_ 
    where
        a0_.id=?
2014-02-26 13:47:44,893 [main] DEBUG org.hibernate.loader.plan.exec.process.internal.ResultSetProcessorImpl - Starting ResultSet row #0
2014-02-26 13:47:44,895 [main] DEBUG org.hibernate.loader.plan.exec.process.internal.EntityReferenceInitializerImpl - On call to EntityIdentifierReaderImpl#resolve, EntityKey was already known; should only happen on root returns with an optional identifier specified
2014-02-26 13:47:44,898 [main] DEBUG org.hibernate.engine.internal.TwoPhaseLoad - Resolving associations for [sk.c.domain.A#1]
2014-02-26 13:47:44,900 [main] DEBUG org.hibernate.engine.internal.TwoPhaseLoad - Done materializing entity [sk.c.domain.A#1]
2014-02-26 13:47:44,901 [main] DEBUG org.hibernate.loader.entity.plan.AbstractLoadPlanBasedEntityLoader - Done entity load : sk.c.domain.A#1
2014-02-26 13:47:44,903 [main] DEBUG org.hibernate.loader.collection.plan.AbstractLoadPlanBasedCollectionInitializer - Loading collection: [sk.c.domain.A.bs#1]
2014-02-26 13:47:44,903 [main] DEBUG org.hibernate.SQL - 
    select
        bs0_.A_id as A_id1_0_0_,
        bs0_.bs_id as bs_id2_1_0_,
        b1_.id as id1_2_1_,
        b1_.name as name2_2_1_ 
    from
        A_B bs0_ 
    inner join
        B b1_ 
            on bs0_.bs_id=b1_.id 
    where
        bs0_.A_id=? 
    order by
        b1_.name
2014-02-26 13:47:44,905 [main] DEBUG org.hibernate.loader.plan.exec.process.internal.ResultSetProcessorImpl - Preparing collection intializer : [sk.c.domain.A.bs#1]
2014-02-26 13:47:44,907 [main] DEBUG org.hibernate.engine.loading.internal.CollectionLoadContext - 1 collections were found in result set for role: sk.c.domain.A.bs
2014-02-26 13:47:44,907 [main] DEBUG org.hibernate.engine.loading.internal.CollectionLoadContext - Collection fully initialized: [sk.c.domain.A.bs#1]
2014-02-26 13:47:44,907 [main] DEBUG org.hibernate.engine.loading.internal.CollectionLoadContext - 1 collections initialized for role: sk.c.domain.A.bs
2014-02-26 13:47:44,908 [main] DEBUG org.hibernate.loader.collection.plan.AbstractLoadPlanBasedCollectionInitializer - Done loading collection
found A [id=1, name=aname, bs=[]]
2014-02-26 13:47:44,909 [main] DEBUG org.hibernate.SQL - 
    select
        b0_.id as id1_2_0_,
        b0_.name as name2_2_0_,
        cs1_.B_id as B_id1_2_1_,
        c2_.id as cs_id2_3_1_,
        c2_.id as id1_4_2_,
        c2_.name as name2_4_2_ 
    from
        B b0_ 
    left outer join
        B_C cs1_ 
            on b0_.id=cs1_.B_id 
    left outer join
        C c2_ 
            on cs1_.cs_id=c2_.id 
    where
        b0_.id=? 
    order by
        cs1_.name
2014-02-26 13:47:44,923 [main] DEBUG org.hibernate.engine.jdbc.spi.SqlExceptionHelper - could not prepare statement [select b0_.id as id1_2_0_, b0_.name as name2_2_0_, cs1_.B_id as B_id1_2_1_, c2_.id as cs_id2_3_1_, c2_.id as id1_4_2_, c2_.name as name2_4_2_ from B b0_ left outer join B_C cs1_ on b0_.id=cs1_.B_id left outer join C c2_ on cs1_.cs_id=c2_.id where b0_.id=? order by cs1_.name]
org.h2.jdbc.JdbcSQLException: Column "CS1_.NAME" not found; SQL statement:
select b0_.id as id1_2_0_, b0_.name as name2_2_0_, cs1_.B_id as B_id1_2_1_, c2_.id as cs_id2_3_1_, c2_.id as id1_4_2_, c2_.name as name2_4_2_ from B b0_ left outer join B_C cs1_ on b0_.id=cs1_.B_id left outer join C c2_ on cs1_.cs_id=c2_.id where b0_.id=? order by cs1_.name [42122-168]
	at org.h2.message.DbException.getJdbcSQLException(DbException.java:329)
	at org.h2.message.DbException.get(DbException.java:169)
	at org.h2.message.DbException.get(DbException.java:146)
	at org.h2.expression.ExpressionColumn.optimize(ExpressionColumn.java:138)
	at org.h2.command.dml.Select.prepare(Select.java:799)
	at org.h2.command.Parser.prepareCommand(Parser.java:218)
	at org.h2.engine.Session.prepareLocal(Session.java:415)
	at org.h2.engine.Session.prepareCommand(Session.java:364)
	at org.h2.jdbc.JdbcConnection.prepareCommand(JdbcConnection.java:1109)
	at org.h2.jdbc.JdbcPreparedStatement.<init>(JdbcPreparedStatement.java:74)
	at org.h2.jdbc.JdbcConnection.prepareStatement(JdbcConnection.java:264)
	at org.hibernate.engine.jdbc.internal.StatementPreparerImpl$5.doPrepare(StatementPreparerImpl.java:162)
	at org.hibernate.engine.jdbc.internal.StatementPreparerImpl$StatementPreparationTemplate.prepareStatement(StatementPreparerImpl.java:186)
	at org.hibernate.engine.jdbc.internal.StatementPreparerImpl.prepareQueryStatement(StatementPreparerImpl.java:160)
	at org.hibernate.loader.plan.exec.internal.AbstractLoadPlanBasedLoader.prepareQueryStatement(AbstractLoadPlanBasedLoader.java:257)
	at org.hibernate.loader.plan.exec.internal.AbstractLoadPlanBasedLoader.executeQueryStatement(AbstractLoadPlanBasedLoader.java:201)
	at org.hibernate.loader.plan.exec.internal.AbstractLoadPlanBasedLoader.executeLoad(AbstractLoadPlanBasedLoader.java:137)
	at org.hibernate.loader.plan.exec.internal.AbstractLoadPlanBasedLoader.executeLoad(AbstractLoadPlanBasedLoader.java:102)
	at org.hibernate.loader.entity.plan.AbstractLoadPlanBasedEntityLoader.load(AbstractLoadPlanBasedEntityLoader.java:186)
	at org.hibernate.persister.entity.AbstractEntityPersister.load(AbstractEntityPersister.java:4120)
	at org.hibernate.event.internal.DefaultLoadEventListener.loadFromDatasource(DefaultLoadEventListener.java:502)
	at org.hibernate.event.internal.DefaultLoadEventListener.doLoad(DefaultLoadEventListener.java:467)
	at org.hibernate.event.internal.DefaultLoadEventListener.load(DefaultLoadEventListener.java:212)
	at org.hibernate.event.internal.DefaultLoadEventListener.proxyOrLoad(DefaultLoadEventListener.java:274)
	at org.hibernate.event.internal.DefaultLoadEventListener.onLoad(DefaultLoadEventListener.java:150)
	at org.hibernate.internal.SessionImpl.fireLoad(SessionImpl.java:1066)
	at org.hibernate.internal.SessionImpl.access$2000(SessionImpl.java:176)
	at org.hibernate.internal.SessionImpl$IdentifierLoadAccessImpl.load(SessionImpl.java:2540)
	at org.hibernate.internal.SessionImpl.get(SessionImpl.java:951)
	at sk.c.TestBean2.findB(TestBean2.java:49)
	at sk.c.TestBean2.test2(TestBean2.java:39)
	at sk.c.TestBean2$$FastClassByCGLIB$$326fce8f.invoke(<generated>)
	at org.springframework.cglib.proxy.MethodProxy.invoke(MethodProxy.java:204)
	at org.springframework.aop.framework.CglibAopProxy$CglibMethodInvocation.invokeJoinpoint(CglibAopProxy.java:710)
	at org.springframework.aop.framework.ReflectiveMethodInvocation.proceed(ReflectiveMethodInvocation.java:157)
	at org.springframework.transaction.interceptor.TransactionInterceptor$1.proceedWithInvocation(TransactionInterceptor.java:98)
	at org.springframework.transaction.interceptor.TransactionAspectSupport.invokeWithinTransaction(TransactionAspectSupport.java:262)
	at org.springframework.transaction.interceptor.TransactionInterceptor.invoke(TransactionInterceptor.java:95)
	at org.springframework.aop.framework.ReflectiveMethodInvocation.proceed(ReflectiveMethodInvocation.java:179)
	at org.springframework.aop.framework.CglibAopProxy$DynamicAdvisedInterceptor.intercept(CglibAopProxy.java:643)
	at sk.c.TestBean2$$EnhancerByCGLIB$$11fdd099.test2(<generated>)
	at sk.c.App.test(App.java:36)
	at sk.c.App.main(App.java:41)
2014-02-26 13:47:44,924 [main] WARN  org.hibernate.engine.jdbc.spi.SqlExceptionHelper - SQL Error: 42122, SQLState: 42S22
2014-02-26 13:47:44,924 [main] ERROR org.hibernate.engine.jdbc.spi.SqlExceptionHelper - Column "CS1_.NAME" not found; SQL statement:
select b0_.id as id1_2_0_, b0_.name as name2_2_0_, cs1_.B_id as B_id1_2_1_, c2_.id as cs_id2_3_1_, c2_.id as id1_4_2_, c2_.name as name2_4_2_ from B b0_ left outer join B_C cs1_ on b0_.id=cs1_.B_id left outer join C c2_ on cs1_.cs_id=c2_.id where b0_.id=? order by cs1_.name [42122-168]
2014-02-26 13:47:44,925 [main] INFO  org.hibernate.event.internal.DefaultLoadEventListener - HHH000327: Error performing load command : org.hibernate.exception.SQLGrammarException: could not prepare statement
2014-02-26 13:47:44,925 [main] DEBUG org.hibernate.engine.transaction.spi.AbstractTransactionImpl - rolling back
2014-02-26 13:47:44,925 [main] DEBUG org.hibernate.engine.transaction.internal.jdbc.JdbcTransaction - rolled JDBC Connection
2014-02-26 13:47:44,925 [main] DEBUG org.hibernate.engine.transaction.internal.jdbc.JdbcTransaction - re-enabling autocommit
2014-02-26 13:47:44,926 [main] DEBUG org.hibernate.engine.jdbc.internal.LogicalConnectionImpl - Releasing JDBC connection
2014-02-26 13:47:44,937 [main] DEBUG org.hibernate.engine.jdbc.internal.LogicalConnectionImpl - Released JDBC connection
Exception in thread "main" org.hibernate.exception.SQLGrammarException: could not prepare statement
	at org.hibernate.exception.internal.SQLStateConversionDelegate.convert(SQLStateConversionDelegate.java:123)
	at org.hibernate.exception.internal.StandardSQLExceptionConverter.convert(StandardSQLExceptionConverter.java:49)
	at org.hibernate.engine.jdbc.spi.SqlExceptionHelper.convert(SqlExceptionHelper.java:126)
	at org.hibernate.engine.jdbc.internal.StatementPreparerImpl$StatementPreparationTemplate.prepareStatement(StatementPreparerImpl.java:196)
	at org.hibernate.engine.jdbc.internal.StatementPreparerImpl.prepareQueryStatement(StatementPreparerImpl.java:160)
	at org.hibernate.loader.plan.exec.internal.AbstractLoadPlanBasedLoader.prepareQueryStatement(AbstractLoadPlanBasedLoader.java:257)
	at org.hibernate.loader.plan.exec.internal.AbstractLoadPlanBasedLoader.executeQueryStatement(AbstractLoadPlanBasedLoader.java:201)
	at org.hibernate.loader.plan.exec.internal.AbstractLoadPlanBasedLoader.executeLoad(AbstractLoadPlanBasedLoader.java:137)
	at org.hibernate.loader.plan.exec.internal.AbstractLoadPlanBasedLoader.executeLoad(AbstractLoadPlanBasedLoader.java:102)
	at org.hibernate.loader.entity.plan.AbstractLoadPlanBasedEntityLoader.load(AbstractLoadPlanBasedEntityLoader.java:186)
	at org.hibernate.persister.entity.AbstractEntityPersister.load(AbstractEntityPersister.java:4120)
	at org.hibernate.event.internal.DefaultLoadEventListener.loadFromDatasource(DefaultLoadEventListener.java:502)
	at org.hibernate.event.internal.DefaultLoadEventListener.doLoad(DefaultLoadEventListener.java:467)
	at org.hibernate.event.internal.DefaultLoadEventListener.load(DefaultLoadEventListener.java:212)
	at org.hibernate.event.internal.DefaultLoadEventListener.proxyOrLoad(DefaultLoadEventListener.java:274)
	at org.hibernate.event.internal.DefaultLoadEventListener.onLoad(DefaultLoadEventListener.java:150)
	at org.hibernate.internal.SessionImpl.fireLoad(SessionImpl.java:1066)
	at org.hibernate.internal.SessionImpl.access$2000(SessionImpl.java:176)
	at org.hibernate.internal.SessionImpl$IdentifierLoadAccessImpl.load(SessionImpl.java:2540)
	at org.hibernate.internal.SessionImpl.get(SessionImpl.java:951)
	at sk.c.TestBean2.findB(TestBean2.java:49)
	at sk.c.TestBean2.test2(TestBean2.java:39)
	at sk.c.TestBean2$$FastClassByCGLIB$$326fce8f.invoke(<generated>)
	at org.springframework.cglib.proxy.MethodProxy.invoke(MethodProxy.java:204)
	at org.springframework.aop.framework.CglibAopProxy$CglibMethodInvocation.invokeJoinpoint(CglibAopProxy.java:710)
	at org.springframework.aop.framework.ReflectiveMethodInvocation.proceed(ReflectiveMethodInvocation.java:157)
	at org.springframework.transaction.interceptor.TransactionInterceptor$1.proceedWithInvocation(TransactionInterceptor.java:98)
	at org.springframework.transaction.interceptor.TransactionAspectSupport.invokeWithinTransaction(TransactionAspectSupport.java:262)
	at org.springframework.transaction.interceptor.TransactionInterceptor.invoke(TransactionInterceptor.java:95)
	at org.springframework.aop.framework.ReflectiveMethodInvocation.proceed(ReflectiveMethodInvocation.java:179)
	at org.springframework.aop.framework.CglibAopProxy$DynamicAdvisedInterceptor.intercept(CglibAopProxy.java:643)
	at sk.c.TestBean2$$EnhancerByCGLIB$$11fdd099.test2(<generated>)
	at sk.c.App.test(App.java:36)
	at sk.c.App.main(App.java:41)
Caused by: org.h2.jdbc.JdbcSQLException: Column "CS1_.NAME" not found; SQL statement:
select b0_.id as id1_2_0_, b0_.name as name2_2_0_, cs1_.B_id as B_id1_2_1_, c2_.id as cs_id2_3_1_, c2_.id as id1_4_2_, c2_.name as name2_4_2_ from B b0_ left outer join B_C cs1_ on b0_.id=cs1_.B_id left outer join C c2_ on cs1_.cs_id=c2_.id where b0_.id=? order by cs1_.name [42122-168]
	at org.h2.message.DbException.getJdbcSQLException(DbException.java:329)
	at org.h2.message.DbException.get(DbException.java:169)
	at org.h2.message.DbException.get(DbException.java:146)
	at org.h2.expression.ExpressionColumn.optimize(ExpressionColumn.java:138)
	at org.h2.command.dml.Select.prepare(Select.java:799)
	at org.h2.command.Parser.prepareCommand(Parser.java:218)
	at org.h2.engine.Session.prepareLocal(Session.java:415)
	at org.h2.engine.Session.prepareCommand(Session.java:364)
	at org.h2.jdbc.JdbcConnection.prepareCommand(JdbcConnection.java:1109)
	at org.h2.jdbc.JdbcPreparedStatement.<init>(JdbcPreparedStatement.java:74)
	at org.h2.jdbc.JdbcConnection.prepareStatement(JdbcConnection.java:264)
	at org.hibernate.engine.jdbc.internal.StatementPreparerImpl$5.doPrepare(StatementPreparerImpl.java:162)
	at org.hibernate.engine.jdbc.internal.StatementPreparerImpl$StatementPreparationTemplate.prepareStatement(StatementPreparerImpl.java:186)
	... 30 more
